{'agent': 'DQN', 'action_selection': 'softmax', 'seed': 1, 'episodes': 100, 'data_path': 'data/citylearn_challenge_2022_phase_1', 'dry_run': False, 'n_discrete': 9, 'update_target': 4, 'lr': 0.007, 'batch_size': 256, 'adam_epsilon': 1e-08, 'epsilon_final': 0.02, 'run_id': 119}
{'Notes': 'This is a tuning run, executed on a single building.',
 'action_selection': 'softmax',
 'adam_epsilon': 1e-08,
 'env': '<NormalizeObservation<OneHotHour<DiscreteSingle<CityLearnEnv '
        'instance>>>>',
 'final_exploration_rate': 0.02,
 'final_exploration_step': 1000,
 'gamma': 0.99,
 'initial_exploration_rate': 1,
 'learning_rate': 0.007,
 'loss': 'mse',
 'minibatch_size': 256,
 'network': 'MLP(\n'
            '  (layers): Sequential(\n'
            '    (0): Linear(in_features=29, out_features=128, bias=True)\n'
            '    (1): ReLU()\n'
            '    (2): Linear(in_features=128, out_features=128, bias=True)\n'
            '    (3): ReLU()\n'
            '    (4): Linear(in_features=128, out_features=9, bias=True)\n'
            '  )\n'
            ')',
 'replay_buffer_size': 10000,
 'replay_start_size': 256,
 'seed': 1,
 'train_steps': 876000,
 'update_frequency': 1,
 'update_target_frequency': 4,
 'weight_scale': 1.4142135623730951}
Timestep : 8758, score : -9744.36615016342, Time : 29.261 s
Timestep : 17517, score : -10862.753190128322, Time : 31.358 s
Timestep : 26276, score : -9062.808397876826, Time : 31.422 s
Timestep : 35035, score : -14283.77144971761, Time : 32.041 s
Timestep : 43794, score : -14608.926143937919, Time : 30.633 s
Timestep : 52553, score : -10029.766773555886, Time : 32.296 s
Timestep : 61312, score : -15636.598930389366, Time : 30.939 s
Timestep : 70071, score : -13450.378194180397, Time : 30.68 s
Timestep : 78830, score : -13603.012013492, Time : 32.784 s
Timestep : 87589, score : -17703.07121094943, Time : 32.105 s
Timestep : 96348, score : -11283.769561550725, Time : 32.616 s
Timestep : 105107, score : -14008.125387848908, Time : 32.559 s
Timestep : 113866, score : -14850.29948217282, Time : 31.279 s
Timestep : 122625, score : -14198.246650366113, Time : 32.246 s
Timestep : 131384, score : -14458.570028024662, Time : 32.021 s
Timestep : 140143, score : -14380.35476241746, Time : 33.01 s
Timestep : 148902, score : -13022.460874904222, Time : 31.824 s
Timestep : 157661, score : -14025.852566487854, Time : 30.668 s
Timestep : 166420, score : -13418.545245417987, Time : 30.929 s
Timestep : 175179, score : -14745.942741414096, Time : 30.546 s
Timestep : 183938, score : -16145.189457739954, Time : 32.148 s
Timestep : 192697, score : -14817.541195427839, Time : 32.586 s
Timestep : 201456, score : -16131.547121683034, Time : 32.415 s
Timestep : 210215, score : -15375.559925500245, Time : 33.378 s
Timestep : 218974, score : -15547.697510789107, Time : 32.261 s
Timestep : 227733, score : -16234.598576422744, Time : 32.569 s
Timestep : 236492, score : -15533.204680294039, Time : 30.922 s
Timestep : 245251, score : -14720.762565947094, Time : 31.474 s
Timestep : 254010, score : -13915.096426820339, Time : 31.478 s
Timestep : 262769, score : -15497.935106611141, Time : 32.334 s
Timestep : 271528, score : -14274.62069270105, Time : 32.973 s
Timestep : 280287, score : -14973.546320784953, Time : 31.707 s
Timestep : 289046, score : -15199.145947028606, Time : 30.464 s
Timestep : 297805, score : -16503.783201417027, Time : 30.624 s
Timestep : 306564, score : -15819.23742683293, Time : 30.555 s
Timestep : 315323, score : -15509.834577173766, Time : 31.352 s
Timestep : 324082, score : -15791.275475346432, Time : 32.423 s
Timestep : 332841, score : -15313.941987841463, Time : 32.94 s
Timestep : 341600, score : -15638.916702015573, Time : 31.893 s
Timestep : 350359, score : -15495.976254031877, Time : 32.164 s
Timestep : 359118, score : -14797.028072666435, Time : 32.223 s
Timestep : 367877, score : -13967.029218064814, Time : 32.496 s
Timestep : 376636, score : -14011.455290377518, Time : 32.452 s
Timestep : 385395, score : -13260.984563284546, Time : 32.538 s
Timestep : 394154, score : -15301.106658305813, Time : 32.741 s
Timestep : 402913, score : -14510.527632297279, Time : 33.084 s
Timestep : 411672, score : -12996.39080920539, Time : 32.456 s
Timestep : 420431, score : -15256.167457843374, Time : 32.561 s
Timestep : 429190, score : -14952.485148020161, Time : 32.436 s
Timestep : 437949, score : -14011.647391752995, Time : 32.391 s
Timestep : 446708, score : -13588.281138143298, Time : 32.426 s
Timestep : 455467, score : -13390.615888103726, Time : 32.734 s
Timestep : 464226, score : -13475.976052326223, Time : 33.2 s
Timestep : 472985, score : -13220.580361065644, Time : 31.512 s
Timestep : 481744, score : -12976.595722303624, Time : 30.725 s
Timestep : 490503, score : -10384.37243798199, Time : 30.536 s
Timestep : 499262, score : -9891.03258792244, Time : 32.05 s
Timestep : 508021, score : -10435.197942136088, Time : 32.301 s
Timestep : 516780, score : -10237.900920890854, Time : 32.417 s
Timestep : 525539, score : -9297.930003292742, Time : 32.835 s
Timestep : 534298, score : -7607.921365786249, Time : 32.201 s
Timestep : 543057, score : -7383.9988695362845, Time : 30.938 s
Timestep : 551816, score : -7360.876231962815, Time : 30.526 s
Timestep : 560575, score : -7581.349915321509, Time : 32.488 s
Timestep : 569334, score : -5449.490994708642, Time : 32.36 s
Timestep : 578093, score : -5924.145687300785, Time : 32.383 s
Timestep : 586852, score : -6029.4560280076985, Time : 31.683 s
Timestep : 595611, score : -5805.608360633443, Time : 32.657 s
Timestep : 604370, score : -5692.502392416471, Time : 32.215 s
Timestep : 613129, score : -5715.6796407632355, Time : 32.229 s
Timestep : 621888, score : -4817.525854809821, Time : 32.19 s
Timestep : 630647, score : -4630.531037621622, Time : 32.212 s
Timestep : 639406, score : -4900.492619640165, Time : 31.343 s
Timestep : 648165, score : -4529.787293992733, Time : 31.266 s
Timestep : 656924, score : -4486.900112096133, Time : 31.618 s
Timestep : 665683, score : -5165.319058495064, Time : 32.354 s
Timestep : 674442, score : -4529.535546212486, Time : 31.53 s
Timestep : 683201, score : -4759.769533184706, Time : 30.066 s
Timestep : 691960, score : -4820.894920536113, Time : 30.888 s
Timestep : 700719, score : -4722.487260316877, Time : 31.873 s
Timestep : 709478, score : -4730.678849165473, Time : 31.867 s
Timestep : 718237, score : -4667.579881010373, Time : 32.99 s
Timestep : 726996, score : -4636.63561663733, Time : 31.783 s
Timestep : 735755, score : -4042.0251084716583, Time : 31.766 s
Timestep : 744514, score : -4121.483091853006, Time : 31.636 s
Timestep : 753273, score : -4465.001854107046, Time : 31.793 s
Timestep : 762032, score : -5121.94918658238, Time : 31.148 s
Timestep : 770791, score : -4306.7957848732185, Time : 30.271 s
Timestep : 779550, score : -4951.328240497809, Time : 32.271 s
Timestep : 788309, score : -4437.810477888517, Time : 32.264 s
Timestep : 797068, score : -4656.802962692484, Time : 31.755 s
Timestep : 805827, score : -4509.436869929057, Time : 31.482 s
Timestep : 814586, score : -4345.031042835471, Time : 31.882 s
Timestep : 823345, score : -4878.319884328783, Time : 31.825 s
Timestep : 832104, score : -4524.549898172758, Time : 31.623 s
Timestep : 840863, score : -4036.764953245438, Time : 30.68 s
Timestep : 849622, score : -4171.446931159779, Time : 30.675 s
Timestep : 858381, score : -3637.3184611249308, Time : 31.285 s
Timestep : 867140, score : -4004.583743484487, Time : 31.727 s
Timestep : 875899, score : -4645.56110475224, Time : 31.734 s
Starting local evaluation
Num Steps: 1000, Num episodes: 0
Num Steps: 2000, Num episodes: 0
Num Steps: 3000, Num episodes: 0
Num Steps: 4000, Num episodes: 0
Num Steps: 5000, Num episodes: 0
Num Steps: 6000, Num episodes: 0
Num Steps: 7000, Num episodes: 0
Num Steps: 8000, Num episodes: 0
Episode complete: 1 | Latest episode metrics: {'price_cost': 1.0467441452618875, 'emmision_cost': 1.1527444846163983}
[-0.35006031] -0.35006031284360933
Average Price Cost: 1.0467441452618875
Average Emmision Cost: 1.1527444846163983
Average of both costs: 1.099744314939143
Total time taken by agent: 4.288984219456324s
DONE!
