{'agent': 'DQN', 'action_selection': 'egreedy', 'seed': 1, 'episodes': 100, 'data_path': 'data/citylearn_challenge_2022_phase_1', 'dry_run': False, 'n_discrete': 9, 'update_target': 32, 'lr': 1e-05, 'batch_size': 16, 'adam_epsilon': 1e-08, 'epsilon_final': 0.02, 'run_id': 236}
{'Notes': 'This is a tuning run, executed on a single building.',
 'action_selection': 'egreedy',
 'adam_epsilon': 1e-08,
 'env': '<NormalizeObservation<OneHotHour<DiscreteSingle<CityLearnEnv '
        'instance>>>>',
 'final_exploration_rate': 0.02,
 'final_exploration_step': 1000,
 'gamma': 0.99,
 'initial_exploration_rate': 1,
 'learning_rate': 1e-05,
 'loss': 'mse',
 'minibatch_size': 16,
 'network': 'MLP(\n'
            '  (layers): Sequential(\n'
            '    (0): Linear(in_features=29, out_features=128, bias=True)\n'
            '    (1): ReLU()\n'
            '    (2): Linear(in_features=128, out_features=128, bias=True)\n'
            '    (3): ReLU()\n'
            '    (4): Linear(in_features=128, out_features=9, bias=True)\n'
            '  )\n'
            ')',
 'replay_buffer_size': 10000,
 'replay_start_size': 16,
 'seed': 1,
 'train_steps': 876000,
 'update_frequency': 1,
 'update_target_frequency': 32,
 'weight_scale': 1.4142135623730951}
Timestep : 8758, score : -6296.649698211724, Time : 31.599 s
Timestep : 17517, score : -5095.680219884409, Time : 31.836 s
Timestep : 26276, score : -4725.836830857472, Time : 31.776 s
Timestep : 35035, score : -4829.701721321238, Time : 31.767 s
Timestep : 43794, score : -5174.028814998834, Time : 31.753 s
Timestep : 52553, score : -4749.767262345558, Time : 31.758 s
Timestep : 61312, score : -4756.816912445618, Time : 31.753 s
Timestep : 70071, score : -3917.680614395911, Time : 32.387 s
Timestep : 78830, score : -4423.84635334686, Time : 32.41 s
Timestep : 87589, score : -4192.207539796276, Time : 32.185 s
Timestep : 96348, score : -4070.2608236953674, Time : 32.57 s
Timestep : 105107, score : -4096.463432975492, Time : 32.616 s
Timestep : 113866, score : -3951.6634185629955, Time : 32.378 s
Timestep : 122625, score : -3950.5275052286743, Time : 32.592 s
Timestep : 131384, score : -4100.725400878306, Time : 32.599 s
Timestep : 140143, score : -4001.62931082063, Time : 32.569 s
Timestep : 148902, score : -3851.9705445695727, Time : 32.525 s
Timestep : 157661, score : -3887.5763864628098, Time : 32.447 s
Timestep : 166420, score : -3717.262443514919, Time : 32.366 s
Timestep : 175179, score : -3869.1926450304745, Time : 31.964 s
Timestep : 183938, score : -3941.3057357570215, Time : 31.894 s
Timestep : 192697, score : -3922.130823096639, Time : 31.688 s
Timestep : 201456, score : -3928.3426506412507, Time : 32.36 s
Timestep : 210215, score : -3937.9001279334334, Time : 32.466 s
Timestep : 218974, score : -3811.05180666261, Time : 32.332 s
Timestep : 227733, score : -3880.5539463900786, Time : 31.598 s
Timestep : 236492, score : -3756.6281423986948, Time : 31.572 s
Timestep : 245251, score : -3754.338085515803, Time : 31.54 s
Timestep : 254010, score : -4068.966859115666, Time : 31.693 s
Timestep : 262769, score : -3968.2887692747463, Time : 31.776 s
Timestep : 271528, score : -3821.5430462531804, Time : 31.757 s
Timestep : 280287, score : -3843.753191678232, Time : 31.857 s
Timestep : 289046, score : -4000.036419647193, Time : 32.428 s
Timestep : 297805, score : -4074.295693785796, Time : 31.835 s
Timestep : 306564, score : -4061.739393556869, Time : 31.493 s
Timestep : 315323, score : -3980.717122930946, Time : 31.54 s
Timestep : 324082, score : -3907.9637223430036, Time : 31.567 s
Timestep : 332841, score : -4008.3668289393245, Time : 31.586 s
Timestep : 341600, score : -3773.9461410338117, Time : 31.597 s
Timestep : 350359, score : -3773.0735951349197, Time : 31.785 s
Timestep : 359118, score : -3829.8143184430955, Time : 31.787 s
Timestep : 367877, score : -3919.8054639016336, Time : 30.839 s
Timestep : 376636, score : -3880.9734439006133, Time : 29.071 s
Timestep : 385395, score : -3846.843377605459, Time : 30.976 s
Timestep : 394154, score : -3743.8795427441655, Time : 31.154 s
Timestep : 402913, score : -3704.059596727049, Time : 31.845 s
Timestep : 411672, score : -3883.855121789413, Time : 32.015 s
Timestep : 420431, score : -3772.2825810223876, Time : 31.81 s
Timestep : 429190, score : -3846.3545075918373, Time : 31.391 s
Timestep : 437949, score : -3943.734381804781, Time : 31.248 s
Timestep : 446708, score : -3769.2507702676376, Time : 31.193 s
Timestep : 455467, score : -3674.1915123568906, Time : 31.859 s
Timestep : 464226, score : -3815.587029223825, Time : 31.577 s
Timestep : 472985, score : -3879.4078341595887, Time : 31.44 s
Timestep : 481744, score : -3839.0682645429915, Time : 31.514 s
Timestep : 490503, score : -3572.0042799929215, Time : 31.971 s
Timestep : 499262, score : -3555.2499615605484, Time : 31.492 s
Timestep : 508021, score : -3512.267046400608, Time : 31.207 s
Timestep : 516780, score : -3475.2949462723045, Time : 31.501 s
Timestep : 525539, score : -3440.739218443079, Time : 31.476 s
Timestep : 534298, score : -3617.5954866617976, Time : 31.374 s
Timestep : 543057, score : -3508.7354411388806, Time : 31.398 s
Timestep : 551816, score : -3580.3429828438966, Time : 31.316 s
Timestep : 560575, score : -3529.7067871600448, Time : 31.265 s
Timestep : 569334, score : -3534.103053880768, Time : 31.305 s
Timestep : 578093, score : -3652.6470630712865, Time : 31.248 s
Timestep : 586852, score : -3543.093600659078, Time : 31.394 s
Timestep : 595611, score : -3501.507862914732, Time : 31.681 s
Timestep : 604370, score : -3527.524942988908, Time : 31.47 s
Timestep : 613129, score : -3476.3546408539696, Time : 31.693 s
Timestep : 621888, score : -3361.2740296790435, Time : 31.416 s
Timestep : 630647, score : -3641.3748228027544, Time : 31.323 s
Timestep : 639406, score : -3494.6941522563866, Time : 31.206 s
Timestep : 648165, score : -3517.4764116587176, Time : 31.303 s
Timestep : 656924, score : -3369.472974505654, Time : 31.284 s
Timestep : 665683, score : -3552.5371307870664, Time : 31.299 s
Timestep : 674442, score : -3254.537993105623, Time : 31.277 s
Timestep : 683201, score : -3277.430522746785, Time : 31.327 s
Timestep : 691960, score : -3264.1998339951097, Time : 31.283 s
Timestep : 700719, score : -3449.200526335655, Time : 31.239 s
Timestep : 709478, score : -3177.6302115362196, Time : 31.031 s
Timestep : 718237, score : -3418.621916810429, Time : 31.084 s
Timestep : 726996, score : -3220.922547629947, Time : 31.021 s
Timestep : 735755, score : -3306.4334653759433, Time : 31.235 s
Timestep : 744514, score : -3371.107296528673, Time : 31.24 s
Timestep : 753273, score : -3417.879699965386, Time : 31.312 s
Timestep : 762032, score : -3227.766742766282, Time : 31.828 s
Timestep : 770791, score : -3127.7175540350436, Time : 32.093 s
Timestep : 779550, score : -3190.6163656356803, Time : 32.137 s
Timestep : 788309, score : -3087.131156113377, Time : 32.095 s
Timestep : 797068, score : -3266.4364890758006, Time : 31.959 s
Timestep : 805827, score : -3351.745081042318, Time : 31.977 s
Timestep : 814586, score : -3296.272190122778, Time : 31.939 s
Timestep : 823345, score : -3152.9378014382964, Time : 31.85 s
Timestep : 832104, score : -2928.1311620626657, Time : 31.745 s
Timestep : 840863, score : -2711.602089029184, Time : 32.017 s
Timestep : 849622, score : -2577.5495837753697, Time : 31.763 s
Timestep : 858381, score : -2922.9948557097523, Time : 31.748 s
Timestep : 867140, score : -3036.221178959502, Time : 31.116 s
Timestep : 875899, score : -2682.501607655926, Time : 31.158 s
Starting local evaluation
Num Steps: 1000, Num episodes: 0
Num Steps: 2000, Num episodes: 0
Num Steps: 3000, Num episodes: 0
Num Steps: 4000, Num episodes: 0
Num Steps: 5000, Num episodes: 0
Num Steps: 6000, Num episodes: 0
Num Steps: 7000, Num episodes: 0
Num Steps: 8000, Num episodes: 0
Episode complete: 1 | Latest episode metrics: {'price_cost': 0.9327284490650131, 'emmision_cost': 0.9728572937795791}
[-0.17094472] -0.17094472402489633
Average Price Cost: 0.9327284490650131
Average Emmision Cost: 0.9728572937795791
Average of both costs: 0.9527928714222961
Total time taken by agent: 4.0996731845662s
DONE!
