{'agent': 'DQN', 'action_selection': 'egreedy', 'seed': 1, 'episodes': 100, 'data_path': 'data/citylearn_challenge_2022_phase_1', 'dry_run': False, 'n_discrete': 9, 'update_target': 32, 'lr': 0.0007, 'batch_size': 1, 'adam_epsilon': 1e-08, 'epsilon_final': 0.06, 'run_id': 393}
{'Notes': 'This is a tuning run, executed on a single building.',
 'action_selection': 'egreedy',
 'adam_epsilon': 1e-08,
 'env': '<NormalizeObservation<OneHotHour<DiscreteSingle<CityLearnEnv '
        'instance>>>>',
 'final_exploration_rate': 0.02,
 'final_exploration_step': 1000,
 'gamma': 0.99,
 'initial_exploration_rate': 1,
 'learning_rate': 0.0007,
 'loss': 'mse',
 'minibatch_size': 1,
 'network': 'MLP(\n'
            '  (layers): Sequential(\n'
            '    (0): Linear(in_features=29, out_features=128, bias=True)\n'
            '    (1): ReLU()\n'
            '    (2): Linear(in_features=128, out_features=128, bias=True)\n'
            '    (3): ReLU()\n'
            '    (4): Linear(in_features=128, out_features=9, bias=True)\n'
            '  )\n'
            ')',
 'replay_buffer_size': 10000,
 'replay_start_size': 1,
 'seed': 1,
 'train_steps': 876000,
 'update_frequency': 1,
 'update_target_frequency': 32,
 'weight_scale': 1.4142135623730951}
Timestep : 8758, score : -7267.38537874796, Time : 19.742 s
Timestep : 17517, score : -5863.663354359713, Time : 19.401 s
Timestep : 26276, score : -6202.721499835985, Time : 19.254 s
Timestep : 35035, score : -5662.38111643985, Time : 19.404 s
Timestep : 43794, score : -5703.192695106682, Time : 19.802 s
Timestep : 52553, score : -5798.681085116841, Time : 19.727 s
Timestep : 61312, score : -5709.745873939275, Time : 19.345 s
Timestep : 70071, score : -5533.678213572624, Time : 19.312 s
Timestep : 78830, score : -5611.020729876473, Time : 19.743 s
Timestep : 87589, score : -5576.959077791515, Time : 20.101 s
Timestep : 96348, score : -5694.6616294845735, Time : 19.784 s
Timestep : 105107, score : -5460.914068972605, Time : 19.473 s
Timestep : 113866, score : -5039.592339736439, Time : 19.249 s
Timestep : 122625, score : -5844.162133251739, Time : 19.235 s
Timestep : 131384, score : -5228.62378509008, Time : 19.522 s
Timestep : 140143, score : -5380.590936193665, Time : 19.83 s
Timestep : 148902, score : -5321.522293905291, Time : 19.789 s
Timestep : 157661, score : -5150.069380250206, Time : 19.795 s
Timestep : 166420, score : -5336.811031557649, Time : 19.817 s
Timestep : 175179, score : -5609.842438038235, Time : 19.804 s
Timestep : 183938, score : -5546.242648314481, Time : 19.825 s
Timestep : 192697, score : -5745.804349672428, Time : 20.047 s
Timestep : 201456, score : -5243.232631840816, Time : 20.521 s
Timestep : 210215, score : -5465.998303417029, Time : 20.137 s
Timestep : 218974, score : -5160.881016392523, Time : 19.911 s
Timestep : 227733, score : -5433.306028691033, Time : 19.488 s
Timestep : 236492, score : -5561.885275107488, Time : 19.497 s
Timestep : 245251, score : -5567.114665318775, Time : 19.739 s
Timestep : 254010, score : -5281.918741703179, Time : 19.872 s
Timestep : 262769, score : -5616.5745145267865, Time : 20.386 s
Timestep : 271528, score : -5399.23467215561, Time : 20.297 s
Timestep : 280287, score : -5766.708468697412, Time : 19.849 s
Timestep : 289046, score : -5291.426992582696, Time : 19.889 s
Timestep : 297805, score : -4917.5889930403355, Time : 20.179 s
Timestep : 306564, score : -5550.442193736584, Time : 20.094 s
Timestep : 315323, score : -5457.676240842746, Time : 19.902 s
Timestep : 324082, score : -5178.367359714273, Time : 19.825 s
Timestep : 332841, score : -5208.662479562292, Time : 19.733 s
Timestep : 341600, score : -4930.579083733683, Time : 19.328 s
Timestep : 350359, score : -5146.721354334062, Time : 19.357 s
Timestep : 359118, score : -5229.883895422594, Time : 19.715 s
Timestep : 367877, score : -5332.366754890216, Time : 19.877 s
Timestep : 376636, score : -5122.10694675376, Time : 20.047 s
Timestep : 385395, score : -4924.182130049827, Time : 20.298 s
Timestep : 394154, score : -4951.145759908162, Time : 19.922 s
Timestep : 402913, score : -4807.222939810323, Time : 19.933 s
Timestep : 411672, score : -4889.429728345858, Time : 19.912 s
Timestep : 420431, score : -4560.192573018052, Time : 19.999 s
Timestep : 429190, score : -4868.184226551355, Time : 19.942 s
Timestep : 437949, score : -4694.932735906827, Time : 19.896 s
Timestep : 446708, score : -5185.473961688258, Time : 19.719 s
Timestep : 455467, score : -4990.048172215262, Time : 19.453 s
Timestep : 464226, score : -4893.601993258693, Time : 19.417 s
Timestep : 472985, score : -5032.135907357006, Time : 19.279 s
Timestep : 481744, score : -4936.455274022446, Time : 19.658 s
Timestep : 490503, score : -5021.044528868937, Time : 19.972 s
Timestep : 499262, score : -4878.542584034061, Time : 20.001 s
Timestep : 508021, score : -4975.263911968475, Time : 20.001 s
Timestep : 516780, score : -4953.631121305429, Time : 20.0 s
Timestep : 525539, score : -4848.006073815195, Time : 20.045 s
Timestep : 534298, score : -5119.204689851409, Time : 19.935 s
Timestep : 543057, score : -5065.708450302045, Time : 19.961 s
Timestep : 551816, score : -5008.503068110585, Time : 19.89 s
Timestep : 560575, score : -4831.566909838613, Time : 19.921 s
Timestep : 569334, score : -4766.816710556654, Time : 19.819 s
Timestep : 578093, score : -4744.645308355917, Time : 19.401 s
Timestep : 586852, score : -5206.90581036816, Time : 19.316 s
Timestep : 595611, score : -5361.500855024118, Time : 19.642 s
Timestep : 604370, score : -4964.755275326228, Time : 19.86 s
Timestep : 613129, score : -4864.572759543342, Time : 19.834 s
Timestep : 621888, score : -4688.9044762972335, Time : 19.919 s
Timestep : 630647, score : -4884.10280006603, Time : 20.022 s
Timestep : 639406, score : -4629.595193275629, Time : 19.851 s
Timestep : 648165, score : -4685.875319675339, Time : 20.478 s
Timestep : 656924, score : -4766.387557483351, Time : 20.47 s
Timestep : 665683, score : -4709.4938011600025, Time : 20.458 s
Timestep : 674442, score : -4617.481786341086, Time : 20.373 s
Timestep : 683201, score : -4804.311766233557, Time : 19.914 s
Timestep : 691960, score : -4408.383045244525, Time : 19.364 s
Timestep : 700719, score : -4397.602537132014, Time : 19.376 s
Timestep : 709478, score : -4391.700024474791, Time : 19.723 s
Timestep : 718237, score : -4365.182473884226, Time : 19.866 s
Timestep : 726996, score : -4752.271580207773, Time : 20.025 s
Timestep : 735755, score : -4873.959847274615, Time : 19.992 s
Timestep : 744514, score : -4783.642406789382, Time : 19.972 s
Timestep : 753273, score : -4664.783623177442, Time : 20.481 s
Timestep : 762032, score : -4800.862751501059, Time : 20.394 s
Timestep : 770791, score : -4817.557762412267, Time : 20.046 s
Timestep : 779550, score : -4914.838412785932, Time : 20.188 s
Timestep : 788309, score : -4514.2807612781035, Time : 20.036 s
Timestep : 797068, score : -4783.068024357577, Time : 19.769 s
Timestep : 805827, score : -4613.3393995160295, Time : 19.499 s
Timestep : 814586, score : -4592.415150555811, Time : 19.515 s
Timestep : 823345, score : -4168.694403409871, Time : 19.959 s
Timestep : 832104, score : -4381.323586247192, Time : 20.068 s
Timestep : 840863, score : -4299.535276996117, Time : 19.958 s
Timestep : 849622, score : -4194.682421710255, Time : 20.079 s
Timestep : 858381, score : -4314.787455557293, Time : 20.06 s
Timestep : 867140, score : -4398.168429001496, Time : 20.178 s
Timestep : 875899, score : -4604.984055707304, Time : 19.962 s
Starting local evaluation
Num Steps: 1000, Num episodes: 0
Num Steps: 2000, Num episodes: 0
Num Steps: 3000, Num episodes: 0
Num Steps: 4000, Num episodes: 0
Num Steps: 5000, Num episodes: 0
Num Steps: 6000, Num episodes: 0
Num Steps: 7000, Num episodes: 0
Num Steps: 8000, Num episodes: 0
Episode complete: 1 | Latest episode metrics: {'price_cost': 1.0011831962620916, 'emmision_cost': 1.022204367393868}
[-0.24390852] -0.24390852211134403
Average Price Cost: 1.0011831962620916
Average Emmision Cost: 1.022204367393868
Average of both costs: 1.0116937818279799
Total time taken by agent: 2.258927140501328s
DONE!
