{'agent': 'DQN', 'action_selection': 'softmax', 'seed': 1, 'episodes': 100, 'data_path': 'data/citylearn_challenge_2022_phase_1', 'dry_run': False, 'n_discrete': 9, 'update_target': 8, 'lr': 0.01, 'batch_size': 256, 'adam_epsilon': 0.001, 'epsilon_final': 0.02, 'run_id': 5}
{'Notes': 'This is a tuning run, executed on a single building.',
 'action_selection': 'softmax',
 'adam_epsilon': 0.001,
 'env': '<NormalizeObservation<OneHotHour<DiscreteSingle<CityLearnEnv '
        'instance>>>>',
 'final_exploration_rate': 0.02,
 'final_exploration_step': 1000,
 'gamma': 0.99,
 'initial_exploration_rate': 1,
 'learning_rate': 0.01,
 'loss': 'mse',
 'minibatch_size': 256,
 'network': 'MLP(\n'
            '  (layers): Sequential(\n'
            '    (0): Linear(in_features=29, out_features=128, bias=True)\n'
            '    (1): ReLU()\n'
            '    (2): Linear(in_features=128, out_features=128, bias=True)\n'
            '    (3): ReLU()\n'
            '    (4): Linear(in_features=128, out_features=9, bias=True)\n'
            '  )\n'
            ')',
 'replay_buffer_size': 10000,
 'replay_start_size': 256,
 'seed': 1,
 'train_steps': 876000,
 'update_frequency': 1,
 'update_target_frequency': 8,
 'weight_scale': 1.4142135623730951}
Timestep : 8758, score : -8583.036226407618, Time : 30.16 s
Timestep : 17517, score : -14709.720204267214, Time : 30.888 s
Timestep : 26276, score : -11965.782705048405, Time : 31.408 s
Timestep : 35035, score : -13307.631610631044, Time : 31.84 s
Timestep : 43794, score : -13700.300616419481, Time : 31.276 s
Timestep : 52553, score : -11739.331105862468, Time : 32.366 s
Timestep : 61312, score : -15501.361114516138, Time : 30.715 s
Timestep : 70071, score : -13418.329355612863, Time : 32.438 s
Timestep : 78830, score : -14131.481614259697, Time : 31.073 s
Timestep : 87589, score : -16195.588456800906, Time : 29.995 s
Timestep : 96348, score : -16135.715083090472, Time : 30.137 s
Timestep : 105107, score : -16403.499271874854, Time : 31.44 s
Timestep : 113866, score : -14314.26966120681, Time : 31.072 s
Timestep : 122625, score : -14802.309757783616, Time : 31.206 s
Timestep : 131384, score : -14603.214533791295, Time : 32.065 s
Timestep : 140143, score : -14145.87633172929, Time : 33.334 s
Timestep : 148902, score : -13969.392975434384, Time : 32.548 s
Timestep : 157661, score : -16194.991006957207, Time : 31.916 s
Timestep : 166420, score : -14437.301016572354, Time : 32.075 s
Timestep : 175179, score : -16899.658613678796, Time : 33.247 s
Timestep : 183938, score : -15760.754589293967, Time : 32.376 s
Timestep : 192697, score : -15001.13397969678, Time : 31.939 s
Timestep : 201456, score : -16374.718771624277, Time : 32.083 s
Timestep : 210215, score : -14878.8470319466, Time : 33.19 s
Timestep : 218974, score : -15868.082969072464, Time : 32.417 s
Timestep : 227733, score : -15246.335500229616, Time : 31.917 s
Timestep : 236492, score : -16154.933906921025, Time : 32.117 s
Timestep : 245251, score : -14416.901450170393, Time : 33.282 s
Timestep : 254010, score : -15465.070874469588, Time : 32.345 s
Timestep : 262769, score : -14866.057099578815, Time : 31.947 s
Timestep : 271528, score : -15568.65300565859, Time : 32.18 s
Timestep : 280287, score : -15378.549472546554, Time : 33.261 s
Timestep : 289046, score : -15291.008829465223, Time : 32.26 s
Timestep : 297805, score : -15622.542307511212, Time : 31.887 s
Timestep : 306564, score : -15358.793013718634, Time : 32.249 s
Timestep : 315323, score : -15019.65787195084, Time : 33.323 s
Timestep : 324082, score : -15074.361336642338, Time : 32.188 s
Timestep : 332841, score : -15032.463457672158, Time : 31.857 s
Timestep : 341600, score : -15387.555320796746, Time : 32.298 s
Timestep : 350359, score : -14850.470220433388, Time : 33.163 s
Timestep : 359118, score : -15054.619661730321, Time : 32.206 s
Timestep : 367877, score : -14668.309637735394, Time : 31.911 s
Timestep : 376636, score : -14529.139308366372, Time : 32.388 s
Timestep : 385395, score : -13582.242374454232, Time : 33.078 s
Timestep : 394154, score : -14065.784476389788, Time : 32.058 s
Timestep : 402913, score : -13771.9630113178, Time : 31.787 s
Timestep : 411672, score : -13310.273514601475, Time : 32.367 s
Timestep : 420431, score : -12704.25899658732, Time : 33.197 s
Timestep : 429190, score : -11450.994665731007, Time : 32.071 s
Timestep : 437949, score : -9383.893869272346, Time : 31.728 s
Timestep : 446708, score : -8937.490427334706, Time : 32.329 s
Timestep : 455467, score : -9794.048041658156, Time : 32.885 s
Timestep : 464226, score : -12590.558097426743, Time : 31.979 s
Timestep : 472985, score : -10066.884357535237, Time : 31.705 s
Timestep : 481744, score : -8571.792845448508, Time : 32.286 s
Timestep : 490503, score : -11498.141190907292, Time : 33.017 s
Timestep : 499262, score : -12613.053965336061, Time : 32.164 s
Timestep : 508021, score : -11231.42519757789, Time : 31.861 s
Timestep : 516780, score : -9903.435056245216, Time : 32.342 s
Timestep : 525539, score : -11684.916392190105, Time : 32.831 s
Timestep : 534298, score : -9542.203732696784, Time : 31.871 s
Timestep : 543057, score : -9936.264663600043, Time : 31.733 s
Timestep : 551816, score : -9103.755152862897, Time : 32.354 s
Timestep : 560575, score : -9729.842462569155, Time : 32.737 s
Timestep : 569334, score : -8477.673444042244, Time : 31.875 s
Timestep : 578093, score : -9317.78224178523, Time : 31.693 s
Timestep : 586852, score : -8010.704304903891, Time : 32.337 s
Timestep : 595611, score : -8586.54358638807, Time : 32.739 s
Timestep : 604370, score : -8965.633173343333, Time : 31.928 s
Timestep : 613129, score : -7369.193759212809, Time : 31.625 s
Timestep : 621888, score : -6849.571295011236, Time : 32.256 s
Timestep : 630647, score : -6129.058002021586, Time : 32.512 s
Timestep : 639406, score : -6041.385209922242, Time : 31.734 s
Timestep : 648165, score : -5885.985432914487, Time : 31.512 s
Timestep : 656924, score : -6761.03792818138, Time : 32.356 s
Timestep : 665683, score : -8928.411259704531, Time : 32.753 s
Timestep : 674442, score : -7902.8402056779305, Time : 32.062 s
Timestep : 683201, score : -7874.535793718787, Time : 31.718 s
Timestep : 691960, score : -7458.605446110392, Time : 32.435 s
Timestep : 700719, score : -6534.082329146826, Time : 32.555 s
Timestep : 709478, score : -5015.8381081586995, Time : 31.756 s
Timestep : 718237, score : -5561.505733660335, Time : 31.553 s
Timestep : 726996, score : -7302.741058283864, Time : 32.353 s
Timestep : 735755, score : -6241.670897030999, Time : 32.51 s
Timestep : 744514, score : -5603.684399610909, Time : 31.708 s
Timestep : 753273, score : -5201.641252362548, Time : 31.527 s
Timestep : 762032, score : -5221.589843488211, Time : 32.26 s
Timestep : 770791, score : -7375.928450208245, Time : 32.58 s
Timestep : 779550, score : -6967.078869679739, Time : 31.81 s
Timestep : 788309, score : -5720.932960904698, Time : 31.493 s
Timestep : 797068, score : -5582.5365799883875, Time : 32.346 s
Timestep : 805827, score : -5281.551954176306, Time : 32.476 s
Timestep : 814586, score : -6036.010219998105, Time : 31.804 s
Timestep : 823345, score : -6325.8347026779375, Time : 31.568 s
Timestep : 832104, score : -6289.54584635669, Time : 32.341 s
Timestep : 840863, score : -5094.911001094413, Time : 32.439 s
Timestep : 849622, score : -6065.595110828435, Time : 31.795 s
Timestep : 858381, score : -5612.17766100257, Time : 31.518 s
Timestep : 867140, score : -6343.8883203484875, Time : 32.488 s
Timestep : 875899, score : -7897.875450376043, Time : 32.651 s
Starting local evaluation
Num Steps: 1000, Num episodes: 0
Num Steps: 2000, Num episodes: 0
Num Steps: 3000, Num episodes: 0
Num Steps: 4000, Num episodes: 0
Num Steps: 5000, Num episodes: 0
Num Steps: 6000, Num episodes: 0
Num Steps: 7000, Num episodes: 0
Num Steps: 8000, Num episodes: 0
Episode complete: 1 | Latest episode metrics: {'price_cost': 1.1859597594513545, 'emmision_cost': 1.2001889912744572}
[-0.46725553] -0.4672555299221467
Average Price Cost: 1.1859597594513545
Average Emmision Cost: 1.2001889912744572
Average of both costs: 1.1930743753629058
Total time taken by agent: 3.933523033047095s
DONE!
