{'agent': 'DQN', 'action_selection': 'softmax', 'seed': 1, 'episodes': 100, 'data_path': 'data/citylearn_challenge_2022_phase_1', 'dry_run': False, 'n_discrete': 9, 'update_target': 16, 'lr': 0.0007, 'batch_size': 8, 'adam_epsilon': 1e-08, 'epsilon_final': 0.02, 'run_id': 170}
{'Notes': 'This is a tuning run, executed on a single building.',
 'action_selection': 'softmax',
 'adam_epsilon': 1e-08,
 'env': '<NormalizeObservation<OneHotHour<DiscreteSingle<CityLearnEnv '
        'instance>>>>',
 'final_exploration_rate': 0.02,
 'final_exploration_step': 1000,
 'gamma': 0.99,
 'initial_exploration_rate': 1,
 'learning_rate': 0.0007,
 'loss': 'mse',
 'minibatch_size': 8,
 'network': 'MLP(\n'
            '  (layers): Sequential(\n'
            '    (0): Linear(in_features=29, out_features=128, bias=True)\n'
            '    (1): ReLU()\n'
            '    (2): Linear(in_features=128, out_features=128, bias=True)\n'
            '    (3): ReLU()\n'
            '    (4): Linear(in_features=128, out_features=9, bias=True)\n'
            '  )\n'
            ')',
 'replay_buffer_size': 10000,
 'replay_start_size': 8,
 'seed': 1,
 'train_steps': 876000,
 'update_frequency': 1,
 'update_target_frequency': 16,
 'weight_scale': 1.4142135623730951}
Timestep : 8758, score : -5296.67660437923, Time : 21.894 s
Timestep : 17517, score : -4711.865235866077, Time : 21.887 s
Timestep : 26276, score : -4129.370572128595, Time : 21.992 s
Timestep : 35035, score : -4096.43452342719, Time : 22.72 s
Timestep : 43794, score : -4070.676334282529, Time : 22.928 s
Timestep : 52553, score : -3785.318576601596, Time : 22.659 s
Timestep : 61312, score : -4271.296521315147, Time : 22.3 s
Timestep : 70071, score : -4041.1389340306923, Time : 22.213 s
Timestep : 78830, score : -3680.809436359472, Time : 22.235 s
Timestep : 87589, score : -4053.0425083453592, Time : 22.311 s
Timestep : 96348, score : -3691.4373605305154, Time : 22.262 s
Timestep : 105107, score : -3315.0739186048995, Time : 22.179 s
Timestep : 113866, score : -2955.1755256819597, Time : 22.788 s
Timestep : 122625, score : -3339.5833752533363, Time : 22.809 s
Timestep : 131384, score : -3103.2651515400066, Time : 22.78 s
Timestep : 140143, score : -2858.7348713961255, Time : 22.784 s
Timestep : 148902, score : -3306.539839547273, Time : 22.984 s
Timestep : 157661, score : -3366.6032813049096, Time : 23.258 s
Timestep : 166420, score : -3161.958652529429, Time : 23.055 s
Timestep : 175179, score : -3376.6790881168854, Time : 22.961 s
Timestep : 183938, score : -3585.6660583408375, Time : 22.949 s
Timestep : 192697, score : -3126.449693879491, Time : 22.908 s
Timestep : 201456, score : -3156.827114943444, Time : 22.928 s
Timestep : 210215, score : -3615.530811959674, Time : 23.033 s
Timestep : 218974, score : -3772.881401396153, Time : 22.965 s
Timestep : 227733, score : -3333.5416467015457, Time : 22.955 s
Timestep : 236492, score : -3103.4043121838768, Time : 23.042 s
Timestep : 245251, score : -2927.3717057325703, Time : 22.93 s
Timestep : 254010, score : -3217.1509864167456, Time : 23.176 s
Timestep : 262769, score : -3358.597804546851, Time : 23.412 s
Timestep : 271528, score : -3365.3827965989767, Time : 22.924 s
Timestep : 280287, score : -3060.491821346717, Time : 23.019 s
Timestep : 289046, score : -2938.1044907797186, Time : 22.875 s
Timestep : 297805, score : -2769.2221139043395, Time : 22.914 s
Timestep : 306564, score : -2824.684692763636, Time : 22.964 s
Timestep : 315323, score : -2789.2070268050593, Time : 22.967 s
Timestep : 324082, score : -2740.6647938408714, Time : 22.95 s
Timestep : 332841, score : -2514.7126688377757, Time : 22.873 s
Timestep : 341600, score : -2783.6157944381994, Time : 22.786 s
Timestep : 350359, score : -2586.2024121453287, Time : 22.758 s
Timestep : 359118, score : -2378.445584004541, Time : 23.081 s
Timestep : 367877, score : -2480.200666775374, Time : 23.263 s
Timestep : 376636, score : -3042.134434018779, Time : 22.94 s
Timestep : 385395, score : -2899.7379015393963, Time : 22.88 s
Timestep : 394154, score : -2941.5828147742723, Time : 22.933 s
Timestep : 402913, score : -2760.449193535678, Time : 22.842 s
Timestep : 411672, score : -2683.9217602188874, Time : 22.905 s
Timestep : 420431, score : -2619.78153985113, Time : 22.926 s
Timestep : 429190, score : -2738.1809994139767, Time : 22.967 s
Timestep : 437949, score : -2844.046431109222, Time : 22.871 s
Timestep : 446708, score : -2902.0296711984847, Time : 22.904 s
Timestep : 455467, score : -3073.469758365216, Time : 22.502 s
Timestep : 464226, score : -2660.9143138773798, Time : 22.63 s
Timestep : 472985, score : -2719.4519861170847, Time : 22.763 s
Timestep : 481744, score : -2755.4392367595865, Time : 22.437 s
Timestep : 490503, score : -3178.6237883616996, Time : 22.776 s
Timestep : 499262, score : -3248.242290371243, Time : 22.563 s
Timestep : 508021, score : -2848.2582304718308, Time : 22.638 s
Timestep : 516780, score : -2858.0386264984554, Time : 22.539 s
Timestep : 525539, score : -2849.507510382944, Time : 22.462 s
Timestep : 534298, score : -2967.09634546531, Time : 23.005 s
Timestep : 543057, score : -2432.193088982167, Time : 22.737 s
Timestep : 551816, score : -2800.723342723126, Time : 22.649 s
Timestep : 560575, score : -2372.5822413896967, Time : 22.529 s
Timestep : 569334, score : -2807.1466309941898, Time : 22.815 s
Timestep : 578093, score : -2973.0916959618044, Time : 23.241 s
Timestep : 586852, score : -3268.548025130265, Time : 23.103 s
Timestep : 595611, score : -2901.410876278329, Time : 23.057 s
Timestep : 604370, score : -3100.640435444613, Time : 22.455 s
Timestep : 613129, score : -2663.2693015577097, Time : 22.751 s
Timestep : 621888, score : -2949.2475496691477, Time : 23.03 s
Timestep : 630647, score : -2901.121105500919, Time : 23.072 s
Timestep : 639406, score : -2837.7047366943007, Time : 23.012 s
Timestep : 648165, score : -2938.4844728655007, Time : 23.061 s
Timestep : 656924, score : -3027.9786102066573, Time : 23.001 s
Timestep : 665683, score : -2066.1556785789144, Time : 22.878 s
Timestep : 674442, score : -2806.2925494583906, Time : 23.318 s
DONE!
