{'agent': 'DQN', 'action_selection': 'softmax', 'seed': 1, 'episodes': 100, 'data_path': 'data/citylearn_challenge_2022_phase_1', 'dry_run': False, 'n_discrete': 9, 'update_target': 8, 'lr': 0.03, 'batch_size': 16, 'adam_epsilon': 1e-05, 'epsilon_final': 0.02, 'run_id': 25}
{'Notes': 'This is a tuning run, executed on a single building.',
 'action_selection': 'softmax',
 'adam_epsilon': 1e-05,
 'env': '<NormalizeObservation<OneHotHour<DiscreteSingle<CityLearnEnv '
        'instance>>>>',
 'final_exploration_rate': 0.02,
 'final_exploration_step': 1000,
 'gamma': 0.99,
 'initial_exploration_rate': 1,
 'learning_rate': 0.03,
 'loss': 'mse',
 'minibatch_size': 16,
 'network': 'MLP(\n'
            '  (layers): Sequential(\n'
            '    (0): Linear(in_features=29, out_features=128, bias=True)\n'
            '    (1): ReLU()\n'
            '    (2): Linear(in_features=128, out_features=128, bias=True)\n'
            '    (3): ReLU()\n'
            '    (4): Linear(in_features=128, out_features=9, bias=True)\n'
            '  )\n'
            ')',
 'replay_buffer_size': 10000,
 'replay_start_size': 16,
 'seed': 1,
 'train_steps': 876000,
 'update_frequency': 1,
 'update_target_frequency': 8,
 'weight_scale': 1.4142135623730951}
Timestep : 8758, score : -5630.46939150375, Time : 22.467 s
Timestep : 17517, score : -6154.30703660057, Time : 21.366 s
Timestep : 26276, score : -7120.97462552783, Time : 21.494 s
Timestep : 35035, score : -9457.498151307489, Time : 21.671 s
Timestep : 43794, score : -6690.612911332777, Time : 21.867 s
Timestep : 52553, score : -9812.259401515039, Time : 21.8 s
Timestep : 61312, score : -6526.986029575724, Time : 21.535 s
Timestep : 70071, score : -6999.185939436342, Time : 21.607 s
Timestep : 78830, score : -7249.756543700263, Time : 21.578 s
Timestep : 87589, score : -7236.694522848673, Time : 21.812 s
Timestep : 96348, score : -7845.681351623294, Time : 21.906 s
Timestep : 105107, score : -8081.62024581444, Time : 21.823 s
Timestep : 113866, score : -8172.671996056364, Time : 21.57 s
Timestep : 122625, score : -8983.796233779052, Time : 21.549 s
Timestep : 131384, score : -8784.294106171546, Time : 21.614 s
Timestep : 140143, score : -8452.671682750086, Time : 21.666 s
Timestep : 148902, score : -8637.75270901907, Time : 21.91 s
Timestep : 157661, score : -9098.021344897177, Time : 21.813 s
Timestep : 166420, score : -9217.051303024942, Time : 21.626 s
Timestep : 175179, score : -9701.180760247822, Time : 21.625 s
Timestep : 183938, score : -9518.12449655663, Time : 21.639 s
Timestep : 192697, score : -9525.68468893187, Time : 21.691 s
Timestep : 201456, score : -9153.97082827719, Time : 21.968 s
Timestep : 210215, score : -9055.16328229937, Time : 21.868 s
Timestep : 218974, score : -10233.19150308476, Time : 21.619 s
Timestep : 227733, score : -9556.791061607422, Time : 21.646 s
Timestep : 236492, score : -9621.061996385572, Time : 21.714 s
Timestep : 245251, score : -10060.213097621294, Time : 21.85 s
Timestep : 254010, score : -9539.673539455194, Time : 22.062 s
Timestep : 262769, score : -9638.992620649282, Time : 21.808 s
Timestep : 271528, score : -9678.846967219979, Time : 21.601 s
Timestep : 280287, score : -9536.211615712455, Time : 21.626 s
Timestep : 289046, score : -9571.36588726673, Time : 21.723 s
Timestep : 297805, score : -10027.588707125353, Time : 21.812 s
Timestep : 306564, score : -9604.123147480263, Time : 21.837 s
Timestep : 315323, score : -9890.41468693009, Time : 21.816 s
Timestep : 324082, score : -9556.796579437825, Time : 20.986 s
Timestep : 332841, score : -10316.496056999778, Time : 20.939 s
Timestep : 341600, score : -9530.836903235831, Time : 21.559 s
Timestep : 350359, score : -10165.421258059869, Time : 21.359 s
Timestep : 359118, score : -10048.254049373936, Time : 21.388 s
Timestep : 367877, score : -10464.114041145862, Time : 22.315 s
Timestep : 376636, score : -10492.282290022777, Time : 21.785 s
Timestep : 385395, score : -10429.699422742327, Time : 21.763 s
Timestep : 394154, score : -10117.291111778773, Time : 22.205 s
Timestep : 402913, score : -10435.385413953176, Time : 21.986 s
Timestep : 411672, score : -10170.343597111787, Time : 21.937 s
Timestep : 420431, score : -10206.889910084617, Time : 22.024 s
Timestep : 429190, score : -10211.10938758825, Time : 22.123 s
Timestep : 437949, score : -10355.223750131467, Time : 21.908 s
Timestep : 446708, score : -9808.989649137977, Time : 22.336 s
Timestep : 455467, score : -10018.940917279804, Time : 22.19 s
Timestep : 464226, score : -10003.908390730041, Time : 22.048 s
Timestep : 472985, score : -10556.116613864433, Time : 21.94 s
Timestep : 481744, score : -10712.794238307426, Time : 22.159 s
Timestep : 490503, score : -9866.5863895363, Time : 22.168 s
Timestep : 499262, score : -9850.372084012095, Time : 22.125 s
Timestep : 508021, score : -9580.356789568905, Time : 22.206 s
Timestep : 516780, score : -10141.7812785344, Time : 21.928 s
Timestep : 525539, score : -10248.254101303202, Time : 22.002 s
Timestep : 534298, score : -10275.881151080132, Time : 21.797 s
Timestep : 543057, score : -10567.608563691916, Time : 21.784 s
Timestep : 551816, score : -10284.897098111294, Time : 21.644 s
Timestep : 560575, score : -10947.442822807352, Time : 21.846 s
Timestep : 569334, score : -9913.976084399714, Time : 21.728 s
Timestep : 578093, score : -10194.785566260063, Time : 21.639 s
Timestep : 586852, score : -9989.082475676463, Time : 21.629 s
Timestep : 595611, score : -10631.471681182506, Time : 22.026 s
Timestep : 604370, score : -10666.07653309841, Time : 21.656 s
Timestep : 613129, score : -10144.8669826716, Time : 21.729 s
Timestep : 621888, score : -10521.58560081062, Time : 21.732 s
Timestep : 630647, score : -10824.641037323781, Time : 21.603 s
Timestep : 639406, score : -9670.929142048186, Time : 21.602 s
Timestep : 648165, score : -10149.69126829198, Time : 21.712 s
Timestep : 656924, score : -10111.729932130736, Time : 21.773 s
Timestep : 665683, score : -10591.438387157425, Time : 21.652 s
Timestep : 674442, score : -10846.896491551524, Time : 21.854 s
Timestep : 683201, score : -9764.56284068404, Time : 21.646 s
Timestep : 691960, score : -10253.683440738198, Time : 21.701 s
Timestep : 700719, score : -10102.45571521463, Time : 21.637 s
Timestep : 709478, score : -10163.972135027783, Time : 21.962 s
Timestep : 718237, score : -10158.620312046172, Time : 21.645 s
Timestep : 726996, score : -10235.666879740966, Time : 21.729 s
Timestep : 735755, score : -10382.935324246951, Time : 21.678 s
Timestep : 744514, score : -10553.983093875067, Time : 21.596 s
Timestep : 753273, score : -10339.354405484646, Time : 21.563 s
Timestep : 762032, score : -10258.13414383147, Time : 21.744 s
Timestep : 770791, score : -10048.091545954885, Time : 21.849 s
Timestep : 779550, score : -9910.709254945308, Time : 21.651 s
Timestep : 788309, score : -9853.299382049969, Time : 21.811 s
Timestep : 797068, score : -9951.835245771945, Time : 21.652 s
Timestep : 805827, score : -10006.416185787188, Time : 21.614 s
Timestep : 814586, score : -9906.100940331438, Time : 21.592 s
Timestep : 823345, score : -10632.342512969117, Time : 21.897 s
Timestep : 832104, score : -10649.829053849455, Time : 21.641 s
Timestep : 840863, score : -9987.583788520336, Time : 21.86 s
Timestep : 849622, score : -10307.873624078537, Time : 21.737 s
Timestep : 858381, score : -10015.879034907557, Time : 21.633 s
Timestep : 867140, score : -10617.022253024232, Time : 21.656 s
Timestep : 875899, score : -10371.419432176393, Time : 21.86 s
Starting local evaluation
Num Steps: 1000, Num episodes: 0
Num Steps: 2000, Num episodes: 0
Num Steps: 3000, Num episodes: 0
Num Steps: 4000, Num episodes: 0
Num Steps: 5000, Num episodes: 0
Num Steps: 6000, Num episodes: 0
Num Steps: 7000, Num episodes: 0
Num Steps: 8000, Num episodes: 0
Episode complete: 1 | Latest episode metrics: {'price_cost': 1.0006745291063845, 'emmision_cost': 1.0009661428316559}
[-0.23106307] -0.23106307175943513
Average Price Cost: 1.0006745291063845
Average Emmision Cost: 1.0009661428316559
Average of both costs: 1.0008203359690202
Total time taken by agent: 4.339650932233781s
DONE!
