{'agent': 'DQN', 'action_selection': 'softmax', 'seed': 1, 'episodes': 100, 'data_path': 'data/citylearn_challenge_2022_phase_1', 'dry_run': False, 'n_discrete': 9, 'update_target': 8, 'lr': 0.003, 'batch_size': 2, 'adam_epsilon': 1e-05, 'epsilon_final': 0.02, 'run_id': 181}
{'Notes': 'This is a tuning run, executed on a single building.',
 'action_selection': 'softmax',
 'adam_epsilon': 1e-05,
 'env': '<NormalizeObservation<OneHotHour<DiscreteSingle<CityLearnEnv '
        'instance>>>>',
 'final_exploration_rate': 0.02,
 'final_exploration_step': 1000,
 'gamma': 0.99,
 'initial_exploration_rate': 1,
 'learning_rate': 0.003,
 'loss': 'mse',
 'minibatch_size': 2,
 'network': 'MLP(\n'
            '  (layers): Sequential(\n'
            '    (0): Linear(in_features=29, out_features=128, bias=True)\n'
            '    (1): ReLU()\n'
            '    (2): Linear(in_features=128, out_features=128, bias=True)\n'
            '    (3): ReLU()\n'
            '    (4): Linear(in_features=128, out_features=9, bias=True)\n'
            '  )\n'
            ')',
 'replay_buffer_size': 10000,
 'replay_start_size': 2,
 'seed': 1,
 'train_steps': 876000,
 'update_frequency': 1,
 'update_target_frequency': 8,
 'weight_scale': 1.4142135623730951}
Timestep : 8758, score : -5261.247038404952, Time : 22.303 s
Timestep : 17517, score : -5511.818099017328, Time : 22.903 s
Timestep : 26276, score : -5307.535982693458, Time : 22.927 s
Timestep : 35035, score : -8103.318711561995, Time : 22.85 s
Timestep : 43794, score : -7954.283020209012, Time : 22.865 s
Timestep : 52553, score : -5483.560111983941, Time : 22.421 s
Timestep : 61312, score : -10595.902984145287, Time : 22.251 s
Timestep : 70071, score : -6469.99810914947, Time : 22.258 s
Timestep : 78830, score : -10292.531044258809, Time : 22.211 s
Timestep : 87589, score : -10885.94065946681, Time : 22.006 s
Timestep : 96348, score : -4852.245923214083, Time : 21.856 s
Timestep : 105107, score : -4325.521161661862, Time : 21.865 s
Timestep : 113866, score : -4656.093631557567, Time : 22.17 s
Timestep : 122625, score : -4679.633688100061, Time : 21.971 s
Timestep : 131384, score : -4884.80594364056, Time : 21.887 s
Timestep : 140143, score : -4846.016880406445, Time : 21.899 s
Timestep : 148902, score : -4592.807279010682, Time : 21.883 s
Timestep : 157661, score : -4635.447756737849, Time : 21.916 s
Timestep : 166420, score : -4728.718797326583, Time : 22.025 s
Timestep : 175179, score : -4399.657240675209, Time : 21.861 s
Timestep : 183938, score : -4572.567716665479, Time : 21.889 s
Timestep : 192697, score : -4376.853111745702, Time : 21.857 s
Timestep : 201456, score : -4393.959318302019, Time : 21.843 s
Timestep : 210215, score : -4576.168682744174, Time : 21.87 s
Timestep : 218974, score : -4599.820487133606, Time : 21.865 s
Timestep : 227733, score : -4579.754944113694, Time : 21.861 s
Timestep : 236492, score : -4430.5970534402, Time : 21.823 s
Timestep : 245251, score : -4338.31200588998, Time : 21.846 s
Timestep : 254010, score : -4409.421122013664, Time : 21.874 s
Timestep : 262769, score : -4380.798544451041, Time : 21.876 s
Timestep : 271528, score : -4482.375230790261, Time : 21.945 s
Timestep : 280287, score : -4268.85279304572, Time : 22.517 s
Timestep : 289046, score : -4389.68026041743, Time : 22.539 s
Timestep : 297805, score : -4464.619162931951, Time : 22.381 s
Timestep : 306564, score : -4407.834002260497, Time : 21.941 s
Timestep : 315323, score : -4293.151231461583, Time : 22.315 s
Timestep : 324082, score : -4315.469244239299, Time : 22.068 s
Timestep : 332841, score : -4241.971260482824, Time : 21.862 s
Timestep : 341600, score : -4379.990810860327, Time : 21.843 s
Timestep : 350359, score : -4405.963838086958, Time : 22.454 s
Timestep : 359118, score : -4258.779548135033, Time : 22.493 s
Timestep : 367877, score : -4354.996440410992, Time : 22.266 s
Timestep : 376636, score : -4257.471649361221, Time : 22.035 s
Timestep : 385395, score : -4323.739611361554, Time : 22.242 s
Timestep : 394154, score : -4268.238181608642, Time : 22.458 s
Timestep : 402913, score : -4310.152558811387, Time : 22.443 s
Timestep : 411672, score : -4182.467364156066, Time : 21.816 s
Timestep : 420431, score : -4196.378552164329, Time : 21.81 s
Timestep : 429190, score : -4231.67411680278, Time : 21.808 s
Timestep : 437949, score : -4513.649361679127, Time : 22.488 s
Timestep : 446708, score : -4282.758205157661, Time : 22.47 s
Timestep : 455467, score : -4274.080938490064, Time : 22.45 s
Timestep : 464226, score : -4276.819645611482, Time : 22.453 s
Timestep : 472985, score : -4190.821071547834, Time : 22.428 s
Timestep : 481744, score : -4236.636162710754, Time : 22.42 s
Timestep : 490503, score : -4228.512804218946, Time : 22.439 s
Timestep : 499262, score : -4164.949079548387, Time : 22.338 s
Timestep : 508021, score : -4246.055549736979, Time : 21.853 s
Timestep : 516780, score : -4233.363369809958, Time : 21.868 s
Timestep : 525539, score : -4266.779410687654, Time : 21.96 s
Timestep : 534298, score : -4290.673473642586, Time : 22.047 s
Timestep : 543057, score : -4333.59326022063, Time : 22.474 s
Timestep : 551816, score : -4281.297021660401, Time : 22.469 s
Timestep : 560575, score : -4277.1845423080085, Time : 22.451 s
Timestep : 569334, score : -4194.3801961908175, Time : 22.549 s
Timestep : 578093, score : -4240.720213371242, Time : 22.527 s
Timestep : 586852, score : -4264.595767545892, Time : 22.392 s
Timestep : 595611, score : -4323.248994809022, Time : 22.017 s
Timestep : 604370, score : -4220.136797239451, Time : 22.467 s
Timestep : 613129, score : -4190.703110156028, Time : 22.454 s
Timestep : 621888, score : -4235.583941388206, Time : 22.444 s
Timestep : 630647, score : -4145.069065084128, Time : 22.471 s
Timestep : 639406, score : -4202.029366172297, Time : 22.475 s
Timestep : 648165, score : -4235.934355528472, Time : 22.455 s
Timestep : 656924, score : -4234.090140369168, Time : 22.456 s
Timestep : 665683, score : -4080.634264697699, Time : 22.483 s
Timestep : 674442, score : -4175.90161043164, Time : 22.487 s
Timestep : 683201, score : -4230.204127085308, Time : 22.493 s
Timestep : 691960, score : -4230.193931001617, Time : 22.468 s
Timestep : 700719, score : -4214.459339710331, Time : 22.46 s
Timestep : 709478, score : -4234.844554149924, Time : 22.414 s
Timestep : 718237, score : -4335.571659723675, Time : 21.971 s
Timestep : 726996, score : -4149.2993218204065, Time : 22.104 s
Timestep : 735755, score : -4159.165839844762, Time : 22.543 s
Timestep : 744514, score : -4331.322437926574, Time : 22.553 s
Timestep : 753273, score : -4210.840096203057, Time : 22.547 s
Timestep : 762032, score : -4194.610470812215, Time : 22.506 s
Timestep : 770791, score : -4134.666624702775, Time : 22.069 s
Timestep : 779550, score : -4179.086113128258, Time : 21.844 s
Timestep : 788309, score : -4186.119866495399, Time : 22.54 s
Timestep : 797068, score : -4209.253371035127, Time : 22.551 s
Timestep : 805827, score : -4178.164720928675, Time : 22.518 s
Timestep : 814586, score : -4177.125486852048, Time : 22.462 s
Timestep : 823345, score : -4176.066936771764, Time : 22.513 s
Timestep : 832104, score : -4187.950479215389, Time : 22.474 s
Timestep : 840863, score : -4193.754171169625, Time : 22.486 s
Timestep : 849622, score : -4138.288663610263, Time : 22.496 s
Timestep : 858381, score : -4198.274954521476, Time : 22.501 s
Timestep : 867140, score : -4177.437892227812, Time : 22.513 s
Timestep : 875899, score : -4179.072515835433, Time : 22.468 s
Starting local evaluation
Num Steps: 1000, Num episodes: 0
Num Steps: 2000, Num episodes: 0
Num Steps: 3000, Num episodes: 0
Num Steps: 4000, Num episodes: 0
Num Steps: 5000, Num episodes: 0
Num Steps: 6000, Num episodes: 0
Num Steps: 7000, Num episodes: 0
Num Steps: 8000, Num episodes: 0
Episode complete: 1 | Latest episode metrics: {'price_cost': 1.003265228865446, 'emmision_cost': 1.0038673146330757}
[-0.23443371] -0.23443370723253001
Average Price Cost: 1.003265228865446
Average Emmision Cost: 1.0038673146330757
Average of both costs: 1.0035662717492608
Total time taken by agent: 3.6231983844190836s
DONE!
