{'agent': 'DQN', 'action_selection': 'softmax', 'seed': 1, 'episodes': 100, 'data_path': 'data/citylearn_challenge_2022_phase_1', 'dry_run': False, 'n_discrete': 9, 'update_target': 4, 'lr': 0.03, 'batch_size': 256, 'adam_epsilon': 1e-10, 'epsilon_final': 0.02, 'run_id': 28}
{'Notes': 'This is a tuning run, executed on a single building.',
 'action_selection': 'softmax',
 'adam_epsilon': 1e-10,
 'env': '<NormalizeObservation<OneHotHour<DiscreteSingle<CityLearnEnv '
        'instance>>>>',
 'final_exploration_rate': 0.02,
 'final_exploration_step': 1000,
 'gamma': 0.99,
 'initial_exploration_rate': 1,
 'learning_rate': 0.03,
 'loss': 'mse',
 'minibatch_size': 256,
 'network': 'MLP(\n'
            '  (layers): Sequential(\n'
            '    (0): Linear(in_features=29, out_features=128, bias=True)\n'
            '    (1): ReLU()\n'
            '    (2): Linear(in_features=128, out_features=128, bias=True)\n'
            '    (3): ReLU()\n'
            '    (4): Linear(in_features=128, out_features=9, bias=True)\n'
            '  )\n'
            ')',
 'replay_buffer_size': 10000,
 'replay_start_size': 256,
 'seed': 1,
 'train_steps': 876000,
 'update_frequency': 1,
 'update_target_frequency': 4,
 'weight_scale': 1.4142135623730951}
Timestep : 8758, score : -8193.920816991507, Time : 31.187 s
Timestep : 17517, score : -11316.985350973351, Time : 32.727 s
Timestep : 26276, score : -7477.944961422501, Time : 33.08 s
Timestep : 35035, score : -14448.440501533361, Time : 32.704 s
Timestep : 43794, score : -9358.770279672695, Time : 32.983 s
Timestep : 52553, score : -14218.3217253584, Time : 32.699 s
Timestep : 61312, score : -11672.054749738265, Time : 32.949 s
Timestep : 70071, score : -14721.369969281266, Time : 32.957 s
Timestep : 78830, score : -12635.870671903496, Time : 32.861 s
Timestep : 87589, score : -14032.607234086026, Time : 32.541 s
Timestep : 96348, score : -12984.718970008107, Time : 32.877 s
Timestep : 105107, score : -14077.297272655065, Time : 32.792 s
Timestep : 113866, score : -15926.862927792783, Time : 33.111 s
Timestep : 122625, score : -16281.087501355752, Time : 32.477 s
Timestep : 131384, score : -14963.529772318332, Time : 32.733 s
Timestep : 140143, score : -14856.948628185084, Time : 31.125 s
Timestep : 148902, score : -16939.582024148156, Time : 33.0 s
Timestep : 157661, score : -16991.991913752587, Time : 32.656 s
Timestep : 166420, score : -13984.124376021166, Time : 32.651 s
Timestep : 175179, score : -14719.762814822097, Time : 32.386 s
Timestep : 183938, score : -15745.707399723542, Time : 31.497 s
Timestep : 192697, score : -15260.877639634433, Time : 33.509 s
Timestep : 201456, score : -15883.627126428313, Time : 33.027 s
Timestep : 210215, score : -15385.557695649732, Time : 33.256 s
Timestep : 218974, score : -16811.35743008001, Time : 33.022 s
Timestep : 227733, score : -16085.997056628374, Time : 33.305 s
Timestep : 236492, score : -14945.741241393276, Time : 33.175 s
Timestep : 245251, score : -15521.718180774595, Time : 33.247 s
Timestep : 254010, score : -16295.774645453785, Time : 31.964 s
Timestep : 262769, score : -16525.486694680774, Time : 30.923 s
Timestep : 271528, score : -16412.79357856752, Time : 30.928 s
Timestep : 280287, score : -15260.315920111447, Time : 30.839 s
Timestep : 289046, score : -15957.57455527343, Time : 30.77 s
Timestep : 297805, score : -14617.71923603346, Time : 30.878 s
Timestep : 306564, score : -15900.52508541978, Time : 31.715 s
Timestep : 315323, score : -15554.24241233438, Time : 33.098 s
Timestep : 324082, score : -15699.708996826797, Time : 33.306 s
Timestep : 332841, score : -15186.740637457537, Time : 33.172 s
Timestep : 341600, score : -17381.894029515577, Time : 32.971 s
Timestep : 350359, score : -15688.797500623274, Time : 32.823 s
Timestep : 359118, score : -16150.106308544724, Time : 31.7 s
Timestep : 367877, score : -16626.336052259016, Time : 30.719 s
Timestep : 376636, score : -16326.35603366683, Time : 30.324 s
Timestep : 385395, score : -14968.310445797411, Time : 30.486 s
Timestep : 394154, score : -15131.428558867381, Time : 30.363 s
Timestep : 402913, score : -16957.64366988931, Time : 31.095 s
Timestep : 411672, score : -14531.071938737412, Time : 32.128 s
Timestep : 420431, score : -15881.847718804027, Time : 32.034 s
Timestep : 429190, score : -16380.21933096154, Time : 31.857 s
Timestep : 437949, score : -15969.043955595931, Time : 32.067 s
Timestep : 446708, score : -17723.56811230546, Time : 32.404 s
Timestep : 455467, score : -16449.985821421258, Time : 31.887 s
Timestep : 464226, score : -15459.872407164614, Time : 31.997 s
Timestep : 472985, score : -15464.324247462479, Time : 32.07 s
Timestep : 481744, score : -15271.376854410046, Time : 32.088 s
Timestep : 490503, score : -17894.92197633472, Time : 32.267 s
Timestep : 499262, score : -15192.22349863965, Time : 31.961 s
Timestep : 508021, score : -17583.474928385127, Time : 32.007 s
Timestep : 516780, score : -16646.148502185853, Time : 31.848 s
Timestep : 525539, score : -16350.865926594233, Time : 32.286 s
Timestep : 534298, score : -16928.571099266308, Time : 32.241 s
Timestep : 543057, score : -14981.531798316748, Time : 32.09 s
Timestep : 551816, score : -17561.81569154223, Time : 31.879 s
Timestep : 560575, score : -16328.520097300876, Time : 30.745 s
Timestep : 569334, score : -17381.155113682617, Time : 32.203 s
Timestep : 578093, score : -15756.252099008256, Time : 31.261 s
Timestep : 586852, score : -17994.155583544052, Time : 29.297 s
Timestep : 595611, score : -16839.694449517832, Time : 29.341 s
Timestep : 604370, score : -16467.353557542505, Time : 29.274 s
Timestep : 613129, score : -17865.334692012908, Time : 29.297 s
Timestep : 621888, score : -16610.76655607538, Time : 29.261 s
Timestep : 630647, score : -16843.182120210025, Time : 29.236 s
Timestep : 639406, score : -17689.809603497168, Time : 29.301 s
Timestep : 648165, score : -15707.132651939186, Time : 29.401 s
Timestep : 656924, score : -15214.761942193902, Time : 29.278 s
Timestep : 665683, score : -16471.32543353109, Time : 29.424 s
Timestep : 674442, score : -16699.079474341845, Time : 29.318 s
Timestep : 683201, score : -16872.211607343706, Time : 30.233 s
Timestep : 691960, score : -16278.013686814476, Time : 30.848 s
Timestep : 700719, score : -16513.356069579604, Time : 30.865 s
Timestep : 709478, score : -16993.480046126657, Time : 30.876 s
Timestep : 718237, score : -16767.495475436983, Time : 30.856 s
Timestep : 726996, score : -16132.72994846739, Time : 30.89 s
Timestep : 735755, score : -16209.652031379475, Time : 30.868 s
Timestep : 744514, score : -17921.340650600738, Time : 30.825 s
Timestep : 753273, score : -15929.535815154639, Time : 30.874 s
Timestep : 762032, score : -15553.087273765428, Time : 30.873 s
Timestep : 770791, score : -16741.158296486945, Time : 30.843 s
Timestep : 779550, score : -16219.688632578487, Time : 30.871 s
Timestep : 788309, score : -17102.891006991384, Time : 30.815 s
Timestep : 797068, score : -16725.250856326893, Time : 30.902 s
Timestep : 805827, score : -15893.911210302918, Time : 30.863 s
Timestep : 814586, score : -16294.0010788613, Time : 30.898 s
Timestep : 823345, score : -15899.601467013126, Time : 30.863 s
Timestep : 832104, score : -17085.655092234083, Time : 30.856 s
Timestep : 840863, score : -15930.292535946428, Time : 30.814 s
Timestep : 849622, score : -16946.19083492081, Time : 30.831 s
Timestep : 858381, score : -16817.415148085784, Time : 30.914 s
Timestep : 867140, score : -16316.929194604876, Time : 30.868 s
Timestep : 875899, score : -16035.293585985957, Time : 30.835 s
Starting local evaluation
Num Steps: 1000, Num episodes: 0
Num Steps: 2000, Num episodes: 0
Num Steps: 3000, Num episodes: 0
Num Steps: 4000, Num episodes: 0
Num Steps: 5000, Num episodes: 0
Num Steps: 6000, Num episodes: 0
Num Steps: 7000, Num episodes: 0
Num Steps: 8000, Num episodes: 0
Episode complete: 1 | Latest episode metrics: {'price_cost': 1.0, 'emmision_cost': 1.0}
[-0.23006123] -0.23006122589809516
Average Price Cost: 1.0
Average Emmision Cost: 1.0
Average of both costs: 1.0
Total time taken by agent: 4.021435952745378s
DONE!
