{'agent': 'DQN', 'action_selection': 'egreedy', 'seed': 1, 'episodes': 100, 'data_path': 'data/citylearn_challenge_2022_phase_1', 'dry_run': False, 'n_discrete': 9, 'update_target': 16, 'lr': 0.07, 'batch_size': 32, 'adam_epsilon': 1e-07, 'epsilon_final': 0.1, 'run_id': 215}
{'Notes': 'This is a tuning run, executed on a single building.',
 'action_selection': 'egreedy',
 'adam_epsilon': 1e-07,
 'env': '<NormalizeObservation<OneHotHour<DiscreteSingle<CityLearnEnv '
        'instance>>>>',
 'final_exploration_rate': 0.02,
 'final_exploration_step': 1000,
 'gamma': 0.99,
 'initial_exploration_rate': 1,
 'learning_rate': 0.07,
 'loss': 'mse',
 'minibatch_size': 32,
 'network': 'MLP(\n'
            '  (layers): Sequential(\n'
            '    (0): Linear(in_features=29, out_features=128, bias=True)\n'
            '    (1): ReLU()\n'
            '    (2): Linear(in_features=128, out_features=128, bias=True)\n'
            '    (3): ReLU()\n'
            '    (4): Linear(in_features=128, out_features=9, bias=True)\n'
            '  )\n'
            ')',
 'replay_buffer_size': 10000,
 'replay_start_size': 32,
 'seed': 1,
 'train_steps': 876000,
 'update_frequency': 1,
 'update_target_frequency': 16,
 'weight_scale': 1.4142135623730951}
Timestep : 8758, score : -5798.1541049714, Time : 21.903 s
Timestep : 17517, score : -4906.23005634491, Time : 22.21 s
Timestep : 26276, score : -4636.708551185584, Time : 22.236 s
Timestep : 35035, score : -4549.655505297269, Time : 22.629 s
Timestep : 43794, score : -4476.204941378353, Time : 22.581 s
Timestep : 52553, score : -4559.217264762876, Time : 22.264 s
Timestep : 61312, score : -4492.986852462782, Time : 22.29 s
Timestep : 70071, score : -4571.125522120419, Time : 22.312 s
Timestep : 78830, score : -4566.572649427602, Time : 22.292 s
Timestep : 87589, score : -4560.2764892889245, Time : 22.311 s
Timestep : 96348, score : -4476.0433145597635, Time : 22.31 s
Timestep : 105107, score : -4469.072355535376, Time : 22.305 s
Timestep : 113866, score : -4550.910420976026, Time : 22.312 s
Timestep : 122625, score : -4423.25815753956, Time : 22.364 s
Timestep : 131384, score : -4482.289680683432, Time : 22.334 s
Timestep : 140143, score : -4568.0726037634595, Time : 22.61 s
Timestep : 148902, score : -4620.921028451441, Time : 22.743 s
Timestep : 157661, score : -4470.965186584654, Time : 22.344 s
Timestep : 166420, score : -4413.055146289087, Time : 21.974 s
Timestep : 175179, score : -4549.91589190744, Time : 21.926 s
Timestep : 183938, score : -4443.095530178776, Time : 22.3 s
Timestep : 192697, score : -4606.0991291295795, Time : 22.291 s
Timestep : 201456, score : -4565.5522228716, Time : 22.192 s
Timestep : 210215, score : -4490.455227331637, Time : 22.179 s
Timestep : 218974, score : -4461.928956901102, Time : 22.171 s
Timestep : 227733, score : -4456.745574537112, Time : 22.175 s
Timestep : 236492, score : -4413.607930073893, Time : 21.921 s
Timestep : 245251, score : -4495.65123367068, Time : 21.665 s
Timestep : 254010, score : -4423.426421030803, Time : 21.912 s
Timestep : 262769, score : -4550.965711532539, Time : 21.661 s
Timestep : 271528, score : -4562.520746416791, Time : 21.614 s
Timestep : 280287, score : -4404.050546379207, Time : 22.069 s
Timestep : 289046, score : -4554.987315088889, Time : 22.341 s
Timestep : 297805, score : -4483.435978898226, Time : 21.982 s
Timestep : 306564, score : -4558.9712138459145, Time : 22.0 s
Timestep : 315323, score : -4595.507640569849, Time : 22.312 s
Timestep : 324082, score : -4489.748570806725, Time : 22.306 s
Timestep : 332841, score : -4639.318708954757, Time : 22.292 s
Timestep : 341600, score : -4494.584417694627, Time : 22.289 s
Timestep : 350359, score : -4528.169243998273, Time : 22.302 s
Timestep : 359118, score : -4535.650876715226, Time : 22.649 s
Timestep : 367877, score : -4670.954134346364, Time : 22.546 s
Timestep : 376636, score : -4488.388732715888, Time : 22.297 s
Timestep : 385395, score : -4561.0606340648665, Time : 22.295 s
Timestep : 394154, score : -4480.990677561058, Time : 21.849 s
Timestep : 402913, score : -4509.636273914395, Time : 21.742 s
Timestep : 411672, score : -4467.09607393053, Time : 21.993 s
Timestep : 420431, score : -4568.838275695132, Time : 22.331 s
Timestep : 429190, score : -4457.0284339575155, Time : 22.324 s
Timestep : 437949, score : -4553.950746653631, Time : 22.31 s
Timestep : 446708, score : -4519.275187315448, Time : 22.325 s
Timestep : 455467, score : -4543.389617147768, Time : 22.322 s
Timestep : 464226, score : -4557.317553881003, Time : 22.537 s
Timestep : 472985, score : -4658.235824641219, Time : 22.723 s
Timestep : 481744, score : -4434.989289504854, Time : 22.336 s
Timestep : 490503, score : -4812.651090699626, Time : 22.329 s
Timestep : 499262, score : -4617.126483654982, Time : 22.32 s
Timestep : 508021, score : -4528.151160776062, Time : 22.333 s
Timestep : 516780, score : -4532.098888478737, Time : 22.337 s
Timestep : 525539, score : -4495.037975819228, Time : 22.323 s
Timestep : 534298, score : -4555.622057767963, Time : 22.325 s
Timestep : 543057, score : -4559.24529589797, Time : 22.325 s
Timestep : 551816, score : -4499.939266583329, Time : 22.324 s
Timestep : 560575, score : -4437.015041080682, Time : 22.329 s
Timestep : 569334, score : -4467.802322441159, Time : 22.484 s
Timestep : 578093, score : -4441.905302663712, Time : 22.682 s
Timestep : 586852, score : -4551.501186424779, Time : 21.89 s
Timestep : 595611, score : -4520.628898664756, Time : 21.821 s
Timestep : 604370, score : -4489.0335487382545, Time : 22.281 s
Timestep : 613129, score : -4629.014157251717, Time : 22.295 s
Timestep : 621888, score : -4376.206050621724, Time : 22.295 s
Timestep : 630647, score : -4614.437353757588, Time : 22.292 s
Timestep : 639406, score : -4563.910202908592, Time : 21.769 s
Timestep : 648165, score : -4509.799896127617, Time : 21.913 s
Timestep : 656924, score : -4533.723629163025, Time : 22.309 s
Timestep : 665683, score : -4578.167251294508, Time : 21.87 s
Timestep : 674442, score : -4543.377860642417, Time : 21.662 s
Timestep : 683201, score : -4510.504625127098, Time : 22.066 s
Timestep : 691960, score : -4472.594770347147, Time : 21.928 s
Timestep : 700719, score : -4641.335588544054, Time : 21.67 s
Timestep : 709478, score : -4578.699242069764, Time : 21.69 s
Timestep : 718237, score : -4396.059818169175, Time : 22.244 s
Timestep : 726996, score : -4438.7772463787405, Time : 22.335 s
Timestep : 735755, score : -4466.86697835513, Time : 22.345 s
Timestep : 744514, score : -4586.680628634436, Time : 22.319 s
Timestep : 753273, score : -4536.88267582134, Time : 22.397 s
Timestep : 762032, score : -4484.736909482075, Time : 22.112 s
Timestep : 770791, score : -4495.100443461823, Time : 22.325 s
Timestep : 779550, score : -4441.604030439077, Time : 22.191 s
Timestep : 788309, score : -4539.603774323972, Time : 22.292 s
Timestep : 797068, score : -4449.643179169769, Time : 22.655 s
Timestep : 805827, score : -4496.1634496843035, Time : 22.134 s
Timestep : 814586, score : -4600.3235182290955, Time : 22.019 s
Timestep : 823345, score : -4438.0355527320935, Time : 22.01 s
Timestep : 832104, score : -4481.645646974008, Time : 22.019 s
Timestep : 840863, score : -4506.851517870469, Time : 22.008 s
Timestep : 849622, score : -4572.600512360601, Time : 22.012 s
Timestep : 858381, score : -4680.718933463941, Time : 21.987 s
Timestep : 867140, score : -4581.561938626139, Time : 22.01 s
Timestep : 875899, score : -4580.837110589171, Time : 22.015 s
Starting local evaluation
Num Steps: 1000, Num episodes: 0
Num Steps: 2000, Num episodes: 0
Num Steps: 3000, Num episodes: 0
Num Steps: 4000, Num episodes: 0
Num Steps: 5000, Num episodes: 0
Num Steps: 6000, Num episodes: 0
Num Steps: 7000, Num episodes: 0
Num Steps: 8000, Num episodes: 0
Episode complete: 1 | Latest episode metrics: {'price_cost': 1.0176502665477962, 'emmision_cost': 1.0205648174692332}
[-0.25349633] -0.2534963263427049
Average Price Cost: 1.0176502665477962
Average Emmision Cost: 1.0205648174692332
Average of both costs: 1.0191075420085147
Total time taken by agent: 2.4891104781418107s
DONE!
