{'agent': 'DQN', 'action_selection': 'egreedy', 'seed': 1, 'episodes': 100, 'data_path': 'data/citylearn_challenge_2022_phase_1', 'dry_run': False, 'n_discrete': 9, 'update_target': 8, 'lr': 0.001, 'batch_size': 256, 'adam_epsilon': 1e-08, 'epsilon_final': 0.04, 'run_id': 363}
{'Notes': 'This is a tuning run, executed on a single building.',
 'action_selection': 'egreedy',
 'adam_epsilon': 1e-08,
 'env': '<NormalizeObservation<OneHotHour<DiscreteSingle<CityLearnEnv '
        'instance>>>>',
 'final_exploration_rate': 0.02,
 'final_exploration_step': 1000,
 'gamma': 0.99,
 'initial_exploration_rate': 1,
 'learning_rate': 0.001,
 'loss': 'mse',
 'minibatch_size': 256,
 'network': 'MLP(\n'
            '  (layers): Sequential(\n'
            '    (0): Linear(in_features=29, out_features=128, bias=True)\n'
            '    (1): ReLU()\n'
            '    (2): Linear(in_features=128, out_features=128, bias=True)\n'
            '    (3): ReLU()\n'
            '    (4): Linear(in_features=128, out_features=9, bias=True)\n'
            '  )\n'
            ')',
 'replay_buffer_size': 10000,
 'replay_start_size': 256,
 'seed': 1,
 'train_steps': 876000,
 'update_frequency': 1,
 'update_target_frequency': 8,
 'weight_scale': 1.4142135623730951}
Timestep : 8758, score : -5692.5384865349915, Time : 25.657 s
Timestep : 17517, score : -4598.084936630825, Time : 30.378 s
Timestep : 26276, score : -4908.127734023525, Time : 28.846 s
Timestep : 35035, score : -4205.224792340101, Time : 26.611 s
Timestep : 43794, score : -4352.685530268645, Time : 26.71 s
Timestep : 52553, score : -4365.954341914243, Time : 26.416 s
Timestep : 61312, score : -3950.2444897498062, Time : 26.807 s
Timestep : 70071, score : -3954.188138098976, Time : 26.737 s
Timestep : 78830, score : -3918.373633138399, Time : 26.786 s
Timestep : 87589, score : -3939.6725012575334, Time : 26.676 s
Timestep : 96348, score : -3740.2849156311495, Time : 26.746 s
Timestep : 105107, score : -3750.119902088569, Time : 26.661 s
Timestep : 113866, score : -3689.423537828843, Time : 25.589 s
Timestep : 122625, score : -3750.118457390723, Time : 25.632 s
Timestep : 131384, score : -3179.8418535167875, Time : 26.382 s
Timestep : 140143, score : -3527.618654775986, Time : 26.796 s
Timestep : 148902, score : -3599.4798144295055, Time : 28.609 s
Timestep : 157661, score : -3639.9247136675112, Time : 29.801 s
Timestep : 166420, score : -3976.453055305712, Time : 26.922 s
Timestep : 175179, score : -3360.1218590861536, Time : 26.464 s
Timestep : 183938, score : -3108.383505933234, Time : 26.116 s
Timestep : 192697, score : -2964.8999783894105, Time : 26.486 s
Timestep : 201456, score : -3353.1924159607443, Time : 27.16 s
Timestep : 210215, score : -3414.3334881291084, Time : 26.861 s
Timestep : 218974, score : -3465.814900414931, Time : 26.209 s
Timestep : 227733, score : -3521.232356949273, Time : 26.204 s
Timestep : 236492, score : -3213.1370269323525, Time : 26.347 s
Timestep : 245251, score : -3468.3365631329652, Time : 30.295 s
Timestep : 254010, score : -3699.502332043674, Time : 28.116 s
Timestep : 262769, score : -3080.114922977009, Time : 26.808 s
Timestep : 271528, score : -3527.5550014601613, Time : 26.305 s
Timestep : 280287, score : -3461.8479165457684, Time : 26.358 s
Timestep : 289046, score : -3884.06815789135, Time : 26.54 s
Timestep : 297805, score : -3727.1581751300546, Time : 27.068 s
Timestep : 306564, score : -3736.6958652700123, Time : 26.755 s
Timestep : 315323, score : -3597.7134824488603, Time : 26.577 s
Timestep : 324082, score : -3429.781626410346, Time : 26.547 s
Timestep : 332841, score : -3606.5823801696824, Time : 25.118 s
Timestep : 341600, score : -3450.6329907962645, Time : 30.909 s
Timestep : 350359, score : -3729.0040184746904, Time : 27.943 s
Timestep : 359118, score : -3683.8559368099377, Time : 26.212 s
Timestep : 367877, score : -3490.3395758520637, Time : 26.556 s
Timestep : 376636, score : -3736.088896477042, Time : 26.372 s
Timestep : 385395, score : -3881.8717380870075, Time : 26.757 s
Timestep : 394154, score : -3391.9662293675647, Time : 26.569 s
Timestep : 402913, score : -3028.2988766524068, Time : 26.617 s
Timestep : 411672, score : -3796.0569774763717, Time : 26.376 s
Timestep : 420431, score : -3487.456174372608, Time : 26.22 s
Timestep : 429190, score : -3609.7067837792274, Time : 27.846 s
Timestep : 437949, score : -3375.4204223154375, Time : 30.536 s
Timestep : 446708, score : -3296.699803315947, Time : 26.542 s
Timestep : 455467, score : -3256.0987874698185, Time : 26.301 s
Timestep : 464226, score : -2948.9531061025627, Time : 26.339 s
Timestep : 472985, score : -3336.8743943834706, Time : 26.585 s
Timestep : 481744, score : -3450.1484821442573, Time : 26.526 s
Timestep : 490503, score : -3256.03992883701, Time : 26.269 s
Timestep : 499262, score : -3259.6421957738057, Time : 26.494 s
Timestep : 508021, score : -3259.140132425615, Time : 26.647 s
Timestep : 516780, score : -2976.7795163158153, Time : 26.111 s
Timestep : 525539, score : -3480.2998180112627, Time : 31.648 s
Timestep : 534298, score : -3346.353796951502, Time : 27.067 s
Timestep : 543057, score : -2974.597856767039, Time : 26.737 s
Timestep : 551816, score : -2967.208345320105, Time : 26.39 s
Timestep : 560575, score : -2754.810617532261, Time : 26.241 s
Timestep : 569334, score : -2741.2615672365355, Time : 26.892 s
Timestep : 578093, score : -2724.9395141734567, Time : 26.373 s
Timestep : 586852, score : -3133.3121521328867, Time : 26.231 s
Timestep : 595611, score : -3483.403554693825, Time : 26.707 s
Timestep : 604370, score : -3105.9644396719814, Time : 26.757 s
Timestep : 613129, score : -3202.7412284308375, Time : 26.72 s
Timestep : 621888, score : -3057.2623365429754, Time : 26.234 s
Timestep : 630647, score : -2763.6361647661834, Time : 26.458 s
Timestep : 639406, score : -3173.5322201652743, Time : 26.381 s
Timestep : 648165, score : -2800.6363653037406, Time : 31.814 s
Timestep : 656924, score : -3080.228762484301, Time : 27.657 s
Timestep : 665683, score : -3313.549604888409, Time : 27.216 s
Timestep : 674442, score : -3159.9116945774585, Time : 26.757 s
Timestep : 683201, score : -3192.120924031391, Time : 26.649 s
Timestep : 691960, score : -3711.239983589883, Time : 26.535 s
Timestep : 700719, score : -3512.77574592529, Time : 26.783 s
Timestep : 709478, score : -3107.9923798524833, Time : 26.717 s
Timestep : 718237, score : -3504.6151389428705, Time : 26.609 s
Timestep : 726996, score : -3315.0846386265766, Time : 26.223 s
Timestep : 735755, score : -3456.65553279061, Time : 29.881 s
Timestep : 744514, score : -3087.7568610218877, Time : 28.673 s
Timestep : 753273, score : -3071.7279965130438, Time : 27.184 s
Timestep : 762032, score : -2978.2136335290998, Time : 26.414 s
Timestep : 770791, score : -2767.8520601966447, Time : 26.462 s
Timestep : 779550, score : -2999.1571163998015, Time : 26.393 s
Timestep : 788309, score : -2939.5345733594877, Time : 26.56 s
Timestep : 797068, score : -2873.3415753187874, Time : 26.126 s
Timestep : 805827, score : -3128.00627098915, Time : 26.661 s
Timestep : 814586, score : -3053.507662359116, Time : 26.418 s
Timestep : 823345, score : -3072.707345541523, Time : 28.108 s
Timestep : 832104, score : -2956.8870248047897, Time : 30.564 s
Timestep : 840863, score : -3352.068831014054, Time : 25.494 s
Timestep : 849622, score : -3041.406983430643, Time : 26.719 s
Timestep : 858381, score : -3034.731558807267, Time : 27.061 s
Timestep : 867140, score : -3228.9225100588083, Time : 26.217 s
Timestep : 875899, score : -2914.9631599949935, Time : 26.279 s
Starting local evaluation
Num Steps: 1000, Num episodes: 0
Num Steps: 2000, Num episodes: 0
Num Steps: 3000, Num episodes: 0
Num Steps: 4000, Num episodes: 0
Num Steps: 5000, Num episodes: 0
Num Steps: 6000, Num episodes: 0
Num Steps: 7000, Num episodes: 0
Num Steps: 8000, Num episodes: 0
Episode complete: 1 | Latest episode metrics: {'price_cost': 0.9113196516972676, 'emmision_cost': 1.0109714705960724}
[-0.17969053] -0.17969053289166023
Average Price Cost: 0.9113196516972676
Average Emmision Cost: 1.0109714705960724
Average of both costs: 0.9611455611466699
Total time taken by agent: 2.194785546278581s
DONE!
