{'agent': 'DQN', 'action_selection': 'softmax', 'seed': 1, 'episodes': 100, 'data_path': 'data/citylearn_challenge_2022_phase_1', 'dry_run': False, 'n_discrete': 9, 'update_target': 8, 'lr': 0.0007, 'batch_size': 16, 'adam_epsilon': 0.001, 'epsilon_final': 0.02, 'run_id': 7}
{'Notes': 'This is a tuning run, executed on a single building.',
 'action_selection': 'softmax',
 'adam_epsilon': 0.001,
 'env': '<NormalizeObservation<OneHotHour<DiscreteSingle<CityLearnEnv '
        'instance>>>>',
 'final_exploration_rate': 0.02,
 'final_exploration_step': 1000,
 'gamma': 0.99,
 'initial_exploration_rate': 1,
 'learning_rate': 0.0007,
 'loss': 'mse',
 'minibatch_size': 16,
 'network': 'MLP(\n'
            '  (layers): Sequential(\n'
            '    (0): Linear(in_features=29, out_features=128, bias=True)\n'
            '    (1): ReLU()\n'
            '    (2): Linear(in_features=128, out_features=128, bias=True)\n'
            '    (3): ReLU()\n'
            '    (4): Linear(in_features=128, out_features=9, bias=True)\n'
            '  )\n'
            ')',
 'replay_buffer_size': 10000,
 'replay_start_size': 16,
 'seed': 1,
 'train_steps': 876000,
 'update_frequency': 1,
 'update_target_frequency': 8,
 'weight_scale': 1.4142135623730951}
Timestep : 8758, score : -6683.265039633086, Time : 22.951 s
Timestep : 17517, score : -7433.747231474335, Time : 22.669 s
Timestep : 26276, score : -5175.721987142882, Time : 23.659 s
Timestep : 35035, score : -5373.693842976732, Time : 23.573 s
Timestep : 43794, score : -4938.462575509009, Time : 23.473 s
Timestep : 52553, score : -4792.715904689307, Time : 23.215 s
Timestep : 61312, score : -4820.559143563434, Time : 23.294 s
Timestep : 70071, score : -4709.854459477079, Time : 23.417 s
Timestep : 78830, score : -4459.929431877943, Time : 23.366 s
Timestep : 87589, score : -4510.21759371036, Time : 23.055 s
Timestep : 96348, score : -4663.381445100022, Time : 23.28 s
Timestep : 105107, score : -4173.745623605515, Time : 23.356 s
Timestep : 113866, score : -4265.923079573346, Time : 23.559 s
Timestep : 122625, score : -4251.19068763699, Time : 23.597 s
Timestep : 131384, score : -4042.303130620232, Time : 23.606 s
Timestep : 140143, score : -3689.720168395812, Time : 23.504 s
Timestep : 148902, score : -3471.843551283615, Time : 23.132 s
Timestep : 157661, score : -3514.0131622154877, Time : 23.433 s
Timestep : 166420, score : -4029.0455688533402, Time : 23.554 s
Timestep : 175179, score : -3563.649357495975, Time : 23.414 s
Timestep : 183938, score : -3400.0254006627074, Time : 23.209 s
Timestep : 192697, score : -3417.03869894534, Time : 22.851 s
Timestep : 201456, score : -3722.4090406908217, Time : 22.596 s
Timestep : 210215, score : -3726.560406156146, Time : 22.859 s
Timestep : 218974, score : -3780.6477069747925, Time : 22.951 s
Timestep : 227733, score : -3626.6938858843205, Time : 23.316 s
Timestep : 236492, score : -3332.6720448609267, Time : 23.702 s
Timestep : 245251, score : -3294.3033039796574, Time : 23.05 s
Timestep : 254010, score : -3144.8765652220754, Time : 22.751 s
Timestep : 262769, score : -3283.5769477959548, Time : 22.861 s
Timestep : 271528, score : -2712.4878898626484, Time : 22.811 s
Timestep : 280287, score : -2736.6783158246253, Time : 22.653 s
Timestep : 289046, score : -3094.4465248213673, Time : 23.028 s
Timestep : 297805, score : -2821.1180258745153, Time : 22.859 s
Timestep : 306564, score : -2657.561993761701, Time : 22.686 s
Timestep : 315323, score : -2421.7920977484027, Time : 22.787 s
Timestep : 324082, score : -2674.172887348832, Time : 22.696 s
Timestep : 332841, score : -2969.8928227603465, Time : 22.61 s
Timestep : 341600, score : -2914.4514019368944, Time : 23.283 s
Timestep : 350359, score : -2742.801761890907, Time : 23.688 s
Timestep : 359118, score : -2756.5991003836098, Time : 23.597 s
Timestep : 367877, score : -3121.564595182688, Time : 23.033 s
Timestep : 376636, score : -3128.8703983442683, Time : 22.79 s
Timestep : 385395, score : -2998.9295456094187, Time : 22.919 s
Timestep : 394154, score : -2961.127059296734, Time : 23.076 s
Timestep : 402913, score : -2706.699888555944, Time : 22.945 s
Timestep : 411672, score : -2786.440414306009, Time : 22.926 s
Timestep : 420431, score : -2609.3514962817135, Time : 22.769 s
Timestep : 429190, score : -2330.1424436247034, Time : 22.573 s
Timestep : 437949, score : -2468.382094681525, Time : 22.474 s
Timestep : 446708, score : -2618.851352476893, Time : 22.997 s
Timestep : 455467, score : -2531.548436252662, Time : 23.598 s
Timestep : 464226, score : -2449.460653665854, Time : 23.73 s
Timestep : 472985, score : -2554.4710233726364, Time : 23.641 s
Timestep : 481744, score : -2490.7635690232564, Time : 23.297 s
Timestep : 490503, score : -2375.542700388207, Time : 23.274 s
Timestep : 499262, score : -2337.548722609092, Time : 23.51 s
Timestep : 508021, score : -2644.3030096309085, Time : 23.779 s
Timestep : 516780, score : -2463.0793999398884, Time : 23.781 s
Timestep : 525539, score : -2655.017415576993, Time : 23.458 s
Timestep : 534298, score : -3045.2588615235, Time : 23.351 s
Timestep : 543057, score : -3045.8138926382817, Time : 23.339 s
Timestep : 551816, score : -2268.231110094639, Time : 23.524 s
Timestep : 560575, score : -2538.4442165482615, Time : 23.826 s
Timestep : 569334, score : -2390.1815148524765, Time : 23.73 s
Timestep : 578093, score : -2160.644290348544, Time : 23.342 s
Timestep : 586852, score : -2403.7096560432838, Time : 23.291 s
Timestep : 595611, score : -2480.189038823388, Time : 23.275 s
Timestep : 604370, score : -2216.0845390823233, Time : 23.575 s
Timestep : 613129, score : -2176.2617773092643, Time : 24.02 s
Timestep : 621888, score : -1860.6716599106148, Time : 23.681 s
Timestep : 630647, score : -1923.2918479170476, Time : 23.191 s
Timestep : 639406, score : -2064.378963638359, Time : 23.252 s
Timestep : 648165, score : -1976.0422890906048, Time : 23.283 s
Timestep : 656924, score : -1994.6260304909956, Time : 23.531 s
Timestep : 665683, score : -1753.2636305905908, Time : 23.973 s
Timestep : 674442, score : -1666.0052065727796, Time : 23.624 s
Timestep : 683201, score : -2118.1096916033566, Time : 23.252 s
Timestep : 691960, score : -1822.6828401777457, Time : 23.187 s
Timestep : 700719, score : -1664.1594434780563, Time : 23.166 s
Timestep : 709478, score : -1749.5174790923047, Time : 23.569 s
Timestep : 718237, score : -1900.8981272866513, Time : 23.934 s
Timestep : 726996, score : -2215.791746370218, Time : 23.526 s
Timestep : 735755, score : -2092.7018074165826, Time : 23.119 s
Timestep : 744514, score : -2054.853513324895, Time : 23.126 s
Timestep : 753273, score : -1838.4435405475379, Time : 23.142 s
Timestep : 762032, score : -2030.2035590379091, Time : 23.322 s
Timestep : 770791, score : -1660.3167359688814, Time : 23.39 s
Timestep : 779550, score : -1674.8458814401674, Time : 23.209 s
Timestep : 788309, score : -2125.6691089268134, Time : 23.223 s
Timestep : 797068, score : -2135.312297041499, Time : 23.21 s
Timestep : 805827, score : -2089.380872110676, Time : 23.185 s
Timestep : 814586, score : -1960.6317245373066, Time : 23.38 s
Timestep : 823345, score : -2165.9084947122756, Time : 23.388 s
Timestep : 832104, score : -1967.3222830114682, Time : 23.148 s
Timestep : 840863, score : -2187.68419099546, Time : 23.175 s
Timestep : 849622, score : -2236.971447047734, Time : 23.216 s
Timestep : 858381, score : -2040.3346142926748, Time : 23.22 s
Timestep : 867140, score : -1718.7230222913931, Time : 23.384 s
Timestep : 875899, score : -1899.518641738643, Time : 23.352 s
Starting local evaluation
Num Steps: 1000, Num episodes: 0
Num Steps: 2000, Num episodes: 0
Num Steps: 3000, Num episodes: 0
Num Steps: 4000, Num episodes: 0
Num Steps: 5000, Num episodes: 0
Num Steps: 6000, Num episodes: 0
Num Steps: 7000, Num episodes: 0
Num Steps: 8000, Num episodes: 0
Episode complete: 1 | Latest episode metrics: {'price_cost': 0.8766663167664793, 'emmision_cost': 0.9675205624945374}
[-0.13186681] -0.13186680690998973
Average Price Cost: 0.8766663167664793
Average Emmision Cost: 0.9675205624945374
Average of both costs: 0.9220934396305084
Total time taken by agent: 4.177325123455375s
DONE!
