{'agent': 'DQN', 'action_selection': 'egreedy', 'seed': 1, 'episodes': 100, 'data_path': 'data/citylearn_challenge_2022_phase_1', 'dry_run': False, 'n_discrete': 9, 'update_target': 16, 'lr': 1e-05, 'batch_size': 128, 'adam_epsilon': 1e-06, 'epsilon_final': 0.02, 'run_id': 355}
{'Notes': 'This is a tuning run, executed on a single building.',
 'action_selection': 'egreedy',
 'adam_epsilon': 1e-06,
 'env': '<NormalizeObservation<OneHotHour<DiscreteSingle<CityLearnEnv '
        'instance>>>>',
 'final_exploration_rate': 0.02,
 'final_exploration_step': 1000,
 'gamma': 0.99,
 'initial_exploration_rate': 1,
 'learning_rate': 1e-05,
 'loss': 'mse',
 'minibatch_size': 128,
 'network': 'MLP(\n'
            '  (layers): Sequential(\n'
            '    (0): Linear(in_features=29, out_features=128, bias=True)\n'
            '    (1): ReLU()\n'
            '    (2): Linear(in_features=128, out_features=128, bias=True)\n'
            '    (3): ReLU()\n'
            '    (4): Linear(in_features=128, out_features=9, bias=True)\n'
            '  )\n'
            ')',
 'replay_buffer_size': 10000,
 'replay_start_size': 128,
 'seed': 1,
 'train_steps': 876000,
 'update_frequency': 1,
 'update_target_frequency': 16,
 'weight_scale': 1.4142135623730951}
Timestep : 8758, score : -5954.096382325195, Time : 26.125 s
Timestep : 17517, score : -4571.386800171254, Time : 29.388 s
Timestep : 26276, score : -5028.734100309273, Time : 30.968 s
Timestep : 35035, score : -4833.544965664769, Time : 27.917 s
Timestep : 43794, score : -4527.039803248277, Time : 26.991 s
Timestep : 52553, score : -4883.943774043961, Time : 27.495 s
Timestep : 61312, score : -4679.89098591861, Time : 28.18 s
Timestep : 70071, score : -4549.647603695659, Time : 26.756 s
Timestep : 78830, score : -4745.340243163941, Time : 26.93 s
Timestep : 87589, score : -4650.028224777809, Time : 27.234 s
Timestep : 96348, score : -4693.9810585906525, Time : 27.228 s
Timestep : 105107, score : -4309.146588703414, Time : 27.223 s
Timestep : 113866, score : -3987.297728841222, Time : 27.142 s
Timestep : 122625, score : -3296.8887839075906, Time : 27.411 s
Timestep : 131384, score : -2742.6191842451517, Time : 26.553 s
Timestep : 140143, score : -2617.803433839261, Time : 27.244 s
Timestep : 148902, score : -2149.300255247188, Time : 27.506 s
Timestep : 157661, score : -2624.295446947872, Time : 27.607 s
Timestep : 166420, score : -2257.1241603326343, Time : 27.088 s
Timestep : 175179, score : -2218.8078634932463, Time : 27.198 s
Timestep : 183938, score : -2432.815617992106, Time : 26.465 s
Timestep : 192697, score : -2412.0680441898585, Time : 30.307 s
Timestep : 201456, score : -2079.9498712488275, Time : 32.838 s
Timestep : 210215, score : -2144.1203523350705, Time : 26.213 s
Timestep : 218974, score : -2122.5676030046598, Time : 26.174 s
Timestep : 227733, score : -2115.8749908008904, Time : 31.204 s
Timestep : 236492, score : -2119.836789540277, Time : 33.75 s
Timestep : 245251, score : -1892.7966295016522, Time : 31.156 s
Timestep : 254010, score : -1762.0960871230636, Time : 33.682 s
Timestep : 262769, score : -1613.9488113683474, Time : 33.251 s
Timestep : 271528, score : -1510.348358432093, Time : 31.855 s
Timestep : 280287, score : -1297.5244321080681, Time : 26.585 s
Timestep : 289046, score : -1612.512106015376, Time : 29.258 s
Timestep : 297805, score : -1429.7864429606852, Time : 30.898 s
Timestep : 306564, score : -1670.7213391005353, Time : 33.893 s
Timestep : 315323, score : -1454.257703621668, Time : 33.442 s
Timestep : 324082, score : -1520.426886664034, Time : 33.025 s
Timestep : 332841, score : -1186.2415360316227, Time : 31.394 s
Timestep : 341600, score : -1213.6239502856333, Time : 32.362 s
Timestep : 350359, score : -1300.585581248888, Time : 33.297 s
Timestep : 359118, score : -1185.3795446844597, Time : 32.598 s
Timestep : 367877, score : -1291.6418505693146, Time : 32.863 s
Timestep : 376636, score : -1214.770775889192, Time : 32.891 s
Timestep : 385395, score : -1272.6439934693335, Time : 33.435 s
Timestep : 394154, score : -994.0016394807317, Time : 33.286 s
Timestep : 402913, score : -1286.1537375343323, Time : 32.701 s
Timestep : 411672, score : -1059.4966450636566, Time : 33.462 s
Timestep : 420431, score : -1222.8778793819074, Time : 32.729 s
Timestep : 429190, score : -1161.8814737573557, Time : 33.976 s
Timestep : 437949, score : -1215.7836766885885, Time : 30.529 s
Timestep : 446708, score : -1072.5991959476669, Time : 26.446 s
Timestep : 455467, score : -1077.1883778914635, Time : 29.122 s
Timestep : 464226, score : -1109.410063919524, Time : 30.443 s
Timestep : 472985, score : -1185.243918854656, Time : 32.987 s
Timestep : 481744, score : -1192.0462300238723, Time : 32.272 s
Timestep : 490503, score : -1491.6347726114618, Time : 33.461 s
Timestep : 499262, score : -884.957295755652, Time : 33.266 s
Timestep : 508021, score : -1137.5827190056734, Time : 28.509 s
Timestep : 516780, score : -1047.380462162735, Time : 28.921 s
Timestep : 525539, score : -1226.219792599819, Time : 29.647 s
Timestep : 534298, score : -1231.1319877953792, Time : 31.104 s
Timestep : 543057, score : -1050.6310169867065, Time : 30.899 s
Timestep : 551816, score : -1217.0918193180405, Time : 32.911 s
Timestep : 560575, score : -1139.5781462940213, Time : 30.769 s
Timestep : 569334, score : -1122.4283460810111, Time : 30.698 s
Timestep : 578093, score : -1256.2336522267724, Time : 26.585 s
Timestep : 586852, score : -1113.507900150289, Time : 27.796 s
Timestep : 595611, score : -1130.6767902325664, Time : 29.403 s
Timestep : 604370, score : -1041.6854166961566, Time : 29.359 s
Timestep : 613129, score : -1336.7701018576336, Time : 27.787 s
Timestep : 621888, score : -1131.6619042334205, Time : 27.657 s
Timestep : 630647, score : -1078.7142482777417, Time : 30.447 s
Timestep : 639406, score : -1202.1683626378945, Time : 33.697 s
Timestep : 648165, score : -1109.6469539846585, Time : 29.822 s
Timestep : 656924, score : -902.5681073863816, Time : 26.321 s
Timestep : 665683, score : -1222.7008684500179, Time : 27.049 s
Timestep : 674442, score : -1078.4978498913406, Time : 26.604 s
Timestep : 683201, score : -1172.8057830534235, Time : 26.596 s
Timestep : 691960, score : -941.6283812665206, Time : 26.062 s
Timestep : 700719, score : -1106.1589998129348, Time : 25.977 s
Timestep : 709478, score : -1131.654307437857, Time : 28.351 s
Timestep : 718237, score : -1099.298450300499, Time : 26.783 s
Timestep : 726996, score : -1167.0822864948132, Time : 27.512 s
Timestep : 735755, score : -994.3328159425, Time : 28.486 s
Timestep : 744514, score : -1189.0543883743521, Time : 29.86 s
Timestep : 753273, score : -1128.6451953641663, Time : 31.305 s
Timestep : 762032, score : -1298.1243810210435, Time : 31.897 s
Timestep : 770791, score : -1117.5914446611714, Time : 30.591 s
Timestep : 779550, score : -1146.3866790866305, Time : 31.32 s
Timestep : 788309, score : -1018.6110948438582, Time : 31.159 s
Timestep : 797068, score : -1099.6466623139859, Time : 30.877 s
Timestep : 805827, score : -1064.4686159274133, Time : 31.626 s
Timestep : 814586, score : -955.4302651853359, Time : 32.021 s
Timestep : 823345, score : -1251.348234479694, Time : 29.848 s
Timestep : 832104, score : -1078.4466139001597, Time : 28.926 s
Timestep : 840863, score : -1335.0826655366982, Time : 26.498 s
Timestep : 849622, score : -1246.1614331973542, Time : 27.732 s
Timestep : 858381, score : -1250.5048442642728, Time : 30.773 s
Timestep : 867140, score : -1242.2160678162763, Time : 31.918 s
Timestep : 875899, score : -1201.006654449302, Time : 32.004 s
Starting local evaluation
Num Steps: 1000, Num episodes: 0
Num Steps: 2000, Num episodes: 0
Num Steps: 3000, Num episodes: 0
Num Steps: 4000, Num episodes: 0
Num Steps: 5000, Num episodes: 0
Num Steps: 6000, Num episodes: 0
Num Steps: 7000, Num episodes: 0
Num Steps: 8000, Num episodes: 0
Episode complete: 1 | Latest episode metrics: {'price_cost': 0.8097098418764574, 'emmision_cost': 0.9142416463837209}
[-0.05754557] -0.057545572402985586
Average Price Cost: 0.8097098418764574
Average Emmision Cost: 0.9142416463837209
Average of both costs: 0.8619757441300891
Total time taken by agent: 3.002536484535085s
DONE!
