{'agent': 'DQN', 'action_selection': 'egreedy', 'seed': 1, 'episodes': 100, 'data_path': 'data/citylearn_challenge_2022_phase_1', 'dry_run': False, 'n_discrete': 9, 'update_target': 8, 'lr': 0.001, 'batch_size': 32, 'adam_epsilon': 0.0001, 'epsilon_final': 0.04, 'run_id': 264}
{'Notes': 'This is a tuning run, executed on a single building.',
 'action_selection': 'egreedy',
 'adam_epsilon': 0.0001,
 'env': '<NormalizeObservation<OneHotHour<DiscreteSingle<CityLearnEnv '
        'instance>>>>',
 'final_exploration_rate': 0.02,
 'final_exploration_step': 1000,
 'gamma': 0.99,
 'initial_exploration_rate': 1,
 'learning_rate': 0.001,
 'loss': 'mse',
 'minibatch_size': 32,
 'network': 'MLP(\n'
            '  (layers): Sequential(\n'
            '    (0): Linear(in_features=29, out_features=128, bias=True)\n'
            '    (1): ReLU()\n'
            '    (2): Linear(in_features=128, out_features=128, bias=True)\n'
            '    (3): ReLU()\n'
            '    (4): Linear(in_features=128, out_features=9, bias=True)\n'
            '  )\n'
            ')',
 'replay_buffer_size': 10000,
 'replay_start_size': 32,
 'seed': 1,
 'train_steps': 876000,
 'update_frequency': 1,
 'update_target_frequency': 8,
 'weight_scale': 1.4142135623730951}
Timestep : 8758, score : -8668.022367295605, Time : 21.828 s
Timestep : 17517, score : -5128.447186549267, Time : 22.537 s
Timestep : 26276, score : -7668.702690163627, Time : 22.542 s
Timestep : 35035, score : -6412.071731682474, Time : 22.256 s
Timestep : 43794, score : -6850.478209677123, Time : 22.73 s
Timestep : 52553, score : -6748.593704661311, Time : 21.862 s
Timestep : 61312, score : -6761.636501420551, Time : 22.601 s
Timestep : 70071, score : -7036.085133323359, Time : 22.302 s
Timestep : 78830, score : -6813.178278905951, Time : 22.232 s
Timestep : 87589, score : -6797.854162550837, Time : 22.338 s
Timestep : 96348, score : -7611.899205219335, Time : 22.615 s
Timestep : 105107, score : -7320.010231981083, Time : 22.389 s
Timestep : 113866, score : -7054.130880059849, Time : 22.496 s
Timestep : 122625, score : -7110.186690609349, Time : 22.199 s
Timestep : 131384, score : -7475.6389740513005, Time : 22.236 s
Timestep : 140143, score : -8047.12812337729, Time : 22.299 s
Timestep : 148902, score : -7771.822080451078, Time : 22.482 s
Timestep : 157661, score : -8390.745296085399, Time : 22.632 s
Timestep : 166420, score : -7436.785738055158, Time : 22.192 s
Timestep : 175179, score : -7633.301599298211, Time : 22.542 s
Timestep : 183938, score : -7448.25112687303, Time : 22.251 s
Timestep : 192697, score : -7393.302973621088, Time : 22.574 s
Timestep : 201456, score : -7491.333626324224, Time : 22.498 s
Timestep : 210215, score : -7329.528235505641, Time : 22.355 s
Timestep : 218974, score : -7148.952521318759, Time : 22.217 s
Timestep : 227733, score : -6597.775168707551, Time : 22.273 s
Timestep : 236492, score : -6574.509795740858, Time : 22.206 s
Timestep : 245251, score : -5849.810738919958, Time : 22.263 s
Timestep : 254010, score : -5916.708189974102, Time : 22.204 s
Timestep : 262769, score : -5103.534297733058, Time : 22.211 s
Timestep : 271528, score : -5526.895270153327, Time : 22.197 s
Timestep : 280287, score : -5483.563246610254, Time : 22.175 s
Timestep : 289046, score : -5261.5612524960015, Time : 22.176 s
Timestep : 297805, score : -4958.713655332365, Time : 22.271 s
Timestep : 306564, score : -5330.172723725584, Time : 22.215 s
Timestep : 315323, score : -5258.329909518041, Time : 22.361 s
Timestep : 324082, score : -3972.3976307729317, Time : 22.21 s
Timestep : 332841, score : -4299.03960130355, Time : 22.171 s
Timestep : 341600, score : -4219.460305746645, Time : 22.418 s
Timestep : 350359, score : -4495.190882787967, Time : 22.342 s
Timestep : 359118, score : -4451.238628348714, Time : 22.549 s
Timestep : 367877, score : -3823.4040253279527, Time : 22.155 s
Timestep : 376636, score : -3933.740943021985, Time : 22.2 s
Timestep : 385395, score : -4100.332348179683, Time : 22.205 s
Timestep : 394154, score : -3658.078480804601, Time : 22.191 s
Timestep : 402913, score : -3798.0679182655003, Time : 22.328 s
Timestep : 411672, score : -3715.7877308419265, Time : 22.179 s
Timestep : 420431, score : -3852.2466155296715, Time : 22.095 s
Timestep : 429190, score : -3776.1185078861017, Time : 22.141 s
Timestep : 437949, score : -3409.874139253472, Time : 22.092 s
Timestep : 446708, score : -3392.3283840035583, Time : 22.316 s
Timestep : 455467, score : -3263.4481244198105, Time : 22.815 s
Timestep : 464226, score : -3703.9802904731623, Time : 22.263 s
Timestep : 472985, score : -3887.3449077903206, Time : 22.639 s
Timestep : 481744, score : -3283.6916614781658, Time : 22.391 s
Timestep : 490503, score : -3456.6664451894176, Time : 22.115 s
Timestep : 499262, score : -3319.2390946923115, Time : 22.497 s
Timestep : 508021, score : -3224.8054293060704, Time : 22.354 s
Timestep : 516780, score : -2679.1059982898005, Time : 22.879 s
Timestep : 525539, score : -3386.671130998322, Time : 22.495 s
Timestep : 534298, score : -3347.3567861210613, Time : 22.836 s
Timestep : 543057, score : -3104.781687515584, Time : 22.271 s
Timestep : 551816, score : -2948.0450331551256, Time : 22.179 s
Timestep : 560575, score : -3031.929799736201, Time : 22.624 s
Timestep : 569334, score : -3143.220616564882, Time : 22.486 s
Timestep : 578093, score : -2823.5590952680504, Time : 22.566 s
Timestep : 586852, score : -3382.653011501374, Time : 22.577 s
Timestep : 595611, score : -3364.6964682493417, Time : 22.735 s
Timestep : 604370, score : -3100.39791629737, Time : 22.545 s
Timestep : 613129, score : -3284.1783149927214, Time : 22.191 s
Timestep : 621888, score : -2802.7669463346538, Time : 22.18 s
Timestep : 630647, score : -3073.1653217820276, Time : 22.183 s
Timestep : 639406, score : -3087.4580280207156, Time : 22.112 s
Timestep : 648165, score : -2870.777086692193, Time : 22.084 s
Timestep : 656924, score : -2933.8605862755285, Time : 22.211 s
Timestep : 665683, score : -2596.0473784814385, Time : 22.575 s
Timestep : 674442, score : -2965.370777357981, Time : 22.169 s
Timestep : 683201, score : -2712.8172336907883, Time : 22.123 s
Timestep : 691960, score : -2746.3800945325784, Time : 22.126 s
Timestep : 700719, score : -2688.273132296308, Time : 22.293 s
Timestep : 709478, score : -2891.3283879765804, Time : 22.135 s
Timestep : 718237, score : -2726.3348847427696, Time : 22.581 s
Timestep : 726996, score : -2650.7001381268783, Time : 22.696 s
Timestep : 735755, score : -2473.00611130982, Time : 22.249 s
Timestep : 744514, score : -2615.6037462363747, Time : 22.686 s
Timestep : 753273, score : -2742.3703431281756, Time : 22.337 s
Timestep : 762032, score : -2607.490362847253, Time : 22.306 s
Timestep : 770791, score : -2412.6684848501172, Time : 22.115 s
Timestep : 779550, score : -2227.3199966810935, Time : 22.417 s
Timestep : 788309, score : -2423.9393426108, Time : 22.147 s
Timestep : 797068, score : -2439.365392813488, Time : 22.368 s
Timestep : 805827, score : -2538.814466364711, Time : 22.154 s
Timestep : 814586, score : -2702.669109570008, Time : 22.122 s
Timestep : 823345, score : -2444.4987735053583, Time : 22.126 s
Timestep : 832104, score : -2490.0081658249983, Time : 22.114 s
Timestep : 840863, score : -2316.9687237870676, Time : 22.461 s
Timestep : 849622, score : -2289.2120884303295, Time : 22.289 s
Timestep : 858381, score : -2769.7409394070673, Time : 22.216 s
Timestep : 867140, score : -2292.561615932529, Time : 22.296 s
Timestep : 875899, score : -2450.6858539980167, Time : 22.365 s
Starting local evaluation
Num Steps: 1000, Num episodes: 0
Num Steps: 2000, Num episodes: 0
Num Steps: 3000, Num episodes: 0
Num Steps: 4000, Num episodes: 0
Num Steps: 5000, Num episodes: 0
Num Steps: 6000, Num episodes: 0
Num Steps: 7000, Num episodes: 0
Num Steps: 8000, Num episodes: 0
Episode complete: 1 | Latest episode metrics: {'price_cost': 0.8755088768351401, 'emmision_cost': 0.9915919415417267}
[-0.14531447] -0.1453144724295132
Average Price Cost: 0.8755088768351401
Average Emmision Cost: 0.9915919415417267
Average of both costs: 0.9335504091884335
Total time taken by agent: 2.6018336550332606s
DONE!
