{'agent': 'DQN', 'action_selection': 'softmax', 'seed': 1, 'episodes': 100, 'data_path': 'data/citylearn_challenge_2022_phase_1', 'dry_run': False, 'n_discrete': 9, 'update_target': 4, 'lr': 0.03, 'batch_size': 8, 'adam_epsilon': 1e-05, 'epsilon_final': 0.02, 'run_id': 198}
{'Notes': 'This is a tuning run, executed on a single building.',
 'action_selection': 'softmax',
 'adam_epsilon': 1e-05,
 'env': '<NormalizeObservation<OneHotHour<DiscreteSingle<CityLearnEnv '
        'instance>>>>',
 'final_exploration_rate': 0.02,
 'final_exploration_step': 1000,
 'gamma': 0.99,
 'initial_exploration_rate': 1,
 'learning_rate': 0.03,
 'loss': 'mse',
 'minibatch_size': 8,
 'network': 'MLP(\n'
            '  (layers): Sequential(\n'
            '    (0): Linear(in_features=29, out_features=128, bias=True)\n'
            '    (1): ReLU()\n'
            '    (2): Linear(in_features=128, out_features=128, bias=True)\n'
            '    (3): ReLU()\n'
            '    (4): Linear(in_features=128, out_features=9, bias=True)\n'
            '  )\n'
            ')',
 'replay_buffer_size': 10000,
 'replay_start_size': 8,
 'seed': 1,
 'train_steps': 876000,
 'update_frequency': 1,
 'update_target_frequency': 4,
 'weight_scale': 1.4142135623730951}
Timestep : 8758, score : -5432.833156281995, Time : 23.22 s
Timestep : 17517, score : -8901.627131967412, Time : 23.5 s
Timestep : 26276, score : -5773.215084292839, Time : 23.507 s
Timestep : 35035, score : -7391.068905353037, Time : 23.357 s
Timestep : 43794, score : -6073.508367551374, Time : 23.222 s
Timestep : 52553, score : -6801.144053341035, Time : 23.173 s
Timestep : 61312, score : -4649.030084545986, Time : 22.881 s
Timestep : 70071, score : -4030.212545355229, Time : 22.418 s
Timestep : 78830, score : -4042.991032545833, Time : 22.702 s
Timestep : 87589, score : -4030.212545355229, Time : 22.988 s
Timestep : 96348, score : -4030.212545355229, Time : 23.02 s
Timestep : 105107, score : -4030.212545355229, Time : 22.999 s
Timestep : 113866, score : -4030.212545355229, Time : 23.03 s
Timestep : 122625, score : -4030.212545355229, Time : 23.011 s
Timestep : 131384, score : -4030.212545355229, Time : 23.016 s
Timestep : 140143, score : -4030.212545355229, Time : 23.026 s
Timestep : 148902, score : -4030.212545355229, Time : 23.017 s
Timestep : 157661, score : -4030.212545355229, Time : 22.991 s
Timestep : 166420, score : -4030.212545355229, Time : 22.998 s
Timestep : 175179, score : -4030.212545355229, Time : 22.976 s
Timestep : 183938, score : -4030.212545355229, Time : 23.065 s
Timestep : 192697, score : -4030.212545355229, Time : 23.074 s
Timestep : 201456, score : -4030.212545355229, Time : 23.086 s
Timestep : 210215, score : -4030.212545355229, Time : 23.054 s
Timestep : 218974, score : -4030.212545355229, Time : 23.054 s
Timestep : 227733, score : -4030.212545355229, Time : 23.05 s
Timestep : 236492, score : -4030.212545355229, Time : 23.05 s
Timestep : 245251, score : -4030.212545355229, Time : 23.027 s
Timestep : 254010, score : -4030.212545355229, Time : 23.023 s
Timestep : 262769, score : -4030.212545355229, Time : 23.026 s
Timestep : 271528, score : -4030.212545355229, Time : 23.042 s
Timestep : 280287, score : -4030.212545355229, Time : 23.023 s
Timestep : 289046, score : -4030.212545355229, Time : 23.023 s
Timestep : 297805, score : -4030.212545355229, Time : 23.08 s
Timestep : 306564, score : -4030.212545355229, Time : 23.054 s
Timestep : 315323, score : -4030.212545355229, Time : 23.051 s
Timestep : 324082, score : -4030.212545355229, Time : 23.06 s
Timestep : 332841, score : -4030.212545355229, Time : 23.021 s
Timestep : 341600, score : -4030.212545355229, Time : 23.018 s
Timestep : 350359, score : -4030.212545355229, Time : 22.943 s
Timestep : 359118, score : -4030.212545355229, Time : 22.878 s
Timestep : 367877, score : -4030.212545355229, Time : 22.843 s
Timestep : 376636, score : -4030.212545355229, Time : 22.867 s
Timestep : 385395, score : -4030.212545355229, Time : 22.859 s
Timestep : 394154, score : -4030.212545355229, Time : 22.871 s
Timestep : 402913, score : -4030.212545355229, Time : 22.874 s
Timestep : 411672, score : -4030.212545355229, Time : 22.878 s
Timestep : 420431, score : -4030.212545355229, Time : 23.052 s
Timestep : 429190, score : -4030.212545355229, Time : 23.014 s
Timestep : 437949, score : -4030.212545355229, Time : 22.998 s
Timestep : 446708, score : -4030.212545355229, Time : 22.997 s
Timestep : 455467, score : -4030.212545355229, Time : 23.022 s
Timestep : 464226, score : -4030.212545355229, Time : 23.024 s
Timestep : 472985, score : -4030.212545355229, Time : 23.004 s
Timestep : 481744, score : -4030.212545355229, Time : 23.041 s
Timestep : 490503, score : -4030.212545355229, Time : 23.028 s
Timestep : 499262, score : -4030.212545355229, Time : 23.017 s
Timestep : 508021, score : -4030.212545355229, Time : 23.028 s
Timestep : 516780, score : -4030.212545355229, Time : 23.022 s
Timestep : 525539, score : -4030.212545355229, Time : 22.909 s
Timestep : 534298, score : -4030.212545355229, Time : 22.711 s
Timestep : 543057, score : -4030.212545355229, Time : 23.011 s
Timestep : 551816, score : -4030.212545355229, Time : 23.03 s
Timestep : 560575, score : -4030.212545355229, Time : 23.018 s
Timestep : 569334, score : -4030.212545355229, Time : 22.96 s
Timestep : 578093, score : -4030.212545355229, Time : 22.937 s
Timestep : 586852, score : -4030.212545355229, Time : 22.891 s
Timestep : 595611, score : -4030.212545355229, Time : 22.378 s
Timestep : 604370, score : -4030.212545355229, Time : 22.401 s
Timestep : 613129, score : -4030.212545355229, Time : 22.987 s
Timestep : 621888, score : -4033.8823132714315, Time : 22.981 s
Timestep : 630647, score : -4030.212545355229, Time : 22.973 s
Timestep : 639406, score : -4030.212545355229, Time : 23.009 s
Timestep : 648165, score : -4030.212545355229, Time : 22.964 s
Timestep : 656924, score : -4030.212545355229, Time : 22.972 s
Timestep : 665683, score : -4030.212545355229, Time : 22.971 s
Timestep : 674442, score : -4030.212545355229, Time : 22.983 s
Timestep : 683201, score : -4033.6935059627576, Time : 23.001 s
Timestep : 691960, score : -4030.212545355229, Time : 22.958 s
Timestep : 700719, score : -4063.452105542092, Time : 22.989 s
Timestep : 709478, score : -4030.212545355229, Time : 22.984 s
Timestep : 718237, score : -4030.212545355229, Time : 22.968 s
Timestep : 726996, score : -4030.212545355229, Time : 23.011 s
Timestep : 735755, score : -4030.212545355229, Time : 22.974 s
Timestep : 744514, score : -4030.212545355229, Time : 22.981 s
Timestep : 753273, score : -4030.212545355229, Time : 23.001 s
Timestep : 762032, score : -4030.212545355229, Time : 23.004 s
Timestep : 770791, score : -4030.212545355229, Time : 22.971 s
Timestep : 779550, score : -4030.212545355229, Time : 23.001 s
Timestep : 788309, score : -4030.212545355229, Time : 22.985 s
Timestep : 797068, score : -4030.212545355229, Time : 22.992 s
Timestep : 805827, score : -4030.212545355229, Time : 22.949 s
Timestep : 814586, score : -4030.212545355229, Time : 22.984 s
Timestep : 823345, score : -4030.212545355229, Time : 22.989 s
Timestep : 832104, score : -4030.212545355229, Time : 22.976 s
Timestep : 840863, score : -4030.212545355229, Time : 22.949 s
Timestep : 849622, score : -4030.212545355229, Time : 22.974 s
Timestep : 858381, score : -4030.212545355229, Time : 22.703 s
Timestep : 867140, score : -4030.212545355229, Time : 22.858 s
Timestep : 875899, score : -4030.212545355229, Time : 22.921 s
Starting local evaluation
Num Steps: 1000, Num episodes: 0
Num Steps: 2000, Num episodes: 0
Num Steps: 3000, Num episodes: 0
Num Steps: 4000, Num episodes: 0
Num Steps: 5000, Num episodes: 0
Num Steps: 6000, Num episodes: 0
Num Steps: 7000, Num episodes: 0
Num Steps: 8000, Num episodes: 0
Episode complete: 1 | Latest episode metrics: {'price_cost': 1.0007473680726922, 'emmision_cost': 1.0013331948940953}
[-0.23132613] -0.23132612509258788
Average Price Cost: 1.0007473680726922
Average Emmision Cost: 1.0013331948940953
Average of both costs: 1.0010402814833936
Total time taken by agent: 3.6761246975511312s
DONE!
