{'agent': 'DQN', 'action_selection': 'egreedy', 'seed': 1, 'episodes': 100, 'data_path': 'data/citylearn_challenge_2022_phase_1', 'dry_run': False, 'n_discrete': 9, 'update_target': 8, 'lr': 0.001, 'batch_size': 256, 'adam_epsilon': 1e-09, 'epsilon_final': 0.01, 'run_id': 357}
{'Notes': 'This is a tuning run, executed on a single building.',
 'action_selection': 'egreedy',
 'adam_epsilon': 1e-09,
 'env': '<NormalizeObservation<OneHotHour<DiscreteSingle<CityLearnEnv '
        'instance>>>>',
 'final_exploration_rate': 0.02,
 'final_exploration_step': 1000,
 'gamma': 0.99,
 'initial_exploration_rate': 1,
 'learning_rate': 0.001,
 'loss': 'mse',
 'minibatch_size': 256,
 'network': 'MLP(\n'
            '  (layers): Sequential(\n'
            '    (0): Linear(in_features=29, out_features=128, bias=True)\n'
            '    (1): ReLU()\n'
            '    (2): Linear(in_features=128, out_features=128, bias=True)\n'
            '    (3): ReLU()\n'
            '    (4): Linear(in_features=128, out_features=9, bias=True)\n'
            '  )\n'
            ')',
 'replay_buffer_size': 10000,
 'replay_start_size': 256,
 'seed': 1,
 'train_steps': 876000,
 'update_frequency': 1,
 'update_target_frequency': 8,
 'weight_scale': 1.4142135623730951}
Timestep : 8758, score : -5776.090450793767, Time : 23.896 s
Timestep : 17517, score : -5023.601643167349, Time : 25.796 s
Timestep : 26276, score : -4396.913771658816, Time : 26.246 s
Timestep : 35035, score : -4709.690679112595, Time : 26.27 s
Timestep : 43794, score : -4763.590674509083, Time : 26.613 s
Timestep : 52553, score : -4736.936725090636, Time : 26.716 s
Timestep : 61312, score : -4244.0061604660295, Time : 26.8 s
Timestep : 70071, score : -3733.59467394909, Time : 26.697 s
Timestep : 78830, score : -3950.2391717321298, Time : 26.759 s
Timestep : 87589, score : -4235.821736872924, Time : 26.745 s
Timestep : 96348, score : -4010.9102715706285, Time : 26.735 s
Timestep : 105107, score : -3953.34093743666, Time : 26.802 s
Timestep : 113866, score : -3294.7804341703886, Time : 26.704 s
Timestep : 122625, score : -3144.110684170577, Time : 26.354 s
Timestep : 131384, score : -3121.7755506364883, Time : 26.885 s
Timestep : 140143, score : -2993.4851130594325, Time : 27.017 s
Timestep : 148902, score : -3230.608952540788, Time : 26.933 s
Timestep : 157661, score : -3171.563642693596, Time : 26.727 s
Timestep : 166420, score : -3301.398514543922, Time : 26.937 s
Timestep : 175179, score : -3801.223986231722, Time : 26.595 s
Timestep : 183938, score : -3449.4153264190827, Time : 26.619 s
Timestep : 192697, score : -3274.385808204446, Time : 26.621 s
Timestep : 201456, score : -3715.568137013499, Time : 26.492 s
Timestep : 210215, score : -4083.5557755189075, Time : 26.668 s
Timestep : 218974, score : -3636.579720962356, Time : 26.586 s
Timestep : 227733, score : -3512.858326445479, Time : 26.595 s
Timestep : 236492, score : -3773.0898128622503, Time : 26.567 s
Timestep : 245251, score : -3645.2630480460066, Time : 26.638 s
Timestep : 254010, score : -3760.3375592314696, Time : 26.891 s
Timestep : 262769, score : -3624.0658853471105, Time : 26.584 s
Timestep : 271528, score : -3558.303856050974, Time : 26.326 s
Timestep : 280287, score : -3511.215441055858, Time : 26.052 s
Timestep : 289046, score : -3454.602584924345, Time : 26.133 s
Timestep : 297805, score : -3820.602962633042, Time : 26.222 s
Timestep : 306564, score : -3220.149726207208, Time : 26.317 s
Timestep : 315323, score : -3369.9928481286624, Time : 26.087 s
Timestep : 324082, score : -3538.399298153614, Time : 26.142 s
Timestep : 332841, score : -3457.468310921642, Time : 26.146 s
Timestep : 341600, score : -3204.8880034499743, Time : 27.525 s
Timestep : 350359, score : -3326.4314609675494, Time : 27.402 s
Timestep : 359118, score : -3496.155371667701, Time : 27.648 s
Timestep : 367877, score : -3577.0605176353856, Time : 27.368 s
Timestep : 376636, score : -3342.072607559705, Time : 27.635 s
Timestep : 385395, score : -3605.977606680972, Time : 27.708 s
Timestep : 394154, score : -3372.0886855702556, Time : 27.566 s
Timestep : 402913, score : -3224.0850933410984, Time : 27.188 s
Timestep : 411672, score : -3424.569945885596, Time : 27.493 s
Timestep : 420431, score : -3344.6137438577425, Time : 27.723 s
Timestep : 429190, score : -3698.7037228660483, Time : 27.643 s
Timestep : 437949, score : -3567.1285699194123, Time : 27.404 s
Timestep : 446708, score : -3644.8960657557036, Time : 27.583 s
Timestep : 455467, score : -3236.3183457818377, Time : 27.608 s
Timestep : 464226, score : -3479.551101260775, Time : 27.725 s
Timestep : 472985, score : -3834.100684540026, Time : 27.585 s
Timestep : 481744, score : -3350.141309799248, Time : 27.719 s
Timestep : 490503, score : -3589.211537014955, Time : 27.678 s
Timestep : 499262, score : -3419.4075131443387, Time : 27.703 s
Timestep : 508021, score : -3400.6570664908213, Time : 27.641 s
Timestep : 516780, score : -3210.4355997599487, Time : 27.651 s
Timestep : 525539, score : -3620.3556005269347, Time : 27.407 s
Timestep : 534298, score : -3083.7521526484343, Time : 27.571 s
Timestep : 543057, score : -3459.196933994972, Time : 27.723 s
Timestep : 551816, score : -3630.7044084574154, Time : 27.609 s
Timestep : 560575, score : -3097.388441771356, Time : 27.748 s
Timestep : 569334, score : -3045.742809174146, Time : 27.642 s
Timestep : 578093, score : -3356.3719365118595, Time : 27.557 s
Timestep : 586852, score : -3238.8888529588294, Time : 27.464 s
Timestep : 595611, score : -3616.2849973537086, Time : 27.476 s
Timestep : 604370, score : -3570.6299809167685, Time : 27.61 s
Timestep : 613129, score : -3337.7223953171924, Time : 27.577 s
Timestep : 621888, score : -3276.5126628250873, Time : 27.615 s
Timestep : 630647, score : -3179.5365352910303, Time : 27.548 s
Timestep : 639406, score : -3420.062253836455, Time : 27.579 s
Timestep : 648165, score : -3299.146639390063, Time : 27.527 s
Timestep : 656924, score : -3238.9811284172174, Time : 27.12 s
Timestep : 665683, score : -3517.527345389666, Time : 27.183 s
Timestep : 674442, score : -3239.3373300187086, Time : 27.635 s
Timestep : 683201, score : -3363.7287175225356, Time : 27.487 s
Timestep : 691960, score : -3345.561292841172, Time : 27.575 s
Timestep : 700719, score : -3672.2434930490854, Time : 27.13 s
Timestep : 709478, score : -3546.8255128830497, Time : 27.314 s
Timestep : 718237, score : -3317.775106162604, Time : 27.346 s
Timestep : 726996, score : -3283.932195253001, Time : 27.585 s
Timestep : 735755, score : -3209.248876020618, Time : 27.557 s
Timestep : 744514, score : -3461.13844153026, Time : 26.574 s
Timestep : 753273, score : -3526.811330803699, Time : 26.317 s
Timestep : 762032, score : -3782.1986475066806, Time : 27.331 s
Timestep : 770791, score : -3113.8278875743563, Time : 27.65 s
Timestep : 779550, score : -3284.1415972694813, Time : 27.726 s
Timestep : 788309, score : -2974.9037370974256, Time : 27.199 s
Timestep : 797068, score : -2844.401387285936, Time : 26.629 s
Timestep : 805827, score : -3203.662126781419, Time : 26.615 s
Timestep : 814586, score : -3181.3617275399447, Time : 26.639 s
Timestep : 823345, score : -3295.633165858715, Time : 26.655 s
Timestep : 832104, score : -3464.8391328826547, Time : 26.55 s
Timestep : 840863, score : -3289.8810938686365, Time : 26.607 s
Timestep : 849622, score : -3718.842910262756, Time : 26.47 s
Timestep : 858381, score : -3392.9889189095993, Time : 26.544 s
Timestep : 867140, score : -3474.8278835139063, Time : 26.63 s
Timestep : 875899, score : -3549.269993521695, Time : 26.564 s
Starting local evaluation
Num Steps: 1000, Num episodes: 0
Num Steps: 2000, Num episodes: 0
Num Steps: 3000, Num episodes: 0
Num Steps: 4000, Num episodes: 0
Num Steps: 5000, Num episodes: 0
Num Steps: 6000, Num episodes: 0
Num Steps: 7000, Num episodes: 0
Num Steps: 8000, Num episodes: 0
Episode complete: 1 | Latest episode metrics: {'price_cost': 0.9202842956831258, 'emmision_cost': 1.0213553857184323}
[-0.19155734] -0.1915573356639334
Average Price Cost: 0.9202842956831258
Average Emmision Cost: 1.0213553857184323
Average of both costs: 0.9708198407007791
Total time taken by agent: 2.199233795516193s
DONE!
