{'agent': 'DQN', 'action_selection': 'softmax', 'seed': 1, 'episodes': 100, 'data_path': 'data/citylearn_challenge_2022_phase_1', 'dry_run': False, 'n_discrete': 9, 'update_target': 32, 'lr': 1e-05, 'batch_size': 8, 'adam_epsilon': 1e-05, 'epsilon_final': 0.02, 'run_id': 61}
{'Notes': 'This is a tuning run, executed on a single building.',
 'action_selection': 'softmax',
 'adam_epsilon': 1e-05,
 'env': '<NormalizeObservation<OneHotHour<DiscreteSingle<CityLearnEnv '
        'instance>>>>',
 'final_exploration_rate': 0.02,
 'final_exploration_step': 1000,
 'gamma': 0.99,
 'initial_exploration_rate': 1,
 'learning_rate': 1e-05,
 'loss': 'mse',
 'minibatch_size': 8,
 'network': 'MLP(\n'
            '  (layers): Sequential(\n'
            '    (0): Linear(in_features=29, out_features=128, bias=True)\n'
            '    (1): ReLU()\n'
            '    (2): Linear(in_features=128, out_features=128, bias=True)\n'
            '    (3): ReLU()\n'
            '    (4): Linear(in_features=128, out_features=9, bias=True)\n'
            '  )\n'
            ')',
 'replay_buffer_size': 10000,
 'replay_start_size': 8,
 'seed': 1,
 'train_steps': 876000,
 'update_frequency': 1,
 'update_target_frequency': 32,
 'weight_scale': 1.4142135623730951}
Timestep : 8758, score : -8852.359140087065, Time : 22.097 s
Timestep : 17517, score : -4394.505954199849, Time : 22.01 s
Timestep : 26276, score : -4611.965149787633, Time : 22.301 s
Timestep : 35035, score : -4291.500649863301, Time : 23.141 s
Timestep : 43794, score : -4144.110441093711, Time : 22.906 s
Timestep : 52553, score : -4264.826026628172, Time : 22.886 s
Timestep : 61312, score : -4533.30349496883, Time : 22.9 s
Timestep : 70071, score : -4581.582860801747, Time : 22.915 s
Timestep : 78830, score : -4393.487961293227, Time : 22.889 s
Timestep : 87589, score : -4241.814110835461, Time : 22.799 s
Timestep : 96348, score : -4386.634860092221, Time : 22.844 s
Timestep : 105107, score : -4401.668909979431, Time : 22.892 s
Timestep : 113866, score : -4396.157107742882, Time : 22.889 s
Timestep : 122625, score : -4348.557352249889, Time : 23.207 s
Timestep : 131384, score : -4241.606461339077, Time : 22.941 s
Timestep : 140143, score : -4190.4822513027175, Time : 22.226 s
Timestep : 148902, score : -4238.948654686479, Time : 22.711 s
Timestep : 157661, score : -4117.417367796486, Time : 22.71 s
Timestep : 166420, score : -4156.706505612543, Time : 22.753 s
Timestep : 175179, score : -4184.49093446639, Time : 22.736 s
Timestep : 183938, score : -4111.620477197139, Time : 22.767 s
Timestep : 192697, score : -4118.885979895858, Time : 22.763 s
Timestep : 201456, score : -4059.201184687583, Time : 22.767 s
Timestep : 210215, score : -4050.725324848114, Time : 22.795 s
Timestep : 218974, score : -4073.236228217749, Time : 22.97 s
Timestep : 227733, score : -4092.000644241838, Time : 23.042 s
Timestep : 236492, score : -4051.1663999756856, Time : 22.753 s
Timestep : 245251, score : -4066.6068126199825, Time : 22.744 s
Timestep : 254010, score : -4088.074742143115, Time : 22.349 s
Timestep : 262769, score : -4060.3588456739235, Time : 22.743 s
Timestep : 271528, score : -4055.9076777672453, Time : 22.501 s
Timestep : 280287, score : -4077.681472947268, Time : 22.635 s
Timestep : 289046, score : -4045.8194953402563, Time : 22.829 s
Timestep : 297805, score : -4066.706182763359, Time : 22.909 s
Timestep : 306564, score : -4102.973188605232, Time : 22.879 s
Timestep : 315323, score : -4100.284187493293, Time : 23.176 s
Timestep : 324082, score : -4037.722703843756, Time : 23.284 s
Timestep : 332841, score : -4040.9606018638297, Time : 22.685 s
Timestep : 341600, score : -4040.133181085257, Time : 22.606 s
Timestep : 350359, score : -4059.858576585917, Time : 22.733 s
Timestep : 359118, score : -4060.6617524543835, Time : 22.695 s
Timestep : 367877, score : -4048.044901092915, Time : 22.731 s
Timestep : 376636, score : -4036.577711155085, Time : 22.716 s
Timestep : 385395, score : -4072.422129003404, Time : 22.727 s
Timestep : 394154, score : -4099.591664438514, Time : 22.761 s
Timestep : 402913, score : -4048.109981077796, Time : 22.753 s
Timestep : 411672, score : -4111.748539985536, Time : 22.717 s
Timestep : 420431, score : -4093.9078048384545, Time : 23.185 s
Timestep : 429190, score : -4079.7282835143415, Time : 23.032 s
Timestep : 437949, score : -4092.0013298014237, Time : 22.753 s
Timestep : 446708, score : -4075.6170795262587, Time : 22.756 s
Timestep : 455467, score : -4070.8635493194743, Time : 22.777 s
Timestep : 464226, score : -4074.6870857555477, Time : 22.77 s
Timestep : 472985, score : -4084.7071435501857, Time : 22.589 s
Timestep : 481744, score : -4079.999549297063, Time : 22.594 s
Timestep : 490503, score : -4078.3236679447873, Time : 22.727 s
Timestep : 499262, score : -4101.163820936723, Time : 22.746 s
Timestep : 508021, score : -4062.8285714997037, Time : 22.744 s
Timestep : 516780, score : -4054.730823283462, Time : 22.834 s
Timestep : 525539, score : -4060.562779453656, Time : 22.527 s
Timestep : 534298, score : -4067.4595624556823, Time : 22.663 s
Timestep : 543057, score : -4044.844291207759, Time : 22.872 s
Timestep : 551816, score : -4084.9677932275517, Time : 22.872 s
Timestep : 560575, score : -4129.21290769559, Time : 22.923 s
Timestep : 569334, score : -4127.467241893901, Time : 22.878 s
Timestep : 578093, score : -4118.769948500587, Time : 22.677 s
Timestep : 586852, score : -4106.579465181945, Time : 22.662 s
Timestep : 595611, score : -4168.334508185653, Time : 22.739 s
Timestep : 604370, score : -4212.329115493601, Time : 22.81 s
Timestep : 613129, score : -4162.906700963998, Time : 22.832 s
Timestep : 621888, score : -4115.97186635845, Time : 23.172 s
Timestep : 630647, score : -4096.62342038886, Time : 22.792 s
Timestep : 639406, score : -4171.101527705861, Time : 22.802 s
Timestep : 648165, score : -4185.542590720026, Time : 22.896 s
Timestep : 656924, score : -4119.483106240703, Time : 22.953 s
Timestep : 665683, score : -4135.192155778597, Time : 22.963 s
Timestep : 674442, score : -4114.480216184078, Time : 22.904 s
DONE!
