{'agent': 'DQN', 'action_selection': 'egreedy', 'seed': 1, 'episodes': 100, 'data_path': 'data/citylearn_challenge_2022_phase_1', 'dry_run': False, 'n_discrete': 9, 'update_target': 16, 'lr': 0.03, 'batch_size': 1, 'adam_epsilon': 0.0001, 'epsilon_final': 0.04, 'run_id': 308}
{'Notes': 'This is a tuning run, executed on a single building.',
 'action_selection': 'egreedy',
 'adam_epsilon': 0.0001,
 'env': '<NormalizeObservation<OneHotHour<DiscreteSingle<CityLearnEnv '
        'instance>>>>',
 'final_exploration_rate': 0.02,
 'final_exploration_step': 1000,
 'gamma': 0.99,
 'initial_exploration_rate': 1,
 'learning_rate': 0.03,
 'loss': 'mse',
 'minibatch_size': 1,
 'network': 'MLP(\n'
            '  (layers): Sequential(\n'
            '    (0): Linear(in_features=29, out_features=128, bias=True)\n'
            '    (1): ReLU()\n'
            '    (2): Linear(in_features=128, out_features=128, bias=True)\n'
            '    (3): ReLU()\n'
            '    (4): Linear(in_features=128, out_features=9, bias=True)\n'
            '  )\n'
            ')',
 'replay_buffer_size': 10000,
 'replay_start_size': 1,
 'seed': 1,
 'train_steps': 876000,
 'update_frequency': 1,
 'update_target_frequency': 16,
 'weight_scale': 1.4142135623730951}
Timestep : 8758, score : -5998.7368009749625, Time : 25.566 s
Timestep : 17517, score : -5304.514719163097, Time : 24.991 s
Timestep : 26276, score : -5431.054287325387, Time : 21.547 s
Timestep : 35035, score : -5468.1891838154115, Time : 24.337 s
Timestep : 43794, score : -5623.282503802191, Time : 25.531 s
Timestep : 52553, score : -5454.936142069899, Time : 25.679 s
Timestep : 61312, score : -5616.553563685069, Time : 26.015 s
Timestep : 70071, score : -5333.965194789838, Time : 25.783 s
Timestep : 78830, score : -5743.291122220835, Time : 25.979 s
Timestep : 87589, score : -5424.494664653001, Time : 25.536 s
Timestep : 96348, score : -5128.115123164287, Time : 26.201 s
Timestep : 105107, score : -5562.06992561699, Time : 26.43 s
Timestep : 113866, score : -5431.2538513270265, Time : 25.616 s
Timestep : 122625, score : -5331.584248510102, Time : 26.203 s
Timestep : 131384, score : -5572.8516099659755, Time : 25.88 s
Timestep : 140143, score : -5602.793005120431, Time : 25.541 s
Timestep : 148902, score : -5374.8086886153615, Time : 25.782 s
Timestep : 157661, score : -6261.02051584849, Time : 25.803 s
Timestep : 166420, score : -5031.82063826613, Time : 26.992 s
Timestep : 175179, score : -5642.301710203785, Time : 25.6 s
Timestep : 183938, score : -4480.827448954369, Time : 26.988 s
Timestep : 192697, score : -4448.010032583406, Time : 27.071 s
Timestep : 201456, score : -4534.784450153777, Time : 26.697 s
Timestep : 210215, score : -4471.5093404403015, Time : 21.788 s
Timestep : 218974, score : -4486.1036177891365, Time : 21.807 s
Timestep : 227733, score : -4478.390162178694, Time : 21.815 s
Timestep : 236492, score : -4534.535567053972, Time : 21.811 s
Timestep : 245251, score : -4428.573922654061, Time : 21.819 s
Timestep : 254010, score : -4435.332414277858, Time : 21.831 s
Timestep : 262769, score : -4410.118973606644, Time : 23.555 s
Timestep : 271528, score : -4440.162869867316, Time : 22.434 s
Timestep : 280287, score : -4413.834886473051, Time : 22.364 s
Timestep : 289046, score : -4460.635332590391, Time : 25.864 s
Timestep : 297805, score : -4389.836798594712, Time : 27.051 s
Timestep : 306564, score : -4613.885076947889, Time : 26.104 s
Timestep : 315323, score : -4602.638627549357, Time : 25.542 s
Timestep : 324082, score : -4509.946530759407, Time : 25.554 s
Timestep : 332841, score : -4597.435375871559, Time : 24.121 s
Timestep : 341600, score : -4638.1997858838, Time : 21.555 s
Timestep : 350359, score : -4451.09919851218, Time : 21.573 s
Timestep : 359118, score : -4526.640177864028, Time : 23.382 s
Timestep : 367877, score : -4539.7571576099435, Time : 23.817 s
Timestep : 376636, score : -4521.057493744796, Time : 21.833 s
Timestep : 385395, score : -4644.435001932929, Time : 21.829 s
Timestep : 394154, score : -4453.158438184677, Time : 25.727 s
Timestep : 402913, score : -4507.185242758511, Time : 27.02 s
Timestep : 411672, score : -4536.209708180657, Time : 24.727 s
Timestep : 420431, score : -4570.470478735311, Time : 21.795 s
Timestep : 429190, score : -4628.842725462193, Time : 21.765 s
Timestep : 437949, score : -4435.763434407912, Time : 21.536 s
Timestep : 446708, score : -4471.021811212442, Time : 21.529 s
Timestep : 455467, score : -4547.542420731304, Time : 21.548 s
Timestep : 464226, score : -4429.8050382150395, Time : 25.395 s
Timestep : 472985, score : -4377.592266252643, Time : 25.485 s
Timestep : 481744, score : -4576.033062808594, Time : 26.752 s
Timestep : 490503, score : -4442.11820607612, Time : 25.503 s
Timestep : 499262, score : -4431.184824271506, Time : 25.525 s
Timestep : 508021, score : -4471.478218104137, Time : 25.509 s
Timestep : 516780, score : -4535.789503584063, Time : 26.268 s
Timestep : 525539, score : -4592.750804310112, Time : 26.968 s
Timestep : 534298, score : -4403.53153790292, Time : 25.78 s
Timestep : 543057, score : -4614.050848160317, Time : 25.84 s
Timestep : 551816, score : -4694.438232970802, Time : 25.841 s
Timestep : 560575, score : -4564.039128176315, Time : 25.575 s
Timestep : 569334, score : -4427.747158411337, Time : 25.573 s
Timestep : 578093, score : -4435.197847253716, Time : 25.892 s
Timestep : 586852, score : -4528.618232789828, Time : 25.535 s
Timestep : 595611, score : -4532.9667589789315, Time : 21.604 s
Timestep : 604370, score : -4466.320250390359, Time : 21.634 s
Timestep : 613129, score : -4479.03099500286, Time : 21.6 s
Timestep : 621888, score : -4638.712276609993, Time : 21.638 s
Timestep : 630647, score : -4549.2970321023895, Time : 21.571 s
Timestep : 639406, score : -4504.514052905521, Time : 21.548 s
Timestep : 648165, score : -4480.155907208478, Time : 21.564 s
Timestep : 656924, score : -4627.467968017241, Time : 21.576 s
Timestep : 665683, score : -4568.205032472877, Time : 22.532 s
Timestep : 674442, score : -4614.039931771724, Time : 21.588 s
Timestep : 683201, score : -4475.333105017809, Time : 21.605 s
Timestep : 691960, score : -4586.104979697062, Time : 21.595 s
Timestep : 700719, score : -4590.337626682274, Time : 21.544 s
Timestep : 709478, score : -4511.800344502, Time : 21.545 s
Timestep : 718237, score : -4416.939515635444, Time : 21.561 s
Timestep : 726996, score : -4564.523855375504, Time : 21.542 s
Timestep : 735755, score : -4442.112948215945, Time : 21.546 s
Timestep : 744514, score : -4538.055887446186, Time : 21.549 s
Timestep : 753273, score : -4522.6421976685815, Time : 24.336 s
Timestep : 762032, score : -4457.847071743017, Time : 25.544 s
Timestep : 770791, score : -4401.069290460466, Time : 23.298 s
Timestep : 779550, score : -4478.841619682877, Time : 21.544 s
Timestep : 788309, score : -4486.103878616734, Time : 21.555 s
Timestep : 797068, score : -4474.235061109444, Time : 21.544 s
Timestep : 805827, score : -4456.022758481471, Time : 21.539 s
Timestep : 814586, score : -4568.122290349944, Time : 21.553 s
Timestep : 823345, score : -4495.646022067318, Time : 21.54 s
Timestep : 832104, score : -4382.548412246077, Time : 21.537 s
Timestep : 840863, score : -4458.546690272546, Time : 21.563 s
Timestep : 849622, score : -4480.842165328475, Time : 21.539 s
Timestep : 858381, score : -4599.582114109682, Time : 21.535 s
Timestep : 867140, score : -4633.959165617271, Time : 21.548 s
Timestep : 875899, score : -4550.352670306718, Time : 21.539 s
Starting local evaluation
Num Steps: 1000, Num episodes: 0
Num Steps: 2000, Num episodes: 0
Num Steps: 3000, Num episodes: 0
Num Steps: 4000, Num episodes: 0
Num Steps: 5000, Num episodes: 0
Num Steps: 6000, Num episodes: 0
Num Steps: 7000, Num episodes: 0
Num Steps: 8000, Num episodes: 0
Episode complete: 1 | Latest episode metrics: {'price_cost': 1.0175999469470212, 'emmision_cost': 1.021479228256733}
[-0.2540031] -0.2540030983225049
Average Price Cost: 1.0175999469470212
Average Emmision Cost: 1.021479228256733
Average of both costs: 1.0195395876018771
Total time taken by agent: 2.5495027899742126s
DONE!
