{'agent': 'DQN', 'action_selection': 'egreedy', 'seed': 1, 'episodes': 100, 'data_path': 'data/citylearn_challenge_2022_phase_1', 'dry_run': False, 'n_discrete': 9, 'update_target': 8, 'lr': 3e-05, 'batch_size': 128, 'adam_epsilon': 1e-06, 'epsilon_final': 0.06, 'run_id': 354}
{'Notes': 'This is a tuning run, executed on a single building.',
 'action_selection': 'egreedy',
 'adam_epsilon': 1e-06,
 'env': '<NormalizeObservation<OneHotHour<DiscreteSingle<CityLearnEnv '
        'instance>>>>',
 'final_exploration_rate': 0.02,
 'final_exploration_step': 1000,
 'gamma': 0.99,
 'initial_exploration_rate': 1,
 'learning_rate': 3e-05,
 'loss': 'mse',
 'minibatch_size': 128,
 'network': 'MLP(\n'
            '  (layers): Sequential(\n'
            '    (0): Linear(in_features=29, out_features=128, bias=True)\n'
            '    (1): ReLU()\n'
            '    (2): Linear(in_features=128, out_features=128, bias=True)\n'
            '    (3): ReLU()\n'
            '    (4): Linear(in_features=128, out_features=9, bias=True)\n'
            '  )\n'
            ')',
 'replay_buffer_size': 10000,
 'replay_start_size': 128,
 'seed': 1,
 'train_steps': 876000,
 'update_frequency': 1,
 'update_target_frequency': 8,
 'weight_scale': 1.4142135623730951}
Timestep : 8758, score : -5705.386060557939, Time : 22.488 s
Timestep : 17517, score : -5209.248191260529, Time : 22.981 s
Timestep : 26276, score : -4936.02914335586, Time : 23.157 s
Timestep : 35035, score : -4506.598687641701, Time : 23.184 s
Timestep : 43794, score : -4420.988546078472, Time : 23.093 s
Timestep : 52553, score : -4710.117137672758, Time : 23.226 s
Timestep : 61312, score : -4571.738878876393, Time : 23.277 s
Timestep : 70071, score : -4546.004950924893, Time : 23.317 s
Timestep : 78830, score : -4598.150091263888, Time : 23.06 s
Timestep : 87589, score : -4626.338981774083, Time : 23.109 s
Timestep : 96348, score : -4501.515927257133, Time : 23.068 s
Timestep : 105107, score : -4557.831252112432, Time : 23.236 s
Timestep : 113866, score : -4534.280095640948, Time : 23.306 s
Timestep : 122625, score : -4498.49061061666, Time : 23.309 s
Timestep : 131384, score : -4525.860590287557, Time : 23.239 s
Timestep : 140143, score : -4455.5278448019235, Time : 23.319 s
Timestep : 148902, score : -4283.695649564645, Time : 23.323 s
Timestep : 157661, score : -4219.44129367618, Time : 23.322 s
Timestep : 166420, score : -2921.3742176778906, Time : 23.32 s
Timestep : 175179, score : -2811.581210697448, Time : 23.24 s
Timestep : 183938, score : -3103.514178190293, Time : 23.05 s
Timestep : 192697, score : -3086.0659228167788, Time : 23.138 s
Timestep : 201456, score : -2813.8389467083907, Time : 23.114 s
Timestep : 210215, score : -2829.1683382646006, Time : 23.041 s
Timestep : 218974, score : -2697.6789950828825, Time : 23.078 s
Timestep : 227733, score : -2064.2194665105635, Time : 23.121 s
Timestep : 236492, score : -2264.14060890353, Time : 23.054 s
Timestep : 245251, score : -2171.031054447667, Time : 23.063 s
Timestep : 254010, score : -2216.285152698576, Time : 23.093 s
Timestep : 262769, score : -2203.934132191218, Time : 23.071 s
Timestep : 271528, score : -2108.282347144297, Time : 23.099 s
Timestep : 280287, score : -2106.553897007132, Time : 23.203 s
Timestep : 289046, score : -2435.508090623276, Time : 23.235 s
Timestep : 297805, score : -2399.5658002083073, Time : 23.106 s
Timestep : 306564, score : -2156.7530468129844, Time : 23.084 s
Timestep : 315323, score : -2735.9587028004753, Time : 23.093 s
Timestep : 324082, score : -2149.065617521497, Time : 23.297 s
Timestep : 332841, score : -2091.0600378698728, Time : 23.33 s
Timestep : 341600, score : -1893.3272684152398, Time : 23.262 s
Timestep : 350359, score : -2072.7854840753134, Time : 23.103 s
Timestep : 359118, score : -1956.0033421454427, Time : 23.06 s
Timestep : 367877, score : -2001.321991499106, Time : 23.094 s
Timestep : 376636, score : -1986.002419868164, Time : 23.182 s
Timestep : 385395, score : -2219.7789589940803, Time : 23.049 s
Timestep : 394154, score : -2214.199047120899, Time : 23.042 s
Timestep : 402913, score : -2088.2653987632075, Time : 23.044 s
Timestep : 411672, score : -2246.6964035114797, Time : 23.038 s
Timestep : 420431, score : -2266.298136190191, Time : 22.994 s
Timestep : 429190, score : -2271.3358122625796, Time : 23.042 s
Timestep : 437949, score : -2178.591224779637, Time : 23.072 s
Timestep : 446708, score : -2189.6153333905677, Time : 23.014 s
Timestep : 455467, score : -2193.20428797559, Time : 23.022 s
Timestep : 464226, score : -2105.916641236079, Time : 23.018 s
Timestep : 472985, score : -2351.5394416163617, Time : 23.054 s
Timestep : 481744, score : -2022.0878819051723, Time : 23.07 s
Timestep : 490503, score : -2752.7941222363443, Time : 23.386 s
Timestep : 499262, score : -2375.7830126970803, Time : 23.2 s
Timestep : 508021, score : -2311.2415616973594, Time : 23.213 s
Timestep : 516780, score : -2396.086901372546, Time : 23.141 s
Timestep : 525539, score : -2330.5321528035274, Time : 23.091 s
Timestep : 534298, score : -2098.1890100655437, Time : 23.096 s
Timestep : 543057, score : -2052.022568014945, Time : 23.119 s
Timestep : 551816, score : -2167.003460477368, Time : 23.147 s
Timestep : 560575, score : -2059.94036225279, Time : 23.087 s
Timestep : 569334, score : -1970.572314811492, Time : 23.094 s
Timestep : 578093, score : -2363.8096824621607, Time : 23.179 s
Timestep : 586852, score : -1871.2786873131117, Time : 23.154 s
Timestep : 595611, score : -2242.5210406979604, Time : 23.083 s
Timestep : 604370, score : -1985.834741209197, Time : 23.063 s
Timestep : 613129, score : -2200.9254581427813, Time : 23.055 s
Timestep : 621888, score : -2210.4237143012288, Time : 23.09 s
Timestep : 630647, score : -1934.9922994574445, Time : 23.068 s
Timestep : 639406, score : -2198.9006252024265, Time : 23.117 s
Timestep : 648165, score : -1802.5883025506264, Time : 23.082 s
Timestep : 656924, score : -2139.1449839332636, Time : 23.124 s
Timestep : 665683, score : -2208.272797980142, Time : 23.077 s
Timestep : 674442, score : -2004.9312204646703, Time : 23.189 s
Timestep : 683201, score : -2065.5139021276846, Time : 23.297 s
Timestep : 691960, score : -2113.77274605204, Time : 23.25 s
Timestep : 700719, score : -2101.2273369750765, Time : 23.313 s
Timestep : 709478, score : -2063.8344381481, Time : 23.215 s
Timestep : 718237, score : -2104.803859251697, Time : 23.106 s
Timestep : 726996, score : -2177.058373010863, Time : 23.097 s
Timestep : 735755, score : -2104.5649614179565, Time : 23.348 s
Timestep : 744514, score : -2109.0762691035925, Time : 22.993 s
Timestep : 753273, score : -2073.198998465581, Time : 24.365 s
Timestep : 762032, score : -2236.4246266177215, Time : 23.46 s
Timestep : 770791, score : -1936.732787343004, Time : 23.752 s
Timestep : 779550, score : -2181.6258577660483, Time : 23.576 s
Timestep : 788309, score : -2317.5578612828685, Time : 23.196 s
Timestep : 797068, score : -2249.4172588925867, Time : 23.269 s
Timestep : 805827, score : -2161.6336378819833, Time : 23.104 s
Timestep : 814586, score : -2178.948086764576, Time : 23.053 s
Timestep : 823345, score : -2276.602860921441, Time : 23.202 s
Timestep : 832104, score : -2093.664039366151, Time : 23.247 s
Timestep : 840863, score : -2349.7790897500527, Time : 23.23 s
Timestep : 849622, score : -2179.6625286958006, Time : 23.241 s
Timestep : 858381, score : -2555.579446132964, Time : 23.391 s
Timestep : 867140, score : -2319.9274899290467, Time : 23.667 s
Timestep : 875899, score : -2178.674469818274, Time : 23.287 s
Starting local evaluation
Num Steps: 1000, Num episodes: 0
Num Steps: 2000, Num episodes: 0
Num Steps: 3000, Num episodes: 0
Num Steps: 4000, Num episodes: 0
Num Steps: 5000, Num episodes: 0
Num Steps: 6000, Num episodes: 0
Num Steps: 7000, Num episodes: 0
Num Steps: 8000, Num episodes: 0
Episode complete: 1 | Latest episode metrics: {'price_cost': 0.8907900644876602, 'emmision_cost': 0.9591023132742756}
[-0.13595682] -0.1359568173616272
Average Price Cost: 0.8907900644876602
Average Emmision Cost: 0.9591023132742756
Average of both costs: 0.9249461888809679
Total time taken by agent: 2.140827673836611s
DONE!
