{'agent': 'DQN', 'action_selection': 'egreedy', 'seed': 1, 'episodes': 100, 'data_path': 'data/citylearn_challenge_2022_phase_1', 'dry_run': False, 'n_discrete': 9, 'update_target': 8, 'lr': 0.003, 'batch_size': 8, 'adam_epsilon': 1e-09, 'epsilon_final': 0.02, 'run_id': 373}
{'Notes': 'This is a tuning run, executed on a single building.',
 'action_selection': 'egreedy',
 'adam_epsilon': 1e-09,
 'env': '<NormalizeObservation<OneHotHour<DiscreteSingle<CityLearnEnv '
        'instance>>>>',
 'final_exploration_rate': 0.02,
 'final_exploration_step': 1000,
 'gamma': 0.99,
 'initial_exploration_rate': 1,
 'learning_rate': 0.003,
 'loss': 'mse',
 'minibatch_size': 8,
 'network': 'MLP(\n'
            '  (layers): Sequential(\n'
            '    (0): Linear(in_features=29, out_features=128, bias=True)\n'
            '    (1): ReLU()\n'
            '    (2): Linear(in_features=128, out_features=128, bias=True)\n'
            '    (3): ReLU()\n'
            '    (4): Linear(in_features=128, out_features=9, bias=True)\n'
            '  )\n'
            ')',
 'replay_buffer_size': 10000,
 'replay_start_size': 8,
 'seed': 1,
 'train_steps': 876000,
 'update_frequency': 1,
 'update_target_frequency': 8,
 'weight_scale': 1.4142135623730951}
Timestep : 8758, score : -7195.084781061349, Time : 23.955 s
Timestep : 17517, score : -10504.129813010062, Time : 24.174 s
Timestep : 26276, score : -7870.883194794558, Time : 24.252 s
Timestep : 35035, score : -11407.350443167728, Time : 24.188 s
Timestep : 43794, score : -5324.781186540989, Time : 24.325 s
Timestep : 52553, score : -9508.957863422365, Time : 24.342 s
Timestep : 61312, score : -7823.466383551502, Time : 24.426 s
Timestep : 70071, score : -4578.202705231874, Time : 24.424 s
Timestep : 78830, score : -4517.08207600881, Time : 24.424 s
Timestep : 87589, score : -4546.69509196133, Time : 24.118 s
Timestep : 96348, score : -4630.616955699545, Time : 24.28 s
Timestep : 105107, score : -4456.396513032174, Time : 24.293 s
Timestep : 113866, score : -4462.923502465157, Time : 24.308 s
Timestep : 122625, score : -4450.484796218952, Time : 24.532 s
Timestep : 131384, score : -4411.116886594711, Time : 24.301 s
Timestep : 140143, score : -4631.089889740018, Time : 24.202 s
Timestep : 148902, score : -4475.412045670004, Time : 24.109 s
Timestep : 157661, score : -4508.12760500834, Time : 24.14 s
Timestep : 166420, score : -4516.811961924104, Time : 24.445 s
Timestep : 175179, score : -4551.981125778897, Time : 24.392 s
Timestep : 183938, score : -4508.776716260152, Time : 24.102 s
Timestep : 192697, score : -4460.1073055315355, Time : 24.441 s
Timestep : 201456, score : -4598.818412938534, Time : 24.241 s
Timestep : 210215, score : -4529.337749050377, Time : 24.363 s
Timestep : 218974, score : -4364.393646999175, Time : 24.501 s
Timestep : 227733, score : -4486.702338192059, Time : 24.568 s
Timestep : 236492, score : -4478.896809936879, Time : 24.493 s
Timestep : 245251, score : -4552.9809994095995, Time : 24.347 s
Timestep : 254010, score : -4572.890665345272, Time : 24.072 s
Timestep : 262769, score : -4471.866849344602, Time : 24.258 s
Timestep : 271528, score : -4422.533688125579, Time : 24.342 s
Timestep : 280287, score : -4583.3908451416355, Time : 24.458 s
Timestep : 289046, score : -4469.786040683772, Time : 24.397 s
Timestep : 297805, score : -4524.071728107898, Time : 24.364 s
Timestep : 306564, score : -4560.058464752074, Time : 24.332 s
Timestep : 315323, score : -4545.111695324449, Time : 24.233 s
Timestep : 324082, score : -4425.009109327017, Time : 24.416 s
Timestep : 332841, score : -4493.99796609029, Time : 24.545 s
Timestep : 341600, score : -4525.48097875659, Time : 24.468 s
Timestep : 350359, score : -4486.620403820096, Time : 24.523 s
Timestep : 359118, score : -4558.845626601396, Time : 24.581 s
Timestep : 367877, score : -4583.520075424487, Time : 24.613 s
Timestep : 376636, score : -4490.98684105408, Time : 24.503 s
Timestep : 385395, score : -4530.302341008006, Time : 24.573 s
Timestep : 394154, score : -4429.813592155842, Time : 24.369 s
Timestep : 402913, score : -4453.3227606731525, Time : 24.567 s
Timestep : 411672, score : -4567.484691622114, Time : 24.443 s
Timestep : 420431, score : -4609.25575100226, Time : 24.25 s
Timestep : 429190, score : -4413.568493408529, Time : 24.468 s
Timestep : 437949, score : -4474.530927579297, Time : 24.678 s
Timestep : 446708, score : -4462.203772944777, Time : 24.514 s
Timestep : 455467, score : -4356.705223135097, Time : 24.576 s
Timestep : 464226, score : -4405.484582939564, Time : 24.595 s
Timestep : 472985, score : -4494.087800291745, Time : 24.387 s
Timestep : 481744, score : -4365.564886410168, Time : 24.198 s
Timestep : 490503, score : -4527.221688117279, Time : 24.329 s
Timestep : 499262, score : -4466.484445422335, Time : 24.344 s
Timestep : 508021, score : -4458.929835787072, Time : 24.599 s
Timestep : 516780, score : -4495.891085710522, Time : 24.543 s
Timestep : 525539, score : -4500.027385511814, Time : 24.555 s
Timestep : 534298, score : -4404.526050973596, Time : 24.394 s
Timestep : 543057, score : -4441.084142429201, Time : 24.448 s
Timestep : 551816, score : -4321.452194594225, Time : 24.507 s
Timestep : 560575, score : -4293.593435028015, Time : 24.466 s
Timestep : 569334, score : -4515.676021436258, Time : 24.535 s
Timestep : 578093, score : -4535.993986790447, Time : 24.616 s
Timestep : 586852, score : -4539.467301194934, Time : 24.54 s
Timestep : 595611, score : -4419.348729631354, Time : 24.525 s
Timestep : 604370, score : -4444.4368708683905, Time : 24.277 s
Timestep : 613129, score : -4484.140008586837, Time : 24.329 s
Timestep : 621888, score : -4400.58042554502, Time : 24.48 s
Timestep : 630647, score : -4603.150491452223, Time : 24.544 s
Timestep : 639406, score : -4538.701040641783, Time : 24.433 s
Timestep : 648165, score : -4473.566619573539, Time : 24.523 s
Timestep : 656924, score : -4545.659303394525, Time : 24.551 s
Timestep : 665683, score : -4595.974491334433, Time : 24.532 s
Timestep : 674442, score : -4455.498031889467, Time : 24.507 s
Timestep : 683201, score : -4544.6876038675255, Time : 24.582 s
Timestep : 691960, score : -4599.395235115109, Time : 24.52 s
Timestep : 700719, score : -4626.978167311667, Time : 24.61 s
Timestep : 709478, score : -4442.185190725519, Time : 24.528 s
Timestep : 718237, score : -4482.113290164067, Time : 24.377 s
Timestep : 726996, score : -4445.739495966962, Time : 24.196 s
Timestep : 735755, score : -4581.742602293758, Time : 24.173 s
Timestep : 744514, score : -4419.725432539737, Time : 24.243 s
Timestep : 753273, score : -4522.209392049728, Time : 24.32 s
Timestep : 762032, score : -4380.900699025442, Time : 24.325 s
Timestep : 770791, score : -4388.464396040683, Time : 24.194 s
Timestep : 779550, score : -4366.370783955237, Time : 24.328 s
Timestep : 788309, score : -4360.099083583249, Time : 24.257 s
Timestep : 797068, score : -4430.046190961642, Time : 24.204 s
Timestep : 805827, score : -4407.544001872098, Time : 24.221 s
Timestep : 814586, score : -4433.774093977554, Time : 24.235 s
Timestep : 823345, score : -4438.386644979386, Time : 24.281 s
Timestep : 832104, score : -4437.838766877918, Time : 24.175 s
Timestep : 840863, score : -4515.766612437932, Time : 24.342 s
Timestep : 849622, score : -4643.918190068944, Time : 24.327 s
Timestep : 858381, score : -4471.153517472005, Time : 24.262 s
Timestep : 867140, score : -4516.716138509946, Time : 20.678 s
Timestep : 875899, score : -4439.826020684166, Time : 19.39 s
Starting local evaluation
Num Steps: 1000, Num episodes: 0
Num Steps: 2000, Num episodes: 0
Num Steps: 3000, Num episodes: 0
Num Steps: 4000, Num episodes: 0
Num Steps: 5000, Num episodes: 0
Num Steps: 6000, Num episodes: 0
Num Steps: 7000, Num episodes: 0
Num Steps: 8000, Num episodes: 0
Episode complete: 1 | Latest episode metrics: {'price_cost': 1.0117829549016841, 'emmision_cost': 1.011514789514634}
[-0.244401] -0.24440099923839098
Average Price Cost: 1.0117829549016841
Average Emmision Cost: 1.011514789514634
Average of both costs: 1.0116488722081591
Total time taken by agent: 2.190883159637451s
DONE!
