{'agent': 'DQN', 'action_selection': 'softmax', 'seed': 1, 'episodes': 100, 'data_path': 'data/citylearn_challenge_2022_phase_1', 'dry_run': False, 'n_discrete': 9, 'update_target': 32, 'lr': 0.0007, 'batch_size': 32, 'adam_epsilon': 1e-08, 'epsilon_final': 0.02, 'run_id': 149}
{'Notes': 'This is a tuning run, executed on a single building.',
 'action_selection': 'softmax',
 'adam_epsilon': 1e-08,
 'env': '<NormalizeObservation<OneHotHour<DiscreteSingle<CityLearnEnv '
        'instance>>>>',
 'final_exploration_rate': 0.02,
 'final_exploration_step': 1000,
 'gamma': 0.99,
 'initial_exploration_rate': 1,
 'learning_rate': 0.0007,
 'loss': 'mse',
 'minibatch_size': 32,
 'network': 'MLP(\n'
            '  (layers): Sequential(\n'
            '    (0): Linear(in_features=29, out_features=128, bias=True)\n'
            '    (1): ReLU()\n'
            '    (2): Linear(in_features=128, out_features=128, bias=True)\n'
            '    (3): ReLU()\n'
            '    (4): Linear(in_features=128, out_features=9, bias=True)\n'
            '  )\n'
            ')',
 'replay_buffer_size': 10000,
 'replay_start_size': 32,
 'seed': 1,
 'train_steps': 876000,
 'update_frequency': 1,
 'update_target_frequency': 32,
 'weight_scale': 1.4142135623730951}
Timestep : 8758, score : -4797.3731698534975, Time : 23.141 s
Timestep : 17517, score : -3805.2635167924745, Time : 20.847 s
Timestep : 26276, score : -3301.6344259403704, Time : 20.871 s
Timestep : 35035, score : -3517.076025181712, Time : 20.793 s
Timestep : 43794, score : -3077.3173867329315, Time : 20.871 s
Timestep : 52553, score : -3092.2922064173326, Time : 20.995 s
Timestep : 61312, score : -3202.1348272164178, Time : 20.948 s
Timestep : 70071, score : -2954.0510974980716, Time : 20.834 s
Timestep : 78830, score : -2961.336257945193, Time : 20.83 s
Timestep : 87589, score : -2687.566032254632, Time : 20.926 s
Timestep : 96348, score : -2608.6382941786724, Time : 20.903 s
Timestep : 105107, score : -2309.3587234628503, Time : 21.056 s
Timestep : 113866, score : -2404.0550079415843, Time : 20.904 s
Timestep : 122625, score : -2169.4423768248234, Time : 21.028 s
Timestep : 131384, score : -2144.909858521918, Time : 20.987 s
Timestep : 140143, score : -2073.1825548421184, Time : 21.778 s
Timestep : 148902, score : -1994.1779945397575, Time : 22.641 s
Timestep : 157661, score : -1819.6509306575463, Time : 21.25 s
Timestep : 166420, score : -1687.9374447821465, Time : 20.998 s
Timestep : 175179, score : -1732.1766582635755, Time : 20.892 s
Timestep : 183938, score : -1802.2134626379993, Time : 24.767 s
Timestep : 192697, score : -1719.831357479823, Time : 26.353 s
Timestep : 201456, score : -1849.9788169404055, Time : 26.182 s
Timestep : 210215, score : -1650.405945052189, Time : 25.922 s
Timestep : 218974, score : -1621.9949823544885, Time : 26.09 s
Timestep : 227733, score : -1788.3493885549542, Time : 26.074 s
Timestep : 236492, score : -1610.8108068609436, Time : 24.225 s
Timestep : 245251, score : -1588.8522890715685, Time : 20.854 s
Timestep : 254010, score : -1692.612791902182, Time : 21.05 s
Timestep : 262769, score : -1523.0300755758653, Time : 20.998 s
Timestep : 271528, score : -1636.796652518009, Time : 20.8 s
Timestep : 280287, score : -1476.382491997676, Time : 20.985 s
Timestep : 289046, score : -1492.8420672396023, Time : 21.052 s
Timestep : 297805, score : -1380.5161564813752, Time : 21.336 s
Timestep : 306564, score : -1422.745213191869, Time : 22.486 s
Timestep : 315323, score : -1387.1466738377057, Time : 21.049 s
Timestep : 324082, score : -1307.2965393238992, Time : 22.134 s
Timestep : 332841, score : -1493.5694464803964, Time : 26.387 s
Timestep : 341600, score : -1428.8386429108505, Time : 25.595 s
Timestep : 350359, score : -1306.222273407533, Time : 25.63 s
Timestep : 359118, score : -1453.1441207386379, Time : 26.092 s
Timestep : 367877, score : -1407.1960553590034, Time : 25.963 s
Timestep : 376636, score : -1468.6880676541768, Time : 26.074 s
Timestep : 385395, score : -1355.3690055997868, Time : 26.097 s
Timestep : 394154, score : -1419.5596060054668, Time : 26.087 s
Timestep : 402913, score : -1300.7120567612874, Time : 26.156 s
Timestep : 411672, score : -1294.0427341838658, Time : 25.947 s
Timestep : 420431, score : -1296.4963262749661, Time : 26.398 s
Timestep : 429190, score : -1356.0037452108518, Time : 26.508 s
Timestep : 437949, score : -1383.4733654818556, Time : 26.397 s
Timestep : 446708, score : -1491.014595047367, Time : 26.15 s
Timestep : 455467, score : -1283.4768155625788, Time : 26.347 s
Timestep : 464226, score : -1272.2214577626728, Time : 26.39 s
Timestep : 472985, score : -1355.635294296575, Time : 26.388 s
Timestep : 481744, score : -1380.7877567613323, Time : 26.212 s
Timestep : 490503, score : -1325.4655454283638, Time : 26.116 s
Timestep : 499262, score : -1331.834087660798, Time : 26.257 s
Timestep : 508021, score : -1381.185541797924, Time : 25.782 s
Timestep : 516780, score : -1286.8166503256944, Time : 26.367 s
Timestep : 525539, score : -1468.1673225509294, Time : 26.284 s
Timestep : 534298, score : -1443.7064768181008, Time : 26.371 s
Timestep : 543057, score : -1496.9098334568844, Time : 24.642 s
Timestep : 551816, score : -1558.5410432508506, Time : 25.475 s
Timestep : 560575, score : -1352.1435576209624, Time : 23.418 s
Timestep : 569334, score : -1492.025239391165, Time : 21.414 s
Timestep : 578093, score : -1337.3724798838666, Time : 22.943 s
Timestep : 586852, score : -1346.2590109294106, Time : 26.129 s
Timestep : 595611, score : -1346.2735807859863, Time : 26.171 s
Timestep : 604370, score : -1329.3879684687417, Time : 26.396 s
Timestep : 613129, score : -1393.8579675352958, Time : 26.394 s
Timestep : 621888, score : -1395.213639689755, Time : 26.369 s
Timestep : 630647, score : -1393.0540262051218, Time : 26.585 s
Timestep : 639406, score : -1333.9318176994857, Time : 26.056 s
Timestep : 648165, score : -1285.3871141181153, Time : 22.726 s
Timestep : 656924, score : -1388.0085970533837, Time : 22.085 s
Timestep : 665683, score : -1345.9845030091528, Time : 21.163 s
Timestep : 674442, score : -1329.3272090086539, Time : 21.443 s
Timestep : 683201, score : -1345.8963273752306, Time : 21.196 s
Timestep : 691960, score : -1328.6158407673065, Time : 21.914 s
Timestep : 700719, score : -1349.3916047904931, Time : 21.023 s
Timestep : 709478, score : -1355.9375797896937, Time : 25.935 s
Timestep : 718237, score : -1399.7091312726552, Time : 26.285 s
Timestep : 726996, score : -1372.2144532229577, Time : 26.532 s
Timestep : 735755, score : -1245.5764545798593, Time : 26.428 s
Timestep : 744514, score : -1217.062804204208, Time : 26.461 s
Timestep : 753273, score : -1334.156539163465, Time : 26.442 s
Timestep : 762032, score : -1299.3516418587242, Time : 26.42 s
Timestep : 770791, score : -1393.3682051054493, Time : 26.503 s
Timestep : 779550, score : -1392.627718413045, Time : 26.387 s
Timestep : 788309, score : -1409.486373559601, Time : 23.669 s
Timestep : 797068, score : -1302.9697299045802, Time : 22.404 s
Timestep : 805827, score : -1189.718689054047, Time : 22.776 s
Timestep : 814586, score : -1282.977381092991, Time : 24.729 s
Timestep : 823345, score : -1269.258954667166, Time : 25.789 s
Timestep : 832104, score : -1310.856167226244, Time : 25.584 s
Timestep : 840863, score : -1253.3848264606495, Time : 25.562 s
Timestep : 849622, score : -1362.476278320566, Time : 25.65 s
Timestep : 858381, score : -1300.4656846865837, Time : 24.794 s
Timestep : 867140, score : -1215.1436892415222, Time : 24.785 s
Timestep : 875899, score : -1178.702539255406, Time : 25.739 s
Starting local evaluation
Num Steps: 1000, Num episodes: 0
Num Steps: 2000, Num episodes: 0
Num Steps: 3000, Num episodes: 0
Num Steps: 4000, Num episodes: 0
Num Steps: 5000, Num episodes: 0
Num Steps: 6000, Num episodes: 0
Num Steps: 7000, Num episodes: 0
Num Steps: 8000, Num episodes: 0
Episode complete: 1 | Latest episode metrics: {'price_cost': 0.8384242758928689, 'emmision_cost': 0.9178447459104869}
[-0.07807353] -0.07807352704185377
Average Price Cost: 0.8384242758928689
Average Emmision Cost: 0.9178447459104869
Average of both costs: 0.8781345109016779
Total time taken by agent: 3.977924863807857s
DONE!
