{'agent': 'DQN', 'action_selection': 'egreedy', 'seed': 1, 'episodes': 100, 'data_path': 'data/citylearn_challenge_2022_phase_1', 'dry_run': False, 'n_discrete': 9, 'update_target': 8, 'lr': 0.003, 'batch_size': 64, 'adam_epsilon': 1e-05, 'epsilon_final': 0.08, 'run_id': 257}
{'Notes': 'This is a tuning run, executed on a single building.',
 'action_selection': 'egreedy',
 'adam_epsilon': 1e-05,
 'env': '<NormalizeObservation<OneHotHour<DiscreteSingle<CityLearnEnv '
        'instance>>>>',
 'final_exploration_rate': 0.02,
 'final_exploration_step': 1000,
 'gamma': 0.99,
 'initial_exploration_rate': 1,
 'learning_rate': 0.003,
 'loss': 'mse',
 'minibatch_size': 64,
 'network': 'MLP(\n'
            '  (layers): Sequential(\n'
            '    (0): Linear(in_features=29, out_features=128, bias=True)\n'
            '    (1): ReLU()\n'
            '    (2): Linear(in_features=128, out_features=128, bias=True)\n'
            '    (3): ReLU()\n'
            '    (4): Linear(in_features=128, out_features=9, bias=True)\n'
            '  )\n'
            ')',
 'replay_buffer_size': 10000,
 'replay_start_size': 64,
 'seed': 1,
 'train_steps': 876000,
 'update_frequency': 1,
 'update_target_frequency': 8,
 'weight_scale': 1.4142135623730951}
Timestep : 8758, score : -9866.580558343165, Time : 20.671 s
Timestep : 17517, score : -10062.147037025148, Time : 20.761 s
Timestep : 26276, score : -9105.626574378766, Time : 20.844 s
Timestep : 35035, score : -9600.197869451047, Time : 20.862 s
Timestep : 43794, score : -10791.229169262806, Time : 20.87 s
Timestep : 52553, score : -11155.351013472085, Time : 20.851 s
Timestep : 61312, score : -11877.585288298927, Time : 20.894 s
Timestep : 70071, score : -11590.94378841552, Time : 20.862 s
Timestep : 78830, score : -10941.53521818752, Time : 20.885 s
Timestep : 87589, score : -12595.514000465351, Time : 20.957 s
Timestep : 96348, score : -11781.64492280619, Time : 20.835 s
Timestep : 105107, score : -13034.333068407563, Time : 20.868 s
Timestep : 113866, score : -12996.343204436853, Time : 20.853 s
Timestep : 122625, score : -13623.672946317703, Time : 20.901 s
Timestep : 131384, score : -13233.009636913193, Time : 20.883 s
Timestep : 140143, score : -12766.897967470417, Time : 20.941 s
Timestep : 148902, score : -13192.432565573443, Time : 20.882 s
Timestep : 157661, score : -13246.969810316565, Time : 20.888 s
Timestep : 166420, score : -12697.734815341493, Time : 20.887 s
Timestep : 175179, score : -12881.919836004221, Time : 20.905 s
Timestep : 183938, score : -13558.40454685301, Time : 20.882 s
Timestep : 192697, score : -12719.071799517129, Time : 20.885 s
Timestep : 201456, score : -12538.544040080655, Time : 20.892 s
Timestep : 210215, score : -13004.57668017772, Time : 20.856 s
Timestep : 218974, score : -12948.575790608695, Time : 20.916 s
Timestep : 227733, score : -12858.799422129014, Time : 21.401 s
Timestep : 236492, score : -12278.438726087872, Time : 21.05 s
Timestep : 245251, score : -13026.200606864513, Time : 20.833 s
Timestep : 254010, score : -12357.909291339762, Time : 20.867 s
Timestep : 262769, score : -12700.649245004126, Time : 20.854 s
Timestep : 271528, score : -12329.290890484073, Time : 20.857 s
Timestep : 280287, score : -12748.27715373975, Time : 20.822 s
Timestep : 289046, score : -12590.24007874007, Time : 20.811 s
Timestep : 297805, score : -12567.921982495027, Time : 20.758 s
Timestep : 306564, score : -12763.29954317701, Time : 20.819 s
Timestep : 315323, score : -13088.037314948073, Time : 20.805 s
Timestep : 324082, score : -12197.12438352243, Time : 20.844 s
Timestep : 332841, score : -12934.749870571599, Time : 20.844 s
Timestep : 341600, score : -12265.793776751918, Time : 20.836 s
Timestep : 350359, score : -11518.858976464442, Time : 20.855 s
Timestep : 359118, score : -11417.448934577318, Time : 20.852 s
Timestep : 367877, score : -11719.56910364861, Time : 20.825 s
Timestep : 376636, score : -11197.623923288978, Time : 20.803 s
Timestep : 385395, score : -11754.618202529222, Time : 20.867 s
Timestep : 394154, score : -11972.053965596162, Time : 21.321 s
Timestep : 402913, score : -12349.704095750029, Time : 20.813 s
Timestep : 411672, score : -11173.334580470531, Time : 20.801 s
Timestep : 420431, score : -10706.602577510726, Time : 20.809 s
Timestep : 429190, score : -11222.827518473961, Time : 20.847 s
Timestep : 437949, score : -11952.992478310276, Time : 20.826 s
Timestep : 446708, score : -10645.716833342594, Time : 20.823 s
Timestep : 455467, score : -9943.676119615906, Time : 20.804 s
Timestep : 464226, score : -8113.223910476343, Time : 20.814 s
Timestep : 472985, score : -7595.13864294668, Time : 20.868 s
Timestep : 481744, score : -7590.7004751883505, Time : 20.803 s
Timestep : 490503, score : -6358.6771141028585, Time : 20.853 s
Timestep : 499262, score : -5941.395666025608, Time : 20.809 s
Timestep : 508021, score : -6587.923715194251, Time : 20.906 s
Timestep : 516780, score : -6338.247692866513, Time : 20.787 s
Timestep : 525539, score : -6011.315223450612, Time : 20.879 s
Timestep : 534298, score : -6016.951972956565, Time : 20.865 s
Timestep : 543057, score : -5131.46955629898, Time : 20.824 s
Timestep : 551816, score : -5745.672458247544, Time : 20.982 s
Timestep : 560575, score : -5994.942545362195, Time : 21.253 s
Timestep : 569334, score : -6040.856030858151, Time : 20.84 s
Timestep : 578093, score : -5886.36696229114, Time : 20.766 s
Timestep : 586852, score : -5915.929782167805, Time : 20.806 s
Timestep : 595611, score : -5427.314972100619, Time : 20.824 s
Timestep : 604370, score : -5501.142653096002, Time : 21.262 s
Timestep : 613129, score : -5556.958287903486, Time : 20.738 s
Timestep : 621888, score : -5580.426800259767, Time : 20.973 s
Timestep : 630647, score : -5841.270501538558, Time : 20.815 s
Timestep : 639406, score : -5635.717192197713, Time : 20.799 s
Timestep : 648165, score : -5666.570227185221, Time : 20.789 s
Timestep : 656924, score : -5855.60230321149, Time : 20.762 s
Timestep : 665683, score : -5555.265536237886, Time : 20.825 s
Timestep : 674442, score : -5440.588468750386, Time : 20.774 s
Timestep : 683201, score : -5318.176998563722, Time : 20.998 s
Timestep : 691960, score : -5513.22606022461, Time : 21.105 s
Timestep : 700719, score : -5271.600268547452, Time : 20.913 s
Timestep : 709478, score : -5141.499880110758, Time : 20.768 s
Timestep : 718237, score : -5404.764841816301, Time : 20.747 s
Timestep : 726996, score : -5229.997386844319, Time : 20.97 s
Timestep : 735755, score : -5312.56122561582, Time : 20.979 s
Timestep : 744514, score : -4947.338409401214, Time : 20.788 s
Timestep : 753273, score : -5070.034004445726, Time : 20.879 s
Timestep : 762032, score : -5037.298904992247, Time : 20.876 s
Timestep : 770791, score : -4908.007547939618, Time : 20.832 s
Timestep : 779550, score : -5198.332505706028, Time : 20.815 s
Timestep : 788309, score : -4794.14498388677, Time : 20.876 s
Timestep : 797068, score : -5265.608328117902, Time : 20.802 s
Timestep : 805827, score : -4716.451976768003, Time : 20.828 s
Timestep : 814586, score : -4804.905661814992, Time : 21.109 s
Timestep : 823345, score : -5023.850812054618, Time : 21.236 s
Timestep : 832104, score : -4828.0198224390915, Time : 20.816 s
Timestep : 840863, score : -5062.517575967504, Time : 20.796 s
Timestep : 849622, score : -4849.554679379711, Time : 20.882 s
Timestep : 858381, score : -4818.881114939373, Time : 20.77 s
Timestep : 867140, score : -4683.057326257607, Time : 20.805 s
Timestep : 875899, score : -4938.422463326628, Time : 20.928 s
Starting local evaluation
Num Steps: 1000, Num episodes: 0
Num Steps: 2000, Num episodes: 0
Num Steps: 3000, Num episodes: 0
Num Steps: 4000, Num episodes: 0
Num Steps: 5000, Num episodes: 0
Num Steps: 6000, Num episodes: 0
Num Steps: 7000, Num episodes: 0
Num Steps: 8000, Num episodes: 0
Episode complete: 1 | Latest episode metrics: {'price_cost': 1.0256538141964322, 'emmision_cost': 1.0829382207492775}
[-0.2953937] -0.2953936999964643
Average Price Cost: 1.0256538141964322
Average Emmision Cost: 1.0829382207492775
Average of both costs: 1.0542960174728548
Total time taken by agent: 2.1352689346531406s
DONE!
