{'agent': 'DQN', 'action_selection': 'egreedy', 'seed': 1, 'episodes': 100, 'data_path': 'data/citylearn_challenge_2022_phase_1', 'dry_run': False, 'n_discrete': 9, 'update_target': 8, 'lr': 0.003, 'batch_size': 256, 'adam_epsilon': 1e-08, 'epsilon_final': 0.01, 'run_id': 379}
{'Notes': 'This is a tuning run, executed on a single building.',
 'action_selection': 'egreedy',
 'adam_epsilon': 1e-08,
 'env': '<NormalizeObservation<OneHotHour<DiscreteSingle<CityLearnEnv '
        'instance>>>>',
 'final_exploration_rate': 0.02,
 'final_exploration_step': 1000,
 'gamma': 0.99,
 'initial_exploration_rate': 1,
 'learning_rate': 0.003,
 'loss': 'mse',
 'minibatch_size': 256,
 'network': 'MLP(\n'
            '  (layers): Sequential(\n'
            '    (0): Linear(in_features=29, out_features=128, bias=True)\n'
            '    (1): ReLU()\n'
            '    (2): Linear(in_features=128, out_features=128, bias=True)\n'
            '    (3): ReLU()\n'
            '    (4): Linear(in_features=128, out_features=9, bias=True)\n'
            '  )\n'
            ')',
 'replay_buffer_size': 10000,
 'replay_start_size': 256,
 'seed': 1,
 'train_steps': 876000,
 'update_frequency': 1,
 'update_target_frequency': 8,
 'weight_scale': 1.4142135623730951}
Timestep : 8758, score : -10123.832661062668, Time : 30.273 s
Timestep : 17517, score : -9171.364689567912, Time : 31.642 s
Timestep : 26276, score : -10150.437223157409, Time : 29.988 s
Timestep : 35035, score : -11128.552003519726, Time : 31.53 s
Timestep : 43794, score : -11521.319510318877, Time : 31.045 s
Timestep : 52553, score : -11441.949104211642, Time : 31.456 s
Timestep : 61312, score : -10869.166224502871, Time : 29.64 s
Timestep : 70071, score : -11227.555753125518, Time : 29.633 s
Timestep : 78830, score : -10534.923864513403, Time : 29.795 s
Timestep : 87589, score : -9603.16068497207, Time : 30.375 s
Timestep : 96348, score : -9439.347919500506, Time : 31.325 s
Timestep : 105107, score : -9484.132990086175, Time : 30.472 s
Timestep : 113866, score : -7541.201602350397, Time : 31.08 s
Timestep : 122625, score : -7000.533784708707, Time : 31.109 s
Timestep : 131384, score : -6158.382794716163, Time : 29.804 s
Timestep : 140143, score : -5149.6717604294245, Time : 30.392 s
Timestep : 148902, score : -4236.704264569591, Time : 31.135 s
Timestep : 157661, score : -3882.7014625555894, Time : 31.184 s
Timestep : 166420, score : -3764.66120823627, Time : 31.247 s
Timestep : 175179, score : -3752.4995442257787, Time : 31.543 s
Timestep : 183938, score : -4382.867441962386, Time : 30.003 s
Timestep : 192697, score : -6562.86089232369, Time : 30.953 s
Timestep : 201456, score : -10324.84449855343, Time : 31.67 s
Timestep : 210215, score : -11742.42019504188, Time : 31.653 s
Timestep : 218974, score : -11786.788184606703, Time : 31.155 s
Timestep : 227733, score : -10435.28973011285, Time : 31.558 s
Timestep : 236492, score : -11020.49668354477, Time : 31.563 s
Timestep : 245251, score : -11165.13271052891, Time : 30.334 s
Timestep : 254010, score : -12122.907296456586, Time : 29.455 s
Timestep : 262769, score : -11300.481391140798, Time : 29.493 s
Timestep : 271528, score : -11122.77169783265, Time : 30.712 s
Timestep : 280287, score : -10788.187739246292, Time : 31.527 s
Timestep : 289046, score : -10201.547522916953, Time : 32.296 s
Timestep : 297805, score : -10068.03767393378, Time : 31.312 s
Timestep : 306564, score : -9589.5956963575, Time : 30.912 s
Timestep : 315323, score : -10593.601945571092, Time : 31.436 s
Timestep : 324082, score : -9821.48437461986, Time : 32.108 s
Timestep : 332841, score : -9921.041506263777, Time : 31.317 s
Timestep : 341600, score : -10253.107640770264, Time : 30.807 s
Timestep : 350359, score : -11752.55179834715, Time : 31.442 s
Timestep : 359118, score : -9757.901526111295, Time : 30.893 s
Timestep : 367877, score : -9570.494653960413, Time : 32.609 s
Timestep : 376636, score : -9480.63482923359, Time : 31.308 s
Timestep : 385395, score : -8936.724941525245, Time : 31.437 s
Timestep : 394154, score : -9273.998488247118, Time : 31.229 s
Timestep : 402913, score : -8876.95016718842, Time : 31.488 s
Timestep : 411672, score : -9506.921817518029, Time : 31.477 s
Timestep : 420431, score : -8910.591774109009, Time : 31.496 s
Timestep : 429190, score : -9442.223513691177, Time : 31.168 s
Timestep : 437949, score : -8502.949225235294, Time : 31.617 s
Timestep : 446708, score : -8549.759049518005, Time : 32.259 s
Timestep : 455467, score : -7200.920955704598, Time : 31.467 s
Timestep : 464226, score : -7451.221178524269, Time : 29.245 s
Timestep : 472985, score : -6592.307672276933, Time : 29.805 s
Timestep : 481744, score : -4529.344775723846, Time : 29.601 s
Timestep : 490503, score : -4886.833816695471, Time : 31.404 s
Timestep : 499262, score : -4802.851133417949, Time : 31.216 s
Timestep : 508021, score : -4346.538530495745, Time : 31.824 s
Timestep : 516780, score : -4497.095281174439, Time : 31.577 s
Timestep : 525539, score : -3920.9361955386375, Time : 31.723 s
Timestep : 534298, score : -3547.0881258916634, Time : 32.243 s
Timestep : 543057, score : -3869.054684833667, Time : 31.845 s
Timestep : 551816, score : -3637.4523730307774, Time : 31.456 s
Timestep : 560575, score : -4171.4225278741615, Time : 31.526 s
Timestep : 569334, score : -4205.507900199766, Time : 31.304 s
Timestep : 578093, score : -3970.014432631855, Time : 31.454 s
Timestep : 586852, score : -3612.5904082849447, Time : 31.318 s
Timestep : 595611, score : -3849.243990005649, Time : 31.481 s
Timestep : 604370, score : -3989.6956142746203, Time : 31.562 s
Timestep : 613129, score : -3774.9257471993624, Time : 32.721 s
Timestep : 621888, score : -3387.7181465347094, Time : 31.519 s
Timestep : 630647, score : -4048.732509796304, Time : 31.462 s
Timestep : 639406, score : -3877.631317923171, Time : 31.068 s
Timestep : 648165, score : -4126.7171018830995, Time : 31.436 s
Timestep : 656924, score : -4131.555138865275, Time : 31.487 s
Timestep : 665683, score : -4127.607619620467, Time : 31.467 s
Timestep : 674442, score : -4826.836256246494, Time : 32.185 s
Timestep : 683201, score : -5231.496881131039, Time : 31.431 s
Timestep : 691960, score : -4672.499613264998, Time : 31.529 s
Timestep : 700719, score : -4632.076323767687, Time : 30.923 s
Timestep : 709478, score : -4396.953072040764, Time : 30.888 s
Timestep : 718237, score : -6009.242977653048, Time : 31.307 s
Timestep : 726996, score : -7324.142392148409, Time : 32.872 s
Timestep : 735755, score : -4883.18448201209, Time : 31.677 s
Timestep : 744514, score : -6186.036517847242, Time : 31.204 s
Timestep : 753273, score : -6715.581574643285, Time : 32.14 s
Timestep : 762032, score : -6990.901476755229, Time : 31.515 s
Timestep : 770791, score : -7759.042006166739, Time : 31.559 s
Timestep : 779550, score : -4543.438140154656, Time : 29.129 s
Timestep : 788309, score : -5753.651629542495, Time : 30.928 s
Timestep : 797068, score : -5433.824474605295, Time : 31.319 s
Timestep : 805827, score : -4900.794808226085, Time : 32.049 s
Timestep : 814586, score : -4946.064418445021, Time : 30.521 s
Timestep : 823345, score : -4886.494447370555, Time : 31.214 s
Timestep : 832104, score : -5479.704038305586, Time : 30.916 s
Timestep : 840863, score : -4980.62440311737, Time : 30.939 s
Timestep : 849622, score : -5283.428997333074, Time : 30.613 s
Timestep : 858381, score : -5098.101457283628, Time : 31.203 s
Timestep : 867140, score : -5043.774012526876, Time : 30.905 s
Timestep : 875899, score : -5307.673371537676, Time : 31.023 s
Starting local evaluation
Num Steps: 1000, Num episodes: 0
Num Steps: 2000, Num episodes: 0
Num Steps: 3000, Num episodes: 0
Num Steps: 4000, Num episodes: 0
Num Steps: 5000, Num episodes: 0
Num Steps: 6000, Num episodes: 0
Num Steps: 7000, Num episodes: 0
Num Steps: 8000, Num episodes: 0
Episode complete: 1 | Latest episode metrics: {'price_cost': 1.0309061973828149, 'emmision_cost': 1.0486233710931485}
[-0.27853233] -0.27853233387606297
Average Price Cost: 1.0309061973828149
Average Emmision Cost: 1.0486233710931485
Average of both costs: 1.0397647842379816
Total time taken by agent: 2.571025404147804s
DONE!
