{'agent': 'DQN', 'action_selection': 'egreedy', 'seed': 1, 'episodes': 100, 'data_path': 'data/citylearn_challenge_2022_phase_1', 'dry_run': False, 'n_discrete': 9, 'update_target': 8, 'lr': 0.01, 'batch_size': 2, 'adam_epsilon': 1e-08, 'epsilon_final': 0.1, 'run_id': 378}
{'Notes': 'This is a tuning run, executed on a single building.',
 'action_selection': 'egreedy',
 'adam_epsilon': 1e-08,
 'env': '<NormalizeObservation<OneHotHour<DiscreteSingle<CityLearnEnv '
        'instance>>>>',
 'final_exploration_rate': 0.02,
 'final_exploration_step': 1000,
 'gamma': 0.99,
 'initial_exploration_rate': 1,
 'learning_rate': 0.01,
 'loss': 'mse',
 'minibatch_size': 2,
 'network': 'MLP(\n'
            '  (layers): Sequential(\n'
            '    (0): Linear(in_features=29, out_features=128, bias=True)\n'
            '    (1): ReLU()\n'
            '    (2): Linear(in_features=128, out_features=128, bias=True)\n'
            '    (3): ReLU()\n'
            '    (4): Linear(in_features=128, out_features=9, bias=True)\n'
            '  )\n'
            ')',
 'replay_buffer_size': 10000,
 'replay_start_size': 2,
 'seed': 1,
 'train_steps': 876000,
 'update_frequency': 1,
 'update_target_frequency': 8,
 'weight_scale': 1.4142135623730951}
Timestep : 8758, score : -6428.586998044004, Time : 21.253 s
Timestep : 17517, score : -5381.800808168395, Time : 21.464 s
Timestep : 26276, score : -5424.426967554406, Time : 21.893 s
Timestep : 35035, score : -8858.796903545648, Time : 21.851 s
Timestep : 43794, score : -8022.739983476073, Time : 21.838 s
Timestep : 52553, score : -8122.179589421285, Time : 21.857 s
Timestep : 61312, score : -9042.725814366728, Time : 21.357 s
Timestep : 70071, score : -5695.605656973814, Time : 21.741 s
Timestep : 78830, score : -5297.445171010593, Time : 21.733 s
Timestep : 87589, score : -4589.059793342283, Time : 21.623 s
Timestep : 96348, score : -4503.738911068445, Time : 21.402 s
Timestep : 105107, score : -4536.5096021466015, Time : 21.639 s
Timestep : 113866, score : -4364.156508298038, Time : 21.663 s
Timestep : 122625, score : -4423.002148342697, Time : 21.861 s
Timestep : 131384, score : -4520.321770293085, Time : 21.838 s
Timestep : 140143, score : -4534.454608171625, Time : 21.559 s
Timestep : 148902, score : -4542.088464006229, Time : 21.546 s
Timestep : 157661, score : -4586.030030963389, Time : 21.845 s
Timestep : 166420, score : -4498.912226547865, Time : 21.983 s
Timestep : 175179, score : -4313.222317141859, Time : 21.851 s
Timestep : 183938, score : -4482.708819852589, Time : 21.869 s
Timestep : 192697, score : -4546.107926063618, Time : 21.375 s
Timestep : 201456, score : -4465.938007441262, Time : 21.389 s
Timestep : 210215, score : -4535.637957202649, Time : 21.197 s
Timestep : 218974, score : -4596.402150030626, Time : 21.526 s
Timestep : 227733, score : -4485.257884350096, Time : 21.881 s
Timestep : 236492, score : -4530.901746896474, Time : 21.859 s
Timestep : 245251, score : -4483.327672732907, Time : 21.845 s
Timestep : 254010, score : -4397.53446628098, Time : 21.591 s
Timestep : 262769, score : -4537.011008500849, Time : 21.238 s
Timestep : 271528, score : -4589.9567831693275, Time : 21.268 s
Timestep : 280287, score : -4452.117637857242, Time : 21.901 s
Timestep : 289046, score : -4514.154401356151, Time : 21.948 s
Timestep : 297805, score : -4580.623579460575, Time : 21.472 s
Timestep : 306564, score : -4600.935621844052, Time : 21.445 s
Timestep : 315323, score : -4561.80989232604, Time : 21.934 s
Timestep : 324082, score : -4461.862470460503, Time : 21.88 s
Timestep : 332841, score : -4611.695601375221, Time : 21.937 s
Timestep : 341600, score : -4617.63113570158, Time : 21.486 s
Timestep : 350359, score : -4481.435653730674, Time : 21.774 s
Timestep : 359118, score : -4542.586609737395, Time : 21.494 s
Timestep : 367877, score : -4471.490638865536, Time : 21.918 s
Timestep : 376636, score : -4482.0737887336, Time : 21.924 s
Timestep : 385395, score : -4534.427015388763, Time : 21.78 s
Timestep : 394154, score : -4476.603400733467, Time : 21.879 s
Timestep : 402913, score : -4487.485538331239, Time : 21.937 s
Timestep : 411672, score : -4582.338334621003, Time : 21.94 s
Timestep : 420431, score : -4356.931737404695, Time : 21.935 s
Timestep : 429190, score : -4601.407488631929, Time : 21.929 s
Timestep : 437949, score : -4560.775862772396, Time : 21.633 s
Timestep : 446708, score : -4669.6695323497115, Time : 21.806 s
Timestep : 455467, score : -4421.2308082165255, Time : 21.934 s
Timestep : 464226, score : -4529.877907197879, Time : 21.925 s
Timestep : 472985, score : -4483.683941582596, Time : 21.926 s
Timestep : 481744, score : -4378.375518699555, Time : 22.037 s
Timestep : 490503, score : -4574.910196251614, Time : 22.133 s
Timestep : 499262, score : -4400.854154891713, Time : 21.91 s
Timestep : 508021, score : -4386.34387459475, Time : 21.956 s
Timestep : 516780, score : -4454.300361757545, Time : 21.868 s
Timestep : 525539, score : -4483.258439780591, Time : 21.868 s
Timestep : 534298, score : -4571.089871540113, Time : 21.408 s
Timestep : 543057, score : -4475.709784292994, Time : 21.512 s
Timestep : 551816, score : -4399.689293702511, Time : 21.957 s
Timestep : 560575, score : -4456.771680828213, Time : 21.408 s
Timestep : 569334, score : -4497.96686104816, Time : 21.278 s
Timestep : 578093, score : -4510.95982601252, Time : 21.28 s
Timestep : 586852, score : -4601.60680213329, Time : 21.351 s
Timestep : 595611, score : -4576.558814730874, Time : 21.41 s
Timestep : 604370, score : -4503.002837123728, Time : 21.682 s
Timestep : 613129, score : -4567.100731011858, Time : 21.474 s
Timestep : 621888, score : -4400.381618674175, Time : 21.529 s
Timestep : 630647, score : -4407.538421114354, Time : 21.592 s
Timestep : 639406, score : -4557.638400482043, Time : 22.231 s
Timestep : 648165, score : -4498.6364185040875, Time : 21.804 s
Timestep : 656924, score : -4451.097037270112, Time : 21.438 s
Timestep : 665683, score : -4642.895211914001, Time : 21.897 s
Timestep : 674442, score : -4438.355386051728, Time : 21.808 s
Timestep : 683201, score : -4573.71209730432, Time : 21.88 s
Timestep : 691960, score : -4556.908060209273, Time : 21.828 s
Timestep : 700719, score : -4528.919712477742, Time : 21.886 s
Timestep : 709478, score : -4484.964263263537, Time : 21.873 s
Timestep : 718237, score : -4512.834341992071, Time : 21.706 s
Timestep : 726996, score : -4547.774860584555, Time : 21.665 s
Timestep : 735755, score : -4449.349421346007, Time : 21.506 s
Timestep : 744514, score : -4564.342700665264, Time : 21.375 s
Timestep : 753273, score : -4456.367090148298, Time : 21.567 s
Timestep : 762032, score : -4533.03550434162, Time : 21.952 s
Timestep : 770791, score : -4494.795424094802, Time : 21.946 s
Timestep : 779550, score : -4310.481877336191, Time : 21.939 s
Timestep : 788309, score : -4393.035363853822, Time : 22.117 s
Timestep : 797068, score : -4441.136622664781, Time : 22.262 s
Timestep : 805827, score : -4307.969597668765, Time : 22.039 s
Timestep : 814586, score : -4504.657467835961, Time : 21.954 s
Timestep : 823345, score : -4567.8629671515955, Time : 21.943 s
Timestep : 832104, score : -4436.853503839491, Time : 21.947 s
Timestep : 840863, score : -4526.975729837461, Time : 21.939 s
Timestep : 849622, score : -4638.648598241067, Time : 21.935 s
Timestep : 858381, score : -4611.975699059738, Time : 21.945 s
Timestep : 867140, score : -4508.077998155524, Time : 21.928 s
Timestep : 875899, score : -4410.393195202138, Time : 21.945 s
Starting local evaluation
Num Steps: 1000, Num episodes: 0
Num Steps: 2000, Num episodes: 0
Num Steps: 3000, Num episodes: 0
Num Steps: 4000, Num episodes: 0
Num Steps: 5000, Num episodes: 0
Num Steps: 6000, Num episodes: 0
Num Steps: 7000, Num episodes: 0
Num Steps: 8000, Num episodes: 0
Episode complete: 1 | Latest episode metrics: {'price_cost': 1.0165161119117245, 'emmision_cost': 1.0191589063400384}
[-0.25194066] -0.25194065858814646
Average Price Cost: 1.0165161119117245
Average Emmision Cost: 1.0191589063400384
Average of both costs: 1.0178375091258816
Total time taken by agent: 2.566135826986283s
DONE!
