{'agent': 'DQN', 'action_selection': 'egreedy', 'seed': 1, 'episodes': 100, 'data_path': 'data/citylearn_challenge_2022_phase_1', 'dry_run': False, 'n_discrete': 9, 'update_target': 32, 'lr': 0.07, 'batch_size': 8, 'adam_epsilon': 1e-09, 'epsilon_final': 0.03, 'run_id': 322}
{'Notes': 'This is a tuning run, executed on a single building.',
 'action_selection': 'egreedy',
 'adam_epsilon': 1e-09,
 'env': '<NormalizeObservation<OneHotHour<DiscreteSingle<CityLearnEnv '
        'instance>>>>',
 'final_exploration_rate': 0.02,
 'final_exploration_step': 1000,
 'gamma': 0.99,
 'initial_exploration_rate': 1,
 'learning_rate': 0.07,
 'loss': 'mse',
 'minibatch_size': 8,
 'network': 'MLP(\n'
            '  (layers): Sequential(\n'
            '    (0): Linear(in_features=29, out_features=128, bias=True)\n'
            '    (1): ReLU()\n'
            '    (2): Linear(in_features=128, out_features=128, bias=True)\n'
            '    (3): ReLU()\n'
            '    (4): Linear(in_features=128, out_features=9, bias=True)\n'
            '  )\n'
            ')',
 'replay_buffer_size': 10000,
 'replay_start_size': 8,
 'seed': 1,
 'train_steps': 876000,
 'update_frequency': 1,
 'update_target_frequency': 32,
 'weight_scale': 1.4142135623730951}
Timestep : 8758, score : -5591.880618263458, Time : 20.178 s
Timestep : 17517, score : -4541.072443411598, Time : 20.278 s
Timestep : 26276, score : -4650.183520784514, Time : 20.241 s
Timestep : 35035, score : -4485.141743519722, Time : 19.816 s
Timestep : 43794, score : -4438.909096365242, Time : 20.297 s
Timestep : 52553, score : -4573.258857144887, Time : 20.151 s
Timestep : 61312, score : -4440.662670462771, Time : 20.77 s
Timestep : 70071, score : -4550.246844778216, Time : 19.837 s
Timestep : 78830, score : -4622.4414018480165, Time : 19.796 s
Timestep : 87589, score : -4638.560159854038, Time : 19.745 s
Timestep : 96348, score : -4635.554035961075, Time : 19.76 s
Timestep : 105107, score : -4645.921832540451, Time : 20.114 s
Timestep : 113866, score : -4496.321161390661, Time : 20.151 s
Timestep : 122625, score : -4466.920896188385, Time : 19.791 s
Timestep : 131384, score : -4489.701672139956, Time : 19.982 s
Timestep : 140143, score : -4626.937455372332, Time : 19.984 s
Timestep : 148902, score : -4490.551616180135, Time : 19.731 s
Timestep : 157661, score : -4562.656671480188, Time : 19.6 s
Timestep : 166420, score : -4462.621067610948, Time : 19.942 s
Timestep : 175179, score : -4528.59955667975, Time : 19.81 s
Timestep : 183938, score : -4491.072145150887, Time : 19.686 s
Timestep : 192697, score : -4541.80801120415, Time : 19.725 s
Timestep : 201456, score : -4542.503215619436, Time : 20.046 s
Timestep : 210215, score : -4527.414434344886, Time : 20.291 s
Timestep : 218974, score : -4438.426855361933, Time : 19.779 s
Timestep : 227733, score : -4464.083710681094, Time : 20.044 s
Timestep : 236492, score : -4466.879321226297, Time : 19.96 s
Timestep : 245251, score : -4532.859474815807, Time : 20.072 s
Timestep : 254010, score : -4633.137341257563, Time : 20.233 s
Timestep : 262769, score : -4542.069915740198, Time : 19.972 s
Timestep : 271528, score : -4501.71925926712, Time : 20.411 s
Timestep : 280287, score : -4614.432859818713, Time : 19.874 s
Timestep : 289046, score : -4447.689888057794, Time : 19.88 s
Timestep : 297805, score : -4512.477280826686, Time : 19.955 s
Timestep : 306564, score : -4556.096013998176, Time : 20.149 s
Timestep : 315323, score : -4509.685783748893, Time : 20.126 s
Timestep : 324082, score : -4465.652693816839, Time : 20.213 s
Timestep : 332841, score : -4438.84071521282, Time : 20.27 s
Timestep : 341600, score : -4576.87208138351, Time : 19.902 s
Timestep : 350359, score : -4505.229488321958, Time : 20.012 s
Timestep : 359118, score : -4580.130036680406, Time : 20.25 s
Timestep : 367877, score : -4568.198026752943, Time : 20.249 s
Timestep : 376636, score : -4568.495153171389, Time : 20.135 s
Timestep : 385395, score : -4634.098404617427, Time : 20.163 s
Timestep : 394154, score : -4462.279657950072, Time : 20.066 s
Timestep : 402913, score : -4498.128978141496, Time : 20.24 s
Timestep : 411672, score : -4572.245067889249, Time : 19.952 s
Timestep : 420431, score : -4621.145576189418, Time : 19.7 s
Timestep : 429190, score : -4416.08383109179, Time : 20.199 s
Timestep : 437949, score : -4589.673635672225, Time : 19.677 s
Timestep : 446708, score : -4477.764521315141, Time : 19.346 s
Timestep : 455467, score : -4449.545711550309, Time : 20.247 s
Timestep : 464226, score : -4501.34566446059, Time : 19.677 s
Timestep : 472985, score : -4509.521931891708, Time : 19.276 s
Timestep : 481744, score : -4650.437296871474, Time : 20.164 s
Timestep : 490503, score : -4663.21419865769, Time : 19.843 s
Timestep : 499262, score : -4475.755375541194, Time : 19.925 s
Timestep : 508021, score : -4445.223237973667, Time : 20.064 s
Timestep : 516780, score : -4470.171780923643, Time : 20.161 s
Timestep : 525539, score : -4619.017917626916, Time : 20.246 s
Timestep : 534298, score : -4552.896211410785, Time : 20.232 s
Timestep : 543057, score : -4507.258325119881, Time : 20.014 s
Timestep : 551816, score : -4424.297945309809, Time : 20.158 s
Timestep : 560575, score : -4341.850592990784, Time : 19.374 s
Timestep : 569334, score : -4510.036431869521, Time : 20.225 s
Timestep : 578093, score : -4498.478057687549, Time : 19.961 s
Timestep : 586852, score : -4510.793535866222, Time : 19.166 s
Timestep : 595611, score : -4560.809561618982, Time : 19.176 s
Timestep : 604370, score : -4477.119866968511, Time : 19.251 s
Timestep : 613129, score : -4502.129546198441, Time : 19.282 s
Timestep : 621888, score : -4438.878495851954, Time : 19.215 s
Timestep : 630647, score : -4581.1020042583405, Time : 19.145 s
Timestep : 639406, score : -4563.800818377553, Time : 19.149 s
Timestep : 648165, score : -4500.2948650451435, Time : 19.146 s
Timestep : 656924, score : -4760.761396519287, Time : 19.149 s
Timestep : 665683, score : -4611.681694507046, Time : 19.149 s
Timestep : 674442, score : -4475.695298984094, Time : 19.27 s
Timestep : 683201, score : -4488.746132454049, Time : 19.219 s
Timestep : 691960, score : -4560.4827407435805, Time : 19.138 s
Timestep : 700719, score : -4630.293921740755, Time : 19.157 s
Timestep : 709478, score : -4495.368711536197, Time : 19.536 s
Timestep : 718237, score : -4486.347671021154, Time : 19.916 s
Timestep : 726996, score : -4616.777872686653, Time : 19.485 s
Timestep : 735755, score : -4531.304085915355, Time : 19.803 s
Timestep : 744514, score : -4475.1213928166835, Time : 19.451 s
Timestep : 753273, score : -4513.744753473817, Time : 19.921 s
Timestep : 762032, score : -4445.415420959194, Time : 20.209 s
Timestep : 770791, score : -4455.235521171038, Time : 20.004 s
Timestep : 779550, score : -4427.152474750212, Time : 20.314 s
Timestep : 788309, score : -4503.974725808395, Time : 20.477 s
Timestep : 797068, score : -4407.536571420176, Time : 20.259 s
Timestep : 805827, score : -4422.267174682027, Time : 19.996 s
Timestep : 814586, score : -4561.453552980354, Time : 19.955 s
Timestep : 823345, score : -4588.544628824951, Time : 19.716 s
Timestep : 832104, score : -4451.769330722658, Time : 19.908 s
Timestep : 840863, score : -4488.084431677504, Time : 19.813 s
Timestep : 849622, score : -4669.250982600643, Time : 19.712 s
Timestep : 858381, score : -4541.258081829554, Time : 19.711 s
Timestep : 867140, score : -4534.226326151664, Time : 19.735 s
Timestep : 875899, score : -4603.877794809712, Time : 19.94 s
Starting local evaluation
Num Steps: 1000, Num episodes: 0
Num Steps: 2000, Num episodes: 0
Num Steps: 3000, Num episodes: 0
Num Steps: 4000, Num episodes: 0
Num Steps: 5000, Num episodes: 0
Num Steps: 6000, Num episodes: 0
Num Steps: 7000, Num episodes: 0
Num Steps: 8000, Num episodes: 0
Episode complete: 1 | Latest episode metrics: {'price_cost': 1.0213006939024143, 'emmision_cost': 1.0240534209888725}
[-0.25789245] -0.2578924526865082
Average Price Cost: 1.0213006939024143
Average Emmision Cost: 1.0240534209888725
Average of both costs: 1.0226770574456434
Total time taken by agent: 2.1994991824030876s
DONE!
