{'agent': 'DQN', 'action_selection': 'egreedy', 'seed': 1, 'episodes': 100, 'data_path': 'data/citylearn_challenge_2022_phase_1', 'dry_run': False, 'n_discrete': 9, 'update_target': 32, 'lr': 0.01, 'batch_size': 16, 'adam_epsilon': 1e-07, 'epsilon_final': 0.1, 'run_id': 201}
{'Notes': 'This is a tuning run, executed on a single building.',
 'action_selection': 'egreedy',
 'adam_epsilon': 1e-07,
 'env': '<NormalizeObservation<OneHotHour<DiscreteSingle<CityLearnEnv '
        'instance>>>>',
 'final_exploration_rate': 0.02,
 'final_exploration_step': 1000,
 'gamma': 0.99,
 'initial_exploration_rate': 1,
 'learning_rate': 0.01,
 'loss': 'mse',
 'minibatch_size': 16,
 'network': 'MLP(\n'
            '  (layers): Sequential(\n'
            '    (0): Linear(in_features=29, out_features=128, bias=True)\n'
            '    (1): ReLU()\n'
            '    (2): Linear(in_features=128, out_features=128, bias=True)\n'
            '    (3): ReLU()\n'
            '    (4): Linear(in_features=128, out_features=9, bias=True)\n'
            '  )\n'
            ')',
 'replay_buffer_size': 10000,
 'replay_start_size': 16,
 'seed': 1,
 'train_steps': 876000,
 'update_frequency': 1,
 'update_target_frequency': 32,
 'weight_scale': 1.4142135623730951}
Timestep : 8758, score : -8090.609440959248, Time : 20.49 s
Timestep : 17517, score : -7287.753817618621, Time : 19.964 s
Timestep : 26276, score : -7438.611265162384, Time : 20.077 s
Timestep : 35035, score : -7946.754546990531, Time : 22.416 s
Timestep : 43794, score : -8147.270913067652, Time : 22.329 s
Timestep : 52553, score : -8270.013498947053, Time : 19.987 s
Timestep : 61312, score : -7944.255392157851, Time : 19.994 s
Timestep : 70071, score : -7720.068647771681, Time : 19.926 s
Timestep : 78830, score : -9228.487744176557, Time : 20.944 s
Timestep : 87589, score : -8782.319898747286, Time : 20.278 s
Timestep : 96348, score : -8462.813050767014, Time : 22.715 s
Timestep : 105107, score : -8823.43007371333, Time : 20.817 s
Timestep : 113866, score : -8949.994406736427, Time : 20.06 s
Timestep : 122625, score : -8937.447122511821, Time : 20.246 s
Timestep : 131384, score : -8862.769352756324, Time : 19.782 s
Timestep : 140143, score : -9337.920046027895, Time : 21.847 s
Timestep : 148902, score : -9496.38378984647, Time : 19.808 s
Timestep : 157661, score : -8752.76971084853, Time : 19.786 s
Timestep : 166420, score : -9193.3959234793, Time : 20.731 s
Timestep : 175179, score : -9254.572558567, Time : 21.02 s
Timestep : 183938, score : -9225.267385752202, Time : 20.542 s
Timestep : 192697, score : -9409.128205120403, Time : 20.08 s
Timestep : 201456, score : -8795.039236477372, Time : 19.827 s
Timestep : 210215, score : -9178.349255314868, Time : 19.956 s
Timestep : 218974, score : -9015.774008537555, Time : 20.063 s
Timestep : 227733, score : -9095.094260678507, Time : 19.992 s
Timestep : 236492, score : -8525.987864117953, Time : 20.754 s
Timestep : 245251, score : -9021.816207110372, Time : 19.88 s
Timestep : 254010, score : -9300.64736801284, Time : 21.418 s
Timestep : 262769, score : -9240.721744923532, Time : 21.96 s
Timestep : 271528, score : -9588.437971248903, Time : 19.881 s
Timestep : 280287, score : -9294.70438880434, Time : 19.978 s
Timestep : 289046, score : -9291.748722457865, Time : 19.894 s
Timestep : 297805, score : -8857.583559528997, Time : 19.79 s
Timestep : 306564, score : -9420.025563765434, Time : 20.128 s
Timestep : 315323, score : -9070.170732979364, Time : 19.992 s
Timestep : 324082, score : -9210.567843607583, Time : 21.575 s
Timestep : 332841, score : -9412.713913804866, Time : 19.845 s
Timestep : 341600, score : -9376.323419143402, Time : 19.943 s
Timestep : 350359, score : -9627.182974385709, Time : 19.92 s
Timestep : 359118, score : -9238.852783036215, Time : 19.829 s
Timestep : 367877, score : -9328.095730345187, Time : 19.862 s
Timestep : 376636, score : -9095.144385640044, Time : 22.601 s
Timestep : 385395, score : -9774.232958969631, Time : 19.82 s
Timestep : 394154, score : -9397.205953762808, Time : 22.283 s
Timestep : 402913, score : -8833.402415243341, Time : 19.985 s
Timestep : 411672, score : -9018.36172531081, Time : 20.262 s
Timestep : 420431, score : -9110.553259788572, Time : 20.094 s
Timestep : 429190, score : -9213.537711303012, Time : 20.01 s
Timestep : 437949, score : -9101.062486213894, Time : 20.053 s
Timestep : 446708, score : -9147.983532377053, Time : 22.748 s
Timestep : 455467, score : -9330.979328029236, Time : 21.251 s
Timestep : 464226, score : -9317.965449377618, Time : 20.781 s
Timestep : 472985, score : -8822.882686260578, Time : 19.899 s
Timestep : 481744, score : -9177.447994101982, Time : 19.948 s
Timestep : 490503, score : -8845.76523659975, Time : 22.569 s
Timestep : 499262, score : -8274.689633023998, Time : 21.587 s
Timestep : 508021, score : -9085.00435010554, Time : 20.016 s
Timestep : 516780, score : -9101.629376014535, Time : 24.247 s
Timestep : 525539, score : -8889.125322994922, Time : 20.011 s
Timestep : 534298, score : -8777.087425710779, Time : 19.834 s
Timestep : 543057, score : -9008.243412163807, Time : 19.87 s
Timestep : 551816, score : -8885.228521881643, Time : 19.817 s
Timestep : 560575, score : -8650.762167486602, Time : 23.025 s
Timestep : 569334, score : -8807.949782949203, Time : 19.997 s
Timestep : 578093, score : -9045.00223049878, Time : 20.239 s
Timestep : 586852, score : -8363.46204244686, Time : 20.291 s
Timestep : 595611, score : -8483.644025366928, Time : 20.712 s
Timestep : 604370, score : -8734.109342380325, Time : 20.055 s
Timestep : 613129, score : -8956.835407692502, Time : 19.992 s
Timestep : 621888, score : -8539.318024155757, Time : 19.858 s
Timestep : 630647, score : -8754.078871114252, Time : 19.839 s
Timestep : 639406, score : -8505.098926562889, Time : 19.797 s
Timestep : 648165, score : -8316.391137949031, Time : 20.018 s
Timestep : 656924, score : -8403.786715193884, Time : 19.925 s
Timestep : 665683, score : -8334.231679091958, Time : 20.911 s
Timestep : 674442, score : -8071.636429941267, Time : 21.319 s
Timestep : 683201, score : -8386.995630875252, Time : 19.949 s
Timestep : 691960, score : -8421.14522917942, Time : 19.898 s
Timestep : 700719, score : -8101.062796290935, Time : 20.044 s
Timestep : 709478, score : -7706.330358415988, Time : 20.631 s
Timestep : 718237, score : -7857.353771151815, Time : 20.757 s
Timestep : 726996, score : -8007.667417700082, Time : 19.939 s
Timestep : 735755, score : -7605.8135787754145, Time : 19.88 s
Timestep : 744514, score : -7657.014124059613, Time : 19.768 s
Timestep : 753273, score : -7873.253931938394, Time : 20.558 s
Timestep : 762032, score : -7667.757644324476, Time : 20.556 s
Timestep : 770791, score : -7556.598720571987, Time : 20.168 s
Timestep : 779550, score : -7711.7139496991, Time : 21.303 s
Timestep : 788309, score : -7267.964095184259, Time : 20.63 s
Timestep : 797068, score : -7291.5637088504445, Time : 19.755 s
Timestep : 805827, score : -7461.385450638743, Time : 19.917 s
Timestep : 814586, score : -7442.4037222826155, Time : 20.043 s
Timestep : 823345, score : -7500.1925308171485, Time : 19.878 s
Timestep : 832104, score : -7554.715022486358, Time : 19.833 s
Timestep : 840863, score : -7107.41509032312, Time : 19.764 s
Timestep : 849622, score : -7237.28534215207, Time : 19.791 s
Timestep : 858381, score : -7100.2527139042795, Time : 19.759 s
Timestep : 867140, score : -7387.987418131859, Time : 19.767 s
Timestep : 875899, score : -7052.136944041311, Time : 19.829 s
Starting local evaluation
Num Steps: 1000, Num episodes: 0
Num Steps: 2000, Num episodes: 0
Num Steps: 3000, Num episodes: 0
Num Steps: 4000, Num episodes: 0
Num Steps: 5000, Num episodes: 0
Num Steps: 6000, Num episodes: 0
Num Steps: 7000, Num episodes: 0
Num Steps: 8000, Num episodes: 0
Episode complete: 1 | Latest episode metrics: {'price_cost': 1.0058971280108573, 'emmision_cost': 1.007400699492339}
[-0.23820342] -0.23820342331503058
Average Price Cost: 1.0058971280108573
Average Emmision Cost: 1.007400699492339
Average of both costs: 1.0066489137515982
Total time taken by agent: 2.20186800789088s
DONE!
