{'agent': 'DQN', 'action_selection': 'softmax', 'seed': 1, 'episodes': 100, 'data_path': 'data/citylearn_challenge_2022_phase_1', 'dry_run': False, 'n_discrete': 9, 'update_target': 4, 'lr': 0.0003, 'batch_size': 2, 'adam_epsilon': 1e-09, 'epsilon_final': 0.02, 'run_id': 12}
{'Notes': 'This is a tuning run, executed on a single building.',
 'action_selection': 'softmax',
 'adam_epsilon': 1e-09,
 'env': '<NormalizeObservation<OneHotHour<DiscreteSingle<CityLearnEnv '
        'instance>>>>',
 'final_exploration_rate': 0.02,
 'final_exploration_step': 1000,
 'gamma': 0.99,
 'initial_exploration_rate': 1,
 'learning_rate': 0.0003,
 'loss': 'mse',
 'minibatch_size': 2,
 'network': 'MLP(\n'
            '  (layers): Sequential(\n'
            '    (0): Linear(in_features=29, out_features=128, bias=True)\n'
            '    (1): ReLU()\n'
            '    (2): Linear(in_features=128, out_features=128, bias=True)\n'
            '    (3): ReLU()\n'
            '    (4): Linear(in_features=128, out_features=9, bias=True)\n'
            '  )\n'
            ')',
 'replay_buffer_size': 10000,
 'replay_start_size': 2,
 'seed': 1,
 'train_steps': 876000,
 'update_frequency': 1,
 'update_target_frequency': 4,
 'weight_scale': 1.4142135623730951}
Timestep : 8758, score : -4775.726104198402, Time : 23.113 s
Timestep : 17517, score : -5496.75009586013, Time : 23.199 s
Timestep : 26276, score : -4756.358502258925, Time : 23.128 s
Timestep : 35035, score : -4761.402163791194, Time : 23.018 s
Timestep : 43794, score : -4414.681528722431, Time : 23.258 s
Timestep : 52553, score : -4129.204811894713, Time : 23.104 s
Timestep : 61312, score : -4274.567131263466, Time : 23.328 s
Timestep : 70071, score : -4009.814102861128, Time : 23.096 s
Timestep : 78830, score : -4343.60177384413, Time : 23.005 s
Timestep : 87589, score : -4219.515766232653, Time : 23.261 s
Timestep : 96348, score : -4350.034390449655, Time : 23.34 s
Timestep : 105107, score : -4201.2881896881445, Time : 23.13 s
Timestep : 113866, score : -4069.0777211409586, Time : 23.351 s
Timestep : 122625, score : -4043.004533596766, Time : 23.422 s
Timestep : 131384, score : -4183.200137138672, Time : 23.435 s
Timestep : 140143, score : -3554.9224893842693, Time : 23.331 s
Timestep : 148902, score : -3905.635716817138, Time : 23.427 s
Timestep : 157661, score : -4014.0567098720057, Time : 23.318 s
Timestep : 166420, score : -3996.7982129270968, Time : 23.446 s
Timestep : 175179, score : -3676.088874250563, Time : 23.571 s
Timestep : 183938, score : -4200.489154703748, Time : 23.5 s
Timestep : 192697, score : -3683.0625151289278, Time : 23.402 s
Timestep : 201456, score : -3587.026911140216, Time : 23.597 s
Timestep : 210215, score : -4527.263039611076, Time : 23.442 s
Timestep : 218974, score : -4906.032365541818, Time : 23.391 s
Timestep : 227733, score : -3589.6194970715587, Time : 23.6 s
Timestep : 236492, score : -3464.374771380826, Time : 23.337 s
Timestep : 245251, score : -3829.8538802432886, Time : 23.423 s
Timestep : 254010, score : -3154.563847711077, Time : 23.287 s
Timestep : 262769, score : -3311.802011921798, Time : 23.409 s
Timestep : 271528, score : -2989.093076317018, Time : 23.488 s
Timestep : 280287, score : -3196.702106051758, Time : 23.511 s
Timestep : 289046, score : -3260.07938463593, Time : 23.463 s
Timestep : 297805, score : -3241.374425731163, Time : 22.993 s
Timestep : 306564, score : -3278.1260392593977, Time : 23.431 s
Timestep : 315323, score : -3429.7495144725835, Time : 23.544 s
Timestep : 324082, score : -3381.3691106905753, Time : 23.397 s
Timestep : 332841, score : -3982.4931308233063, Time : 23.639 s
Timestep : 341600, score : -4021.631017771986, Time : 23.7 s
Timestep : 350359, score : -3574.2658083733695, Time : 23.5 s
Timestep : 359118, score : -3837.61877621201, Time : 23.513 s
Timestep : 367877, score : -3923.4047228972486, Time : 23.489 s
Timestep : 376636, score : -3883.0952147922508, Time : 23.675 s
Timestep : 385395, score : -3683.3928182231903, Time : 23.773 s
Timestep : 394154, score : -4133.8998213872255, Time : 23.449 s
Timestep : 402913, score : -3591.986836268188, Time : 23.289 s
Timestep : 411672, score : -3564.21150014906, Time : 23.504 s
Timestep : 420431, score : -2922.6229389164655, Time : 23.561 s
Timestep : 429190, score : -2800.283571006141, Time : 23.608 s
Timestep : 437949, score : -3346.1663482314907, Time : 23.469 s
Timestep : 446708, score : -3102.830406786088, Time : 23.173 s
Timestep : 455467, score : -3598.4931184919114, Time : 23.663 s
Timestep : 464226, score : -3882.6418853263895, Time : 23.403 s
Timestep : 472985, score : -3236.8900618423067, Time : 23.352 s
Timestep : 481744, score : -3961.061852126062, Time : 23.571 s
Timestep : 490503, score : -3086.11162929915, Time : 23.47 s
Timestep : 499262, score : -3106.9788287733973, Time : 23.624 s
Timestep : 508021, score : -3390.068137408496, Time : 23.281 s
Timestep : 516780, score : -3008.3769961393264, Time : 23.419 s
Timestep : 525539, score : -3171.7237449309614, Time : 23.396 s
Timestep : 534298, score : -3493.205241720105, Time : 23.444 s
Timestep : 543057, score : -3776.0231085960695, Time : 23.134 s
Timestep : 551816, score : -2847.886270259307, Time : 23.384 s
Timestep : 560575, score : -3111.3318236086343, Time : 23.012 s
Timestep : 569334, score : -3043.713060084454, Time : 22.815 s
Timestep : 578093, score : -2592.2998166465695, Time : 23.333 s
Timestep : 586852, score : -3225.336699317122, Time : 22.969 s
Timestep : 595611, score : -2962.5750717327755, Time : 23.333 s
Timestep : 604370, score : -3128.0582591166312, Time : 23.243 s
Timestep : 613129, score : -2987.635537721988, Time : 22.952 s
Timestep : 621888, score : -3157.9798088282405, Time : 23.503 s
Timestep : 630647, score : -2912.0414146833646, Time : 23.472 s
Timestep : 639406, score : -3050.255566179476, Time : 22.892 s
Timestep : 648165, score : -3192.7653472198435, Time : 23.139 s
Timestep : 656924, score : -2897.854437685368, Time : 22.9 s
Timestep : 665683, score : -3540.0508863721334, Time : 23.14 s
Timestep : 674442, score : -3743.0478358707915, Time : 23.551 s
Timestep : 683201, score : -2902.095245160075, Time : 23.337 s
Timestep : 691960, score : -2912.484567547872, Time : 23.46 s
Timestep : 700719, score : -2801.7031983294582, Time : 23.368 s
Timestep : 709478, score : -3001.633065440139, Time : 23.272 s
Timestep : 718237, score : -2763.6612414248084, Time : 23.38 s
Timestep : 726996, score : -2247.6064206401643, Time : 23.279 s
Timestep : 735755, score : -2904.8712623988104, Time : 23.223 s
Timestep : 744514, score : -3189.3427118769905, Time : 23.32 s
Timestep : 753273, score : -2698.6283335742846, Time : 23.275 s
Timestep : 762032, score : -3069.947364876629, Time : 23.078 s
Timestep : 770791, score : -3402.84200840877, Time : 23.458 s
Timestep : 779550, score : -3084.8510734794254, Time : 23.487 s
Timestep : 788309, score : -2800.809927930153, Time : 23.053 s
Timestep : 797068, score : -3447.5372417922626, Time : 23.438 s
Timestep : 805827, score : -3190.9322293392324, Time : 23.381 s
Timestep : 814586, score : -2902.0784822993737, Time : 23.388 s
Timestep : 823345, score : -2931.6059972462535, Time : 23.282 s
Timestep : 832104, score : -2882.277101820422, Time : 23.263 s
Timestep : 840863, score : -3538.282428838109, Time : 23.241 s
Timestep : 849622, score : -3149.939489112381, Time : 23.41 s
Timestep : 858381, score : -3400.6761384785204, Time : 23.282 s
Timestep : 867140, score : -3734.4632553914853, Time : 23.17 s
Timestep : 875899, score : -3811.4246441225114, Time : 23.348 s
Starting local evaluation
Num Steps: 1000, Num episodes: 0
Num Steps: 2000, Num episodes: 0
Num Steps: 3000, Num episodes: 0
Num Steps: 4000, Num episodes: 0
Num Steps: 5000, Num episodes: 0
Num Steps: 6000, Num episodes: 0
Num Steps: 7000, Num episodes: 0
Num Steps: 8000, Num episodes: 0
Episode complete: 1 | Latest episode metrics: {'price_cost': 0.9269326401637223, 'emmision_cost': 1.004025446103724}
[-0.18560289] -0.1856028876055175
Average Price Cost: 0.9269326401637223
Average Emmision Cost: 1.004025446103724
Average of both costs: 0.9654790431337231
Total time taken by agent: 3.9308758368715644s
DONE!
