{'agent': 'DQN', 'action_selection': 'egreedy', 'seed': 1, 'episodes': 100, 'data_path': 'data/citylearn_challenge_2022_phase_1', 'dry_run': False, 'n_discrete': 9, 'update_target': 16, 'lr': 0.0007, 'batch_size': 1, 'adam_epsilon': 1e-09, 'epsilon_final': 0.06, 'run_id': 376}
{'Notes': 'This is a tuning run, executed on a single building.',
 'action_selection': 'egreedy',
 'adam_epsilon': 1e-09,
 'env': '<NormalizeObservation<OneHotHour<DiscreteSingle<CityLearnEnv '
        'instance>>>>',
 'final_exploration_rate': 0.02,
 'final_exploration_step': 1000,
 'gamma': 0.99,
 'initial_exploration_rate': 1,
 'learning_rate': 0.0007,
 'loss': 'mse',
 'minibatch_size': 1,
 'network': 'MLP(\n'
            '  (layers): Sequential(\n'
            '    (0): Linear(in_features=29, out_features=128, bias=True)\n'
            '    (1): ReLU()\n'
            '    (2): Linear(in_features=128, out_features=128, bias=True)\n'
            '    (3): ReLU()\n'
            '    (4): Linear(in_features=128, out_features=9, bias=True)\n'
            '  )\n'
            ')',
 'replay_buffer_size': 10000,
 'replay_start_size': 1,
 'seed': 1,
 'train_steps': 876000,
 'update_frequency': 1,
 'update_target_frequency': 16,
 'weight_scale': 1.4142135623730951}
Timestep : 8758, score : -7110.384631880937, Time : 20.977 s
Timestep : 17517, score : -6610.187753242877, Time : 21.217 s
Timestep : 26276, score : -6867.772080767812, Time : 21.21 s
Timestep : 35035, score : -6636.5476923442475, Time : 21.073 s
Timestep : 43794, score : -7258.013780553909, Time : 20.865 s
Timestep : 52553, score : -8106.597096972051, Time : 21.417 s
Timestep : 61312, score : -6651.919801154087, Time : 21.41 s
Timestep : 70071, score : -5800.737619915541, Time : 21.416 s
Timestep : 78830, score : -6546.262965261034, Time : 20.746 s
Timestep : 87589, score : -5694.571337250323, Time : 20.888 s
Timestep : 96348, score : -5803.890676065028, Time : 20.635 s
Timestep : 105107, score : -5256.867461895017, Time : 20.913 s
Timestep : 113866, score : -5267.64790113052, Time : 21.433 s
Timestep : 122625, score : -6192.647071384272, Time : 21.461 s
Timestep : 131384, score : -5375.563070830729, Time : 21.188 s
Timestep : 140143, score : -5632.797165302938, Time : 21.17 s
Timestep : 148902, score : -5279.546717027697, Time : 20.782 s
Timestep : 157661, score : -5560.441992647116, Time : 21.102 s
Timestep : 166420, score : -5140.863300328172, Time : 21.433 s
Timestep : 175179, score : -6228.572127337364, Time : 21.007 s
Timestep : 183938, score : -5317.813092593948, Time : 20.753 s
Timestep : 192697, score : -4974.686162026046, Time : 20.741 s
Timestep : 201456, score : -5609.4760605193005, Time : 21.339 s
Timestep : 210215, score : -4690.776835648838, Time : 21.435 s
Timestep : 218974, score : -5005.282020022467, Time : 20.85 s
Timestep : 227733, score : -5188.912253243921, Time : 20.869 s
Timestep : 236492, score : -5192.798650133802, Time : 21.426 s
Timestep : 245251, score : -5043.717283878737, Time : 21.441 s
Timestep : 254010, score : -4962.5088022710115, Time : 21.467 s
Timestep : 262769, score : -5076.186188303662, Time : 21.444 s
Timestep : 271528, score : -4688.290096686018, Time : 21.457 s
Timestep : 280287, score : -4935.188812024106, Time : 21.438 s
Timestep : 289046, score : -5258.239813143344, Time : 21.439 s
Timestep : 297805, score : -5773.741842313233, Time : 21.461 s
Timestep : 306564, score : -4659.312591797003, Time : 21.435 s
Timestep : 315323, score : -5101.386774808241, Time : 21.439 s
Timestep : 324082, score : -5222.321732641154, Time : 21.454 s
Timestep : 332841, score : -4435.527235892601, Time : 21.44 s
Timestep : 341600, score : -4544.702380497503, Time : 21.434 s
Timestep : 350359, score : -4347.901661229582, Time : 21.452 s
Timestep : 359118, score : -4615.121180361908, Time : 21.428 s
Timestep : 367877, score : -5180.537576335439, Time : 21.444 s
Timestep : 376636, score : -5010.6688548173115, Time : 21.429 s
Timestep : 385395, score : -5264.038761556876, Time : 21.437 s
Timestep : 394154, score : -4563.6249950653, Time : 21.452 s
Timestep : 402913, score : -5105.092173285346, Time : 21.44 s
Timestep : 411672, score : -4948.010280502043, Time : 21.387 s
Timestep : 420431, score : -4797.342374267246, Time : 21.422 s
Timestep : 429190, score : -5114.308227430942, Time : 21.443 s
Timestep : 437949, score : -4822.039319380681, Time : 21.106 s
Timestep : 446708, score : -5034.135913694772, Time : 20.869 s
Timestep : 455467, score : -5149.9990619774035, Time : 21.45 s
Timestep : 464226, score : -4767.9270536593685, Time : 21.443 s
Timestep : 472985, score : -4728.517565531103, Time : 21.46 s
Timestep : 481744, score : -4530.217782614491, Time : 21.446 s
Timestep : 490503, score : -4852.160705543967, Time : 21.444 s
Timestep : 499262, score : -4601.01733670049, Time : 21.45 s
Timestep : 508021, score : -4367.901826715126, Time : 21.462 s
Timestep : 516780, score : -4484.765628974143, Time : 21.452 s
Timestep : 525539, score : -4743.820694499329, Time : 21.443 s
Timestep : 534298, score : -4489.260285119992, Time : 21.442 s
Timestep : 543057, score : -4568.1027727754845, Time : 21.214 s
Timestep : 551816, score : -4914.925249539345, Time : 21.437 s
Timestep : 560575, score : -5108.357808557717, Time : 21.441 s
Timestep : 569334, score : -4709.835343744053, Time : 21.448 s
Timestep : 578093, score : -4707.804086276679, Time : 21.436 s
Timestep : 586852, score : -4783.189747443917, Time : 21.442 s
Timestep : 595611, score : -4549.00033603693, Time : 21.406 s
Timestep : 604370, score : -4694.33796501279, Time : 21.443 s
Timestep : 613129, score : -4691.480383679183, Time : 20.854 s
Timestep : 621888, score : -4682.7277229067695, Time : 20.76 s
Timestep : 630647, score : -4457.732471602998, Time : 20.975 s
Timestep : 639406, score : -4343.476027542987, Time : 21.314 s
Timestep : 648165, score : -4293.882075366011, Time : 21.311 s
Timestep : 656924, score : -4060.01210773355, Time : 21.307 s
Timestep : 665683, score : -4313.093051473988, Time : 21.314 s
Timestep : 674442, score : -5018.982092415943, Time : 20.887 s
Timestep : 683201, score : -4474.556866584724, Time : 21.163 s
Timestep : 691960, score : -4888.011883312167, Time : 21.457 s
Timestep : 700719, score : -4756.14999760066, Time : 21.338 s
Timestep : 709478, score : -3961.135761645186, Time : 20.874 s
Timestep : 718237, score : -4606.294604792274, Time : 21.311 s
Timestep : 726996, score : -3840.761351997411, Time : 20.806 s
Timestep : 735755, score : -3832.179280794837, Time : 21.293 s
Timestep : 744514, score : -3983.020423068112, Time : 21.282 s
Timestep : 753273, score : -4876.114195703107, Time : 21.117 s
Timestep : 762032, score : -4559.669062996894, Time : 21.207 s
Timestep : 770791, score : -4422.9603101268, Time : 21.46 s
Timestep : 779550, score : -4810.704197603074, Time : 21.441 s
Timestep : 788309, score : -4884.786268109368, Time : 21.446 s
Timestep : 797068, score : -4582.109513672796, Time : 21.455 s
Timestep : 805827, score : -4451.44683427937, Time : 21.452 s
Timestep : 814586, score : -4380.770800328028, Time : 21.447 s
Timestep : 823345, score : -4713.303997430165, Time : 21.462 s
Timestep : 832104, score : -4525.503234904638, Time : 21.449 s
Timestep : 840863, score : -5236.055882823959, Time : 21.456 s
Timestep : 849622, score : -4671.946846804538, Time : 21.373 s
Timestep : 858381, score : -4305.835766158096, Time : 21.44 s
Timestep : 867140, score : -4002.6909424749465, Time : 21.448 s
Timestep : 875899, score : -4158.558849203546, Time : 21.448 s
Starting local evaluation
Num Steps: 1000, Num episodes: 0
Num Steps: 2000, Num episodes: 0
Num Steps: 3000, Num episodes: 0
Num Steps: 4000, Num episodes: 0
Num Steps: 5000, Num episodes: 0
Num Steps: 6000, Num episodes: 0
Num Steps: 7000, Num episodes: 0
Num Steps: 8000, Num episodes: 0
Episode complete: 1 | Latest episode metrics: {'price_cost': 1.0392929071541996, 'emmision_cost': 1.1150058812634311}
[-0.32303856] -0.3230385618859741
Average Price Cost: 1.0392929071541996
Average Emmision Cost: 1.1150058812634311
Average of both costs: 1.0771493942088153
Total time taken by agent: 2.5321352696046233s
DONE!
