{'agent': 'DQN', 'action_selection': 'softmax', 'seed': 1, 'episodes': 100, 'data_path': 'data/citylearn_challenge_2022_phase_1', 'dry_run': False, 'n_discrete': 9, 'update_target': 8, 'lr': 0.01, 'batch_size': 128, 'adam_epsilon': 1e-09, 'epsilon_final': 0.02, 'run_id': 52}
{'Notes': 'This is a tuning run, executed on a single building.',
 'action_selection': 'softmax',
 'adam_epsilon': 1e-09,
 'env': '<NormalizeObservation<OneHotHour<DiscreteSingle<CityLearnEnv '
        'instance>>>>',
 'final_exploration_rate': 0.02,
 'final_exploration_step': 1000,
 'gamma': 0.99,
 'initial_exploration_rate': 1,
 'learning_rate': 0.01,
 'loss': 'mse',
 'minibatch_size': 128,
 'network': 'MLP(\n'
            '  (layers): Sequential(\n'
            '    (0): Linear(in_features=29, out_features=128, bias=True)\n'
            '    (1): ReLU()\n'
            '    (2): Linear(in_features=128, out_features=128, bias=True)\n'
            '    (3): ReLU()\n'
            '    (4): Linear(in_features=128, out_features=9, bias=True)\n'
            '  )\n'
            ')',
 'replay_buffer_size': 10000,
 'replay_start_size': 128,
 'seed': 1,
 'train_steps': 876000,
 'update_frequency': 1,
 'update_target_frequency': 8,
 'weight_scale': 1.4142135623730951}
Timestep : 8758, score : -9875.530818132043, Time : 25.986 s
Timestep : 17517, score : -13566.648264555915, Time : 26.91 s
Timestep : 26276, score : -8743.894785297249, Time : 27.467 s
Timestep : 35035, score : -13398.311855184991, Time : 28.835 s
Timestep : 43794, score : -9655.403193623439, Time : 27.844 s
Timestep : 52553, score : -13597.455299520981, Time : 28.11 s
Timestep : 61312, score : -11111.57572908148, Time : 28.551 s
Timestep : 70071, score : -12595.657984557562, Time : 29.294 s
Timestep : 78830, score : -14603.170785076363, Time : 28.02 s
Timestep : 87589, score : -13034.764348423341, Time : 28.644 s
Timestep : 96348, score : -13389.367826441434, Time : 27.743 s
Timestep : 105107, score : -13297.078329669268, Time : 27.852 s
Timestep : 113866, score : -13228.907215403699, Time : 27.891 s
Timestep : 122625, score : -13291.466073635078, Time : 28.951 s
Timestep : 131384, score : -12583.089385445186, Time : 28.84 s
Timestep : 140143, score : -13918.708686226746, Time : 28.416 s
Timestep : 148902, score : -13850.030760593945, Time : 28.837 s
Timestep : 157661, score : -14391.581814301855, Time : 28.346 s
Timestep : 166420, score : -14159.10285668273, Time : 28.197 s
Timestep : 175179, score : -14791.695925234657, Time : 27.606 s
Timestep : 183938, score : -14225.04690072297, Time : 27.145 s
Timestep : 192697, score : -15116.88600829251, Time : 27.396 s
Timestep : 201456, score : -14040.187292212766, Time : 27.726 s
Timestep : 210215, score : -14458.688004186522, Time : 28.915 s
Timestep : 218974, score : -13321.748125762591, Time : 28.895 s
Timestep : 227733, score : -13783.30887423404, Time : 29.095 s
Timestep : 236492, score : -13951.994332537171, Time : 29.381 s
Timestep : 245251, score : -13681.62195042913, Time : 28.884 s
Timestep : 254010, score : -12973.78511526897, Time : 28.956 s
Timestep : 262769, score : -13064.85325155186, Time : 28.72 s
Timestep : 271528, score : -13782.730531492925, Time : 29.412 s
Timestep : 280287, score : -13546.050075685489, Time : 29.227 s
Timestep : 289046, score : -15362.752194245259, Time : 28.955 s
Timestep : 297805, score : -14290.896630978561, Time : 28.886 s
Timestep : 306564, score : -14880.09481901949, Time : 29.098 s
Timestep : 315323, score : -15215.774332503905, Time : 29.414 s
Timestep : 324082, score : -13983.108163937752, Time : 28.976 s
Timestep : 332841, score : -13999.09858265701, Time : 28.907 s
Timestep : 341600, score : -14568.200807049845, Time : 28.869 s
Timestep : 350359, score : -13936.44446077384, Time : 29.283 s
Timestep : 359118, score : -13756.475258183382, Time : 29.231 s
Timestep : 367877, score : -14119.693733782638, Time : 28.84 s
Timestep : 376636, score : -14753.476269548832, Time : 28.916 s
Timestep : 385395, score : -15075.474819388663, Time : 28.978 s
Timestep : 394154, score : -14208.587142265591, Time : 29.408 s
Timestep : 402913, score : -14144.28361245415, Time : 28.931 s
Timestep : 411672, score : -13996.968448100288, Time : 28.847 s
Timestep : 420431, score : -13821.578129358153, Time : 28.856 s
Timestep : 429190, score : -14548.169000924674, Time : 29.115 s
Timestep : 437949, score : -14765.754131763038, Time : 29.29 s
Timestep : 446708, score : -14037.877732149733, Time : 28.94 s
Timestep : 455467, score : -14827.13110298886, Time : 28.852 s
Timestep : 464226, score : -13437.944894269598, Time : 28.932 s
Timestep : 472985, score : -13547.313343851041, Time : 29.45 s
Timestep : 481744, score : -14361.477325264219, Time : 29.131 s
Timestep : 490503, score : -13491.012348882927, Time : 28.948 s
Timestep : 499262, score : -14191.965452579432, Time : 28.869 s
Timestep : 508021, score : -14209.045830824267, Time : 29.232 s
Timestep : 516780, score : -13813.77861035068, Time : 29.377 s
Timestep : 525539, score : -14336.666299767166, Time : 28.887 s
Timestep : 534298, score : -14526.726424908527, Time : 28.881 s
Timestep : 543057, score : -14152.321001271019, Time : 28.856 s
Timestep : 551816, score : -13942.386936669194, Time : 29.349 s
Timestep : 560575, score : -14817.170614741277, Time : 29.053 s
Timestep : 569334, score : -14977.282976322647, Time : 28.823 s
Timestep : 578093, score : -13965.280190536127, Time : 28.85 s
Timestep : 586852, score : -13940.553169128834, Time : 29.023 s
Timestep : 595611, score : -13944.978314071617, Time : 29.359 s
Timestep : 604370, score : -14107.662469329953, Time : 28.956 s
Timestep : 613129, score : -13624.872472458577, Time : 28.87 s
Timestep : 621888, score : -13931.38615568525, Time : 28.819 s
Timestep : 630647, score : -14166.711273998138, Time : 29.183 s
Timestep : 639406, score : -13822.393189761511, Time : 29.297 s
Timestep : 648165, score : -13463.788724695638, Time : 28.89 s
Timestep : 656924, score : -13821.388237448205, Time : 28.843 s
Timestep : 665683, score : -13525.220905277078, Time : 28.901 s
Timestep : 674442, score : -13001.505585672872, Time : 29.405 s
Timestep : 683201, score : -12865.725553762197, Time : 29.076 s
Timestep : 691960, score : -11941.336367153635, Time : 28.861 s
Timestep : 700719, score : -12541.588970829762, Time : 28.829 s
Timestep : 709478, score : -11735.197587022296, Time : 29.004 s
Timestep : 718237, score : -10772.480523384016, Time : 29.251 s
Timestep : 726996, score : -11186.515669089073, Time : 28.788 s
Timestep : 735755, score : -11125.170731783874, Time : 28.775 s
Timestep : 744514, score : -12215.879785184588, Time : 28.791 s
Timestep : 753273, score : -11947.504917471117, Time : 29.19 s
Timestep : 762032, score : -8478.97756638113, Time : 29.046 s
Timestep : 770791, score : -13250.431067233454, Time : 28.737 s
Timestep : 779550, score : -12729.97876944959, Time : 28.756 s
Timestep : 788309, score : -13008.014548907755, Time : 28.789 s
Timestep : 797068, score : -13281.516038559092, Time : 29.148 s
Timestep : 805827, score : -12381.547870797876, Time : 28.859 s
Timestep : 814586, score : -11980.894180886287, Time : 28.744 s
Timestep : 823345, score : -11098.83018922231, Time : 28.264 s
Timestep : 832104, score : -9262.29393740269, Time : 26.811 s
Timestep : 840863, score : -11426.72134825059, Time : 27.201 s
Timestep : 849622, score : -11353.390513321181, Time : 26.744 s
Timestep : 858381, score : -10806.809054429294, Time : 27.451 s
Timestep : 867140, score : -11279.154748008325, Time : 28.383 s
Timestep : 875899, score : -9277.616847357975, Time : 28.281 s
Starting local evaluation
Num Steps: 1000, Num episodes: 0
Num Steps: 2000, Num episodes: 0
Num Steps: 3000, Num episodes: 0
Num Steps: 4000, Num episodes: 0
Num Steps: 5000, Num episodes: 0
Num Steps: 6000, Num episodes: 0
Num Steps: 7000, Num episodes: 0
Num Steps: 8000, Num episodes: 0
Episode complete: 1 | Latest episode metrics: {'price_cost': 1.1641987640591525, 'emmision_cost': 1.1874612759442533}
[-0.44580552] -0.4458055155102445
Average Price Cost: 1.1641987640591525
Average Emmision Cost: 1.1874612759442533
Average of both costs: 1.175830020001703
Total time taken by agent: 4.036929568042979s
DONE!
