{'agent': 'DQN', 'action_selection': 'softmax', 'seed': 1, 'episodes': 100, 'data_path': 'data/citylearn_challenge_2022_phase_1', 'dry_run': False, 'n_discrete': 9, 'update_target': 4, 'lr': 0.1, 'batch_size': 8, 'adam_epsilon': 1e-10, 'epsilon_final': 0.02, 'run_id': 122}
{'Notes': 'This is a tuning run, executed on a single building.',
 'action_selection': 'softmax',
 'adam_epsilon': 1e-10,
 'env': '<NormalizeObservation<OneHotHour<DiscreteSingle<CityLearnEnv '
        'instance>>>>',
 'final_exploration_rate': 0.02,
 'final_exploration_step': 1000,
 'gamma': 0.99,
 'initial_exploration_rate': 1,
 'learning_rate': 0.1,
 'loss': 'mse',
 'minibatch_size': 8,
 'network': 'MLP(\n'
            '  (layers): Sequential(\n'
            '    (0): Linear(in_features=29, out_features=128, bias=True)\n'
            '    (1): ReLU()\n'
            '    (2): Linear(in_features=128, out_features=128, bias=True)\n'
            '    (3): ReLU()\n'
            '    (4): Linear(in_features=128, out_features=9, bias=True)\n'
            '  )\n'
            ')',
 'replay_buffer_size': 10000,
 'replay_start_size': 8,
 'seed': 1,
 'train_steps': 876000,
 'update_frequency': 1,
 'update_target_frequency': 4,
 'weight_scale': 1.4142135623730951}
Timestep : 8758, score : -6511.708161206247, Time : 21.244 s
Timestep : 17517, score : -6646.997800108351, Time : 21.264 s
Timestep : 26276, score : -6754.097387894362, Time : 21.455 s
Timestep : 35035, score : -5975.868143042113, Time : 20.94 s
Timestep : 43794, score : -6446.916294758936, Time : 21.567 s
Timestep : 52553, score : -6673.085263868401, Time : 20.942 s
Timestep : 61312, score : -6716.56860244929, Time : 20.978 s
Timestep : 70071, score : -6849.790842847462, Time : 21.18 s
Timestep : 78830, score : -8374.704335086077, Time : 20.78 s
Timestep : 87589, score : -7073.528902509977, Time : 20.73 s
Timestep : 96348, score : -7300.5099752768, Time : 20.957 s
Timestep : 105107, score : -7748.682044998728, Time : 20.637 s
Timestep : 113866, score : -7496.298230974469, Time : 20.689 s
Timestep : 122625, score : -7042.187260252991, Time : 20.69 s
Timestep : 131384, score : -7081.69895342621, Time : 20.592 s
Timestep : 140143, score : -7817.041632875407, Time : 20.711 s
Timestep : 148902, score : -7187.209332021259, Time : 20.819 s
Timestep : 157661, score : -7428.7741868230805, Time : 20.918 s
Timestep : 166420, score : -7775.2216174175555, Time : 21.086 s
Timestep : 175179, score : -8160.9741423175, Time : 20.957 s
Timestep : 183938, score : -8006.664440183231, Time : 20.835 s
Timestep : 192697, score : -8139.872840505748, Time : 20.7 s
Timestep : 201456, score : -7911.861810140574, Time : 20.841 s
Timestep : 210215, score : -7821.450312038625, Time : 20.79 s
Timestep : 218974, score : -8158.02181048927, Time : 20.791 s
Timestep : 227733, score : -7934.342925992241, Time : 21.079 s
Timestep : 236492, score : -7782.576541410366, Time : 20.969 s
Timestep : 245251, score : -7475.582127979411, Time : 20.955 s
Timestep : 254010, score : -7803.092189775125, Time : 20.977 s
Timestep : 262769, score : -8175.756277472916, Time : 20.975 s
Timestep : 271528, score : -8093.490535448611, Time : 20.895 s
Timestep : 280287, score : -8440.917550586513, Time : 20.621 s
Timestep : 289046, score : -7781.50823359692, Time : 20.747 s
Timestep : 297805, score : -8213.736236718323, Time : 20.929 s
Timestep : 306564, score : -7606.197690558576, Time : 21.276 s
Timestep : 315323, score : -7728.708499584187, Time : 21.644 s
Timestep : 324082, score : -8068.267795502121, Time : 20.965 s
Timestep : 332841, score : -7995.298594800013, Time : 20.774 s
Timestep : 341600, score : -8357.132925012105, Time : 20.991 s
Timestep : 350359, score : -8186.491999369144, Time : 20.957 s
Timestep : 359118, score : -8921.061719585749, Time : 20.883 s
Timestep : 367877, score : -8350.684102267143, Time : 20.882 s
Timestep : 376636, score : -8117.930757268594, Time : 20.98 s
Timestep : 385395, score : -8586.584006902558, Time : 20.979 s
Timestep : 394154, score : -8808.999455558336, Time : 20.717 s
Timestep : 402913, score : -8665.37610724839, Time : 20.811 s
Timestep : 411672, score : -8975.73761379256, Time : 21.65 s
Timestep : 420431, score : -8810.80099847645, Time : 20.884 s
Timestep : 429190, score : -8637.480711647513, Time : 20.653 s
Timestep : 437949, score : -8651.025318420769, Time : 20.704 s
Timestep : 446708, score : -8411.075262932834, Time : 20.764 s
Timestep : 455467, score : -8451.039416428495, Time : 20.752 s
Timestep : 464226, score : -8599.358533013452, Time : 20.935 s
Timestep : 472985, score : -8701.809049872354, Time : 20.817 s
Timestep : 481744, score : -8866.416184378511, Time : 20.705 s
Timestep : 490503, score : -8911.243094294041, Time : 20.766 s
Timestep : 499262, score : -8990.543589393914, Time : 20.891 s
Timestep : 508021, score : -8988.098628135747, Time : 20.717 s
Timestep : 516780, score : -8633.313390042662, Time : 21.164 s
Timestep : 525539, score : -8572.181903723817, Time : 20.985 s
Timestep : 534298, score : -8656.173637374362, Time : 20.854 s
Timestep : 543057, score : -9183.121727862512, Time : 21.308 s
Timestep : 551816, score : -9417.701334499041, Time : 20.909 s
Timestep : 560575, score : -8767.527041449357, Time : 21.221 s
Timestep : 569334, score : -9387.365662040509, Time : 20.684 s
Timestep : 578093, score : -8891.811477382915, Time : 20.782 s
Timestep : 586852, score : -9520.766486816065, Time : 20.712 s
Timestep : 595611, score : -8959.236792749914, Time : 20.712 s
Timestep : 604370, score : -9161.392342626146, Time : 20.897 s
Timestep : 613129, score : -9145.65755101126, Time : 21.586 s
Timestep : 621888, score : -8954.74423686562, Time : 21.644 s
Timestep : 630647, score : -8328.957743429492, Time : 20.743 s
Timestep : 639406, score : -9325.73896368235, Time : 21.352 s
Timestep : 648165, score : -8816.214765338926, Time : 21.695 s
Timestep : 656924, score : -9193.68837009152, Time : 21.278 s
Timestep : 665683, score : -8462.07251954668, Time : 20.831 s
Timestep : 674442, score : -8552.383568205594, Time : 21.243 s
DONE!
