{'agent': 'DQN', 'action_selection': 'egreedy', 'seed': 9, 'episodes': 100, 'data_path': 'data/citylearn_challenge_2022_phase_1', 'dry_run': False, 'n_discrete': 9, 'update_target': 16, 'lr': 7e-05, 'batch_size': 4, 'adam_epsilon': 1e-08, 'epsilon_final': 0.02, 'run_id': 19}
{'Notes': 'This is a tuning run, executed on a single building.',
 'action_selection': 'egreedy',
 'adam_epsilon': 1e-08,
 'env': '<NormalizeObservation<OneHotHour<DiscreteSingle<CityLearnEnv '
        'instance>>>>',
 'final_exploration_rate': 0.02,
 'final_exploration_step': 1000,
 'gamma': 0.99,
 'initial_exploration_rate': 1,
 'learning_rate': 7e-05,
 'loss': 'mse',
 'minibatch_size': 4,
 'network': 'MLP(\n'
            '  (layers): Sequential(\n'
            '    (0): Linear(in_features=29, out_features=128, bias=True)\n'
            '    (1): ReLU()\n'
            '    (2): Linear(in_features=128, out_features=128, bias=True)\n'
            '    (3): ReLU()\n'
            '    (4): Linear(in_features=128, out_features=9, bias=True)\n'
            '  )\n'
            ')',
 'replay_buffer_size': 10000,
 'replay_start_size': 4,
 'seed': 9,
 'train_steps': 876000,
 'update_frequency': 1,
 'update_target_frequency': 16,
 'weight_scale': 1.4142135623730951}
Timestep : 8758, score : -5806.519760897529, Time : 21.552 s
Timestep : 17517, score : -4723.870968834875, Time : 21.496 s
Timestep : 26276, score : -5240.913218045054, Time : 21.568 s
Timestep : 35035, score : -4780.964905106841, Time : 21.495 s
Timestep : 43794, score : -4637.603369819961, Time : 21.51 s
Timestep : 52553, score : -4693.857285054779, Time : 21.495 s
Timestep : 61312, score : -4509.630142721726, Time : 21.502 s
Timestep : 70071, score : -4488.462725569989, Time : 21.527 s
Timestep : 78830, score : -3860.2018991832447, Time : 21.048 s
Timestep : 87589, score : -3681.2561806387093, Time : 21.366 s
Timestep : 96348, score : -3090.6605324091215, Time : 21.594 s
Timestep : 105107, score : -2817.4611403644376, Time : 21.611 s
Timestep : 113866, score : -2505.516728423914, Time : 21.633 s
Timestep : 122625, score : -2364.627922998072, Time : 21.613 s
Timestep : 131384, score : -2262.349159475678, Time : 21.607 s
Timestep : 140143, score : -2148.511408279912, Time : 21.404 s
Timestep : 148902, score : -1907.416873097216, Time : 20.983 s
Timestep : 157661, score : -1898.8568044636922, Time : 20.968 s
Timestep : 166420, score : -2008.2460956139548, Time : 20.985 s
Timestep : 175179, score : -1819.8982726058748, Time : 20.973 s
Timestep : 183938, score : -1988.7135387738963, Time : 21.383 s
Timestep : 192697, score : -1770.434204145713, Time : 21.313 s
Timestep : 201456, score : -1692.1520915377478, Time : 21.58 s
Timestep : 210215, score : -1881.024660574185, Time : 21.511 s
Timestep : 218974, score : -1617.6927161392814, Time : 21.512 s
Timestep : 227733, score : -1610.4074597733852, Time : 21.122 s
Timestep : 236492, score : -927.5444310724561, Time : 20.93 s
Timestep : 245251, score : -1147.9439507755742, Time : 21.419 s
Timestep : 254010, score : -1234.0678179308597, Time : 21.576 s
Timestep : 262769, score : -1191.974537524191, Time : 21.604 s
Timestep : 271528, score : -1080.1499697016843, Time : 21.499 s
Timestep : 280287, score : -1167.6600576623168, Time : 21.531 s
Timestep : 289046, score : -1016.5168321950187, Time : 21.518 s
Timestep : 297805, score : -1294.8381328541145, Time : 21.526 s
Timestep : 306564, score : -1274.4288678273151, Time : 21.522 s
Timestep : 315323, score : -888.9710145400168, Time : 21.572 s
Timestep : 324082, score : -1302.6343692606606, Time : 21.559 s
Timestep : 332841, score : -1217.1198878635478, Time : 21.531 s
Timestep : 341600, score : -1137.8315990178671, Time : 21.49 s
Timestep : 350359, score : -1116.8653215252853, Time : 21.468 s
Timestep : 359118, score : -1128.6401470054698, Time : 21.201 s
Timestep : 367877, score : -1094.4345869364042, Time : 21.316 s
Timestep : 376636, score : -1024.7521259018977, Time : 21.657 s
Timestep : 385395, score : -1126.2394659550919, Time : 21.36 s
Timestep : 394154, score : -1295.698663077579, Time : 21.451 s
Timestep : 402913, score : -1261.5369621126738, Time : 21.392 s
Timestep : 411672, score : -1263.3380695574742, Time : 21.487 s
Timestep : 420431, score : -1127.19865169868, Time : 21.546 s
Timestep : 429190, score : -1012.1206183580507, Time : 21.543 s
Timestep : 437949, score : -1103.9758721858088, Time : 21.576 s
Timestep : 446708, score : -1098.1801213492, Time : 21.505 s
Timestep : 455467, score : -1021.5126989278506, Time : 21.485 s
Timestep : 464226, score : -982.8908625350159, Time : 21.483 s
Timestep : 472985, score : -1031.5869148129423, Time : 21.474 s
Timestep : 481744, score : -1045.4992679062125, Time : 21.488 s
Timestep : 490503, score : -886.2028252159071, Time : 21.541 s
Timestep : 499262, score : -1159.7527482740406, Time : 21.53 s
Timestep : 508021, score : -1384.7645866594103, Time : 21.54 s
Timestep : 516780, score : -1407.82140646482, Time : 21.487 s
Timestep : 525539, score : -1358.3653548604634, Time : 21.339 s
Timestep : 534298, score : -1373.4018701927562, Time : 21.487 s
Timestep : 543057, score : -982.1446205408138, Time : 21.506 s
Timestep : 551816, score : -813.847307392658, Time : 21.599 s
Timestep : 560575, score : -1293.985329282732, Time : 21.547 s
Timestep : 569334, score : -1087.5348988252517, Time : 21.515 s
Timestep : 578093, score : -1312.8389885298238, Time : 21.499 s
Timestep : 586852, score : -1164.4621909649868, Time : 21.503 s
Timestep : 595611, score : -1061.0899096199137, Time : 21.5 s
Timestep : 604370, score : -1348.932583605434, Time : 21.547 s
Timestep : 613129, score : -1371.5249151077878, Time : 21.234 s
Timestep : 621888, score : -1356.152305474825, Time : 21.464 s
Timestep : 630647, score : -1407.1506679535669, Time : 21.508 s
Timestep : 639406, score : -1134.6914564463368, Time : 21.523 s
Timestep : 648165, score : -1211.4254967433226, Time : 21.485 s
Timestep : 656924, score : -1201.2902485252416, Time : 21.404 s
Timestep : 665683, score : -1121.8618960927997, Time : 21.206 s
Timestep : 674442, score : -1219.2342442728404, Time : 21.642 s
Timestep : 683201, score : -1120.202624800877, Time : 21.557 s
Timestep : 691960, score : -1314.739302696922, Time : 21.365 s
Timestep : 700719, score : -1322.8702584429702, Time : 21.626 s
Timestep : 709478, score : -1175.5733213391213, Time : 21.613 s
Timestep : 718237, score : -1116.1343815243163, Time : 21.643 s
Timestep : 726996, score : -1002.2433163079259, Time : 21.71 s
Timestep : 735755, score : -1447.1918978069734, Time : 21.308 s
Timestep : 744514, score : -1234.1805226989818, Time : 20.93 s
Timestep : 753273, score : -1085.8567161805986, Time : 20.945 s
Timestep : 762032, score : -1304.6632708276447, Time : 20.954 s
Timestep : 770791, score : -1267.761527271272, Time : 20.99 s
Timestep : 779550, score : -1402.055558709224, Time : 21.642 s
Timestep : 788309, score : -1052.529521793389, Time : 21.704 s
Timestep : 797068, score : -1039.1338276474562, Time : 21.418 s
Timestep : 805827, score : -1190.1260254227382, Time : 21.491 s
Timestep : 814586, score : -1260.686519618408, Time : 21.47 s
Timestep : 823345, score : -1439.3004891381424, Time : 21.492 s
Timestep : 832104, score : -1192.927458358492, Time : 21.049 s
Timestep : 840863, score : -1487.0986346819263, Time : 21.291 s
Timestep : 849622, score : -1450.4315098210063, Time : 21.389 s
Timestep : 858381, score : -1508.355401196779, Time : 21.586 s
Timestep : 867140, score : -1232.5081650169159, Time : 21.544 s
Timestep : 875899, score : -1244.3659600366664, Time : 21.315 s
Starting local evaluation
Num Steps: 1000, Num episodes: 0
Num Steps: 2000, Num episodes: 0
Num Steps: 3000, Num episodes: 0
Num Steps: 4000, Num episodes: 0
Num Steps: 5000, Num episodes: 0
Num Steps: 6000, Num episodes: 0
Num Steps: 7000, Num episodes: 0
Num Steps: 8000, Num episodes: 0
Episode complete: 1 | Latest episode metrics: {'price_cost': 0.815137367112937, 'emmision_cost': 0.9164161524713158}
[-0.06230607] -0.06230606924429676
Average Price Cost: 0.815137367112937
Average Emmision Cost: 0.9164161524713158
Average of both costs: 0.8657767597921264
Total time taken by agent: 2.578043201006949s
DONE!
