{'agent': 'DQN', 'action_selection': 'egreedy', 'seed': 1, 'episodes': 100, 'data_path': 'data/citylearn_challenge_2022_phase_1', 'dry_run': False, 'n_discrete': 9, 'update_target': 8, 'lr': 0.0007, 'batch_size': 64, 'adam_epsilon': 1e-08, 'epsilon_final': 0.04, 'run_id': 387}
{'Notes': 'This is a tuning run, executed on a single building.',
 'action_selection': 'egreedy',
 'adam_epsilon': 1e-08,
 'env': '<NormalizeObservation<OneHotHour<DiscreteSingle<CityLearnEnv '
        'instance>>>>',
 'final_exploration_rate': 0.02,
 'final_exploration_step': 1000,
 'gamma': 0.99,
 'initial_exploration_rate': 1,
 'learning_rate': 0.0007,
 'loss': 'mse',
 'minibatch_size': 64,
 'network': 'MLP(\n'
            '  (layers): Sequential(\n'
            '    (0): Linear(in_features=29, out_features=128, bias=True)\n'
            '    (1): ReLU()\n'
            '    (2): Linear(in_features=128, out_features=128, bias=True)\n'
            '    (3): ReLU()\n'
            '    (4): Linear(in_features=128, out_features=9, bias=True)\n'
            '  )\n'
            ')',
 'replay_buffer_size': 10000,
 'replay_start_size': 64,
 'seed': 1,
 'train_steps': 876000,
 'update_frequency': 1,
 'update_target_frequency': 8,
 'weight_scale': 1.4142135623730951}
Timestep : 8758, score : -6064.435638137278, Time : 31.107 s
Timestep : 17517, score : -4218.313179940014, Time : 32.642 s
Timestep : 26276, score : -4892.841886641254, Time : 32.972 s
Timestep : 35035, score : -4859.533049757083, Time : 32.942 s
Timestep : 43794, score : -4937.597790285901, Time : 32.823 s
Timestep : 52553, score : -4933.8939506684255, Time : 33.287 s
Timestep : 61312, score : -4488.21671473296, Time : 33.325 s
Timestep : 70071, score : -4592.8705453830335, Time : 32.48 s
Timestep : 78830, score : -4242.843215794681, Time : 32.54 s
Timestep : 87589, score : -4296.769530417427, Time : 32.389 s
Timestep : 96348, score : -3979.2539427501906, Time : 32.799 s
Timestep : 105107, score : -3697.343744062935, Time : 32.698 s
Timestep : 113866, score : -3280.5082947806513, Time : 32.358 s
Timestep : 122625, score : -3430.16853652618, Time : 32.368 s
Timestep : 131384, score : -3071.591229607773, Time : 32.338 s
Timestep : 140143, score : -3130.451344034009, Time : 32.106 s
Timestep : 148902, score : -3358.1744209134704, Time : 32.141 s
Timestep : 157661, score : -3260.371264587695, Time : 32.375 s
Timestep : 166420, score : -3325.202426703676, Time : 32.384 s
Timestep : 175179, score : -2498.21225620911, Time : 32.381 s
Timestep : 183938, score : -2547.8006001862523, Time : 32.403 s
Timestep : 192697, score : -2414.9203865246673, Time : 32.26 s
Timestep : 201456, score : -2704.371592891199, Time : 32.889 s
Timestep : 210215, score : -2388.167478659365, Time : 32.198 s
Timestep : 218974, score : -2287.7649503730063, Time : 32.766 s
Timestep : 227733, score : -2709.665071799798, Time : 32.631 s
Timestep : 236492, score : -2682.6892785814416, Time : 32.819 s
Timestep : 245251, score : -2109.4175018549067, Time : 33.089 s
Timestep : 254010, score : -2078.8767528522585, Time : 33.907 s
Timestep : 262769, score : -2676.7404646055948, Time : 33.424 s
Timestep : 271528, score : -2274.902407710644, Time : 33.148 s
Timestep : 280287, score : -2471.3634781160217, Time : 33.109 s
Timestep : 289046, score : -2634.1830431563576, Time : 32.487 s
Timestep : 297805, score : -2257.560358390241, Time : 32.785 s
Timestep : 306564, score : -2360.731484627031, Time : 32.337 s
Timestep : 315323, score : -2460.046481932426, Time : 32.344 s
Timestep : 324082, score : -2765.275197056384, Time : 32.743 s
Timestep : 332841, score : -2834.0002906882437, Time : 32.755 s
Timestep : 341600, score : -2719.297681301323, Time : 32.387 s
Timestep : 350359, score : -2521.603729795461, Time : 32.587 s
Timestep : 359118, score : -2986.966319535073, Time : 32.671 s
Timestep : 367877, score : -2813.8042006556934, Time : 32.973 s
Timestep : 376636, score : -3064.426225067087, Time : 33.43 s
Timestep : 385395, score : -2566.0221922443743, Time : 33.318 s
Timestep : 394154, score : -2677.503620985226, Time : 33.444 s
Timestep : 402913, score : -2961.5734165798785, Time : 33.596 s
Timestep : 411672, score : -2703.452962633368, Time : 33.136 s
Timestep : 420431, score : -2701.8431396527158, Time : 32.678 s
Timestep : 429190, score : -2578.9552358376823, Time : 32.151 s
Timestep : 437949, score : -2310.8553879226674, Time : 32.427 s
Timestep : 446708, score : -2573.527939375461, Time : 32.611 s
Timestep : 455467, score : -2890.6463325817895, Time : 32.213 s
Timestep : 464226, score : -2774.0050171440525, Time : 32.183 s
Timestep : 472985, score : -2788.785601794516, Time : 32.692 s
Timestep : 481744, score : -2767.6680598161474, Time : 32.6 s
Timestep : 490503, score : -2680.2011479495122, Time : 32.302 s
Timestep : 499262, score : -2821.091451066779, Time : 32.301 s
Timestep : 508021, score : -2608.4243931105157, Time : 32.538 s
Timestep : 516780, score : -2395.2846763672133, Time : 33.014 s
Timestep : 525539, score : -2762.233365842403, Time : 33.058 s
Timestep : 534298, score : -2754.141772250907, Time : 33.184 s
Timestep : 543057, score : -2597.3114819233597, Time : 32.688 s
Timestep : 551816, score : -2660.5246425714868, Time : 32.517 s
Timestep : 560575, score : -2588.5803101073543, Time : 32.843 s
Timestep : 569334, score : -2420.675184544016, Time : 32.498 s
Timestep : 578093, score : -2503.3368405569636, Time : 32.441 s
Timestep : 586852, score : -2383.4386495237995, Time : 31.108 s
Timestep : 595611, score : -2706.5436210771586, Time : 28.016 s
Timestep : 604370, score : -2696.4142162293574, Time : 33.008 s
Timestep : 613129, score : -2652.9265528230753, Time : 33.113 s
Timestep : 621888, score : -2761.0027245264064, Time : 33.316 s
Timestep : 630647, score : -2794.855496305303, Time : 33.273 s
Timestep : 639406, score : -2735.9606247145275, Time : 33.566 s
Timestep : 648165, score : -2827.9184370092407, Time : 32.724 s
Timestep : 656924, score : -2719.805639215716, Time : 33.393 s
Timestep : 665683, score : -2824.808648217717, Time : 33.133 s
Timestep : 674442, score : -2587.505858396835, Time : 32.783 s
Timestep : 683201, score : -2887.9766162283195, Time : 33.564 s
Timestep : 691960, score : -2568.942869159815, Time : 33.431 s
Timestep : 700719, score : -2622.4231588642433, Time : 33.438 s
Timestep : 709478, score : -2968.766909436279, Time : 33.423 s
Timestep : 718237, score : -2935.0992385916907, Time : 33.577 s
Timestep : 726996, score : -2943.411069729438, Time : 34.124 s
Timestep : 735755, score : -3115.1657948451175, Time : 33.845 s
Timestep : 744514, score : -2953.302792537099, Time : 30.895 s
Timestep : 753273, score : -2906.307059059691, Time : 31.226 s
Timestep : 762032, score : -3073.361274379611, Time : 33.114 s
Timestep : 770791, score : -2924.545702947318, Time : 33.157 s
Timestep : 779550, score : -2618.2265834743885, Time : 33.277 s
Timestep : 788309, score : -2829.3343918710016, Time : 33.387 s
Timestep : 797068, score : -3032.630938325732, Time : 34.056 s
Timestep : 805827, score : -3008.0761698133574, Time : 33.661 s
Timestep : 814586, score : -2634.3769379509176, Time : 33.328 s
Timestep : 823345, score : -2915.618178219607, Time : 33.523 s
Timestep : 832104, score : -2664.8897245320986, Time : 33.651 s
Timestep : 840863, score : -3166.595617936415, Time : 33.776 s
Timestep : 849622, score : -2579.5810000862257, Time : 33.743 s
Timestep : 858381, score : -2666.264672425532, Time : 33.79 s
Timestep : 867140, score : -2889.4909242332506, Time : 33.707 s
Timestep : 875899, score : -2833.8073313682253, Time : 33.65 s
Starting local evaluation
Num Steps: 1000, Num episodes: 0
Num Steps: 2000, Num episodes: 0
Num Steps: 3000, Num episodes: 0
Num Steps: 4000, Num episodes: 0
Num Steps: 5000, Num episodes: 0
Num Steps: 6000, Num episodes: 0
Num Steps: 7000, Num episodes: 0
Num Steps: 8000, Num episodes: 0
Episode complete: 1 | Latest episode metrics: {'price_cost': 0.9123656443950438, 'emmision_cost': 1.022711858013792}
[-0.18728162] -0.18728162316747238
Average Price Cost: 0.9123656443950438
Average Emmision Cost: 1.022711858013792
Average of both costs: 0.9675387512044178
Total time taken by agent: 4.41482384140545s
DONE!
