{'agent': 'DQN', 'action_selection': 'softmax', 'seed': 1, 'episodes': 100, 'data_path': 'data/citylearn_challenge_2022_phase_1', 'dry_run': False, 'n_discrete': 9, 'update_target': 4, 'lr': 0.01, 'batch_size': 16, 'adam_epsilon': 1e-06, 'epsilon_final': 0.02, 'run_id': 66}
{'Notes': 'This is a tuning run, executed on a single building.',
 'action_selection': 'softmax',
 'adam_epsilon': 1e-06,
 'env': '<NormalizeObservation<OneHotHour<DiscreteSingle<CityLearnEnv '
        'instance>>>>',
 'final_exploration_rate': 0.02,
 'final_exploration_step': 1000,
 'gamma': 0.99,
 'initial_exploration_rate': 1,
 'learning_rate': 0.01,
 'loss': 'mse',
 'minibatch_size': 16,
 'network': 'MLP(\n'
            '  (layers): Sequential(\n'
            '    (0): Linear(in_features=29, out_features=128, bias=True)\n'
            '    (1): ReLU()\n'
            '    (2): Linear(in_features=128, out_features=128, bias=True)\n'
            '    (3): ReLU()\n'
            '    (4): Linear(in_features=128, out_features=9, bias=True)\n'
            '  )\n'
            ')',
 'replay_buffer_size': 10000,
 'replay_start_size': 16,
 'seed': 1,
 'train_steps': 876000,
 'update_frequency': 1,
 'update_target_frequency': 4,
 'weight_scale': 1.4142135623730951}
Timestep : 8758, score : -6647.670343344944, Time : 23.797 s
Timestep : 17517, score : -7570.605533773989, Time : 23.841 s
Timestep : 26276, score : -6793.372742841864, Time : 24.003 s
Timestep : 35035, score : -10105.67079498824, Time : 24.392 s
Timestep : 43794, score : -6181.821920332877, Time : 24.796 s
Timestep : 52553, score : -10368.50938747896, Time : 23.961 s
Timestep : 61312, score : -10442.611922649354, Time : 24.126 s
Timestep : 70071, score : -10033.834945823444, Time : 23.587 s
Timestep : 78830, score : -9662.878347964404, Time : 24.171 s
Timestep : 87589, score : -9485.254401596845, Time : 23.836 s
Timestep : 96348, score : -4455.302038205235, Time : 23.484 s
Timestep : 105107, score : -4465.011921566824, Time : 23.436 s
Timestep : 113866, score : -4374.128593817732, Time : 23.548 s
Timestep : 122625, score : -4300.3855714103265, Time : 23.745 s
Timestep : 131384, score : -4413.756176658513, Time : 23.459 s
Timestep : 140143, score : -4176.5375575343205, Time : 23.824 s
Timestep : 148902, score : -4102.905143549113, Time : 23.507 s
Timestep : 157661, score : -4108.16742821355, Time : 23.871 s
Timestep : 166420, score : -4187.497058291367, Time : 23.708 s
Timestep : 175179, score : -4166.88376336862, Time : 23.428 s
Timestep : 183938, score : -4146.403866779903, Time : 23.327 s
Timestep : 192697, score : -4133.546152691735, Time : 24.0 s
Timestep : 201456, score : -4112.6794990649505, Time : 23.605 s
Timestep : 210215, score : -4140.929130322678, Time : 23.911 s
Timestep : 218974, score : -4303.373857819388, Time : 23.7 s
Timestep : 227733, score : -4109.373310606374, Time : 23.457 s
Timestep : 236492, score : -4178.004696010874, Time : 23.449 s
Timestep : 245251, score : -4216.70341380153, Time : 23.738 s
Timestep : 254010, score : -4088.4473484460323, Time : 23.561 s
Timestep : 262769, score : -4169.611794200173, Time : 24.001 s
Timestep : 271528, score : -4157.8766938521585, Time : 23.975 s
Timestep : 280287, score : -4099.703655978112, Time : 23.457 s
Timestep : 289046, score : -4070.1024830345123, Time : 23.455 s
Timestep : 297805, score : -4200.626431798475, Time : 23.453 s
Timestep : 306564, score : -4103.061954623117, Time : 23.684 s
Timestep : 315323, score : -4096.977587857662, Time : 23.525 s
Timestep : 324082, score : -4082.8431640354975, Time : 23.416 s
Timestep : 332841, score : -4087.368941367982, Time : 23.389 s
Timestep : 341600, score : -4051.0993508001848, Time : 23.976 s
Timestep : 350359, score : -4089.5917669333576, Time : 23.689 s
Timestep : 359118, score : -4108.752098930447, Time : 23.748 s
Timestep : 367877, score : -4158.110094477801, Time : 23.402 s
Timestep : 376636, score : -4184.488226740068, Time : 23.418 s
Timestep : 385395, score : -4113.658731402276, Time : 23.586 s
Timestep : 394154, score : -4098.56123601945, Time : 23.307 s
Timestep : 402913, score : -4113.249169134913, Time : 23.494 s
Timestep : 411672, score : -4149.1515465093835, Time : 23.43 s
Timestep : 420431, score : -4185.620953383303, Time : 23.68 s
Timestep : 429190, score : -4086.873768342106, Time : 23.738 s
Timestep : 437949, score : -4057.735093987925, Time : 23.845 s
Timestep : 446708, score : -4229.183782660781, Time : 23.986 s
Timestep : 455467, score : -4166.544121147512, Time : 23.602 s
Timestep : 464226, score : -4074.335014515469, Time : 23.772 s
Timestep : 472985, score : -4068.865796526341, Time : 23.366 s
Timestep : 481744, score : -4104.4296248437895, Time : 23.863 s
Timestep : 490503, score : -4064.9795367934566, Time : 23.824 s
Timestep : 499262, score : -4068.787855302362, Time : 23.704 s
Timestep : 508021, score : -4109.073904355435, Time : 23.486 s
Timestep : 516780, score : -4053.7464495053573, Time : 23.82 s
Timestep : 525539, score : -4128.945032184391, Time : 23.892 s
Timestep : 534298, score : -4145.847429238289, Time : 23.584 s
Timestep : 543057, score : -4104.997127269773, Time : 23.969 s
Timestep : 551816, score : -4123.678475440858, Time : 23.917 s
Timestep : 560575, score : -4147.097838846414, Time : 23.973 s
Timestep : 569334, score : -4181.415365499823, Time : 23.978 s
Timestep : 578093, score : -4151.290649948089, Time : 23.614 s
Timestep : 586852, score : -4153.713354182808, Time : 23.469 s
Timestep : 595611, score : -4093.235847459553, Time : 23.481 s
Timestep : 604370, score : -4124.745166785346, Time : 23.407 s
Timestep : 613129, score : -4104.726677642582, Time : 23.433 s
Timestep : 621888, score : -4089.318537333078, Time : 23.786 s
Timestep : 630647, score : -4060.5729317044897, Time : 23.212 s
Timestep : 639406, score : -4110.057178442745, Time : 23.379 s
Timestep : 648165, score : -4142.671500758646, Time : 24.008 s
Timestep : 656924, score : -4114.734480757645, Time : 23.937 s
Timestep : 665683, score : -4204.871202171227, Time : 23.617 s
Timestep : 674442, score : -4150.949303997128, Time : 23.941 s
Timestep : 683201, score : -4107.6507686910045, Time : 23.779 s
Timestep : 691960, score : -4164.3111943084805, Time : 23.322 s
Timestep : 700719, score : -4094.0575321758224, Time : 23.438 s
Timestep : 709478, score : -4218.931951046834, Time : 23.647 s
Timestep : 718237, score : -4162.813507107465, Time : 23.739 s
Timestep : 726996, score : -4160.2547635449155, Time : 24.477 s
Timestep : 735755, score : -4135.028716330795, Time : 23.802 s
Timestep : 744514, score : -4085.1199708240165, Time : 23.825 s
Timestep : 753273, score : -4106.047030802263, Time : 23.442 s
Timestep : 762032, score : -4201.234609130217, Time : 23.647 s
Timestep : 770791, score : -4137.598075201182, Time : 23.71 s
Timestep : 779550, score : -4156.112154416187, Time : 23.744 s
Timestep : 788309, score : -4151.849170308007, Time : 23.77 s
Timestep : 797068, score : -4114.052655160849, Time : 23.563 s
Timestep : 805827, score : -4072.3147038197203, Time : 23.569 s
Timestep : 814586, score : -4119.188557965128, Time : 23.239 s
Timestep : 823345, score : -4161.934568256518, Time : 23.457 s
Timestep : 832104, score : -4101.323761835607, Time : 23.804 s
Timestep : 840863, score : -4159.544854914217, Time : 23.785 s
Timestep : 849622, score : -4124.347028394608, Time : 23.793 s
Timestep : 858381, score : -4131.477522001514, Time : 23.423 s
Timestep : 867140, score : -4107.102340829937, Time : 23.195 s
Timestep : 875899, score : -4121.355179197344, Time : 23.476 s
Starting local evaluation
Num Steps: 1000, Num episodes: 0
Num Steps: 2000, Num episodes: 0
Num Steps: 3000, Num episodes: 0
Num Steps: 4000, Num episodes: 0
Num Steps: 5000, Num episodes: 0
Num Steps: 6000, Num episodes: 0
Num Steps: 7000, Num episodes: 0
Num Steps: 8000, Num episodes: 0
Episode complete: 1 | Latest episode metrics: {'price_cost': 1.0026931832474442, 'emmision_cost': 1.0031215368816255}
[-0.23362745] -0.23362744634820262
Average Price Cost: 1.0026931832474442
Average Emmision Cost: 1.0031215368816255
Average of both costs: 1.0029073600645348
Total time taken by agent: 3.815838143462315s
DONE!
