{'agent': 'DQN', 'action_selection': 'egreedy', 'seed': 1, 'episodes': 100, 'data_path': 'data/citylearn_challenge_2022_phase_1', 'dry_run': False, 'n_discrete': 9, 'update_target': 32, 'lr': 0.0001, 'batch_size': 64, 'adam_epsilon': 1e-05, 'epsilon_final': 0.06, 'run_id': 392}
{'Notes': 'This is a tuning run, executed on a single building.',
 'action_selection': 'egreedy',
 'adam_epsilon': 1e-05,
 'env': '<NormalizeObservation<OneHotHour<DiscreteSingle<CityLearnEnv '
        'instance>>>>',
 'final_exploration_rate': 0.02,
 'final_exploration_step': 1000,
 'gamma': 0.99,
 'initial_exploration_rate': 1,
 'learning_rate': 0.0001,
 'loss': 'mse',
 'minibatch_size': 64,
 'network': 'MLP(\n'
            '  (layers): Sequential(\n'
            '    (0): Linear(in_features=29, out_features=128, bias=True)\n'
            '    (1): ReLU()\n'
            '    (2): Linear(in_features=128, out_features=128, bias=True)\n'
            '    (3): ReLU()\n'
            '    (4): Linear(in_features=128, out_features=9, bias=True)\n'
            '  )\n'
            ')',
 'replay_buffer_size': 10000,
 'replay_start_size': 64,
 'seed': 1,
 'train_steps': 876000,
 'update_frequency': 1,
 'update_target_frequency': 32,
 'weight_scale': 1.4142135623730951}
Timestep : 8758, score : -4507.991549249418, Time : 22.221 s
Timestep : 17517, score : -1870.1317226907995, Time : 22.668 s
Timestep : 26276, score : -2000.1303935115284, Time : 22.783 s
Timestep : 35035, score : -2476.412755415571, Time : 22.496 s
Timestep : 43794, score : -2349.6939887882036, Time : 22.937 s
Timestep : 52553, score : -2218.2088900684175, Time : 22.925 s
Timestep : 61312, score : -1885.6123815060419, Time : 22.92 s
Timestep : 70071, score : -1871.6234884717996, Time : 22.395 s
Timestep : 78830, score : -2145.695659540157, Time : 22.743 s
Timestep : 87589, score : -2023.607140307111, Time : 23.166 s
Timestep : 96348, score : -1738.5814325546671, Time : 22.667 s
Timestep : 105107, score : -2048.1621702775738, Time : 22.953 s
Timestep : 113866, score : -1609.4103104484093, Time : 22.921 s
Timestep : 122625, score : -1760.9862920597952, Time : 22.836 s
Timestep : 131384, score : -1742.3443055586686, Time : 22.292 s
Timestep : 140143, score : -1943.4161999813805, Time : 22.653 s
Timestep : 148902, score : -1822.2113584833278, Time : 22.51 s
Timestep : 157661, score : -1598.5476014736632, Time : 22.576 s
Timestep : 166420, score : -1820.4800452587951, Time : 22.576 s
Timestep : 175179, score : -1619.6992930464621, Time : 23.231 s
Timestep : 183938, score : -1956.5343680865044, Time : 23.059 s
Timestep : 192697, score : -1689.871122945362, Time : 22.482 s
Timestep : 201456, score : -2009.7136667669547, Time : 22.723 s
Timestep : 210215, score : -1664.8816081548866, Time : 22.837 s
Timestep : 218974, score : -1812.5740446451819, Time : 22.685 s
Timestep : 227733, score : -1562.8399884694081, Time : 22.242 s
Timestep : 236492, score : -1659.5420482687477, Time : 22.476 s
Timestep : 245251, score : -1726.1144001719804, Time : 22.818 s
Timestep : 254010, score : -1776.3946898191061, Time : 22.873 s
Timestep : 262769, score : -1676.3309009594668, Time : 22.816 s
Timestep : 271528, score : -1625.9235045722744, Time : 23.151 s
Timestep : 280287, score : -1846.4220463568636, Time : 22.856 s
Timestep : 289046, score : -1699.4387943393813, Time : 22.825 s
Timestep : 297805, score : -1797.9037259437937, Time : 22.37 s
Timestep : 306564, score : -1842.5747830457112, Time : 22.203 s
Timestep : 315323, score : -1672.1815512369212, Time : 22.372 s
Timestep : 324082, score : -1598.798391063654, Time : 22.923 s
Timestep : 332841, score : -1768.3137113512057, Time : 22.666 s
Timestep : 341600, score : -1770.8192821287375, Time : 22.476 s
Timestep : 350359, score : -1542.0603961243905, Time : 22.37 s
Timestep : 359118, score : -1820.3688640633627, Time : 22.816 s
Timestep : 367877, score : -1713.1727326421824, Time : 23.153 s
Timestep : 376636, score : -1801.9623828553886, Time : 22.783 s
Timestep : 385395, score : -1612.6023007782933, Time : 22.951 s
Timestep : 394154, score : -1555.4862236816261, Time : 22.95 s
Timestep : 402913, score : -1593.91457070029, Time : 22.792 s
Timestep : 411672, score : -1625.9402177360462, Time : 22.481 s
Timestep : 420431, score : -1739.2674876093515, Time : 22.952 s
Timestep : 429190, score : -1502.3527169341978, Time : 22.931 s
Timestep : 437949, score : -1674.2127014994621, Time : 22.871 s
Timestep : 446708, score : -1718.4217517650977, Time : 23.17 s
Timestep : 455467, score : -1732.094685392658, Time : 22.882 s
Timestep : 464226, score : -1664.9611428913486, Time : 22.617 s
Timestep : 472985, score : -1974.9936344267626, Time : 22.856 s
Timestep : 481744, score : -1816.989302655944, Time : 22.696 s
Timestep : 490503, score : -1701.0038226540928, Time : 22.591 s
Timestep : 499262, score : -1705.045793661906, Time : 22.524 s
Timestep : 508021, score : -1840.0509956858587, Time : 22.778 s
Timestep : 516780, score : -1834.707713204043, Time : 22.69 s
Timestep : 525539, score : -1739.1742834307079, Time : 22.922 s
Timestep : 534298, score : -1705.806543730112, Time : 22.589 s
Timestep : 543057, score : -1791.6573063291435, Time : 22.932 s
Timestep : 551816, score : -1769.7732048740436, Time : 23.012 s
Timestep : 560575, score : -1872.6948463495646, Time : 22.899 s
Timestep : 569334, score : -1766.068356745207, Time : 22.625 s
Timestep : 578093, score : -1830.8255196920654, Time : 22.36 s
Timestep : 586852, score : -1739.4602458156005, Time : 22.316 s
Timestep : 595611, score : -1790.1064167928853, Time : 22.244 s
Timestep : 604370, score : -1682.2659764475684, Time : 22.393 s
Timestep : 613129, score : -1753.382105397308, Time : 22.534 s
Timestep : 621888, score : -2023.5094574911345, Time : 22.554 s
Timestep : 630647, score : -1730.1090385109128, Time : 22.07 s
Timestep : 639406, score : -1668.308862728445, Time : 22.633 s
Timestep : 648165, score : -2011.755465640017, Time : 22.766 s
Timestep : 656924, score : -1698.7940201026213, Time : 22.62 s
Timestep : 665683, score : -1768.9414892914065, Time : 22.608 s
Timestep : 674442, score : -1852.4423997624253, Time : 22.624 s
Timestep : 683201, score : -1771.349844170385, Time : 22.577 s
Timestep : 691960, score : -1641.464778445923, Time : 22.623 s
Timestep : 700719, score : -1643.9819804982963, Time : 22.447 s
Timestep : 709478, score : -1816.999216291384, Time : 22.57 s
Timestep : 718237, score : -1861.0935965813405, Time : 22.382 s
Timestep : 726996, score : -1769.8464581654698, Time : 22.945 s
Timestep : 735755, score : -1704.13556242481, Time : 22.769 s
Timestep : 744514, score : -1744.1837649689696, Time : 22.576 s
Timestep : 753273, score : -1610.9489722831931, Time : 22.159 s
Timestep : 762032, score : -1647.7895991666446, Time : 22.234 s
Timestep : 770791, score : -1912.545743700437, Time : 22.079 s
Timestep : 779550, score : -1796.0998817660438, Time : 22.59 s
Timestep : 788309, score : -1606.2957872704428, Time : 22.511 s
Timestep : 797068, score : -1748.6187719919544, Time : 22.549 s
Timestep : 805827, score : -1772.8500526465068, Time : 22.482 s
Timestep : 814586, score : -2034.454331759218, Time : 22.508 s
Timestep : 823345, score : -2095.3338405841787, Time : 22.749 s
Timestep : 832104, score : -1816.5198742774955, Time : 22.645 s
Timestep : 840863, score : -2013.4785232305876, Time : 22.563 s
Timestep : 849622, score : -1662.4716789059748, Time : 22.3 s
Timestep : 858381, score : -1987.2276977215952, Time : 21.929 s
Timestep : 867140, score : -1731.4262837528076, Time : 22.085 s
Timestep : 875899, score : -2039.1964270298195, Time : 22.421 s
Starting local evaluation
Num Steps: 1000, Num episodes: 0
Num Steps: 2000, Num episodes: 0
Num Steps: 3000, Num episodes: 0
Num Steps: 4000, Num episodes: 0
Num Steps: 5000, Num episodes: 0
Num Steps: 6000, Num episodes: 0
Num Steps: 7000, Num episodes: 0
Num Steps: 8000, Num episodes: 0
Episode complete: 1 | Latest episode metrics: {'price_cost': 0.853509307455743, 'emmision_cost': 0.9728665579111514}
[-0.12017607] -0.12017606516091112
Average Price Cost: 0.853509307455743
Average Emmision Cost: 0.9728665579111514
Average of both costs: 0.9131879326834472
Total time taken by agent: 2.4689968412276357s
DONE!
