{'agent': 'DQN', 'action_selection': 'egreedy', 'seed': 1, 'episodes': 100, 'data_path': 'data/citylearn_challenge_2022_phase_1', 'dry_run': False, 'n_discrete': 9, 'update_target': 8, 'lr': 0.0003, 'batch_size': 64, 'adam_epsilon': 1e-08, 'epsilon_final': 0.02, 'run_id': 345}
{'Notes': 'This is a tuning run, executed on a single building.',
 'action_selection': 'egreedy',
 'adam_epsilon': 1e-08,
 'env': '<NormalizeObservation<OneHotHour<DiscreteSingle<CityLearnEnv '
        'instance>>>>',
 'final_exploration_rate': 0.02,
 'final_exploration_step': 1000,
 'gamma': 0.99,
 'initial_exploration_rate': 1,
 'learning_rate': 0.0003,
 'loss': 'mse',
 'minibatch_size': 64,
 'network': 'MLP(\n'
            '  (layers): Sequential(\n'
            '    (0): Linear(in_features=29, out_features=128, bias=True)\n'
            '    (1): ReLU()\n'
            '    (2): Linear(in_features=128, out_features=128, bias=True)\n'
            '    (3): ReLU()\n'
            '    (4): Linear(in_features=128, out_features=9, bias=True)\n'
            '  )\n'
            ')',
 'replay_buffer_size': 10000,
 'replay_start_size': 64,
 'seed': 1,
 'train_steps': 876000,
 'update_frequency': 1,
 'update_target_frequency': 8,
 'weight_scale': 1.4142135623730951}
Timestep : 8758, score : -4551.290176397335, Time : 22.357 s
Timestep : 17517, score : -3276.6729609433387, Time : 23.152 s
Timestep : 26276, score : -2455.097826266923, Time : 23.684 s
Timestep : 35035, score : -2518.003907242237, Time : 23.28 s
Timestep : 43794, score : -2663.025708392408, Time : 22.747 s
Timestep : 52553, score : -2364.054754459794, Time : 22.802 s
Timestep : 61312, score : -2138.0381286351767, Time : 22.673 s
Timestep : 70071, score : -2007.7624301308824, Time : 22.746 s
Timestep : 78830, score : -2396.568874595483, Time : 22.722 s
Timestep : 87589, score : -1966.4680173875822, Time : 22.753 s
Timestep : 96348, score : -2081.72384868635, Time : 22.947 s
Timestep : 105107, score : -1986.3693525550916, Time : 23.519 s
Timestep : 113866, score : -1907.707795007067, Time : 22.828 s
Timestep : 122625, score : -2028.5750188936072, Time : 23.309 s
Timestep : 131384, score : -1782.3804760031198, Time : 23.586 s
Timestep : 140143, score : -1811.399801235093, Time : 23.657 s
Timestep : 148902, score : -1730.188328887365, Time : 23.063 s
Timestep : 157661, score : -1769.6384721729264, Time : 22.814 s
Timestep : 166420, score : -1845.2980237223965, Time : 23.326 s
Timestep : 175179, score : -1873.3854675622715, Time : 23.332 s
Timestep : 183938, score : -2287.3020718464686, Time : 23.3 s
Timestep : 192697, score : -2078.271918060287, Time : 23.323 s
Timestep : 201456, score : -2203.5264097026375, Time : 23.325 s
Timestep : 210215, score : -1831.17586749958, Time : 23.308 s
Timestep : 218974, score : -2023.746937339456, Time : 23.314 s
Timestep : 227733, score : -2064.082418144404, Time : 22.941 s
Timestep : 236492, score : -2049.5576466862403, Time : 23.049 s
Timestep : 245251, score : -2011.4919600731955, Time : 23.12 s
Timestep : 254010, score : -1942.1372412375931, Time : 22.74 s
Timestep : 262769, score : -2294.1046689793293, Time : 22.59 s
Timestep : 271528, score : -2015.5239351921773, Time : 22.707 s
Timestep : 280287, score : -1872.8678784936492, Time : 22.715 s
Timestep : 289046, score : -1860.1745710349205, Time : 22.57 s
Timestep : 297805, score : -2183.6616699903097, Time : 22.714 s
Timestep : 306564, score : -2152.1830970684823, Time : 22.727 s
Timestep : 315323, score : -2064.7721481811313, Time : 22.976 s
Timestep : 324082, score : -2163.2841626240697, Time : 23.244 s
Timestep : 332841, score : -2132.183352236898, Time : 23.368 s
Timestep : 341600, score : -2159.0875665725034, Time : 23.651 s
Timestep : 350359, score : -2129.286442187411, Time : 23.739 s
Timestep : 359118, score : -2139.5965031130763, Time : 23.361 s
Timestep : 367877, score : -2202.4607023799617, Time : 23.31 s
Timestep : 376636, score : -2045.463330076891, Time : 23.089 s
Timestep : 385395, score : -2092.3404089895485, Time : 23.213 s
Timestep : 394154, score : -1939.7702283195977, Time : 23.439 s
Timestep : 402913, score : -2006.4392621767765, Time : 23.387 s
Timestep : 411672, score : -2122.359992324753, Time : 23.378 s
Timestep : 420431, score : -1997.864604690374, Time : 23.182 s
Timestep : 429190, score : -2055.6779975535173, Time : 22.672 s
Timestep : 437949, score : -2006.4335584180953, Time : 23.514 s
Timestep : 446708, score : -2127.8360610453237, Time : 23.932 s
Timestep : 455467, score : -2236.149984884818, Time : 23.848 s
Timestep : 464226, score : -2376.42520505414, Time : 23.459 s
Timestep : 472985, score : -2169.198124507704, Time : 23.495 s
Timestep : 481744, score : -2300.0880138997745, Time : 23.489 s
Timestep : 490503, score : -2188.1027989958093, Time : 23.502 s
Timestep : 499262, score : -2047.1068315326993, Time : 22.892 s
Timestep : 508021, score : -2052.0695842430287, Time : 22.696 s
Timestep : 516780, score : -1787.486278902652, Time : 22.595 s
Timestep : 525539, score : -1964.079280205915, Time : 22.653 s
Timestep : 534298, score : -2143.870312054438, Time : 22.662 s
Timestep : 543057, score : -1742.4361190346535, Time : 22.528 s
Timestep : 551816, score : -2285.706881119506, Time : 23.318 s
Timestep : 560575, score : -1973.2237769388885, Time : 23.53 s
Timestep : 569334, score : -2412.43860664338, Time : 23.018 s
Timestep : 578093, score : -2203.2493115067773, Time : 23.238 s
Timestep : 586852, score : -2008.2075122907117, Time : 23.288 s
Timestep : 595611, score : -2006.2303358231002, Time : 23.254 s
Timestep : 604370, score : -2240.9597831462306, Time : 23.331 s
Timestep : 613129, score : -2131.277955992875, Time : 23.322 s
Timestep : 621888, score : -2281.034029705479, Time : 23.338 s
Timestep : 630647, score : -2063.9139909290534, Time : 22.706 s
Timestep : 639406, score : -2275.557503169315, Time : 23.044 s
Timestep : 648165, score : -2127.8228592905507, Time : 23.484 s
Timestep : 656924, score : -2065.01158734996, Time : 23.366 s
Timestep : 665683, score : -2225.1818884632376, Time : 23.191 s
Timestep : 674442, score : -2114.8344243188913, Time : 23.179 s
Timestep : 683201, score : -1943.59194053596, Time : 23.259 s
Timestep : 691960, score : -1914.1014953346748, Time : 23.28 s
Timestep : 700719, score : -1953.1499071989965, Time : 23.301 s
Timestep : 709478, score : -2155.798496698757, Time : 23.067 s
Timestep : 718237, score : -2286.742573200987, Time : 23.288 s
Timestep : 726996, score : -2153.8683263426938, Time : 23.323 s
Timestep : 735755, score : -2120.7487905873277, Time : 23.298 s
Timestep : 744514, score : -2027.1518796410237, Time : 23.321 s
Timestep : 753273, score : -2054.9419252785447, Time : 23.309 s
Timestep : 762032, score : -2024.0366912007594, Time : 23.607 s
Timestep : 770791, score : -2115.8268956624233, Time : 23.417 s
Timestep : 779550, score : -2268.1827278677665, Time : 23.125 s
Timestep : 788309, score : -2172.8460059883364, Time : 23.262 s
Timestep : 797068, score : -2213.351003741409, Time : 23.28 s
Timestep : 805827, score : -2527.72978493353, Time : 23.359 s
Timestep : 814586, score : -2214.750451578555, Time : 23.363 s
Timestep : 823345, score : -2001.8235883030866, Time : 23.362 s
Timestep : 832104, score : -2074.0732833596703, Time : 23.304 s
Timestep : 840863, score : -1880.363176217259, Time : 23.354 s
Timestep : 849622, score : -1723.6287594895111, Time : 23.372 s
Timestep : 858381, score : -1980.755227071495, Time : 23.371 s
Timestep : 867140, score : -2324.2601452399103, Time : 23.518 s
Timestep : 875899, score : -2406.7132560417813, Time : 23.692 s
Starting local evaluation
Num Steps: 1000, Num episodes: 0
Num Steps: 2000, Num episodes: 0
Num Steps: 3000, Num episodes: 0
Num Steps: 4000, Num episodes: 0
Num Steps: 5000, Num episodes: 0
Num Steps: 6000, Num episodes: 0
Num Steps: 7000, Num episodes: 0
Num Steps: 8000, Num episodes: 0
Episode complete: 1 | Latest episode metrics: {'price_cost': 0.9089961746212203, 'emmision_cost': 1.01307905119422}
[-0.17944371] -0.17944370971379792
Average Price Cost: 0.9089961746212203
Average Emmision Cost: 1.01307905119422
Average of both costs: 0.9610376129077202
Total time taken by agent: 2.5649715963954804s
DONE!
