{'agent': 'DQN', 'action_selection': 'softmax', 'seed': 1, 'episodes': 100, 'data_path': 'data/citylearn_challenge_2022_phase_1', 'dry_run': False, 'n_discrete': 9, 'update_target': 4, 'lr': 1e-05, 'batch_size': 8, 'adam_epsilon': 1e-05, 'epsilon_final': 0.02, 'run_id': 121}
{'Notes': 'This is a tuning run, executed on a single building.',
 'action_selection': 'softmax',
 'adam_epsilon': 1e-05,
 'env': '<NormalizeObservation<OneHotHour<DiscreteSingle<CityLearnEnv '
        'instance>>>>',
 'final_exploration_rate': 0.02,
 'final_exploration_step': 1000,
 'gamma': 0.99,
 'initial_exploration_rate': 1,
 'learning_rate': 1e-05,
 'loss': 'mse',
 'minibatch_size': 8,
 'network': 'MLP(\n'
            '  (layers): Sequential(\n'
            '    (0): Linear(in_features=29, out_features=128, bias=True)\n'
            '    (1): ReLU()\n'
            '    (2): Linear(in_features=128, out_features=128, bias=True)\n'
            '    (3): ReLU()\n'
            '    (4): Linear(in_features=128, out_features=9, bias=True)\n'
            '  )\n'
            ')',
 'replay_buffer_size': 10000,
 'replay_start_size': 8,
 'seed': 1,
 'train_steps': 876000,
 'update_frequency': 1,
 'update_target_frequency': 4,
 'weight_scale': 1.4142135623730951}
Timestep : 8758, score : -8851.610216211673, Time : 22.776 s
Timestep : 17517, score : -4383.18810378146, Time : 22.858 s
Timestep : 26276, score : -4614.067381647794, Time : 22.99 s
Timestep : 35035, score : -4303.220477042167, Time : 23.161 s
Timestep : 43794, score : -4135.990386759309, Time : 23.379 s
Timestep : 52553, score : -4298.6612971298455, Time : 23.378 s
Timestep : 61312, score : -4571.502748013852, Time : 23.351 s
Timestep : 70071, score : -4594.588034388056, Time : 23.707 s
Timestep : 78830, score : -4389.5220665386005, Time : 23.69 s
Timestep : 87589, score : -4246.173701444088, Time : 23.372 s
Timestep : 96348, score : -4382.258126003115, Time : 23.413 s
Timestep : 105107, score : -4392.9826584694965, Time : 23.364 s
Timestep : 113866, score : -4416.012122849381, Time : 23.396 s
Timestep : 122625, score : -4356.204752442805, Time : 23.292 s
Timestep : 131384, score : -4237.542883698276, Time : 23.353 s
Timestep : 140143, score : -4189.947054631455, Time : 23.401 s
Timestep : 148902, score : -4248.858043645887, Time : 23.386 s
Timestep : 157661, score : -4116.267167999482, Time : 23.741 s
Timestep : 166420, score : -4171.983434622249, Time : 23.677 s
Timestep : 175179, score : -4199.296708022623, Time : 23.378 s
Timestep : 183938, score : -4119.446175662248, Time : 23.405 s
Timestep : 192697, score : -4133.58289918807, Time : 23.429 s
Timestep : 201456, score : -4062.3492758547945, Time : 23.445 s
Timestep : 210215, score : -4050.725324132858, Time : 23.442 s
Timestep : 218974, score : -4068.414325674443, Time : 23.403 s
Timestep : 227733, score : -4087.598264624743, Time : 23.4 s
Timestep : 236492, score : -4051.1663999756856, Time : 23.395 s
Timestep : 245251, score : -4066.6068126199825, Time : 23.8 s
Timestep : 254010, score : -4091.0394412773458, Time : 23.518 s
Timestep : 262769, score : -4060.740881868129, Time : 23.401 s
Timestep : 271528, score : -4055.90760314223, Time : 23.404 s
Timestep : 280287, score : -4086.353558709292, Time : 23.396 s
Timestep : 289046, score : -4050.4525257548376, Time : 22.925 s
Timestep : 297805, score : -4082.8604260090797, Time : 23.097 s
Timestep : 306564, score : -4102.281106185241, Time : 23.041 s
Timestep : 315323, score : -4069.8894184505625, Time : 22.852 s
Timestep : 324082, score : -4030.8568439086957, Time : 23.013 s
Timestep : 332841, score : -4036.133114857046, Time : 23.772 s
Timestep : 341600, score : -4035.884670247702, Time : 23.609 s
Timestep : 350359, score : -4059.8585767051263, Time : 23.367 s
Timestep : 359118, score : -4065.150602861686, Time : 23.413 s
Timestep : 367877, score : -4044.545433928637, Time : 23.384 s
Timestep : 376636, score : -4033.830429395108, Time : 23.383 s
Timestep : 385395, score : -4056.1096566525084, Time : 23.179 s
Timestep : 394154, score : -4066.1793263902946, Time : 23.411 s
Timestep : 402913, score : -4046.048026441669, Time : 23.383 s
Timestep : 411672, score : -4091.0865315882547, Time : 23.398 s
Timestep : 420431, score : -4078.3498366950807, Time : 23.835 s
Timestep : 429190, score : -4089.7995213764516, Time : 23.328 s
Timestep : 437949, score : -4103.852643593593, Time : 23.401 s
Timestep : 446708, score : -4097.1952920379845, Time : 23.409 s
Timestep : 455467, score : -4089.275096812664, Time : 22.794 s
Timestep : 464226, score : -4113.026766270777, Time : 22.737 s
Timestep : 472985, score : -4092.919403021602, Time : 22.936 s
Timestep : 481744, score : -4085.7352353906317, Time : 23.224 s
Timestep : 490503, score : -4081.2386713115557, Time : 23.395 s
Timestep : 499262, score : -4091.069823138794, Time : 23.38 s
Timestep : 508021, score : -4050.7530226869567, Time : 23.846 s
Timestep : 516780, score : -4047.973946859507, Time : 23.544 s
Timestep : 525539, score : -4065.579534434786, Time : 23.423 s
Timestep : 534298, score : -4074.452117142646, Time : 23.42 s
Timestep : 543057, score : -4050.0705099305196, Time : 23.432 s
Timestep : 551816, score : -4060.3595941675885, Time : 23.07 s
Timestep : 560575, score : -4090.775226013182, Time : 22.842 s
Timestep : 569334, score : -4086.7685109650774, Time : 22.897 s
Timestep : 578093, score : -4071.913035613863, Time : 22.852 s
Timestep : 586852, score : -4084.57902547103, Time : 22.831 s
Timestep : 595611, score : -4159.903465983836, Time : 23.457 s
Timestep : 604370, score : -4191.680802000134, Time : 23.608 s
Timestep : 613129, score : -4111.9742438000685, Time : 23.366 s
Timestep : 621888, score : -4080.746230706951, Time : 23.007 s
Timestep : 630647, score : -4100.770884797399, Time : 23.157 s
Timestep : 639406, score : -4131.743047587646, Time : 23.119 s
Timestep : 648165, score : -4123.382543330459, Time : 23.349 s
Timestep : 656924, score : -4109.680253073646, Time : 23.342 s
Timestep : 665683, score : -4111.569430898133, Time : 23.272 s
Timestep : 674442, score : -4094.633787193714, Time : 23.34 s
DONE!
