{'agent': 'DQN', 'action_selection': 'softmax', 'seed': 1, 'episodes': 100, 'data_path': 'data/citylearn_challenge_2022_phase_1', 'dry_run': False, 'n_discrete': 9, 'update_target': 32, 'lr': 1e-05, 'batch_size': 256, 'adam_epsilon': 1e-09, 'epsilon_final': 0.02, 'run_id': 194}
{'Notes': 'This is a tuning run, executed on a single building.',
 'action_selection': 'softmax',
 'adam_epsilon': 1e-09,
 'env': '<NormalizeObservation<OneHotHour<DiscreteSingle<CityLearnEnv '
        'instance>>>>',
 'final_exploration_rate': 0.02,
 'final_exploration_step': 1000,
 'gamma': 0.99,
 'initial_exploration_rate': 1,
 'learning_rate': 1e-05,
 'loss': 'mse',
 'minibatch_size': 256,
 'network': 'MLP(\n'
            '  (layers): Sequential(\n'
            '    (0): Linear(in_features=29, out_features=128, bias=True)\n'
            '    (1): ReLU()\n'
            '    (2): Linear(in_features=128, out_features=128, bias=True)\n'
            '    (3): ReLU()\n'
            '    (4): Linear(in_features=128, out_features=9, bias=True)\n'
            '  )\n'
            ')',
 'replay_buffer_size': 10000,
 'replay_start_size': 256,
 'seed': 1,
 'train_steps': 876000,
 'update_frequency': 1,
 'update_target_frequency': 32,
 'weight_scale': 1.4142135623730951}
Timestep : 8758, score : -5902.11813575642, Time : 29.848 s
Timestep : 17517, score : -4217.048820167227, Time : 31.105 s
Timestep : 26276, score : -4591.290899419604, Time : 31.53 s
Timestep : 35035, score : -4412.429195073812, Time : 31.45 s
Timestep : 43794, score : -4334.640407432249, Time : 31.587 s
Timestep : 52553, score : -4245.443213385908, Time : 31.887 s
Timestep : 61312, score : -4228.063658114901, Time : 29.889 s
Timestep : 70071, score : -4269.379680835089, Time : 31.188 s
Timestep : 78830, score : -4210.624658770306, Time : 29.872 s
Timestep : 87589, score : -4172.296074842481, Time : 31.168 s
Timestep : 96348, score : -4157.785168935923, Time : 31.802 s
Timestep : 105107, score : -4184.9649398209585, Time : 31.77 s
Timestep : 113866, score : -4167.946922024159, Time : 31.794 s
Timestep : 122625, score : -4213.970614673017, Time : 31.422 s
Timestep : 131384, score : -4325.571512727445, Time : 31.768 s
Timestep : 140143, score : -4398.896130181645, Time : 31.853 s
Timestep : 148902, score : -4301.154733414209, Time : 30.146 s
Timestep : 157661, score : -4252.676759975409, Time : 29.963 s
Timestep : 166420, score : -4301.433505168563, Time : 30.249 s
Timestep : 175179, score : -4368.37415570482, Time : 30.114 s
Timestep : 183938, score : -4370.331398792361, Time : 31.158 s
Timestep : 192697, score : -4086.2785535481817, Time : 30.908 s
Timestep : 201456, score : -4237.688644361944, Time : 31.786 s
Timestep : 210215, score : -3994.7471661584277, Time : 31.728 s
Timestep : 218974, score : -4139.019353138661, Time : 29.887 s
Timestep : 227733, score : -3720.3186005320895, Time : 31.841 s
Timestep : 236492, score : -3563.197863405716, Time : 31.367 s
Timestep : 245251, score : -3522.7741932855715, Time : 31.804 s
Timestep : 254010, score : -3393.7160988784453, Time : 30.469 s
Timestep : 262769, score : -3692.3551457886642, Time : 31.134 s
Timestep : 271528, score : -2969.2037583104393, Time : 31.814 s
Timestep : 280287, score : -3673.664600044751, Time : 31.463 s
Timestep : 289046, score : -2990.9181342866796, Time : 30.68 s
Timestep : 297805, score : -3220.955894971994, Time : 29.708 s
Timestep : 306564, score : -2502.9582269371313, Time : 30.022 s
Timestep : 315323, score : -3002.153541015956, Time : 32.482 s
Timestep : 324082, score : -2342.383466392552, Time : 30.97 s
Timestep : 332841, score : -3009.417787174956, Time : 29.876 s
Timestep : 341600, score : -2439.1846873497416, Time : 30.874 s
Timestep : 350359, score : -2584.1963111164077, Time : 30.846 s
Timestep : 359118, score : -3205.466525712196, Time : 30.787 s
Timestep : 367877, score : -2715.322474879358, Time : 31.278 s
Timestep : 376636, score : -2725.7441909028275, Time : 31.583 s
Timestep : 385395, score : -2028.1879549005826, Time : 31.203 s
Timestep : 394154, score : -2891.076002197253, Time : 31.678 s
Timestep : 402913, score : -2538.007699148642, Time : 31.677 s
Timestep : 411672, score : -2750.0488296211697, Time : 31.683 s
Timestep : 420431, score : -2178.8020534499374, Time : 31.721 s
Timestep : 429190, score : -2140.190456596465, Time : 31.358 s
Timestep : 437949, score : -2455.532091068366, Time : 31.283 s
Timestep : 446708, score : -2237.460122947843, Time : 31.946 s
Timestep : 455467, score : -2830.0587603925087, Time : 31.236 s
Timestep : 464226, score : -2561.3470431971655, Time : 31.784 s
Timestep : 472985, score : -2605.3229988462117, Time : 31.817 s
Timestep : 481744, score : -2324.105373688886, Time : 31.788 s
Timestep : 490503, score : -2168.1599350599863, Time : 31.749 s
Timestep : 499262, score : -2300.7231184129196, Time : 31.791 s
Timestep : 508021, score : -2502.295848579408, Time : 32.754 s
Timestep : 516780, score : -2188.5961667667434, Time : 31.097 s
Timestep : 525539, score : -2469.2523061777756, Time : 31.198 s
Timestep : 534298, score : -2074.0657986521546, Time : 31.801 s
Timestep : 543057, score : -2046.3786614374549, Time : 31.436 s
Timestep : 551816, score : -2728.6371214906976, Time : 29.82 s
Timestep : 560575, score : -2726.6033695737424, Time : 31.263 s
Timestep : 569334, score : -2277.3553565295006, Time : 32.418 s
Timestep : 578093, score : -2528.705058771913, Time : 31.085 s
Timestep : 586852, score : -2640.0108994886104, Time : 31.739 s
Timestep : 595611, score : -2858.9501791600633, Time : 31.642 s
Timestep : 604370, score : -2644.4820650402253, Time : 29.818 s
Timestep : 613129, score : -2571.80092631765, Time : 30.228 s
Timestep : 621888, score : -2468.534797826229, Time : 31.697 s
Timestep : 630647, score : -2064.4044317263906, Time : 31.562 s
Timestep : 639406, score : -2157.2355363144598, Time : 32.666 s
Timestep : 648165, score : -2283.9942011544044, Time : 31.379 s
Timestep : 656924, score : -2171.5209427267837, Time : 31.935 s
Timestep : 665683, score : -2571.24229099651, Time : 31.871 s
Timestep : 674442, score : -2503.8590371770842, Time : 30.66 s
Timestep : 683201, score : -2622.092782691034, Time : 31.376 s
Timestep : 691960, score : -2736.518963386334, Time : 31.44 s
Timestep : 700719, score : -3028.0592060353665, Time : 31.517 s
Timestep : 709478, score : -3090.005420714995, Time : 31.373 s
Timestep : 718237, score : -2899.089499754511, Time : 31.422 s
Timestep : 726996, score : -2720.4829341199074, Time : 31.404 s
Timestep : 735755, score : -2408.6367935643357, Time : 31.426 s
Timestep : 744514, score : -2501.7861620103067, Time : 31.418 s
Timestep : 753273, score : -2539.5096498153, Time : 31.407 s
Timestep : 762032, score : -2810.701328596944, Time : 31.706 s
Timestep : 770791, score : -2897.513901844999, Time : 32.259 s
Timestep : 779550, score : -2870.5596651969536, Time : 31.398 s
Timestep : 788309, score : -2934.7296670865326, Time : 31.343 s
Timestep : 797068, score : -2550.778922646452, Time : 31.371 s
Timestep : 805827, score : -2309.347348764568, Time : 31.363 s
Timestep : 814586, score : -2428.323311601911, Time : 29.54 s
Timestep : 823345, score : -2388.970829717495, Time : 30.059 s
Timestep : 832104, score : -2218.751217310579, Time : 30.428 s
Timestep : 840863, score : -2015.6778725763143, Time : 31.625 s
Timestep : 849622, score : -2295.211952029058, Time : 31.39 s
Timestep : 858381, score : -2155.703800073097, Time : 30.165 s
Timestep : 867140, score : -2461.985820926173, Time : 30.765 s
Timestep : 875899, score : -2301.524626497441, Time : 31.403 s
Starting local evaluation
Num Steps: 1000, Num episodes: 0
Num Steps: 2000, Num episodes: 0
Num Steps: 3000, Num episodes: 0
Num Steps: 4000, Num episodes: 0
Num Steps: 5000, Num episodes: 0
Num Steps: 6000, Num episodes: 0
Num Steps: 7000, Num episodes: 0
Num Steps: 8000, Num episodes: 0
Episode complete: 1 | Latest episode metrics: {'price_cost': 0.9192596009722726, 'emmision_cost': 0.9548835400308524}
[-0.151717] -0.15171700096131407
Average Price Cost: 0.9192596009722726
Average Emmision Cost: 0.9548835400308524
Average of both costs: 0.9370715705015624
Total time taken by agent: 3.7910802710684948s
DONE!
