{'agent': 'DQN', 'action_selection': 'egreedy', 'seed': 1, 'episodes': 100, 'data_path': 'data/citylearn_challenge_2022_phase_1', 'dry_run': False, 'n_discrete': 9, 'update_target': 16, 'lr': 0.0003, 'batch_size': 8, 'adam_epsilon': 1e-08, 'epsilon_final': 0.02, 'run_id': 325}
{'Notes': 'This is a tuning run, executed on a single building.',
 'action_selection': 'egreedy',
 'adam_epsilon': 1e-08,
 'env': '<NormalizeObservation<OneHotHour<DiscreteSingle<CityLearnEnv '
        'instance>>>>',
 'final_exploration_rate': 0.02,
 'final_exploration_step': 1000,
 'gamma': 0.99,
 'initial_exploration_rate': 1,
 'learning_rate': 0.0003,
 'loss': 'mse',
 'minibatch_size': 8,
 'network': 'MLP(\n'
            '  (layers): Sequential(\n'
            '    (0): Linear(in_features=29, out_features=128, bias=True)\n'
            '    (1): ReLU()\n'
            '    (2): Linear(in_features=128, out_features=128, bias=True)\n'
            '    (3): ReLU()\n'
            '    (4): Linear(in_features=128, out_features=9, bias=True)\n'
            '  )\n'
            ')',
 'replay_buffer_size': 10000,
 'replay_start_size': 8,
 'seed': 1,
 'train_steps': 876000,
 'update_frequency': 1,
 'update_target_frequency': 16,
 'weight_scale': 1.4142135623730951}
Timestep : 8758, score : -4376.7495802308695, Time : 20.931 s
Timestep : 17517, score : -3132.637501404046, Time : 21.479 s
Timestep : 26276, score : -3100.0048297805115, Time : 21.397 s
Timestep : 35035, score : -3053.455336967745, Time : 21.487 s
Timestep : 43794, score : -2904.5497568468854, Time : 21.548 s
Timestep : 52553, score : -2071.6621784731105, Time : 21.588 s
Timestep : 61312, score : -2256.126622737298, Time : 21.625 s
Timestep : 70071, score : -2546.4298271599982, Time : 21.652 s
Timestep : 78830, score : -2882.450647169171, Time : 21.643 s
Timestep : 87589, score : -2263.9760240109463, Time : 21.602 s
Timestep : 96348, score : -2253.8548639833753, Time : 21.486 s
Timestep : 105107, score : -2300.7628235247976, Time : 21.62 s
Timestep : 113866, score : -2131.87813857969, Time : 21.623 s
Timestep : 122625, score : -2052.8578715215262, Time : 21.629 s
Timestep : 131384, score : -2004.4553570885037, Time : 21.62 s
Timestep : 140143, score : -1890.011022415274, Time : 21.63 s
Timestep : 148902, score : -2331.0021498682618, Time : 21.641 s
Timestep : 157661, score : -1786.7829634198279, Time : 21.629 s
Timestep : 166420, score : -1848.029610269732, Time : 21.638 s
Timestep : 175179, score : -1677.440697828104, Time : 21.633 s
Timestep : 183938, score : -1510.4818780077621, Time : 21.63 s
Timestep : 192697, score : -2033.5847219303541, Time : 21.632 s
Timestep : 201456, score : -1561.3185459586384, Time : 21.622 s
Timestep : 210215, score : -1758.6939688892162, Time : 21.624 s
Timestep : 218974, score : -1373.4743004008487, Time : 21.637 s
Timestep : 227733, score : -1755.473579620273, Time : 21.633 s
Timestep : 236492, score : -1735.498150929605, Time : 21.626 s
Timestep : 245251, score : -1548.557471776643, Time : 21.625 s
Timestep : 254010, score : -1285.533061028953, Time : 21.482 s
Timestep : 262769, score : -1655.925617079978, Time : 21.473 s
Timestep : 271528, score : -1378.4861775398313, Time : 21.642 s
Timestep : 280287, score : -1502.2465685415227, Time : 21.641 s
Timestep : 289046, score : -1502.5387329451332, Time : 21.607 s
Timestep : 297805, score : -1486.1813403117994, Time : 21.506 s
Timestep : 306564, score : -1338.3773502539188, Time : 21.362 s
Timestep : 315323, score : -1311.5029030107253, Time : 21.674 s
Timestep : 324082, score : -1342.7336116952647, Time : 21.651 s
Timestep : 332841, score : -1288.9482838324766, Time : 21.649 s
Timestep : 341600, score : -1506.5916332630732, Time : 21.655 s
Timestep : 350359, score : -1646.3734878589385, Time : 21.648 s
Timestep : 359118, score : -1310.4311337124964, Time : 21.644 s
Timestep : 367877, score : -1502.9073048294813, Time : 21.647 s
Timestep : 376636, score : -1440.3219398625952, Time : 21.631 s
Timestep : 385395, score : -1530.4930359262798, Time : 21.627 s
Timestep : 394154, score : -1554.332790212502, Time : 21.632 s
Timestep : 402913, score : -1464.3990791727847, Time : 21.641 s
Timestep : 411672, score : -1578.6796730321657, Time : 21.604 s
Timestep : 420431, score : -1633.5195491593622, Time : 21.643 s
Timestep : 429190, score : -1660.9584664599097, Time : 21.635 s
Timestep : 437949, score : -1657.3533404053014, Time : 21.64 s
Timestep : 446708, score : -1359.5594895337272, Time : 21.631 s
Timestep : 455467, score : -1414.5111680605041, Time : 21.468 s
Timestep : 464226, score : -1403.5389692461176, Time : 21.026 s
Timestep : 472985, score : -1242.1747114354075, Time : 21.014 s
Timestep : 481744, score : -1434.6599146400404, Time : 21.028 s
Timestep : 490503, score : -1618.8572448720515, Time : 21.034 s
Timestep : 499262, score : -1515.3453322056448, Time : 21.039 s
Timestep : 508021, score : -1468.7370681569737, Time : 21.788 s
Timestep : 516780, score : -1603.1194175836135, Time : 21.644 s
Timestep : 525539, score : -1377.5455331468547, Time : 21.644 s
Timestep : 534298, score : -1165.548721242958, Time : 21.63 s
Timestep : 543057, score : -1372.2498965221748, Time : 21.608 s
Timestep : 551816, score : -1427.1046061255329, Time : 21.493 s
Timestep : 560575, score : -1362.153487780277, Time : 21.097 s
Timestep : 569334, score : -1522.9795203780814, Time : 21.652 s
Timestep : 578093, score : -1260.9483119185606, Time : 21.504 s
Timestep : 586852, score : -1456.6601638357388, Time : 21.372 s
Timestep : 595611, score : -1400.9463793967589, Time : 21.629 s
Timestep : 604370, score : -1484.974006566481, Time : 21.607 s
Timestep : 613129, score : -1520.2170373222616, Time : 21.624 s
Timestep : 621888, score : -1347.237324536225, Time : 21.798 s
Timestep : 630647, score : -1570.623381946265, Time : 21.955 s
Timestep : 639406, score : -1501.0775537850077, Time : 21.949 s
Timestep : 648165, score : -1352.9825012384972, Time : 21.948 s
Timestep : 656924, score : -1452.9540164327918, Time : 21.934 s
Timestep : 665683, score : -1714.259161335678, Time : 21.261 s
Timestep : 674442, score : -1450.9249761079263, Time : 21.271 s
Timestep : 683201, score : -1359.5969839941536, Time : 21.253 s
Timestep : 691960, score : -1519.1688538134476, Time : 21.39 s
Timestep : 700719, score : -1481.8251220485254, Time : 21.563 s
Timestep : 709478, score : -1510.220267632867, Time : 21.758 s
Timestep : 718237, score : -1577.5415532982734, Time : 21.417 s
Timestep : 726996, score : -1684.7385061450586, Time : 21.256 s
Timestep : 735755, score : -1687.789503850072, Time : 21.249 s
Timestep : 744514, score : -1460.9719883971557, Time : 21.224 s
Timestep : 753273, score : -1593.135314242012, Time : 21.215 s
Timestep : 762032, score : -1553.4719914577, Time : 21.207 s
Timestep : 770791, score : -1504.3055407613574, Time : 21.282 s
Timestep : 779550, score : -1589.1276679534058, Time : 21.391 s
Timestep : 788309, score : -1640.1319176210382, Time : 21.238 s
Timestep : 797068, score : -1429.5081345432263, Time : 21.907 s
Timestep : 805827, score : -1560.5297259248619, Time : 21.659 s
Timestep : 814586, score : -1692.6720973758784, Time : 21.218 s
Timestep : 823345, score : -1560.7379079221573, Time : 21.534 s
Timestep : 832104, score : -1673.5208615798329, Time : 21.638 s
Timestep : 840863, score : -1482.5740541722807, Time : 21.24 s
Timestep : 849622, score : -1544.3942104318703, Time : 21.382 s
Timestep : 858381, score : -1512.0854064831801, Time : 21.247 s
Timestep : 867140, score : -1577.7302090085868, Time : 21.298 s
Timestep : 875899, score : -1536.6669881179987, Time : 21.576 s
Starting local evaluation
Num Steps: 1000, Num episodes: 0
Num Steps: 2000, Num episodes: 0
Num Steps: 3000, Num episodes: 0
Num Steps: 4000, Num episodes: 0
Num Steps: 5000, Num episodes: 0
Num Steps: 6000, Num episodes: 0
Num Steps: 7000, Num episodes: 0
Num Steps: 8000, Num episodes: 0
Episode complete: 1 | Latest episode metrics: {'price_cost': 0.8418748876580606, 'emmision_cost': 0.9232136930615468}
[-0.08345] -0.08345000300714513
Average Price Cost: 0.8418748876580606
Average Emmision Cost: 0.9232136930615468
Average of both costs: 0.8825442903598038
Total time taken by agent: 2.5776075227186084s
DONE!
