{'agent': 'DQN', 'action_selection': 'softmax', 'seed': 1, 'episodes': 100, 'data_path': 'data/citylearn_challenge_2022_phase_1', 'dry_run': False, 'n_discrete': 9, 'update_target': 4, 'lr': 0.001, 'batch_size': 64, 'adam_epsilon': 1e-10, 'epsilon_final': 0.02, 'run_id': 54}
{'Notes': 'This is a tuning run, executed on a single building.',
 'action_selection': 'softmax',
 'adam_epsilon': 1e-10,
 'env': '<NormalizeObservation<OneHotHour<DiscreteSingle<CityLearnEnv '
        'instance>>>>',
 'final_exploration_rate': 0.02,
 'final_exploration_step': 1000,
 'gamma': 0.99,
 'initial_exploration_rate': 1,
 'learning_rate': 0.001,
 'loss': 'mse',
 'minibatch_size': 64,
 'network': 'MLP(\n'
            '  (layers): Sequential(\n'
            '    (0): Linear(in_features=29, out_features=128, bias=True)\n'
            '    (1): ReLU()\n'
            '    (2): Linear(in_features=128, out_features=128, bias=True)\n'
            '    (3): ReLU()\n'
            '    (4): Linear(in_features=128, out_features=9, bias=True)\n'
            '  )\n'
            ')',
 'replay_buffer_size': 10000,
 'replay_start_size': 64,
 'seed': 1,
 'train_steps': 876000,
 'update_frequency': 1,
 'update_target_frequency': 4,
 'weight_scale': 1.4142135623730951}
Timestep : 8758, score : -10131.92353232822, Time : 24.206 s
Timestep : 17517, score : -7483.978039845038, Time : 24.586 s
Timestep : 26276, score : -8282.854491706195, Time : 24.594 s
Timestep : 35035, score : -6221.275728692097, Time : 24.753 s
Timestep : 43794, score : -6787.659444029356, Time : 24.569 s
Timestep : 52553, score : -7303.6032716179325, Time : 24.291 s
Timestep : 61312, score : -7260.336365648036, Time : 24.542 s
Timestep : 70071, score : -6975.166332072957, Time : 24.28 s
Timestep : 78830, score : -7861.845950862, Time : 24.14 s
Timestep : 87589, score : -7538.782666385829, Time : 24.206 s
Timestep : 96348, score : -7463.255290891771, Time : 24.117 s
Timestep : 105107, score : -7674.80548077992, Time : 24.536 s
Timestep : 113866, score : -7411.84183546892, Time : 24.513 s
Timestep : 122625, score : -6144.201060450556, Time : 24.15 s
Timestep : 131384, score : -6552.623410470609, Time : 24.588 s
Timestep : 140143, score : -5861.646968715155, Time : 24.798 s
Timestep : 148902, score : -5293.964512097358, Time : 24.989 s
Timestep : 157661, score : -5821.843248667574, Time : 25.271 s
Timestep : 166420, score : -5724.6954501313885, Time : 24.921 s
Timestep : 175179, score : -5122.221892587171, Time : 24.874 s
Timestep : 183938, score : -4817.127577623032, Time : 24.805 s
Timestep : 192697, score : -4644.101368436852, Time : 24.904 s
Timestep : 201456, score : -4688.516431934433, Time : 25.367 s
Timestep : 210215, score : -4467.305289565309, Time : 25.159 s
Timestep : 218974, score : -4239.200839762139, Time : 24.816 s
Timestep : 227733, score : -4010.429262235557, Time : 24.799 s
Timestep : 236492, score : -4457.67914696355, Time : 24.902 s
Timestep : 245251, score : -4269.017613564414, Time : 25.15 s
Timestep : 254010, score : -3846.125695256589, Time : 25.194 s
Timestep : 262769, score : -3906.998830060038, Time : 24.768 s
Timestep : 271528, score : -3440.854906401044, Time : 24.741 s
Timestep : 280287, score : -3844.3577211217053, Time : 24.815 s
Timestep : 289046, score : -3665.364963004089, Time : 24.996 s
Timestep : 297805, score : -3794.741105264824, Time : 25.174 s
Timestep : 306564, score : -4139.4348856082215, Time : 24.842 s
Timestep : 315323, score : -3526.1110976906784, Time : 24.756 s
Timestep : 324082, score : -3674.7080189536646, Time : 24.766 s
Timestep : 332841, score : -3539.100959958305, Time : 24.814 s
Timestep : 341600, score : -3463.2651996356, Time : 25.274 s
Timestep : 350359, score : -3341.7368929138465, Time : 25.019 s
Timestep : 359118, score : -3435.970683876687, Time : 24.718 s
Timestep : 367877, score : -3399.1976083314803, Time : 24.765 s
Timestep : 376636, score : -3313.0599330752448, Time : 24.79 s
Timestep : 385395, score : -3103.487859205139, Time : 24.612 s
Timestep : 394154, score : -3220.7080218381307, Time : 25.123 s
Timestep : 402913, score : -3142.276602565493, Time : 24.872 s
Timestep : 411672, score : -3206.7967600444535, Time : 24.882 s
Timestep : 420431, score : -3249.627924702436, Time : 24.868 s
Timestep : 429190, score : -2836.1451855462074, Time : 24.986 s
Timestep : 437949, score : -3002.697961636426, Time : 25.235 s
Timestep : 446708, score : -3565.9894042794185, Time : 25.055 s
Timestep : 455467, score : -3358.3270681633876, Time : 24.908 s
Timestep : 464226, score : -3447.9606180837873, Time : 24.824 s
Timestep : 472985, score : -3045.5399853018607, Time : 24.85 s
Timestep : 481744, score : -2982.9672899049765, Time : 25.026 s
Timestep : 490503, score : -3401.710300412873, Time : 24.343 s
Timestep : 499262, score : -2753.966742094053, Time : 23.978 s
Timestep : 508021, score : -2750.992776199506, Time : 24.022 s
Timestep : 516780, score : -2804.7134324288054, Time : 24.028 s
Timestep : 525539, score : -2708.252538677567, Time : 24.28 s
Timestep : 534298, score : -3063.2897810235445, Time : 24.529 s
Timestep : 543057, score : -3174.6194384785194, Time : 24.213 s
Timestep : 551816, score : -3368.04196108997, Time : 24.607 s
Timestep : 560575, score : -2792.5131707666733, Time : 24.113 s
Timestep : 569334, score : -2573.3094744200644, Time : 24.182 s
Timestep : 578093, score : -2984.2428078101075, Time : 24.753 s
Timestep : 586852, score : -2854.744062317797, Time : 25.147 s
Timestep : 595611, score : -2529.7557930501353, Time : 24.808 s
Timestep : 604370, score : -2671.2399444075127, Time : 24.831 s
Timestep : 613129, score : -2460.732008159888, Time : 24.77 s
Timestep : 621888, score : -2927.858951120201, Time : 25.083 s
Timestep : 630647, score : -2648.940632990474, Time : 25.191 s
Timestep : 639406, score : -2411.0114177593787, Time : 24.762 s
Timestep : 648165, score : -2520.6240789027943, Time : 24.791 s
Timestep : 656924, score : -2496.6497578720155, Time : 24.827 s
Timestep : 665683, score : -2641.2087217306544, Time : 24.911 s
Timestep : 674442, score : -2461.6859673200233, Time : 25.212 s
Timestep : 683201, score : -2678.670451693615, Time : 24.966 s
Timestep : 691960, score : -2515.7425426096015, Time : 24.341 s
Timestep : 700719, score : -2480.3041633086104, Time : 24.11 s
Timestep : 709478, score : -2076.1010313190345, Time : 24.355 s
Timestep : 718237, score : -2059.6567347880045, Time : 25.137 s
Timestep : 726996, score : -2313.924262106506, Time : 25.039 s
Timestep : 735755, score : -2324.4709105350194, Time : 24.612 s
Timestep : 744514, score : -2330.5354011280288, Time : 24.722 s
Timestep : 753273, score : -2128.103570344654, Time : 24.783 s
Timestep : 762032, score : -2388.1959767563094, Time : 25.019 s
Timestep : 770791, score : -2364.64489870079, Time : 25.23 s
Timestep : 779550, score : -2294.0557310462755, Time : 24.872 s
Timestep : 788309, score : -2429.7221754273924, Time : 24.821 s
Timestep : 797068, score : -2371.3526338303054, Time : 24.827 s
Timestep : 805827, score : -2585.9545181284484, Time : 24.841 s
Timestep : 814586, score : -2550.8549717035203, Time : 25.15 s
Timestep : 823345, score : -2578.4354967930412, Time : 24.616 s
Timestep : 832104, score : -2386.1597277303517, Time : 24.157 s
Timestep : 840863, score : -2299.6297897545446, Time : 24.612 s
Timestep : 849622, score : -2250.261026955166, Time : 24.678 s
Timestep : 858381, score : -2008.8205496302835, Time : 24.332 s
Timestep : 867140, score : -2145.0246487678523, Time : 24.421 s
Timestep : 875899, score : -2033.397889042346, Time : 23.971 s
Starting local evaluation
Num Steps: 1000, Num episodes: 0
Num Steps: 2000, Num episodes: 0
Num Steps: 3000, Num episodes: 0
Num Steps: 4000, Num episodes: 0
Num Steps: 5000, Num episodes: 0
Num Steps: 6000, Num episodes: 0
Num Steps: 7000, Num episodes: 0
Num Steps: 8000, Num episodes: 0
Episode complete: 1 | Latest episode metrics: {'price_cost': 0.869127524143574, 'emmision_cost': 0.9748921366001957}
[-0.13138032] -0.13138031784753512
Average Price Cost: 0.869127524143574
Average Emmision Cost: 0.9748921366001957
Average of both costs: 0.9220098303718849
Total time taken by agent: 4.123226995114237s
DONE!
