{'agent': 'DQN', 'action_selection': 'softmax', 'seed': 1, 'episodes': 100, 'data_path': 'data/citylearn_challenge_2022_phase_1', 'dry_run': False, 'n_discrete': 9, 'update_target': 8, 'lr': 7e-05, 'batch_size': 16, 'adam_epsilon': 1e-06, 'epsilon_final': 0.02, 'run_id': 36}
{'Notes': 'This is a tuning run, executed on a single building.',
 'action_selection': 'softmax',
 'adam_epsilon': 1e-06,
 'env': '<NormalizeObservation<OneHotHour<DiscreteSingle<CityLearnEnv '
        'instance>>>>',
 'final_exploration_rate': 0.02,
 'final_exploration_step': 1000,
 'gamma': 0.99,
 'initial_exploration_rate': 1,
 'learning_rate': 7e-05,
 'loss': 'mse',
 'minibatch_size': 16,
 'network': 'MLP(\n'
            '  (layers): Sequential(\n'
            '    (0): Linear(in_features=29, out_features=128, bias=True)\n'
            '    (1): ReLU()\n'
            '    (2): Linear(in_features=128, out_features=128, bias=True)\n'
            '    (3): ReLU()\n'
            '    (4): Linear(in_features=128, out_features=9, bias=True)\n'
            '  )\n'
            ')',
 'replay_buffer_size': 10000,
 'replay_start_size': 16,
 'seed': 1,
 'train_steps': 876000,
 'update_frequency': 1,
 'update_target_frequency': 8,
 'weight_scale': 1.4142135623730951}
Timestep : 8758, score : -5387.166668937454, Time : 21.206 s
Timestep : 17517, score : -4778.084969868723, Time : 21.031 s
Timestep : 26276, score : -4383.876430996301, Time : 21.161 s
Timestep : 35035, score : -4500.820154993868, Time : 21.282 s
Timestep : 43794, score : -4278.971388663427, Time : 20.86 s
Timestep : 52553, score : -4526.665477806615, Time : 20.425 s
Timestep : 61312, score : -4057.297538528597, Time : 20.431 s
Timestep : 70071, score : -4001.351643786562, Time : 20.537 s
Timestep : 78830, score : -3518.6097079279425, Time : 20.474 s
Timestep : 87589, score : -3835.298735632634, Time : 20.435 s
Timestep : 96348, score : -3379.147417474276, Time : 20.797 s
Timestep : 105107, score : -3340.431204817636, Time : 21.053 s
Timestep : 113866, score : -3762.909169503866, Time : 21.04 s
Timestep : 122625, score : -3376.2745975446014, Time : 21.337 s
Timestep : 131384, score : -3079.1461994099227, Time : 21.602 s
Timestep : 140143, score : -2626.624194630218, Time : 20.805 s
Timestep : 148902, score : -2848.799987525359, Time : 20.446 s
Timestep : 157661, score : -2760.995369216922, Time : 20.481 s
Timestep : 166420, score : -2715.9304984098126, Time : 20.602 s
Timestep : 175179, score : -2869.2935472223035, Time : 20.468 s
Timestep : 183938, score : -3158.946672456601, Time : 20.509 s
Timestep : 192697, score : -3010.6890132151602, Time : 20.563 s
Timestep : 201456, score : -2634.377086389024, Time : 20.519 s
Timestep : 210215, score : -3025.171312370483, Time : 21.506 s
Timestep : 218974, score : -2921.1735642444983, Time : 21.025 s
Timestep : 227733, score : -2608.573204741144, Time : 20.854 s
Timestep : 236492, score : -2322.483278414962, Time : 20.442 s
Timestep : 245251, score : -2755.120026511402, Time : 20.565 s
Timestep : 254010, score : -2612.0126121379726, Time : 20.763 s
Timestep : 262769, score : -2702.1110052506265, Time : 20.572 s
Timestep : 271528, score : -2079.618342638976, Time : 20.56 s
Timestep : 280287, score : -2198.9067300590978, Time : 20.575 s
Timestep : 289046, score : -2267.262749069516, Time : 20.531 s
Timestep : 297805, score : -2331.4918810561358, Time : 20.557 s
Timestep : 306564, score : -2117.212315603305, Time : 20.897 s
Timestep : 315323, score : -2511.3679146798386, Time : 20.757 s
Timestep : 324082, score : -2567.8385629955737, Time : 20.607 s
Timestep : 332841, score : -2370.782138196082, Time : 20.753 s
Timestep : 341600, score : -2430.1664795299585, Time : 20.928 s
Timestep : 350359, score : -2397.7172746778524, Time : 20.602 s
Timestep : 359118, score : -2137.4482938049186, Time : 20.798 s
Timestep : 367877, score : -2292.928072983894, Time : 20.593 s
Timestep : 376636, score : -2397.334114841098, Time : 20.814 s
Timestep : 385395, score : -2681.2047847559734, Time : 21.296 s
Timestep : 394154, score : -2530.1142714976595, Time : 21.622 s
Timestep : 402913, score : -2318.881695428543, Time : 21.389 s
Timestep : 411672, score : -2331.039984944655, Time : 20.585 s
Timestep : 420431, score : -2333.3767684204795, Time : 20.523 s
Timestep : 429190, score : -2030.4670784551708, Time : 20.647 s
Timestep : 437949, score : -2033.2644450994267, Time : 20.579 s
Timestep : 446708, score : -2470.556636266323, Time : 20.58 s
Timestep : 455467, score : -2496.133164280356, Time : 20.603 s
Timestep : 464226, score : -2190.366636513223, Time : 20.623 s
Timestep : 472985, score : -2378.1236423265946, Time : 20.567 s
Timestep : 481744, score : -2001.2997305107128, Time : 20.757 s
Timestep : 490503, score : -1991.0791669022583, Time : 20.884 s
Timestep : 499262, score : -2141.2830516426184, Time : 20.641 s
Timestep : 508021, score : -2511.9032794520317, Time : 20.567 s
Timestep : 516780, score : -2076.9422927730775, Time : 20.584 s
Timestep : 525539, score : -1945.4519206333498, Time : 20.637 s
Timestep : 534298, score : -2211.4882328812673, Time : 20.575 s
Timestep : 543057, score : -2435.6543808623173, Time : 20.55 s
Timestep : 551816, score : -2242.403094561101, Time : 20.552 s
Timestep : 560575, score : -2307.564712373962, Time : 21.267 s
Timestep : 569334, score : -2066.3014668084943, Time : 21.46 s
Timestep : 578093, score : -2008.4412368898338, Time : 21.551 s
Timestep : 586852, score : -2084.836683905247, Time : 21.317 s
Timestep : 595611, score : -2131.8701570889243, Time : 21.203 s
Timestep : 604370, score : -2382.741795212103, Time : 21.198 s
Timestep : 613129, score : -2154.41999731955, Time : 21.246 s
Timestep : 621888, score : -2276.9915854826977, Time : 21.192 s
Timestep : 630647, score : -2128.699790983723, Time : 21.222 s
Timestep : 639406, score : -2169.3273158404772, Time : 21.26 s
Timestep : 648165, score : -2658.863621033641, Time : 21.225 s
Timestep : 656924, score : -2181.3225489202014, Time : 20.582 s
Timestep : 665683, score : -2261.851297302521, Time : 20.753 s
Timestep : 674442, score : -2205.9120258934854, Time : 20.869 s
Timestep : 683201, score : -2222.335084895749, Time : 20.623 s
Timestep : 691960, score : -2009.1429607678729, Time : 20.585 s
Timestep : 700719, score : -2221.16071362645, Time : 20.54 s
Timestep : 709478, score : -2349.0424590598122, Time : 20.542 s
Timestep : 718237, score : -2531.739651211974, Time : 20.552 s
Timestep : 726996, score : -2315.5378629896586, Time : 20.601 s
Timestep : 735755, score : -2380.0816638972174, Time : 20.557 s
Timestep : 744514, score : -2339.773278811743, Time : 20.527 s
Timestep : 753273, score : -2246.276178324508, Time : 20.529 s
Timestep : 762032, score : -2424.5344788062503, Time : 21.154 s
Timestep : 770791, score : -2033.5447192419379, Time : 20.769 s
Timestep : 779550, score : -2204.1435445028183, Time : 20.541 s
Timestep : 788309, score : -2395.6815237156407, Time : 20.584 s
Timestep : 797068, score : -2403.648745557206, Time : 20.557 s
Timestep : 805827, score : -2204.244519722648, Time : 20.847 s
Timestep : 814586, score : -2183.3802786851447, Time : 21.059 s
Timestep : 823345, score : -2453.9474462717335, Time : 20.409 s
Timestep : 832104, score : -1965.1985128560627, Time : 20.953 s
Timestep : 840863, score : -2284.686904177448, Time : 21.043 s
Timestep : 849622, score : -2150.996908758374, Time : 20.662 s
Timestep : 858381, score : -2332.0178227382276, Time : 20.891 s
Timestep : 867140, score : -2094.6335308726702, Time : 21.14 s
Timestep : 875899, score : -2220.8495901958813, Time : 21.11 s
Starting local evaluation
Num Steps: 1000, Num episodes: 0
Num Steps: 2000, Num episodes: 0
Num Steps: 3000, Num episodes: 0
Num Steps: 4000, Num episodes: 0
Num Steps: 5000, Num episodes: 0
Num Steps: 6000, Num episodes: 0
Num Steps: 7000, Num episodes: 0
Num Steps: 8000, Num episodes: 0
Episode complete: 1 | Latest episode metrics: {'price_cost': 0.9036392228312153, 'emmision_cost': 0.9650832400826532}
[-0.14771787] -0.1477178744456755
Average Price Cost: 0.9036392228312153
Average Emmision Cost: 0.9650832400826532
Average of both costs: 0.9343612314569343
Total time taken by agent: 3.1827251189388335s
DONE!
