{'agent': 'DQN', 'action_selection': 'softmax', 'seed': 1, 'episodes': 100, 'data_path': 'data/citylearn_challenge_2022_phase_1', 'dry_run': False, 'n_discrete': 9, 'update_target': 16, 'lr': 3e-05, 'batch_size': 128, 'adam_epsilon': 1e-07, 'epsilon_final': 0.02, 'run_id': 179}
{'Notes': 'This is a tuning run, executed on a single building.',
 'action_selection': 'softmax',
 'adam_epsilon': 1e-07,
 'env': '<NormalizeObservation<OneHotHour<DiscreteSingle<CityLearnEnv '
        'instance>>>>',
 'final_exploration_rate': 0.02,
 'final_exploration_step': 1000,
 'gamma': 0.99,
 'initial_exploration_rate': 1,
 'learning_rate': 3e-05,
 'loss': 'mse',
 'minibatch_size': 128,
 'network': 'MLP(\n'
            '  (layers): Sequential(\n'
            '    (0): Linear(in_features=29, out_features=128, bias=True)\n'
            '    (1): ReLU()\n'
            '    (2): Linear(in_features=128, out_features=128, bias=True)\n'
            '    (3): ReLU()\n'
            '    (4): Linear(in_features=128, out_features=9, bias=True)\n'
            '  )\n'
            ')',
 'replay_buffer_size': 10000,
 'replay_start_size': 128,
 'seed': 1,
 'train_steps': 876000,
 'update_frequency': 1,
 'update_target_frequency': 16,
 'weight_scale': 1.4142135623730951}
Timestep : 8758, score : -5180.181876068615, Time : 23.5 s
Timestep : 17517, score : -5094.501479953906, Time : 24.526 s
Timestep : 26276, score : -4437.18387512429, Time : 24.311 s
Timestep : 35035, score : -4420.905198381544, Time : 24.381 s
Timestep : 43794, score : -3790.6046726799395, Time : 24.51 s
Timestep : 52553, score : -3159.298241482029, Time : 24.514 s
Timestep : 61312, score : -2562.037843757731, Time : 24.527 s
Timestep : 70071, score : -2519.2236720244546, Time : 24.504 s
Timestep : 78830, score : -2801.2566158471454, Time : 24.101 s
Timestep : 87589, score : -2231.0259239219886, Time : 24.374 s
Timestep : 96348, score : -2447.7727941137564, Time : 24.543 s
Timestep : 105107, score : -2486.5670675586734, Time : 24.428 s
Timestep : 113866, score : -2494.386539232015, Time : 24.432 s
Timestep : 122625, score : -2075.5593568731856, Time : 24.487 s
Timestep : 131384, score : -2450.961415413447, Time : 24.836 s
Timestep : 140143, score : -2452.371131466498, Time : 24.909 s
Timestep : 148902, score : -2180.3221647113387, Time : 24.814 s
Timestep : 157661, score : -2394.008590943442, Time : 24.45 s
Timestep : 166420, score : -1805.472094924451, Time : 24.578 s
Timestep : 175179, score : -2447.7809335026686, Time : 24.144 s
Timestep : 183938, score : -2043.3196713255602, Time : 24.169 s
Timestep : 192697, score : -2374.5764679590065, Time : 24.174 s
Timestep : 201456, score : -2298.308347938495, Time : 24.08 s
Timestep : 210215, score : -2511.1219311096065, Time : 23.937 s
Timestep : 218974, score : -2035.1805155788606, Time : 24.237 s
Timestep : 227733, score : -1893.4780996443296, Time : 24.405 s
Timestep : 236492, score : -2080.5700465683185, Time : 24.438 s
Timestep : 245251, score : -2356.914337657712, Time : 24.303 s
Timestep : 254010, score : -1961.9266455422912, Time : 24.506 s
Timestep : 262769, score : -2030.6388744053256, Time : 24.461 s
Timestep : 271528, score : -2107.948388700519, Time : 24.507 s
Timestep : 280287, score : -2274.5134599666635, Time : 24.425 s
Timestep : 289046, score : -1980.881635541824, Time : 24.52 s
Timestep : 297805, score : -2053.6209871879837, Time : 24.545 s
Timestep : 306564, score : -2300.1066878527927, Time : 24.522 s
Timestep : 315323, score : -2225.4880992621474, Time : 24.538 s
Timestep : 324082, score : -2145.998344454245, Time : 24.459 s
Timestep : 332841, score : -2131.8917571150523, Time : 24.493 s
Timestep : 341600, score : -2233.8430944122665, Time : 24.472 s
Timestep : 350359, score : -2216.3922467336815, Time : 24.484 s
Timestep : 359118, score : -2283.5392343395215, Time : 24.47 s
Timestep : 367877, score : -2295.297891165392, Time : 24.492 s
Timestep : 376636, score : -2655.9334130308416, Time : 24.437 s
Timestep : 385395, score : -1969.1378669298283, Time : 24.548 s
Timestep : 394154, score : -2351.175122088898, Time : 24.434 s
Timestep : 402913, score : -2281.841793559448, Time : 24.503 s
Timestep : 411672, score : -2395.910977633932, Time : 24.456 s
Timestep : 420431, score : -2430.519291548131, Time : 24.439 s
Timestep : 429190, score : -2262.8537979352113, Time : 24.489 s
Timestep : 437949, score : -1833.5978454754513, Time : 24.471 s
Timestep : 446708, score : -1913.4855492068746, Time : 24.527 s
Timestep : 455467, score : -1894.4674114373775, Time : 24.536 s
Timestep : 464226, score : -2255.67782846927, Time : 24.459 s
Timestep : 472985, score : -2171.2933407172386, Time : 24.408 s
Timestep : 481744, score : -2118.9327325818886, Time : 24.431 s
Timestep : 490503, score : -1931.7754572851409, Time : 24.486 s
Timestep : 499262, score : -1890.411765302837, Time : 24.511 s
Timestep : 508021, score : -2140.3749981213186, Time : 24.539 s
Timestep : 516780, score : -2162.7759789567936, Time : 24.477 s
Timestep : 525539, score : -2063.064517511317, Time : 24.482 s
Timestep : 534298, score : -1895.6498311285686, Time : 24.448 s
Timestep : 543057, score : -1749.4659675401927, Time : 24.558 s
Timestep : 551816, score : -1844.8250014656514, Time : 24.526 s
Timestep : 560575, score : -1800.455616527659, Time : 24.556 s
Timestep : 569334, score : -2135.225906335545, Time : 24.581 s
Timestep : 578093, score : -2363.2381911494595, Time : 24.147 s
Timestep : 586852, score : -2290.617009260721, Time : 23.564 s
Timestep : 595611, score : -2251.0918374106113, Time : 23.626 s
Timestep : 604370, score : -2182.2037545233325, Time : 24.12 s
Timestep : 613129, score : -2138.325413392071, Time : 23.887 s
Timestep : 621888, score : -2143.60979351071, Time : 23.961 s
Timestep : 630647, score : -2213.2869129889586, Time : 23.977 s
Timestep : 639406, score : -2414.2442280193354, Time : 23.962 s
Timestep : 648165, score : -2321.493688020535, Time : 24.001 s
Timestep : 656924, score : -2278.5591329167655, Time : 23.931 s
Timestep : 665683, score : -2472.001977515727, Time : 23.912 s
Timestep : 674442, score : -2401.8486482773733, Time : 24.582 s
Timestep : 683201, score : -2443.0535754903976, Time : 24.044 s
Timestep : 691960, score : -2278.9769113607763, Time : 23.964 s
Timestep : 700719, score : -2318.997586454061, Time : 23.952 s
Timestep : 709478, score : -2186.048799860597, Time : 23.934 s
Timestep : 718237, score : -2038.1496810934332, Time : 23.892 s
Timestep : 726996, score : -2241.877459938434, Time : 24.347 s
Timestep : 735755, score : -2239.972531201347, Time : 24.45 s
Timestep : 744514, score : -2340.913054779434, Time : 24.416 s
Timestep : 753273, score : -2234.3101351543155, Time : 23.845 s
Timestep : 762032, score : -2129.560931030923, Time : 23.748 s
Timestep : 770791, score : -2197.459969840158, Time : 23.559 s
Timestep : 779550, score : -2407.709058642882, Time : 23.436 s
Timestep : 788309, score : -2394.0168789744203, Time : 23.441 s
Timestep : 797068, score : -2434.6163841283706, Time : 23.547 s
Timestep : 805827, score : -2366.271178632116, Time : 23.472 s
Timestep : 814586, score : -2528.254223244643, Time : 23.524 s
Timestep : 823345, score : -2444.508980541228, Time : 23.84 s
Timestep : 832104, score : -2334.6010562142183, Time : 24.111 s
Timestep : 840863, score : -2239.1748722466, Time : 24.148 s
Timestep : 849622, score : -2366.65956515554, Time : 24.121 s
Timestep : 858381, score : -2151.5630786492256, Time : 24.168 s
Timestep : 867140, score : -2325.8406650419056, Time : 24.656 s
Timestep : 875899, score : -2607.7995500943216, Time : 24.841 s
Starting local evaluation
Num Steps: 1000, Num episodes: 0
Num Steps: 2000, Num episodes: 0
Num Steps: 3000, Num episodes: 0
Num Steps: 4000, Num episodes: 0
Num Steps: 5000, Num episodes: 0
Num Steps: 6000, Num episodes: 0
Num Steps: 7000, Num episodes: 0
Num Steps: 8000, Num episodes: 0
Episode complete: 1 | Latest episode metrics: {'price_cost': 0.9115286314891999, 'emmision_cost': 0.9555272706793093}
[-0.14714144] -0.14714143555100984
Average Price Cost: 0.9115286314891999
Average Emmision Cost: 0.9555272706793093
Average of both costs: 0.9335279510842547
Total time taken by agent: 3.367982314899564s
DONE!
