{'agent': 'DQN', 'action_selection': 'softmax', 'seed': 1, 'episodes': 100, 'data_path': 'data/citylearn_challenge_2022_phase_1', 'dry_run': False, 'n_discrete': 9, 'update_target': 16, 'lr': 0.001, 'batch_size': 64, 'adam_epsilon': 1e-10, 'epsilon_final': 0.02, 'run_id': 31}
{'Notes': 'This is a tuning run, executed on a single building.',
 'action_selection': 'softmax',
 'adam_epsilon': 1e-10,
 'env': '<NormalizeObservation<OneHotHour<DiscreteSingle<CityLearnEnv '
        'instance>>>>',
 'final_exploration_rate': 0.02,
 'final_exploration_step': 1000,
 'gamma': 0.99,
 'initial_exploration_rate': 1,
 'learning_rate': 0.001,
 'loss': 'mse',
 'minibatch_size': 64,
 'network': 'MLP(\n'
            '  (layers): Sequential(\n'
            '    (0): Linear(in_features=29, out_features=128, bias=True)\n'
            '    (1): ReLU()\n'
            '    (2): Linear(in_features=128, out_features=128, bias=True)\n'
            '    (3): ReLU()\n'
            '    (4): Linear(in_features=128, out_features=9, bias=True)\n'
            '  )\n'
            ')',
 'replay_buffer_size': 10000,
 'replay_start_size': 64,
 'seed': 1,
 'train_steps': 876000,
 'update_frequency': 1,
 'update_target_frequency': 16,
 'weight_scale': 1.4142135623730951}
Timestep : 8758, score : -5450.960546319657, Time : 24.115 s
Timestep : 17517, score : -5675.307068291033, Time : 24.135 s
Timestep : 26276, score : -4298.371999231429, Time : 24.052 s
Timestep : 35035, score : -3264.040487790626, Time : 24.657 s
Timestep : 43794, score : -3670.2283681680274, Time : 24.339 s
Timestep : 52553, score : -3385.335273368546, Time : 23.708 s
Timestep : 61312, score : -3371.7148561559443, Time : 23.873 s
Timestep : 70071, score : -3024.6098921298108, Time : 25.011 s
Timestep : 78830, score : -2945.107022594195, Time : 24.292 s
Timestep : 87589, score : -2488.732609377854, Time : 24.046 s
Timestep : 96348, score : -2481.9006683478074, Time : 24.242 s
Timestep : 105107, score : -2256.0399515750905, Time : 24.251 s
Timestep : 113866, score : -2124.0259572475916, Time : 23.759 s
Timestep : 122625, score : -1873.323422226269, Time : 25.26 s
Timestep : 131384, score : -1829.692153238997, Time : 23.97 s
Timestep : 140143, score : -1860.9535556681803, Time : 24.539 s
Timestep : 148902, score : -2059.8427603292803, Time : 24.597 s
Timestep : 157661, score : -1848.6605963094917, Time : 24.464 s
Timestep : 166420, score : -2257.539263268147, Time : 24.217 s
Timestep : 175179, score : -2068.1121492786624, Time : 24.893 s
Timestep : 183938, score : -2061.1513326533895, Time : 24.466 s
Timestep : 192697, score : -1938.6788402752136, Time : 24.51 s
Timestep : 201456, score : -1895.0271575923834, Time : 24.691 s
Timestep : 210215, score : -2018.091125359555, Time : 24.656 s
Timestep : 218974, score : -1796.7923586853722, Time : 24.203 s
Timestep : 227733, score : -1669.6645537216973, Time : 24.687 s
Timestep : 236492, score : -1890.9926143519406, Time : 24.623 s
Timestep : 245251, score : -1885.5492032806214, Time : 24.453 s
Timestep : 254010, score : -1628.7467989599827, Time : 24.583 s
Timestep : 262769, score : -1950.1101240616117, Time : 24.056 s
Timestep : 271528, score : -1803.6678049173497, Time : 23.637 s
Timestep : 280287, score : -1895.6495886256162, Time : 23.863 s
Timestep : 289046, score : -1709.9647478404513, Time : 24.214 s
Timestep : 297805, score : -1535.3571950190526, Time : 23.601 s
Timestep : 306564, score : -1550.0508016043168, Time : 24.018 s
Timestep : 315323, score : -1708.4986203478475, Time : 23.979 s
Timestep : 324082, score : -1711.8286547300231, Time : 23.826 s
Timestep : 332841, score : -1837.4740147812117, Time : 23.6 s
Timestep : 341600, score : -1524.1737732078473, Time : 24.389 s
Timestep : 350359, score : -1722.3730992499914, Time : 23.751 s
Timestep : 359118, score : -1549.7662449686613, Time : 24.4 s
Timestep : 367877, score : -1630.3029046969314, Time : 24.639 s
Timestep : 376636, score : -1705.8140439666167, Time : 24.626 s
Timestep : 385395, score : -1868.3508344661386, Time : 24.248 s
Timestep : 394154, score : -1767.26715637921, Time : 24.831 s
Timestep : 402913, score : -1673.5276071199041, Time : 24.57 s
Timestep : 411672, score : -1946.7526744975476, Time : 24.453 s
Timestep : 420431, score : -1823.2718977188051, Time : 24.644 s
Timestep : 429190, score : -1884.1797867854184, Time : 24.736 s
Timestep : 437949, score : -1875.3832280412607, Time : 24.261 s
Timestep : 446708, score : -1789.3209080625384, Time : 24.668 s
Timestep : 455467, score : -1689.442523880658, Time : 24.755 s
Timestep : 464226, score : -1940.5022011485707, Time : 24.511 s
Timestep : 472985, score : -1768.949316032842, Time : 24.658 s
Timestep : 481744, score : -1536.5793080375006, Time : 24.713 s
Timestep : 490503, score : -1627.3338031949534, Time : 24.293 s
Timestep : 499262, score : -1462.1885643760033, Time : 24.168 s
Timestep : 508021, score : -1712.01363038228, Time : 24.284 s
Timestep : 516780, score : -1725.1969928469916, Time : 23.76 s
Timestep : 525539, score : -2094.3345599250824, Time : 24.109 s
Timestep : 534298, score : -1761.6292462817219, Time : 24.055 s
Timestep : 543057, score : -1867.0715647565958, Time : 23.825 s
Timestep : 551816, score : -2030.1001292324363, Time : 23.791 s
Timestep : 560575, score : -1757.767385039042, Time : 24.394 s
Timestep : 569334, score : -1710.1320766949502, Time : 23.798 s
Timestep : 578093, score : -1497.9705373038596, Time : 24.226 s
Timestep : 586852, score : -1407.8354154369736, Time : 24.961 s
Timestep : 595611, score : -1516.3355504573847, Time : 24.918 s
Timestep : 604370, score : -1619.1795614560542, Time : 24.262 s
Timestep : 613129, score : -1801.4241583592084, Time : 25.136 s
Timestep : 621888, score : -1716.086421639804, Time : 24.826 s
Timestep : 630647, score : -1617.5790972580726, Time : 25.042 s
Timestep : 639406, score : -1547.0177368145814, Time : 23.969 s
Timestep : 648165, score : -1606.3293765292328, Time : 24.002 s
Timestep : 656924, score : -1676.1084051846701, Time : 23.611 s
Timestep : 665683, score : -1737.0606285536924, Time : 24.005 s
Timestep : 674442, score : -1873.0153320853424, Time : 24.204 s
Timestep : 683201, score : -1750.04099755481, Time : 23.953 s
Timestep : 691960, score : -1560.0957953219477, Time : 23.9 s
Timestep : 700719, score : -1489.2126906379417, Time : 24.03 s
Timestep : 709478, score : -1583.2737100629893, Time : 23.909 s
Timestep : 718237, score : -1570.3613629235188, Time : 24.171 s
Timestep : 726996, score : -1680.2385176758107, Time : 24.91 s
Timestep : 735755, score : -1602.5022954459128, Time : 24.146 s
Timestep : 744514, score : -1545.646964398009, Time : 24.113 s
Timestep : 753273, score : -1727.8355543269136, Time : 24.177 s
Timestep : 762032, score : -1667.0575467355375, Time : 24.137 s
Timestep : 770791, score : -1423.3405752943654, Time : 24.091 s
Timestep : 779550, score : -1662.8057262843067, Time : 24.544 s
Timestep : 788309, score : -1566.8532846350172, Time : 23.931 s
Timestep : 797068, score : -1492.09982927065, Time : 23.743 s
Timestep : 805827, score : -1486.9063653641206, Time : 23.733 s
Timestep : 814586, score : -1292.2018557574193, Time : 23.895 s
Timestep : 823345, score : -1462.5073455267411, Time : 24.089 s
Timestep : 832104, score : -1506.2006435852963, Time : 24.258 s
Timestep : 840863, score : -1681.8578212922148, Time : 23.96 s
Timestep : 849622, score : -1507.9953138336132, Time : 23.464 s
Timestep : 858381, score : -1482.6350019561069, Time : 24.371 s
Timestep : 867140, score : -1563.138039485464, Time : 24.312 s
Timestep : 875899, score : -1646.8153180901427, Time : 23.437 s
Starting local evaluation
Num Steps: 1000, Num episodes: 0
Num Steps: 2000, Num episodes: 0
Num Steps: 3000, Num episodes: 0
Num Steps: 4000, Num episodes: 0
Num Steps: 5000, Num episodes: 0
Num Steps: 6000, Num episodes: 0
Num Steps: 7000, Num episodes: 0
Num Steps: 8000, Num episodes: 0
Episode complete: 1 | Latest episode metrics: {'price_cost': 0.8591500604770905, 'emmision_cost': 0.962491844482696}
[-0.11767576] -0.11767575970114147
Average Price Cost: 0.8591500604770905
Average Emmision Cost: 0.962491844482696
Average of both costs: 0.9108209524798933
Total time taken by agent: 4.099878465058282s
DONE!
