{'agent': 'DQN', 'action_selection': 'egreedy', 'seed': 1, 'episodes': 100, 'data_path': 'data/citylearn_challenge_2022_phase_1', 'dry_run': False, 'n_discrete': 9, 'update_target': 16, 'lr': 0.03, 'batch_size': 16, 'adam_epsilon': 1e-07, 'epsilon_final': 0.06, 'run_id': 303}
{'Notes': 'This is a tuning run, executed on a single building.',
 'action_selection': 'egreedy',
 'adam_epsilon': 1e-07,
 'env': '<NormalizeObservation<OneHotHour<DiscreteSingle<CityLearnEnv '
        'instance>>>>',
 'final_exploration_rate': 0.02,
 'final_exploration_step': 1000,
 'gamma': 0.99,
 'initial_exploration_rate': 1,
 'learning_rate': 0.03,
 'loss': 'mse',
 'minibatch_size': 16,
 'network': 'MLP(\n'
            '  (layers): Sequential(\n'
            '    (0): Linear(in_features=29, out_features=128, bias=True)\n'
            '    (1): ReLU()\n'
            '    (2): Linear(in_features=128, out_features=128, bias=True)\n'
            '    (3): ReLU()\n'
            '    (4): Linear(in_features=128, out_features=9, bias=True)\n'
            '  )\n'
            ')',
 'replay_buffer_size': 10000,
 'replay_start_size': 16,
 'seed': 1,
 'train_steps': 876000,
 'update_frequency': 1,
 'update_target_frequency': 16,
 'weight_scale': 1.4142135623730951}
Timestep : 8758, score : -7207.804241662641, Time : 21.264 s
Timestep : 17517, score : -7614.967036189773, Time : 21.379 s
Timestep : 26276, score : -7519.789700743888, Time : 21.913 s
Timestep : 35035, score : -9405.920984655691, Time : 22.0 s
Timestep : 43794, score : -7896.154321320151, Time : 21.498 s
Timestep : 52553, score : -9954.385077381434, Time : 21.542 s
Timestep : 61312, score : -9222.806612945833, Time : 21.931 s
Timestep : 70071, score : -8385.656624881754, Time : 21.895 s
Timestep : 78830, score : -10341.356639186924, Time : 21.901 s
Timestep : 87589, score : -9045.931067964091, Time : 21.897 s
Timestep : 96348, score : -8362.10117019518, Time : 21.903 s
Timestep : 105107, score : -9320.371032483206, Time : 21.91 s
Timestep : 113866, score : -9793.684683670144, Time : 21.902 s
Timestep : 122625, score : -8736.996652338843, Time : 22.06 s
Timestep : 131384, score : -9434.765821031644, Time : 22.168 s
Timestep : 140143, score : -10099.89752676159, Time : 21.988 s
Timestep : 148902, score : -8594.818804089358, Time : 21.916 s
Timestep : 157661, score : -9305.907557966668, Time : 21.95 s
Timestep : 166420, score : -9763.661530372177, Time : 21.948 s
Timestep : 175179, score : -8738.880807443435, Time : 21.932 s
Timestep : 183938, score : -10094.79397043302, Time : 21.656 s
Timestep : 192697, score : -9258.21995764377, Time : 21.782 s
Timestep : 201456, score : -9433.516462630083, Time : 21.901 s
Timestep : 210215, score : -8750.136306779183, Time : 21.892 s
Timestep : 218974, score : -8962.754421188278, Time : 22.027 s
Timestep : 227733, score : -9047.866961720822, Time : 22.208 s
Timestep : 236492, score : -9925.37273235037, Time : 21.995 s
Timestep : 245251, score : -9111.238134267653, Time : 21.903 s
Timestep : 254010, score : -8855.036146766812, Time : 21.9 s
Timestep : 262769, score : -8607.511484666356, Time : 21.909 s
Timestep : 271528, score : -9128.035267095504, Time : 21.913 s
Timestep : 280287, score : -9704.412018515795, Time : 21.903 s
Timestep : 289046, score : -8974.373225670497, Time : 21.896 s
Timestep : 297805, score : -9819.378860764875, Time : 21.892 s
Timestep : 306564, score : -9044.424635012685, Time : 21.906 s
Timestep : 315323, score : -8951.411764749471, Time : 22.071 s
Timestep : 324082, score : -9183.815318226843, Time : 22.236 s
Timestep : 332841, score : -9286.875422725803, Time : 21.919 s
Timestep : 341600, score : -9742.743691986427, Time : 21.9 s
Timestep : 350359, score : -9295.930071628449, Time : 21.894 s
Timestep : 359118, score : -9174.776836130186, Time : 21.903 s
Timestep : 367877, score : -9284.90513403821, Time : 21.896 s
Timestep : 376636, score : -9428.66288984663, Time : 21.897 s
Timestep : 385395, score : -9760.863376031979, Time : 21.908 s
Timestep : 394154, score : -9361.340472740034, Time : 21.896 s
Timestep : 402913, score : -9236.678530471574, Time : 21.909 s
Timestep : 411672, score : -9207.799773659935, Time : 22.096 s
Timestep : 420431, score : -8791.749272138608, Time : 22.225 s
Timestep : 429190, score : -9485.806734564554, Time : 21.879 s
Timestep : 437949, score : -9331.274756438288, Time : 21.705 s
Timestep : 446708, score : -9442.83090979357, Time : 21.904 s
Timestep : 455467, score : -10184.465483091888, Time : 21.892 s
Timestep : 464226, score : -10240.76716801506, Time : 21.9 s
Timestep : 472985, score : -9643.4108697997, Time : 21.889 s
Timestep : 481744, score : -10217.852593585056, Time : 21.893 s
Timestep : 490503, score : -9906.62622902196, Time : 21.901 s
Timestep : 499262, score : -8916.13786606479, Time : 21.891 s
Timestep : 508021, score : -9470.0883680095, Time : 22.207 s
Timestep : 516780, score : -9179.887835099275, Time : 21.743 s
Timestep : 525539, score : -9218.768222848797, Time : 22.039 s
Timestep : 534298, score : -9094.823540423531, Time : 22.017 s
Timestep : 543057, score : -9457.738283608021, Time : 21.931 s
Timestep : 551816, score : -8478.774119877446, Time : 21.912 s
Timestep : 560575, score : -7792.645445245158, Time : 21.951 s
Timestep : 569334, score : -7950.958904702555, Time : 21.908 s
Timestep : 578093, score : -9154.268064921911, Time : 21.92 s
Timestep : 586852, score : -5714.96243210377, Time : 21.904 s
Timestep : 595611, score : -4660.701795916917, Time : 21.899 s
Timestep : 604370, score : -4650.758177905722, Time : 21.828 s
Timestep : 613129, score : -4625.808455251536, Time : 21.968 s
Timestep : 621888, score : -4566.415808690159, Time : 21.962 s
Timestep : 630647, score : -4486.711565196427, Time : 21.648 s
Timestep : 639406, score : -4558.209672433237, Time : 21.911 s
Timestep : 648165, score : -4521.428756859532, Time : 21.905 s
Timestep : 656924, score : -4551.310218757397, Time : 21.901 s
Timestep : 665683, score : -4590.3787251487665, Time : 21.893 s
Timestep : 674442, score : -4462.24559360047, Time : 21.897 s
Timestep : 683201, score : -4577.295024132385, Time : 21.905 s
Timestep : 691960, score : -4537.171032624698, Time : 21.91 s
Timestep : 700719, score : -4480.401813805482, Time : 21.915 s
Timestep : 709478, score : -4465.339591458818, Time : 21.905 s
Timestep : 718237, score : -4501.385025116993, Time : 21.906 s
Timestep : 726996, score : -4371.629262605129, Time : 21.929 s
Timestep : 735755, score : -4659.66457714737, Time : 21.936 s
Timestep : 744514, score : -4516.26490602587, Time : 22.319 s
Timestep : 753273, score : -4639.56358500701, Time : 22.075 s
Timestep : 762032, score : -4385.364582770882, Time : 21.927 s
Timestep : 770791, score : -4562.760849777638, Time : 21.898 s
Timestep : 779550, score : -4405.735944027925, Time : 21.91 s
Timestep : 788309, score : -4431.529884776479, Time : 21.888 s
Timestep : 797068, score : -4495.586927296972, Time : 21.828 s
Timestep : 805827, score : -4488.079482590227, Time : 21.891 s
Timestep : 814586, score : -4517.0761069133005, Time : 21.888 s
Timestep : 823345, score : -4481.773809201579, Time : 21.899 s
Timestep : 832104, score : -4512.017636434553, Time : 22.011 s
Timestep : 840863, score : -4583.250053304626, Time : 22.132 s
Timestep : 849622, score : -4469.650039838074, Time : 21.756 s
Timestep : 858381, score : -4570.3907229503675, Time : 21.625 s
Timestep : 867140, score : -4602.964075680269, Time : 21.63 s
Timestep : 875899, score : -4489.105651052116, Time : 21.645 s
Starting local evaluation
Num Steps: 1000, Num episodes: 0
Num Steps: 2000, Num episodes: 0
Num Steps: 3000, Num episodes: 0
Num Steps: 4000, Num episodes: 0
Num Steps: 5000, Num episodes: 0
Num Steps: 6000, Num episodes: 0
Num Steps: 7000, Num episodes: 0
Num Steps: 8000, Num episodes: 0
Episode complete: 1 | Latest episode metrics: {'price_cost': 1.0253606303366292, 'emmision_cost': 1.0296472762477848}
[-0.26379204] -0.2637920426039158
Average Price Cost: 1.0253606303366292
Average Emmision Cost: 1.0296472762477848
Average of both costs: 1.027503953292207
Total time taken by agent: 2.5002092633221764s
DONE!
