{'agent': 'DQN', 'action_selection': 'softmax', 'seed': 1, 'episodes': 100, 'data_path': 'data/citylearn_challenge_2022_phase_1', 'dry_run': False, 'n_discrete': 9, 'update_target': 8, 'lr': 0.0001, 'batch_size': 2, 'adam_epsilon': 0.0001, 'epsilon_final': 0.02, 'run_id': 76}
{'Notes': 'This is a tuning run, executed on a single building.',
 'action_selection': 'softmax',
 'adam_epsilon': 0.0001,
 'env': '<NormalizeObservation<OneHotHour<DiscreteSingle<CityLearnEnv '
        'instance>>>>',
 'final_exploration_rate': 0.02,
 'final_exploration_step': 1000,
 'gamma': 0.99,
 'initial_exploration_rate': 1,
 'learning_rate': 0.0001,
 'loss': 'mse',
 'minibatch_size': 2,
 'network': 'MLP(\n'
            '  (layers): Sequential(\n'
            '    (0): Linear(in_features=29, out_features=128, bias=True)\n'
            '    (1): ReLU()\n'
            '    (2): Linear(in_features=128, out_features=128, bias=True)\n'
            '    (3): ReLU()\n'
            '    (4): Linear(in_features=128, out_features=9, bias=True)\n'
            '  )\n'
            ')',
 'replay_buffer_size': 10000,
 'replay_start_size': 2,
 'seed': 1,
 'train_steps': 876000,
 'update_frequency': 1,
 'update_target_frequency': 8,
 'weight_scale': 1.4142135623730951}
Timestep : 8758, score : -5546.595406884444, Time : 27.92 s
Timestep : 17517, score : -4956.738107724144, Time : 27.754 s
Timestep : 26276, score : -5175.604099779768, Time : 27.711 s
Timestep : 35035, score : -4741.199664279076, Time : 27.294 s
Timestep : 43794, score : -4204.42071607805, Time : 22.972 s
Timestep : 52553, score : -4261.073768942995, Time : 23.563 s
Timestep : 61312, score : -4457.27872550083, Time : 24.228 s
Timestep : 70071, score : -4512.2891251929395, Time : 25.23 s
Timestep : 78830, score : -4391.681766094713, Time : 25.951 s
Timestep : 87589, score : -4333.886084724596, Time : 23.647 s
Timestep : 96348, score : -4316.0639414709585, Time : 22.727 s
Timestep : 105107, score : -4318.519065291999, Time : 22.701 s
Timestep : 113866, score : -4283.740973061329, Time : 23.422 s
Timestep : 122625, score : -4150.465125907125, Time : 22.737 s
Timestep : 131384, score : -4483.585864436725, Time : 22.709 s
Timestep : 140143, score : -4004.3587169176026, Time : 25.469 s
Timestep : 148902, score : -3770.629897629173, Time : 22.791 s
Timestep : 157661, score : -4159.820452074317, Time : 23.241 s
Timestep : 166420, score : -3096.267946354492, Time : 22.998 s
Timestep : 175179, score : -3585.996958144853, Time : 22.709 s
Timestep : 183938, score : -3969.5491919186024, Time : 22.745 s
Timestep : 192697, score : -3919.4005039448675, Time : 22.742 s
Timestep : 201456, score : -3554.6021416892327, Time : 22.79 s
Timestep : 210215, score : -4128.011065881306, Time : 22.649 s
Timestep : 218974, score : -4083.852779765526, Time : 22.713 s
Timestep : 227733, score : -3889.6081709478312, Time : 22.727 s
Timestep : 236492, score : -3226.6629733811424, Time : 22.795 s
Timestep : 245251, score : -2562.411995921546, Time : 23.828 s
Timestep : 254010, score : -2770.022174368263, Time : 23.075 s
Timestep : 262769, score : -3235.3412272514834, Time : 22.772 s
Timestep : 271528, score : -2731.1109791663257, Time : 22.774 s
Timestep : 280287, score : -3172.7734482646047, Time : 22.732 s
Timestep : 289046, score : -3260.754227197176, Time : 22.789 s
Timestep : 297805, score : -2551.6501203065563, Time : 22.912 s
Timestep : 306564, score : -2754.8370866783953, Time : 22.91 s
Timestep : 315323, score : -2990.285660493566, Time : 22.947 s
Timestep : 324082, score : -3619.4721649060084, Time : 22.815 s
Timestep : 332841, score : -2518.110002155445, Time : 23.194 s
Timestep : 341600, score : -2753.5819188063324, Time : 23.209 s
Timestep : 350359, score : -2587.3830699867394, Time : 22.927 s
Timestep : 359118, score : -2922.372396713501, Time : 22.795 s
Timestep : 367877, score : -2829.93605150879, Time : 22.786 s
Timestep : 376636, score : -3101.2416409475554, Time : 22.827 s
Timestep : 385395, score : -2329.290307615447, Time : 22.913 s
Timestep : 394154, score : -2641.878086290002, Time : 23.819 s
Timestep : 402913, score : -2142.187330611312, Time : 23.435 s
Timestep : 411672, score : -2780.7594181477616, Time : 23.293 s
Timestep : 420431, score : -2150.900508259452, Time : 27.366 s
Timestep : 429190, score : -2614.599274685519, Time : 27.198 s
Timestep : 437949, score : -2619.516950517369, Time : 23.708 s
Timestep : 446708, score : -2812.5855432228636, Time : 26.819 s
Timestep : 455467, score : -2769.334079170396, Time : 27.253 s
Timestep : 464226, score : -2995.2850544877874, Time : 28.169 s
Timestep : 472985, score : -2788.025227490143, Time : 24.138 s
Timestep : 481744, score : -3183.907911354705, Time : 22.986 s
Timestep : 490503, score : -3029.2446623191063, Time : 22.999 s
Timestep : 499262, score : -2725.0800510642875, Time : 25.157 s
Timestep : 508021, score : -2408.054864572201, Time : 23.219 s
Timestep : 516780, score : -3060.5911624178116, Time : 23.059 s
Timestep : 525539, score : -2992.7643340159266, Time : 25.564 s
Timestep : 534298, score : -3399.7209980566113, Time : 26.489 s
Timestep : 543057, score : -3579.519615323603, Time : 28.447 s
Timestep : 551816, score : -2998.78651974097, Time : 25.627 s
Timestep : 560575, score : -3269.803546989715, Time : 23.034 s
Timestep : 569334, score : -3247.8417277729895, Time : 25.7 s
Timestep : 578093, score : -2921.239219969051, Time : 28.502 s
Timestep : 586852, score : -3036.5704351360037, Time : 27.692 s
Timestep : 595611, score : -3386.2027602875896, Time : 28.492 s
Timestep : 604370, score : -2913.050642056769, Time : 27.532 s
Timestep : 613129, score : -3323.938471879301, Time : 27.495 s
Timestep : 621888, score : -3247.04206037338, Time : 28.214 s
Timestep : 630647, score : -3292.7787837379437, Time : 28.685 s
Timestep : 639406, score : -3072.464178890994, Time : 28.666 s
Timestep : 648165, score : -2993.18307957417, Time : 28.771 s
Timestep : 656924, score : -3322.7414158542233, Time : 27.769 s
Timestep : 665683, score : -3320.921617613785, Time : 27.233 s
Timestep : 674442, score : -3354.9882723517076, Time : 27.216 s
Timestep : 683201, score : -3685.871458215668, Time : 27.188 s
Timestep : 691960, score : -3139.143406321673, Time : 27.221 s
Timestep : 700719, score : -3249.1255686864315, Time : 27.994 s
Timestep : 709478, score : -3073.3575011813373, Time : 28.671 s
Timestep : 718237, score : -2862.738058951756, Time : 28.146 s
Timestep : 726996, score : -3248.545292500363, Time : 28.608 s
Timestep : 735755, score : -3266.6104478244233, Time : 28.295 s
Timestep : 744514, score : -3383.5614389062684, Time : 27.32 s
Timestep : 753273, score : -3255.1870879362395, Time : 27.997 s
Timestep : 762032, score : -3385.955478827731, Time : 27.596 s
Timestep : 770791, score : -2817.936893965263, Time : 27.529 s
Timestep : 779550, score : -2448.9597373646975, Time : 27.399 s
Timestep : 788309, score : -2298.208444265678, Time : 27.995 s
Timestep : 797068, score : -2616.746201008398, Time : 25.575 s
Timestep : 805827, score : -2799.2537650151935, Time : 28.441 s
Timestep : 814586, score : -3015.8960560974083, Time : 27.307 s
Timestep : 823345, score : -2395.676373200753, Time : 27.724 s
Timestep : 832104, score : -2884.101665441325, Time : 27.537 s
Timestep : 840863, score : -2774.8774264582025, Time : 27.727 s
Timestep : 849622, score : -2604.581212506193, Time : 27.857 s
Timestep : 858381, score : -2902.047462029528, Time : 27.112 s
Timestep : 867140, score : -2514.986976521119, Time : 27.505 s
Timestep : 875899, score : -2307.3100696750043, Time : 28.583 s
Starting local evaluation
Num Steps: 1000, Num episodes: 0
Num Steps: 2000, Num episodes: 0
Num Steps: 3000, Num episodes: 0
Num Steps: 4000, Num episodes: 0
Num Steps: 5000, Num episodes: 0
Num Steps: 6000, Num episodes: 0
Num Steps: 7000, Num episodes: 0
Num Steps: 8000, Num episodes: 0
Episode complete: 1 | Latest episode metrics: {'price_cost': 0.8871789561890949, 'emmision_cost': 0.9448302855362213}
[-0.12522932] -0.1252293193636059
Average Price Cost: 0.8871789561890949
Average Emmision Cost: 0.9448302855362213
Average of both costs: 0.9160046208626581
Total time taken by agent: 4.674941651755944s
DONE!
