{'agent': 'DQN', 'action_selection': 'softmax', 'seed': 1, 'episodes': 100, 'data_path': 'data/citylearn_challenge_2022_phase_1', 'dry_run': False, 'n_discrete': 9, 'update_target': 8, 'lr': 0.003, 'batch_size': 32, 'adam_epsilon': 0.0001, 'epsilon_final': 0.02, 'run_id': 134}
{'Notes': 'This is a tuning run, executed on a single building.',
 'action_selection': 'softmax',
 'adam_epsilon': 0.0001,
 'env': '<NormalizeObservation<OneHotHour<DiscreteSingle<CityLearnEnv '
        'instance>>>>',
 'final_exploration_rate': 0.02,
 'final_exploration_step': 1000,
 'gamma': 0.99,
 'initial_exploration_rate': 1,
 'learning_rate': 0.003,
 'loss': 'mse',
 'minibatch_size': 32,
 'network': 'MLP(\n'
            '  (layers): Sequential(\n'
            '    (0): Linear(in_features=29, out_features=128, bias=True)\n'
            '    (1): ReLU()\n'
            '    (2): Linear(in_features=128, out_features=128, bias=True)\n'
            '    (3): ReLU()\n'
            '    (4): Linear(in_features=128, out_features=9, bias=True)\n'
            '  )\n'
            ')',
 'replay_buffer_size': 10000,
 'replay_start_size': 32,
 'seed': 1,
 'train_steps': 876000,
 'update_frequency': 1,
 'update_target_frequency': 8,
 'weight_scale': 1.4142135623730951}
Timestep : 8758, score : -8629.704432306491, Time : 22.961 s
Timestep : 17517, score : -11860.597462878752, Time : 23.133 s
Timestep : 26276, score : -10610.763148644735, Time : 23.111 s
Timestep : 35035, score : -13309.547978043513, Time : 23.17 s
Timestep : 43794, score : -12665.883924855298, Time : 23.322 s
Timestep : 52553, score : -10705.657006191977, Time : 23.78 s
Timestep : 61312, score : -13790.960872620577, Time : 24.136 s
Timestep : 70071, score : -9571.554322466865, Time : 24.146 s
Timestep : 78830, score : -10267.078896826679, Time : 23.85 s
Timestep : 87589, score : -12791.856889161223, Time : 23.739 s
Timestep : 96348, score : -11497.819878544491, Time : 23.188 s
Timestep : 105107, score : -11104.18099493238, Time : 23.524 s
Timestep : 113866, score : -11639.344987221833, Time : 23.84 s
Timestep : 122625, score : -10663.14597385288, Time : 23.862 s
Timestep : 131384, score : -10769.657063640567, Time : 23.806 s
Timestep : 140143, score : -11507.071272563262, Time : 23.845 s
Timestep : 148902, score : -11297.09272436527, Time : 23.837 s
Timestep : 157661, score : -10463.20550478909, Time : 25.84 s
Timestep : 166420, score : -11025.922689011044, Time : 28.272 s
Timestep : 175179, score : -12184.94126282954, Time : 27.118 s
Timestep : 183938, score : -10794.51418861591, Time : 27.107 s
Timestep : 192697, score : -12237.224867279176, Time : 27.332 s
Timestep : 201456, score : -11122.246615636948, Time : 27.102 s
Timestep : 210215, score : -11340.20622279153, Time : 26.983 s
Timestep : 218974, score : -11515.767824812276, Time : 26.392 s
Timestep : 227733, score : -11804.830263288248, Time : 25.856 s
Timestep : 236492, score : -11185.58131918573, Time : 25.917 s
Timestep : 245251, score : -11730.889742805579, Time : 26.516 s
Timestep : 254010, score : -12161.267380905178, Time : 27.734 s
Timestep : 262769, score : -11597.474567549725, Time : 27.152 s
Timestep : 271528, score : -11790.3873072274, Time : 26.957 s
Timestep : 280287, score : -11813.153896452699, Time : 26.543 s
Timestep : 289046, score : -11485.35532161934, Time : 26.566 s
Timestep : 297805, score : -11621.995791556139, Time : 26.473 s
Timestep : 306564, score : -11324.118408809714, Time : 26.453 s
Timestep : 315323, score : -10946.039179563115, Time : 26.549 s
Timestep : 324082, score : -11494.663618093815, Time : 26.435 s
Timestep : 332841, score : -11524.795695391207, Time : 26.097 s
Timestep : 341600, score : -10902.417608921605, Time : 25.32 s
Timestep : 350359, score : -11965.44279592976, Time : 26.219 s
Timestep : 359118, score : -11040.69045650636, Time : 24.899 s
Timestep : 367877, score : -10817.582319575624, Time : 26.012 s
Timestep : 376636, score : -10743.631590704957, Time : 26.979 s
Timestep : 385395, score : -11331.16219816709, Time : 26.948 s
Timestep : 394154, score : -12038.736649262093, Time : 25.56 s
Timestep : 402913, score : -11435.507969501676, Time : 23.831 s
Timestep : 411672, score : -11538.962229835583, Time : 23.744 s
Timestep : 420431, score : -11766.813024429095, Time : 23.682 s
Timestep : 429190, score : -11777.014230958841, Time : 23.477 s
Timestep : 437949, score : -11593.371490714373, Time : 23.669 s
Timestep : 446708, score : -11031.86836609088, Time : 23.911 s
Timestep : 455467, score : -11225.450022322708, Time : 23.487 s
Timestep : 464226, score : -10780.97184567494, Time : 23.441 s
Timestep : 472985, score : -10757.770151169112, Time : 23.397 s
Timestep : 481744, score : -10850.688866219163, Time : 23.376 s
Timestep : 490503, score : -10348.230184773638, Time : 23.335 s
Timestep : 499262, score : -10390.406846418286, Time : 23.316 s
Timestep : 508021, score : -10790.878442828965, Time : 23.353 s
Timestep : 516780, score : -11495.46387037207, Time : 23.299 s
Timestep : 525539, score : -10486.56488494866, Time : 23.451 s
Timestep : 534298, score : -10791.06529585395, Time : 23.393 s
Timestep : 543057, score : -10043.552580478718, Time : 23.889 s
Timestep : 551816, score : -9939.787476357378, Time : 23.604 s
Timestep : 560575, score : -10591.759501829583, Time : 23.246 s
Timestep : 569334, score : -10096.661185286779, Time : 23.332 s
Timestep : 578093, score : -9974.066832591809, Time : 23.412 s
Timestep : 586852, score : -10956.973104746736, Time : 23.388 s
Timestep : 595611, score : -11093.310252662748, Time : 23.416 s
Timestep : 604370, score : -10905.482951501494, Time : 23.413 s
Timestep : 613129, score : -10011.283895910601, Time : 23.421 s
Timestep : 621888, score : -10073.728595650755, Time : 23.411 s
Timestep : 630647, score : -10290.030206061783, Time : 23.381 s
Timestep : 639406, score : -10633.94066934353, Time : 23.491 s
Timestep : 648165, score : -10308.53242333699, Time : 23.845 s
Timestep : 656924, score : -10405.711185914304, Time : 23.493 s
Timestep : 665683, score : -10327.358431399385, Time : 23.415 s
Timestep : 674442, score : -9834.255830292288, Time : 23.387 s
Timestep : 683201, score : -9300.66067285469, Time : 23.449 s
Timestep : 691960, score : -9855.46591039548, Time : 23.382 s
Timestep : 700719, score : -9113.978566876336, Time : 23.418 s
Timestep : 709478, score : -8856.197433241832, Time : 23.493 s
Timestep : 718237, score : -8782.75441004851, Time : 23.406 s
Timestep : 726996, score : -8205.855544969352, Time : 23.383 s
Timestep : 735755, score : -8450.39623116907, Time : 23.411 s
Timestep : 744514, score : -7933.402409274626, Time : 23.867 s
Timestep : 753273, score : -7282.76403985903, Time : 23.786 s
Timestep : 762032, score : -7197.0788157564675, Time : 23.358 s
Timestep : 770791, score : -7522.861939115945, Time : 23.351 s
Timestep : 779550, score : -7334.4967831088725, Time : 22.727 s
Timestep : 788309, score : -7619.455159348741, Time : 22.339 s
Timestep : 797068, score : -7371.650086153953, Time : 22.39 s
Timestep : 805827, score : -6730.656684088237, Time : 22.314 s
Timestep : 814586, score : -7104.019862882124, Time : 22.355 s
Timestep : 823345, score : -6980.50952457691, Time : 22.384 s
Timestep : 832104, score : -6900.754464468482, Time : 22.986 s
Timestep : 840863, score : -7127.541077928836, Time : 22.967 s
Timestep : 849622, score : -9383.37386753087, Time : 23.291 s
Timestep : 858381, score : -10828.183312764886, Time : 23.209 s
Timestep : 867140, score : -11871.72299637334, Time : 22.973 s
Timestep : 875899, score : -11522.346577623117, Time : 22.98 s
Starting local evaluation
Num Steps: 1000, Num episodes: 0
Num Steps: 2000, Num episodes: 0
Num Steps: 3000, Num episodes: 0
Num Steps: 4000, Num episodes: 0
Num Steps: 5000, Num episodes: 0
Num Steps: 6000, Num episodes: 0
Num Steps: 7000, Num episodes: 0
Num Steps: 8000, Num episodes: 0
Episode complete: 1 | Latest episode metrics: {'price_cost': 1.066210260512537, 'emmision_cost': 1.0774896582667401}
[-0.31817584] -0.3181758449765523
Average Price Cost: 1.066210260512537
Average Emmision Cost: 1.0774896582667401
Average of both costs: 1.0718499593896387
Total time taken by agent: 3.6248881041101413s
DONE!
