{'agent': 'DQN', 'action_selection': 'softmax', 'seed': 1, 'episodes': 100, 'data_path': 'data/citylearn_challenge_2022_phase_1', 'dry_run': False, 'n_discrete': 9, 'update_target': 8, 'lr': 0.0003, 'batch_size': 16, 'adam_epsilon': 1e-08, 'epsilon_final': 0.02, 'run_id': 13}
{'Notes': 'This is a tuning run, executed on a single building.',
 'action_selection': 'softmax',
 'adam_epsilon': 1e-08,
 'env': '<NormalizeObservation<OneHotHour<DiscreteSingle<CityLearnEnv '
        'instance>>>>',
 'final_exploration_rate': 0.02,
 'final_exploration_step': 1000,
 'gamma': 0.99,
 'initial_exploration_rate': 1,
 'learning_rate': 0.0003,
 'loss': 'mse',
 'minibatch_size': 16,
 'network': 'MLP(\n'
            '  (layers): Sequential(\n'
            '    (0): Linear(in_features=29, out_features=128, bias=True)\n'
            '    (1): ReLU()\n'
            '    (2): Linear(in_features=128, out_features=128, bias=True)\n'
            '    (3): ReLU()\n'
            '    (4): Linear(in_features=128, out_features=9, bias=True)\n'
            '  )\n'
            ')',
 'replay_buffer_size': 10000,
 'replay_start_size': 16,
 'seed': 1,
 'train_steps': 876000,
 'update_frequency': 1,
 'update_target_frequency': 8,
 'weight_scale': 1.4142135623730951}
Timestep : 8758, score : -4479.477857883001, Time : 23.337 s
Timestep : 17517, score : -4664.848637824485, Time : 23.488 s
Timestep : 26276, score : -4365.585125938596, Time : 23.535 s
Timestep : 35035, score : -4304.0936747327505, Time : 23.523 s
Timestep : 43794, score : -4569.788492315827, Time : 23.053 s
Timestep : 52553, score : -4447.009351283981, Time : 23.364 s
Timestep : 61312, score : -4046.4641566184873, Time : 23.619 s
Timestep : 70071, score : -3731.6437987456156, Time : 23.664 s
Timestep : 78830, score : -3362.0065806185885, Time : 23.427 s
Timestep : 87589, score : -3347.0801721968746, Time : 23.709 s
Timestep : 96348, score : -2780.2043102882744, Time : 23.714 s
Timestep : 105107, score : -2719.699121033802, Time : 23.636 s
Timestep : 113866, score : -2660.4850331477646, Time : 23.355 s
Timestep : 122625, score : -2657.868073725098, Time : 23.646 s
Timestep : 131384, score : -2298.157487251243, Time : 23.744 s
Timestep : 140143, score : -2234.39187361268, Time : 23.465 s
Timestep : 148902, score : -1938.9520401854825, Time : 23.221 s
Timestep : 157661, score : -2015.56662157127, Time : 23.644 s
Timestep : 166420, score : -2231.8538979798614, Time : 23.665 s
Timestep : 175179, score : -2164.8378605360776, Time : 23.717 s
Timestep : 183938, score : -2178.310322380232, Time : 23.749 s
Timestep : 192697, score : -2189.164752163473, Time : 23.715 s
Timestep : 201456, score : -2221.778601176178, Time : 23.058 s
Timestep : 210215, score : -2297.4085273316887, Time : 23.306 s
Timestep : 218974, score : -2014.528965086036, Time : 23.344 s
Timestep : 227733, score : -2041.5192547640327, Time : 23.377 s
Timestep : 236492, score : -2026.015939592413, Time : 23.287 s
Timestep : 245251, score : -2082.068040483122, Time : 23.603 s
Timestep : 254010, score : -1793.4038627738628, Time : 23.775 s
Timestep : 262769, score : -2042.688286675635, Time : 23.703 s
Timestep : 271528, score : -2090.0905820460175, Time : 23.548 s
Timestep : 280287, score : -2047.3070817876433, Time : 23.559 s
Timestep : 289046, score : -1788.7428015763144, Time : 23.065 s
Timestep : 297805, score : -1992.7070067127497, Time : 23.53 s
Timestep : 306564, score : -2066.2800278953655, Time : 23.539 s
Timestep : 315323, score : -2099.7649677679437, Time : 23.535 s
Timestep : 324082, score : -1986.0328235400666, Time : 23.56 s
Timestep : 332841, score : -1932.521342006774, Time : 22.914 s
Timestep : 341600, score : -1764.261810610682, Time : 22.866 s
Timestep : 350359, score : -1963.1264284584468, Time : 22.858 s
Timestep : 359118, score : -1796.9391369008954, Time : 23.524 s
Timestep : 367877, score : -1609.0495041616086, Time : 23.413 s
Timestep : 376636, score : -1794.4309179808188, Time : 22.829 s
Timestep : 385395, score : -2318.593923030334, Time : 23.42 s
Timestep : 394154, score : -1682.138106059545, Time : 22.99 s
Timestep : 402913, score : -1763.3257303127612, Time : 22.654 s
Timestep : 411672, score : -2270.8214882316242, Time : 22.55 s
Timestep : 420431, score : -2024.8263465299933, Time : 22.59 s
Timestep : 429190, score : -1711.8987293043174, Time : 23.108 s
Timestep : 437949, score : -1876.7586702896806, Time : 23.21 s
Timestep : 446708, score : -1621.600986300764, Time : 23.203 s
Timestep : 455467, score : -1740.3966646795452, Time : 23.007 s
Timestep : 464226, score : -1544.2769293819147, Time : 23.091 s
Timestep : 472985, score : -1846.5874125317496, Time : 22.99 s
Timestep : 481744, score : -1708.5531930998259, Time : 22.915 s
Timestep : 490503, score : -1764.767388383203, Time : 22.756 s
Timestep : 499262, score : -1773.099560770701, Time : 22.761 s
Timestep : 508021, score : -1671.7503065358906, Time : 22.592 s
Timestep : 516780, score : -1547.9618528432038, Time : 22.753 s
Timestep : 525539, score : -1568.7845672919357, Time : 22.957 s
Timestep : 534298, score : -1527.9026467133372, Time : 22.737 s
Timestep : 543057, score : -1683.9629003679438, Time : 22.968 s
Timestep : 551816, score : -1667.3811672946613, Time : 23.118 s
Timestep : 560575, score : -1592.1905828748131, Time : 23.212 s
Timestep : 569334, score : -1508.9462753518892, Time : 23.209 s
Timestep : 578093, score : -1609.3940805762832, Time : 22.982 s
Timestep : 586852, score : -1672.1245214974333, Time : 22.591 s
Timestep : 595611, score : -1665.4763216419087, Time : 22.572 s
Timestep : 604370, score : -1528.9684055412945, Time : 22.791 s
Timestep : 613129, score : -1453.6693812201265, Time : 23.231 s
Timestep : 621888, score : -1569.1950635783433, Time : 23.14 s
Timestep : 630647, score : -1582.427800915466, Time : 23.569 s
Timestep : 639406, score : -1437.3553908862232, Time : 23.554 s
Timestep : 648165, score : -1321.1603146333073, Time : 23.602 s
Timestep : 656924, score : -1312.9697223582189, Time : 22.799 s
Timestep : 665683, score : -1217.1690697500308, Time : 22.708 s
Timestep : 674442, score : -1359.6139957238047, Time : 22.667 s
Timestep : 683201, score : -1303.9564059961413, Time : 22.58 s
Timestep : 691960, score : -1229.6554184125125, Time : 22.628 s
Timestep : 700719, score : -1433.237524038792, Time : 22.623 s
Timestep : 709478, score : -1454.4158002400363, Time : 22.679 s
Timestep : 718237, score : -1435.411828047646, Time : 22.882 s
Timestep : 726996, score : -1414.4095860330563, Time : 23.175 s
Timestep : 735755, score : -1390.458245944028, Time : 23.174 s
Timestep : 744514, score : -1353.4775895754283, Time : 23.092 s
Timestep : 753273, score : -1293.7825543124054, Time : 22.94 s
Timestep : 762032, score : -1572.8513045533036, Time : 23.003 s
Timestep : 770791, score : -1392.8987634083314, Time : 23.283 s
Timestep : 779550, score : -1814.0416629023675, Time : 23.547 s
Timestep : 788309, score : -1545.0483833179605, Time : 23.104 s
Timestep : 797068, score : -1394.7507495829777, Time : 22.921 s
Timestep : 805827, score : -1467.5135538364702, Time : 22.903 s
Timestep : 814586, score : -1422.8668113475724, Time : 22.877 s
Timestep : 823345, score : -1449.7589496708533, Time : 23.098 s
Timestep : 832104, score : -1517.910971012927, Time : 23.081 s
Timestep : 840863, score : -1595.8626542963248, Time : 22.848 s
Timestep : 849622, score : -1577.123794590385, Time : 22.847 s
Timestep : 858381, score : -1582.372747597081, Time : 23.26 s
Timestep : 867140, score : -1768.9641262800724, Time : 23.511 s
Timestep : 875899, score : -1495.2621437984635, Time : 23.383 s
Starting local evaluation
Num Steps: 1000, Num episodes: 0
Num Steps: 2000, Num episodes: 0
Num Steps: 3000, Num episodes: 0
Num Steps: 4000, Num episodes: 0
Num Steps: 5000, Num episodes: 0
Num Steps: 6000, Num episodes: 0
Num Steps: 7000, Num episodes: 0
Num Steps: 8000, Num episodes: 0
Episode complete: 1 | Latest episode metrics: {'price_cost': 0.8387302269057959, 'emmision_cost': 0.9209750337634226}
[-0.08011485] -0.08011485133685012
Average Price Cost: 0.8387302269057959
Average Emmision Cost: 0.9209750337634226
Average of both costs: 0.8798526303346093
Total time taken by agent: 3.9646436313632876s
DONE!
