{'agent': 'DQN', 'action_selection': 'egreedy', 'seed': 1, 'episodes': 100, 'data_path': 'data/citylearn_challenge_2022_phase_1', 'dry_run': False, 'n_discrete': 9, 'update_target': 16, 'lr': 0.003, 'batch_size': 16, 'adam_epsilon': 1e-09, 'epsilon_final': 0.04, 'run_id': 248}
{'Notes': 'This is a tuning run, executed on a single building.',
 'action_selection': 'egreedy',
 'adam_epsilon': 1e-09,
 'env': '<NormalizeObservation<OneHotHour<DiscreteSingle<CityLearnEnv '
        'instance>>>>',
 'final_exploration_rate': 0.02,
 'final_exploration_step': 1000,
 'gamma': 0.99,
 'initial_exploration_rate': 1,
 'learning_rate': 0.003,
 'loss': 'mse',
 'minibatch_size': 16,
 'network': 'MLP(\n'
            '  (layers): Sequential(\n'
            '    (0): Linear(in_features=29, out_features=128, bias=True)\n'
            '    (1): ReLU()\n'
            '    (2): Linear(in_features=128, out_features=128, bias=True)\n'
            '    (3): ReLU()\n'
            '    (4): Linear(in_features=128, out_features=9, bias=True)\n'
            '  )\n'
            ')',
 'replay_buffer_size': 10000,
 'replay_start_size': 16,
 'seed': 1,
 'train_steps': 876000,
 'update_frequency': 1,
 'update_target_frequency': 16,
 'weight_scale': 1.4142135623730951}
Timestep : 8758, score : -7326.943435716821, Time : 21.56 s
Timestep : 17517, score : -9935.947090452672, Time : 21.825 s
Timestep : 26276, score : -7907.334654358172, Time : 21.831 s
Timestep : 35035, score : -10567.804586305894, Time : 21.858 s
Timestep : 43794, score : -8700.675802552782, Time : 21.859 s
Timestep : 52553, score : -8924.982320651776, Time : 21.848 s
Timestep : 61312, score : -9271.794487182255, Time : 21.849 s
Timestep : 70071, score : -8471.65132238195, Time : 21.871 s
Timestep : 78830, score : -9066.703000850815, Time : 21.869 s
Timestep : 87589, score : -9297.132019414188, Time : 21.485 s
Timestep : 96348, score : -9357.600293862663, Time : 21.137 s
Timestep : 105107, score : -9049.405887273257, Time : 21.158 s
Timestep : 113866, score : -8685.81473233088, Time : 21.842 s
Timestep : 122625, score : -9383.830453447255, Time : 21.89 s
Timestep : 131384, score : -9452.291550847818, Time : 21.598 s
Timestep : 140143, score : -8973.881072139513, Time : 21.218 s
Timestep : 148902, score : -9354.474618483946, Time : 21.814 s
Timestep : 157661, score : -8974.091387992608, Time : 21.818 s
Timestep : 166420, score : -9078.66899501947, Time : 21.823 s
Timestep : 175179, score : -9184.662953908395, Time : 21.825 s
Timestep : 183938, score : -9332.443133630819, Time : 21.766 s
Timestep : 192697, score : -9210.457335039508, Time : 21.832 s
Timestep : 201456, score : -9115.263216676147, Time : 21.827 s
Timestep : 210215, score : -9774.005011529574, Time : 21.825 s
Timestep : 218974, score : -9406.937732642982, Time : 21.743 s
Timestep : 227733, score : -9176.910021517266, Time : 21.761 s
Timestep : 236492, score : -9785.408599195798, Time : 21.749 s
Timestep : 245251, score : -8681.627412847214, Time : 21.747 s
Timestep : 254010, score : -8403.358350527851, Time : 21.667 s
Timestep : 262769, score : -8452.256597409287, Time : 21.805 s
Timestep : 271528, score : -6920.486559597572, Time : 21.806 s
Timestep : 280287, score : -5893.418626523722, Time : 21.824 s
Timestep : 289046, score : -5201.196607986902, Time : 21.37 s
Timestep : 297805, score : -4773.662162585562, Time : 21.546 s
Timestep : 306564, score : -4792.007057314695, Time : 21.393 s
Timestep : 315323, score : -4851.870023113006, Time : 21.193 s
Timestep : 324082, score : -4465.656200451733, Time : 21.186 s
Timestep : 332841, score : -4820.433749738906, Time : 21.487 s
Timestep : 341600, score : -5528.625035738063, Time : 21.847 s
Timestep : 350359, score : -4868.7480010684085, Time : 21.86 s
Timestep : 359118, score : -5429.31989783069, Time : 21.465 s
Timestep : 367877, score : -5258.035150387215, Time : 21.82 s
Timestep : 376636, score : -5158.646160728487, Time : 21.696 s
Timestep : 385395, score : -5632.8499357354885, Time : 21.525 s
Timestep : 394154, score : -5181.054922555297, Time : 21.78 s
Timestep : 402913, score : -5160.07863938986, Time : 21.828 s
Timestep : 411672, score : -5116.186361601489, Time : 21.816 s
Timestep : 420431, score : -5250.858592198492, Time : 21.823 s
Timestep : 429190, score : -5379.183247831024, Time : 21.808 s
Timestep : 437949, score : -5631.331577643126, Time : 21.823 s
Timestep : 446708, score : -5012.630195514255, Time : 21.597 s
Timestep : 455467, score : -4938.624387542346, Time : 21.643 s
Timestep : 464226, score : -5061.572614489036, Time : 21.832 s
Timestep : 472985, score : -5905.373787605, Time : 21.372 s
Timestep : 481744, score : -5287.883870532998, Time : 21.326 s
Timestep : 490503, score : -5437.417772044224, Time : 21.789 s
Timestep : 499262, score : -5381.134660860436, Time : 21.779 s
Timestep : 508021, score : -5463.630379326205, Time : 21.865 s
Timestep : 516780, score : -5288.595190033579, Time : 21.839 s
Timestep : 525539, score : -5391.504159437638, Time : 21.856 s
Timestep : 534298, score : -5312.865194696147, Time : 21.855 s
Timestep : 543057, score : -5393.9440736435645, Time : 21.851 s
Timestep : 551816, score : -5179.700676914683, Time : 21.843 s
Timestep : 560575, score : -5482.071095299703, Time : 21.86 s
Timestep : 569334, score : -5177.39002185865, Time : 21.847 s
Timestep : 578093, score : -5280.771618209692, Time : 21.852 s
Timestep : 586852, score : -5283.678039632185, Time : 21.703 s
Timestep : 595611, score : -4966.266792991111, Time : 21.517 s
Timestep : 604370, score : -4979.29436198264, Time : 21.797 s
Timestep : 613129, score : -5282.0055345160945, Time : 21.872 s
Timestep : 621888, score : -5177.8276621814875, Time : 22.429 s
Timestep : 630647, score : -5116.677497157274, Time : 22.347 s
Timestep : 639406, score : -5073.781846790487, Time : 22.214 s
Timestep : 648165, score : -5168.042176008603, Time : 21.981 s
Timestep : 656924, score : -5188.756919898937, Time : 22.097 s
Timestep : 665683, score : -5112.884687174141, Time : 21.439 s
Timestep : 674442, score : -4824.46889464304, Time : 21.416 s
Timestep : 683201, score : -5052.369304706255, Time : 21.468 s
Timestep : 691960, score : -5044.687858261546, Time : 21.639 s
Timestep : 700719, score : -5424.43758616774, Time : 21.833 s
Timestep : 709478, score : -5267.111042902601, Time : 21.636 s
Timestep : 718237, score : -4978.16718941406, Time : 21.938 s
Timestep : 726996, score : -5106.345320729917, Time : 21.982 s
Timestep : 735755, score : -5056.78442724832, Time : 21.805 s
Timestep : 744514, score : -4705.529120183928, Time : 21.431 s
Timestep : 753273, score : -5048.993059690532, Time : 21.722 s
Timestep : 762032, score : -5561.353959207336, Time : 22.077 s
Timestep : 770791, score : -5295.606566999486, Time : 22.087 s
Timestep : 779550, score : -5064.7497669527365, Time : 22.091 s
Timestep : 788309, score : -5103.622999145562, Time : 22.11 s
Timestep : 797068, score : -5099.927477223246, Time : 22.082 s
Timestep : 805827, score : -5122.443362752354, Time : 22.101 s
Timestep : 814586, score : -4868.91335397659, Time : 22.082 s
Timestep : 823345, score : -5163.368516416784, Time : 22.108 s
Timestep : 832104, score : -5458.195954697119, Time : 22.011 s
Timestep : 840863, score : -5395.279293614352, Time : 21.417 s
Timestep : 849622, score : -5376.537299849471, Time : 22.007 s
Timestep : 858381, score : -5179.6172236682905, Time : 22.016 s
Timestep : 867140, score : -5524.728091684548, Time : 22.033 s
Timestep : 875899, score : -5675.963740871666, Time : 22.091 s
Starting local evaluation
Num Steps: 1000, Num episodes: 0
Num Steps: 2000, Num episodes: 0
Num Steps: 3000, Num episodes: 0
Num Steps: 4000, Num episodes: 0
Num Steps: 5000, Num episodes: 0
Num Steps: 6000, Num episodes: 0
Num Steps: 7000, Num episodes: 0
Num Steps: 8000, Num episodes: 0
Episode complete: 1 | Latest episode metrics: {'price_cost': 1.0424327247215868, 'emmision_cost': 1.050199948317088}
[-0.28684941] -0.28684941431310695
Average Price Cost: 1.0424327247215868
Average Emmision Cost: 1.050199948317088
Average of both costs: 1.0463163365193373
Total time taken by agent: 2.560395995154977s
DONE!
