{'agent': 'DQN', 'action_selection': 'egreedy', 'seed': 1, 'episodes': 100, 'data_path': 'data/citylearn_challenge_2022_phase_1', 'dry_run': False, 'n_discrete': 9, 'update_target': 16, 'lr': 0.0007, 'batch_size': 1, 'adam_epsilon': 1e-06, 'epsilon_final': 0.03, 'run_id': 218}
{'Notes': 'This is a tuning run, executed on a single building.',
 'action_selection': 'egreedy',
 'adam_epsilon': 1e-06,
 'env': '<NormalizeObservation<OneHotHour<DiscreteSingle<CityLearnEnv '
        'instance>>>>',
 'final_exploration_rate': 0.02,
 'final_exploration_step': 1000,
 'gamma': 0.99,
 'initial_exploration_rate': 1,
 'learning_rate': 0.0007,
 'loss': 'mse',
 'minibatch_size': 1,
 'network': 'MLP(\n'
            '  (layers): Sequential(\n'
            '    (0): Linear(in_features=29, out_features=128, bias=True)\n'
            '    (1): ReLU()\n'
            '    (2): Linear(in_features=128, out_features=128, bias=True)\n'
            '    (3): ReLU()\n'
            '    (4): Linear(in_features=128, out_features=9, bias=True)\n'
            '  )\n'
            ')',
 'replay_buffer_size': 10000,
 'replay_start_size': 1,
 'seed': 1,
 'train_steps': 876000,
 'update_frequency': 1,
 'update_target_frequency': 16,
 'weight_scale': 1.4142135623730951}
Timestep : 8758, score : -7107.117064567239, Time : 21.576 s
Timestep : 17517, score : -6891.277213237976, Time : 23.985 s
Timestep : 26276, score : -6864.35651430834, Time : 23.981 s
Timestep : 35035, score : -6633.063867733057, Time : 23.926 s
Timestep : 43794, score : -7119.768513785049, Time : 23.796 s
Timestep : 52553, score : -6600.1962843423535, Time : 24.071 s
Timestep : 61312, score : -6256.601965980168, Time : 24.201 s
Timestep : 70071, score : -5662.084759261765, Time : 24.126 s
Timestep : 78830, score : -6304.042593144375, Time : 23.956 s
Timestep : 87589, score : -6391.147381179646, Time : 24.021 s
Timestep : 96348, score : -6113.861675565902, Time : 24.136 s
Timestep : 105107, score : -5626.7585419927345, Time : 22.781 s
Timestep : 113866, score : -6249.774439771572, Time : 24.14 s
Timestep : 122625, score : -5530.203365253357, Time : 24.254 s
Timestep : 131384, score : -5093.692545042257, Time : 24.241 s
Timestep : 140143, score : -5160.810925284197, Time : 24.283 s
Timestep : 148902, score : -4792.555483011092, Time : 24.236 s
Timestep : 157661, score : -4904.057994037314, Time : 24.24 s
Timestep : 166420, score : -5708.6639585872435, Time : 24.142 s
Timestep : 175179, score : -5423.577951522799, Time : 24.083 s
Timestep : 183938, score : -5572.987796230314, Time : 23.644 s
Timestep : 192697, score : -5171.578570790036, Time : 24.027 s
Timestep : 201456, score : -5182.574154689282, Time : 24.092 s
Timestep : 210215, score : -4925.878991458478, Time : 22.629 s
Timestep : 218974, score : -5072.563343684451, Time : 21.429 s
Timestep : 227733, score : -4936.83575500947, Time : 24.374 s
Timestep : 236492, score : -5069.905874176708, Time : 23.587 s
Timestep : 245251, score : -5022.52758027504, Time : 21.91 s
Timestep : 254010, score : -4562.371593807853, Time : 21.649 s
Timestep : 262769, score : -4656.040807031168, Time : 19.436 s
Timestep : 271528, score : -4865.096596150106, Time : 20.314 s
Timestep : 280287, score : -4677.794788277621, Time : 20.073 s
Timestep : 289046, score : -4366.477604607469, Time : 19.158 s
Timestep : 297805, score : -4663.506925022608, Time : 20.178 s
Timestep : 306564, score : -5031.322507543751, Time : 23.767 s
Timestep : 315323, score : -5130.991251713669, Time : 23.925 s
Timestep : 324082, score : -5100.64882425133, Time : 24.045 s
Timestep : 332841, score : -5106.233047608315, Time : 24.057 s
Timestep : 341600, score : -4828.125578156585, Time : 24.118 s
Timestep : 350359, score : -4838.806074501394, Time : 23.896 s
Timestep : 359118, score : -5151.024231846357, Time : 23.843 s
Timestep : 367877, score : -5103.109343026561, Time : 24.127 s
Timestep : 376636, score : -5319.408661656111, Time : 19.774 s
Timestep : 385395, score : -5135.823346248784, Time : 18.974 s
Timestep : 394154, score : -4665.487733134913, Time : 19.075 s
Timestep : 402913, score : -4830.588886011305, Time : 19.985 s
Timestep : 411672, score : -4880.050037211069, Time : 19.762 s
Timestep : 420431, score : -4780.219847233879, Time : 20.311 s
Timestep : 429190, score : -4743.007621549681, Time : 19.697 s
Timestep : 437949, score : -4660.932111593109, Time : 19.576 s
Timestep : 446708, score : -5008.526983651245, Time : 19.95 s
Timestep : 455467, score : -4884.69781490069, Time : 19.89 s
Timestep : 464226, score : -4711.093818044319, Time : 18.991 s
Timestep : 472985, score : -4436.320314493176, Time : 18.952 s
Timestep : 481744, score : -4102.188465591666, Time : 21.867 s
Timestep : 490503, score : -4277.231583372879, Time : 23.905 s
Timestep : 499262, score : -4442.122484042964, Time : 23.96 s
Timestep : 508021, score : -4602.083148126752, Time : 23.861 s
Timestep : 516780, score : -4447.7447877636005, Time : 24.022 s
Timestep : 525539, score : -4799.151470424869, Time : 24.163 s
Timestep : 534298, score : -4841.860873029247, Time : 23.976 s
Timestep : 543057, score : -4678.990343779122, Time : 22.662 s
Timestep : 551816, score : -4581.730800155041, Time : 23.94 s
Timestep : 560575, score : -4912.930395969568, Time : 24.032 s
Timestep : 569334, score : -4933.282278092185, Time : 24.108 s
Timestep : 578093, score : -4451.8779269912775, Time : 24.049 s
Timestep : 586852, score : -4835.447839362809, Time : 23.988 s
Timestep : 595611, score : -4969.416062439239, Time : 24.578 s
Timestep : 604370, score : -4600.823441860761, Time : 25.239 s
Timestep : 613129, score : -5004.432103112995, Time : 23.563 s
Timestep : 621888, score : -5153.964998220748, Time : 23.784 s
Timestep : 630647, score : -4814.470936071317, Time : 23.815 s
Timestep : 639406, score : -4894.327120329632, Time : 23.768 s
Timestep : 648165, score : -4794.855642000824, Time : 19.862 s
Timestep : 656924, score : -4648.577930432657, Time : 23.492 s
Timestep : 665683, score : -4127.793420899921, Time : 23.833 s
Timestep : 674442, score : -4404.787211803283, Time : 23.731 s
Timestep : 683201, score : -4380.394137437834, Time : 23.746 s
Timestep : 691960, score : -4475.1618077264575, Time : 23.937 s
Timestep : 700719, score : -4108.362443854479, Time : 23.847 s
Timestep : 709478, score : -4580.838970943034, Time : 23.928 s
Timestep : 718237, score : -4317.860299930588, Time : 23.813 s
Timestep : 726996, score : -4338.828127989502, Time : 23.624 s
Timestep : 735755, score : -4686.842373659747, Time : 23.74 s
Timestep : 744514, score : -4326.0542586458905, Time : 23.905 s
Timestep : 753273, score : -3974.8200546258595, Time : 23.852 s
Timestep : 762032, score : -4773.11870815212, Time : 24.059 s
Timestep : 770791, score : -4484.251066263911, Time : 24.394 s
Timestep : 779550, score : -4590.600616415337, Time : 23.757 s
Timestep : 788309, score : -4535.5061647238035, Time : 23.9 s
Timestep : 797068, score : -4166.172460454778, Time : 23.785 s
Timestep : 805827, score : -4080.6373665723077, Time : 23.852 s
Timestep : 814586, score : -4779.05941483465, Time : 21.235 s
Timestep : 823345, score : -4070.7961099985114, Time : 18.767 s
Timestep : 832104, score : -3932.496118065581, Time : 18.875 s
Timestep : 840863, score : -4369.722157218057, Time : 18.759 s
Timestep : 849622, score : -4424.9956391152955, Time : 19.0 s
Timestep : 858381, score : -4367.861303419719, Time : 18.895 s
Timestep : 867140, score : -4198.055982617108, Time : 18.947 s
Timestep : 875899, score : -4283.507611548732, Time : 18.932 s
Starting local evaluation
Num Steps: 1000, Num episodes: 0
Num Steps: 2000, Num episodes: 0
Num Steps: 3000, Num episodes: 0
Num Steps: 4000, Num episodes: 0
Num Steps: 5000, Num episodes: 0
Num Steps: 6000, Num episodes: 0
Num Steps: 7000, Num episodes: 0
Num Steps: 8000, Num episodes: 0
Episode complete: 1 | Latest episode metrics: {'price_cost': 1.01255894908976, 'emmision_cost': 1.0250079918601145}
[-0.25285228] -0.2528522814809591
Average Price Cost: 1.01255894908976
Average Emmision Cost: 1.0250079918601145
Average of both costs: 1.0187834704749372
Total time taken by agent: 2.163397615775466s
DONE!
