{'agent': 'UADQN', 'action_selection': 'softmax', 'seed': 2, 'episodes': 50, 'data_path': 'data/citylearn_challenge_2022_phase_1', 'dry_run': False, 'n_discrete': 9, 'update_target': 4, 'lr': 0.0003, 'batch_size': 128, 'adam_epsilon': 1e-07, 'epsilon_final': 0.02, 'run_id': 22}
{'Notes': 'This is a tuning run, executed on a single building.',
 'adam_epsilon': 1e-07,
 'aleatoric_factor': 0,
 'biased_aleatoric': False,
 'env': '<NormalizeObservation<OneHotHour<DiscreteSingle<CityLearnEnv '
        'instance>>>>',
 'epistemic_factor': 1,
 'gamma': 0.99,
 'learning_rate': 0.0003,
 'minibatch_size': 128,
 'n_quantiles': 20,
 'network': 'MLP(\n'
            '  (layers): Sequential(\n'
            '    (0): Linear(in_features=29, out_features=128, bias=True)\n'
            '    (1): ReLU()\n'
            '    (2): Linear(in_features=128, out_features=128, bias=True)\n'
            '    (3): ReLU()\n'
            '    (4): Linear(in_features=128, out_features=180, bias=True)\n'
            '  )\n'
            ')',
 'noise_scale': 1,
 'replay_buffer_size': 10000,
 'replay_start_size': 128,
 'seed': 2,
 'train_steps': 438000,
 'update_frequency': 1,
 'update_target_frequency': 4,
 'weight_scale': 1.4142135623730951}
Timestep : 8758, score : -4171.095138934703, Time : 86.278 s
Timestep : 17517, score : -2362.6952634302725, Time : 87.735 s
Timestep : 26276, score : -1998.0504576884268, Time : 87.858 s
Timestep : 35035, score : -1466.1255140900903, Time : 87.909 s
Timestep : 43794, score : -1216.7309432111506, Time : 89.066 s
Timestep : 52553, score : -1088.88320875536, Time : 89.597 s
Timestep : 61312, score : -1188.80426887449, Time : 89.944 s
Timestep : 70071, score : -1158.7421010772523, Time : 89.981 s
Timestep : 78830, score : -943.0692662028887, Time : 89.925 s
Timestep : 87589, score : -1260.6177652527404, Time : 89.513 s
Timestep : 96348, score : -943.574212201318, Time : 89.862 s
Timestep : 105107, score : -1070.0540909359988, Time : 89.851 s
Timestep : 113866, score : -899.8667784321879, Time : 89.824 s
Timestep : 122625, score : -922.3845265570853, Time : 89.831 s
Timestep : 131384, score : -906.8279600253154, Time : 89.32 s
Timestep : 140143, score : -946.9211676114064, Time : 89.914 s
Timestep : 148902, score : -930.3283125863236, Time : 89.967 s
Timestep : 157661, score : -975.3696018059563, Time : 89.955 s
Timestep : 166420, score : -1054.0082906603639, Time : 89.39 s
Timestep : 175179, score : -1015.5319453722623, Time : 89.935 s
Timestep : 183938, score : -802.3231232504186, Time : 89.021 s
Timestep : 192697, score : -834.6783952913538, Time : 89.592 s
Timestep : 201456, score : -838.3900238776405, Time : 89.63 s
Timestep : 210215, score : -912.2134786111128, Time : 89.626 s
Timestep : 218974, score : -848.471439351124, Time : 89.402 s
Timestep : 227733, score : -884.8482006592967, Time : 89.526 s
Timestep : 236492, score : -805.5335659112607, Time : 89.738 s
Timestep : 245251, score : -825.4343195830297, Time : 89.723 s
Timestep : 254010, score : -878.107261007448, Time : 89.731 s
Timestep : 262769, score : -824.9843372011383, Time : 89.573 s
Timestep : 271528, score : -825.7876856628864, Time : 88.62 s
Timestep : 280287, score : -872.4322678416793, Time : 88.535 s
Timestep : 289046, score : -878.5881481342076, Time : 88.699 s
Timestep : 297805, score : -772.9988531351846, Time : 89.54 s
Timestep : 306564, score : -960.0333793100726, Time : 89.651 s
Timestep : 315323, score : -934.5666672161606, Time : 89.511 s
Timestep : 324082, score : -861.3050955798535, Time : 88.607 s
Timestep : 332841, score : -1011.2902934154554, Time : 89.024 s
Timestep : 341600, score : -935.340317396709, Time : 89.263 s
Timestep : 350359, score : -886.8979945092287, Time : 88.511 s
Timestep : 359118, score : -958.5202634737652, Time : 88.547 s
Timestep : 367877, score : -991.3409479784605, Time : 88.716 s
Timestep : 376636, score : -926.1643115154293, Time : 89.626 s
Timestep : 385395, score : -1035.6713078555476, Time : 89.582 s
Timestep : 394154, score : -990.0832669998344, Time : 89.623 s
Timestep : 402913, score : -953.7844353851688, Time : 89.634 s
Timestep : 411672, score : -881.077782742941, Time : 89.556 s
Timestep : 420431, score : -923.3843664250162, Time : 89.572 s
Timestep : 429190, score : -860.476826802158, Time : 89.606 s
Timestep : 437949, score : -895.210980862641, Time : 89.666 s
Starting local evaluation
Num Steps: 1000, Num episodes: 0
Num Steps: 2000, Num episodes: 0
Num Steps: 3000, Num episodes: 0
Num Steps: 4000, Num episodes: 0
Num Steps: 5000, Num episodes: 0
Num Steps: 6000, Num episodes: 0
Num Steps: 7000, Num episodes: 0
Num Steps: 8000, Num episodes: 0
Episode complete: 1 | Latest episode metrics: {'price_cost': 0.8225709034058027, 'emmision_cost': 0.9036259301491399}
[-0.05953093] -0.05953093165495428
Average Price Cost: 0.8225709034058027
Average Emmision Cost: 0.9036259301491399
Average of both costs: 0.8630984167774713
Total time taken by agent: 12.703401846811175s
DONE!
