{'agent': 'DQN', 'action_selection': 'egreedy', 'seed': 1, 'episodes': 100, 'data_path': 'data/citylearn_challenge_2022_phase_1', 'dry_run': False, 'n_discrete': 9, 'update_target': 8, 'lr': 0.001, 'batch_size': 128, 'adam_epsilon': 1e-08, 'epsilon_final': 0.06, 'run_id': 306}
{'Notes': 'This is a tuning run, executed on a single building.',
 'action_selection': 'egreedy',
 'adam_epsilon': 1e-08,
 'env': '<NormalizeObservation<OneHotHour<DiscreteSingle<CityLearnEnv '
        'instance>>>>',
 'final_exploration_rate': 0.02,
 'final_exploration_step': 1000,
 'gamma': 0.99,
 'initial_exploration_rate': 1,
 'learning_rate': 0.001,
 'loss': 'mse',
 'minibatch_size': 128,
 'network': 'MLP(\n'
            '  (layers): Sequential(\n'
            '    (0): Linear(in_features=29, out_features=128, bias=True)\n'
            '    (1): ReLU()\n'
            '    (2): Linear(in_features=128, out_features=128, bias=True)\n'
            '    (3): ReLU()\n'
            '    (4): Linear(in_features=128, out_features=9, bias=True)\n'
            '  )\n'
            ')',
 'replay_buffer_size': 10000,
 'replay_start_size': 128,
 'seed': 1,
 'train_steps': 876000,
 'update_frequency': 1,
 'update_target_frequency': 8,
 'weight_scale': 1.4142135623730951}
Timestep : 8758, score : -7445.700689764417, Time : 24.728 s
Timestep : 17517, score : -5268.960836938961, Time : 23.706 s
Timestep : 26276, score : -4775.482755096178, Time : 24.328 s
Timestep : 35035, score : -5007.978219682496, Time : 24.084 s
Timestep : 43794, score : -5207.732698717111, Time : 26.982 s
Timestep : 52553, score : -5673.750676216936, Time : 27.386 s
Timestep : 61312, score : -4948.54070585515, Time : 24.663 s
Timestep : 70071, score : -4923.417004730465, Time : 24.659 s
Timestep : 78830, score : -4407.439718062247, Time : 26.958 s
Timestep : 87589, score : -4595.131064259243, Time : 26.119 s
Timestep : 96348, score : -4065.685555127173, Time : 27.912 s
Timestep : 105107, score : -3735.673383563786, Time : 23.802 s
Timestep : 113866, score : -3982.767022170083, Time : 28.93 s
Timestep : 122625, score : -3572.8076780223346, Time : 27.815 s
Timestep : 131384, score : -3078.5600015122036, Time : 26.478 s
Timestep : 140143, score : -3305.9709037076827, Time : 28.733 s
Timestep : 148902, score : -2718.5500691341003, Time : 27.72 s
Timestep : 157661, score : -2887.743072291225, Time : 27.972 s
Timestep : 166420, score : -3203.6968328219664, Time : 27.583 s
Timestep : 175179, score : -2934.114763214049, Time : 25.139 s
Timestep : 183938, score : -3732.6323741630476, Time : 26.017 s
Timestep : 192697, score : -3339.7523150074558, Time : 24.782 s
Timestep : 201456, score : -3176.927806698586, Time : 25.598 s
Timestep : 210215, score : -3120.8487326511677, Time : 24.99 s
Timestep : 218974, score : -3467.0227012979594, Time : 29.164 s
Timestep : 227733, score : -3839.093531040082, Time : 27.692 s
Timestep : 236492, score : -3172.8692006700585, Time : 23.171 s
Timestep : 245251, score : -3303.284763647549, Time : 23.237 s
Timestep : 254010, score : -3181.31510236529, Time : 23.151 s
Timestep : 262769, score : -3110.862529544582, Time : 23.162 s
Timestep : 271528, score : -3048.6865230633703, Time : 23.134 s
Timestep : 280287, score : -3367.856987194653, Time : 23.546 s
Timestep : 289046, score : -3193.5945540361863, Time : 23.189 s
Timestep : 297805, score : -2770.1975147727208, Time : 23.044 s
Timestep : 306564, score : -3221.464333108117, Time : 22.989 s
Timestep : 315323, score : -2973.3859077778616, Time : 22.864 s
Timestep : 324082, score : -2751.005098064925, Time : 23.542 s
Timestep : 332841, score : -2875.7232650660007, Time : 23.152 s
Timestep : 341600, score : -2822.6319329307007, Time : 24.326 s
Timestep : 350359, score : -2552.149557365279, Time : 23.486 s
Timestep : 359118, score : -2599.2807976014738, Time : 23.004 s
Timestep : 367877, score : -2812.343451052817, Time : 23.138 s
Timestep : 376636, score : -2641.6960471201746, Time : 23.077 s
Timestep : 385395, score : -2953.540586778341, Time : 23.006 s
Timestep : 394154, score : -3014.9950228671805, Time : 23.068 s
Timestep : 402913, score : -3068.8398188940046, Time : 22.941 s
Timestep : 411672, score : -2721.135189845372, Time : 23.048 s
Timestep : 420431, score : -2835.180501145107, Time : 22.896 s
Timestep : 429190, score : -2998.132812665892, Time : 22.781 s
Timestep : 437949, score : -2622.8226142197673, Time : 23.183 s
Timestep : 446708, score : -2732.5410876092064, Time : 26.725 s
Timestep : 455467, score : -2760.5996956673334, Time : 27.714 s
Timestep : 464226, score : -3029.889594515582, Time : 27.697 s
Timestep : 472985, score : -2826.456583652558, Time : 27.6 s
Timestep : 481744, score : -2786.1924491220416, Time : 26.355 s
Timestep : 490503, score : -3393.113836577424, Time : 22.958 s
Timestep : 499262, score : -3075.253778034734, Time : 27.35 s
Timestep : 508021, score : -2992.3087042253755, Time : 27.262 s
Timestep : 516780, score : -3092.989773592868, Time : 24.325 s
Timestep : 525539, score : -3039.504840241658, Time : 25.77 s
Timestep : 534298, score : -3078.080219563475, Time : 28.52 s
Timestep : 543057, score : -2892.7022000671423, Time : 28.158 s
Timestep : 551816, score : -2958.4210550146236, Time : 27.017 s
Timestep : 560575, score : -2867.1284543146903, Time : 23.244 s
Timestep : 569334, score : -2716.2878801456536, Time : 25.649 s
Timestep : 578093, score : -2734.612942336622, Time : 25.773 s
Timestep : 586852, score : -2823.9319984139147, Time : 23.26 s
Timestep : 595611, score : -3046.5915828929574, Time : 23.139 s
Timestep : 604370, score : -2758.331421600451, Time : 22.892 s
Timestep : 613129, score : -2807.3963759651233, Time : 23.525 s
Timestep : 621888, score : -2715.3066349955334, Time : 28.365 s
Timestep : 630647, score : -2848.611483801651, Time : 28.851 s
Timestep : 639406, score : -2939.4122474880714, Time : 28.368 s
Timestep : 648165, score : -2632.427038472815, Time : 27.964 s
Timestep : 656924, score : -2601.255232185271, Time : 24.921 s
Timestep : 665683, score : -2854.181381431961, Time : 24.653 s
Timestep : 674442, score : -2795.252975876938, Time : 28.066 s
Timestep : 683201, score : -2729.9945813339145, Time : 28.592 s
Timestep : 691960, score : -3056.2653559206083, Time : 28.212 s
Timestep : 700719, score : -2796.934261260234, Time : 23.463 s
Timestep : 709478, score : -2872.528569159942, Time : 23.314 s
Timestep : 718237, score : -2994.286027002163, Time : 25.803 s
Timestep : 726996, score : -2797.629242550378, Time : 28.835 s
Timestep : 735755, score : -3057.866247039361, Time : 23.527 s
Timestep : 744514, score : -3018.431802011706, Time : 23.909 s
Timestep : 753273, score : -2918.631220748837, Time : 23.134 s
Timestep : 762032, score : -2646.083481405425, Time : 23.183 s
Timestep : 770791, score : -2965.8198691968864, Time : 23.256 s
Timestep : 779550, score : -2895.7911024285277, Time : 23.731 s
Timestep : 788309, score : -2570.611810967166, Time : 23.421 s
Timestep : 797068, score : -2407.9427418185223, Time : 27.156 s
Timestep : 805827, score : -2885.1904571967025, Time : 25.749 s
Timestep : 814586, score : -3118.885177731252, Time : 22.471 s
Timestep : 823345, score : -3245.286724523132, Time : 22.278 s
Timestep : 832104, score : -2853.1621569407434, Time : 24.381 s
Timestep : 840863, score : -3068.956661973978, Time : 25.446 s
Timestep : 849622, score : -3413.6054739912797, Time : 27.92 s
Timestep : 858381, score : -3085.176045045562, Time : 27.526 s
Timestep : 867140, score : -3145.9569415715814, Time : 24.589 s
Timestep : 875899, score : -2637.625947275621, Time : 27.818 s
Starting local evaluation
Num Steps: 1000, Num episodes: 0
Num Steps: 2000, Num episodes: 0
Num Steps: 3000, Num episodes: 0
Num Steps: 4000, Num episodes: 0
Num Steps: 5000, Num episodes: 0
Num Steps: 6000, Num episodes: 0
Num Steps: 7000, Num episodes: 0
Num Steps: 8000, Num episodes: 0
Episode complete: 1 | Latest episode metrics: {'price_cost': 0.8975851430275167, 'emmision_cost': 1.002024329549968}
[-0.16561351] -0.1656135131815761
Average Price Cost: 0.8975851430275167
Average Emmision Cost: 1.002024329549968
Average of both costs: 0.9498047362887423
Total time taken by agent: 2.7104077376425266s
DONE!
