{'agent': 'DQN', 'action_selection': 'softmax', 'seed': 1, 'episodes': 100, 'data_path': 'data/citylearn_challenge_2022_phase_1', 'dry_run': False, 'n_discrete': 9, 'update_target': 8, 'lr': 0.07, 'batch_size': 256, 'adam_epsilon': 1e-05, 'epsilon_final': 0.02, 'run_id': 41}
{'Notes': 'This is a tuning run, executed on a single building.',
 'action_selection': 'softmax',
 'adam_epsilon': 1e-05,
 'env': '<NormalizeObservation<OneHotHour<DiscreteSingle<CityLearnEnv '
        'instance>>>>',
 'final_exploration_rate': 0.02,
 'final_exploration_step': 1000,
 'gamma': 0.99,
 'initial_exploration_rate': 1,
 'learning_rate': 0.07,
 'loss': 'mse',
 'minibatch_size': 256,
 'network': 'MLP(\n'
            '  (layers): Sequential(\n'
            '    (0): Linear(in_features=29, out_features=128, bias=True)\n'
            '    (1): ReLU()\n'
            '    (2): Linear(in_features=128, out_features=128, bias=True)\n'
            '    (3): ReLU()\n'
            '    (4): Linear(in_features=128, out_features=9, bias=True)\n'
            '  )\n'
            ')',
 'replay_buffer_size': 10000,
 'replay_start_size': 256,
 'seed': 1,
 'train_steps': 876000,
 'update_frequency': 1,
 'update_target_frequency': 8,
 'weight_scale': 1.4142135623730951}
Timestep : 8758, score : -6095.498822196765, Time : 27.16 s
Timestep : 17517, score : -6185.419994772019, Time : 28.053 s
Timestep : 26276, score : -13036.754983867999, Time : 27.962 s
Timestep : 35035, score : -13091.770608751642, Time : 28.148 s
Timestep : 43794, score : -15615.181068830541, Time : 29.113 s
Timestep : 52553, score : -13071.926710246087, Time : 28.808 s
Timestep : 61312, score : -16335.850004368418, Time : 27.891 s
Timestep : 70071, score : -16012.749624149947, Time : 27.846 s
Timestep : 78830, score : -14273.268149715688, Time : 27.834 s
Timestep : 87589, score : -16205.855969157823, Time : 28.699 s
Timestep : 96348, score : -16245.606133026478, Time : 28.97 s
Timestep : 105107, score : -14689.172094063906, Time : 28.118 s
Timestep : 113866, score : -15001.041067179249, Time : 27.922 s
Timestep : 122625, score : -16365.327796642508, Time : 28.114 s
Timestep : 131384, score : -16591.82957478649, Time : 28.319 s
Timestep : 140143, score : -14557.33609949048, Time : 28.935 s
Timestep : 148902, score : -15399.853453160918, Time : 28.182 s
Timestep : 157661, score : -15184.973540026767, Time : 27.798 s
Timestep : 166420, score : -16317.948678776345, Time : 27.86 s
Timestep : 175179, score : -15385.767121698897, Time : 28.11 s
Timestep : 183938, score : -15082.880183506713, Time : 29.07 s
Timestep : 192697, score : -15684.11201569275, Time : 28.586 s
Timestep : 201456, score : -14845.77210889569, Time : 27.937 s
Timestep : 210215, score : -16161.427253200556, Time : 27.824 s
Timestep : 218974, score : -17029.78626014688, Time : 27.98 s
Timestep : 227733, score : -16383.672287683075, Time : 28.623 s
Timestep : 236492, score : -15329.890609420137, Time : 28.719 s
Timestep : 245251, score : -16486.117174113824, Time : 27.887 s
Timestep : 254010, score : -17058.31988316332, Time : 28.058 s
Timestep : 262769, score : -15301.587333140458, Time : 28.363 s
Timestep : 271528, score : -15351.212830618213, Time : 28.535 s
Timestep : 280287, score : -15444.501937658017, Time : 29.163 s
Timestep : 289046, score : -16541.032965553415, Time : 28.727 s
Timestep : 297805, score : -14835.417535832501, Time : 28.35 s
Timestep : 306564, score : -17291.555273106933, Time : 27.744 s
Timestep : 315323, score : -16256.6644179, Time : 28.18 s
Timestep : 324082, score : -17338.93434034495, Time : 28.705 s
Timestep : 332841, score : -16425.216533746876, Time : 28.458 s
Timestep : 341600, score : -16998.562485135, Time : 27.942 s
Timestep : 350359, score : -16553.83777940327, Time : 28.063 s
Timestep : 359118, score : -16487.483444623605, Time : 27.915 s
Timestep : 367877, score : -14692.629681275066, Time : 28.758 s
Timestep : 376636, score : -17375.888866990295, Time : 28.716 s
Timestep : 385395, score : -15031.852030040594, Time : 28.148 s
Timestep : 394154, score : -14884.042578543602, Time : 28.027 s
Timestep : 402913, score : -15709.735422628306, Time : 27.898 s
Timestep : 411672, score : -15455.264472412877, Time : 28.924 s
Timestep : 420431, score : -15921.887080100481, Time : 29.471 s
Timestep : 429190, score : -16464.571641948147, Time : 28.786 s
Timestep : 437949, score : -16740.81825223747, Time : 27.846 s
Timestep : 446708, score : -14781.585890156683, Time : 27.896 s
Timestep : 455467, score : -15638.630505686338, Time : 28.349 s
Timestep : 464226, score : -15796.766957904008, Time : 28.873 s
Timestep : 472985, score : -16072.883875628468, Time : 28.615 s
Timestep : 481744, score : -15742.739713480609, Time : 27.92 s
Timestep : 490503, score : -15711.989831079918, Time : 28.242 s
Timestep : 499262, score : -16769.30963053988, Time : 28.604 s
Timestep : 508021, score : -15107.974234655805, Time : 29.409 s
Timestep : 516780, score : -16597.375216063694, Time : 29.271 s
Timestep : 525539, score : -16291.091830565245, Time : 28.499 s
Timestep : 534298, score : -16385.264359772067, Time : 28.597 s
Timestep : 543057, score : -14492.675882189593, Time : 28.393 s
Timestep : 551816, score : -16371.24551346335, Time : 29.064 s
Timestep : 560575, score : -16863.228426611884, Time : 29.334 s
Timestep : 569334, score : -16543.656834131703, Time : 28.579 s
Timestep : 578093, score : -16085.83701522807, Time : 28.149 s
Timestep : 586852, score : -15306.719545398773, Time : 27.925 s
Timestep : 595611, score : -16655.299763114337, Time : 28.432 s
Timestep : 604370, score : -15741.169909021584, Time : 28.816 s
Timestep : 613129, score : -15883.183482816152, Time : 28.298 s
Timestep : 621888, score : -16560.17166820541, Time : 27.837 s
Timestep : 630647, score : -16280.74183784912, Time : 28.124 s
Timestep : 639406, score : -15630.117402944481, Time : 28.827 s
Timestep : 648165, score : -16368.719559461417, Time : 29.129 s
Timestep : 656924, score : -16688.77414109581, Time : 28.551 s
Timestep : 665683, score : -16139.2663497576, Time : 28.233 s
Timestep : 674442, score : -15519.890379151853, Time : 28.936 s
Timestep : 683201, score : -15180.169756790478, Time : 28.943 s
Timestep : 691960, score : -15380.331534689874, Time : 30.053 s
Timestep : 700719, score : -14754.301097362259, Time : 30.403 s
Timestep : 709478, score : -13981.613272769682, Time : 29.672 s
Timestep : 718237, score : -8382.506009165154, Time : 29.968 s
Timestep : 726996, score : -6908.128210960567, Time : 29.264 s
Timestep : 735755, score : -4114.763202698348, Time : 31.061 s
Timestep : 744514, score : -4259.70058768327, Time : 30.783 s
Timestep : 753273, score : -4148.973747504322, Time : 27.741 s
Timestep : 762032, score : -4164.238266405562, Time : 27.38 s
Timestep : 770791, score : -4070.1037947380973, Time : 27.615 s
Timestep : 779550, score : -4099.030611863738, Time : 28.177 s
Timestep : 788309, score : -4090.1347967159527, Time : 28.407 s
Timestep : 797068, score : -4041.876963296352, Time : 27.707 s
Timestep : 805827, score : -4070.017551002471, Time : 27.209 s
Timestep : 814586, score : -4169.798083176283, Time : 27.504 s
Timestep : 823345, score : -4097.693741652562, Time : 27.816 s
Timestep : 832104, score : -4136.342732529534, Time : 27.874 s
Timestep : 840863, score : -4078.451867862983, Time : 27.752 s
Timestep : 849622, score : -4107.919696786819, Time : 27.412 s
Timestep : 858381, score : -4069.1099139800353, Time : 27.232 s
Timestep : 867140, score : -4068.6500021828397, Time : 27.28 s
Timestep : 875899, score : -4058.190002651332, Time : 27.806 s
Starting local evaluation
Num Steps: 1000, Num episodes: 0
Num Steps: 2000, Num episodes: 0
Num Steps: 3000, Num episodes: 0
Num Steps: 4000, Num episodes: 0
Num Steps: 5000, Num episodes: 0
Num Steps: 6000, Num episodes: 0
Num Steps: 7000, Num episodes: 0
Num Steps: 8000, Num episodes: 0
Episode complete: 1 | Latest episode metrics: {'price_cost': 1.0004858435207515, 'emmision_cost': 1.0015198757038237}
[-0.23126855] -0.23126854942079986
Average Price Cost: 1.0004858435207515
Average Emmision Cost: 1.0015198757038237
Average of both costs: 1.0010028596122877
Total time taken by agent: 3.305310276336968s
DONE!
