{'agent': 'DQN', 'action_selection': 'softmax', 'seed': 1, 'episodes': 100, 'data_path': 'data/citylearn_challenge_2022_phase_1', 'dry_run': False, 'n_discrete': 9, 'update_target': 8, 'lr': 0.0001, 'batch_size': 1, 'adam_epsilon': 0.0001, 'epsilon_final': 0.02, 'run_id': 196}
{'Notes': 'This is a tuning run, executed on a single building.',
 'action_selection': 'softmax',
 'adam_epsilon': 0.0001,
 'env': '<NormalizeObservation<OneHotHour<DiscreteSingle<CityLearnEnv '
        'instance>>>>',
 'final_exploration_rate': 0.02,
 'final_exploration_step': 1000,
 'gamma': 0.99,
 'initial_exploration_rate': 1,
 'learning_rate': 0.0001,
 'loss': 'mse',
 'minibatch_size': 1,
 'network': 'MLP(\n'
            '  (layers): Sequential(\n'
            '    (0): Linear(in_features=29, out_features=128, bias=True)\n'
            '    (1): ReLU()\n'
            '    (2): Linear(in_features=128, out_features=128, bias=True)\n'
            '    (3): ReLU()\n'
            '    (4): Linear(in_features=128, out_features=9, bias=True)\n'
            '  )\n'
            ')',
 'replay_buffer_size': 10000,
 'replay_start_size': 1,
 'seed': 1,
 'train_steps': 876000,
 'update_frequency': 1,
 'update_target_frequency': 8,
 'weight_scale': 1.4142135623730951}
Timestep : 8758, score : -5679.078215635687, Time : 22.027 s
Timestep : 17517, score : -4079.39567688611, Time : 21.889 s
Timestep : 26276, score : -4317.851797675161, Time : 21.925 s
Timestep : 35035, score : -4508.603029956488, Time : 21.923 s
Timestep : 43794, score : -4349.967435357539, Time : 21.903 s
Timestep : 52553, score : -4094.5738427167817, Time : 22.192 s
Timestep : 61312, score : -4126.707324047951, Time : 22.256 s
Timestep : 70071, score : -4181.4070427989645, Time : 22.233 s
Timestep : 78830, score : -4165.856989057182, Time : 22.244 s
Timestep : 87589, score : -4165.748813675164, Time : 22.349 s
Timestep : 96348, score : -4145.099070039956, Time : 22.669 s
Timestep : 105107, score : -4292.143246578897, Time : 22.446 s
Timestep : 113866, score : -4216.908977178973, Time : 22.301 s
Timestep : 122625, score : -4078.035049190192, Time : 22.299 s
Timestep : 131384, score : -4043.8079220404907, Time : 21.961 s
Timestep : 140143, score : -4066.6606409615633, Time : 21.648 s
Timestep : 148902, score : -4151.592601084529, Time : 21.649 s
Timestep : 157661, score : -4062.803727572231, Time : 21.7 s
Timestep : 166420, score : -4071.47874558263, Time : 21.694 s
Timestep : 175179, score : -4086.751376472792, Time : 21.991 s
Timestep : 183938, score : -4157.614675458593, Time : 22.186 s
Timestep : 192697, score : -4139.4930461173935, Time : 22.685 s
Timestep : 201456, score : -4100.090140548913, Time : 22.667 s
Timestep : 210215, score : -4091.6384172117396, Time : 22.7 s
Timestep : 218974, score : -4325.020592903325, Time : 22.07 s
Timestep : 227733, score : -4379.337842070876, Time : 22.02 s
Timestep : 236492, score : -4226.921841861127, Time : 21.91 s
Timestep : 245251, score : -4236.839210864535, Time : 21.674 s
Timestep : 254010, score : -4505.236425196359, Time : 21.798 s
Timestep : 262769, score : -4587.909810587371, Time : 22.277 s
Timestep : 271528, score : -4409.0541943008575, Time : 22.316 s
Timestep : 280287, score : -4373.300114278172, Time : 22.036 s
Timestep : 289046, score : -4361.179303479876, Time : 22.29 s
Timestep : 297805, score : -4281.375355069074, Time : 22.163 s
Timestep : 306564, score : -4372.459253331093, Time : 22.348 s
Timestep : 315323, score : -4532.475047231259, Time : 22.296 s
Timestep : 324082, score : -4445.067595819317, Time : 22.118 s
Timestep : 332841, score : -4233.710536040744, Time : 21.927 s
Timestep : 341600, score : -4242.215162921144, Time : 21.673 s
Timestep : 350359, score : -4174.197820500849, Time : 21.734 s
Timestep : 359118, score : -4268.478821585333, Time : 22.039 s
Timestep : 367877, score : -4259.311883261806, Time : 22.316 s
Timestep : 376636, score : -4387.839118777454, Time : 22.315 s
Timestep : 385395, score : -4197.853500907688, Time : 22.295 s
Timestep : 394154, score : -4501.217226771201, Time : 22.377 s
Timestep : 402913, score : -4124.288968307228, Time : 22.481 s
Timestep : 411672, score : -3679.6247407996852, Time : 22.479 s
Timestep : 420431, score : -3891.8605693425343, Time : 21.928 s
Timestep : 429190, score : -4277.5745710766205, Time : 21.793 s
Timestep : 437949, score : -4272.9514927253185, Time : 22.283 s
Timestep : 446708, score : -4183.56349094685, Time : 22.313 s
Timestep : 455467, score : -3750.936430596892, Time : 22.181 s
Timestep : 464226, score : -3750.0950405554904, Time : 22.217 s
Timestep : 472985, score : -3991.5329370280087, Time : 22.298 s
Timestep : 481744, score : -4156.344026105042, Time : 22.051 s
Timestep : 490503, score : -4316.003438955086, Time : 22.083 s
Timestep : 499262, score : -4442.543439975503, Time : 22.111 s
Timestep : 508021, score : -4399.716085390683, Time : 22.068 s
Timestep : 516780, score : -4085.43120763966, Time : 22.051 s
Timestep : 525539, score : -4099.137045136566, Time : 22.133 s
Timestep : 534298, score : -3984.2051637199766, Time : 22.302 s
Timestep : 543057, score : -3866.8241044457827, Time : 22.332 s
Timestep : 551816, score : -4061.308583642385, Time : 22.024 s
Timestep : 560575, score : -3910.7059352189826, Time : 22.349 s
Timestep : 569334, score : -3929.9749726127193, Time : 22.132 s
Timestep : 578093, score : -3920.937505182257, Time : 21.699 s
Timestep : 586852, score : -3951.7412876752787, Time : 21.711 s
Timestep : 595611, score : -3985.3598577090597, Time : 21.872 s
Timestep : 604370, score : -4012.1305194320885, Time : 22.148 s
Timestep : 613129, score : -4077.335022326006, Time : 22.278 s
Timestep : 621888, score : -3978.688542061049, Time : 22.305 s
Timestep : 630647, score : -3671.094776448823, Time : 22.336 s
Timestep : 639406, score : -3323.8512705134053, Time : 22.338 s
Timestep : 648165, score : -3756.1151863031846, Time : 22.343 s
Timestep : 656924, score : -3402.146955160686, Time : 22.425 s
Timestep : 665683, score : -3044.4696074045787, Time : 22.34 s
Timestep : 674442, score : -3532.909175159206, Time : 22.235 s
Timestep : 683201, score : -3467.589579220774, Time : 22.279 s
Timestep : 691960, score : -2490.3391860196425, Time : 22.348 s
Timestep : 700719, score : -2914.422323765626, Time : 22.324 s
Timestep : 709478, score : -3029.3972108753223, Time : 22.326 s
Timestep : 718237, score : -2574.420782242465, Time : 22.372 s
Timestep : 726996, score : -2879.779946273571, Time : 22.276 s
Timestep : 735755, score : -3399.206238114304, Time : 22.338 s
Timestep : 744514, score : -2616.028999429109, Time : 22.407 s
Timestep : 753273, score : -2735.6509011707094, Time : 22.398 s
Timestep : 762032, score : -3047.942253916204, Time : 22.326 s
Timestep : 770791, score : -3020.2107239513425, Time : 22.337 s
Timestep : 779550, score : -3535.9333378373703, Time : 22.308 s
Timestep : 788309, score : -3546.351136112382, Time : 22.245 s
Timestep : 797068, score : -3906.6475831143616, Time : 22.216 s
Timestep : 805827, score : -2881.2066854106088, Time : 22.342 s
Timestep : 814586, score : -2687.810942244396, Time : 22.372 s
Timestep : 823345, score : -2491.6481673912203, Time : 22.013 s
Timestep : 832104, score : -2607.6699803303054, Time : 22.431 s
Timestep : 840863, score : -2381.3073477809376, Time : 22.414 s
Timestep : 849622, score : -3546.392344605323, Time : 22.382 s
Timestep : 858381, score : -3002.17056586346, Time : 22.405 s
Timestep : 867140, score : -3230.025349062431, Time : 22.327 s
Timestep : 875899, score : -2939.000682106969, Time : 22.39 s
Starting local evaluation
Num Steps: 1000, Num episodes: 0
Num Steps: 2000, Num episodes: 0
Num Steps: 3000, Num episodes: 0
Num Steps: 4000, Num episodes: 0
Num Steps: 5000, Num episodes: 0
Num Steps: 6000, Num episodes: 0
Num Steps: 7000, Num episodes: 0
Num Steps: 8000, Num episodes: 0
Episode complete: 1 | Latest episode metrics: {'price_cost': 0.9449005406460113, 'emmision_cost': 0.9835264699675984}
[-0.18503544] -0.1850354387208637
Average Price Cost: 0.9449005406460113
Average Emmision Cost: 0.9835264699675984
Average of both costs: 0.9642135053068048
Total time taken by agent: 3.806737982609775s
DONE!
