{'agent': 'DQN', 'action_selection': 'egreedy', 'seed': 1, 'episodes': 100, 'data_path': 'data/citylearn_challenge_2022_phase_1', 'dry_run': False, 'n_discrete': 9, 'update_target': 4, 'lr': 0.03, 'batch_size': 64, 'adam_epsilon': 1e-05, 'epsilon_final': 0.04, 'run_id': 235}
{'Notes': 'This is a tuning run, executed on a single building.',
 'action_selection': 'egreedy',
 'adam_epsilon': 1e-05,
 'env': '<NormalizeObservation<OneHotHour<DiscreteSingle<CityLearnEnv '
        'instance>>>>',
 'final_exploration_rate': 0.02,
 'final_exploration_step': 1000,
 'gamma': 0.99,
 'initial_exploration_rate': 1,
 'learning_rate': 0.03,
 'loss': 'mse',
 'minibatch_size': 64,
 'network': 'MLP(\n'
            '  (layers): Sequential(\n'
            '    (0): Linear(in_features=29, out_features=128, bias=True)\n'
            '    (1): ReLU()\n'
            '    (2): Linear(in_features=128, out_features=128, bias=True)\n'
            '    (3): ReLU()\n'
            '    (4): Linear(in_features=128, out_features=9, bias=True)\n'
            '  )\n'
            ')',
 'replay_buffer_size': 10000,
 'replay_start_size': 64,
 'seed': 1,
 'train_steps': 876000,
 'update_frequency': 1,
 'update_target_frequency': 4,
 'weight_scale': 1.4142135623730951}
Timestep : 8758, score : -10278.947148196428, Time : 33.096 s
Timestep : 17517, score : -9160.657057862089, Time : 37.133 s
Timestep : 26276, score : -11483.939525511276, Time : 36.226 s
Timestep : 35035, score : -8076.6415956002165, Time : 37.168 s
Timestep : 43794, score : -6717.400852872248, Time : 37.086 s
Timestep : 52553, score : -9845.808537457488, Time : 37.067 s
Timestep : 61312, score : -9345.918423175419, Time : 37.103 s
Timestep : 70071, score : -9958.141466146248, Time : 37.204 s
Timestep : 78830, score : -9914.322367859073, Time : 36.278 s
Timestep : 87589, score : -11262.025944503454, Time : 35.484 s
Timestep : 96348, score : -9981.574636762056, Time : 37.301 s
Timestep : 105107, score : -8931.019665909887, Time : 37.284 s
Timestep : 113866, score : -10562.42363450909, Time : 37.277 s
Timestep : 122625, score : -10795.848543756547, Time : 37.313 s
Timestep : 131384, score : -10052.204509134128, Time : 37.259 s
Timestep : 140143, score : -10022.523580842259, Time : 37.185 s
Timestep : 148902, score : -11126.815581632523, Time : 35.8 s
Timestep : 157661, score : -11041.337263568028, Time : 35.487 s
Timestep : 166420, score : -11314.762714084965, Time : 35.522 s
Timestep : 175179, score : -11237.889061111258, Time : 35.496 s
Timestep : 183938, score : -10972.128888670777, Time : 35.454 s
Timestep : 192697, score : -11189.198955911052, Time : 35.476 s
Timestep : 201456, score : -11949.608107042572, Time : 33.408 s
Timestep : 210215, score : -11655.515195555432, Time : 31.704 s
Timestep : 218974, score : -11481.425583470962, Time : 31.649 s
Timestep : 227733, score : -11743.248511989368, Time : 31.677 s
Timestep : 236492, score : -12234.906798553377, Time : 31.76 s
Timestep : 245251, score : -12697.089366366388, Time : 31.779 s
Timestep : 254010, score : -12955.928931471426, Time : 33.129 s
Timestep : 262769, score : -12521.157043705258, Time : 36.198 s
Timestep : 271528, score : -13118.635198286109, Time : 35.469 s
Timestep : 280287, score : -13236.089905790082, Time : 32.856 s
Timestep : 289046, score : -12303.550949324737, Time : 31.574 s
Timestep : 297805, score : -12286.515123192134, Time : 31.638 s
Timestep : 306564, score : -12659.676312829542, Time : 31.619 s
Timestep : 315323, score : -13239.988502678141, Time : 31.613 s
Timestep : 324082, score : -12821.335898553443, Time : 31.776 s
Timestep : 332841, score : -12346.25186174878, Time : 32.162 s
Timestep : 341600, score : -12307.743277099595, Time : 35.278 s
Timestep : 350359, score : -13149.790061403724, Time : 34.344 s
Timestep : 359118, score : -12797.13681536667, Time : 35.242 s
Timestep : 367877, score : -13104.24518750557, Time : 35.225 s
Timestep : 376636, score : -12469.51790144162, Time : 35.284 s
Timestep : 385395, score : -13149.659560331958, Time : 35.309 s
Timestep : 394154, score : -12756.217878785756, Time : 35.289 s
Timestep : 402913, score : -12764.471526334251, Time : 35.212 s
Timestep : 411672, score : -13144.951119431717, Time : 35.253 s
Timestep : 420431, score : -13998.645195705583, Time : 35.314 s
Timestep : 429190, score : -12847.64166639396, Time : 35.326 s
Timestep : 437949, score : -13350.997570512656, Time : 35.302 s
Timestep : 446708, score : -13391.30911505055, Time : 35.307 s
Timestep : 455467, score : -12988.58524276952, Time : 34.735 s
Timestep : 464226, score : -13745.403404354001, Time : 31.262 s
Timestep : 472985, score : -13209.433993127896, Time : 33.359 s
Timestep : 481744, score : -13775.677883088312, Time : 34.991 s
Timestep : 490503, score : -14078.021266163083, Time : 33.526 s
Timestep : 499262, score : -13121.417699019192, Time : 31.406 s
Timestep : 508021, score : -13468.505650896026, Time : 31.673 s
Timestep : 516780, score : -13073.984771727497, Time : 31.299 s
Timestep : 525539, score : -13199.713334493252, Time : 31.326 s
Timestep : 534298, score : -14296.947276128063, Time : 31.275 s
Timestep : 543057, score : -13579.979464977005, Time : 31.313 s
Timestep : 551816, score : -13623.8668104159, Time : 31.95 s
Timestep : 560575, score : -13172.73780571943, Time : 31.332 s
Timestep : 569334, score : -13894.914655281536, Time : 34.658 s
Timestep : 578093, score : -13173.827845866006, Time : 32.936 s
Timestep : 586852, score : -13532.641105363902, Time : 31.313 s
Timestep : 595611, score : -13546.05120881775, Time : 31.276 s
Timestep : 604370, score : -13279.871481479451, Time : 31.281 s
Timestep : 613129, score : -13922.818559422158, Time : 31.27 s
Timestep : 621888, score : -12968.282686505001, Time : 31.3 s
Timestep : 630647, score : -13721.404689102521, Time : 31.316 s
Timestep : 639406, score : -14022.316656255512, Time : 31.334 s
Timestep : 648165, score : -14068.804414341692, Time : 31.325 s
Timestep : 656924, score : -14212.192925374213, Time : 31.241 s
Timestep : 665683, score : -13340.304299027994, Time : 31.13 s
Timestep : 674442, score : -14518.907481054848, Time : 31.088 s
Timestep : 683201, score : -12989.739477663956, Time : 31.11 s
Timestep : 691960, score : -13599.11031962611, Time : 31.281 s
Timestep : 700719, score : -14885.015563995767, Time : 31.224 s
Timestep : 709478, score : -13444.939917457668, Time : 31.293 s
Timestep : 718237, score : -12859.372548637708, Time : 32.875 s
Timestep : 726996, score : -13295.008134648553, Time : 34.767 s
Timestep : 735755, score : -14171.223321970625, Time : 34.75 s
Timestep : 744514, score : -13895.097423036, Time : 34.685 s
Timestep : 753273, score : -13538.869541997148, Time : 34.704 s
Timestep : 762032, score : -13611.783124079884, Time : 34.699 s
Timestep : 770791, score : -14654.144584459482, Time : 35.099 s
Timestep : 779550, score : -14031.320519282031, Time : 35.04 s
Timestep : 788309, score : -13604.197986428393, Time : 34.74 s
Timestep : 797068, score : -13792.381136007025, Time : 34.71 s
Timestep : 805827, score : -14030.763339873665, Time : 34.694 s
Timestep : 814586, score : -14771.632924404184, Time : 32.402 s
Timestep : 823345, score : -13849.998414904374, Time : 31.131 s
Timestep : 832104, score : -13063.218310007127, Time : 28.669 s
Timestep : 840863, score : -13765.83023550101, Time : 26.615 s
Timestep : 849622, score : -14140.711962514324, Time : 27.115 s
Timestep : 858381, score : -14558.686665323927, Time : 27.089 s
Timestep : 867140, score : -14114.63947832887, Time : 27.067 s
Timestep : 875899, score : -14194.216307743452, Time : 27.072 s
Starting local evaluation
Num Steps: 1000, Num episodes: 0
Num Steps: 2000, Num episodes: 0
Num Steps: 3000, Num episodes: 0
Num Steps: 4000, Num episodes: 0
Num Steps: 5000, Num episodes: 0
Num Steps: 6000, Num episodes: 0
Num Steps: 7000, Num episodes: 0
Num Steps: 8000, Num episodes: 0
Episode complete: 1 | Latest episode metrics: {'price_cost': 1.016665363463685, 'emmision_cost': 1.0231582833862622}
[-0.25439386] -0.25439385655314994
Average Price Cost: 1.016665363463685
Average Emmision Cost: 1.0231582833862622
Average of both costs: 1.0199118234249736
Total time taken by agent: 3.751094229563023s
DONE!
