{'agent': 'DQN', 'action_selection': 'softmax', 'seed': 1, 'episodes': 100, 'data_path': 'data/citylearn_challenge_2022_phase_1', 'dry_run': False, 'n_discrete': 9, 'update_target': 32, 'lr': 7e-05, 'batch_size': 8, 'adam_epsilon': 1e-07, 'epsilon_final': 0.02, 'run_id': 132}
{'Notes': 'This is a tuning run, executed on a single building.',
 'action_selection': 'softmax',
 'adam_epsilon': 1e-07,
 'env': '<NormalizeObservation<OneHotHour<DiscreteSingle<CityLearnEnv '
        'instance>>>>',
 'final_exploration_rate': 0.02,
 'final_exploration_step': 1000,
 'gamma': 0.99,
 'initial_exploration_rate': 1,
 'learning_rate': 7e-05,
 'loss': 'mse',
 'minibatch_size': 8,
 'network': 'MLP(\n'
            '  (layers): Sequential(\n'
            '    (0): Linear(in_features=29, out_features=128, bias=True)\n'
            '    (1): ReLU()\n'
            '    (2): Linear(in_features=128, out_features=128, bias=True)\n'
            '    (3): ReLU()\n'
            '    (4): Linear(in_features=128, out_features=9, bias=True)\n'
            '  )\n'
            ')',
 'replay_buffer_size': 10000,
 'replay_start_size': 8,
 'seed': 1,
 'train_steps': 876000,
 'update_frequency': 1,
 'update_target_frequency': 32,
 'weight_scale': 1.4142135623730951}
Timestep : 8758, score : -5141.902792341498, Time : 22.549 s
Timestep : 17517, score : -4730.871455837536, Time : 22.426 s
Timestep : 26276, score : -4416.306895584712, Time : 22.301 s
Timestep : 35035, score : -4158.358389501838, Time : 22.412 s
Timestep : 43794, score : -4225.762760413258, Time : 22.927 s
Timestep : 52553, score : -4227.229225731833, Time : 22.921 s
Timestep : 61312, score : -4044.891330172686, Time : 22.822 s
Timestep : 70071, score : -4052.740617831616, Time : 22.346 s
Timestep : 78830, score : -4101.0788433030975, Time : 22.32 s
Timestep : 87589, score : -4086.30199703158, Time : 22.318 s
Timestep : 96348, score : -4079.3515541982633, Time : 22.468 s
Timestep : 105107, score : -4059.0795761881454, Time : 23.022 s
Timestep : 113866, score : -4070.3142423233076, Time : 22.766 s
Timestep : 122625, score : -4160.966229060112, Time : 22.236 s
Timestep : 131384, score : -4208.618023699644, Time : 22.267 s
Timestep : 140143, score : -4218.152070571741, Time : 22.56 s
Timestep : 148902, score : -4171.167595548934, Time : 23.094 s
Timestep : 157661, score : -4173.615182612513, Time : 23.099 s
Timestep : 166420, score : -4123.424013537384, Time : 22.762 s
Timestep : 175179, score : -4106.317739946215, Time : 22.448 s
Timestep : 183938, score : -4157.526387699792, Time : 22.521 s
Timestep : 192697, score : -4227.219211442469, Time : 22.977 s
Timestep : 201456, score : -4127.678163635923, Time : 23.009 s
Timestep : 210215, score : -4370.379071236734, Time : 23.026 s
Timestep : 218974, score : -4379.901770164288, Time : 22.978 s
Timestep : 227733, score : -4375.533723376022, Time : 22.939 s
Timestep : 236492, score : -4237.230966652656, Time : 22.812 s
Timestep : 245251, score : -4168.568356029602, Time : 23.104 s
Timestep : 254010, score : -4102.73989913371, Time : 23.014 s
Timestep : 262769, score : -4177.28089271819, Time : 22.68 s
Timestep : 271528, score : -4295.27937705729, Time : 22.787 s
Timestep : 280287, score : -4140.442530809349, Time : 22.433 s
Timestep : 289046, score : -4084.9412032229884, Time : 22.826 s
Timestep : 297805, score : -4247.1339232813625, Time : 23.178 s
Timestep : 306564, score : -4555.627978211851, Time : 23.18 s
Timestep : 315323, score : -4413.47636114755, Time : 23.15 s
Timestep : 324082, score : -4402.838230749854, Time : 23.149 s
Timestep : 332841, score : -4316.005372234766, Time : 23.114 s
Timestep : 341600, score : -4202.536720135628, Time : 23.089 s
Timestep : 350359, score : -4129.540829139791, Time : 23.078 s
Timestep : 359118, score : -4123.638786522119, Time : 23.109 s
Timestep : 367877, score : -4167.341141668527, Time : 23.124 s
Timestep : 376636, score : -4280.133224800258, Time : 23.108 s
Timestep : 385395, score : -4319.55673760183, Time : 23.099 s
Timestep : 394154, score : -4606.36353984967, Time : 23.026 s
Timestep : 402913, score : -4335.814651366934, Time : 23.099 s
Timestep : 411672, score : -4475.095733102091, Time : 23.109 s
Timestep : 420431, score : -4340.280414056062, Time : 22.916 s
Timestep : 429190, score : -4133.645224557928, Time : 22.743 s
Timestep : 437949, score : -4029.7425081221445, Time : 22.571 s
Timestep : 446708, score : -3754.609333016051, Time : 22.751 s
Timestep : 455467, score : -3715.1763692399545, Time : 22.905 s
Timestep : 464226, score : -3614.15951395352, Time : 22.697 s
Timestep : 472985, score : -3844.970763612917, Time : 22.998 s
Timestep : 481744, score : -4087.501667593053, Time : 22.972 s
Timestep : 490503, score : -4006.5872306068486, Time : 22.52 s
Timestep : 499262, score : -4087.89664707247, Time : 22.347 s
Timestep : 508021, score : -4106.700578079937, Time : 22.419 s
Timestep : 516780, score : -3859.204686562094, Time : 23.129 s
Timestep : 525539, score : -3899.2708792550548, Time : 23.127 s
Timestep : 534298, score : -3786.076281103684, Time : 23.129 s
Timestep : 543057, score : -4111.049452214575, Time : 22.761 s
Timestep : 551816, score : -3328.4992724698095, Time : 22.478 s
Timestep : 560575, score : -3522.622598562768, Time : 22.664 s
Timestep : 569334, score : -3546.5314192719816, Time : 22.986 s
Timestep : 578093, score : -3759.166402380826, Time : 22.425 s
Timestep : 586852, score : -3365.691965222155, Time : 22.449 s
Timestep : 595611, score : -2806.337708466599, Time : 22.431 s
Timestep : 604370, score : -2598.956002025312, Time : 22.979 s
Timestep : 613129, score : -3271.176733209082, Time : 23.091 s
Timestep : 621888, score : -3402.895001994242, Time : 22.872 s
Timestep : 630647, score : -2847.6824573342747, Time : 22.855 s
Timestep : 639406, score : -2493.098346402243, Time : 22.445 s
Timestep : 648165, score : -2677.70264298495, Time : 23.047 s
Timestep : 656924, score : -2665.4136947404186, Time : 22.885 s
Timestep : 665683, score : -3093.517562715715, Time : 22.744 s
Timestep : 674442, score : -2656.480854724912, Time : 23.113 s
DONE!
