{'agent': 'DQN', 'action_selection': 'egreedy', 'seed': 1, 'episodes': 100, 'data_path': 'data/citylearn_challenge_2022_phase_1', 'dry_run': False, 'n_discrete': 9, 'update_target': 8, 'lr': 0.03, 'batch_size': 8, 'adam_epsilon': 0.0001, 'epsilon_final': 0.03, 'run_id': 276}
{'Notes': 'This is a tuning run, executed on a single building.',
 'action_selection': 'egreedy',
 'adam_epsilon': 0.0001,
 'env': '<NormalizeObservation<OneHotHour<DiscreteSingle<CityLearnEnv '
        'instance>>>>',
 'final_exploration_rate': 0.02,
 'final_exploration_step': 1000,
 'gamma': 0.99,
 'initial_exploration_rate': 1,
 'learning_rate': 0.03,
 'loss': 'mse',
 'minibatch_size': 8,
 'network': 'MLP(\n'
            '  (layers): Sequential(\n'
            '    (0): Linear(in_features=29, out_features=128, bias=True)\n'
            '    (1): ReLU()\n'
            '    (2): Linear(in_features=128, out_features=128, bias=True)\n'
            '    (3): ReLU()\n'
            '    (4): Linear(in_features=128, out_features=9, bias=True)\n'
            '  )\n'
            ')',
 'replay_buffer_size': 10000,
 'replay_start_size': 8,
 'seed': 1,
 'train_steps': 876000,
 'update_frequency': 1,
 'update_target_frequency': 8,
 'weight_scale': 1.4142135623730951}
Timestep : 8758, score : -6111.275160343517, Time : 21.253 s
Timestep : 17517, score : -6557.890927110246, Time : 21.934 s
Timestep : 26276, score : -5990.785712824581, Time : 22.0 s
Timestep : 35035, score : -5940.717369144695, Time : 22.078 s
Timestep : 43794, score : -7851.574271934296, Time : 22.072 s
Timestep : 52553, score : -5948.10622518303, Time : 22.051 s
Timestep : 61312, score : -9501.700935436951, Time : 22.089 s
Timestep : 70071, score : -6999.241512364795, Time : 22.08 s
Timestep : 78830, score : -9037.018304414072, Time : 22.083 s
Timestep : 87589, score : -8980.280920777383, Time : 21.919 s
Timestep : 96348, score : -7378.996493844228, Time : 22.106 s
Timestep : 105107, score : -7625.056917271533, Time : 22.09 s
Timestep : 113866, score : -4129.700222618325, Time : 22.078 s
Timestep : 122625, score : -4269.327897351264, Time : 22.104 s
Timestep : 131384, score : -4650.168089141516, Time : 22.093 s
Timestep : 140143, score : -4820.514183539344, Time : 22.114 s
Timestep : 148902, score : -4511.18724898182, Time : 22.113 s
Timestep : 157661, score : -4460.862522580108, Time : 22.068 s
Timestep : 166420, score : -4482.0817094774975, Time : 22.086 s
Timestep : 175179, score : -4563.269527164666, Time : 22.131 s
Timestep : 183938, score : -4465.180053846823, Time : 22.083 s
Timestep : 192697, score : -4554.131740857993, Time : 22.129 s
Timestep : 201456, score : -4576.371966394625, Time : 22.1 s
Timestep : 210215, score : -4545.046538264869, Time : 22.086 s
Timestep : 218974, score : -4426.977761658287, Time : 22.116 s
Timestep : 227733, score : -4523.0918989250495, Time : 22.018 s
Timestep : 236492, score : -4497.105310378043, Time : 22.093 s
Timestep : 245251, score : -4511.642262633337, Time : 21.679 s
Timestep : 254010, score : -4600.2009897310345, Time : 21.427 s
Timestep : 262769, score : -4498.141770653339, Time : 22.04 s
Timestep : 271528, score : -4535.597414805932, Time : 22.122 s
Timestep : 280287, score : -4567.827438726352, Time : 22.132 s
Timestep : 289046, score : -4444.346830186929, Time : 21.976 s
Timestep : 297805, score : -4533.389951766847, Time : 22.097 s
Timestep : 306564, score : -4565.941153039254, Time : 22.138 s
Timestep : 315323, score : -4463.673934263556, Time : 22.099 s
Timestep : 324082, score : -4454.866677367507, Time : 21.729 s
Timestep : 332841, score : -4505.681627591679, Time : 22.141 s
Timestep : 341600, score : -4583.332168444438, Time : 21.569 s
Timestep : 350359, score : -4496.75556015168, Time : 21.307 s
Timestep : 359118, score : -4529.695942049293, Time : 21.329 s
Timestep : 367877, score : -4538.1987548385805, Time : 21.749 s
Timestep : 376636, score : -4448.717855028255, Time : 21.504 s
Timestep : 385395, score : -4661.183314205526, Time : 21.582 s
Timestep : 394154, score : -4451.573886667757, Time : 22.131 s
Timestep : 402913, score : -4523.007677490736, Time : 22.1 s
Timestep : 411672, score : -4566.590987118339, Time : 22.118 s
Timestep : 420431, score : -4634.816311055591, Time : 22.115 s
Timestep : 429190, score : -4436.519067635207, Time : 22.114 s
Timestep : 437949, score : -4591.39950444494, Time : 22.089 s
Timestep : 446708, score : -4531.011415814428, Time : 22.095 s
Timestep : 455467, score : -4423.760064239876, Time : 22.129 s
Timestep : 464226, score : -4467.526744018454, Time : 22.087 s
Timestep : 472985, score : -4518.521333777724, Time : 22.104 s
Timestep : 481744, score : -4432.643465027591, Time : 22.052 s
Timestep : 490503, score : -4603.40948941317, Time : 22.121 s
Timestep : 499262, score : -4412.2473971088475, Time : 22.1 s
Timestep : 508021, score : -4439.736926381855, Time : 22.149 s
Timestep : 516780, score : -4544.025389911869, Time : 21.987 s
Timestep : 525539, score : -4566.967056029855, Time : 21.463 s
Timestep : 534298, score : -4535.9455452849215, Time : 21.426 s
Timestep : 543057, score : -4494.770633810578, Time : 21.436 s
Timestep : 551816, score : -4563.646695136471, Time : 21.584 s
Timestep : 560575, score : -4315.756012925325, Time : 21.697 s
Timestep : 569334, score : -4559.288593584701, Time : 21.409 s
Timestep : 578093, score : -4467.090465968853, Time : 21.535 s
Timestep : 586852, score : -4504.221505281894, Time : 21.417 s
Timestep : 595611, score : -4552.1514321522845, Time : 21.619 s
Timestep : 604370, score : -4482.121020232706, Time : 21.697 s
Timestep : 613129, score : -4588.9864217447175, Time : 21.651 s
Timestep : 621888, score : -4497.254032364537, Time : 21.389 s
Timestep : 630647, score : -4549.024852481118, Time : 21.375 s
Timestep : 639406, score : -4590.255654045759, Time : 21.389 s
Timestep : 648165, score : -4463.995452661446, Time : 21.381 s
Timestep : 656924, score : -4531.476273810869, Time : 21.725 s
Timestep : 665683, score : -4556.187412320549, Time : 22.059 s
Timestep : 674442, score : -4486.795150199352, Time : 22.071 s
Timestep : 683201, score : -4542.473605330713, Time : 22.076 s
Timestep : 691960, score : -4621.27423631298, Time : 22.067 s
Timestep : 700719, score : -4632.0874448953255, Time : 22.068 s
Timestep : 709478, score : -4576.939372103108, Time : 22.048 s
Timestep : 718237, score : -4527.26199794971, Time : 22.086 s
Timestep : 726996, score : -4608.244670065498, Time : 22.05 s
Timestep : 735755, score : -4476.05006808546, Time : 22.018 s
Timestep : 744514, score : -4405.071848392865, Time : 22.003 s
Timestep : 753273, score : -4515.855156199454, Time : 21.914 s
Timestep : 762032, score : -4481.277269067665, Time : 21.744 s
Timestep : 770791, score : -4422.1707214297785, Time : 21.455 s
Timestep : 779550, score : -4401.73701142185, Time : 21.596 s
Timestep : 788309, score : -4483.365633900656, Time : 21.903 s
Timestep : 797068, score : -4479.202783651097, Time : 21.992 s
Timestep : 805827, score : -4418.063468346751, Time : 21.998 s
Timestep : 814586, score : -4511.4761726021825, Time : 21.982 s
Timestep : 823345, score : -4576.901313299226, Time : 22.027 s
Timestep : 832104, score : -4452.676469789265, Time : 22.009 s
Timestep : 840863, score : -4502.386370736553, Time : 21.96 s
Timestep : 849622, score : -4596.786943002982, Time : 21.881 s
Timestep : 858381, score : -4513.498116867995, Time : 21.837 s
Timestep : 867140, score : -4500.120560578915, Time : 21.27 s
Timestep : 875899, score : -4559.810687113932, Time : 21.297 s
Starting local evaluation
Num Steps: 1000, Num episodes: 0
Num Steps: 2000, Num episodes: 0
Num Steps: 3000, Num episodes: 0
Num Steps: 4000, Num episodes: 0
Num Steps: 5000, Num episodes: 0
Num Steps: 6000, Num episodes: 0
Num Steps: 7000, Num episodes: 0
Num Steps: 8000, Num episodes: 0
Episode complete: 1 | Latest episode metrics: {'price_cost': 1.0213111252757496, 'emmision_cost': 1.0240642021575967}
[-0.25790549] -0.25790549373530564
Average Price Cost: 1.0213111252757496
Average Emmision Cost: 1.0240642021575967
Average of both costs: 1.022687663716673
Total time taken by agent: 2.5308116571977735s
DONE!
