{'agent': 'UADQN', 'action_selection': 'softmax', 'seed': 1, 'episodes': 50, 'data_path': 'data/citylearn_challenge_2022_phase_1', 'dry_run': False, 'n_discrete': 9, 'update_target': 32, 'lr': 0.0001, 'batch_size': 16, 'adam_epsilon': 0.001, 'epsilon_final': 0.02, 'run_id': 460}
{'Notes': 'This is a tuning run, executed on a single building.',
 'adam_epsilon': 0.001,
 'aleatoric_factor': 0,
 'biased_aleatoric': False,
 'env': '<NormalizeObservation<OneHotHour<DiscreteSingle<CityLearnEnv '
        'instance>>>>',
 'epistemic_factor': 1,
 'gamma': 0.99,
 'learning_rate': 0.0001,
 'minibatch_size': 16,
 'n_quantiles': 20,
 'network': 'MLP(\n'
            '  (layers): Sequential(\n'
            '    (0): Linear(in_features=29, out_features=128, bias=True)\n'
            '    (1): ReLU()\n'
            '    (2): Linear(in_features=128, out_features=128, bias=True)\n'
            '    (3): ReLU()\n'
            '    (4): Linear(in_features=128, out_features=180, bias=True)\n'
            '  )\n'
            ')',
 'noise_scale': 1,
 'replay_buffer_size': 10000,
 'replay_start_size': 16,
 'seed': 1,
 'train_steps': 438000,
 'update_frequency': 1,
 'update_target_frequency': 32,
 'weight_scale': 1.4142135623730951}
Timestep : 8758, score : -5070.145570384411, Time : 74.879 s
Timestep : 17517, score : -4207.255277143238, Time : 75.189 s
Timestep : 26276, score : -4246.400248927443, Time : 75.231 s
Timestep : 35035, score : -4457.4038892038225, Time : 75.165 s
Timestep : 43794, score : -4536.753862476398, Time : 75.402 s
Timestep : 52553, score : -4306.419835314067, Time : 75.567 s
Timestep : 61312, score : -4527.984044371551, Time : 75.739 s
Timestep : 70071, score : -4151.0886130883155, Time : 75.765 s
Timestep : 78830, score : -4204.134204083501, Time : 75.379 s
Timestep : 87589, score : -3923.174468809695, Time : 75.517 s
Timestep : 96348, score : -3303.2053702693956, Time : 75.645 s
Timestep : 105107, score : -3238.341294793325, Time : 75.384 s
Timestep : 113866, score : -2558.3364214883477, Time : 75.377 s
Timestep : 122625, score : -2417.4268963053764, Time : 75.629 s
Timestep : 131384, score : -2664.5299500515976, Time : 75.593 s
Timestep : 140143, score : -2240.283805109415, Time : 75.601 s
Timestep : 148902, score : -2181.6523559110356, Time : 75.6 s
Timestep : 157661, score : -2527.0377229320875, Time : 75.512 s
Timestep : 166420, score : -2569.6227284465276, Time : 75.332 s
Timestep : 175179, score : -2490.703108211819, Time : 75.186 s
Timestep : 183938, score : -1847.2498912363808, Time : 75.191 s
Timestep : 192697, score : -1985.7445849895303, Time : 75.227 s
Timestep : 201456, score : -1447.8651076264505, Time : 75.495 s
Timestep : 210215, score : -1769.9139502160542, Time : 75.609 s
Timestep : 218974, score : -1298.490690253704, Time : 75.312 s
Timestep : 227733, score : -1365.8361964964133, Time : 75.975 s
Timestep : 236492, score : -1161.9504586726252, Time : 75.263 s
Timestep : 245251, score : -1169.0195943781, Time : 75.22 s
Timestep : 254010, score : -1301.381058300336, Time : 75.651 s
Timestep : 262769, score : -1099.5939643651072, Time : 75.615 s
Timestep : 271528, score : -1098.077386570425, Time : 75.59 s
Timestep : 280287, score : -1072.0515601594961, Time : 75.608 s
Timestep : 289046, score : -1200.0518433749967, Time : 75.603 s
Timestep : 297805, score : -1358.3504202273034, Time : 75.674 s
Timestep : 306564, score : -1294.1076321101573, Time : 75.628 s
Timestep : 315323, score : -1370.827073789158, Time : 75.436 s
Timestep : 324082, score : -1208.6194215193682, Time : 75.316 s
Timestep : 332841, score : -1461.5836338121735, Time : 75.335 s
Timestep : 341600, score : -1183.3822726288636, Time : 75.335 s
Timestep : 350359, score : -1094.700116217864, Time : 75.321 s
Timestep : 359118, score : -941.4398213203822, Time : 75.454 s
Timestep : 367877, score : -1159.9387571383559, Time : 75.51 s
Timestep : 376636, score : -1556.5605663345486, Time : 75.526 s
Timestep : 385395, score : -969.1878841913131, Time : 75.525 s
Timestep : 394154, score : -1313.1795407741156, Time : 75.305 s
Timestep : 402913, score : -1377.6778585111751, Time : 75.559 s
Timestep : 411672, score : -1251.2093655634962, Time : 75.533 s
Timestep : 420431, score : -1118.99132369351, Time : 75.535 s
Timestep : 429190, score : -1425.7275298347522, Time : 75.743 s
Timestep : 437949, score : -1089.7867681544303, Time : 75.715 s
Starting local evaluation
Num Steps: 1000, Num episodes: 0
Num Steps: 2000, Num episodes: 0
Num Steps: 3000, Num episodes: 0
Num Steps: 4000, Num episodes: 0
Num Steps: 5000, Num episodes: 0
Num Steps: 6000, Num episodes: 0
Num Steps: 7000, Num episodes: 0
Num Steps: 8000, Num episodes: 0
Episode complete: 1 | Latest episode metrics: {'price_cost': 0.8158158986305456, 'emmision_cost': 0.9018355204328381}
[-0.05414603] -0.05414602576835885
Average Price Cost: 0.8158158986305456
Average Emmision Cost: 0.9018355204328381
Average of both costs: 0.8588257095316918
Total time taken by agent: 12.561027294490486s
DONE!
