{'agent': 'DQN', 'action_selection': 'egreedy', 'seed': 1, 'episodes': 100, 'data_path': 'data/citylearn_challenge_2022_phase_1', 'dry_run': False, 'n_discrete': 9, 'update_target': 8, 'lr': 0.07, 'batch_size': 2, 'adam_epsilon': 1e-06, 'epsilon_final': 0.04, 'run_id': 268}
{'Notes': 'This is a tuning run, executed on a single building.',
 'action_selection': 'egreedy',
 'adam_epsilon': 1e-06,
 'env': '<NormalizeObservation<OneHotHour<DiscreteSingle<CityLearnEnv '
        'instance>>>>',
 'final_exploration_rate': 0.02,
 'final_exploration_step': 1000,
 'gamma': 0.99,
 'initial_exploration_rate': 1,
 'learning_rate': 0.07,
 'loss': 'mse',
 'minibatch_size': 2,
 'network': 'MLP(\n'
            '  (layers): Sequential(\n'
            '    (0): Linear(in_features=29, out_features=128, bias=True)\n'
            '    (1): ReLU()\n'
            '    (2): Linear(in_features=128, out_features=128, bias=True)\n'
            '    (3): ReLU()\n'
            '    (4): Linear(in_features=128, out_features=9, bias=True)\n'
            '  )\n'
            ')',
 'replay_buffer_size': 10000,
 'replay_start_size': 2,
 'seed': 1,
 'train_steps': 876000,
 'update_frequency': 1,
 'update_target_frequency': 8,
 'weight_scale': 1.4142135623730951}
Timestep : 8758, score : -5519.721973206339, Time : 21.283 s
Timestep : 17517, score : -4468.496220079629, Time : 21.209 s
Timestep : 26276, score : -4527.165646908252, Time : 20.975 s
Timestep : 35035, score : -4487.9844045898935, Time : 21.56 s
Timestep : 43794, score : -4561.092226361303, Time : 21.117 s
Timestep : 52553, score : -4429.9348382758035, Time : 21.005 s
Timestep : 61312, score : -4493.162382909475, Time : 21.347 s
Timestep : 70071, score : -4442.280488985038, Time : 21.613 s
Timestep : 78830, score : -4541.844442706584, Time : 21.119 s
Timestep : 87589, score : -4566.498228968034, Time : 21.48 s
Timestep : 96348, score : -4718.239195232658, Time : 21.615 s
Timestep : 105107, score : -4586.47497310958, Time : 21.959 s
Timestep : 113866, score : -4769.680785742035, Time : 21.731 s
Timestep : 122625, score : -4511.929697862739, Time : 21.471 s
Timestep : 131384, score : -4606.163404447871, Time : 21.477 s
Timestep : 140143, score : -4571.876470017625, Time : 21.18 s
Timestep : 148902, score : -4564.841694699047, Time : 20.988 s
Timestep : 157661, score : -4730.359728166281, Time : 21.545 s
Timestep : 166420, score : -4464.351274975954, Time : 21.607 s
Timestep : 175179, score : -4400.6925816842995, Time : 21.204 s
Timestep : 183938, score : -4593.884810268792, Time : 21.605 s
Timestep : 192697, score : -4628.816360276571, Time : 21.399 s
Timestep : 201456, score : -4521.115356207272, Time : 21.324 s
Timestep : 210215, score : -4559.966434181231, Time : 21.313 s
Timestep : 218974, score : -4676.736709283112, Time : 21.597 s
Timestep : 227733, score : -4709.85856696761, Time : 21.599 s
Timestep : 236492, score : -4506.738800353749, Time : 21.564 s
Timestep : 245251, score : -4590.9768189740425, Time : 21.611 s
Timestep : 254010, score : -4495.5435692327155, Time : 21.661 s
Timestep : 262769, score : -4717.6429762025655, Time : 21.588 s
Timestep : 271528, score : -4551.798354324681, Time : 21.381 s
Timestep : 280287, score : -4430.485843506089, Time : 21.6 s
Timestep : 289046, score : -4566.9817356856365, Time : 21.767 s
Timestep : 297805, score : -4563.876226528926, Time : 21.992 s
Timestep : 306564, score : -4604.056764175562, Time : 21.725 s
Timestep : 315323, score : -4631.556580975099, Time : 21.623 s
Timestep : 324082, score : -4531.550157023041, Time : 21.597 s
Timestep : 332841, score : -4754.649452075741, Time : 21.618 s
Timestep : 341600, score : -4610.372474604665, Time : 21.499 s
Timestep : 350359, score : -4493.635085889502, Time : 21.612 s
Timestep : 359118, score : -4627.429906533478, Time : 21.605 s
Timestep : 367877, score : -4457.178493538318, Time : 21.62 s
Timestep : 376636, score : -4635.431568366737, Time : 21.336 s
Timestep : 385395, score : -4631.484637004236, Time : 21.629 s
Timestep : 394154, score : -4500.633646341419, Time : 22.007 s
Timestep : 402913, score : -4521.697436618997, Time : 21.593 s
Timestep : 411672, score : -4606.716628867274, Time : 21.596 s
Timestep : 420431, score : -4473.632952014945, Time : 21.114 s
Timestep : 429190, score : -4637.508450839581, Time : 21.015 s
Timestep : 437949, score : -4534.89605578818, Time : 21.514 s
Timestep : 446708, score : -4631.272906111466, Time : 21.602 s
Timestep : 455467, score : -4468.054811743466, Time : 21.451 s
Timestep : 464226, score : -4502.516288259329, Time : 21.552 s
Timestep : 472985, score : -4507.2712385751365, Time : 21.485 s
Timestep : 481744, score : -4547.839821283153, Time : 21.986 s
Timestep : 490503, score : -4678.8497848887055, Time : 21.932 s
Timestep : 499262, score : -4567.924034894357, Time : 21.459 s
Timestep : 508021, score : -4522.3936848988815, Time : 21.027 s
Timestep : 516780, score : -4580.922744778363, Time : 21.571 s
Timestep : 525539, score : -4550.302972262172, Time : 21.534 s
Timestep : 534298, score : -4604.935673900793, Time : 21.339 s
Timestep : 543057, score : -4464.615459883033, Time : 21.454 s
Timestep : 551816, score : -4493.402518847404, Time : 21.268 s
Timestep : 560575, score : -4620.528352480411, Time : 21.158 s
Timestep : 569334, score : -4578.519038593891, Time : 21.187 s
Timestep : 578093, score : -4490.977975340007, Time : 21.897 s
Timestep : 586852, score : -4615.029405103443, Time : 21.719 s
Timestep : 595611, score : -4547.578240846196, Time : 21.621 s
Timestep : 604370, score : -4490.08444592022, Time : 21.629 s
Timestep : 613129, score : -4523.304683627473, Time : 21.634 s
Timestep : 621888, score : -4554.797493635007, Time : 21.62 s
Timestep : 630647, score : -4567.498932315415, Time : 21.589 s
Timestep : 639406, score : -4723.612366679154, Time : 21.599 s
Timestep : 648165, score : -4688.877073703712, Time : 21.591 s
Timestep : 656924, score : -4495.873698966956, Time : 21.604 s
Timestep : 665683, score : -4653.6623283675, Time : 21.454 s
Timestep : 674442, score : -4548.83836234585, Time : 21.873 s
Timestep : 683201, score : -4693.176187954756, Time : 21.783 s
Timestep : 691960, score : -4571.155761870934, Time : 21.616 s
Timestep : 700719, score : -4588.208446414588, Time : 21.618 s
Timestep : 709478, score : -4627.793199447362, Time : 21.624 s
Timestep : 718237, score : -4590.120477346616, Time : 21.626 s
Timestep : 726996, score : -4614.307535370259, Time : 21.615 s
Timestep : 735755, score : -4539.456925786479, Time : 21.633 s
Timestep : 744514, score : -4666.528863410844, Time : 21.421 s
Timestep : 753273, score : -4605.9419863974035, Time : 21.329 s
Timestep : 762032, score : -4594.444117171253, Time : 21.152 s
Timestep : 770791, score : -4541.344333131245, Time : 21.958 s
Timestep : 779550, score : -4489.211825570004, Time : 21.63 s
Timestep : 788309, score : -4374.999668671662, Time : 21.608 s
Timestep : 797068, score : -4485.02265518278, Time : 21.241 s
Timestep : 805827, score : -4489.623348295543, Time : 21.033 s
Timestep : 814586, score : -4578.449309238495, Time : 21.039 s
Timestep : 823345, score : -4816.734974001913, Time : 21.027 s
Timestep : 832104, score : -4703.980866260317, Time : 21.304 s
Timestep : 840863, score : -4705.96321482952, Time : 21.599 s
Timestep : 849622, score : -4589.184875550127, Time : 21.567 s
Timestep : 858381, score : -4746.42458691269, Time : 21.457 s
Timestep : 867140, score : -4682.403098778595, Time : 21.975 s
Timestep : 875899, score : -4662.652141098122, Time : 21.599 s
Starting local evaluation
Num Steps: 1000, Num episodes: 0
Num Steps: 2000, Num episodes: 0
Num Steps: 3000, Num episodes: 0
Num Steps: 4000, Num episodes: 0
Num Steps: 5000, Num episodes: 0
Num Steps: 6000, Num episodes: 0
Num Steps: 7000, Num episodes: 0
Num Steps: 8000, Num episodes: 0
Episode complete: 1 | Latest episode metrics: {'price_cost': 1.0165161119117245, 'emmision_cost': 1.0191589063400384}
[-0.25194066] -0.25194065858814646
Average Price Cost: 1.0165161119117245
Average Emmision Cost: 1.0191589063400384
Average of both costs: 1.0178375091258816
Total time taken by agent: 2.5415002331137657s
DONE!
