{'agent': 'DQN', 'action_selection': 'egreedy', 'seed': 1, 'episodes': 100, 'data_path': 'data/citylearn_challenge_2022_phase_1', 'dry_run': False, 'n_discrete': 9, 'update_target': 16, 'lr': 0.07, 'batch_size': 8, 'adam_epsilon': 0.001, 'epsilon_final': 0.03, 'run_id': 209}
{'Notes': 'This is a tuning run, executed on a single building.',
 'action_selection': 'egreedy',
 'adam_epsilon': 0.001,
 'env': '<NormalizeObservation<OneHotHour<DiscreteSingle<CityLearnEnv '
        'instance>>>>',
 'final_exploration_rate': 0.02,
 'final_exploration_step': 1000,
 'gamma': 0.99,
 'initial_exploration_rate': 1,
 'learning_rate': 0.07,
 'loss': 'mse',
 'minibatch_size': 8,
 'network': 'MLP(\n'
            '  (layers): Sequential(\n'
            '    (0): Linear(in_features=29, out_features=128, bias=True)\n'
            '    (1): ReLU()\n'
            '    (2): Linear(in_features=128, out_features=128, bias=True)\n'
            '    (3): ReLU()\n'
            '    (4): Linear(in_features=128, out_features=9, bias=True)\n'
            '  )\n'
            ')',
 'replay_buffer_size': 10000,
 'replay_start_size': 8,
 'seed': 1,
 'train_steps': 876000,
 'update_frequency': 1,
 'update_target_frequency': 16,
 'weight_scale': 1.4142135623730951}
Timestep : 8758, score : -5567.207862061754, Time : 21.083 s
Timestep : 17517, score : -4519.918387729587, Time : 21.416 s
Timestep : 26276, score : -4673.8513738093025, Time : 21.876 s
Timestep : 35035, score : -4478.309213546483, Time : 21.899 s
Timestep : 43794, score : -4476.071400379209, Time : 21.91 s
Timestep : 52553, score : -4553.693352717353, Time : 21.893 s
Timestep : 61312, score : -4448.9043642127945, Time : 21.912 s
Timestep : 70071, score : -4523.183993620245, Time : 22.112 s
Timestep : 78830, score : -4580.268171743868, Time : 22.053 s
Timestep : 87589, score : -4646.696051294362, Time : 21.93 s
Timestep : 96348, score : -4669.998829241289, Time : 21.945 s
Timestep : 105107, score : -4570.409783696203, Time : 21.901 s
Timestep : 113866, score : -4528.162577952637, Time : 21.936 s
Timestep : 122625, score : -4493.107666891447, Time : 21.9 s
Timestep : 131384, score : -4491.705905334471, Time : 21.906 s
Timestep : 140143, score : -4615.567034765525, Time : 21.932 s
Timestep : 148902, score : -4465.743746317254, Time : 21.934 s
Timestep : 157661, score : -4650.8466709041095, Time : 21.754 s
Timestep : 166420, score : -4555.454463691829, Time : 22.304 s
Timestep : 175179, score : -4588.097270726605, Time : 22.118 s
Timestep : 183938, score : -4451.949324535119, Time : 21.926 s
Timestep : 192697, score : -4540.137521346245, Time : 21.954 s
Timestep : 201456, score : -4572.821315066336, Time : 21.937 s
Timestep : 210215, score : -4552.548109704076, Time : 21.931 s
Timestep : 218974, score : -4421.710788964207, Time : 21.951 s
Timestep : 227733, score : -4502.509869981004, Time : 21.938 s
Timestep : 236492, score : -4484.241933931975, Time : 21.937 s
Timestep : 245251, score : -4556.743858799717, Time : 21.93 s
Timestep : 254010, score : -4571.757647581777, Time : 22.085 s
Timestep : 262769, score : -4559.11962988312, Time : 22.224 s
Timestep : 271528, score : -4532.57500389652, Time : 22.038 s
Timestep : 280287, score : -4689.545403176366, Time : 21.95 s
Timestep : 289046, score : -4460.78817023107, Time : 21.941 s
Timestep : 297805, score : -4547.765904714732, Time : 21.943 s
Timestep : 306564, score : -4512.465861608769, Time : 21.942 s
Timestep : 315323, score : -4527.968871144025, Time : 21.925 s
Timestep : 324082, score : -4473.504312208766, Time : 21.947 s
Timestep : 332841, score : -4515.185639565883, Time : 21.95 s
Timestep : 341600, score : -4580.374403044028, Time : 21.937 s
Timestep : 350359, score : -4521.245687497227, Time : 22.182 s
Timestep : 359118, score : -4594.681580646342, Time : 22.12 s
Timestep : 367877, score : -4531.138914099807, Time : 21.943 s
Timestep : 376636, score : -4591.978743282525, Time : 21.943 s
Timestep : 385395, score : -4645.82329364997, Time : 21.956 s
Timestep : 394154, score : -4436.024723091541, Time : 21.825 s
Timestep : 402913, score : -4452.071868596511, Time : 21.894 s
Timestep : 411672, score : -4556.885587123601, Time : 21.951 s
Timestep : 420431, score : -4603.293154970888, Time : 21.353 s
Timestep : 429190, score : -4489.26412166786, Time : 21.848 s
Timestep : 437949, score : -4608.250448803796, Time : 21.962 s
Timestep : 446708, score : -4521.027833531989, Time : 22.302 s
Timestep : 455467, score : -4399.95211847499, Time : 22.094 s
Timestep : 464226, score : -4483.635220481461, Time : 21.98 s
Timestep : 472985, score : -4533.555257522879, Time : 22.099 s
Timestep : 481744, score : -4616.235868905118, Time : 22.316 s
Timestep : 490503, score : -4635.445096626325, Time : 22.056 s
Timestep : 499262, score : -4588.14170290195, Time : 21.945 s
Timestep : 508021, score : -4562.571326177131, Time : 21.951 s
Timestep : 516780, score : -4548.756887154916, Time : 21.938 s
Timestep : 525539, score : -4556.291251381306, Time : 21.803 s
Timestep : 534298, score : -4580.982013120229, Time : 21.971 s
Timestep : 543057, score : -4589.148741779296, Time : 22.308 s
Timestep : 551816, score : -4521.7798669733165, Time : 21.627 s
Timestep : 560575, score : -4363.199733159883, Time : 21.854 s
Timestep : 569334, score : -4556.253710670426, Time : 21.941 s
Timestep : 578093, score : -4631.676763478114, Time : 21.95 s
Timestep : 586852, score : -4587.511573627038, Time : 21.949 s
Timestep : 595611, score : -4575.9107136273815, Time : 21.927 s
Timestep : 604370, score : -4471.540835984124, Time : 21.928 s
Timestep : 613129, score : -4567.710038155696, Time : 21.883 s
Timestep : 621888, score : -4506.811652219345, Time : 21.889 s
Timestep : 630647, score : -4574.596395513421, Time : 22.269 s
Timestep : 639406, score : -4539.645664153068, Time : 21.582 s
Timestep : 648165, score : -4513.709511660418, Time : 21.718 s
Timestep : 656924, score : -4538.220934256358, Time : 21.25 s
Timestep : 665683, score : -4656.6321214129275, Time : 21.756 s
Timestep : 674442, score : -4564.88039783985, Time : 21.482 s
Timestep : 683201, score : -4539.074325336755, Time : 21.357 s
Timestep : 691960, score : -4629.314042215614, Time : 21.886 s
Timestep : 700719, score : -4634.548933857499, Time : 21.915 s
Timestep : 709478, score : -4551.926438282622, Time : 21.904 s
Timestep : 718237, score : -4524.699956998607, Time : 21.949 s
Timestep : 726996, score : -4671.439023190556, Time : 21.67 s
Timestep : 735755, score : -4558.542674218683, Time : 21.999 s
Timestep : 744514, score : -4463.384180117777, Time : 21.836 s
Timestep : 753273, score : -4488.738149472891, Time : 21.912 s
Timestep : 762032, score : -4427.931484527071, Time : 21.915 s
Timestep : 770791, score : -4442.929415583756, Time : 21.911 s
Timestep : 779550, score : -4417.6254967790155, Time : 21.903 s
Timestep : 788309, score : -4471.452790881885, Time : 21.899 s
Timestep : 797068, score : -4486.809964470012, Time : 21.836 s
Timestep : 805827, score : -4440.483971035486, Time : 21.829 s
Timestep : 814586, score : -4501.119873422576, Time : 22.065 s
Timestep : 823345, score : -4627.773792312626, Time : 22.108 s
Timestep : 832104, score : -4429.982477796642, Time : 21.827 s
Timestep : 840863, score : -4593.041779446794, Time : 21.722 s
Timestep : 849622, score : -4702.8261934140755, Time : 21.821 s
Timestep : 858381, score : -4499.063057812309, Time : 21.819 s
Timestep : 867140, score : -4556.141868451523, Time : 21.705 s
Timestep : 875899, score : -4536.523798882103, Time : 21.826 s
Starting local evaluation
Num Steps: 1000, Num episodes: 0
Num Steps: 2000, Num episodes: 0
Num Steps: 3000, Num episodes: 0
Num Steps: 4000, Num episodes: 0
Num Steps: 5000, Num episodes: 0
Num Steps: 6000, Num episodes: 0
Num Steps: 7000, Num episodes: 0
Num Steps: 8000, Num episodes: 0
Episode complete: 1 | Latest episode metrics: {'price_cost': 1.0117829549016841, 'emmision_cost': 1.011514789514634}
[-0.244401] -0.24440099923839098
Average Price Cost: 1.0117829549016841
Average Emmision Cost: 1.011514789514634
Average of both costs: 1.0116488722081591
Total time taken by agent: 2.558619169460144s
DONE!
