{'agent': 'DQN', 'action_selection': 'egreedy', 'seed': 1, 'episodes': 100, 'data_path': 'data/citylearn_challenge_2022_phase_1', 'dry_run': False, 'n_discrete': 9, 'update_target': 8, 'lr': 0.0003, 'batch_size': 1, 'adam_epsilon': 1e-10, 'epsilon_final': 0.06, 'run_id': 335}
{'Notes': 'This is a tuning run, executed on a single building.',
 'action_selection': 'egreedy',
 'adam_epsilon': 1e-10,
 'env': '<NormalizeObservation<OneHotHour<DiscreteSingle<CityLearnEnv '
        'instance>>>>',
 'final_exploration_rate': 0.02,
 'final_exploration_step': 1000,
 'gamma': 0.99,
 'initial_exploration_rate': 1,
 'learning_rate': 0.0003,
 'loss': 'mse',
 'minibatch_size': 1,
 'network': 'MLP(\n'
            '  (layers): Sequential(\n'
            '    (0): Linear(in_features=29, out_features=128, bias=True)\n'
            '    (1): ReLU()\n'
            '    (2): Linear(in_features=128, out_features=128, bias=True)\n'
            '    (3): ReLU()\n'
            '    (4): Linear(in_features=128, out_features=9, bias=True)\n'
            '  )\n'
            ')',
 'replay_buffer_size': 10000,
 'replay_start_size': 1,
 'seed': 1,
 'train_steps': 876000,
 'update_frequency': 1,
 'update_target_frequency': 8,
 'weight_scale': 1.4142135623730951}
Timestep : 8758, score : -6383.37591058368, Time : 21.896 s
Timestep : 17517, score : -5301.658779521895, Time : 22.04 s
Timestep : 26276, score : -4856.968733072659, Time : 21.942 s
Timestep : 35035, score : -4564.273583068891, Time : 21.734 s
Timestep : 43794, score : -4504.303648101122, Time : 21.332 s
Timestep : 52553, score : -4787.139780801983, Time : 21.348 s
Timestep : 61312, score : -4848.192603613323, Time : 21.613 s
Timestep : 70071, score : -4475.210169232945, Time : 22.121 s
Timestep : 78830, score : -5118.435410269027, Time : 22.094 s
Timestep : 87589, score : -5686.405183072158, Time : 21.83 s
Timestep : 96348, score : -5847.533898307389, Time : 22.013 s
Timestep : 105107, score : -5779.812521521497, Time : 22.09 s
Timestep : 113866, score : -4563.073934312706, Time : 22.13 s
Timestep : 122625, score : -4493.7207992819895, Time : 22.206 s
Timestep : 131384, score : -4432.377215985354, Time : 22.395 s
Timestep : 140143, score : -5114.874367184035, Time : 22.189 s
Timestep : 148902, score : -4828.961388134776, Time : 21.625 s
Timestep : 157661, score : -4986.254605457449, Time : 21.638 s
Timestep : 166420, score : -4632.0098172304715, Time : 21.641 s
Timestep : 175179, score : -4343.417456981639, Time : 21.996 s
Timestep : 183938, score : -4031.4897492665623, Time : 22.047 s
Timestep : 192697, score : -4235.7144841802365, Time : 22.084 s
Timestep : 201456, score : -4238.045050991379, Time : 21.49 s
Timestep : 210215, score : -4172.263737212546, Time : 21.348 s
Timestep : 218974, score : -3982.32139212983, Time : 21.339 s
Timestep : 227733, score : -3825.033814119437, Time : 21.322 s
Timestep : 236492, score : -3934.304209430149, Time : 21.317 s
Timestep : 245251, score : -3971.0439926857653, Time : 21.53 s
Timestep : 254010, score : -4067.347289754922, Time : 22.076 s
Timestep : 262769, score : -4194.857423419628, Time : 21.958 s
Timestep : 271528, score : -4142.832640755136, Time : 22.091 s
Timestep : 280287, score : -4320.867362980411, Time : 22.096 s
Timestep : 289046, score : -3949.7429653473228, Time : 22.109 s
Timestep : 297805, score : -4183.293263869389, Time : 22.112 s
Timestep : 306564, score : -4284.5372012288135, Time : 22.211 s
Timestep : 315323, score : -3543.4198394387786, Time : 22.579 s
Timestep : 324082, score : -3914.938857379442, Time : 22.062 s
Timestep : 332841, score : -3924.0591263742244, Time : 22.121 s
Timestep : 341600, score : -3768.4834594155254, Time : 22.114 s
Timestep : 350359, score : -3825.226568601938, Time : 22.043 s
Timestep : 359118, score : -4234.849608510471, Time : 22.107 s
Timestep : 367877, score : -4379.8755633239925, Time : 21.945 s
Timestep : 376636, score : -4352.549509201926, Time : 22.109 s
Timestep : 385395, score : -4523.090163512068, Time : 22.149 s
Timestep : 394154, score : -3758.9860496644687, Time : 22.142 s
Timestep : 402913, score : -3717.4430429203494, Time : 22.122 s
Timestep : 411672, score : -4113.937426930206, Time : 22.149 s
Timestep : 420431, score : -4147.868385503825, Time : 22.11 s
Timestep : 429190, score : -3914.989848437792, Time : 22.107 s
Timestep : 437949, score : -3876.895292363668, Time : 22.014 s
Timestep : 446708, score : -4009.5139369362296, Time : 22.081 s
Timestep : 455467, score : -3480.0490667299164, Time : 22.134 s
Timestep : 464226, score : -3760.0820705909573, Time : 22.02 s
Timestep : 472985, score : -3870.405399349431, Time : 22.144 s
Timestep : 481744, score : -3597.2633519697993, Time : 22.098 s
Timestep : 490503, score : -3726.5521163557714, Time : 22.281 s
Timestep : 499262, score : -3481.853207129432, Time : 22.578 s
Timestep : 508021, score : -3659.408223564533, Time : 22.222 s
Timestep : 516780, score : -3630.285866212478, Time : 22.202 s
Timestep : 525539, score : -3819.751604884659, Time : 22.212 s
Timestep : 534298, score : -3834.3867861110775, Time : 22.097 s
Timestep : 543057, score : -2979.9938167572545, Time : 22.103 s
Timestep : 551816, score : -3216.1925279216666, Time : 22.13 s
Timestep : 560575, score : -3971.9448347476136, Time : 21.973 s
Timestep : 569334, score : -3924.802667972195, Time : 22.014 s
Timestep : 578093, score : -3587.405729009337, Time : 22.006 s
Timestep : 586852, score : -3785.570872969751, Time : 21.831 s
Timestep : 595611, score : -3939.4193005544657, Time : 21.857 s
Timestep : 604370, score : -3824.3979807561554, Time : 21.875 s
Timestep : 613129, score : -3831.131695276621, Time : 21.973 s
Timestep : 621888, score : -3882.763807499112, Time : 22.074 s
Timestep : 630647, score : -3825.3497831886198, Time : 21.666 s
Timestep : 639406, score : -3719.915515788045, Time : 22.11 s
Timestep : 648165, score : -3675.791129728459, Time : 22.131 s
Timestep : 656924, score : -3868.9735250715457, Time : 22.138 s
Timestep : 665683, score : -3599.847073241166, Time : 21.54 s
Timestep : 674442, score : -3365.0534526508127, Time : 22.13 s
Timestep : 683201, score : -3649.6843575870444, Time : 22.129 s
Timestep : 691960, score : -3023.625429801905, Time : 22.082 s
Timestep : 700719, score : -3579.8884283175285, Time : 22.118 s
Timestep : 709478, score : -3336.6927320093673, Time : 22.106 s
Timestep : 718237, score : -3438.374623412674, Time : 22.19 s
Timestep : 726996, score : -3805.16697810372, Time : 22.479 s
Timestep : 735755, score : -4457.948091644939, Time : 22.064 s
Timestep : 744514, score : -3762.969172066805, Time : 21.6 s
Timestep : 753273, score : -3329.487057141174, Time : 21.913 s
Timestep : 762032, score : -3519.533604717726, Time : 22.0 s
Timestep : 770791, score : -3472.2743084542744, Time : 21.431 s
Timestep : 779550, score : -3546.627131371555, Time : 21.409 s
Timestep : 788309, score : -4126.834412510652, Time : 21.666 s
Timestep : 797068, score : -4459.5872831022425, Time : 21.917 s
Timestep : 805827, score : -3782.471668593498, Time : 22.012 s
Timestep : 814586, score : -3528.538536293927, Time : 22.074 s
Timestep : 823345, score : -3669.431816676748, Time : 22.1 s
Timestep : 832104, score : -2862.244759633584, Time : 22.079 s
Timestep : 840863, score : -3192.5126786793553, Time : 22.043 s
Timestep : 849622, score : -2471.5914865593368, Time : 22.119 s
Timestep : 858381, score : -3411.95887455091, Time : 21.43 s
Timestep : 867140, score : -2904.8543599809345, Time : 21.379 s
Timestep : 875899, score : -2193.310409274476, Time : 21.4 s
Starting local evaluation
Num Steps: 1000, Num episodes: 0
Num Steps: 2000, Num episodes: 0
Num Steps: 3000, Num episodes: 0
Num Steps: 4000, Num episodes: 0
Num Steps: 5000, Num episodes: 0
Num Steps: 6000, Num episodes: 0
Num Steps: 7000, Num episodes: 0
Num Steps: 8000, Num episodes: 0
Episode complete: 1 | Latest episode metrics: {'price_cost': 0.8497945169736728, 'emmision_cost': 0.9533393832422727}
[-0.10628433] -0.10628432955813262
Average Price Cost: 0.8497945169736728
Average Emmision Cost: 0.9533393832422727
Average of both costs: 0.9015669501079728
Total time taken by agent: 2.615163561189547s
DONE!
