{'agent': 'DQN', 'action_selection': 'softmax', 'seed': 1, 'episodes': 100, 'data_path': 'data/citylearn_challenge_2022_phase_1', 'dry_run': False, 'n_discrete': 9, 'update_target': 4, 'lr': 1e-05, 'batch_size': 4, 'adam_epsilon': 1e-07, 'epsilon_final': 0.02, 'run_id': 157}
{'Notes': 'This is a tuning run, executed on a single building.',
 'action_selection': 'softmax',
 'adam_epsilon': 1e-07,
 'env': '<NormalizeObservation<OneHotHour<DiscreteSingle<CityLearnEnv '
        'instance>>>>',
 'final_exploration_rate': 0.02,
 'final_exploration_step': 1000,
 'gamma': 0.99,
 'initial_exploration_rate': 1,
 'learning_rate': 1e-05,
 'loss': 'mse',
 'minibatch_size': 4,
 'network': 'MLP(\n'
            '  (layers): Sequential(\n'
            '    (0): Linear(in_features=29, out_features=128, bias=True)\n'
            '    (1): ReLU()\n'
            '    (2): Linear(in_features=128, out_features=128, bias=True)\n'
            '    (3): ReLU()\n'
            '    (4): Linear(in_features=128, out_features=9, bias=True)\n'
            '  )\n'
            ')',
 'replay_buffer_size': 10000,
 'replay_start_size': 4,
 'seed': 1,
 'train_steps': 876000,
 'update_frequency': 1,
 'update_target_frequency': 4,
 'weight_scale': 1.4142135623730951}
Timestep : 8758, score : -10032.433758843305, Time : 22.805 s
Timestep : 17517, score : -4574.051409947948, Time : 23.036 s
Timestep : 26276, score : -4505.263993413566, Time : 22.97 s
Timestep : 35035, score : -4797.381949785544, Time : 22.989 s
Timestep : 43794, score : -4412.1180110065325, Time : 22.979 s
Timestep : 52553, score : -4218.379674629687, Time : 22.581 s
Timestep : 61312, score : -4171.941722118674, Time : 22.52 s
Timestep : 70071, score : -4202.283372137259, Time : 22.48 s
Timestep : 78830, score : -4491.992553850083, Time : 22.426 s
Timestep : 87589, score : -4430.596997215791, Time : 22.823 s
Timestep : 96348, score : -4393.686855623877, Time : 22.977 s
Timestep : 105107, score : -4375.433032498142, Time : 22.898 s
Timestep : 113866, score : -4391.859997644002, Time : 22.867 s
Timestep : 122625, score : -4403.746950021392, Time : 22.327 s
Timestep : 131384, score : -4376.439043882681, Time : 22.476 s
Timestep : 140143, score : -4301.305958574085, Time : 22.899 s
Timestep : 148902, score : -4247.909481184004, Time : 22.81 s
Timestep : 157661, score : -4278.9533293651475, Time : 22.846 s
Timestep : 166420, score : -4220.274295078969, Time : 22.558 s
Timestep : 175179, score : -4182.952542020503, Time : 22.337 s
Timestep : 183938, score : -4170.382702480449, Time : 22.513 s
Timestep : 192697, score : -4196.104910677677, Time : 22.601 s
Timestep : 201456, score : -4139.695878322615, Time : 22.952 s
Timestep : 210215, score : -4227.593384591004, Time : 22.683 s
Timestep : 218974, score : -4137.61057043304, Time : 22.402 s
Timestep : 227733, score : -4088.6313997352554, Time : 22.804 s
Timestep : 236492, score : -4130.608946022956, Time : 23.07 s
Timestep : 245251, score : -4166.207528987346, Time : 23.088 s
Timestep : 254010, score : -4106.614781969605, Time : 22.936 s
Timestep : 262769, score : -4109.610777636437, Time : 23.126 s
Timestep : 271528, score : -4085.1078765740676, Time : 22.867 s
Timestep : 280287, score : -4127.701286872296, Time : 22.803 s
Timestep : 289046, score : -4097.003687610297, Time : 23.113 s
Timestep : 297805, score : -4135.764369865326, Time : 23.134 s
Timestep : 306564, score : -4080.4185278913064, Time : 23.113 s
Timestep : 315323, score : -4155.062333577691, Time : 23.112 s
Timestep : 324082, score : -4094.581133318512, Time : 23.077 s
Timestep : 332841, score : -4090.7210383866477, Time : 23.022 s
Timestep : 341600, score : -4089.654625942072, Time : 23.024 s
Timestep : 350359, score : -4090.490348116873, Time : 23.078 s
Timestep : 359118, score : -4074.5998966145125, Time : 22.99 s
Timestep : 367877, score : -4092.804605392186, Time : 22.845 s
Timestep : 376636, score : -4093.406360184221, Time : 22.982 s
Timestep : 385395, score : -4149.511158764479, Time : 22.782 s
Timestep : 394154, score : -4048.132450123696, Time : 22.305 s
Timestep : 402913, score : -4065.6039516007586, Time : 22.629 s
Timestep : 411672, score : -4073.3889573117776, Time : 22.732 s
Timestep : 420431, score : -4061.5833010723873, Time : 22.617 s
Timestep : 429190, score : -4096.801280138461, Time : 22.815 s
Timestep : 437949, score : -4075.8162033533736, Time : 23.04 s
Timestep : 446708, score : -4084.2188698029204, Time : 22.839 s
Timestep : 455467, score : -4108.080817004113, Time : 22.646 s
Timestep : 464226, score : -4137.030718607275, Time : 23.024 s
Timestep : 472985, score : -4093.6918803280278, Time : 23.023 s
Timestep : 481744, score : -4072.9355034133478, Time : 23.076 s
Timestep : 490503, score : -4074.543144804804, Time : 23.041 s
Timestep : 499262, score : -4110.410080690941, Time : 22.25 s
Timestep : 508021, score : -4144.390008894799, Time : 22.458 s
Timestep : 516780, score : -4090.1087082525773, Time : 23.053 s
Timestep : 525539, score : -4081.9226649329794, Time : 23.057 s
Timestep : 534298, score : -4130.96564585474, Time : 22.995 s
Timestep : 543057, score : -4089.8431820659025, Time : 23.02 s
Timestep : 551816, score : -4107.76262532259, Time : 23.034 s
Timestep : 560575, score : -4139.562434608961, Time : 23.044 s
Timestep : 569334, score : -4191.014566678001, Time : 23.03 s
Timestep : 578093, score : -4119.681327655984, Time : 22.991 s
Timestep : 586852, score : -4157.121730924962, Time : 23.004 s
Timestep : 595611, score : -4086.7137944748683, Time : 22.774 s
Timestep : 604370, score : -4088.0966776135174, Time : 22.917 s
Timestep : 613129, score : -4062.2769545218034, Time : 22.924 s
Timestep : 621888, score : -4116.561923469795, Time : 22.656 s
Timestep : 630647, score : -4066.786303632034, Time : 22.449 s
Timestep : 639406, score : -4087.507588827124, Time : 22.127 s
Timestep : 648165, score : -4073.798154003365, Time : 22.646 s
Timestep : 656924, score : -4073.4546829922183, Time : 22.632 s
Timestep : 665683, score : -4110.356213457446, Time : 22.167 s
Timestep : 674442, score : -4088.7494972975983, Time : 22.775 s
Timestep : 683201, score : -4146.2820686562045, Time : 22.731 s
Timestep : 691960, score : -4088.785290060012, Time : 22.975 s
Timestep : 700719, score : -4083.496430469124, Time : 22.966 s
Timestep : 709478, score : -4082.197900184343, Time : 22.951 s
Timestep : 718237, score : -4078.6414562178834, Time : 22.569 s
Timestep : 726996, score : -4068.9600046122505, Time : 23.048 s
Timestep : 735755, score : -4085.673668100877, Time : 23.064 s
Timestep : 744514, score : -4123.5043897567375, Time : 22.577 s
Timestep : 753273, score : -4170.540463080077, Time : 22.813 s
Timestep : 762032, score : -4086.6112439049466, Time : 22.591 s
Timestep : 770791, score : -4065.377437820105, Time : 23.049 s
Timestep : 779550, score : -4107.689756513952, Time : 22.58 s
Timestep : 788309, score : -4103.336156964375, Time : 23.074 s
Timestep : 797068, score : -4165.8955598542525, Time : 23.052 s
Timestep : 805827, score : -4088.011530259071, Time : 23.069 s
Timestep : 814586, score : -4118.202971571503, Time : 23.036 s
Timestep : 823345, score : -4105.986962909723, Time : 23.073 s
Timestep : 832104, score : -4115.516751018731, Time : 22.693 s
Timestep : 840863, score : -4129.838724857269, Time : 22.255 s
Timestep : 849622, score : -4073.664597859053, Time : 22.261 s
Timestep : 858381, score : -4098.332906077063, Time : 22.234 s
Timestep : 867140, score : -4143.92320846075, Time : 22.451 s
Timestep : 875899, score : -4136.788140555291, Time : 22.294 s
Starting local evaluation
Num Steps: 1000, Num episodes: 0
Num Steps: 2000, Num episodes: 0
Num Steps: 3000, Num episodes: 0
Num Steps: 4000, Num episodes: 0
Num Steps: 5000, Num episodes: 0
Num Steps: 6000, Num episodes: 0
Num Steps: 7000, Num episodes: 0
Num Steps: 8000, Num episodes: 0
Episode complete: 1 | Latest episode metrics: {'price_cost': 1.0022394627520606, 'emmision_cost': 1.0044830577197785}
[-0.23413923] -0.23413922635530587
Average Price Cost: 1.0022394627520606
Average Emmision Cost: 1.0044830577197785
Average of both costs: 1.0033612602359194
Total time taken by agent: 3.7317480565980077s
DONE!
