{'agent': 'DQN', 'action_selection': 'egreedy', 'seed': 1, 'episodes': 100, 'data_path': 'data/citylearn_challenge_2022_phase_1', 'dry_run': False, 'n_discrete': 9, 'update_target': 16, 'lr': 1e-05, 'batch_size': 128, 'adam_epsilon': 1e-08, 'epsilon_final': 0.08, 'run_id': 329}
{'Notes': 'This is a tuning run, executed on a single building.',
 'action_selection': 'egreedy',
 'adam_epsilon': 1e-08,
 'env': '<NormalizeObservation<OneHotHour<DiscreteSingle<CityLearnEnv '
        'instance>>>>',
 'final_exploration_rate': 0.02,
 'final_exploration_step': 1000,
 'gamma': 0.99,
 'initial_exploration_rate': 1,
 'learning_rate': 1e-05,
 'loss': 'mse',
 'minibatch_size': 128,
 'network': 'MLP(\n'
            '  (layers): Sequential(\n'
            '    (0): Linear(in_features=29, out_features=128, bias=True)\n'
            '    (1): ReLU()\n'
            '    (2): Linear(in_features=128, out_features=128, bias=True)\n'
            '    (3): ReLU()\n'
            '    (4): Linear(in_features=128, out_features=9, bias=True)\n'
            '  )\n'
            ')',
 'replay_buffer_size': 10000,
 'replay_start_size': 128,
 'seed': 1,
 'train_steps': 876000,
 'update_frequency': 1,
 'update_target_frequency': 16,
 'weight_scale': 1.4142135623730951}
Timestep : 8758, score : -5954.080872943305, Time : 24.191 s
Timestep : 17517, score : -4550.368639188964, Time : 24.994 s
Timestep : 26276, score : -5097.415242987758, Time : 25.1 s
Timestep : 35035, score : -4774.597263616422, Time : 25.12 s
Timestep : 43794, score : -4525.237591565034, Time : 25.145 s
Timestep : 52553, score : -4773.05244914387, Time : 25.116 s
Timestep : 61312, score : -4571.199617033271, Time : 26.9 s
Timestep : 70071, score : -4586.314976006193, Time : 26.994 s
Timestep : 78830, score : -4693.334072002326, Time : 25.251 s
Timestep : 87589, score : -4714.354757201305, Time : 25.155 s
Timestep : 96348, score : -4638.85541835097, Time : 25.13 s
Timestep : 105107, score : -4610.113083448174, Time : 25.182 s
Timestep : 113866, score : -4409.813951613294, Time : 26.718 s
Timestep : 122625, score : -4169.874442192406, Time : 27.021 s
Timestep : 131384, score : -3687.4547705820587, Time : 26.979 s
Timestep : 140143, score : -3493.5393638327077, Time : 27.012 s
Timestep : 148902, score : -3390.3047450417944, Time : 26.99 s
Timestep : 157661, score : -3254.217808068759, Time : 26.985 s
Timestep : 166420, score : -2871.6204555847507, Time : 27.014 s
Timestep : 175179, score : -1946.3618909104553, Time : 27.005 s
Timestep : 183938, score : -2231.34951477524, Time : 27.002 s
Timestep : 192697, score : -2557.0140002477274, Time : 27.016 s
Timestep : 201456, score : -2202.5297921067395, Time : 26.915 s
Timestep : 210215, score : -2082.8586762340565, Time : 26.226 s
Timestep : 218974, score : -2280.4338434716046, Time : 26.961 s
Timestep : 227733, score : -1839.4518680736946, Time : 27.096 s
Timestep : 236492, score : -2057.816070734785, Time : 27.086 s
Timestep : 245251, score : -2234.073713087084, Time : 27.116 s
Timestep : 254010, score : -1940.8921053589147, Time : 27.113 s
Timestep : 262769, score : -1738.0259119000111, Time : 27.102 s
Timestep : 271528, score : -1626.9582691875112, Time : 27.088 s
Timestep : 280287, score : -1582.304222622217, Time : 27.098 s
Timestep : 289046, score : -1638.4521294156148, Time : 27.09 s
Timestep : 297805, score : -1807.2498631847848, Time : 27.097 s
Timestep : 306564, score : -1960.6354702579847, Time : 27.107 s
Timestep : 315323, score : -1987.2541752588731, Time : 27.093 s
Timestep : 324082, score : -1869.2987734200724, Time : 27.076 s
Timestep : 332841, score : -1522.9730424976733, Time : 27.073 s
Timestep : 341600, score : -1915.5545879166166, Time : 27.082 s
Timestep : 350359, score : -1613.5320374783187, Time : 27.052 s
Timestep : 359118, score : -1524.349261473777, Time : 27.087 s
Timestep : 367877, score : -1505.5774686666264, Time : 27.084 s
Timestep : 376636, score : -1548.1163118593686, Time : 27.089 s
Timestep : 385395, score : -1431.7890795397398, Time : 27.102 s
Timestep : 394154, score : -1454.2013383984158, Time : 27.075 s
Timestep : 402913, score : -1263.180969792913, Time : 27.079 s
Timestep : 411672, score : -1479.6052247733169, Time : 27.063 s
Timestep : 420431, score : -1376.6620662405912, Time : 25.634 s
Timestep : 429190, score : -1568.1694066133641, Time : 27.058 s
Timestep : 437949, score : -1379.5357791265997, Time : 27.073 s
Timestep : 446708, score : -1370.4255213117285, Time : 27.065 s
Timestep : 455467, score : -1201.9230192815012, Time : 27.065 s
Timestep : 464226, score : -1441.1520886444778, Time : 27.065 s
Timestep : 472985, score : -1310.419926062954, Time : 27.062 s
Timestep : 481744, score : -1667.2162107983895, Time : 27.067 s
Timestep : 490503, score : -1512.8193831054086, Time : 27.072 s
Timestep : 499262, score : -1430.306512971205, Time : 27.071 s
Timestep : 508021, score : -1404.0930103677383, Time : 27.859 s
Timestep : 516780, score : -1532.4149683821306, Time : 27.089 s
Timestep : 525539, score : -1321.8962640168902, Time : 27.094 s
Timestep : 534298, score : -1556.9717006292485, Time : 27.06 s
Timestep : 543057, score : -1211.4120760417136, Time : 27.09 s
Timestep : 551816, score : -1496.222911492252, Time : 27.054 s
Timestep : 560575, score : -1245.1401910371205, Time : 27.072 s
Timestep : 569334, score : -1386.5356389113294, Time : 27.058 s
Timestep : 578093, score : -1367.6823095329164, Time : 27.063 s
Timestep : 586852, score : -1289.1720784721256, Time : 27.059 s
Timestep : 595611, score : -1177.4850639495126, Time : 27.071 s
Timestep : 604370, score : -1219.4504454522685, Time : 26.982 s
Timestep : 613129, score : -1447.8859303187637, Time : 27.038 s
Timestep : 621888, score : -1255.5194278945273, Time : 27.054 s
Timestep : 630647, score : -1339.0454698504473, Time : 27.084 s
Timestep : 639406, score : -1270.5440680412867, Time : 27.082 s
Timestep : 648165, score : -1386.936267598212, Time : 27.065 s
Timestep : 656924, score : -1128.3590747358103, Time : 27.08 s
Timestep : 665683, score : -1374.0259632782836, Time : 27.056 s
Timestep : 674442, score : -1266.7620283783472, Time : 26.916 s
Timestep : 683201, score : -1389.4898789307626, Time : 26.881 s
Timestep : 691960, score : -1171.3835204405768, Time : 26.878 s
Timestep : 700719, score : -1261.3516342836956, Time : 26.902 s
Timestep : 709478, score : -1279.0131661569758, Time : 26.91 s
Timestep : 718237, score : -1464.552120990731, Time : 26.924 s
Timestep : 726996, score : -1416.008833618631, Time : 26.936 s
Timestep : 735755, score : -1400.4430264240655, Time : 27.025 s
Timestep : 744514, score : -1484.4175735252502, Time : 25.743 s
Timestep : 753273, score : -1281.146960868762, Time : 25.318 s
Timestep : 762032, score : -1478.1845299783454, Time : 25.319 s
Timestep : 770791, score : -1298.7047433130501, Time : 25.297 s
Timestep : 779550, score : -1382.4446322269796, Time : 26.373 s
Timestep : 788309, score : -1187.1051311180054, Time : 27.196 s
Timestep : 797068, score : -1305.622876615409, Time : 26.942 s
Timestep : 805827, score : -1295.4083112572844, Time : 27.072 s
Timestep : 814586, score : -1299.0653871669492, Time : 27.19 s
Timestep : 823345, score : -1318.6377861349902, Time : 27.16 s
Timestep : 832104, score : -1297.0557324040274, Time : 27.177 s
Timestep : 840863, score : -1385.6121352358314, Time : 27.202 s
Timestep : 849622, score : -1322.9844090368424, Time : 27.185 s
Timestep : 858381, score : -1538.8111474168545, Time : 27.199 s
Timestep : 867140, score : -1393.4014437432925, Time : 27.186 s
Timestep : 875899, score : -1385.02843813636, Time : 27.136 s
Starting local evaluation
Num Steps: 1000, Num episodes: 0
Num Steps: 2000, Num episodes: 0
Num Steps: 3000, Num episodes: 0
Num Steps: 4000, Num episodes: 0
Num Steps: 5000, Num episodes: 0
Num Steps: 6000, Num episodes: 0
Num Steps: 7000, Num episodes: 0
Num Steps: 8000, Num episodes: 0
Episode complete: 1 | Latest episode metrics: {'price_cost': 0.8379730844161039, 'emmision_cost': 0.923637792018157}
[-0.08119921] -0.08119920689457936
Average Price Cost: 0.8379730844161039
Average Emmision Cost: 0.923637792018157
Average of both costs: 0.8808054382171304
Total time taken by agent: 2.5362171744927764s
DONE!
