{'agent': 'DQN', 'action_selection': 'softmax', 'seed': 1, 'episodes': 100, 'data_path': 'data/citylearn_challenge_2022_phase_1', 'dry_run': False, 'n_discrete': 9, 'update_target': 4, 'lr': 0.07, 'batch_size': 256, 'adam_epsilon': 1e-08, 'epsilon_final': 0.02, 'run_id': 162}
{'Notes': 'This is a tuning run, executed on a single building.',
 'action_selection': 'softmax',
 'adam_epsilon': 1e-08,
 'env': '<NormalizeObservation<OneHotHour<DiscreteSingle<CityLearnEnv '
        'instance>>>>',
 'final_exploration_rate': 0.02,
 'final_exploration_step': 1000,
 'gamma': 0.99,
 'initial_exploration_rate': 1,
 'learning_rate': 0.07,
 'loss': 'mse',
 'minibatch_size': 256,
 'network': 'MLP(\n'
            '  (layers): Sequential(\n'
            '    (0): Linear(in_features=29, out_features=128, bias=True)\n'
            '    (1): ReLU()\n'
            '    (2): Linear(in_features=128, out_features=128, bias=True)\n'
            '    (3): ReLU()\n'
            '    (4): Linear(in_features=128, out_features=9, bias=True)\n'
            '  )\n'
            ')',
 'replay_buffer_size': 10000,
 'replay_start_size': 256,
 'seed': 1,
 'train_steps': 876000,
 'update_frequency': 1,
 'update_target_frequency': 4,
 'weight_scale': 1.4142135623730951}
Timestep : 8758, score : -8267.420569447364, Time : 37.984 s
Timestep : 17517, score : -8440.51440886427, Time : 38.854 s
Timestep : 26276, score : -7746.520991027661, Time : 38.656 s
Timestep : 35035, score : -9230.01565533891, Time : 38.389 s
Timestep : 43794, score : -12005.292973941388, Time : 38.839 s
Timestep : 52553, score : -15544.8977149932, Time : 38.731 s
Timestep : 61312, score : -10310.886563915323, Time : 38.404 s
Timestep : 70071, score : -8450.16397884088, Time : 35.405 s
Timestep : 78830, score : -13262.692360183719, Time : 36.078 s
Timestep : 87589, score : -10482.29274529971, Time : 38.635 s
Timestep : 96348, score : -10791.01383734509, Time : 38.943 s
Timestep : 105107, score : -9095.702292467264, Time : 37.99 s
Timestep : 113866, score : -10201.182741788522, Time : 40.1 s
Timestep : 122625, score : -12037.642107381791, Time : 37.764 s
Timestep : 131384, score : -12798.788661321232, Time : 36.915 s
Timestep : 140143, score : -13387.461707576367, Time : 38.115 s
Timestep : 148902, score : -14560.292430508722, Time : 38.829 s
Timestep : 157661, score : -14681.827282024868, Time : 36.738 s
Timestep : 166420, score : -13209.530591230097, Time : 39.784 s
Timestep : 175179, score : -13118.096609664892, Time : 38.728 s
Timestep : 183938, score : -15229.245695737845, Time : 38.771 s
Timestep : 192697, score : -15165.90431010013, Time : 38.878 s
Timestep : 201456, score : -15568.351695341698, Time : 38.813 s
Timestep : 210215, score : -15110.195022896893, Time : 37.976 s
Timestep : 218974, score : -14506.258957148762, Time : 38.244 s
Timestep : 227733, score : -18217.96199181836, Time : 38.607 s
Timestep : 236492, score : -15337.87037875627, Time : 38.508 s
Timestep : 245251, score : -15241.353052605584, Time : 38.507 s
Timestep : 254010, score : -15020.430619465318, Time : 38.638 s
Timestep : 262769, score : -16255.10510012848, Time : 37.585 s
Timestep : 271528, score : -16900.46447787725, Time : 39.516 s
Timestep : 280287, score : -16535.612041367545, Time : 34.031 s
Timestep : 289046, score : -16426.24665598893, Time : 32.363 s
Timestep : 297805, score : -16665.52432049655, Time : 35.294 s
Timestep : 306564, score : -14403.03563659617, Time : 38.184 s
Timestep : 315323, score : -17939.9049216555, Time : 38.746 s
Timestep : 324082, score : -15081.153709508682, Time : 38.899 s
Timestep : 332841, score : -16037.663044890127, Time : 32.632 s
Timestep : 341600, score : -15806.057479221068, Time : 35.242 s
Timestep : 350359, score : -16273.46763695644, Time : 38.939 s
Timestep : 359118, score : -16931.021513965694, Time : 33.142 s
Timestep : 367877, score : -17331.029628543372, Time : 31.881 s
Timestep : 376636, score : -16040.428596764526, Time : 33.296 s
Timestep : 385395, score : -16223.725119107476, Time : 31.672 s
Timestep : 394154, score : -16386.829238842125, Time : 36.73 s
Timestep : 402913, score : -16690.73660097763, Time : 37.151 s
Timestep : 411672, score : -14806.663898474628, Time : 36.213 s
Timestep : 420431, score : -17038.323371919134, Time : 37.89 s
Timestep : 429190, score : -17318.072418316733, Time : 37.686 s
Timestep : 437949, score : -17113.38227946093, Time : 34.148 s
Timestep : 446708, score : -17039.32777500948, Time : 39.785 s
Timestep : 455467, score : -15979.954834288656, Time : 37.379 s
Timestep : 464226, score : -16056.372067185526, Time : 36.777 s
Timestep : 472985, score : -15720.470302606947, Time : 38.961 s
Timestep : 481744, score : -18120.182780542993, Time : 38.946 s
Timestep : 490503, score : -17090.61202086811, Time : 36.726 s
Timestep : 499262, score : -15843.122344246018, Time : 39.737 s
Timestep : 508021, score : -16874.086374465056, Time : 37.201 s
Timestep : 516780, score : -16368.193660120553, Time : 38.617 s
Timestep : 525539, score : -16810.224880525973, Time : 31.652 s
Timestep : 534298, score : -15884.066662404352, Time : 31.21 s
Timestep : 543057, score : -17216.17689842575, Time : 33.237 s
Timestep : 551816, score : -17360.740076312242, Time : 38.547 s
Timestep : 560575, score : -16535.57211302135, Time : 38.764 s
Timestep : 569334, score : -16892.08435000568, Time : 38.063 s
Timestep : 578093, score : -17832.060883330065, Time : 36.144 s
Timestep : 586852, score : -16479.60493075513, Time : 37.61 s
Timestep : 595611, score : -15681.21929406609, Time : 31.923 s
Timestep : 604370, score : -16694.326872657286, Time : 33.693 s
Timestep : 613129, score : -16519.370762357867, Time : 38.775 s
Timestep : 621888, score : -15913.899643461526, Time : 35.598 s
Timestep : 630647, score : -15406.767423430647, Time : 37.304 s
Timestep : 639406, score : -16595.812197006337, Time : 31.771 s
Timestep : 648165, score : -16075.081830091309, Time : 34.982 s
Timestep : 656924, score : -17440.529202027486, Time : 35.754 s
Timestep : 665683, score : -16595.438638867927, Time : 36.482 s
Timestep : 674442, score : -17407.301431743414, Time : 38.364 s
Timestep : 683201, score : -15399.110242790943, Time : 37.653 s
Timestep : 691960, score : -16632.048717129117, Time : 36.411 s
Timestep : 700719, score : -16501.78195800593, Time : 37.698 s
Timestep : 709478, score : -16201.146544042276, Time : 38.231 s
Timestep : 718237, score : -16996.422130876832, Time : 38.752 s
Timestep : 726996, score : -17659.817616288783, Time : 39.069 s
Timestep : 735755, score : -15089.125562281231, Time : 38.507 s
Timestep : 744514, score : -16551.79205260647, Time : 35.665 s
Timestep : 753273, score : -14982.599991562267, Time : 32.053 s
Timestep : 762032, score : -17228.63909362143, Time : 31.992 s
Timestep : 770791, score : -16232.157976800809, Time : 32.047 s
Timestep : 779550, score : -16881.604047527377, Time : 30.857 s
Timestep : 788309, score : -15675.995901017173, Time : 33.531 s
Timestep : 797068, score : -16423.565279105227, Time : 32.543 s
Timestep : 805827, score : -16012.590270780493, Time : 29.658 s
Timestep : 814586, score : -16046.676478583366, Time : 33.532 s
Timestep : 823345, score : -16400.952950699328, Time : 36.785 s
Timestep : 832104, score : -16167.445541877023, Time : 30.474 s
Timestep : 840863, score : -15087.34792763491, Time : 37.591 s
Timestep : 849622, score : -16274.113121983944, Time : 34.625 s
Timestep : 858381, score : -16403.958472337457, Time : 36.51 s
Timestep : 867140, score : -16841.202681340423, Time : 36.68 s
Timestep : 875899, score : -17396.068380904224, Time : 36.827 s
Starting local evaluation
Num Steps: 1000, Num episodes: 0
Num Steps: 2000, Num episodes: 0
Num Steps: 3000, Num episodes: 0
Num Steps: 4000, Num episodes: 0
Num Steps: 5000, Num episodes: 0
Num Steps: 6000, Num episodes: 0
Num Steps: 7000, Num episodes: 0
Num Steps: 8000, Num episodes: 0
Episode complete: 1 | Latest episode metrics: {'price_cost': 1.0, 'emmision_cost': 1.0}
[-0.23006123] -0.23006122589809516
Average Price Cost: 1.0
Average Emmision Cost: 1.0
Average of both costs: 1.0
Total time taken by agent: 4.136813805991551s
DONE!
