{'agent': 'DQN', 'action_selection': 'softmax', 'seed': 1, 'episodes': 100, 'data_path': 'data/citylearn_challenge_2022_phase_1', 'dry_run': False, 'n_discrete': 9, 'update_target': 8, 'lr': 0.007, 'batch_size': 8, 'adam_epsilon': 1e-08, 'epsilon_final': 0.02, 'run_id': 83}
{'Notes': 'This is a tuning run, executed on a single building.',
 'action_selection': 'softmax',
 'adam_epsilon': 1e-08,
 'env': '<NormalizeObservation<OneHotHour<DiscreteSingle<CityLearnEnv '
        'instance>>>>',
 'final_exploration_rate': 0.02,
 'final_exploration_step': 1000,
 'gamma': 0.99,
 'initial_exploration_rate': 1,
 'learning_rate': 0.007,
 'loss': 'mse',
 'minibatch_size': 8,
 'network': 'MLP(\n'
            '  (layers): Sequential(\n'
            '    (0): Linear(in_features=29, out_features=128, bias=True)\n'
            '    (1): ReLU()\n'
            '    (2): Linear(in_features=128, out_features=128, bias=True)\n'
            '    (3): ReLU()\n'
            '    (4): Linear(in_features=128, out_features=9, bias=True)\n'
            '  )\n'
            ')',
 'replay_buffer_size': 10000,
 'replay_start_size': 8,
 'seed': 1,
 'train_steps': 876000,
 'update_frequency': 1,
 'update_target_frequency': 8,
 'weight_scale': 1.4142135623730951}
Timestep : 8758, score : -5560.9558636172005, Time : 20.719 s
Timestep : 17517, score : -7731.095459289107, Time : 20.657 s
Timestep : 26276, score : -6324.026766116178, Time : 21.293 s
Timestep : 35035, score : -9433.26999321983, Time : 22.149 s
Timestep : 43794, score : -7430.748856948034, Time : 20.72 s
Timestep : 52553, score : -8987.09890098752, Time : 20.747 s
Timestep : 61312, score : -7396.015801870526, Time : 21.091 s
Timestep : 70071, score : -7527.886493872647, Time : 21.026 s
Timestep : 78830, score : -7329.397194041085, Time : 21.377 s
Timestep : 87589, score : -9020.192723600965, Time : 21.764 s
Timestep : 96348, score : -7516.860672098148, Time : 21.519 s
Timestep : 105107, score : -7363.847836060289, Time : 21.502 s
Timestep : 113866, score : -8843.599895415711, Time : 21.524 s
Timestep : 122625, score : -8029.067425397647, Time : 21.636 s
Timestep : 131384, score : -7641.187956294627, Time : 21.943 s
Timestep : 140143, score : -8188.624447792259, Time : 21.796 s
Timestep : 148902, score : -8134.536002413748, Time : 21.539 s
Timestep : 157661, score : -8280.586402312765, Time : 21.52 s
Timestep : 166420, score : -8186.742292698778, Time : 21.58 s
Timestep : 175179, score : -8733.469669659113, Time : 21.694 s
Timestep : 183938, score : -8453.728170505172, Time : 21.944 s
Timestep : 192697, score : -8220.71214285471, Time : 21.738 s
Timestep : 201456, score : -8361.262354496823, Time : 21.188 s
Timestep : 210215, score : -8531.787171255593, Time : 21.518 s
Timestep : 218974, score : -8422.649412841449, Time : 21.543 s
Timestep : 227733, score : -7891.215456093967, Time : 21.801 s
Timestep : 236492, score : -8425.220965624518, Time : 21.876 s
Timestep : 245251, score : -8842.68804966638, Time : 21.677 s
Timestep : 254010, score : -9107.239989321133, Time : 21.552 s
Timestep : 262769, score : -8400.850395236412, Time : 21.554 s
Timestep : 271528, score : -8708.655917778757, Time : 21.6 s
Timestep : 280287, score : -8383.330560093156, Time : 21.847 s
Timestep : 289046, score : -8282.906367484218, Time : 21.94 s
Timestep : 297805, score : -8733.927917170135, Time : 21.651 s
Timestep : 306564, score : -8778.5964322133, Time : 21.624 s
Timestep : 315323, score : -9297.746709773157, Time : 21.613 s
Timestep : 324082, score : -9075.808781869666, Time : 21.717 s
Timestep : 332841, score : -9434.722777439078, Time : 21.932 s
Timestep : 341600, score : -8209.610039902764, Time : 21.901 s
Timestep : 350359, score : -8090.861925173813, Time : 21.535 s
Timestep : 359118, score : -8296.229397687552, Time : 21.589 s
Timestep : 367877, score : -8635.69923243302, Time : 21.563 s
Timestep : 376636, score : -8732.351614077605, Time : 21.721 s
Timestep : 385395, score : -8710.153828219118, Time : 21.959 s
Timestep : 394154, score : -8731.834668856609, Time : 21.786 s
Timestep : 402913, score : -9326.037247651679, Time : 21.539 s
Timestep : 411672, score : -9178.324184605066, Time : 21.572 s
Timestep : 420431, score : -8632.168211832715, Time : 21.55 s
Timestep : 429190, score : -8583.102352810092, Time : 21.785 s
Timestep : 437949, score : -8098.105008040977, Time : 21.942 s
Timestep : 446708, score : -8223.441217627915, Time : 21.692 s
Timestep : 455467, score : -7959.3276558955695, Time : 21.575 s
Timestep : 464226, score : -8899.310491093267, Time : 21.59 s
Timestep : 472985, score : -7815.695105384293, Time : 21.536 s
Timestep : 481744, score : -8472.858174584602, Time : 21.928 s
Timestep : 490503, score : -8260.132162361944, Time : 21.922 s
Timestep : 499262, score : -8436.59919154353, Time : 21.592 s
Timestep : 508021, score : -8612.326410564507, Time : 21.596 s
Timestep : 516780, score : -9144.373652293536, Time : 21.655 s
Timestep : 525539, score : -9030.503333545596, Time : 21.726 s
Timestep : 534298, score : -9059.594220864383, Time : 21.962 s
Timestep : 543057, score : -8566.826820113463, Time : 21.891 s
Timestep : 551816, score : -8778.30617101393, Time : 21.612 s
Timestep : 560575, score : -8193.224897158361, Time : 21.606 s
Timestep : 569334, score : -9437.063397104343, Time : 21.608 s
Timestep : 578093, score : -8700.24674596943, Time : 21.769 s
Timestep : 586852, score : -8443.136516066807, Time : 21.976 s
Timestep : 595611, score : -8796.932713543021, Time : 21.739 s
Timestep : 604370, score : -7677.20408041741, Time : 21.547 s
Timestep : 613129, score : -8885.941085212922, Time : 21.494 s
Timestep : 621888, score : -8945.411303116125, Time : 21.545 s
Timestep : 630647, score : -8168.87390716144, Time : 21.802 s
Timestep : 639406, score : -8668.10829563535, Time : 21.923 s
Timestep : 648165, score : -9093.513082421458, Time : 21.661 s
Timestep : 656924, score : -9001.0738099753, Time : 21.584 s
Timestep : 665683, score : -8349.040536862958, Time : 21.548 s
Timestep : 674442, score : -8080.773121104343, Time : 21.501 s
DONE!
