{'agent': 'DQN', 'action_selection': 'egreedy', 'seed': 1, 'episodes': 100, 'data_path': 'data/citylearn_challenge_2022_phase_1', 'dry_run': False, 'n_discrete': 9, 'update_target': 16, 'lr': 0.007, 'batch_size': 1, 'adam_epsilon': 0.001, 'epsilon_final': 0.01, 'run_id': 241}
{'Notes': 'This is a tuning run, executed on a single building.',
 'action_selection': 'egreedy',
 'adam_epsilon': 0.001,
 'env': '<NormalizeObservation<OneHotHour<DiscreteSingle<CityLearnEnv '
        'instance>>>>',
 'final_exploration_rate': 0.02,
 'final_exploration_step': 1000,
 'gamma': 0.99,
 'initial_exploration_rate': 1,
 'learning_rate': 0.007,
 'loss': 'mse',
 'minibatch_size': 1,
 'network': 'MLP(\n'
            '  (layers): Sequential(\n'
            '    (0): Linear(in_features=29, out_features=128, bias=True)\n'
            '    (1): ReLU()\n'
            '    (2): Linear(in_features=128, out_features=128, bias=True)\n'
            '    (3): ReLU()\n'
            '    (4): Linear(in_features=128, out_features=9, bias=True)\n'
            '  )\n'
            ')',
 'replay_buffer_size': 10000,
 'replay_start_size': 1,
 'seed': 1,
 'train_steps': 876000,
 'update_frequency': 1,
 'update_target_frequency': 16,
 'weight_scale': 1.4142135623730951}
Timestep : 8758, score : -6221.231584742345, Time : 20.957 s
Timestep : 17517, score : -4991.469711398153, Time : 21.349 s
Timestep : 26276, score : -5351.045655425434, Time : 21.607 s
Timestep : 35035, score : -5215.877417069656, Time : 21.632 s
Timestep : 43794, score : -5515.861891229062, Time : 21.402 s
Timestep : 52553, score : -5482.178293144985, Time : 21.466 s
Timestep : 61312, score : -5289.285895818175, Time : 21.459 s
Timestep : 70071, score : -5328.248745056015, Time : 21.135 s
Timestep : 78830, score : -5812.452450686862, Time : 21.135 s
Timestep : 87589, score : -5735.431655918626, Time : 21.493 s
Timestep : 96348, score : -5776.480222775863, Time : 21.499 s
Timestep : 105107, score : -5750.958212764075, Time : 21.486 s
Timestep : 113866, score : -5573.765077874792, Time : 20.938 s
Timestep : 122625, score : -5872.06498794668, Time : 21.242 s
Timestep : 131384, score : -5684.238069226645, Time : 21.089 s
Timestep : 140143, score : -5317.148376837169, Time : 21.216 s
Timestep : 148902, score : -5550.343057592589, Time : 21.488 s
Timestep : 157661, score : -5912.60345673743, Time : 21.277 s
Timestep : 166420, score : -6862.805343757238, Time : 21.52 s
Timestep : 175179, score : -6111.974372628989, Time : 21.38 s
Timestep : 183938, score : -5921.576938650134, Time : 21.365 s
Timestep : 192697, score : -5874.083142548639, Time : 21.139 s
Timestep : 201456, score : -5522.063216876617, Time : 20.901 s
Timestep : 210215, score : -6390.346233365548, Time : 20.855 s
Timestep : 218974, score : -6143.348288585694, Time : 21.446 s
Timestep : 227733, score : -6834.017296071543, Time : 21.733 s
Timestep : 236492, score : -6879.160864847276, Time : 21.454 s
Timestep : 245251, score : -6404.66350160251, Time : 21.399 s
Timestep : 254010, score : -5927.514890802471, Time : 21.245 s
Timestep : 262769, score : -5746.251427905299, Time : 21.532 s
Timestep : 271528, score : -8012.456323057879, Time : 21.539 s
Timestep : 280287, score : -6440.885815198795, Time : 21.496 s
Timestep : 289046, score : -6177.222115058874, Time : 21.513 s
Timestep : 297805, score : -6069.516369193821, Time : 21.515 s
Timestep : 306564, score : -10553.831596193748, Time : 21.522 s
Timestep : 315323, score : -6948.180884040383, Time : 21.809 s
Timestep : 324082, score : -7070.542014610866, Time : 21.714 s
Timestep : 332841, score : -7330.502710775501, Time : 21.504 s
Timestep : 341600, score : -6597.369291410738, Time : 21.303 s
Timestep : 350359, score : -6786.769725878519, Time : 21.383 s
Timestep : 359118, score : -7818.898211381427, Time : 20.832 s
Timestep : 367877, score : -6417.971531278832, Time : 21.218 s
Timestep : 376636, score : -6101.496292318247, Time : 21.507 s
Timestep : 385395, score : -7055.383999764948, Time : 21.33 s
Timestep : 394154, score : -6087.144300131549, Time : 21.509 s
Timestep : 402913, score : -5528.6409460623545, Time : 21.58 s
Timestep : 411672, score : -6992.704245786605, Time : 21.949 s
Timestep : 420431, score : -5775.766034529646, Time : 21.723 s
Timestep : 429190, score : -5963.057002701709, Time : 21.506 s
Timestep : 437949, score : -6111.833214698941, Time : 21.387 s
Timestep : 446708, score : -7658.656200054014, Time : 20.879 s
Timestep : 455467, score : -7236.294687436224, Time : 20.884 s
Timestep : 464226, score : -6493.312220124906, Time : 20.864 s
Timestep : 472985, score : -6524.39022450769, Time : 21.025 s
Timestep : 481744, score : -6272.3297175722255, Time : 21.085 s
Timestep : 490503, score : -6637.890516807587, Time : 21.285 s
Timestep : 499262, score : -6841.658280036325, Time : 21.567 s
Timestep : 508021, score : -5162.350559937215, Time : 21.863 s
Timestep : 516780, score : -6783.450892184308, Time : 21.897 s
Timestep : 525539, score : -9783.438314288884, Time : 21.605 s
Timestep : 534298, score : -9416.576996295418, Time : 21.704 s
Timestep : 543057, score : -7418.119748113822, Time : 21.084 s
Timestep : 551816, score : -6533.995660642584, Time : 21.125 s
Timestep : 560575, score : -6165.740059485106, Time : 20.799 s
Timestep : 569334, score : -6603.4125285418995, Time : 20.617 s
Timestep : 578093, score : -5740.099418397134, Time : 20.629 s
Timestep : 586852, score : -5129.861331139487, Time : 20.657 s
Timestep : 595611, score : -5450.104966333049, Time : 20.706 s
Timestep : 604370, score : -5372.239374100769, Time : 21.17 s
Timestep : 613129, score : -5767.742898910161, Time : 20.784 s
Timestep : 621888, score : -5366.431142317277, Time : 20.93 s
Timestep : 630647, score : -5612.743083615234, Time : 21.107 s
Timestep : 639406, score : -6282.359728219133, Time : 21.25 s
Timestep : 648165, score : -7645.894077705438, Time : 21.248 s
Timestep : 656924, score : -6070.122695334285, Time : 20.933 s
Timestep : 665683, score : -6376.349250142768, Time : 21.229 s
Timestep : 674442, score : -5492.3773068975715, Time : 20.918 s
Timestep : 683201, score : -5616.162660671311, Time : 21.247 s
Timestep : 691960, score : -5732.277448208566, Time : 21.337 s
Timestep : 700719, score : -5814.575069631523, Time : 21.161 s
Timestep : 709478, score : -5645.908363920316, Time : 21.338 s
Timestep : 718237, score : -6251.4581245552545, Time : 20.614 s
Timestep : 726996, score : -5963.142727944796, Time : 20.619 s
Timestep : 735755, score : -5376.026984969532, Time : 21.001 s
Timestep : 744514, score : -6554.698712604266, Time : 21.18 s
Timestep : 753273, score : -7245.278208900119, Time : 21.254 s
Timestep : 762032, score : -5548.64817921762, Time : 21.247 s
Timestep : 770791, score : -6454.610747921703, Time : 20.975 s
Timestep : 779550, score : -5855.662487591224, Time : 20.908 s
Timestep : 788309, score : -6068.783041518094, Time : 21.282 s
Timestep : 797068, score : -5620.805425534403, Time : 21.633 s
Timestep : 805827, score : -5528.404769094574, Time : 21.406 s
Timestep : 814586, score : -5141.694636061584, Time : 20.948 s
Timestep : 823345, score : -4926.070689157961, Time : 20.583 s
Timestep : 832104, score : -5492.997103932459, Time : 20.576 s
Timestep : 840863, score : -5085.660260673991, Time : 20.96 s
Timestep : 849622, score : -5033.997305055411, Time : 21.235 s
Timestep : 858381, score : -5234.2404431316245, Time : 21.205 s
Timestep : 867140, score : -5036.868010472346, Time : 21.227 s
Timestep : 875899, score : -5217.042880123976, Time : 21.217 s
Starting local evaluation
Num Steps: 1000, Num episodes: 0
Num Steps: 2000, Num episodes: 0
Num Steps: 3000, Num episodes: 0
Num Steps: 4000, Num episodes: 0
Num Steps: 5000, Num episodes: 0
Num Steps: 6000, Num episodes: 0
Num Steps: 7000, Num episodes: 0
Num Steps: 8000, Num episodes: 0
Episode complete: 1 | Latest episode metrics: {'price_cost': 1.005500027750841, 'emmision_cost': 1.0060998316327847}
[-0.23718208] -0.23718207815298245
Average Price Cost: 1.005500027750841
Average Emmision Cost: 1.0060998316327847
Average of both costs: 1.005799929691813
Total time taken by agent: 2.4773341621039435s
DONE!
