{'agent': 'DQN', 'action_selection': 'softmax', 'seed': 1, 'episodes': 100, 'data_path': 'data/citylearn_challenge_2022_phase_1', 'dry_run': False, 'n_discrete': 9, 'update_target': 32, 'lr': 0.1, 'batch_size': 8, 'adam_epsilon': 1e-09, 'epsilon_final': 0.02, 'run_id': 138}
{'Notes': 'This is a tuning run, executed on a single building.',
 'action_selection': 'softmax',
 'adam_epsilon': 1e-09,
 'env': '<NormalizeObservation<OneHotHour<DiscreteSingle<CityLearnEnv '
        'instance>>>>',
 'final_exploration_rate': 0.02,
 'final_exploration_step': 1000,
 'gamma': 0.99,
 'initial_exploration_rate': 1,
 'learning_rate': 0.1,
 'loss': 'mse',
 'minibatch_size': 8,
 'network': 'MLP(\n'
            '  (layers): Sequential(\n'
            '    (0): Linear(in_features=29, out_features=128, bias=True)\n'
            '    (1): ReLU()\n'
            '    (2): Linear(in_features=128, out_features=128, bias=True)\n'
            '    (3): ReLU()\n'
            '    (4): Linear(in_features=128, out_features=9, bias=True)\n'
            '  )\n'
            ')',
 'replay_buffer_size': 10000,
 'replay_start_size': 8,
 'seed': 1,
 'train_steps': 876000,
 'update_frequency': 1,
 'update_target_frequency': 32,
 'weight_scale': 1.4142135623730951}
Timestep : 8758, score : -4358.4184807282, Time : 21.477 s
Timestep : 17517, score : -4078.46136913207, Time : 20.358 s
Timestep : 26276, score : -4087.2035674391373, Time : 20.437 s
Timestep : 35035, score : -4122.7909631518705, Time : 20.557 s
Timestep : 43794, score : -4163.906302712305, Time : 20.727 s
Timestep : 52553, score : -4137.663762090175, Time : 20.564 s
Timestep : 61312, score : -4204.413950540504, Time : 20.809 s
Timestep : 70071, score : -4121.91593771, Time : 21.686 s
Timestep : 78830, score : -4171.563407519279, Time : 20.526 s
Timestep : 87589, score : -4123.549477733002, Time : 20.931 s
Timestep : 96348, score : -4116.260440406768, Time : 22.362 s
Timestep : 105107, score : -4129.950351954583, Time : 23.588 s
Timestep : 113866, score : -4176.198551999827, Time : 20.364 s
Timestep : 122625, score : -4068.256518205075, Time : 24.042 s
Timestep : 131384, score : -4086.8971779900894, Time : 20.626 s
Timestep : 140143, score : -4166.199297061568, Time : 20.674 s
Timestep : 148902, score : -4091.851300438313, Time : 20.462 s
Timestep : 157661, score : -4181.98686562381, Time : 21.324 s
Timestep : 166420, score : -4242.445571539487, Time : 20.418 s
Timestep : 175179, score : -4113.4395008063, Time : 20.46 s
Timestep : 183938, score : -4161.828170329711, Time : 20.572 s
Timestep : 192697, score : -4111.3126550814195, Time : 20.449 s
Timestep : 201456, score : -4278.999075307889, Time : 20.52 s
Timestep : 210215, score : -4191.5710716893955, Time : 20.569 s
Timestep : 218974, score : -4238.400666601403, Time : 20.554 s
Timestep : 227733, score : -4248.326978375582, Time : 20.831 s
Timestep : 236492, score : -4116.531278540759, Time : 20.809 s
Timestep : 245251, score : -4241.968227801757, Time : 20.581 s
Timestep : 254010, score : -4136.866350288881, Time : 20.55 s
Timestep : 262769, score : -4120.5671240551455, Time : 20.455 s
Timestep : 271528, score : -4151.035698135762, Time : 20.592 s
Timestep : 280287, score : -4071.920724074851, Time : 20.558 s
Timestep : 289046, score : -4048.2900159260316, Time : 20.451 s
Timestep : 297805, score : -4115.131112859031, Time : 21.384 s
Timestep : 306564, score : -4124.050548063038, Time : 20.835 s
Timestep : 315323, score : -4179.8819633511885, Time : 21.17 s
Timestep : 324082, score : -4133.17917768404, Time : 20.674 s
Timestep : 332841, score : -4161.984865743114, Time : 20.895 s
Timestep : 341600, score : -4147.582519975869, Time : 21.257 s
Timestep : 350359, score : -4157.530964625446, Time : 20.495 s
Timestep : 359118, score : -4222.642020271538, Time : 21.187 s
Timestep : 367877, score : -4116.506074373989, Time : 20.41 s
Timestep : 376636, score : -4151.532551222859, Time : 20.618 s
Timestep : 385395, score : -4166.983060983388, Time : 20.576 s
Timestep : 394154, score : -4129.152020899026, Time : 20.701 s
Timestep : 402913, score : -4127.318085170729, Time : 20.805 s
Timestep : 411672, score : -4139.946623628406, Time : 20.575 s
Timestep : 420431, score : -4112.094039497344, Time : 20.556 s
Timestep : 429190, score : -4101.600207169919, Time : 21.052 s
Timestep : 437949, score : -4182.228586224286, Time : 20.927 s
Timestep : 446708, score : -4112.973058029456, Time : 21.568 s
Timestep : 455467, score : -4190.603829790285, Time : 21.086 s
Timestep : 464226, score : -4210.321595685935, Time : 20.878 s
Timestep : 472985, score : -4154.85674512331, Time : 20.634 s
Timestep : 481744, score : -4261.321272177069, Time : 20.578 s
Timestep : 490503, score : -4165.285135249986, Time : 20.614 s
Timestep : 499262, score : -4151.168519659346, Time : 20.664 s
Timestep : 508021, score : -4113.044563523872, Time : 20.718 s
Timestep : 516780, score : -4140.835946129082, Time : 20.624 s
Timestep : 525539, score : -4107.317354475526, Time : 20.816 s
Timestep : 534298, score : -4168.922450912563, Time : 20.769 s
Timestep : 543057, score : -4137.23197613415, Time : 20.425 s
Timestep : 551816, score : -4156.53333260995, Time : 20.381 s
Timestep : 560575, score : -4157.770307165949, Time : 20.587 s
Timestep : 569334, score : -4085.0243393084093, Time : 20.749 s
Timestep : 578093, score : -4315.747731915471, Time : 20.569 s
Timestep : 586852, score : -4145.1393907195015, Time : 20.651 s
Timestep : 595611, score : -4229.170319474681, Time : 20.523 s
Timestep : 604370, score : -4164.72111558207, Time : 20.691 s
Timestep : 613129, score : -4082.5767186706944, Time : 20.496 s
Timestep : 621888, score : -4099.268502359191, Time : 21.149 s
Timestep : 630647, score : -4076.494322047947, Time : 20.834 s
Timestep : 639406, score : -4148.638521564455, Time : 20.711 s
Timestep : 648165, score : -4136.153396391688, Time : 20.508 s
Timestep : 656924, score : -4130.8919923020585, Time : 20.697 s
Timestep : 665683, score : -4085.602408138482, Time : 20.123 s
Timestep : 674442, score : -4098.78870569673, Time : 20.566 s
Timestep : 683201, score : -4152.809325290989, Time : 21.029 s
Timestep : 691960, score : -4207.208037824748, Time : 20.693 s
Timestep : 700719, score : -4117.486484537745, Time : 20.554 s
Timestep : 709478, score : -4216.438032943202, Time : 20.521 s
Timestep : 718237, score : -4093.545837642072, Time : 20.63 s
Timestep : 726996, score : -4216.960959092161, Time : 20.769 s
Timestep : 735755, score : -4130.811024863651, Time : 20.63 s
Timestep : 744514, score : -4181.688882044895, Time : 20.618 s
Timestep : 753273, score : -4112.812353019981, Time : 20.619 s
Timestep : 762032, score : -4147.703214188485, Time : 21.417 s
Timestep : 770791, score : -4200.765140568285, Time : 20.358 s
Timestep : 779550, score : -4132.216118742275, Time : 20.391 s
Timestep : 788309, score : -4153.361247999041, Time : 20.37 s
Timestep : 797068, score : -4238.706189734308, Time : 21.906 s
Timestep : 805827, score : -4181.143694806291, Time : 20.475 s
Timestep : 814586, score : -4139.039332191838, Time : 20.49 s
Timestep : 823345, score : -4091.3639610167884, Time : 20.682 s
Timestep : 832104, score : -4233.933995695814, Time : 20.573 s
Timestep : 840863, score : -4198.263631553535, Time : 20.437 s
Timestep : 849622, score : -4096.9775039753, Time : 20.358 s
Timestep : 858381, score : -4204.820393789007, Time : 22.724 s
Timestep : 867140, score : -4271.259509627154, Time : 23.108 s
Timestep : 875899, score : -4104.917080779938, Time : 20.542 s
Starting local evaluation
Num Steps: 1000, Num episodes: 0
Num Steps: 2000, Num episodes: 0
Num Steps: 3000, Num episodes: 0
Num Steps: 4000, Num episodes: 0
Num Steps: 5000, Num episodes: 0
Num Steps: 6000, Num episodes: 0
Num Steps: 7000, Num episodes: 0
Num Steps: 8000, Num episodes: 0
Episode complete: 1 | Latest episode metrics: {'price_cost': 1.0114586749557424, 'emmision_cost': 1.0135683331704324}
[-0.24540367] -0.24540367291439574
Average Price Cost: 1.0114586749557424
Average Emmision Cost: 1.0135683331704324
Average of both costs: 1.0125135040630875
Total time taken by agent: 3.1799200321547687s
DONE!
