{'agent': 'DQN', 'action_selection': 'egreedy', 'seed': 1, 'episodes': 100, 'data_path': 'data/citylearn_challenge_2022_phase_1', 'dry_run': False, 'n_discrete': 9, 'update_target': 16, 'lr': 0.01, 'batch_size': 1, 'adam_epsilon': 0.001, 'epsilon_final': 0.08, 'run_id': 275}
{'Notes': 'This is a tuning run, executed on a single building.',
 'action_selection': 'egreedy',
 'adam_epsilon': 0.001,
 'env': '<NormalizeObservation<OneHotHour<DiscreteSingle<CityLearnEnv '
        'instance>>>>',
 'final_exploration_rate': 0.02,
 'final_exploration_step': 1000,
 'gamma': 0.99,
 'initial_exploration_rate': 1,
 'learning_rate': 0.01,
 'loss': 'mse',
 'minibatch_size': 1,
 'network': 'MLP(\n'
            '  (layers): Sequential(\n'
            '    (0): Linear(in_features=29, out_features=128, bias=True)\n'
            '    (1): ReLU()\n'
            '    (2): Linear(in_features=128, out_features=128, bias=True)\n'
            '    (3): ReLU()\n'
            '    (4): Linear(in_features=128, out_features=9, bias=True)\n'
            '  )\n'
            ')',
 'replay_buffer_size': 10000,
 'replay_start_size': 1,
 'seed': 1,
 'train_steps': 876000,
 'update_frequency': 1,
 'update_target_frequency': 16,
 'weight_scale': 1.4142135623730951}
Timestep : 8758, score : -6023.131189950305, Time : 25.422 s
Timestep : 17517, score : -5098.921644260554, Time : 21.473 s
Timestep : 26276, score : -5379.9344874866365, Time : 21.459 s
Timestep : 35035, score : -5317.995198574456, Time : 21.477 s
Timestep : 43794, score : -5446.7943735819135, Time : 21.52 s
Timestep : 52553, score : -5535.274706840937, Time : 21.489 s
Timestep : 61312, score : -5651.999612067855, Time : 21.518 s
Timestep : 70071, score : -5350.348383015051, Time : 21.522 s
Timestep : 78830, score : -5797.725064027036, Time : 21.505 s
Timestep : 87589, score : -5788.2316698255745, Time : 21.539 s
Timestep : 96348, score : -5965.110856192565, Time : 21.512 s
Timestep : 105107, score : -6136.263753751322, Time : 21.523 s
Timestep : 113866, score : -5606.824920676561, Time : 21.529 s
Timestep : 122625, score : -6336.715027192753, Time : 21.548 s
Timestep : 131384, score : -5760.31928250441, Time : 21.524 s
Timestep : 140143, score : -6154.328131783805, Time : 21.534 s
Timestep : 148902, score : -5491.319393821323, Time : 21.506 s
Timestep : 157661, score : -6627.916693425621, Time : 21.535 s
Timestep : 166420, score : -5361.693848849347, Time : 21.542 s
Timestep : 175179, score : -6218.414067473641, Time : 21.527 s
Timestep : 183938, score : -5609.034068552224, Time : 21.534 s
Timestep : 192697, score : -5469.019454607187, Time : 21.534 s
Timestep : 201456, score : -5494.031882792551, Time : 21.518 s
Timestep : 210215, score : -5777.171942472836, Time : 21.539 s
Timestep : 218974, score : -5807.533754113509, Time : 21.54 s
Timestep : 227733, score : -5339.660089558834, Time : 21.524 s
Timestep : 236492, score : -5455.893661108828, Time : 21.534 s
Timestep : 245251, score : -5369.815109122035, Time : 21.541 s
Timestep : 254010, score : -5938.587460205919, Time : 21.536 s
Timestep : 262769, score : -5671.739504937752, Time : 21.535 s
Timestep : 271528, score : -5854.367461123416, Time : 21.569 s
Timestep : 280287, score : -6324.392699470249, Time : 21.519 s
Timestep : 289046, score : -5944.338090912395, Time : 21.538 s
Timestep : 297805, score : -5534.636005828535, Time : 21.556 s
Timestep : 306564, score : -5531.875357556419, Time : 21.524 s
Timestep : 315323, score : -6026.374151183132, Time : 21.531 s
Timestep : 324082, score : -6916.574860278124, Time : 21.55 s
Timestep : 332841, score : -6256.307069906878, Time : 21.539 s
Timestep : 341600, score : -6265.639173366202, Time : 21.526 s
Timestep : 350359, score : -6578.038333191027, Time : 21.536 s
Timestep : 359118, score : -6048.487712646442, Time : 21.571 s
Timestep : 367877, score : -5848.894942975472, Time : 21.644 s
Timestep : 376636, score : -6568.858560024091, Time : 21.566 s
Timestep : 385395, score : -5751.17367997652, Time : 21.539 s
Timestep : 394154, score : -5693.114886117706, Time : 21.533 s
Timestep : 402913, score : -5781.327951885145, Time : 21.522 s
Timestep : 411672, score : -5077.721376614674, Time : 21.522 s
Timestep : 420431, score : -6275.506022945934, Time : 21.542 s
Timestep : 429190, score : -5448.481766820027, Time : 21.51 s
Timestep : 437949, score : -5502.136227419978, Time : 21.525 s
Timestep : 446708, score : -5693.392948764915, Time : 21.527 s
Timestep : 455467, score : -6750.36704371302, Time : 21.545 s
Timestep : 464226, score : -5396.863262697036, Time : 21.543 s
Timestep : 472985, score : -6116.2097807278915, Time : 21.531 s
Timestep : 481744, score : -7937.829294686933, Time : 21.536 s
Timestep : 490503, score : -5787.674028156587, Time : 21.556 s
Timestep : 499262, score : -6114.7944087561045, Time : 21.516 s
Timestep : 508021, score : -5620.909934098745, Time : 21.543 s
Timestep : 516780, score : -6309.2426705780235, Time : 21.521 s
Timestep : 525539, score : -5770.108698579861, Time : 21.557 s
Timestep : 534298, score : -5319.233642387582, Time : 21.537 s
Timestep : 543057, score : -5448.022122164795, Time : 21.553 s
Timestep : 551816, score : -5353.845188375984, Time : 21.522 s
Timestep : 560575, score : -5135.51691666439, Time : 21.55 s
Timestep : 569334, score : -5000.874960682733, Time : 21.521 s
Timestep : 578093, score : -5034.855794863222, Time : 21.512 s
Timestep : 586852, score : -5270.3852588542795, Time : 21.528 s
Timestep : 595611, score : -5437.646317682607, Time : 21.536 s
Timestep : 604370, score : -5761.5789933956985, Time : 21.535 s
Timestep : 613129, score : -5864.104445933503, Time : 21.533 s
Timestep : 621888, score : -6923.645944363816, Time : 21.525 s
Timestep : 630647, score : -5750.324055243662, Time : 21.526 s
Timestep : 639406, score : -7482.924720139621, Time : 21.545 s
Timestep : 648165, score : -6511.42986688044, Time : 21.536 s
Timestep : 656924, score : -6731.770982813003, Time : 21.499 s
Timestep : 665683, score : -6264.591878027422, Time : 21.535 s
Timestep : 674442, score : -6524.800041315408, Time : 21.523 s
Timestep : 683201, score : -7320.4039169595635, Time : 21.545 s
Timestep : 691960, score : -6758.726371735014, Time : 21.534 s
Timestep : 700719, score : -7126.37809476853, Time : 21.515 s
Timestep : 709478, score : -6492.095274818857, Time : 21.546 s
Timestep : 718237, score : -7052.340171968055, Time : 21.536 s
Timestep : 726996, score : -7599.139575400535, Time : 21.547 s
Timestep : 735755, score : -7713.543092643173, Time : 21.57 s
Timestep : 744514, score : -8242.976331183934, Time : 21.535 s
Timestep : 753273, score : -8515.479436949354, Time : 21.551 s
Timestep : 762032, score : -7063.378810104754, Time : 21.549 s
Timestep : 770791, score : -6815.970773979003, Time : 21.547 s
Timestep : 779550, score : -7925.868107795279, Time : 21.548 s
Timestep : 788309, score : -6573.972018682005, Time : 21.557 s
Timestep : 797068, score : -5922.184498154049, Time : 21.526 s
Timestep : 805827, score : -6128.40950340245, Time : 21.545 s
Timestep : 814586, score : -6539.1137525589, Time : 21.545 s
Timestep : 823345, score : -5998.032085283223, Time : 21.544 s
Timestep : 832104, score : -6714.421109723538, Time : 21.578 s
Timestep : 840863, score : -6421.656743515545, Time : 21.543 s
Timestep : 849622, score : -6830.56284400828, Time : 21.526 s
Timestep : 858381, score : -6442.645897242037, Time : 21.544 s
Timestep : 867140, score : -5649.110888061492, Time : 21.532 s
Timestep : 875899, score : -5366.821757050304, Time : 21.535 s
Starting local evaluation
Num Steps: 1000, Num episodes: 0
Num Steps: 2000, Num episodes: 0
Num Steps: 3000, Num episodes: 0
Num Steps: 4000, Num episodes: 0
Num Steps: 5000, Num episodes: 0
Num Steps: 6000, Num episodes: 0
Num Steps: 7000, Num episodes: 0
Num Steps: 8000, Num episodes: 0
Episode complete: 1 | Latest episode metrics: {'price_cost': 1.0142341595781315, 'emmision_cost': 1.0181758336714681}
[-0.24989858] -0.2498985832557514
Average Price Cost: 1.0142341595781315
Average Emmision Cost: 1.0181758336714681
Average of both costs: 1.0162049966247997
Total time taken by agent: 2.545557382516563s
DONE!
