{'agent': 'DQN', 'action_selection': 'egreedy', 'seed': 1, 'episodes': 100, 'data_path': 'data/citylearn_challenge_2022_phase_1', 'dry_run': False, 'n_discrete': 9, 'update_target': 4, 'lr': 0.003, 'batch_size': 1, 'adam_epsilon': 1e-08, 'epsilon_final': 0.06, 'run_id': 340}
{'Notes': 'This is a tuning run, executed on a single building.',
 'action_selection': 'egreedy',
 'adam_epsilon': 1e-08,
 'env': '<NormalizeObservation<OneHotHour<DiscreteSingle<CityLearnEnv '
        'instance>>>>',
 'final_exploration_rate': 0.02,
 'final_exploration_step': 1000,
 'gamma': 0.99,
 'initial_exploration_rate': 1,
 'learning_rate': 0.003,
 'loss': 'mse',
 'minibatch_size': 1,
 'network': 'MLP(\n'
            '  (layers): Sequential(\n'
            '    (0): Linear(in_features=29, out_features=128, bias=True)\n'
            '    (1): ReLU()\n'
            '    (2): Linear(in_features=128, out_features=128, bias=True)\n'
            '    (3): ReLU()\n'
            '    (4): Linear(in_features=128, out_features=9, bias=True)\n'
            '  )\n'
            ')',
 'replay_buffer_size': 10000,
 'replay_start_size': 1,
 'seed': 1,
 'train_steps': 876000,
 'update_frequency': 1,
 'update_target_frequency': 4,
 'weight_scale': 1.4142135623730951}
Timestep : 8758, score : -6050.053731908629, Time : 21.43 s
Timestep : 17517, score : -5673.867129028105, Time : 21.613 s
Timestep : 26276, score : -5433.182582631147, Time : 21.589 s
Timestep : 35035, score : -5338.0527678411745, Time : 21.603 s
Timestep : 43794, score : -5282.024828606933, Time : 21.682 s
Timestep : 52553, score : -5788.946944562558, Time : 21.703 s
Timestep : 61312, score : -6636.511935930961, Time : 21.707 s
Timestep : 70071, score : -6521.739981008839, Time : 21.38 s
Timestep : 78830, score : -7442.783930479738, Time : 21.325 s
Timestep : 87589, score : -6541.0416458611, Time : 21.704 s
Timestep : 96348, score : -6678.290296028863, Time : 21.26 s
Timestep : 105107, score : -6370.819788847264, Time : 21.255 s
Timestep : 113866, score : -6008.774436170614, Time : 21.483 s
Timestep : 122625, score : -6284.660723312554, Time : 21.542 s
Timestep : 131384, score : -6007.808973682695, Time : 21.34 s
Timestep : 140143, score : -6024.725363976235, Time : 21.681 s
Timestep : 148902, score : -5838.514844616904, Time : 21.109 s
Timestep : 157661, score : -5831.122015333996, Time : 21.443 s
Timestep : 166420, score : -5679.854851777229, Time : 21.655 s
Timestep : 175179, score : -5776.880764203757, Time : 21.669 s
Timestep : 183938, score : -5891.8563442561135, Time : 21.55 s
Timestep : 192697, score : -5430.423291202431, Time : 21.634 s
Timestep : 201456, score : -6034.722742111444, Time : 21.573 s
Timestep : 210215, score : -5850.523033913138, Time : 21.632 s
Timestep : 218974, score : -5331.870632072518, Time : 21.473 s
Timestep : 227733, score : -5476.421405314846, Time : 21.682 s
Timestep : 236492, score : -5653.159017074533, Time : 21.529 s
Timestep : 245251, score : -5759.974879610731, Time : 21.675 s
Timestep : 254010, score : -5877.479488247685, Time : 21.696 s
Timestep : 262769, score : -6172.773692385788, Time : 21.706 s
Timestep : 271528, score : -5579.7468172688095, Time : 21.675 s
Timestep : 280287, score : -5654.8418783726665, Time : 21.685 s
Timestep : 289046, score : -5648.177727528877, Time : 21.656 s
Timestep : 297805, score : -5781.767213018058, Time : 21.658 s
Timestep : 306564, score : -5742.358188346872, Time : 21.702 s
Timestep : 315323, score : -5883.382165404852, Time : 21.69 s
Timestep : 324082, score : -5954.353953469952, Time : 21.685 s
Timestep : 332841, score : -5722.225974685425, Time : 21.659 s
Timestep : 341600, score : -6144.092745056521, Time : 21.361 s
Timestep : 350359, score : -5651.378062478994, Time : 21.547 s
Timestep : 359118, score : -5968.779698223741, Time : 21.47 s
Timestep : 367877, score : -5951.598593264149, Time : 21.578 s
Timestep : 376636, score : -6068.450245173328, Time : 21.384 s
Timestep : 385395, score : -6221.254741234152, Time : 21.814 s
Timestep : 394154, score : -5696.13357076238, Time : 21.63 s
Timestep : 402913, score : -5824.677346682089, Time : 21.946 s
Timestep : 411672, score : -5678.327005576139, Time : 21.602 s
Timestep : 420431, score : -5404.36809462549, Time : 21.679 s
Timestep : 429190, score : -5555.959425337991, Time : 21.72 s
Timestep : 437949, score : -5979.141515410884, Time : 21.483 s
Timestep : 446708, score : -5836.117008954083, Time : 21.784 s
Timestep : 455467, score : -5997.154158571997, Time : 21.516 s
Timestep : 464226, score : -5412.481072816561, Time : 21.611 s
Timestep : 472985, score : -5869.0129713431525, Time : 21.43 s
Timestep : 481744, score : -5861.616625370021, Time : 21.461 s
Timestep : 490503, score : -5727.888468063349, Time : 21.558 s
Timestep : 499262, score : -5817.406934348313, Time : 22.103 s
Timestep : 508021, score : -5764.720350252843, Time : 21.996 s
Timestep : 516780, score : -5873.522271032089, Time : 21.668 s
Timestep : 525539, score : -5909.897910100321, Time : 21.937 s
Timestep : 534298, score : -6114.044095236764, Time : 21.409 s
Timestep : 543057, score : -5881.121814864018, Time : 21.123 s
Timestep : 551816, score : -5858.173207984219, Time : 21.082 s
Timestep : 560575, score : -5941.866989686227, Time : 21.297 s
Timestep : 569334, score : -5831.092436270061, Time : 21.579 s
Timestep : 578093, score : -5831.136624580788, Time : 21.569 s
Timestep : 586852, score : -6024.729445625591, Time : 21.586 s
Timestep : 595611, score : -6154.95290841072, Time : 21.45 s
Timestep : 604370, score : -5880.206455248866, Time : 21.248 s
Timestep : 613129, score : -6210.258659579238, Time : 21.741 s
Timestep : 621888, score : -5990.608911876014, Time : 21.763 s
Timestep : 630647, score : -5912.901024198072, Time : 21.336 s
Timestep : 639406, score : -5829.591842924041, Time : 21.893 s
Timestep : 648165, score : -6024.552265534439, Time : 21.79 s
Timestep : 656924, score : -5942.210231460471, Time : 21.609 s
Timestep : 665683, score : -5471.251815869851, Time : 22.037 s
Timestep : 674442, score : -5924.639176966768, Time : 21.419 s
Timestep : 683201, score : -5725.713742399617, Time : 21.729 s
Timestep : 691960, score : -6338.504542195384, Time : 21.492 s
Timestep : 700719, score : -5881.382932432258, Time : 21.654 s
Timestep : 709478, score : -6190.448226400447, Time : 21.515 s
Timestep : 718237, score : -6245.477629220608, Time : 21.408 s
Timestep : 726996, score : -6099.751347725658, Time : 21.142 s
Timestep : 735755, score : -6008.734725617251, Time : 21.39 s
Timestep : 744514, score : -6078.399532944808, Time : 21.312 s
Timestep : 753273, score : -5860.442372852776, Time : 21.133 s
Timestep : 762032, score : -5812.616661166685, Time : 21.232 s
Timestep : 770791, score : -6224.901170459998, Time : 21.798 s
Timestep : 779550, score : -6813.613804956578, Time : 21.687 s
Timestep : 788309, score : -6022.762072374491, Time : 21.66 s
Timestep : 797068, score : -6171.040460572025, Time : 21.703 s
Timestep : 805827, score : -6073.677588900973, Time : 21.661 s
Timestep : 814586, score : -5752.252170256761, Time : 21.68 s
Timestep : 823345, score : -5575.826842468145, Time : 21.688 s
Timestep : 832104, score : -5746.011057854892, Time : 21.657 s
Timestep : 840863, score : -5953.428675544012, Time : 21.706 s
Timestep : 849622, score : -5945.880986267148, Time : 21.586 s
Timestep : 858381, score : -5606.232202884188, Time : 21.515 s
Timestep : 867140, score : -5808.685410442209, Time : 21.708 s
Timestep : 875899, score : -5708.039461470631, Time : 21.699 s
Starting local evaluation
Num Steps: 1000, Num episodes: 0
Num Steps: 2000, Num episodes: 0
Num Steps: 3000, Num episodes: 0
Num Steps: 4000, Num episodes: 0
Num Steps: 5000, Num episodes: 0
Num Steps: 6000, Num episodes: 0
Num Steps: 7000, Num episodes: 0
Num Steps: 8000, Num episodes: 0
Episode complete: 1 | Latest episode metrics: {'price_cost': 1.014884293803295, 'emmision_cost': 1.0189744412848514}
[-0.25078604] -0.2507860356128089
Average Price Cost: 1.014884293803295
Average Emmision Cost: 1.0189744412848514
Average of both costs: 1.0169293675440731
Total time taken by agent: 2.5298968823626637s
DONE!
