{'agent': 'DQN', 'action_selection': 'softmax', 'seed': 1, 'episodes': 100, 'data_path': 'data/citylearn_challenge_2022_phase_1', 'dry_run': False, 'n_discrete': 9, 'update_target': 8, 'lr': 0.1, 'batch_size': 128, 'adam_epsilon': 1e-08, 'epsilon_final': 0.02, 'run_id': 169}
{'Notes': 'This is a tuning run, executed on a single building.',
 'action_selection': 'softmax',
 'adam_epsilon': 1e-08,
 'env': '<NormalizeObservation<OneHotHour<DiscreteSingle<CityLearnEnv '
        'instance>>>>',
 'final_exploration_rate': 0.02,
 'final_exploration_step': 1000,
 'gamma': 0.99,
 'initial_exploration_rate': 1,
 'learning_rate': 0.1,
 'loss': 'mse',
 'minibatch_size': 128,
 'network': 'MLP(\n'
            '  (layers): Sequential(\n'
            '    (0): Linear(in_features=29, out_features=128, bias=True)\n'
            '    (1): ReLU()\n'
            '    (2): Linear(in_features=128, out_features=128, bias=True)\n'
            '    (3): ReLU()\n'
            '    (4): Linear(in_features=128, out_features=9, bias=True)\n'
            '  )\n'
            ')',
 'replay_buffer_size': 10000,
 'replay_start_size': 128,
 'seed': 1,
 'train_steps': 876000,
 'update_frequency': 1,
 'update_target_frequency': 8,
 'weight_scale': 1.4142135623730951}
Timestep : 8758, score : -6936.244047273503, Time : 22.862 s
Timestep : 17517, score : -10947.412460061052, Time : 24.275 s
Timestep : 26276, score : -9621.11683633209, Time : 23.681 s
Timestep : 35035, score : -12655.95110488958, Time : 23.851 s
Timestep : 43794, score : -12117.108800095768, Time : 24.633 s
Timestep : 52553, score : -12273.016353507017, Time : 24.56 s
Timestep : 61312, score : -14485.95345047531, Time : 24.199 s
Timestep : 70071, score : -12194.771944781212, Time : 24.595 s
Timestep : 78830, score : -13574.291287482018, Time : 24.218 s
Timestep : 87589, score : -14626.81206253558, Time : 24.557 s
Timestep : 96348, score : -12731.832088503055, Time : 25.192 s
Timestep : 105107, score : -13112.393087046483, Time : 25.073 s
Timestep : 113866, score : -14847.007340565047, Time : 25.226 s
Timestep : 122625, score : -14802.350448213692, Time : 24.826 s
Timestep : 131384, score : -14070.914894305592, Time : 24.965 s
Timestep : 140143, score : -15049.515809915203, Time : 25.142 s
Timestep : 148902, score : -13980.728274862864, Time : 25.152 s
Timestep : 157661, score : -14996.994754650586, Time : 24.574 s
Timestep : 166420, score : -15384.868786476334, Time : 24.974 s
Timestep : 175179, score : -14370.721645921192, Time : 25.078 s
Timestep : 183938, score : -14483.962653149269, Time : 24.855 s
Timestep : 192697, score : -13599.310208115916, Time : 24.979 s
Timestep : 201456, score : -13853.23123901918, Time : 25.009 s
Timestep : 210215, score : -15285.901218993473, Time : 24.91 s
Timestep : 218974, score : -14088.540131618574, Time : 25.019 s
Timestep : 227733, score : -14402.888543934117, Time : 24.59 s
Timestep : 236492, score : -14572.954995990498, Time : 24.994 s
Timestep : 245251, score : -13581.176240362664, Time : 24.832 s
Timestep : 254010, score : -13941.327737764994, Time : 23.776 s
Timestep : 262769, score : -14107.30899713708, Time : 24.373 s
Timestep : 271528, score : -14619.798583705997, Time : 24.0 s
Timestep : 280287, score : -14674.118765684849, Time : 23.839 s
Timestep : 289046, score : -14328.498493513107, Time : 23.756 s
Timestep : 297805, score : -13546.24574954703, Time : 24.513 s
Timestep : 306564, score : -14756.402960145813, Time : 23.984 s
Timestep : 315323, score : -15279.358920660892, Time : 24.281 s
Timestep : 324082, score : -14383.588236862453, Time : 24.674 s
Timestep : 332841, score : -14117.81876754357, Time : 24.529 s
Timestep : 341600, score : -14926.16173164692, Time : 24.609 s
Timestep : 350359, score : -14222.551862685898, Time : 24.782 s
Timestep : 359118, score : -14326.10835409176, Time : 24.761 s
Timestep : 367877, score : -14053.4017648984, Time : 24.814 s
Timestep : 376636, score : -13727.2006728235, Time : 24.816 s
Timestep : 385395, score : -14458.534799044995, Time : 24.543 s
Timestep : 394154, score : -13704.644959574056, Time : 24.049 s
Timestep : 402913, score : -13676.167765313272, Time : 24.506 s
Timestep : 411672, score : -15261.877964346815, Time : 24.805 s
Timestep : 420431, score : -13771.191072883987, Time : 24.645 s
Timestep : 429190, score : -13925.086808229986, Time : 24.663 s
Timestep : 437949, score : -14614.375138382573, Time : 24.698 s
Timestep : 446708, score : -15433.134464631388, Time : 24.773 s
Timestep : 455467, score : -14456.370940967026, Time : 25.415 s
Timestep : 464226, score : -14681.748892483956, Time : 25.573 s
Timestep : 472985, score : -13941.33728039288, Time : 25.662 s
Timestep : 481744, score : -15117.108642149018, Time : 25.642 s
Timestep : 490503, score : -14964.047449570964, Time : 25.416 s
Timestep : 499262, score : -14845.050945655259, Time : 25.36 s
Timestep : 508021, score : -13477.43247909614, Time : 25.627 s
Timestep : 516780, score : -14341.758730275673, Time : 25.322 s
Timestep : 525539, score : -14582.296766039843, Time : 25.312 s
Timestep : 534298, score : -14049.553456652808, Time : 25.719 s
Timestep : 543057, score : -14268.244279466642, Time : 25.484 s
Timestep : 551816, score : -14975.37499748003, Time : 25.223 s
Timestep : 560575, score : -15582.395711888443, Time : 25.556 s
Timestep : 569334, score : -14122.086048332581, Time : 25.674 s
Timestep : 578093, score : -14750.462084654675, Time : 25.563 s
Timestep : 586852, score : -15465.085380834484, Time : 25.413 s
Timestep : 595611, score : -14559.196307164035, Time : 24.912 s
Timestep : 604370, score : -14922.922014781114, Time : 24.427 s
Timestep : 613129, score : -14781.148776810813, Time : 24.299 s
Timestep : 621888, score : -14027.221408625177, Time : 24.715 s
Timestep : 630647, score : -14675.352903200313, Time : 24.686 s
Timestep : 639406, score : -13782.541713156112, Time : 24.748 s
Timestep : 648165, score : -14109.987015488143, Time : 24.861 s
Timestep : 656924, score : -14414.77535300907, Time : 24.414 s
Timestep : 665683, score : -13911.37157219609, Time : 24.455 s
Timestep : 674442, score : -14694.25206359505, Time : 24.512 s
Timestep : 683201, score : -14592.709075556908, Time : 24.72 s
Timestep : 691960, score : -14215.51936387732, Time : 24.644 s
Timestep : 700719, score : -14768.34872145974, Time : 24.684 s
Timestep : 709478, score : -14455.271420714933, Time : 24.648 s
Timestep : 718237, score : -14914.8425260613, Time : 24.654 s
Timestep : 726996, score : -15619.450920989191, Time : 24.674 s
Timestep : 735755, score : -13828.405086712053, Time : 24.647 s
Timestep : 744514, score : -14299.999317859998, Time : 24.375 s
Timestep : 753273, score : -14377.161545204886, Time : 25.523 s
Timestep : 762032, score : -14125.10901620565, Time : 25.482 s
Timestep : 770791, score : -14348.400932428194, Time : 24.961 s
Timestep : 779550, score : -14175.748577882914, Time : 24.146 s
Timestep : 788309, score : -15210.941358673648, Time : 24.178 s
Timestep : 797068, score : -14590.385186393622, Time : 24.153 s
Timestep : 805827, score : -13882.034995373535, Time : 24.184 s
Timestep : 814586, score : -14556.615859818092, Time : 24.171 s
Timestep : 823345, score : -14149.188532352477, Time : 24.655 s
Timestep : 832104, score : -14061.546248262632, Time : 24.656 s
Timestep : 840863, score : -13607.37075629877, Time : 24.705 s
Timestep : 849622, score : -14800.950831286995, Time : 24.706 s
Timestep : 858381, score : -14297.03884261439, Time : 24.683 s
Timestep : 867140, score : -12903.483305084941, Time : 24.75 s
Timestep : 875899, score : -15407.512164604108, Time : 24.139 s
Starting local evaluation
Num Steps: 1000, Num episodes: 0
Num Steps: 2000, Num episodes: 0
Num Steps: 3000, Num episodes: 0
Num Steps: 4000, Num episodes: 0
Num Steps: 5000, Num episodes: 0
Num Steps: 6000, Num episodes: 0
Num Steps: 7000, Num episodes: 0
Num Steps: 8000, Num episodes: 0
Episode complete: 1 | Latest episode metrics: {'price_cost': 1.0, 'emmision_cost': 1.0}
[-0.23006123] -0.23006122589809516
Average Price Cost: 1.0
Average Emmision Cost: 1.0
Average of both costs: 1.0
Total time taken by agent: 2.9463880378752947s
DONE!
