{'agent': 'DQN', 'action_selection': 'egreedy', 'seed': 1, 'episodes': 100, 'data_path': 'data/citylearn_challenge_2022_phase_1', 'dry_run': False, 'n_discrete': 9, 'update_target': 32, 'lr': 0.1, 'batch_size': 4, 'adam_epsilon': 1e-10, 'epsilon_final': 0.06, 'run_id': 210}
{'Notes': 'This is a tuning run, executed on a single building.',
 'action_selection': 'egreedy',
 'adam_epsilon': 1e-10,
 'env': '<NormalizeObservation<OneHotHour<DiscreteSingle<CityLearnEnv '
        'instance>>>>',
 'final_exploration_rate': 0.02,
 'final_exploration_step': 1000,
 'gamma': 0.99,
 'initial_exploration_rate': 1,
 'learning_rate': 0.1,
 'loss': 'mse',
 'minibatch_size': 4,
 'network': 'MLP(\n'
            '  (layers): Sequential(\n'
            '    (0): Linear(in_features=29, out_features=128, bias=True)\n'
            '    (1): ReLU()\n'
            '    (2): Linear(in_features=128, out_features=128, bias=True)\n'
            '    (3): ReLU()\n'
            '    (4): Linear(in_features=128, out_features=9, bias=True)\n'
            '  )\n'
            ')',
 'replay_buffer_size': 10000,
 'replay_start_size': 4,
 'seed': 1,
 'train_steps': 876000,
 'update_frequency': 1,
 'update_target_frequency': 32,
 'weight_scale': 1.4142135623730951}
Timestep : 8758, score : -5494.517261623783, Time : 19.792 s
Timestep : 17517, score : -4527.915274174215, Time : 19.84 s
Timestep : 26276, score : -4754.117456107313, Time : 19.787 s
Timestep : 35035, score : -4525.54646715839, Time : 19.556 s
Timestep : 43794, score : -4650.123770009057, Time : 19.577 s
Timestep : 52553, score : -4779.267797197594, Time : 19.578 s
Timestep : 61312, score : -4573.78522496848, Time : 19.506 s
Timestep : 70071, score : -4556.344400005328, Time : 19.588 s
Timestep : 78830, score : -4614.332230013708, Time : 19.594 s
Timestep : 87589, score : -4574.157537323685, Time : 19.443 s
Timestep : 96348, score : -4536.716811914841, Time : 19.05 s
Timestep : 105107, score : -4616.480301308475, Time : 19.515 s
Timestep : 113866, score : -4484.306153769052, Time : 19.58 s
Timestep : 122625, score : -4693.536923229607, Time : 19.495 s
Timestep : 131384, score : -4621.638446494384, Time : 19.533 s
Timestep : 140143, score : -4672.4464196738845, Time : 19.51 s
Timestep : 148902, score : -4646.839284752874, Time : 19.78 s
Timestep : 157661, score : -4426.996388196276, Time : 19.491 s
Timestep : 166420, score : -4523.140868919349, Time : 19.251 s
Timestep : 175179, score : -4573.239734556322, Time : 19.578 s
Timestep : 183938, score : -4469.976457176177, Time : 19.696 s
Timestep : 192697, score : -4489.171695324971, Time : 20.069 s
Timestep : 201456, score : -4524.144716781942, Time : 19.592 s
Timestep : 210215, score : -4670.086485151114, Time : 19.566 s
Timestep : 218974, score : -4573.490756858053, Time : 19.558 s
Timestep : 227733, score : -4474.2329088723345, Time : 19.624 s
Timestep : 236492, score : -4511.765532435296, Time : 19.569 s
Timestep : 245251, score : -4475.574658611236, Time : 19.558 s
Timestep : 254010, score : -4516.119724268123, Time : 19.583 s
Timestep : 262769, score : -4549.040191029577, Time : 19.525 s
Timestep : 271528, score : -4550.179085412441, Time : 19.837 s
Timestep : 280287, score : -4585.489683074324, Time : 20.039 s
Timestep : 289046, score : -4602.772967362223, Time : 20.103 s
Timestep : 297805, score : -4605.676739978982, Time : 20.14 s
Timestep : 306564, score : -4615.795872900431, Time : 19.864 s
Timestep : 315323, score : -4547.287948677695, Time : 20.078 s
Timestep : 324082, score : -4550.456979165232, Time : 20.178 s
Timestep : 332841, score : -4634.224795763759, Time : 20.064 s
Timestep : 341600, score : -4556.983518425754, Time : 20.066 s
Timestep : 350359, score : -4479.207699834282, Time : 20.031 s
Timestep : 359118, score : -4831.926519235509, Time : 19.628 s
Timestep : 367877, score : -4664.472024665913, Time : 19.589 s
Timestep : 376636, score : -4604.345235807152, Time : 19.481 s
Timestep : 385395, score : -4508.067374742852, Time : 19.243 s
Timestep : 394154, score : -4436.204910683824, Time : 19.234 s
Timestep : 402913, score : -4507.448435570492, Time : 19.917 s
Timestep : 411672, score : -4611.6852993986395, Time : 19.652 s
Timestep : 420431, score : -4709.406346223346, Time : 19.769 s
Timestep : 429190, score : -4617.507466805197, Time : 19.955 s
Timestep : 437949, score : -4665.0444787986635, Time : 19.678 s
Timestep : 446708, score : -4633.618550672691, Time : 19.573 s
Timestep : 455467, score : -4557.855515608011, Time : 19.537 s
Timestep : 464226, score : -4600.5038924994005, Time : 19.505 s
Timestep : 472985, score : -4637.2665520398, Time : 19.599 s
Timestep : 481744, score : -4619.316326756874, Time : 19.538 s
Timestep : 490503, score : -4676.741162786173, Time : 19.444 s
Timestep : 499262, score : -4495.894882456778, Time : 19.565 s
Timestep : 508021, score : -4569.610894091806, Time : 19.551 s
Timestep : 516780, score : -4480.265388201369, Time : 20.239 s
Timestep : 525539, score : -4559.322561179666, Time : 20.054 s
Timestep : 534298, score : -4549.638295431068, Time : 20.146 s
Timestep : 543057, score : -4561.5270413704275, Time : 19.957 s
Timestep : 551816, score : -4481.4978789299785, Time : 19.585 s
Timestep : 560575, score : -4583.288920940628, Time : 19.914 s
Timestep : 569334, score : -4607.463851683686, Time : 20.046 s
Timestep : 578093, score : -4644.524518455291, Time : 19.877 s
Timestep : 586852, score : -4542.787938183552, Time : 19.601 s
Timestep : 595611, score : -4470.210595411321, Time : 19.932 s
Timestep : 604370, score : -4662.834997317201, Time : 19.712 s
Timestep : 613129, score : -4538.341092420189, Time : 19.588 s
Timestep : 621888, score : -4538.999016445086, Time : 19.822 s
Timestep : 630647, score : -4684.482922616793, Time : 19.807 s
Timestep : 639406, score : -4815.118873800297, Time : 19.57 s
Timestep : 648165, score : -4580.7949052036565, Time : 19.574 s
Timestep : 656924, score : -4657.067652732629, Time : 19.599 s
Timestep : 665683, score : -4505.263868810522, Time : 19.571 s
Timestep : 674442, score : -4574.496529111086, Time : 19.632 s
Timestep : 683201, score : -4583.439690185158, Time : 19.577 s
Timestep : 691960, score : -4779.867976735724, Time : 19.613 s
Timestep : 700719, score : -4666.696783516003, Time : 19.794 s
Timestep : 709478, score : -4630.379228869831, Time : 19.781 s
Timestep : 718237, score : -4486.830709913076, Time : 19.664 s
Timestep : 726996, score : -4522.082744838117, Time : 20.145 s
Timestep : 735755, score : -4477.250528536184, Time : 19.846 s
Timestep : 744514, score : -4493.925383781505, Time : 19.643 s
Timestep : 753273, score : -4526.436409047252, Time : 19.779 s
Timestep : 762032, score : -4661.991265227465, Time : 19.833 s
Timestep : 770791, score : -4512.748639601661, Time : 19.904 s
Timestep : 779550, score : -4759.667974026321, Time : 19.758 s
Timestep : 788309, score : -4567.536318182392, Time : 19.611 s
Timestep : 797068, score : -4491.392159187148, Time : 19.618 s
Timestep : 805827, score : -4644.071351628081, Time : 19.586 s
Timestep : 814586, score : -4814.50477293742, Time : 19.583 s
Timestep : 823345, score : -4778.5980179634935, Time : 19.574 s
Timestep : 832104, score : -4775.633373124525, Time : 20.065 s
Timestep : 840863, score : -4718.417811376421, Time : 20.175 s
Timestep : 849622, score : -4579.293123275071, Time : 19.914 s
Timestep : 858381, score : -4546.241895560292, Time : 19.599 s
Timestep : 867140, score : -4652.823908831488, Time : 19.571 s
Timestep : 875899, score : -4669.955685024528, Time : 19.894 s
Starting local evaluation
Num Steps: 1000, Num episodes: 0
Num Steps: 2000, Num episodes: 0
Num Steps: 3000, Num episodes: 0
Num Steps: 4000, Num episodes: 0
Num Steps: 5000, Num episodes: 0
Num Steps: 6000, Num episodes: 0
Num Steps: 7000, Num episodes: 0
Num Steps: 8000, Num episodes: 0
Episode complete: 1 | Latest episode metrics: {'price_cost': 1.0139849346361776, 'emmision_cost': 1.015830320542865}
[-0.24835622] -0.2483562226061071
Average Price Cost: 1.0139849346361776
Average Emmision Cost: 1.015830320542865
Average of both costs: 1.0149076275895212
Total time taken by agent: 2.228430550545454s
DONE!
