{'agent': 'DQN', 'action_selection': 'egreedy', 'seed': 1, 'episodes': 100, 'data_path': 'data/citylearn_challenge_2022_phase_1', 'dry_run': False, 'n_discrete': 9, 'update_target': 4, 'lr': 0.007, 'batch_size': 16, 'adam_epsilon': 1e-10, 'epsilon_final': 0.04, 'run_id': 205}
{'Notes': 'This is a tuning run, executed on a single building.',
 'action_selection': 'egreedy',
 'adam_epsilon': 1e-10,
 'env': '<NormalizeObservation<OneHotHour<DiscreteSingle<CityLearnEnv '
        'instance>>>>',
 'final_exploration_rate': 0.02,
 'final_exploration_step': 1000,
 'gamma': 0.99,
 'initial_exploration_rate': 1,
 'learning_rate': 0.007,
 'loss': 'mse',
 'minibatch_size': 16,
 'network': 'MLP(\n'
            '  (layers): Sequential(\n'
            '    (0): Linear(in_features=29, out_features=128, bias=True)\n'
            '    (1): ReLU()\n'
            '    (2): Linear(in_features=128, out_features=128, bias=True)\n'
            '    (3): ReLU()\n'
            '    (4): Linear(in_features=128, out_features=9, bias=True)\n'
            '  )\n'
            ')',
 'replay_buffer_size': 10000,
 'replay_start_size': 16,
 'seed': 1,
 'train_steps': 876000,
 'update_frequency': 1,
 'update_target_frequency': 4,
 'weight_scale': 1.4142135623730951}
Timestep : 8758, score : -7818.327469945376, Time : 21.527 s
Timestep : 17517, score : -7302.117002279876, Time : 21.629 s
Timestep : 26276, score : -7960.153514217847, Time : 22.101 s
Timestep : 35035, score : -7279.956643650265, Time : 22.15 s
Timestep : 43794, score : -8317.005549014924, Time : 22.152 s
Timestep : 52553, score : -7508.368435449855, Time : 22.001 s
Timestep : 61312, score : -7883.207707118316, Time : 21.503 s
Timestep : 70071, score : -9275.79712024692, Time : 21.657 s
Timestep : 78830, score : -8986.816407410544, Time : 22.144 s
Timestep : 87589, score : -9340.239099771017, Time : 22.151 s
Timestep : 96348, score : -8917.942714833123, Time : 22.173 s
Timestep : 105107, score : -8925.872174643635, Time : 22.161 s
Timestep : 113866, score : -8071.448693942002, Time : 22.163 s
Timestep : 122625, score : -8071.091716812254, Time : 22.165 s
Timestep : 131384, score : -8546.48306181419, Time : 22.002 s
Timestep : 140143, score : -8497.418057438947, Time : 22.193 s
Timestep : 148902, score : -8416.436503125195, Time : 22.176 s
Timestep : 157661, score : -8248.394520425354, Time : 21.795 s
Timestep : 166420, score : -8166.282926866697, Time : 22.035 s
Timestep : 175179, score : -8242.63334779565, Time : 21.569 s
Timestep : 183938, score : -8937.158250723398, Time : 22.084 s
Timestep : 192697, score : -9211.173581279261, Time : 22.22 s
Timestep : 201456, score : -8741.814930582448, Time : 22.207 s
Timestep : 210215, score : -8848.386403601733, Time : 22.215 s
Timestep : 218974, score : -8862.556425541523, Time : 21.844 s
Timestep : 227733, score : -8987.68406115433, Time : 22.202 s
Timestep : 236492, score : -8528.246944508748, Time : 22.21 s
Timestep : 245251, score : -8564.86313812442, Time : 22.204 s
Timestep : 254010, score : -8587.877549194178, Time : 21.632 s
Timestep : 262769, score : -9059.18936515515, Time : 22.033 s
Timestep : 271528, score : -8724.16585909501, Time : 22.152 s
Timestep : 280287, score : -8963.703145029867, Time : 21.978 s
Timestep : 289046, score : -8832.142885693655, Time : 21.985 s
Timestep : 297805, score : -9417.3181562049, Time : 21.984 s
Timestep : 306564, score : -9198.2296002012, Time : 21.535 s
Timestep : 315323, score : -9226.89975986466, Time : 22.125 s
Timestep : 324082, score : -8832.346723574683, Time : 21.97 s
Timestep : 332841, score : -9271.52388539743, Time : 22.182 s
Timestep : 341600, score : -9127.129236089299, Time : 22.167 s
Timestep : 350359, score : -9249.543137479573, Time : 21.745 s
Timestep : 359118, score : -8640.041544125488, Time : 22.123 s
Timestep : 367877, score : -9333.20266510258, Time : 21.744 s
Timestep : 376636, score : -9454.78408556155, Time : 21.883 s
Timestep : 385395, score : -9445.95436847904, Time : 21.715 s
Timestep : 394154, score : -9187.534359824887, Time : 21.499 s
Timestep : 402913, score : -8866.500823187554, Time : 21.975 s
Timestep : 411672, score : -9299.236685511845, Time : 22.037 s
Timestep : 420431, score : -9214.7632735706, Time : 22.178 s
Timestep : 429190, score : -9285.425320758979, Time : 22.065 s
Timestep : 437949, score : -9573.45381538837, Time : 22.169 s
Timestep : 446708, score : -9420.317681414264, Time : 22.166 s
Timestep : 455467, score : -9783.155041241087, Time : 22.18 s
Timestep : 464226, score : -8961.016602038522, Time : 22.168 s
Timestep : 472985, score : -9308.146607802264, Time : 22.173 s
Timestep : 481744, score : -10083.180456209855, Time : 22.179 s
Timestep : 490503, score : -9694.573779414946, Time : 22.142 s
Timestep : 499262, score : -9318.835786480064, Time : 21.87 s
Timestep : 508021, score : -9608.4782958024, Time : 22.185 s
Timestep : 516780, score : -9857.368234048437, Time : 22.172 s
Timestep : 525539, score : -10141.744864600638, Time : 21.72 s
Timestep : 534298, score : -10257.967494877645, Time : 21.801 s
Timestep : 543057, score : -9858.16124697859, Time : 22.169 s
Timestep : 551816, score : -9793.955895591767, Time : 22.172 s
Timestep : 560575, score : -9471.89972087853, Time : 22.161 s
Timestep : 569334, score : -9769.95844784793, Time : 22.158 s
Timestep : 578093, score : -10017.895475867394, Time : 22.074 s
Timestep : 586852, score : -9872.462805836185, Time : 22.142 s
Timestep : 595611, score : -10210.40547208942, Time : 22.025 s
Timestep : 604370, score : -10087.056260870944, Time : 21.844 s
Timestep : 613129, score : -10003.773940215193, Time : 22.17 s
Timestep : 621888, score : -10175.807338889368, Time : 22.185 s
Timestep : 630647, score : -9435.707720910112, Time : 22.178 s
Timestep : 639406, score : -10081.661850405704, Time : 22.18 s
Timestep : 648165, score : -10181.285670258294, Time : 22.188 s
Timestep : 656924, score : -9623.072502852301, Time : 22.186 s
Timestep : 665683, score : -10454.9964366793, Time : 22.183 s
Timestep : 674442, score : -10213.731175539579, Time : 22.188 s
Timestep : 683201, score : -10019.416342768003, Time : 22.185 s
Timestep : 691960, score : -9427.779374091377, Time : 22.194 s
Timestep : 700719, score : -9558.204122671814, Time : 22.188 s
Timestep : 709478, score : -10021.787712774778, Time : 22.184 s
Timestep : 718237, score : -10060.250715959075, Time : 22.19 s
Timestep : 726996, score : -10205.124578801595, Time : 22.188 s
Timestep : 735755, score : -9950.350517866027, Time : 22.176 s
Timestep : 744514, score : -9685.688903623493, Time : 22.189 s
Timestep : 753273, score : -10199.230570090265, Time : 22.193 s
Timestep : 762032, score : -10277.096565388856, Time : 22.195 s
Timestep : 770791, score : -10064.291459570995, Time : 22.19 s
Timestep : 779550, score : -9544.959381518558, Time : 22.188 s
Timestep : 788309, score : -10317.23730672554, Time : 22.181 s
Timestep : 797068, score : -10420.367261392486, Time : 22.015 s
Timestep : 805827, score : -9723.15294463365, Time : 22.198 s
Timestep : 814586, score : -10832.195524332725, Time : 22.198 s
Timestep : 823345, score : -10304.943526864896, Time : 22.187 s
Timestep : 832104, score : -9877.142552494493, Time : 22.107 s
Timestep : 840863, score : -10141.337859083855, Time : 22.185 s
Timestep : 849622, score : -10051.533213503804, Time : 22.165 s
Timestep : 858381, score : -9626.554634579137, Time : 22.029 s
Timestep : 867140, score : -10452.40162206188, Time : 21.9 s
Timestep : 875899, score : -10167.418244217784, Time : 21.96 s
Starting local evaluation
Num Steps: 1000, Num episodes: 0
Num Steps: 2000, Num episodes: 0
Num Steps: 3000, Num episodes: 0
Num Steps: 4000, Num episodes: 0
Num Steps: 5000, Num episodes: 0
Num Steps: 6000, Num episodes: 0
Num Steps: 7000, Num episodes: 0
Num Steps: 8000, Num episodes: 0
Episode complete: 1 | Latest episode metrics: {'price_cost': 0.9804565548354129, 'emmision_cost': 1.0317804994384139}
[-0.23626905] -0.23626904713886682
Average Price Cost: 0.9804565548354129
Average Emmision Cost: 1.0317804994384139
Average of both costs: 1.0061185271369135
Total time taken by agent: 2.5281501971185207s
DONE!
