{'agent': 'DQN', 'action_selection': 'egreedy', 'seed': 1, 'episodes': 100, 'data_path': 'data/citylearn_challenge_2022_phase_1', 'dry_run': False, 'n_discrete': 9, 'update_target': 8, 'lr': 0.07, 'batch_size': 256, 'adam_epsilon': 1e-06, 'epsilon_final': 0.06, 'run_id': 203}
{'Notes': 'This is a tuning run, executed on a single building.',
 'action_selection': 'egreedy',
 'adam_epsilon': 1e-06,
 'env': '<NormalizeObservation<OneHotHour<DiscreteSingle<CityLearnEnv '
        'instance>>>>',
 'final_exploration_rate': 0.02,
 'final_exploration_step': 1000,
 'gamma': 0.99,
 'initial_exploration_rate': 1,
 'learning_rate': 0.07,
 'loss': 'mse',
 'minibatch_size': 256,
 'network': 'MLP(\n'
            '  (layers): Sequential(\n'
            '    (0): Linear(in_features=29, out_features=128, bias=True)\n'
            '    (1): ReLU()\n'
            '    (2): Linear(in_features=128, out_features=128, bias=True)\n'
            '    (3): ReLU()\n'
            '    (4): Linear(in_features=128, out_features=9, bias=True)\n'
            '  )\n'
            ')',
 'replay_buffer_size': 10000,
 'replay_start_size': 256,
 'seed': 1,
 'train_steps': 876000,
 'update_frequency': 1,
 'update_target_frequency': 8,
 'weight_scale': 1.4142135623730951}
Timestep : 8758, score : -10239.95182559546, Time : 27.833 s
Timestep : 17517, score : -16185.746677517905, Time : 30.717 s
Timestep : 26276, score : -10369.578629018579, Time : 31.635 s
Timestep : 35035, score : -17339.545358675998, Time : 31.624 s
Timestep : 43794, score : -13850.29863996472, Time : 31.903 s
Timestep : 52553, score : -13503.797421113079, Time : 32.329 s
Timestep : 61312, score : -15821.528983140015, Time : 31.006 s
Timestep : 70071, score : -15721.311399959843, Time : 31.542 s
Timestep : 78830, score : -14560.798626004136, Time : 31.01 s
Timestep : 87589, score : -14756.844724123599, Time : 31.577 s
Timestep : 96348, score : -15129.71029242254, Time : 31.591 s
Timestep : 105107, score : -14564.405334160154, Time : 31.579 s
Timestep : 113866, score : -16785.506288263132, Time : 31.572 s
Timestep : 122625, score : -15684.106149761996, Time : 30.678 s
Timestep : 131384, score : -16629.478633404084, Time : 32.775 s
Timestep : 140143, score : -14902.835415954833, Time : 30.467 s
Timestep : 148902, score : -16387.598310625646, Time : 31.483 s
Timestep : 157661, score : -17052.246351798138, Time : 29.787 s
Timestep : 166420, score : -16307.444141172688, Time : 29.844 s
Timestep : 175179, score : -16559.31113306778, Time : 31.482 s
Timestep : 183938, score : -16721.757843067942, Time : 29.791 s
Timestep : 192697, score : -16277.943445790253, Time : 29.671 s
Timestep : 201456, score : -15936.780584455468, Time : 29.796 s
Timestep : 210215, score : -16725.556480238563, Time : 32.889 s
Timestep : 218974, score : -17102.464601221538, Time : 31.629 s
Timestep : 227733, score : -15553.79492703393, Time : 31.559 s
Timestep : 236492, score : -17080.056737179926, Time : 31.589 s
Timestep : 245251, score : -16446.721241089253, Time : 31.523 s
Timestep : 254010, score : -15459.301238288754, Time : 31.538 s
Timestep : 262769, score : -16645.82422890782, Time : 30.937 s
Timestep : 271528, score : -15928.413164017842, Time : 31.014 s
Timestep : 280287, score : -16334.064001118764, Time : 31.622 s
Timestep : 289046, score : -16559.337519539433, Time : 32.82 s
Timestep : 297805, score : -16214.609550534515, Time : 29.877 s
Timestep : 306564, score : -16010.752078857375, Time : 30.184 s
Timestep : 315323, score : -15899.753047486389, Time : 31.451 s
Timestep : 324082, score : -15336.860252225306, Time : 31.149 s
Timestep : 332841, score : -16456.708788218748, Time : 31.394 s
Timestep : 341600, score : -15280.977679017415, Time : 31.557 s
Timestep : 350359, score : -16462.172768959503, Time : 29.938 s
Timestep : 359118, score : -15966.023626640943, Time : 30.615 s
Timestep : 367877, score : -16233.339713124165, Time : 31.514 s
Timestep : 376636, score : -15890.796216742383, Time : 31.491 s
Timestep : 385395, score : -16624.516413045712, Time : 30.654 s
Timestep : 394154, score : -15764.345534100517, Time : 31.991 s
Timestep : 402913, score : -16898.016861535565, Time : 32.048 s
Timestep : 411672, score : -15571.964539485518, Time : 30.245 s
Timestep : 420431, score : -15603.590576483199, Time : 31.482 s
Timestep : 429190, score : -16011.09125827107, Time : 31.438 s
Timestep : 437949, score : -16585.920306615648, Time : 30.993 s
Timestep : 446708, score : -15652.845224446326, Time : 30.718 s
Timestep : 455467, score : -16768.12180111755, Time : 30.112 s
Timestep : 464226, score : -16309.878351877967, Time : 29.613 s
Timestep : 472985, score : -16870.214509915066, Time : 31.138 s
Timestep : 481744, score : -17271.502575792794, Time : 32.666 s
Timestep : 490503, score : -15880.008840371273, Time : 31.545 s
Timestep : 499262, score : -16898.64540002923, Time : 31.397 s
Timestep : 508021, score : -15814.775031823723, Time : 31.489 s
Timestep : 516780, score : -16365.991131544375, Time : 31.548 s
Timestep : 525539, score : -17261.15910370325, Time : 31.526 s
Timestep : 534298, score : -16312.338952941194, Time : 31.708 s
Timestep : 543057, score : -14898.408419826024, Time : 31.737 s
Timestep : 551816, score : -12916.102043117236, Time : 30.937 s
Timestep : 560575, score : -5916.121753055049, Time : 32.537 s
Timestep : 569334, score : -4542.894883225163, Time : 31.366 s
Timestep : 578093, score : -4477.225290357514, Time : 31.832 s
Timestep : 586852, score : -4558.400818987662, Time : 31.827 s
Timestep : 595611, score : -4599.540572085796, Time : 31.653 s
Timestep : 604370, score : -4518.36491273556, Time : 29.755 s
Timestep : 613129, score : -4544.052075381769, Time : 31.472 s
Timestep : 621888, score : -4499.043466195537, Time : 31.45 s
Timestep : 630647, score : -4568.328977951227, Time : 31.419 s
Timestep : 639406, score : -4527.071279221593, Time : 32.671 s
Timestep : 648165, score : -4470.7790372571035, Time : 31.216 s
Timestep : 656924, score : -4588.143395852676, Time : 30.765 s
Timestep : 665683, score : -4691.050559356881, Time : 30.802 s
Timestep : 674442, score : -4520.537065931974, Time : 30.389 s
Timestep : 683201, score : -4462.177492019167, Time : 30.182 s
Timestep : 691960, score : -4525.940989243245, Time : 30.206 s
Timestep : 700719, score : -4592.662756068079, Time : 29.952 s
Timestep : 709478, score : -4399.709043612151, Time : 31.533 s
Timestep : 718237, score : -4414.600484193215, Time : 32.24 s
Timestep : 726996, score : -4554.557747831015, Time : 31.14 s
Timestep : 735755, score : -4503.43120218665, Time : 31.062 s
Timestep : 744514, score : -4578.9301412286295, Time : 31.094 s
Timestep : 753273, score : -4605.142095765943, Time : 31.079 s
Timestep : 762032, score : -4491.240800691099, Time : 31.074 s
Timestep : 770791, score : -4334.578947590111, Time : 29.45 s
Timestep : 779550, score : -4419.064531506418, Time : 31.051 s
Timestep : 788309, score : -4380.037037904753, Time : 31.034 s
Timestep : 797068, score : -4299.996908315836, Time : 31.046 s
Timestep : 805827, score : -4519.699612767814, Time : 31.027 s
Timestep : 814586, score : -4518.903718203685, Time : 31.053 s
Timestep : 823345, score : -4509.6734245885455, Time : 32.05 s
Timestep : 832104, score : -4441.944439188956, Time : 31.595 s
Timestep : 840863, score : -4583.986287366046, Time : 31.066 s
Timestep : 849622, score : -4632.518483687105, Time : 31.025 s
Timestep : 858381, score : -4548.226217187388, Time : 31.138 s
Timestep : 867140, score : -4446.021878464526, Time : 31.055 s
Timestep : 875899, score : -4633.848021453159, Time : 31.049 s
Starting local evaluation
Num Steps: 1000, Num episodes: 0
Num Steps: 2000, Num episodes: 0
Num Steps: 3000, Num episodes: 0
Num Steps: 4000, Num episodes: 0
Num Steps: 5000, Num episodes: 0
Num Steps: 6000, Num episodes: 0
Num Steps: 7000, Num episodes: 0
Num Steps: 8000, Num episodes: 0
Episode complete: 1 | Latest episode metrics: {'price_cost': 1.0200483473117574, 'emmision_cost': 1.0223360887327713}
[-0.25607746] -0.25607745651162883
Average Price Cost: 1.0200483473117574
Average Emmision Cost: 1.0223360887327713
Average of both costs: 1.0211922180222643
Total time taken by agent: 2.5726144190412015s
DONE!
