{'agent': 'DQN', 'action_selection': 'softmax', 'seed': 1, 'episodes': 100, 'data_path': 'data/citylearn_challenge_2022_phase_1', 'dry_run': False, 'n_discrete': 9, 'update_target': 8, 'lr': 0.007, 'batch_size': 8, 'adam_epsilon': 0.0001, 'epsilon_final': 0.02, 'run_id': 180}
{'Notes': 'This is a tuning run, executed on a single building.',
 'action_selection': 'softmax',
 'adam_epsilon': 0.0001,
 'env': '<NormalizeObservation<OneHotHour<DiscreteSingle<CityLearnEnv '
        'instance>>>>',
 'final_exploration_rate': 0.02,
 'final_exploration_step': 1000,
 'gamma': 0.99,
 'initial_exploration_rate': 1,
 'learning_rate': 0.007,
 'loss': 'mse',
 'minibatch_size': 8,
 'network': 'MLP(\n'
            '  (layers): Sequential(\n'
            '    (0): Linear(in_features=29, out_features=128, bias=True)\n'
            '    (1): ReLU()\n'
            '    (2): Linear(in_features=128, out_features=128, bias=True)\n'
            '    (3): ReLU()\n'
            '    (4): Linear(in_features=128, out_features=9, bias=True)\n'
            '  )\n'
            ')',
 'replay_buffer_size': 10000,
 'replay_start_size': 8,
 'seed': 1,
 'train_steps': 876000,
 'update_frequency': 1,
 'update_target_frequency': 8,
 'weight_scale': 1.4142135623730951}
Timestep : 8758, score : -5278.270694932813, Time : 27.579 s
Timestep : 17517, score : -6733.0630780392385, Time : 28.063 s
Timestep : 26276, score : -5829.626992971433, Time : 28.448 s
Timestep : 35035, score : -8008.098882217382, Time : 28.413 s
Timestep : 43794, score : -8214.704626659877, Time : 26.622 s
Timestep : 52553, score : -8158.860875418715, Time : 27.517 s
Timestep : 61312, score : -7189.698720560089, Time : 28.029 s
Timestep : 70071, score : -8529.095927184055, Time : 23.485 s
Timestep : 78830, score : -5594.28327868451, Time : 23.48 s
Timestep : 87589, score : -4485.711404205562, Time : 22.904 s
Timestep : 96348, score : -4459.924451043626, Time : 22.806 s
Timestep : 105107, score : -4454.4313121046, Time : 22.89 s
Timestep : 113866, score : -4395.136767573567, Time : 22.694 s
Timestep : 122625, score : -4176.421134190779, Time : 22.696 s
Timestep : 131384, score : -4272.641088741395, Time : 25.567 s
Timestep : 140143, score : -4216.2442761402635, Time : 25.047 s
Timestep : 148902, score : -4238.129368490918, Time : 24.01 s
Timestep : 157661, score : -4181.0155064193095, Time : 24.515 s
Timestep : 166420, score : -4286.378565378051, Time : 23.758 s
Timestep : 175179, score : -4211.091047426133, Time : 25.291 s
Timestep : 183938, score : -4160.927221371239, Time : 22.871 s
Timestep : 192697, score : -4166.2596883642545, Time : 22.805 s
Timestep : 201456, score : -4195.8345459358825, Time : 22.781 s
Timestep : 210215, score : -4115.709468049376, Time : 22.831 s
Timestep : 218974, score : -4145.235593292309, Time : 26.488 s
Timestep : 227733, score : -4230.637099679472, Time : 23.488 s
Timestep : 236492, score : -4076.80115949866, Time : 26.158 s
Timestep : 245251, score : -4187.276941114484, Time : 26.491 s
Timestep : 254010, score : -4083.329651651351, Time : 22.809 s
Timestep : 262769, score : -4314.516975979699, Time : 22.691 s
Timestep : 271528, score : -4252.195690749591, Time : 24.492 s
Timestep : 280287, score : -4095.518686383526, Time : 24.268 s
Timestep : 289046, score : -4083.5750736346527, Time : 22.891 s
Timestep : 297805, score : -4104.894331284246, Time : 22.729 s
Timestep : 306564, score : -4095.245063205628, Time : 22.731 s
Timestep : 315323, score : -4085.6653502931877, Time : 22.742 s
Timestep : 324082, score : -4135.339620071842, Time : 22.773 s
Timestep : 332841, score : -4133.708673931105, Time : 22.727 s
Timestep : 341600, score : -4163.304930261715, Time : 26.251 s
Timestep : 350359, score : -4105.079472364305, Time : 27.083 s
Timestep : 359118, score : -4263.027178093238, Time : 27.046 s
Timestep : 367877, score : -4120.830544342665, Time : 25.83 s
Timestep : 376636, score : -4101.206686211197, Time : 22.722 s
Timestep : 385395, score : -4139.439577204554, Time : 23.605 s
Timestep : 394154, score : -4060.218877328007, Time : 22.675 s
Timestep : 402913, score : -4147.8894335324, Time : 22.698 s
Timestep : 411672, score : -4147.979824015318, Time : 22.711 s
Timestep : 420431, score : -4087.232398505701, Time : 22.713 s
Timestep : 429190, score : -4132.869993766217, Time : 22.72 s
Timestep : 437949, score : -4099.634955496906, Time : 25.725 s
Timestep : 446708, score : -4163.405524585469, Time : 25.073 s
Timestep : 455467, score : -4165.393219940743, Time : 22.728 s
Timestep : 464226, score : -4206.4731504594965, Time : 23.425 s
Timestep : 472985, score : -4212.17827706915, Time : 22.726 s
Timestep : 481744, score : -4093.231682823418, Time : 22.72 s
Timestep : 490503, score : -4142.054721135093, Time : 22.692 s
Timestep : 499262, score : -4086.3894488778024, Time : 22.906 s
Timestep : 508021, score : -4141.175191377668, Time : 24.069 s
Timestep : 516780, score : -4225.806930032937, Time : 26.961 s
Timestep : 525539, score : -4126.313171116082, Time : 22.811 s
Timestep : 534298, score : -4130.4352162158175, Time : 22.968 s
Timestep : 543057, score : -4123.380975568114, Time : 22.975 s
Timestep : 551816, score : -4147.937739502086, Time : 22.889 s
Timestep : 560575, score : -4143.297742058901, Time : 22.73 s
Timestep : 569334, score : -4072.0919871976657, Time : 22.768 s
Timestep : 578093, score : -4116.174188071309, Time : 22.728 s
Timestep : 586852, score : -4162.685660788236, Time : 22.767 s
Timestep : 595611, score : -4148.644481578289, Time : 22.746 s
Timestep : 604370, score : -4181.446474978147, Time : 22.703 s
Timestep : 613129, score : -4174.566210985329, Time : 22.676 s
Timestep : 621888, score : -4089.133164347062, Time : 22.675 s
Timestep : 630647, score : -4057.000735712616, Time : 22.669 s
Timestep : 639406, score : -4209.053462935059, Time : 22.696 s
Timestep : 648165, score : -4082.659331233619, Time : 22.686 s
Timestep : 656924, score : -4104.470417232631, Time : 22.741 s
Timestep : 665683, score : -4150.9571608522965, Time : 22.671 s
Timestep : 674442, score : -4073.725451727776, Time : 22.671 s
Timestep : 683201, score : -4138.619306515815, Time : 22.697 s
Timestep : 691960, score : -4191.099694518751, Time : 22.689 s
Timestep : 700719, score : -4146.539806076704, Time : 22.678 s
Timestep : 709478, score : -4208.42259106916, Time : 22.696 s
Timestep : 718237, score : -4219.769008097617, Time : 22.683 s
Timestep : 726996, score : -4168.76619063635, Time : 25.587 s
Timestep : 735755, score : -4210.85006315299, Time : 26.943 s
Timestep : 744514, score : -4152.065671655728, Time : 24.272 s
Timestep : 753273, score : -4120.964389470784, Time : 22.695 s
Timestep : 762032, score : -4126.010001219256, Time : 22.702 s
Timestep : 770791, score : -4160.978767992376, Time : 23.2 s
Timestep : 779550, score : -4125.450335795555, Time : 22.667 s
Timestep : 788309, score : -4117.190454733936, Time : 22.644 s
Timestep : 797068, score : -4145.769881793676, Time : 22.653 s
Timestep : 805827, score : -4182.010822742624, Time : 26.122 s
Timestep : 814586, score : -4115.168243910564, Time : 22.852 s
Timestep : 823345, score : -4151.403464179515, Time : 24.235 s
Timestep : 832104, score : -4121.3996171889885, Time : 23.55 s
Timestep : 840863, score : -4112.871808373748, Time : 22.698 s
Timestep : 849622, score : -4055.7751790931507, Time : 22.709 s
Timestep : 858381, score : -4083.527810425876, Time : 22.687 s
Timestep : 867140, score : -4206.890050173184, Time : 22.698 s
Timestep : 875899, score : -4111.539238469122, Time : 22.727 s
Starting local evaluation
Num Steps: 1000, Num episodes: 0
Num Steps: 2000, Num episodes: 0
Num Steps: 3000, Num episodes: 0
Num Steps: 4000, Num episodes: 0
Num Steps: 5000, Num episodes: 0
Num Steps: 6000, Num episodes: 0
Num Steps: 7000, Num episodes: 0
Num Steps: 8000, Num episodes: 0
Episode complete: 1 | Latest episode metrics: {'price_cost': 1.0002668155026164, 'emmision_cost': 1.0003136276842624}
[-0.23041711] -0.23041711268884493
Average Price Cost: 1.0002668155026164
Average Emmision Cost: 1.0003136276842624
Average of both costs: 1.0002902215934393
Total time taken by agent: 3.709912455873564s
DONE!
