{'agent': 'DQN', 'action_selection': 'softmax', 'seed': 1, 'episodes': 100, 'data_path': 'data/citylearn_challenge_2022_phase_1', 'dry_run': False, 'n_discrete': 9, 'update_target': 16, 'lr': 0.1, 'batch_size': 8, 'adam_epsilon': 1e-09, 'epsilon_final': 0.02, 'run_id': 101}
{'Notes': 'This is a tuning run, executed on a single building.',
 'action_selection': 'softmax',
 'adam_epsilon': 1e-09,
 'env': '<NormalizeObservation<OneHotHour<DiscreteSingle<CityLearnEnv '
        'instance>>>>',
 'final_exploration_rate': 0.02,
 'final_exploration_step': 1000,
 'gamma': 0.99,
 'initial_exploration_rate': 1,
 'learning_rate': 0.1,
 'loss': 'mse',
 'minibatch_size': 8,
 'network': 'MLP(\n'
            '  (layers): Sequential(\n'
            '    (0): Linear(in_features=29, out_features=128, bias=True)\n'
            '    (1): ReLU()\n'
            '    (2): Linear(in_features=128, out_features=128, bias=True)\n'
            '    (3): ReLU()\n'
            '    (4): Linear(in_features=128, out_features=9, bias=True)\n'
            '  )\n'
            ')',
 'replay_buffer_size': 10000,
 'replay_start_size': 8,
 'seed': 1,
 'train_steps': 876000,
 'update_frequency': 1,
 'update_target_frequency': 16,
 'weight_scale': 1.4142135623730951}
Timestep : 8758, score : -4950.663764693803, Time : 21.804 s
Timestep : 17517, score : -4303.313222284807, Time : 21.678 s
Timestep : 26276, score : -4176.194978764659, Time : 21.671 s
Timestep : 35035, score : -4213.971852480812, Time : 21.696 s
Timestep : 43794, score : -4183.286191555118, Time : 21.721 s
Timestep : 52553, score : -4158.324223484757, Time : 21.911 s
Timestep : 61312, score : -4302.57295895592, Time : 22.121 s
Timestep : 70071, score : -4201.244665384671, Time : 21.744 s
Timestep : 78830, score : -4137.8457834174915, Time : 22.468 s
Timestep : 87589, score : -4120.773757959978, Time : 22.448 s
Timestep : 96348, score : -4126.59246757385, Time : 22.485 s
Timestep : 105107, score : -4131.7529636366235, Time : 22.455 s
Timestep : 113866, score : -4245.343676091594, Time : 22.459 s
Timestep : 122625, score : -4112.8917336179, Time : 22.206 s
Timestep : 131384, score : -4078.4711156091944, Time : 21.909 s
Timestep : 140143, score : -4232.214778074442, Time : 22.671 s
Timestep : 148902, score : -4121.765128841071, Time : 22.65 s
Timestep : 157661, score : -4223.103719546416, Time : 22.196 s
Timestep : 166420, score : -4271.532554135687, Time : 22.015 s
Timestep : 175179, score : -4095.5404725460394, Time : 21.995 s
Timestep : 183938, score : -4205.061582336581, Time : 22.606 s
Timestep : 192697, score : -4160.119277261576, Time : 22.609 s
Timestep : 201456, score : -4158.203093043907, Time : 22.072 s
Timestep : 210215, score : -4121.513624032406, Time : 22.118 s
Timestep : 218974, score : -4169.967179068743, Time : 22.628 s
Timestep : 227733, score : -4180.449465965299, Time : 22.625 s
Timestep : 236492, score : -4162.012287279038, Time : 22.632 s
Timestep : 245251, score : -4243.52075894727, Time : 22.616 s
Timestep : 254010, score : -4102.600038205652, Time : 22.654 s
Timestep : 262769, score : -4171.200627875893, Time : 22.64 s
Timestep : 271528, score : -4190.056387759192, Time : 22.653 s
Timestep : 280287, score : -4115.804303127836, Time : 22.632 s
Timestep : 289046, score : -4093.5843989675923, Time : 22.631 s
Timestep : 297805, score : -4054.0172710944025, Time : 22.656 s
Timestep : 306564, score : -4144.250783716707, Time : 22.669 s
Timestep : 315323, score : -4189.051821994042, Time : 22.656 s
Timestep : 324082, score : -4250.89549738288, Time : 22.67 s
Timestep : 332841, score : -4182.0674942722835, Time : 22.624 s
Timestep : 341600, score : -4205.443727760954, Time : 22.621 s
Timestep : 350359, score : -4170.726746154396, Time : 22.647 s
Timestep : 359118, score : -4192.789599539159, Time : 22.666 s
Timestep : 367877, score : -4129.706725587515, Time : 22.625 s
Timestep : 376636, score : -4083.646569704084, Time : 22.654 s
Timestep : 385395, score : -4094.8667536744906, Time : 22.648 s
Timestep : 394154, score : -4095.8055648928566, Time : 22.655 s
Timestep : 402913, score : -4172.665398562705, Time : 22.658 s
Timestep : 411672, score : -4132.923187640874, Time : 22.629 s
Timestep : 420431, score : -4114.406747043162, Time : 22.661 s
Timestep : 429190, score : -4149.794706599234, Time : 22.638 s
Timestep : 437949, score : -4160.379604776768, Time : 22.636 s
Timestep : 446708, score : -4172.1610859980865, Time : 22.649 s
Timestep : 455467, score : -4286.355801090045, Time : 22.652 s
Timestep : 464226, score : -4213.621492890088, Time : 22.661 s
Timestep : 472985, score : -4248.2475666062965, Time : 22.644 s
Timestep : 481744, score : -4141.900243991433, Time : 22.66 s
Timestep : 490503, score : -4183.986850033893, Time : 22.66 s
Timestep : 499262, score : -4168.236399924761, Time : 22.619 s
Timestep : 508021, score : -4161.299406758888, Time : 22.662 s
Timestep : 516780, score : -4183.867475915147, Time : 22.655 s
Timestep : 525539, score : -4101.115082090168, Time : 22.633 s
Timestep : 534298, score : -4179.317987573711, Time : 22.661 s
Timestep : 543057, score : -4131.643897158472, Time : 22.63 s
Timestep : 551816, score : -4200.242409256665, Time : 22.635 s
Timestep : 560575, score : -4226.419360661326, Time : 22.651 s
Timestep : 569334, score : -4136.419220504729, Time : 22.659 s
Timestep : 578093, score : -4134.863563635765, Time : 22.636 s
Timestep : 586852, score : -4162.9334994177625, Time : 22.669 s
Timestep : 595611, score : -4167.093919829844, Time : 22.613 s
Timestep : 604370, score : -4192.0629966402485, Time : 22.618 s
Timestep : 613129, score : -4121.893090741156, Time : 22.616 s
Timestep : 621888, score : -4121.990103960881, Time : 22.622 s
Timestep : 630647, score : -4080.4486577188654, Time : 22.626 s
Timestep : 639406, score : -4154.629093888594, Time : 22.598 s
Timestep : 648165, score : -4122.95831650999, Time : 22.59 s
Timestep : 656924, score : -4114.586035223125, Time : 22.614 s
Timestep : 665683, score : -4123.1405206447525, Time : 22.617 s
Timestep : 674442, score : -4141.206205406605, Time : 22.567 s
Timestep : 683201, score : -4094.335216796404, Time : 22.588 s
Timestep : 691960, score : -4288.963593621811, Time : 22.575 s
Timestep : 700719, score : -4104.744536562735, Time : 22.6 s
Timestep : 709478, score : -4196.132554664655, Time : 22.623 s
Timestep : 718237, score : -4121.550621801434, Time : 22.63 s
Timestep : 726996, score : -4210.8490248512535, Time : 22.644 s
Timestep : 735755, score : -4155.342242699495, Time : 22.621 s
Timestep : 744514, score : -4251.080530159088, Time : 22.624 s
Timestep : 753273, score : -4138.945904595341, Time : 22.637 s
Timestep : 762032, score : -4158.325097923545, Time : 22.65 s
Timestep : 770791, score : -4158.683978234796, Time : 22.588 s
Timestep : 779550, score : -4130.107217439014, Time : 22.607 s
Timestep : 788309, score : -4129.987856370775, Time : 22.611 s
Timestep : 797068, score : -4213.753614739893, Time : 22.588 s
Timestep : 805827, score : -4173.927630505903, Time : 22.566 s
Timestep : 814586, score : -4113.71473798473, Time : 22.593 s
Timestep : 823345, score : -4064.3480952885293, Time : 22.596 s
Timestep : 832104, score : -4139.780685740901, Time : 22.602 s
Timestep : 840863, score : -4168.732501293154, Time : 22.58 s
Timestep : 849622, score : -4096.271891435055, Time : 22.585 s
Timestep : 858381, score : -4189.32359845881, Time : 22.595 s
Timestep : 867140, score : -4273.011562426022, Time : 22.612 s
Timestep : 875899, score : -4096.775435892312, Time : 22.618 s
Starting local evaluation
Num Steps: 1000, Num episodes: 0
Num Steps: 2000, Num episodes: 0
Num Steps: 3000, Num episodes: 0
Num Steps: 4000, Num episodes: 0
Num Steps: 5000, Num episodes: 0
Num Steps: 6000, Num episodes: 0
Num Steps: 7000, Num episodes: 0
Num Steps: 8000, Num episodes: 0
Episode complete: 1 | Latest episode metrics: {'price_cost': 1.0082816604223976, 'emmision_cost': 1.0102946130646615}
[-0.24143764] -0.24143764088780575
Average Price Cost: 1.0082816604223976
Average Emmision Cost: 1.0102946130646615
Average of both costs: 1.0092881367435296
Total time taken by agent: 3.628810872323811s
DONE!
