{'agent': 'DQN', 'action_selection': 'softmax', 'seed': 1, 'episodes': 100, 'data_path': 'data/citylearn_challenge_2022_phase_1', 'dry_run': False, 'n_discrete': 9, 'update_target': 8, 'lr': 1e-05, 'batch_size': 8, 'adam_epsilon': 1e-07, 'epsilon_final': 0.02, 'run_id': 97}
{'Notes': 'This is a tuning run, executed on a single building.',
 'action_selection': 'softmax',
 'adam_epsilon': 1e-07,
 'env': '<NormalizeObservation<OneHotHour<DiscreteSingle<CityLearnEnv '
        'instance>>>>',
 'final_exploration_rate': 0.02,
 'final_exploration_step': 1000,
 'gamma': 0.99,
 'initial_exploration_rate': 1,
 'learning_rate': 1e-05,
 'loss': 'mse',
 'minibatch_size': 8,
 'network': 'MLP(\n'
            '  (layers): Sequential(\n'
            '    (0): Linear(in_features=29, out_features=128, bias=True)\n'
            '    (1): ReLU()\n'
            '    (2): Linear(in_features=128, out_features=128, bias=True)\n'
            '    (3): ReLU()\n'
            '    (4): Linear(in_features=128, out_features=9, bias=True)\n'
            '  )\n'
            ')',
 'replay_buffer_size': 10000,
 'replay_start_size': 8,
 'seed': 1,
 'train_steps': 876000,
 'update_frequency': 1,
 'update_target_frequency': 8,
 'weight_scale': 1.4142135623730951}
Timestep : 8758, score : -8851.610216211673, Time : 23.619 s
Timestep : 17517, score : -4383.18810378146, Time : 23.056 s
Timestep : 26276, score : -4609.729171407787, Time : 23.406 s
Timestep : 35035, score : -4300.636615471361, Time : 23.117 s
Timestep : 43794, score : -4133.652763014106, Time : 22.522 s
Timestep : 52553, score : -4287.853535110509, Time : 22.457 s
Timestep : 61312, score : -4586.34906039518, Time : 23.023 s
Timestep : 70071, score : -4609.74755989798, Time : 23.19 s
Timestep : 78830, score : -4376.096727337601, Time : 22.856 s
Timestep : 87589, score : -4254.234695547639, Time : 23.089 s
Timestep : 96348, score : -4374.15019650702, Time : 23.009 s
Timestep : 105107, score : -4374.892678901, Time : 23.062 s
Timestep : 113866, score : -4380.9893034793495, Time : 23.098 s
Timestep : 122625, score : -4337.164282200305, Time : 22.877 s
Timestep : 131384, score : -4219.891639736859, Time : 23.003 s
Timestep : 140143, score : -4181.665943985252, Time : 23.019 s
Timestep : 148902, score : -4247.053069790272, Time : 23.1 s
Timestep : 157661, score : -4113.9869149989245, Time : 23.094 s
Timestep : 166420, score : -4156.706508153191, Time : 22.853 s
Timestep : 175179, score : -4190.882747699885, Time : 22.522 s
Timestep : 183938, score : -4111.620735106437, Time : 22.598 s
Timestep : 192697, score : -4121.8781958347245, Time : 22.843 s
Timestep : 201456, score : -4058.202866015403, Time : 22.684 s
Timestep : 210215, score : -4048.5798370515986, Time : 23.059 s
Timestep : 218974, score : -4076.3640976449533, Time : 23.103 s
Timestep : 227733, score : -4087.598264624743, Time : 23.119 s
Timestep : 236492, score : -4050.2932895025297, Time : 23.12 s
Timestep : 245251, score : -4066.6068125007732, Time : 22.897 s
Timestep : 254010, score : -4091.749464367589, Time : 23.169 s
Timestep : 262769, score : -4056.1935693849373, Time : 23.224 s
Timestep : 271528, score : -4055.9076777672453, Time : 22.883 s
Timestep : 280287, score : -4086.3535596629663, Time : 22.662 s
Timestep : 289046, score : -4050.2691785296483, Time : 22.77 s
Timestep : 297805, score : -4074.10572683849, Time : 22.804 s
Timestep : 306564, score : -4097.4175279271585, Time : 23.163 s
Timestep : 315323, score : -4094.1076670264883, Time : 23.411 s
Timestep : 324082, score : -4036.9666494926496, Time : 23.496 s
Timestep : 332841, score : -4040.9606018638297, Time : 22.765 s
Timestep : 341600, score : -4042.7972682019754, Time : 22.766 s
Timestep : 350359, score : -4061.677101244597, Time : 22.769 s
Timestep : 359118, score : -4065.150602861686, Time : 22.864 s
Timestep : 367877, score : -4045.6673219701333, Time : 22.73 s
Timestep : 376636, score : -4036.577711155085, Time : 22.928 s
Timestep : 385395, score : -4074.6413884815556, Time : 22.671 s
Timestep : 394154, score : -4099.016179209022, Time : 22.548 s
Timestep : 402913, score : -4047.199801101422, Time : 22.532 s
Timestep : 411672, score : -4108.474780225573, Time : 22.507 s
Timestep : 420431, score : -4124.575595411545, Time : 22.491 s
Timestep : 429190, score : -4106.828701679668, Time : 22.838 s
Timestep : 437949, score : -4086.3265448356105, Time : 23.136 s
Timestep : 446708, score : -4090.1830367046205, Time : 23.284 s
Timestep : 455467, score : -4081.2973644966987, Time : 23.161 s
Timestep : 464226, score : -4108.787846062711, Time : 22.787 s
Timestep : 472985, score : -4101.446897414891, Time : 22.765 s
Timestep : 481744, score : -4084.741310921876, Time : 22.94 s
Timestep : 490503, score : -4090.412016843824, Time : 22.85 s
Timestep : 499262, score : -4098.735076673707, Time : 23.044 s
Timestep : 508021, score : -4072.7835974706395, Time : 23.018 s
Timestep : 516780, score : -4082.45389348772, Time : 22.788 s
Timestep : 525539, score : -4065.119901147744, Time : 22.751 s
Timestep : 534298, score : -4076.99897718188, Time : 22.892 s
Timestep : 543057, score : -4057.5290914377256, Time : 22.741 s
Timestep : 551816, score : -4053.3730068108125, Time : 22.514 s
Timestep : 560575, score : -4083.573027954815, Time : 22.828 s
Timestep : 569334, score : -4103.016973122401, Time : 22.803 s
Timestep : 578093, score : -4114.122346680058, Time : 22.527 s
Timestep : 586852, score : -4098.021444076119, Time : 22.49 s
Timestep : 595611, score : -4165.926176731853, Time : 22.496 s
Timestep : 604370, score : -4235.535962181544, Time : 22.474 s
Timestep : 613129, score : -4170.342906798149, Time : 22.491 s
Timestep : 621888, score : -4122.023541842034, Time : 23.078 s
Timestep : 630647, score : -4090.27703510267, Time : 23.207 s
Timestep : 639406, score : -4115.528247598631, Time : 22.846 s
Timestep : 648165, score : -4102.140670654742, Time : 23.038 s
Timestep : 656924, score : -4112.317769147528, Time : 22.647 s
Timestep : 665683, score : -4103.451885938208, Time : 22.461 s
Timestep : 674442, score : -4075.1692068142875, Time : 22.462 s
Timestep : 683201, score : -4062.391381679481, Time : 23.186 s
Timestep : 691960, score : -4062.5945243438764, Time : 23.434 s
Timestep : 700719, score : -4070.4569263435696, Time : 22.94 s
Timestep : 709478, score : -4067.1723625859304, Time : 22.439 s
Timestep : 718237, score : -4107.415331420867, Time : 22.447 s
Timestep : 726996, score : -4102.569744091554, Time : 22.456 s
Timestep : 735755, score : -4114.125618914521, Time : 22.51 s
Timestep : 744514, score : -4111.548171676142, Time : 23.241 s
Timestep : 753273, score : -4099.580706137727, Time : 23.189 s
Timestep : 762032, score : -4081.7026721638686, Time : 23.098 s
Timestep : 770791, score : -4147.34105266296, Time : 23.025 s
Timestep : 779550, score : -4141.4140189599275, Time : 23.07 s
Timestep : 788309, score : -4162.647944984405, Time : 23.046 s
Timestep : 797068, score : -4178.852358332748, Time : 23.05 s
Timestep : 805827, score : -4183.125077476638, Time : 23.226 s
Timestep : 814586, score : -4099.5638598850055, Time : 23.311 s
Timestep : 823345, score : -4078.83216671001, Time : 22.419 s
Timestep : 832104, score : -4089.485272894992, Time : 22.85 s
Timestep : 840863, score : -4081.993268440856, Time : 22.884 s
Timestep : 849622, score : -4083.6054849414213, Time : 22.95 s
Timestep : 858381, score : -4149.4308276594675, Time : 22.943 s
Timestep : 867140, score : -4096.647760287306, Time : 22.685 s
Timestep : 875899, score : -4196.799749844155, Time : 22.736 s
Starting local evaluation
Num Steps: 1000, Num episodes: 0
Num Steps: 2000, Num episodes: 0
Num Steps: 3000, Num episodes: 0
Num Steps: 4000, Num episodes: 0
Num Steps: 5000, Num episodes: 0
Num Steps: 6000, Num episodes: 0
Num Steps: 7000, Num episodes: 0
Num Steps: 8000, Num episodes: 0
Episode complete: 1 | Latest episode metrics: {'price_cost': 1.0063934036218454, 'emmision_cost': 1.0108174571810533}
[-0.2405356] -0.24053559998984064
Average Price Cost: 1.0063934036218454
Average Emmision Cost: 1.0108174571810533
Average of both costs: 1.0086054304014493
Total time taken by agent: 3.726325835334137s
DONE!
