{'agent': 'UADQN', 'action_selection': 'softmax', 'seed': 1, 'episodes': 50, 'data_path': 'data/citylearn_challenge_2022_phase_1', 'dry_run': False, 'n_discrete': 9, 'update_target': 32, 'lr': 0.03, 'batch_size': 16, 'adam_epsilon': 1e-08, 'epsilon_final': 0.02, 'run_id': 445}
{'Notes': 'This is a tuning run, executed on a single building.',
 'adam_epsilon': 1e-08,
 'aleatoric_factor': 0,
 'biased_aleatoric': False,
 'env': '<NormalizeObservation<OneHotHour<DiscreteSingle<CityLearnEnv '
        'instance>>>>',
 'epistemic_factor': 1,
 'gamma': 0.99,
 'learning_rate': 0.03,
 'minibatch_size': 16,
 'n_quantiles': 20,
 'network': 'MLP(\n'
            '  (layers): Sequential(\n'
            '    (0): Linear(in_features=29, out_features=128, bias=True)\n'
            '    (1): ReLU()\n'
            '    (2): Linear(in_features=128, out_features=128, bias=True)\n'
            '    (3): ReLU()\n'
            '    (4): Linear(in_features=128, out_features=180, bias=True)\n'
            '  )\n'
            ')',
 'noise_scale': 1,
 'replay_buffer_size': 10000,
 'replay_start_size': 16,
 'seed': 1,
 'train_steps': 438000,
 'update_frequency': 1,
 'update_target_frequency': 32,
 'weight_scale': 1.4142135623730951}
Timestep : 8758, score : -4988.967669871083, Time : 74.704 s
Timestep : 17517, score : -4792.750465583129, Time : 75.066 s
Timestep : 26276, score : -4401.2331164585485, Time : 75.547 s
Timestep : 35035, score : -4462.314337323842, Time : 75.506 s
Timestep : 43794, score : -4417.120502096979, Time : 75.759 s
Timestep : 52553, score : -4460.464682516089, Time : 75.635 s
Timestep : 61312, score : -4955.459742970212, Time : 76.006 s
Timestep : 70071, score : -4473.169348905241, Time : 76.138 s
Timestep : 78830, score : -4815.336277001916, Time : 76.339 s
Timestep : 87589, score : -4418.226713445416, Time : 76.243 s
Timestep : 96348, score : -4692.765284419904, Time : 76.222 s
Timestep : 105107, score : -4519.641623842443, Time : 76.287 s
Timestep : 113866, score : -4730.0941964848025, Time : 76.706 s
Timestep : 122625, score : -4509.352468171535, Time : 76.399 s
Timestep : 131384, score : -4807.131982235616, Time : 76.305 s
Timestep : 140143, score : -4591.371892408846, Time : 76.439 s
Timestep : 148902, score : -5153.440109537361, Time : 76.125 s
Timestep : 157661, score : -4579.157725780649, Time : 75.733 s
Timestep : 166420, score : -4580.44813704156, Time : 75.817 s
Timestep : 175179, score : -4760.950481079897, Time : 75.73 s
Timestep : 183938, score : -4482.150768248568, Time : 75.587 s
Timestep : 192697, score : -4954.499582286371, Time : 75.52 s
Timestep : 201456, score : -4601.550553415349, Time : 75.408 s
Timestep : 210215, score : -4795.779414178134, Time : 75.404 s
Timestep : 218974, score : -4394.443104905964, Time : 75.389 s
Timestep : 227733, score : -4581.399442458904, Time : 75.475 s
Timestep : 236492, score : -4343.845129902387, Time : 75.427 s
Timestep : 245251, score : -4524.753028608306, Time : 75.452 s
Timestep : 254010, score : -4431.464937785087, Time : 75.441 s
Timestep : 262769, score : -4479.58015742703, Time : 75.434 s
Timestep : 271528, score : -4227.329986449709, Time : 74.936 s
Timestep : 280287, score : -4430.750946079759, Time : 73.696 s
Timestep : 289046, score : -4403.562202663539, Time : 73.729 s
Timestep : 297805, score : -4370.064228841482, Time : 73.771 s
Timestep : 306564, score : -4489.792640825181, Time : 73.272 s
Timestep : 315323, score : -4396.450968396297, Time : 73.58 s
Timestep : 324082, score : -4544.639272467612, Time : 73.75 s
Timestep : 332841, score : -4477.682360916893, Time : 73.684 s
Timestep : 341600, score : -4652.0454470230325, Time : 73.221 s
Timestep : 350359, score : -4558.441581291525, Time : 73.428 s
Timestep : 359118, score : -4410.756296827953, Time : 73.445 s
Timestep : 367877, score : -4567.255568720473, Time : 73.22 s
Timestep : 376636, score : -4441.173141522246, Time : 73.136 s
Timestep : 385395, score : -4405.870015587105, Time : 73.25 s
Timestep : 394154, score : -4614.595553422725, Time : 73.682 s
Timestep : 402913, score : -4657.905202839902, Time : 73.771 s
Timestep : 411672, score : -4620.9025341339, Time : 73.757 s
Timestep : 420431, score : -4561.15453187321, Time : 73.77 s
Timestep : 429190, score : -4334.8417180622055, Time : 73.746 s
Timestep : 437949, score : -4615.612935427023, Time : 73.654 s
Starting local evaluation
Num Steps: 1000, Num episodes: 0
Num Steps: 2000, Num episodes: 0
Num Steps: 3000, Num episodes: 0
Num Steps: 4000, Num episodes: 0
Num Steps: 5000, Num episodes: 0
Num Steps: 6000, Num episodes: 0
Num Steps: 7000, Num episodes: 0
Num Steps: 8000, Num episodes: 0
Episode complete: 1 | Latest episode metrics: {'price_cost': 1.0108276165655359, 'emmision_cost': 1.0119561411111446}
[-0.24404886] -0.24404885816779082
Average Price Cost: 1.0108276165655359
Average Emmision Cost: 1.0119561411111446
Average of both costs: 1.0113918788383403
Total time taken by agent: 12.1690207021893s
DONE!
