{'agent': 'DQN', 'action_selection': 'softmax', 'seed': 1, 'episodes': 100, 'data_path': 'data/citylearn_challenge_2022_phase_1', 'dry_run': False, 'n_discrete': 9, 'update_target': 16, 'lr': 0.001, 'batch_size': 256, 'adam_epsilon': 1e-08, 'epsilon_final': 0.02, 'run_id': 178}
{'Notes': 'This is a tuning run, executed on a single building.',
 'action_selection': 'softmax',
 'adam_epsilon': 1e-08,
 'env': '<NormalizeObservation<OneHotHour<DiscreteSingle<CityLearnEnv '
        'instance>>>>',
 'final_exploration_rate': 0.02,
 'final_exploration_step': 1000,
 'gamma': 0.99,
 'initial_exploration_rate': 1,
 'learning_rate': 0.001,
 'loss': 'mse',
 'minibatch_size': 256,
 'network': 'MLP(\n'
            '  (layers): Sequential(\n'
            '    (0): Linear(in_features=29, out_features=128, bias=True)\n'
            '    (1): ReLU()\n'
            '    (2): Linear(in_features=128, out_features=128, bias=True)\n'
            '    (3): ReLU()\n'
            '    (4): Linear(in_features=128, out_features=9, bias=True)\n'
            '  )\n'
            ')',
 'replay_buffer_size': 10000,
 'replay_start_size': 256,
 'seed': 1,
 'train_steps': 876000,
 'update_frequency': 1,
 'update_target_frequency': 16,
 'weight_scale': 1.4142135623730951}
Timestep : 8758, score : -5126.289134347389, Time : 25.873 s
Timestep : 17517, score : -3962.16692146899, Time : 27.724 s
Timestep : 26276, score : -3601.01037321247, Time : 27.623 s
Timestep : 35035, score : -3294.731448283841, Time : 27.666 s
Timestep : 43794, score : -3166.4331512677745, Time : 27.627 s
Timestep : 52553, score : -3084.2952774305886, Time : 27.713 s
Timestep : 61312, score : -2669.302393281978, Time : 27.811 s
Timestep : 70071, score : -2341.9028625298815, Time : 27.773 s
Timestep : 78830, score : -2230.2180524545693, Time : 27.783 s
Timestep : 87589, score : -2292.516103450238, Time : 27.718 s
Timestep : 96348, score : -2190.2290327747614, Time : 27.488 s
Timestep : 105107, score : -2160.1057653025055, Time : 27.491 s
Timestep : 113866, score : -2265.976448136338, Time : 27.712 s
Timestep : 122625, score : -2683.6999318349845, Time : 27.925 s
Timestep : 131384, score : -2653.2303852054065, Time : 27.567 s
Timestep : 140143, score : -2414.803356862365, Time : 27.604 s
Timestep : 148902, score : -2447.2788130208064, Time : 27.655 s
Timestep : 157661, score : -2324.9143432862184, Time : 27.699 s
Timestep : 166420, score : -2203.148939868741, Time : 27.552 s
Timestep : 175179, score : -1975.2988282689766, Time : 27.421 s
Timestep : 183938, score : -2412.571703750902, Time : 27.505 s
Timestep : 192697, score : -2301.5520914795634, Time : 27.531 s
Timestep : 201456, score : -1982.7735772475426, Time : 27.549 s
Timestep : 210215, score : -2005.2708895441901, Time : 27.502 s
Timestep : 218974, score : -2121.5140219156456, Time : 27.475 s
Timestep : 227733, score : -2130.38030836494, Time : 27.726 s
Timestep : 236492, score : -1994.714611732663, Time : 27.609 s
Timestep : 245251, score : -2041.3420610473986, Time : 27.523 s
Timestep : 254010, score : -1865.7423098678264, Time : 27.776 s
Timestep : 262769, score : -1809.8270564909617, Time : 27.857 s
Timestep : 271528, score : -2094.8768409748154, Time : 27.831 s
Timestep : 280287, score : -1890.158094766506, Time : 27.409 s
Timestep : 289046, score : -1824.5271435014001, Time : 27.418 s
Timestep : 297805, score : -1977.142912626994, Time : 27.74 s
Timestep : 306564, score : -1808.2838797095756, Time : 27.671 s
Timestep : 315323, score : -1907.166446132076, Time : 27.821 s
Timestep : 324082, score : -1819.7096411620296, Time : 27.449 s
Timestep : 332841, score : -1790.049602610321, Time : 27.645 s
Timestep : 341600, score : -1785.2258557586756, Time : 27.579 s
Timestep : 350359, score : -1920.2812198365864, Time : 27.368 s
Timestep : 359118, score : -1688.4736509145296, Time : 27.51 s
Timestep : 367877, score : -1762.6114117943507, Time : 27.544 s
Timestep : 376636, score : -1814.9833032787574, Time : 27.419 s
Timestep : 385395, score : -1888.3764052753831, Time : 27.562 s
Timestep : 394154, score : -1979.7036797007604, Time : 27.463 s
Timestep : 402913, score : -1831.1602298414364, Time : 27.559 s
Timestep : 411672, score : -1706.6535775198427, Time : 27.829 s
Timestep : 420431, score : -1755.8818873283744, Time : 27.485 s
Timestep : 429190, score : -1688.7055867705058, Time : 27.374 s
Timestep : 437949, score : -1803.0813990619063, Time : 27.62 s
Timestep : 446708, score : -1790.3687417488109, Time : 27.517 s
Timestep : 455467, score : -1856.9871804127033, Time : 27.31 s
Timestep : 464226, score : -1787.095402372026, Time : 27.398 s
Timestep : 472985, score : -1816.144231358223, Time : 27.574 s
Timestep : 481744, score : -1816.6714014095778, Time : 27.456 s
Timestep : 490503, score : -1662.5532364996907, Time : 27.276 s
Timestep : 499262, score : -1669.3079213713354, Time : 27.107 s
Timestep : 508021, score : -1836.0496924335894, Time : 27.111 s
Timestep : 516780, score : -1788.2658688890806, Time : 26.541 s
Timestep : 525539, score : -1813.291974496824, Time : 26.158 s
Timestep : 534298, score : -1826.5197673739458, Time : 26.922 s
Timestep : 543057, score : -1675.4455352826335, Time : 27.708 s
Timestep : 551816, score : -1574.1970035166305, Time : 27.782 s
Timestep : 560575, score : -1686.2731415017333, Time : 27.791 s
Timestep : 569334, score : -1734.5050738149148, Time : 27.669 s
Timestep : 578093, score : -1673.1803132415807, Time : 27.503 s
Timestep : 586852, score : -1589.4345442608756, Time : 27.652 s
Timestep : 595611, score : -1840.7950175453734, Time : 27.663 s
Timestep : 604370, score : -1754.2498618986283, Time : 27.559 s
Timestep : 613129, score : -1597.5794289846963, Time : 27.487 s
Timestep : 621888, score : -1628.764111290482, Time : 27.476 s
Timestep : 630647, score : -1623.558571164409, Time : 27.409 s
Timestep : 639406, score : -1609.11841717668, Time : 27.47 s
Timestep : 648165, score : -1606.3993834167777, Time : 27.644 s
Timestep : 656924, score : -1578.444548035768, Time : 27.629 s
Timestep : 665683, score : -1618.0311524945137, Time : 27.369 s
Timestep : 674442, score : -1475.0005485752918, Time : 27.445 s
Timestep : 683201, score : -1483.051513409504, Time : 27.532 s
Timestep : 691960, score : -1467.2520882222161, Time : 27.425 s
Timestep : 700719, score : -1552.0129834175168, Time : 27.632 s
Timestep : 709478, score : -1504.346471120094, Time : 27.659 s
Timestep : 718237, score : -1555.766101933812, Time : 27.484 s
Timestep : 726996, score : -1526.73689209242, Time : 27.595 s
Timestep : 735755, score : -1484.7570042528241, Time : 27.536 s
Timestep : 744514, score : -1455.007077220158, Time : 27.308 s
Timestep : 753273, score : -1534.5595795421686, Time : 27.239 s
Timestep : 762032, score : -1580.8184784786135, Time : 27.376 s
Timestep : 770791, score : -1477.105698814572, Time : 27.386 s
Timestep : 779550, score : -1573.6172636034462, Time : 27.512 s
Timestep : 788309, score : -1551.5328002714377, Time : 27.339 s
Timestep : 797068, score : -1504.693676774652, Time : 27.303 s
Timestep : 805827, score : -1583.4177023824595, Time : 27.2 s
Timestep : 814586, score : -1456.4237667343405, Time : 27.221 s
Timestep : 823345, score : -1485.7856647183944, Time : 27.309 s
Timestep : 832104, score : -1449.6142335782788, Time : 27.522 s
Timestep : 840863, score : -1541.1962371426926, Time : 27.84 s
Timestep : 849622, score : -1492.0276751660567, Time : 28.065 s
Timestep : 858381, score : -1564.6430174578272, Time : 27.464 s
Timestep : 867140, score : -1534.789497329184, Time : 27.524 s
Timestep : 875899, score : -1595.0903439409158, Time : 27.572 s
Starting local evaluation
Num Steps: 1000, Num episodes: 0
Num Steps: 2000, Num episodes: 0
Num Steps: 3000, Num episodes: 0
Num Steps: 4000, Num episodes: 0
Num Steps: 5000, Num episodes: 0
Num Steps: 6000, Num episodes: 0
Num Steps: 7000, Num episodes: 0
Num Steps: 8000, Num episodes: 0
Episode complete: 1 | Latest episode metrics: {'price_cost': 0.8589996329778876, 'emmision_cost': 0.9587833520608937}
[-0.11539328] -0.11539327761212778
Average Price Cost: 0.8589996329778876
Average Emmision Cost: 0.9587833520608937
Average of both costs: 0.9088914925193907
Total time taken by agent: 3.667350934818387s
DONE!
