{'agent': 'DQN', 'action_selection': 'egreedy', 'seed': 1, 'episodes': 100, 'data_path': 'data/citylearn_challenge_2022_phase_1', 'dry_run': False, 'n_discrete': 9, 'update_target': 16, 'lr': 1e-05, 'batch_size': 2, 'adam_epsilon': 0.001, 'epsilon_final': 0.01, 'run_id': 350}
{'Notes': 'This is a tuning run, executed on a single building.',
 'action_selection': 'egreedy',
 'adam_epsilon': 0.001,
 'env': '<NormalizeObservation<OneHotHour<DiscreteSingle<CityLearnEnv '
        'instance>>>>',
 'final_exploration_rate': 0.02,
 'final_exploration_step': 1000,
 'gamma': 0.99,
 'initial_exploration_rate': 1,
 'learning_rate': 1e-05,
 'loss': 'mse',
 'minibatch_size': 2,
 'network': 'MLP(\n'
            '  (layers): Sequential(\n'
            '    (0): Linear(in_features=29, out_features=128, bias=True)\n'
            '    (1): ReLU()\n'
            '    (2): Linear(in_features=128, out_features=128, bias=True)\n'
            '    (3): ReLU()\n'
            '    (4): Linear(in_features=128, out_features=9, bias=True)\n'
            '  )\n'
            ')',
 'replay_buffer_size': 10000,
 'replay_start_size': 2,
 'seed': 1,
 'train_steps': 876000,
 'update_frequency': 1,
 'update_target_frequency': 16,
 'weight_scale': 1.4142135623730951}
Timestep : 8758, score : -6234.242251464122, Time : 21.591 s
Timestep : 17517, score : -5616.4253078153415, Time : 24.642 s
Timestep : 26276, score : -5322.899027885316, Time : 26.853 s
Timestep : 35035, score : -5580.314200823457, Time : 26.896 s
Timestep : 43794, score : -5976.775359597435, Time : 26.876 s
Timestep : 52553, score : -5159.371745205863, Time : 26.896 s
Timestep : 61312, score : -4847.2970347921655, Time : 26.882 s
Timestep : 70071, score : -4749.884475522122, Time : 26.905 s
Timestep : 78830, score : -6201.9653640779725, Time : 26.897 s
Timestep : 87589, score : -4812.174945505714, Time : 26.307 s
Timestep : 96348, score : -4777.219507518603, Time : 26.916 s
Timestep : 105107, score : -5338.4433803422435, Time : 23.706 s
Timestep : 113866, score : -5085.253920679359, Time : 21.919 s
Timestep : 122625, score : -4902.82591360659, Time : 21.837 s
Timestep : 131384, score : -4543.210890271148, Time : 26.653 s
Timestep : 140143, score : -4085.0946849653556, Time : 26.937 s
Timestep : 148902, score : -4299.902111709496, Time : 25.557 s
Timestep : 157661, score : -4005.444882171607, Time : 21.705 s
Timestep : 166420, score : -3824.3278544111236, Time : 21.709 s
Timestep : 175179, score : -3940.4816370805784, Time : 21.71 s
Timestep : 183938, score : -3991.035127748386, Time : 21.662 s
Timestep : 192697, score : -3733.4799562230764, Time : 21.715 s
Timestep : 201456, score : -3695.9493541061674, Time : 21.714 s
Timestep : 210215, score : -3912.474938228799, Time : 21.696 s
Timestep : 218974, score : -3651.2868508718966, Time : 21.701 s
Timestep : 227733, score : -3591.660159200852, Time : 21.891 s
Timestep : 236492, score : -3858.978245975479, Time : 26.036 s
Timestep : 245251, score : -3585.6713856560236, Time : 24.189 s
Timestep : 254010, score : -3330.3197962077393, Time : 21.822 s
Timestep : 262769, score : -3616.5967550303612, Time : 21.948 s
Timestep : 271528, score : -3342.691840595173, Time : 21.804 s
Timestep : 280287, score : -3347.894739586307, Time : 21.648 s
Timestep : 289046, score : -3362.8453589182172, Time : 21.661 s
Timestep : 297805, score : -3540.227074343784, Time : 21.683 s
Timestep : 306564, score : -3138.4595712538867, Time : 23.279 s
Timestep : 315323, score : -2925.66247134484, Time : 25.412 s
Timestep : 324082, score : -2732.109315114474, Time : 25.439 s
Timestep : 332841, score : -2838.449039748317, Time : 25.691 s
Timestep : 341600, score : -2670.4880306563136, Time : 25.536 s
Timestep : 350359, score : -2421.123086292675, Time : 26.745 s
Timestep : 359118, score : -2687.191326315893, Time : 25.43 s
Timestep : 367877, score : -2448.8063205642684, Time : 25.465 s
Timestep : 376636, score : -2257.5145590127213, Time : 26.883 s
Timestep : 385395, score : -2288.5870215008326, Time : 26.928 s
Timestep : 394154, score : -2381.8493987683178, Time : 26.919 s
Timestep : 402913, score : -2274.1423821139906, Time : 27.128 s
Timestep : 411672, score : -2290.5542902872694, Time : 25.878 s
Timestep : 420431, score : -2214.0616754591756, Time : 25.428 s
Timestep : 429190, score : -2501.7992579833663, Time : 26.406 s
Timestep : 437949, score : -2448.3397306464904, Time : 26.343 s
Timestep : 446708, score : -2510.0636572469084, Time : 26.383 s
Timestep : 455467, score : -2542.2356970425753, Time : 26.727 s
Timestep : 464226, score : -2606.133214778223, Time : 26.942 s
Timestep : 472985, score : -2543.8774447826727, Time : 25.617 s
Timestep : 481744, score : -2695.2152958013176, Time : 25.433 s
Timestep : 490503, score : -2800.0316189903824, Time : 26.483 s
Timestep : 499262, score : -2700.7777692565287, Time : 26.593 s
Timestep : 508021, score : -2458.238086354366, Time : 25.728 s
Timestep : 516780, score : -2502.359046704514, Time : 26.81 s
Timestep : 525539, score : -2517.7053627390706, Time : 25.75 s
Timestep : 534298, score : -2514.847865814838, Time : 26.086 s
Timestep : 543057, score : -2427.103062829381, Time : 26.136 s
Timestep : 551816, score : -2546.2631285162934, Time : 26.331 s
Timestep : 560575, score : -2584.0880340183794, Time : 26.774 s
Timestep : 569334, score : -2563.5720648068527, Time : 26.939 s
Timestep : 578093, score : -2527.350076042261, Time : 26.935 s
Timestep : 586852, score : -2512.7437210205535, Time : 26.899 s
Timestep : 595611, score : -2530.7539459909603, Time : 26.775 s
Timestep : 604370, score : -2471.284887661066, Time : 23.476 s
Timestep : 613129, score : -2573.3894567342068, Time : 25.462 s
Timestep : 621888, score : -2426.0964858311054, Time : 26.922 s
Timestep : 630647, score : -2389.249220272206, Time : 26.93 s
Timestep : 639406, score : -2467.590927893325, Time : 26.913 s
Timestep : 648165, score : -2433.0247973931546, Time : 26.937 s
Timestep : 656924, score : -2492.3361253620023, Time : 22.637 s
Timestep : 665683, score : -2495.024240353101, Time : 21.749 s
Timestep : 674442, score : -2312.1283253757574, Time : 21.663 s
Timestep : 683201, score : -2326.7697312231467, Time : 21.679 s
Timestep : 691960, score : -2435.339442633005, Time : 21.703 s
Timestep : 700719, score : -2570.9905830350763, Time : 22.344 s
Timestep : 709478, score : -2330.148992611168, Time : 26.939 s
Timestep : 718237, score : -2390.3811441316066, Time : 24.329 s
Timestep : 726996, score : -2481.969031967761, Time : 25.709 s
Timestep : 735755, score : -2416.605421725617, Time : 26.954 s
Timestep : 744514, score : -2385.5326690343354, Time : 26.936 s
Timestep : 753273, score : -2432.2513832151017, Time : 26.946 s
Timestep : 762032, score : -2533.6896849097975, Time : 24.151 s
Timestep : 770791, score : -2508.133838112539, Time : 21.702 s
Timestep : 779550, score : -2430.3868389208365, Time : 22.835 s
Timestep : 788309, score : -2345.9943827354145, Time : 27.05 s
Timestep : 797068, score : -2272.7914673935447, Time : 24.944 s
Timestep : 805827, score : -2289.2251460785774, Time : 21.832 s
Timestep : 814586, score : -2379.3348527960043, Time : 21.734 s
Timestep : 823345, score : -2331.5217943325697, Time : 21.702 s
Timestep : 832104, score : -2190.5169038852473, Time : 21.681 s
Timestep : 840863, score : -2156.0398125661595, Time : 21.686 s
Timestep : 849622, score : -2289.356741278112, Time : 21.703 s
Timestep : 858381, score : -2378.728633066712, Time : 21.692 s
Timestep : 867140, score : -2285.302582502787, Time : 21.681 s
Timestep : 875899, score : -2178.163633503049, Time : 23.461 s
Starting local evaluation
Num Steps: 1000, Num episodes: 0
Num Steps: 2000, Num episodes: 0
Num Steps: 3000, Num episodes: 0
Num Steps: 4000, Num episodes: 0
Num Steps: 5000, Num episodes: 0
Num Steps: 6000, Num episodes: 0
Num Steps: 7000, Num episodes: 0
Num Steps: 8000, Num episodes: 0
Episode complete: 1 | Latest episode metrics: {'price_cost': 0.8699397068217241, 'emmision_cost': 0.9624601557913236}
[-0.12457251] -0.12457251461764281
Average Price Cost: 0.8699397068217241
Average Emmision Cost: 0.9624601557913236
Average of both costs: 0.9161999313065239
Total time taken by agent: 3.127774400403723s
DONE!
