{'agent': 'DQN', 'action_selection': 'softmax', 'seed': 1, 'episodes': 100, 'data_path': 'data/citylearn_challenge_2022_phase_1', 'dry_run': False, 'n_discrete': 9, 'update_target': 4, 'lr': 0.01, 'batch_size': 2, 'adam_epsilon': 1e-10, 'epsilon_final': 0.02, 'run_id': 59}
{'Notes': 'This is a tuning run, executed on a single building.',
 'action_selection': 'softmax',
 'adam_epsilon': 1e-10,
 'env': '<NormalizeObservation<OneHotHour<DiscreteSingle<CityLearnEnv '
        'instance>>>>',
 'final_exploration_rate': 0.02,
 'final_exploration_step': 1000,
 'gamma': 0.99,
 'initial_exploration_rate': 1,
 'learning_rate': 0.01,
 'loss': 'mse',
 'minibatch_size': 2,
 'network': 'MLP(\n'
            '  (layers): Sequential(\n'
            '    (0): Linear(in_features=29, out_features=128, bias=True)\n'
            '    (1): ReLU()\n'
            '    (2): Linear(in_features=128, out_features=128, bias=True)\n'
            '    (3): ReLU()\n'
            '    (4): Linear(in_features=128, out_features=9, bias=True)\n'
            '  )\n'
            ')',
 'replay_buffer_size': 10000,
 'replay_start_size': 2,
 'seed': 1,
 'train_steps': 876000,
 'update_frequency': 1,
 'update_target_frequency': 4,
 'weight_scale': 1.4142135623730951}
Timestep : 8758, score : -6459.586800560384, Time : 28.106 s
Timestep : 17517, score : -7291.39217429448, Time : 28.618 s
Timestep : 26276, score : -7939.4815665445785, Time : 27.742 s
Timestep : 35035, score : -6553.025190543456, Time : 28.605 s
Timestep : 43794, score : -7368.438466854888, Time : 28.044 s
Timestep : 52553, score : -10383.514250612541, Time : 27.806 s
Timestep : 61312, score : -8283.157440074909, Time : 27.791 s
Timestep : 70071, score : -9145.98020987786, Time : 27.919 s
Timestep : 78830, score : -6808.243989474169, Time : 28.11 s
Timestep : 87589, score : -11108.685455449115, Time : 27.645 s
Timestep : 96348, score : -4321.906532694775, Time : 27.678 s
Timestep : 105107, score : -4197.345047117589, Time : 28.299 s
Timestep : 113866, score : -4551.052928094199, Time : 28.255 s
Timestep : 122625, score : -4332.187997841655, Time : 28.594 s
Timestep : 131384, score : -4483.452663548436, Time : 27.625 s
Timestep : 140143, score : -4457.115519120736, Time : 27.777 s
Timestep : 148902, score : -4276.113412246486, Time : 27.265 s
Timestep : 157661, score : -4461.376331389329, Time : 28.115 s
Timestep : 166420, score : -4412.92377949183, Time : 27.844 s
Timestep : 175179, score : -4094.7706065079255, Time : 27.413 s
Timestep : 183938, score : -4308.158070577338, Time : 28.165 s
Timestep : 192697, score : -4184.808709950565, Time : 28.033 s
Timestep : 201456, score : -4359.632113311818, Time : 27.253 s
Timestep : 210215, score : -4349.569006604521, Time : 27.676 s
Timestep : 218974, score : -4275.627277654974, Time : 27.236 s
Timestep : 227733, score : -4231.097137009172, Time : 27.683 s
Timestep : 236492, score : -4147.696420987515, Time : 27.851 s
Timestep : 245251, score : -4075.529513410671, Time : 27.558 s
Timestep : 254010, score : -4171.371027941888, Time : 27.461 s
Timestep : 262769, score : -4220.075645856006, Time : 27.422 s
Timestep : 271528, score : -4166.20507149669, Time : 27.169 s
Timestep : 280287, score : -4095.9088882733195, Time : 27.155 s
Timestep : 289046, score : -4152.462477916299, Time : 27.902 s
Timestep : 297805, score : -4201.980516449927, Time : 27.591 s
Timestep : 306564, score : -4226.528883844061, Time : 27.918 s
Timestep : 315323, score : -4224.083019401325, Time : 27.152 s
Timestep : 324082, score : -4227.227219586639, Time : 27.185 s
Timestep : 332841, score : -4158.276709610975, Time : 27.317 s
Timestep : 341600, score : -4279.697674263647, Time : 27.216 s
Timestep : 350359, score : -4251.300501150574, Time : 27.115 s
Timestep : 359118, score : -4183.211211774877, Time : 27.127 s
Timestep : 367877, score : -4209.351621748327, Time : 27.197 s
Timestep : 376636, score : -4159.498043117492, Time : 27.643 s
Timestep : 385395, score : -4119.988863511855, Time : 27.906 s
Timestep : 394154, score : -4141.299523172347, Time : 27.117 s
Timestep : 402913, score : -4200.25823035129, Time : 27.173 s
Timestep : 411672, score : -4078.5343708446308, Time : 27.352 s
Timestep : 420431, score : -4284.7308160459215, Time : 27.23 s
Timestep : 429190, score : -4165.071755436627, Time : 28.118 s
Timestep : 437949, score : -4343.515800944675, Time : 27.367 s
Timestep : 446708, score : -4130.28837200001, Time : 28.345 s
Timestep : 455467, score : -4096.350999820308, Time : 28.567 s
Timestep : 464226, score : -4103.764262367651, Time : 27.471 s
Timestep : 472985, score : -4066.864614141552, Time : 27.18 s
Timestep : 481744, score : -4152.768795029639, Time : 24.631 s
Timestep : 490503, score : -4130.678978489159, Time : 28.6 s
Timestep : 499262, score : -4076.8161276629253, Time : 24.767 s
Timestep : 508021, score : -4079.4130164193048, Time : 23.266 s
Timestep : 516780, score : -4173.642350414681, Time : 23.094 s
Timestep : 525539, score : -4233.80127807465, Time : 23.115 s
Timestep : 534298, score : -4243.986452784768, Time : 23.116 s
Timestep : 543057, score : -4267.07531764303, Time : 23.122 s
Timestep : 551816, score : -4223.284788488789, Time : 23.139 s
Timestep : 560575, score : -4185.560084978497, Time : 26.248 s
Timestep : 569334, score : -4204.025371228723, Time : 24.112 s
Timestep : 578093, score : -4193.143761361862, Time : 23.176 s
Timestep : 586852, score : -4240.59231855665, Time : 23.156 s
Timestep : 595611, score : -4260.029304814903, Time : 23.133 s
Timestep : 604370, score : -4173.233708580403, Time : 23.2 s
Timestep : 613129, score : -4086.359259655146, Time : 27.714 s
Timestep : 621888, score : -4097.491399790422, Time : 28.643 s
Timestep : 630647, score : -4123.541624849109, Time : 28.661 s
Timestep : 639406, score : -4283.747572085893, Time : 28.675 s
Timestep : 648165, score : -4260.360395719676, Time : 28.117 s
Timestep : 656924, score : -4112.368234792171, Time : 23.098 s
Timestep : 665683, score : -4050.3797236209793, Time : 23.081 s
Timestep : 674442, score : -4082.6694225048705, Time : 28.224 s
Timestep : 683201, score : -4175.178965129802, Time : 28.66 s
Timestep : 691960, score : -4101.966756915121, Time : 28.645 s
Timestep : 700719, score : -4150.8246571853815, Time : 28.636 s
Timestep : 709478, score : -4165.78741049525, Time : 28.639 s
Timestep : 718237, score : -4201.8743507521285, Time : 28.655 s
Timestep : 726996, score : -4083.3322789719386, Time : 28.652 s
Timestep : 735755, score : -4147.0894203236385, Time : 28.669 s
Timestep : 744514, score : -4309.885036045132, Time : 28.701 s
Timestep : 753273, score : -4181.515406709543, Time : 28.67 s
Timestep : 762032, score : -4165.945997181727, Time : 28.169 s
Timestep : 770791, score : -4106.525640309119, Time : 27.809 s
Timestep : 779550, score : -4133.419696029654, Time : 28.484 s
Timestep : 788309, score : -4227.228683428286, Time : 23.218 s
Timestep : 797068, score : -4207.254436147778, Time : 23.214 s
Timestep : 805827, score : -4107.163880832872, Time : 23.123 s
Timestep : 814586, score : -4099.547007312445, Time : 26.755 s
Timestep : 823345, score : -4149.78508038391, Time : 27.779 s
Timestep : 832104, score : -4210.310947258404, Time : 28.645 s
Timestep : 840863, score : -4192.173782405705, Time : 28.657 s
Timestep : 849622, score : -4090.5820078993274, Time : 27.93 s
Timestep : 858381, score : -4172.199742042838, Time : 23.152 s
Timestep : 867140, score : -4202.883923741436, Time : 23.202 s
Timestep : 875899, score : -4132.541861948936, Time : 22.955 s
Starting local evaluation
Num Steps: 1000, Num episodes: 0
Num Steps: 2000, Num episodes: 0
Num Steps: 3000, Num episodes: 0
Num Steps: 4000, Num episodes: 0
Num Steps: 5000, Num episodes: 0
Num Steps: 6000, Num episodes: 0
Num Steps: 7000, Num episodes: 0
Num Steps: 8000, Num episodes: 0
Episode complete: 1 | Latest episode metrics: {'price_cost': 1.0024620457886615, 'emmision_cost': 1.003332417744808}
[-0.23360361] -0.23360361210784863
Average Price Cost: 1.0024620457886615
Average Emmision Cost: 1.003332417744808
Average of both costs: 1.0028972317667346
Total time taken by agent: 3.6725541504565626s
DONE!
