{'agent': 'DQN', 'action_selection': 'softmax', 'seed': 1, 'episodes': 100, 'data_path': 'data/citylearn_challenge_2022_phase_1', 'dry_run': False, 'n_discrete': 9, 'update_target': 16, 'lr': 3e-05, 'batch_size': 16, 'adam_epsilon': 1e-09, 'epsilon_final': 0.02, 'run_id': 44}
{'Notes': 'This is a tuning run, executed on a single building.',
 'action_selection': 'softmax',
 'adam_epsilon': 1e-09,
 'env': '<NormalizeObservation<OneHotHour<DiscreteSingle<CityLearnEnv '
        'instance>>>>',
 'final_exploration_rate': 0.02,
 'final_exploration_step': 1000,
 'gamma': 0.99,
 'initial_exploration_rate': 1,
 'learning_rate': 3e-05,
 'loss': 'mse',
 'minibatch_size': 16,
 'network': 'MLP(\n'
            '  (layers): Sequential(\n'
            '    (0): Linear(in_features=29, out_features=128, bias=True)\n'
            '    (1): ReLU()\n'
            '    (2): Linear(in_features=128, out_features=128, bias=True)\n'
            '    (3): ReLU()\n'
            '    (4): Linear(in_features=128, out_features=9, bias=True)\n'
            '  )\n'
            ')',
 'replay_buffer_size': 10000,
 'replay_start_size': 16,
 'seed': 1,
 'train_steps': 876000,
 'update_frequency': 1,
 'update_target_frequency': 16,
 'weight_scale': 1.4142135623730951}
Timestep : 8758, score : -5647.208423848293, Time : 22.363 s
Timestep : 17517, score : -4406.96616064143, Time : 22.97 s
Timestep : 26276, score : -5011.637672532728, Time : 23.201 s
Timestep : 35035, score : -4422.902882086957, Time : 23.012 s
Timestep : 43794, score : -4263.849925139366, Time : 23.059 s
Timestep : 52553, score : -4289.229215925006, Time : 23.042 s
Timestep : 61312, score : -4199.625573813522, Time : 23.026 s
Timestep : 70071, score : -4171.6157678281015, Time : 23.057 s
Timestep : 78830, score : -4234.859038895418, Time : 23.306 s
Timestep : 87589, score : -4213.874978896303, Time : 23.066 s
Timestep : 96348, score : -4420.057094255026, Time : 23.051 s
Timestep : 105107, score : -4387.822063419881, Time : 23.043 s
Timestep : 113866, score : -4422.680591777389, Time : 23.085 s
Timestep : 122625, score : -4478.85756858674, Time : 23.098 s
Timestep : 131384, score : -4330.24567102881, Time : 23.262 s
Timestep : 140143, score : -4459.771006596304, Time : 23.281 s
Timestep : 148902, score : -4736.853303167765, Time : 22.717 s
Timestep : 157661, score : -4435.474805835314, Time : 22.524 s
Timestep : 166420, score : -4459.1171117949125, Time : 23.135 s
Timestep : 175179, score : -4752.62091850811, Time : 23.073 s
Timestep : 183938, score : -4407.585329403664, Time : 23.143 s
Timestep : 192697, score : -4081.8891189139395, Time : 23.486 s
Timestep : 201456, score : -4023.6148441735713, Time : 23.109 s
Timestep : 210215, score : -4112.209290461062, Time : 23.113 s
Timestep : 218974, score : -4250.684367953945, Time : 23.156 s
Timestep : 227733, score : -3774.7837162022042, Time : 23.194 s
Timestep : 236492, score : -3219.923248829582, Time : 23.142 s
Timestep : 245251, score : -3531.9327858377073, Time : 23.361 s
Timestep : 254010, score : -3056.2547311502567, Time : 23.101 s
Timestep : 262769, score : -2985.583587089932, Time : 23.158 s
Timestep : 271528, score : -2595.0774457163934, Time : 23.01 s
Timestep : 280287, score : -3110.57249668453, Time : 23.159 s
Timestep : 289046, score : -3224.8308549664507, Time : 23.185 s
Timestep : 297805, score : -3030.3388557326107, Time : 23.258 s
Timestep : 306564, score : -3551.703177303105, Time : 23.593 s
Timestep : 315323, score : -2731.7808542786224, Time : 23.272 s
Timestep : 324082, score : -3225.7293242904416, Time : 23.259 s
Timestep : 332841, score : -2945.463743267843, Time : 23.256 s
Timestep : 341600, score : -2624.7001983973023, Time : 23.267 s
Timestep : 350359, score : -2613.172542569606, Time : 23.263 s
Timestep : 359118, score : -2480.374721880333, Time : 23.337 s
Timestep : 367877, score : -2472.149717021064, Time : 23.359 s
Timestep : 376636, score : -2703.606703792844, Time : 22.501 s
Timestep : 385395, score : -2581.840380687994, Time : 23.012 s
Timestep : 394154, score : -2417.665080084844, Time : 23.199 s
Timestep : 402913, score : -2633.3906256639457, Time : 23.24 s
Timestep : 411672, score : -2602.848008203582, Time : 23.265 s
Timestep : 420431, score : -2575.066355797375, Time : 23.566 s
Timestep : 429190, score : -2559.5650292691134, Time : 23.232 s
Timestep : 437949, score : -2067.9700638999057, Time : 23.228 s
Timestep : 446708, score : -2272.4271180746437, Time : 23.225 s
Timestep : 455467, score : -2484.7942792501126, Time : 23.199 s
Timestep : 464226, score : -2498.9510503022175, Time : 23.263 s
Timestep : 472985, score : -2721.0003318519157, Time : 23.492 s
Timestep : 481744, score : -2370.222238049173, Time : 23.291 s
Timestep : 490503, score : -2060.6180362182495, Time : 23.211 s
Timestep : 499262, score : -1897.0997556180519, Time : 23.258 s
Timestep : 508021, score : -2439.7152014852327, Time : 22.509 s
Timestep : 516780, score : -2401.1890364575956, Time : 22.504 s
Timestep : 525539, score : -2209.4672621203645, Time : 23.063 s
Timestep : 534298, score : -2287.8446368843142, Time : 23.386 s
Timestep : 543057, score : -2688.29868904085, Time : 23.149 s
Timestep : 551816, score : -2461.844015433948, Time : 23.181 s
Timestep : 560575, score : -2229.748232713464, Time : 23.177 s
Timestep : 569334, score : -2468.1277858750254, Time : 23.185 s
Timestep : 578093, score : -2233.253690551879, Time : 23.228 s
Timestep : 586852, score : -2236.6568676519964, Time : 23.428 s
Timestep : 595611, score : -2266.7353784696024, Time : 23.377 s
Timestep : 604370, score : -2458.253514657641, Time : 22.839 s
Timestep : 613129, score : -2502.381384096836, Time : 23.146 s
Timestep : 621888, score : -2538.7188524980156, Time : 23.117 s
Timestep : 630647, score : -2447.267291682336, Time : 23.223 s
Timestep : 639406, score : -2397.8404517876043, Time : 23.342 s
Timestep : 648165, score : -2623.852753162879, Time : 23.175 s
Timestep : 656924, score : -2347.8377384384803, Time : 22.885 s
Timestep : 665683, score : -2299.9354671195906, Time : 22.952 s
Timestep : 674442, score : -2367.4223963334516, Time : 23.011 s
Timestep : 683201, score : -2671.147224430839, Time : 23.137 s
Timestep : 691960, score : -2176.704597063974, Time : 23.245 s
Timestep : 700719, score : -1892.3665692752984, Time : 23.508 s
Timestep : 709478, score : -2340.0762602463074, Time : 23.331 s
Timestep : 718237, score : -2586.0268405697134, Time : 22.781 s
Timestep : 726996, score : -2741.7800567357626, Time : 22.47 s
Timestep : 735755, score : -2630.483083681116, Time : 22.452 s
Timestep : 744514, score : -2391.2663815270935, Time : 22.534 s
Timestep : 753273, score : -2506.9830733569834, Time : 22.981 s
Timestep : 762032, score : -2529.147961560084, Time : 23.56 s
Timestep : 770791, score : -2574.6147295319533, Time : 23.202 s
Timestep : 779550, score : -2630.434054323501, Time : 23.232 s
Timestep : 788309, score : -2591.03110048527, Time : 23.134 s
Timestep : 797068, score : -2440.1591429163964, Time : 23.223 s
Timestep : 805827, score : -2597.8299403415585, Time : 23.209 s
Timestep : 814586, score : -2243.128069976141, Time : 23.467 s
Timestep : 823345, score : -2392.9980028307473, Time : 22.843 s
Timestep : 832104, score : -2502.849543389777, Time : 23.065 s
Timestep : 840863, score : -2652.932337669685, Time : 22.709 s
Timestep : 849622, score : -2297.3563630029385, Time : 23.179 s
Timestep : 858381, score : -2290.7099812552624, Time : 23.225 s
Timestep : 867140, score : -2873.4377492660715, Time : 23.287 s
Timestep : 875899, score : -2374.5660438640334, Time : 23.397 s
Starting local evaluation
Num Steps: 1000, Num episodes: 0
Num Steps: 2000, Num episodes: 0
Num Steps: 3000, Num episodes: 0
Num Steps: 4000, Num episodes: 0
Num Steps: 5000, Num episodes: 0
Num Steps: 6000, Num episodes: 0
Num Steps: 7000, Num episodes: 0
Num Steps: 8000, Num episodes: 0
Episode complete: 1 | Latest episode metrics: {'price_cost': 0.8992069552114441, 'emmision_cost': 0.9418449914211614}
[-0.13117869] -0.1311786944555907
Average Price Cost: 0.8992069552114441
Average Emmision Cost: 0.9418449914211614
Average of both costs: 0.9205259733163027
Total time taken by agent: 3.8428428508341312s
DONE!
