{'agent': 'DQN', 'action_selection': 'egreedy', 'seed': 1, 'episodes': 100, 'data_path': 'data/citylearn_challenge_2022_phase_1', 'dry_run': False, 'n_discrete': 9, 'update_target': 8, 'lr': 0.007, 'batch_size': 32, 'adam_epsilon': 0.0001, 'epsilon_final': 0.08, 'run_id': 299}
{'Notes': 'This is a tuning run, executed on a single building.',
 'action_selection': 'egreedy',
 'adam_epsilon': 0.0001,
 'env': '<NormalizeObservation<OneHotHour<DiscreteSingle<CityLearnEnv '
        'instance>>>>',
 'final_exploration_rate': 0.02,
 'final_exploration_step': 1000,
 'gamma': 0.99,
 'initial_exploration_rate': 1,
 'learning_rate': 0.007,
 'loss': 'mse',
 'minibatch_size': 32,
 'network': 'MLP(\n'
            '  (layers): Sequential(\n'
            '    (0): Linear(in_features=29, out_features=128, bias=True)\n'
            '    (1): ReLU()\n'
            '    (2): Linear(in_features=128, out_features=128, bias=True)\n'
            '    (3): ReLU()\n'
            '    (4): Linear(in_features=128, out_features=9, bias=True)\n'
            '  )\n'
            ')',
 'replay_buffer_size': 10000,
 'replay_start_size': 32,
 'seed': 1,
 'train_steps': 876000,
 'update_frequency': 1,
 'update_target_frequency': 8,
 'weight_scale': 1.4142135623730951}
Timestep : 8758, score : -7202.159118323776, Time : 21.425 s
Timestep : 17517, score : -8501.658957158827, Time : 21.884 s
Timestep : 26276, score : -7305.420726105018, Time : 22.187 s
Timestep : 35035, score : -11364.876709933931, Time : 22.255 s
Timestep : 43794, score : -9112.588514713178, Time : 21.829 s
Timestep : 52553, score : -12464.844047023522, Time : 21.608 s
Timestep : 61312, score : -10509.054592171564, Time : 21.659 s
Timestep : 70071, score : -10195.37613793365, Time : 21.641 s
Timestep : 78830, score : -12151.941962881436, Time : 21.636 s
Timestep : 87589, score : -9512.396128646287, Time : 21.785 s
Timestep : 96348, score : -11369.210683197089, Time : 22.269 s
Timestep : 105107, score : -11851.72601835351, Time : 22.25 s
Timestep : 113866, score : -11040.899272410432, Time : 22.24 s
Timestep : 122625, score : -9669.163495456683, Time : 21.992 s
Timestep : 131384, score : -11901.641279157979, Time : 21.76 s
Timestep : 140143, score : -12869.680850037752, Time : 21.772 s
Timestep : 148902, score : -12087.040844368224, Time : 21.951 s
Timestep : 157661, score : -10625.693460421142, Time : 22.273 s
Timestep : 166420, score : -11475.54796615307, Time : 22.206 s
Timestep : 175179, score : -12222.257140310438, Time : 21.755 s
Timestep : 183938, score : -11068.926328559086, Time : 22.032 s
Timestep : 192697, score : -10790.2103551623, Time : 22.434 s
Timestep : 201456, score : -12665.842568354641, Time : 22.456 s
Timestep : 210215, score : -11569.63949247748, Time : 22.434 s
Timestep : 218974, score : -10447.938271905165, Time : 22.442 s
Timestep : 227733, score : -10938.644102566468, Time : 22.442 s
Timestep : 236492, score : -11857.097991707851, Time : 22.247 s
Timestep : 245251, score : -11580.097232664135, Time : 22.448 s
Timestep : 254010, score : -12378.973794740632, Time : 22.451 s
Timestep : 262769, score : -10822.361816701668, Time : 22.377 s
Timestep : 271528, score : -12579.408738160811, Time : 22.155 s
Timestep : 280287, score : -11981.67077429549, Time : 21.687 s
Timestep : 289046, score : -11535.807467707145, Time : 22.176 s
Timestep : 297805, score : -11956.494579764621, Time : 22.29 s
Timestep : 306564, score : -11779.952077985465, Time : 21.589 s
Timestep : 315323, score : -11755.280483811162, Time : 22.25 s
Timestep : 324082, score : -12506.838929568024, Time : 22.369 s
Timestep : 332841, score : -11791.33470689357, Time : 22.352 s
Timestep : 341600, score : -11243.24991635904, Time : 22.357 s
Timestep : 350359, score : -11937.053157593014, Time : 22.344 s
Timestep : 359118, score : -11842.180380610887, Time : 22.342 s
Timestep : 367877, score : -11384.320116888732, Time : 22.352 s
Timestep : 376636, score : -11371.28814688664, Time : 22.346 s
Timestep : 385395, score : -12097.384938645991, Time : 22.312 s
Timestep : 394154, score : -11332.584863946307, Time : 21.986 s
Timestep : 402913, score : -12069.574719944227, Time : 22.338 s
Timestep : 411672, score : -12324.927077123037, Time : 22.383 s
Timestep : 420431, score : -12158.839146305625, Time : 22.35 s
Timestep : 429190, score : -12347.405968157647, Time : 22.35 s
Timestep : 437949, score : -11824.310265008215, Time : 22.092 s
Timestep : 446708, score : -11463.224499829608, Time : 22.074 s
Timestep : 455467, score : -11442.798353769234, Time : 22.172 s
Timestep : 464226, score : -12709.986504175584, Time : 22.173 s
Timestep : 472985, score : -12086.140113985006, Time : 22.171 s
Timestep : 481744, score : -11839.08552423383, Time : 22.178 s
Timestep : 490503, score : -12417.823331538311, Time : 21.868 s
Timestep : 499262, score : -12267.019241870628, Time : 22.18 s
Timestep : 508021, score : -12433.92862781418, Time : 22.098 s
Timestep : 516780, score : -12389.871823210182, Time : 21.559 s
Timestep : 525539, score : -12589.507119764487, Time : 22.05 s
Timestep : 534298, score : -12393.053070778718, Time : 22.021 s
Timestep : 543057, score : -11943.169696267185, Time : 22.053 s
Timestep : 551816, score : -11600.774935836045, Time : 22.341 s
Timestep : 560575, score : -12259.683273291943, Time : 22.341 s
Timestep : 569334, score : -12099.075999934648, Time : 22.337 s
Timestep : 578093, score : -11714.88919568577, Time : 22.35 s
Timestep : 586852, score : -11769.712502348179, Time : 22.339 s
Timestep : 595611, score : -12202.490143319781, Time : 22.339 s
Timestep : 604370, score : -12380.066764332776, Time : 22.347 s
Timestep : 613129, score : -12397.026433483305, Time : 22.341 s
Timestep : 621888, score : -11692.985260268877, Time : 21.998 s
Timestep : 630647, score : -12646.023286672382, Time : 22.218 s
Timestep : 639406, score : -12160.290720117002, Time : 22.204 s
Timestep : 648165, score : -12409.4533394631, Time : 22.2 s
Timestep : 656924, score : -12204.091962282502, Time : 22.193 s
Timestep : 665683, score : -11922.468423668673, Time : 22.188 s
Timestep : 674442, score : -12359.671355815495, Time : 22.163 s
Timestep : 683201, score : -12412.321627000376, Time : 22.167 s
Timestep : 691960, score : -12647.954222437227, Time : 22.197 s
Timestep : 700719, score : -11548.58338483097, Time : 22.207 s
Timestep : 709478, score : -11868.199478013863, Time : 22.204 s
Timestep : 718237, score : -11770.386970958745, Time : 22.189 s
Timestep : 726996, score : -11615.461551315806, Time : 22.187 s
Timestep : 735755, score : -11496.739382628526, Time : 22.161 s
Timestep : 744514, score : -11944.22945473135, Time : 21.781 s
Timestep : 753273, score : -11493.597158073055, Time : 23.891 s
Timestep : 762032, score : -11102.445393148111, Time : 21.556 s
Timestep : 770791, score : -11553.991737032731, Time : 21.56 s
Timestep : 779550, score : -12473.91132093934, Time : 21.994 s
Timestep : 788309, score : -11592.94082032617, Time : 22.015 s
Timestep : 797068, score : -12197.361632598986, Time : 21.523 s
Timestep : 805827, score : -11974.097242527176, Time : 21.5 s
Timestep : 814586, score : -12422.78644034604, Time : 21.924 s
Timestep : 823345, score : -11992.17667098048, Time : 22.136 s
Timestep : 832104, score : -11182.828821538322, Time : 21.67 s
Timestep : 840863, score : -11814.288851279605, Time : 21.529 s
Timestep : 849622, score : -11244.144493482709, Time : 21.553 s
Timestep : 858381, score : -11230.237147576496, Time : 21.492 s
Timestep : 867140, score : -11598.959844272307, Time : 21.478 s
Timestep : 875899, score : -11680.400274585205, Time : 21.507 s
Starting local evaluation
Num Steps: 1000, Num episodes: 0
Num Steps: 2000, Num episodes: 0
Num Steps: 3000, Num episodes: 0
Num Steps: 4000, Num episodes: 0
Num Steps: 5000, Num episodes: 0
Num Steps: 6000, Num episodes: 0
Num Steps: 7000, Num episodes: 0
Num Steps: 8000, Num episodes: 0
Episode complete: 1 | Latest episode metrics: {'price_cost': 1.0176502665477962, 'emmision_cost': 1.0205648174692332}
[-0.25349633] -0.2534963263427049
Average Price Cost: 1.0176502665477962
Average Emmision Cost: 1.0205648174692332
Average of both costs: 1.0191075420085147
Total time taken by agent: 2.5300928321667016s
DONE!
