{'agent': 'DQN', 'action_selection': 'softmax', 'seed': 1, 'episodes': 100, 'data_path': 'data/citylearn_challenge_2022_phase_1', 'dry_run': False, 'n_discrete': 9, 'update_target': 8, 'lr': 0.1, 'batch_size': 256, 'adam_epsilon': 1e-06, 'epsilon_final': 0.02, 'run_id': 47}
{'Notes': 'This is a tuning run, executed on a single building.',
 'action_selection': 'softmax',
 'adam_epsilon': 1e-06,
 'env': '<NormalizeObservation<OneHotHour<DiscreteSingle<CityLearnEnv '
        'instance>>>>',
 'final_exploration_rate': 0.02,
 'final_exploration_step': 1000,
 'gamma': 0.99,
 'initial_exploration_rate': 1,
 'learning_rate': 0.1,
 'loss': 'mse',
 'minibatch_size': 256,
 'network': 'MLP(\n'
            '  (layers): Sequential(\n'
            '    (0): Linear(in_features=29, out_features=128, bias=True)\n'
            '    (1): ReLU()\n'
            '    (2): Linear(in_features=128, out_features=128, bias=True)\n'
            '    (3): ReLU()\n'
            '    (4): Linear(in_features=128, out_features=9, bias=True)\n'
            '  )\n'
            ')',
 'replay_buffer_size': 10000,
 'replay_start_size': 256,
 'seed': 1,
 'train_steps': 876000,
 'update_frequency': 1,
 'update_target_frequency': 8,
 'weight_scale': 1.4142135623730951}
Timestep : 8758, score : -7658.330240735275, Time : 30.795 s
Timestep : 17517, score : -11975.412739325679, Time : 32.429 s
Timestep : 26276, score : -13712.588011815402, Time : 32.961 s
Timestep : 35035, score : -12932.371672839276, Time : 30.996 s
Timestep : 43794, score : -15699.339552431833, Time : 31.571 s
Timestep : 52553, score : -14942.20024548148, Time : 32.832 s
Timestep : 61312, score : -13519.03216486222, Time : 33.022 s
Timestep : 70071, score : -16406.2769974526, Time : 32.95 s
Timestep : 78830, score : -15445.777663829576, Time : 32.828 s
Timestep : 87589, score : -13954.012392328776, Time : 32.486 s
Timestep : 96348, score : -15301.737803176118, Time : 32.331 s
Timestep : 105107, score : -16283.560559615333, Time : 32.432 s
Timestep : 113866, score : -15176.761751190497, Time : 32.906 s
Timestep : 122625, score : -14773.997935735912, Time : 32.912 s
Timestep : 131384, score : -15438.62318295562, Time : 31.624 s
Timestep : 140143, score : -15692.540057286256, Time : 30.827 s
Timestep : 148902, score : -15218.641943876442, Time : 30.918 s
Timestep : 157661, score : -14930.739421399427, Time : 31.752 s
Timestep : 166420, score : -16217.0106123702, Time : 32.866 s
Timestep : 175179, score : -15707.765616554836, Time : 32.099 s
Timestep : 183938, score : -15761.640349231442, Time : 32.208 s
Timestep : 192697, score : -15468.917476611983, Time : 32.767 s
Timestep : 201456, score : -15208.532496360982, Time : 32.925 s
Timestep : 210215, score : -16247.922100738055, Time : 32.772 s
Timestep : 218974, score : -16353.157437979477, Time : 32.756 s
Timestep : 227733, score : -15820.455265093202, Time : 32.83 s
Timestep : 236492, score : -15995.968102760613, Time : 32.911 s
Timestep : 245251, score : -15540.410632373096, Time : 32.603 s
Timestep : 254010, score : -16486.85815119157, Time : 32.877 s
Timestep : 262769, score : -15587.303088339977, Time : 32.902 s
Timestep : 271528, score : -16282.295765190618, Time : 32.41 s
Timestep : 280287, score : -16315.844775476988, Time : 32.353 s
Timestep : 289046, score : -16112.734216359924, Time : 31.04 s
Timestep : 297805, score : -15199.75937452742, Time : 30.877 s
Timestep : 306564, score : -16705.11597889269, Time : 30.904 s
Timestep : 315323, score : -16497.607917770467, Time : 30.832 s
Timestep : 324082, score : -16951.823474921825, Time : 30.775 s
Timestep : 332841, score : -17182.04801125593, Time : 30.626 s
Timestep : 341600, score : -15526.125293705263, Time : 30.958 s
Timestep : 350359, score : -15546.39983630929, Time : 30.89 s
Timestep : 359118, score : -15643.63031690284, Time : 32.069 s
Timestep : 367877, score : -16060.713591670363, Time : 32.899 s
Timestep : 376636, score : -16324.491315043022, Time : 32.981 s
Timestep : 385395, score : -16077.99570801419, Time : 32.942 s
Timestep : 394154, score : -16321.053076344659, Time : 32.995 s
Timestep : 402913, score : -16633.030276752674, Time : 32.889 s
Timestep : 411672, score : -15897.729359610705, Time : 32.981 s
Timestep : 420431, score : -15326.738089970095, Time : 32.868 s
Timestep : 429190, score : -16202.978422392815, Time : 32.862 s
Timestep : 437949, score : -16615.196916263158, Time : 32.789 s
Timestep : 446708, score : -16293.407298541104, Time : 32.786 s
Timestep : 455467, score : -16401.61495829397, Time : 32.337 s
Timestep : 464226, score : -15106.248970033048, Time : 30.85 s
Timestep : 472985, score : -16008.609880513817, Time : 30.856 s
Timestep : 481744, score : -16243.499248611392, Time : 30.778 s
Timestep : 490503, score : -15688.883949275129, Time : 30.908 s
Timestep : 499262, score : -15923.317700578787, Time : 30.834 s
Timestep : 508021, score : -17332.837236367937, Time : 30.884 s
Timestep : 516780, score : -16955.176947270593, Time : 31.838 s
Timestep : 525539, score : -15818.172118038521, Time : 32.807 s
Timestep : 534298, score : -16365.359178555314, Time : 32.785 s
Timestep : 543057, score : -15116.987509458631, Time : 32.743 s
Timestep : 551816, score : -10441.021808581514, Time : 32.121 s
Timestep : 560575, score : -7166.180453385372, Time : 32.418 s
Timestep : 569334, score : -4099.778834759636, Time : 32.345 s
Timestep : 578093, score : -4124.367205393879, Time : 32.337 s
Timestep : 586852, score : -4133.583021738945, Time : 32.353 s
Timestep : 595611, score : -4105.102017586498, Time : 32.369 s
Timestep : 604370, score : -4129.679181266998, Time : 32.378 s
Timestep : 613129, score : -4075.327706882177, Time : 32.366 s
Timestep : 621888, score : -4148.741006697906, Time : 30.334 s
Timestep : 630647, score : -4204.401985569348, Time : 30.356 s
Timestep : 639406, score : -4149.547432556195, Time : 30.306 s
Timestep : 648165, score : -4123.5549555732, Time : 30.245 s
Timestep : 656924, score : -4074.7366267362668, Time : 30.243 s
Timestep : 665683, score : -4051.2979877902253, Time : 30.267 s
Timestep : 674442, score : -4051.83134477344, Time : 30.29 s
Timestep : 683201, score : -4126.849018500099, Time : 31.634 s
Timestep : 691960, score : -4111.6501786423905, Time : 32.189 s
Timestep : 700719, score : -4096.00840902832, Time : 32.19 s
Timestep : 709478, score : -4113.863180124579, Time : 32.295 s
Timestep : 718237, score : -4218.456926050043, Time : 32.408 s
Timestep : 726996, score : -4066.601413325785, Time : 32.36 s
Timestep : 735755, score : -4145.620387808332, Time : 32.055 s
Timestep : 744514, score : -4146.249275409529, Time : 32.376 s
Timestep : 753273, score : -4208.459866783029, Time : 32.417 s
Timestep : 762032, score : -4230.572585624555, Time : 32.406 s
Timestep : 770791, score : -4089.2264659026696, Time : 32.124 s
Timestep : 779550, score : -4038.1784542998357, Time : 32.422 s
Timestep : 788309, score : -4030.212545355229, Time : 32.387 s
Timestep : 797068, score : -4058.646163353609, Time : 32.434 s
Timestep : 805827, score : -4075.7048997370584, Time : 32.391 s
Timestep : 814586, score : -4213.265202020673, Time : 32.397 s
Timestep : 823345, score : -4102.214403902559, Time : 32.409 s
Timestep : 832104, score : -4118.065132343589, Time : 32.389 s
Timestep : 840863, score : -4064.27595789489, Time : 32.355 s
Timestep : 849622, score : -4141.362367582886, Time : 31.876 s
Timestep : 858381, score : -4076.337709126441, Time : 30.283 s
Timestep : 867140, score : -4088.6497574613604, Time : 31.906 s
Timestep : 875899, score : -4059.0787252573355, Time : 31.896 s
Starting local evaluation
Num Steps: 1000, Num episodes: 0
Num Steps: 2000, Num episodes: 0
Num Steps: 3000, Num episodes: 0
Num Steps: 4000, Num episodes: 0
Num Steps: 5000, Num episodes: 0
Num Steps: 6000, Num episodes: 0
Num Steps: 7000, Num episodes: 0
Num Steps: 8000, Num episodes: 0
Episode complete: 1 | Latest episode metrics: {'price_cost': 1.001324818012619, 'emmision_cost': 1.002596953012241}
[-0.23244119] -0.23244118690851484
Average Price Cost: 1.001324818012619
Average Emmision Cost: 1.002596953012241
Average of both costs: 1.00196088551243
Total time taken by agent: 3.8004464833065867s
DONE!
