{'agent': 'DQN', 'action_selection': 'egreedy', 'seed': 1, 'episodes': 100, 'data_path': 'data/citylearn_challenge_2022_phase_1', 'dry_run': False, 'n_discrete': 9, 'update_target': 4, 'lr': 3e-05, 'batch_size': 4, 'adam_epsilon': 1e-08, 'epsilon_final': 0.03, 'run_id': 342}
{'Notes': 'This is a tuning run, executed on a single building.',
 'action_selection': 'egreedy',
 'adam_epsilon': 1e-08,
 'env': '<NormalizeObservation<OneHotHour<DiscreteSingle<CityLearnEnv '
        'instance>>>>',
 'final_exploration_rate': 0.02,
 'final_exploration_step': 1000,
 'gamma': 0.99,
 'initial_exploration_rate': 1,
 'learning_rate': 3e-05,
 'loss': 'mse',
 'minibatch_size': 4,
 'network': 'MLP(\n'
            '  (layers): Sequential(\n'
            '    (0): Linear(in_features=29, out_features=128, bias=True)\n'
            '    (1): ReLU()\n'
            '    (2): Linear(in_features=128, out_features=128, bias=True)\n'
            '    (3): ReLU()\n'
            '    (4): Linear(in_features=128, out_features=9, bias=True)\n'
            '  )\n'
            ')',
 'replay_buffer_size': 10000,
 'replay_start_size': 4,
 'seed': 1,
 'train_steps': 876000,
 'update_frequency': 1,
 'update_target_frequency': 4,
 'weight_scale': 1.4142135623730951}
Timestep : 8758, score : -5934.913930705661, Time : 25.761 s
Timestep : 17517, score : -4766.397756471561, Time : 25.863 s
Timestep : 26276, score : -4926.25805749491, Time : 24.326 s
Timestep : 35035, score : -4532.953230432613, Time : 21.76 s
Timestep : 43794, score : -4739.365181234112, Time : 21.778 s
Timestep : 52553, score : -4827.863671752537, Time : 21.76 s
Timestep : 61312, score : -4531.518858676223, Time : 21.768 s
Timestep : 70071, score : -3626.970720597921, Time : 21.783 s
Timestep : 78830, score : -3773.1360923519387, Time : 21.782 s
Timestep : 87589, score : -3510.7058043923753, Time : 21.79 s
Timestep : 96348, score : -3419.2321591989894, Time : 21.788 s
Timestep : 105107, score : -3449.5790099534497, Time : 22.543 s
Timestep : 113866, score : -3495.6358991548477, Time : 21.8 s
Timestep : 122625, score : -3348.964261387853, Time : 21.819 s
Timestep : 131384, score : -3438.7844002184283, Time : 22.834 s
Timestep : 140143, score : -3416.6307515898516, Time : 21.802 s
Timestep : 148902, score : -3420.0898756527167, Time : 21.788 s
Timestep : 157661, score : -3416.692844703124, Time : 21.791 s
Timestep : 166420, score : -3835.5186568120553, Time : 21.786 s
Timestep : 175179, score : -3710.6586468292226, Time : 23.372 s
Timestep : 183938, score : -3174.0056824771746, Time : 25.139 s
Timestep : 192697, score : -3419.60384677595, Time : 21.782 s
Timestep : 201456, score : -3525.7799054881616, Time : 26.304 s
Timestep : 210215, score : -3376.823800141414, Time : 25.961 s
Timestep : 218974, score : -3270.3850466991134, Time : 26.218 s
Timestep : 227733, score : -3216.5544342734647, Time : 25.92 s
Timestep : 236492, score : -3067.3943032961397, Time : 25.93 s
Timestep : 245251, score : -2614.749237834665, Time : 26.043 s
Timestep : 254010, score : -2889.995506238687, Time : 25.948 s
Timestep : 262769, score : -2876.7529052602185, Time : 26.203 s
Timestep : 271528, score : -2332.96068993237, Time : 23.673 s
Timestep : 280287, score : -2757.290486959697, Time : 26.676 s
Timestep : 289046, score : -2295.904493854876, Time : 26.024 s
Timestep : 297805, score : -3028.2032989266154, Time : 25.935 s
Timestep : 306564, score : -2314.843739852615, Time : 27.319 s
Timestep : 315323, score : -2650.1571468118636, Time : 27.073 s
Timestep : 324082, score : -2426.353603196243, Time : 27.42 s
Timestep : 332841, score : -2772.6471779620333, Time : 25.996 s
Timestep : 341600, score : -2150.408749457478, Time : 26.093 s
Timestep : 350359, score : -2709.8596238451137, Time : 26.235 s
Timestep : 359118, score : -2578.188385934045, Time : 26.623 s
Timestep : 367877, score : -2489.829754116625, Time : 26.438 s
Timestep : 376636, score : -2598.942800660414, Time : 25.645 s
Timestep : 385395, score : -2372.985634085868, Time : 21.825 s
Timestep : 394154, score : -2667.8508939049498, Time : 21.789 s
Timestep : 402913, score : -2180.436216004571, Time : 21.778 s
Timestep : 411672, score : -1704.5062714524393, Time : 22.569 s
Timestep : 420431, score : -2147.2963582304365, Time : 22.441 s
Timestep : 429190, score : -1878.7911758133268, Time : 21.786 s
Timestep : 437949, score : -1942.3317952819925, Time : 21.824 s
Timestep : 446708, score : -2252.38896643513, Time : 22.287 s
Timestep : 455467, score : -1617.1355246512976, Time : 25.955 s
Timestep : 464226, score : -1771.95197464808, Time : 25.934 s
Timestep : 472985, score : -2061.268800570426, Time : 25.798 s
Timestep : 481744, score : -2604.198698944674, Time : 21.803 s
Timestep : 490503, score : -2476.216541204398, Time : 21.799 s
Timestep : 499262, score : -1954.0931905735342, Time : 21.79 s
Timestep : 508021, score : -1729.1276556486555, Time : 23.382 s
Timestep : 516780, score : -1997.1456223079294, Time : 21.788 s
Timestep : 525539, score : -1528.749407370371, Time : 21.788 s
Timestep : 534298, score : -1535.4102688114217, Time : 21.772 s
Timestep : 543057, score : -1637.8930510378268, Time : 21.764 s
Timestep : 551816, score : -1869.4433061852178, Time : 21.79 s
Timestep : 560575, score : -1883.0186293896113, Time : 21.777 s
Timestep : 569334, score : -1468.215629052982, Time : 21.772 s
Timestep : 578093, score : -1763.9945175482717, Time : 21.789 s
Timestep : 586852, score : -1570.2366939351487, Time : 21.777 s
Timestep : 595611, score : -1753.2567611636623, Time : 21.814 s
Timestep : 604370, score : -1778.9004000200948, Time : 21.809 s
Timestep : 613129, score : -1992.7304315369402, Time : 21.796 s
Timestep : 621888, score : -1760.2906357227184, Time : 21.843 s
Timestep : 630647, score : -1583.6324844120827, Time : 21.845 s
Timestep : 639406, score : -1396.9508355389407, Time : 21.79 s
Timestep : 648165, score : -1617.3368470378045, Time : 21.788 s
Timestep : 656924, score : -1482.386774808081, Time : 21.782 s
Timestep : 665683, score : -1720.3027895165433, Time : 21.794 s
Timestep : 674442, score : -1488.393646880315, Time : 21.962 s
Timestep : 683201, score : -1467.2806724666443, Time : 21.977 s
Timestep : 691960, score : -1954.560175731458, Time : 21.781 s
Timestep : 700719, score : -1839.3348033235816, Time : 21.792 s
Timestep : 709478, score : -1890.312484074646, Time : 23.954 s
Timestep : 718237, score : -1593.256327992567, Time : 21.79 s
Timestep : 726996, score : -1750.0717006058258, Time : 21.791 s
Timestep : 735755, score : -1793.7408924391784, Time : 21.797 s
Timestep : 744514, score : -1622.4723679302988, Time : 23.849 s
Timestep : 753273, score : -1578.079360915377, Time : 23.311 s
Timestep : 762032, score : -1498.1539172230114, Time : 21.778 s
Timestep : 770791, score : -1521.9583351509937, Time : 21.789 s
Timestep : 779550, score : -1762.1135020731308, Time : 21.781 s
Timestep : 788309, score : -1411.5639162861335, Time : 21.793 s
Timestep : 797068, score : -1541.0643658507906, Time : 21.788 s
Timestep : 805827, score : -1600.0425807512656, Time : 21.794 s
Timestep : 814586, score : -1588.0891901428404, Time : 21.807 s
Timestep : 823345, score : -1643.5933720150788, Time : 21.79 s
Timestep : 832104, score : -1619.8844480559055, Time : 21.781 s
Timestep : 840863, score : -1865.4001858284755, Time : 22.068 s
Timestep : 849622, score : -1957.0626739362779, Time : 21.811 s
Timestep : 858381, score : -1823.0016180371167, Time : 21.769 s
Timestep : 867140, score : -1931.97908809004, Time : 21.791 s
Timestep : 875899, score : -1835.6782381447556, Time : 21.777 s
Starting local evaluation
Num Steps: 1000, Num episodes: 0
Num Steps: 2000, Num episodes: 0
Num Steps: 3000, Num episodes: 0
Num Steps: 4000, Num episodes: 0
Num Steps: 5000, Num episodes: 0
Num Steps: 6000, Num episodes: 0
Num Steps: 7000, Num episodes: 0
Num Steps: 8000, Num episodes: 0
Episode complete: 1 | Latest episode metrics: {'price_cost': 0.8643339547397071, 'emmision_cost': 0.9291467966397725}
[-0.10134217] -0.10134217194587457
Average Price Cost: 0.8643339547397071
Average Emmision Cost: 0.9291467966397725
Average of both costs: 0.8967403756897399
Total time taken by agent: 2.5247966246679425s
DONE!
