{'agent': 'DQN', 'action_selection': 'softmax', 'seed': 1, 'episodes': 100, 'data_path': 'data/citylearn_challenge_2022_phase_1', 'dry_run': False, 'n_discrete': 9, 'update_target': 16, 'lr': 0.0007, 'batch_size': 64, 'adam_epsilon': 1e-07, 'epsilon_final': 0.02, 'run_id': 166}
{'Notes': 'This is a tuning run, executed on a single building.',
 'action_selection': 'softmax',
 'adam_epsilon': 1e-07,
 'env': '<NormalizeObservation<OneHotHour<DiscreteSingle<CityLearnEnv '
        'instance>>>>',
 'final_exploration_rate': 0.02,
 'final_exploration_step': 1000,
 'gamma': 0.99,
 'initial_exploration_rate': 1,
 'learning_rate': 0.0007,
 'loss': 'mse',
 'minibatch_size': 64,
 'network': 'MLP(\n'
            '  (layers): Sequential(\n'
            '    (0): Linear(in_features=29, out_features=128, bias=True)\n'
            '    (1): ReLU()\n'
            '    (2): Linear(in_features=128, out_features=128, bias=True)\n'
            '    (3): ReLU()\n'
            '    (4): Linear(in_features=128, out_features=9, bias=True)\n'
            '  )\n'
            ')',
 'replay_buffer_size': 10000,
 'replay_start_size': 64,
 'seed': 1,
 'train_steps': 876000,
 'update_frequency': 1,
 'update_target_frequency': 16,
 'weight_scale': 1.4142135623730951}
Timestep : 8758, score : -4991.876771569867, Time : 24.192 s
Timestep : 17517, score : -5068.45292482345, Time : 23.349 s
Timestep : 26276, score : -4024.726779263423, Time : 23.199 s
Timestep : 35035, score : -3279.0205800634867, Time : 22.583 s
Timestep : 43794, score : -2952.6590927089565, Time : 23.155 s
Timestep : 52553, score : -3145.561139083831, Time : 23.007 s
Timestep : 61312, score : -2778.017599776882, Time : 23.119 s
Timestep : 70071, score : -2772.335005160494, Time : 23.393 s
Timestep : 78830, score : -2468.7803265922266, Time : 21.816 s
Timestep : 87589, score : -1964.8957849970611, Time : 21.948 s
Timestep : 96348, score : -2061.5221218713705, Time : 21.899 s
Timestep : 105107, score : -2284.152298773013, Time : 22.562 s
Timestep : 113866, score : -2252.495732345167, Time : 22.855 s
Timestep : 122625, score : -2366.473147095443, Time : 22.347 s
Timestep : 131384, score : -1914.06117389891, Time : 22.21 s
Timestep : 140143, score : -1969.4947819731024, Time : 21.973 s
Timestep : 148902, score : -1888.202029482767, Time : 22.872 s
Timestep : 157661, score : -2005.7222891429265, Time : 22.024 s
Timestep : 166420, score : -1838.1299935606366, Time : 22.005 s
Timestep : 175179, score : -2008.4480434301367, Time : 22.004 s
Timestep : 183938, score : -2023.9322008126474, Time : 22.069 s
Timestep : 192697, score : -1937.9810855935502, Time : 23.764 s
Timestep : 201456, score : -1789.3097951762902, Time : 22.178 s
Timestep : 210215, score : -1630.5579421049042, Time : 22.25 s
Timestep : 218974, score : -1711.8699577656516, Time : 22.622 s
Timestep : 227733, score : -1444.482132657853, Time : 24.833 s
Timestep : 236492, score : -1444.8866272778541, Time : 22.037 s
Timestep : 245251, score : -1433.0646701951337, Time : 21.999 s
Timestep : 254010, score : -1581.3930681140919, Time : 22.009 s
Timestep : 262769, score : -1869.3605773609888, Time : 24.057 s
Timestep : 271528, score : -1472.2297777298663, Time : 22.021 s
Timestep : 280287, score : -1601.035920432565, Time : 22.096 s
Timestep : 289046, score : -1292.3105123845453, Time : 21.946 s
Timestep : 297805, score : -1719.0857100410212, Time : 22.007 s
Timestep : 306564, score : -1671.8553935410746, Time : 23.698 s
Timestep : 315323, score : -1212.1717999599932, Time : 22.363 s
Timestep : 324082, score : -1477.704285355081, Time : 22.19 s
Timestep : 332841, score : -1556.5036242495116, Time : 22.202 s
Timestep : 341600, score : -1622.7020063058299, Time : 22.26 s
Timestep : 350359, score : -1625.6738348076178, Time : 25.429 s
Timestep : 359118, score : -1495.6323462091677, Time : 22.916 s
Timestep : 367877, score : -1343.123346318287, Time : 22.193 s
Timestep : 376636, score : -1408.8251856577408, Time : 22.266 s
Timestep : 385395, score : -1398.193107009196, Time : 22.206 s
Timestep : 394154, score : -1294.936803434597, Time : 22.292 s
Timestep : 402913, score : -1415.0878734281578, Time : 22.391 s
Timestep : 411672, score : -1353.6407147094433, Time : 22.28 s
Timestep : 420431, score : -1156.0455945044232, Time : 22.128 s
Timestep : 429190, score : -1420.7406740024744, Time : 23.288 s
Timestep : 437949, score : -1161.952058881623, Time : 22.073 s
Timestep : 446708, score : -1369.6332971424854, Time : 22.016 s
Timestep : 455467, score : -1346.395282685131, Time : 22.019 s
Timestep : 464226, score : -1175.7982295777474, Time : 22.494 s
Timestep : 472985, score : -1306.4603720874147, Time : 21.966 s
Timestep : 481744, score : -1474.8199813862157, Time : 22.116 s
Timestep : 490503, score : -1453.8716451225628, Time : 22.326 s
Timestep : 499262, score : -1319.7531219621014, Time : 22.115 s
Timestep : 508021, score : -1264.3803349108493, Time : 22.115 s
Timestep : 516780, score : -1342.8040821689938, Time : 21.977 s
Timestep : 525539, score : -1201.7817150307528, Time : 21.939 s
Timestep : 534298, score : -1210.8831124459684, Time : 22.021 s
Timestep : 543057, score : -1403.8663760997151, Time : 22.66 s
Timestep : 551816, score : -1161.8809853068378, Time : 21.959 s
Timestep : 560575, score : -1194.1908702988003, Time : 22.038 s
Timestep : 569334, score : -1183.7833971623622, Time : 21.918 s
Timestep : 578093, score : -1197.0796738516365, Time : 22.23 s
Timestep : 586852, score : -964.8316681876604, Time : 22.199 s
Timestep : 595611, score : -1151.8535258502525, Time : 22.516 s
Timestep : 604370, score : -1136.5540557510976, Time : 21.959 s
Timestep : 613129, score : -1222.7596956921334, Time : 22.123 s
Timestep : 621888, score : -911.7491558512265, Time : 22.5 s
Timestep : 630647, score : -1153.2239267990517, Time : 22.966 s
Timestep : 639406, score : -1045.229731153493, Time : 21.653 s
Timestep : 648165, score : -885.7065837318369, Time : 21.463 s
Timestep : 656924, score : -1027.2386004125292, Time : 21.415 s
Timestep : 665683, score : -885.6717314191919, Time : 21.717 s
Timestep : 674442, score : -968.7236466228787, Time : 22.006 s
Timestep : 683201, score : -994.966435934446, Time : 21.638 s
Timestep : 691960, score : -1031.687610968278, Time : 21.536 s
Timestep : 700719, score : -1233.0280826560047, Time : 21.986 s
Timestep : 709478, score : -1163.9443079443008, Time : 23.203 s
Timestep : 718237, score : -1244.1901421877847, Time : 21.984 s
Timestep : 726996, score : -1197.095767238905, Time : 22.122 s
Timestep : 735755, score : -1366.7941509811499, Time : 22.226 s
Timestep : 744514, score : -1012.1402354960155, Time : 22.034 s
Timestep : 753273, score : -1082.3088740113017, Time : 22.835 s
Timestep : 762032, score : -1048.27555043975, Time : 22.743 s
Timestep : 770791, score : -1163.3187803125766, Time : 22.326 s
Timestep : 779550, score : -1143.9738127037126, Time : 22.081 s
Timestep : 788309, score : -1190.1981023731933, Time : 23.77 s
Timestep : 797068, score : -1238.1784699246346, Time : 22.504 s
Timestep : 805827, score : -1158.7629183923418, Time : 22.018 s
Timestep : 814586, score : -1287.13407010425, Time : 22.286 s
Timestep : 823345, score : -865.513541585562, Time : 22.007 s
Timestep : 832104, score : -1100.7459318602632, Time : 22.472 s
Timestep : 840863, score : -991.8168460770103, Time : 22.131 s
Timestep : 849622, score : -934.327974157728, Time : 22.197 s
Timestep : 858381, score : -1077.1828837350768, Time : 22.324 s
Timestep : 867140, score : -945.0852973509645, Time : 22.029 s
Timestep : 875899, score : -981.2773547346296, Time : 21.99 s
Starting local evaluation
Num Steps: 1000, Num episodes: 0
Num Steps: 2000, Num episodes: 0
Num Steps: 3000, Num episodes: 0
Num Steps: 4000, Num episodes: 0
Num Steps: 5000, Num episodes: 0
Num Steps: 6000, Num episodes: 0
Num Steps: 7000, Num episodes: 0
Num Steps: 8000, Num episodes: 0
Episode complete: 1 | Latest episode metrics: {'price_cost': 0.8289910075650565, 'emmision_cost': 0.9340240518484795}
[-0.08156476] -0.08156475575951556
Average Price Cost: 0.8289910075650565
Average Emmision Cost: 0.9340240518484795
Average of both costs: 0.881507529706768
Total time taken by agent: 3.54478899249807s
DONE!
