{'agent': 'DQN', 'action_selection': 'softmax', 'seed': 1, 'episodes': 100, 'data_path': 'data/citylearn_challenge_2022_phase_1', 'dry_run': False, 'n_discrete': 9, 'update_target': 16, 'lr': 0.07, 'batch_size': 64, 'adam_epsilon': 0.0001, 'epsilon_final': 0.02, 'run_id': 10}
{'Notes': 'This is a tuning run, executed on a single building.',
 'action_selection': 'softmax',
 'adam_epsilon': 0.0001,
 'env': '<NormalizeObservation<OneHotHour<DiscreteSingle<CityLearnEnv '
        'instance>>>>',
 'final_exploration_rate': 0.02,
 'final_exploration_step': 1000,
 'gamma': 0.99,
 'initial_exploration_rate': 1,
 'learning_rate': 0.07,
 'loss': 'mse',
 'minibatch_size': 64,
 'network': 'MLP(\n'
            '  (layers): Sequential(\n'
            '    (0): Linear(in_features=29, out_features=128, bias=True)\n'
            '    (1): ReLU()\n'
            '    (2): Linear(in_features=128, out_features=128, bias=True)\n'
            '    (3): ReLU()\n'
            '    (4): Linear(in_features=128, out_features=9, bias=True)\n'
            '  )\n'
            ')',
 'replay_buffer_size': 10000,
 'replay_start_size': 64,
 'seed': 1,
 'train_steps': 876000,
 'update_frequency': 1,
 'update_target_frequency': 16,
 'weight_scale': 1.4142135623730951}
Timestep : 8758, score : -4913.1962823852955, Time : 22.449 s
Timestep : 17517, score : -4144.807238717942, Time : 22.178 s
Timestep : 26276, score : -4175.6553310616, Time : 22.057 s
Timestep : 35035, score : -4104.577699569432, Time : 22.09 s
Timestep : 43794, score : -4077.021143158345, Time : 22.005 s
Timestep : 52553, score : -4081.5842237327306, Time : 21.998 s
Timestep : 61312, score : -4138.321008460043, Time : 22.929 s
Timestep : 70071, score : -4080.636811938515, Time : 22.757 s
Timestep : 78830, score : -4096.847302293783, Time : 22.843 s
Timestep : 87589, score : -4115.015316293488, Time : 22.715 s
Timestep : 96348, score : -4127.183502563654, Time : 22.385 s
Timestep : 105107, score : -4102.8044434929325, Time : 22.616 s
Timestep : 113866, score : -4094.984165267466, Time : 22.712 s
Timestep : 122625, score : -4049.390400552569, Time : 22.578 s
Timestep : 131384, score : -4065.3399135073705, Time : 22.62 s
Timestep : 140143, score : -4109.0435622254445, Time : 22.483 s
Timestep : 148902, score : -4091.8981352685078, Time : 22.625 s
Timestep : 157661, score : -4066.455930588214, Time : 22.964 s
Timestep : 166420, score : -4203.8034390578105, Time : 22.321 s
Timestep : 175179, score : -4171.785691281853, Time : 22.18 s
Timestep : 183938, score : -4082.3332238098665, Time : 22.002 s
Timestep : 192697, score : -4122.511298596306, Time : 22.059 s
Timestep : 201456, score : -4155.508596224157, Time : 22.12 s
Timestep : 210215, score : -4110.048221242992, Time : 22.471 s
Timestep : 218974, score : -4129.560724879993, Time : 22.125 s
Timestep : 227733, score : -4167.420399976341, Time : 21.755 s
Timestep : 236492, score : -4092.2222867118253, Time : 22.674 s
Timestep : 245251, score : -4060.872025532095, Time : 22.018 s
Timestep : 254010, score : -4059.683224653272, Time : 22.173 s
Timestep : 262769, score : -4044.7660313447996, Time : 22.058 s
Timestep : 271528, score : -4045.2775447307213, Time : 21.766 s
Timestep : 280287, score : -4135.46337352079, Time : 22.169 s
Timestep : 289046, score : -4161.319426777685, Time : 22.785 s
Timestep : 297805, score : -4137.9626317019865, Time : 22.614 s
Timestep : 306564, score : -4056.6975477388187, Time : 22.055 s
Timestep : 315323, score : -4038.6528161069436, Time : 21.988 s
Timestep : 324082, score : -4030.212545355229, Time : 22.035 s
Timestep : 332841, score : -4030.212545355229, Time : 22.173 s
Timestep : 341600, score : -4030.212545355229, Time : 22.184 s
Timestep : 350359, score : -4030.212545355229, Time : 22.804 s
Timestep : 359118, score : -4030.212545355229, Time : 22.74 s
Timestep : 367877, score : -4030.212545355229, Time : 21.95 s
Timestep : 376636, score : -4030.212545355229, Time : 21.915 s
Timestep : 385395, score : -4030.212545355229, Time : 22.039 s
Timestep : 394154, score : -4030.212545355229, Time : 22.163 s
Timestep : 402913, score : -4030.212545355229, Time : 22.033 s
Timestep : 411672, score : -4030.212545355229, Time : 22.692 s
Timestep : 420431, score : -4030.212545355229, Time : 22.98 s
Timestep : 429190, score : -4030.212545355229, Time : 22.769 s
Timestep : 437949, score : -4030.212545355229, Time : 22.335 s
Timestep : 446708, score : -4030.212545355229, Time : 22.197 s
Timestep : 455467, score : -4030.212545355229, Time : 22.033 s
Timestep : 464226, score : -4030.212545355229, Time : 21.961 s
Timestep : 472985, score : -4030.212545355229, Time : 23.489 s
Timestep : 481744, score : -4030.212545355229, Time : 23.709 s
Timestep : 490503, score : -4030.212545355229, Time : 22.468 s
Timestep : 499262, score : -4030.212545355229, Time : 22.208 s
Timestep : 508021, score : -4030.212545355229, Time : 22.091 s
Timestep : 516780, score : -4030.212545355229, Time : 22.039 s
Timestep : 525539, score : -4030.212545355229, Time : 22.038 s
Timestep : 534298, score : -4030.212545355229, Time : 22.63 s
Timestep : 543057, score : -4030.212545355229, Time : 22.791 s
Timestep : 551816, score : -4030.212545355229, Time : 22.271 s
Timestep : 560575, score : -4030.212545355229, Time : 22.14 s
Timestep : 569334, score : -4030.212545355229, Time : 22.044 s
Timestep : 578093, score : -4030.212545355229, Time : 22.049 s
Timestep : 586852, score : -4030.212545355229, Time : 22.042 s
Timestep : 595611, score : -4030.212545355229, Time : 22.548 s
Timestep : 604370, score : -4030.212545355229, Time : 22.846 s
Timestep : 613129, score : -4030.212545355229, Time : 22.449 s
Timestep : 621888, score : -4049.227447121317, Time : 21.882 s
Timestep : 630647, score : -4030.212545355229, Time : 21.97 s
Timestep : 639406, score : -4030.212545355229, Time : 21.936 s
Timestep : 648165, score : -4030.212545355229, Time : 21.929 s
Timestep : 656924, score : -4030.212545355229, Time : 22.501 s
Timestep : 665683, score : -4030.212545355229, Time : 23.019 s
Timestep : 674442, score : -4030.212545355229, Time : 22.391 s
Timestep : 683201, score : -4030.212545355229, Time : 22.062 s
Timestep : 691960, score : -4030.212545355229, Time : 22.415 s
Timestep : 700719, score : -4030.212545355229, Time : 22.202 s
Timestep : 709478, score : -4030.212545355229, Time : 22.764 s
Timestep : 718237, score : -4030.212545355229, Time : 22.805 s
Timestep : 726996, score : -4030.212545355229, Time : 22.888 s
Timestep : 735755, score : -4030.212545355229, Time : 22.405 s
Timestep : 744514, score : -4030.212545355229, Time : 22.051 s
Timestep : 753273, score : -4030.212545355229, Time : 22.054 s
Timestep : 762032, score : -4030.212545355229, Time : 22.058 s
Timestep : 770791, score : -4030.212545355229, Time : 22.086 s
Timestep : 779550, score : -4057.8183244964166, Time : 22.571 s
Timestep : 788309, score : -4120.2918764105125, Time : 22.726 s
Timestep : 797068, score : -4140.808241770981, Time : 22.475 s
Timestep : 805827, score : -4247.53093843293, Time : 22.104 s
Timestep : 814586, score : -4186.936314805789, Time : 22.051 s
Timestep : 823345, score : -4093.6643035145535, Time : 22.068 s
Timestep : 832104, score : -4104.595608351199, Time : 22.236 s
Timestep : 840863, score : -4073.426326540677, Time : 22.276 s
Timestep : 849622, score : -4113.045961755706, Time : 22.845 s
Timestep : 858381, score : -4178.688507990359, Time : 22.599 s
Timestep : 867140, score : -4201.507430556841, Time : 22.822 s
Timestep : 875899, score : -4123.309349510266, Time : 22.909 s
Starting local evaluation
Num Steps: 1000, Num episodes: 0
Num Steps: 2000, Num episodes: 0
Num Steps: 3000, Num episodes: 0
Num Steps: 4000, Num episodes: 0
Num Steps: 5000, Num episodes: 0
Num Steps: 6000, Num episodes: 0
Num Steps: 7000, Num episodes: 0
Num Steps: 8000, Num episodes: 0
Episode complete: 1 | Latest episode metrics: {'price_cost': 1.002095751067727, 'emmision_cost': 1.0024995394921579}
[-0.23287788] -0.2328778799763547
Average Price Cost: 1.002095751067727
Average Emmision Cost: 1.0024995394921579
Average of both costs: 1.0022976452799424
Total time taken by agent: 3.2886253027245402s
DONE!
