{'agent': 'DQN', 'action_selection': 'egreedy', 'seed': 1, 'episodes': 100, 'data_path': 'data/citylearn_challenge_2022_phase_1', 'dry_run': False, 'n_discrete': 9, 'update_target': 32, 'lr': 0.07, 'batch_size': 4, 'adam_epsilon': 1e-07, 'epsilon_final': 0.03, 'run_id': 360}
{'Notes': 'This is a tuning run, executed on a single building.',
 'action_selection': 'egreedy',
 'adam_epsilon': 1e-07,
 'env': '<NormalizeObservation<OneHotHour<DiscreteSingle<CityLearnEnv '
        'instance>>>>',
 'final_exploration_rate': 0.02,
 'final_exploration_step': 1000,
 'gamma': 0.99,
 'initial_exploration_rate': 1,
 'learning_rate': 0.07,
 'loss': 'mse',
 'minibatch_size': 4,
 'network': 'MLP(\n'
            '  (layers): Sequential(\n'
            '    (0): Linear(in_features=29, out_features=128, bias=True)\n'
            '    (1): ReLU()\n'
            '    (2): Linear(in_features=128, out_features=128, bias=True)\n'
            '    (3): ReLU()\n'
            '    (4): Linear(in_features=128, out_features=9, bias=True)\n'
            '  )\n'
            ')',
 'replay_buffer_size': 10000,
 'replay_start_size': 4,
 'seed': 1,
 'train_steps': 876000,
 'update_frequency': 1,
 'update_target_frequency': 32,
 'weight_scale': 1.4142135623730951}
Timestep : 8758, score : -5615.105828895612, Time : 21.197 s
Timestep : 17517, score : -4557.167025023402, Time : 21.39 s
Timestep : 26276, score : -4638.806907951279, Time : 22.182 s
Timestep : 35035, score : -4496.537807409564, Time : 21.496 s
Timestep : 43794, score : -4502.074500750197, Time : 21.116 s
Timestep : 52553, score : -4624.785457305057, Time : 21.118 s
Timestep : 61312, score : -4514.520774891047, Time : 21.103 s
Timestep : 70071, score : -4542.7754074348195, Time : 21.141 s
Timestep : 78830, score : -4574.09271725305, Time : 21.133 s
Timestep : 87589, score : -4582.361378033907, Time : 21.209 s
Timestep : 96348, score : -4493.667676220677, Time : 21.125 s
Timestep : 105107, score : -4632.452649719577, Time : 21.118 s
Timestep : 113866, score : -4513.41467076671, Time : 21.167 s
Timestep : 122625, score : -4425.010217546864, Time : 21.22 s
Timestep : 131384, score : -4447.253449972166, Time : 21.044 s
Timestep : 140143, score : -4598.418519726867, Time : 21.638 s
Timestep : 148902, score : -4515.355036793655, Time : 21.378 s
Timestep : 157661, score : -4410.4518596113485, Time : 21.685 s
Timestep : 166420, score : -4522.065779582044, Time : 21.546 s
Timestep : 175179, score : -4534.504394914751, Time : 21.183 s
Timestep : 183938, score : -4510.839801104186, Time : 21.383 s
Timestep : 192697, score : -4494.105578772171, Time : 21.868 s
Timestep : 201456, score : -4514.284644047177, Time : 21.873 s
Timestep : 210215, score : -4599.100287775422, Time : 21.854 s
Timestep : 218974, score : -4451.198307087558, Time : 21.848 s
Timestep : 227733, score : -4473.906885759352, Time : 21.876 s
Timestep : 236492, score : -4499.019268932199, Time : 21.861 s
Timestep : 245251, score : -4420.002011911391, Time : 21.627 s
Timestep : 254010, score : -4530.389958226617, Time : 21.746 s
Timestep : 262769, score : -4517.270334232046, Time : 22.093 s
Timestep : 271528, score : -4488.490326510189, Time : 21.781 s
Timestep : 280287, score : -4653.768625923811, Time : 21.764 s
Timestep : 289046, score : -4492.954252283467, Time : 21.758 s
Timestep : 297805, score : -4518.376131280704, Time : 21.552 s
Timestep : 306564, score : -4557.9488339003, Time : 21.775 s
Timestep : 315323, score : -4647.144835889601, Time : 21.774 s
Timestep : 324082, score : -4620.0837844260095, Time : 21.775 s
Timestep : 332841, score : -4656.795462501614, Time : 21.245 s
Timestep : 341600, score : -4535.578805090307, Time : 21.169 s
Timestep : 350359, score : -4449.887959470419, Time : 21.204 s
Timestep : 359118, score : -4588.187531310046, Time : 21.886 s
Timestep : 367877, score : -4655.508702029387, Time : 22.209 s
Timestep : 376636, score : -4640.938444997446, Time : 22.062 s
Timestep : 385395, score : -4549.959697564394, Time : 21.896 s
Timestep : 394154, score : -4487.535765257111, Time : 21.803 s
Timestep : 402913, score : -4507.446061310737, Time : 21.851 s
Timestep : 411672, score : -4752.31333645976, Time : 21.456 s
Timestep : 420431, score : -4593.488974832027, Time : 21.184 s
Timestep : 429190, score : -4551.261271414376, Time : 21.265 s
Timestep : 437949, score : -4566.368527070066, Time : 21.852 s
Timestep : 446708, score : -4604.614591557096, Time : 21.846 s
Timestep : 455467, score : -4509.939952046989, Time : 21.9 s
Timestep : 464226, score : -4534.434073331213, Time : 21.89 s
Timestep : 472985, score : -4552.8504425710125, Time : 21.88 s
Timestep : 481744, score : -4648.260942877183, Time : 22.122 s
Timestep : 490503, score : -4713.059220016847, Time : 22.226 s
Timestep : 499262, score : -4495.097854257008, Time : 21.777 s
Timestep : 508021, score : -4546.895651942497, Time : 21.843 s
Timestep : 516780, score : -4469.958702714561, Time : 21.552 s
Timestep : 525539, score : -4675.514968921809, Time : 21.197 s
Timestep : 534298, score : -4473.066497159569, Time : 21.736 s
Timestep : 543057, score : -4553.226985316636, Time : 21.796 s
Timestep : 551816, score : -4446.021905216301, Time : 21.775 s
Timestep : 560575, score : -4491.111386442004, Time : 21.336 s
Timestep : 569334, score : -4452.011645404069, Time : 21.094 s
Timestep : 578093, score : -4579.98798723417, Time : 21.453 s
Timestep : 586852, score : -4500.3182053029595, Time : 21.29 s
Timestep : 595611, score : -4494.335395862421, Time : 21.305 s
Timestep : 604370, score : -4534.296620201698, Time : 21.439 s
Timestep : 613129, score : -4528.167557538865, Time : 21.461 s
Timestep : 621888, score : -4462.171257925598, Time : 21.775 s
Timestep : 630647, score : -4577.314785054332, Time : 21.779 s
Timestep : 639406, score : -4615.708498631982, Time : 21.773 s
Timestep : 648165, score : -4530.0130579745455, Time : 21.718 s
Timestep : 656924, score : -4629.549060043326, Time : 21.088 s
Timestep : 665683, score : -4458.240893137554, Time : 21.113 s
Timestep : 674442, score : -4586.669647206931, Time : 21.087 s
Timestep : 683201, score : -4560.583273818163, Time : 21.077 s
Timestep : 691960, score : -4519.017956199503, Time : 21.184 s
Timestep : 700719, score : -4653.994680940552, Time : 21.154 s
Timestep : 709478, score : -4658.164083617186, Time : 21.473 s
Timestep : 718237, score : -4638.4860504720855, Time : 21.552 s
Timestep : 726996, score : -4550.770364540542, Time : 21.187 s
Timestep : 735755, score : -4474.153065096034, Time : 21.211 s
Timestep : 744514, score : -4459.61424247027, Time : 21.377 s
Timestep : 753273, score : -4558.343733660324, Time : 21.715 s
Timestep : 762032, score : -4720.431131361198, Time : 21.411 s
Timestep : 770791, score : -4599.770504815067, Time : 21.161 s
Timestep : 779550, score : -4679.659034793178, Time : 21.161 s
Timestep : 788309, score : -4686.69940225911, Time : 21.196 s
Timestep : 797068, score : -4445.132909498556, Time : 21.197 s
Timestep : 805827, score : -4470.973686223297, Time : 21.178 s
Timestep : 814586, score : -4522.905890313472, Time : 21.184 s
Timestep : 823345, score : -4486.9877608426905, Time : 21.396 s
Timestep : 832104, score : -4541.973029398621, Time : 21.505 s
Timestep : 840863, score : -4658.865470139688, Time : 21.267 s
Timestep : 849622, score : -4590.1892567257455, Time : 21.189 s
Timestep : 858381, score : -4568.813410367933, Time : 21.146 s
Timestep : 867140, score : -4583.251304611127, Time : 21.186 s
Timestep : 875899, score : -4687.819202505314, Time : 21.752 s
Starting local evaluation
Num Steps: 1000, Num episodes: 0
Num Steps: 2000, Num episodes: 0
Num Steps: 3000, Num episodes: 0
Num Steps: 4000, Num episodes: 0
Num Steps: 5000, Num episodes: 0
Num Steps: 6000, Num episodes: 0
Num Steps: 7000, Num episodes: 0
Num Steps: 8000, Num episodes: 0
Episode complete: 1 | Latest episode metrics: {'price_cost': 1.0139849346361776, 'emmision_cost': 1.015830320542865}
[-0.24835622] -0.2483562226061071
Average Price Cost: 1.0139849346361776
Average Emmision Cost: 1.015830320542865
Average of both costs: 1.0149076275895212
Total time taken by agent: 2.5865565582644194s
DONE!
