{'agent': 'DQN', 'action_selection': 'egreedy', 'seed': 1, 'episodes': 100, 'data_path': 'data/citylearn_challenge_2022_phase_1', 'dry_run': False, 'n_discrete': 9, 'update_target': 8, 'lr': 0.0001, 'batch_size': 128, 'adam_epsilon': 0.001, 'epsilon_final': 0.1, 'run_id': 396}
{'Notes': 'This is a tuning run, executed on a single building.',
 'action_selection': 'egreedy',
 'adam_epsilon': 0.001,
 'env': '<NormalizeObservation<OneHotHour<DiscreteSingle<CityLearnEnv '
        'instance>>>>',
 'final_exploration_rate': 0.02,
 'final_exploration_step': 1000,
 'gamma': 0.99,
 'initial_exploration_rate': 1,
 'learning_rate': 0.0001,
 'loss': 'mse',
 'minibatch_size': 128,
 'network': 'MLP(\n'
            '  (layers): Sequential(\n'
            '    (0): Linear(in_features=29, out_features=128, bias=True)\n'
            '    (1): ReLU()\n'
            '    (2): Linear(in_features=128, out_features=128, bias=True)\n'
            '    (3): ReLU()\n'
            '    (4): Linear(in_features=128, out_features=9, bias=True)\n'
            '  )\n'
            ')',
 'replay_buffer_size': 10000,
 'replay_start_size': 128,
 'seed': 1,
 'train_steps': 876000,
 'update_frequency': 1,
 'update_target_frequency': 8,
 'weight_scale': 1.4142135623730951}
Timestep : 8758, score : -4115.149459431792, Time : 24.781 s
Timestep : 17517, score : -2938.2526661728334, Time : 25.562 s
Timestep : 26276, score : -2213.644866850882, Time : 25.669 s
Timestep : 35035, score : -1875.1589793388557, Time : 25.695 s
Timestep : 43794, score : -1737.237376014964, Time : 25.723 s
Timestep : 52553, score : -1811.105501040729, Time : 25.71 s
Timestep : 61312, score : -2067.087287449307, Time : 25.725 s
Timestep : 70071, score : -2094.4542240959418, Time : 26.718 s
Timestep : 78830, score : -2507.1801944759936, Time : 27.651 s
Timestep : 87589, score : -2374.7891596548434, Time : 26.715 s
Timestep : 96348, score : -2095.806517137986, Time : 25.844 s
Timestep : 105107, score : -2360.61750560932, Time : 26.097 s
Timestep : 113866, score : -2169.549309866299, Time : 27.442 s
Timestep : 122625, score : -2198.3365163870913, Time : 26.255 s
Timestep : 131384, score : -2063.242772425554, Time : 25.72 s
Timestep : 140143, score : -2300.6916697717097, Time : 27.502 s
Timestep : 148902, score : -1860.5643837073148, Time : 27.656 s
Timestep : 157661, score : -2440.1293898194854, Time : 26.498 s
Timestep : 166420, score : -2462.5551654447627, Time : 26.337 s
Timestep : 175179, score : -2266.274296628573, Time : 27.341 s
Timestep : 183938, score : -2434.9951568062243, Time : 27.64 s
Timestep : 192697, score : -2518.2350219127547, Time : 27.645 s
Timestep : 201456, score : -2482.938812064269, Time : 27.652 s
Timestep : 210215, score : -2222.702186787763, Time : 27.66 s
Timestep : 218974, score : -2434.8919424249616, Time : 27.66 s
Timestep : 227733, score : -2249.942345411473, Time : 27.461 s
Timestep : 236492, score : -2573.354835254402, Time : 26.792 s
Timestep : 245251, score : -2355.062825554196, Time : 26.758 s
Timestep : 254010, score : -2584.0524342429417, Time : 27.253 s
Timestep : 262769, score : -2168.6301968570624, Time : 26.768 s
Timestep : 271528, score : -2329.4876783693035, Time : 26.757 s
Timestep : 280287, score : -2133.4022172198456, Time : 25.696 s
Timestep : 289046, score : -2193.5087851055723, Time : 24.852 s
Timestep : 297805, score : -2306.830264192031, Time : 24.866 s
Timestep : 306564, score : -1983.4477765041229, Time : 25.796 s
Timestep : 315323, score : -2149.048550495616, Time : 26.819 s
Timestep : 324082, score : -2051.3626324467186, Time : 26.087 s
Timestep : 332841, score : -1902.0191785807547, Time : 25.095 s
Timestep : 341600, score : -1985.2983413667243, Time : 25.117 s
Timestep : 350359, score : -2023.0366902689275, Time : 25.937 s
Timestep : 359118, score : -1942.267884377652, Time : 27.011 s
Timestep : 367877, score : -2105.6519740021613, Time : 27.041 s
Timestep : 376636, score : -1758.8668038856995, Time : 27.039 s
Timestep : 385395, score : -2148.6169780877244, Time : 27.07 s
Timestep : 394154, score : -1847.3755895769718, Time : 27.172 s
Timestep : 402913, score : -1967.9963490672235, Time : 27.189 s
Timestep : 411672, score : -1806.063450327987, Time : 27.188 s
Timestep : 420431, score : -1933.4294265040953, Time : 27.227 s
Timestep : 429190, score : -1936.368625151721, Time : 27.224 s
Timestep : 437949, score : -1927.514572121905, Time : 27.221 s
Timestep : 446708, score : -1972.8089215242799, Time : 27.24 s
Timestep : 455467, score : -1772.7725719187001, Time : 27.238 s
Timestep : 464226, score : -2101.447630855051, Time : 27.246 s
Timestep : 472985, score : -1902.8052141308726, Time : 27.239 s
Timestep : 481744, score : -1814.3552694069513, Time : 27.241 s
Timestep : 490503, score : -2271.3392155239417, Time : 27.107 s
Timestep : 499262, score : -1563.161137099407, Time : 25.892 s
Timestep : 508021, score : -1940.4386490576726, Time : 26.306 s
Timestep : 516780, score : -1754.530231523997, Time : 26.523 s
Timestep : 525539, score : -2024.534939920908, Time : 26.438 s
Timestep : 534298, score : -1957.597041545232, Time : 25.355 s
Timestep : 543057, score : -1987.8276283493324, Time : 25.388 s
Timestep : 551816, score : -2008.8938924133836, Time : 25.354 s
Timestep : 560575, score : -2039.487312431127, Time : 25.85 s
Timestep : 569334, score : -1798.8408385783841, Time : 27.227 s
Timestep : 578093, score : -1713.0890774427971, Time : 27.239 s
Timestep : 586852, score : -1882.1903376573755, Time : 27.232 s
Timestep : 595611, score : -1882.371872418822, Time : 27.233 s
Timestep : 604370, score : -1996.5576805620512, Time : 27.252 s
Timestep : 613129, score : -1867.369856868434, Time : 26.347 s
Timestep : 621888, score : -1995.3927972112142, Time : 27.211 s
Timestep : 630647, score : -1750.5184238792572, Time : 27.104 s
Timestep : 639406, score : -2093.253056779882, Time : 27.219 s
Timestep : 648165, score : -1776.4512701013882, Time : 27.204 s
Timestep : 656924, score : -1887.6578145693347, Time : 27.221 s
Timestep : 665683, score : -2069.9603355507425, Time : 27.217 s
Timestep : 674442, score : -2241.2546808857296, Time : 27.199 s
Timestep : 683201, score : -2291.8475940246426, Time : 26.955 s
Timestep : 691960, score : -1918.6750962513324, Time : 26.629 s
Timestep : 700719, score : -1885.6732631076884, Time : 25.576 s
Timestep : 709478, score : -1933.2962289153656, Time : 26.997 s
Timestep : 718237, score : -2036.1831150796788, Time : 25.785 s
Timestep : 726996, score : -2125.3950501904183, Time : 26.378 s
Timestep : 735755, score : -2087.5003957224835, Time : 27.003 s
Timestep : 744514, score : -2073.968479949661, Time : 25.282 s
Timestep : 753273, score : -2030.467469845229, Time : 25.195 s
Timestep : 762032, score : -2097.7914519615297, Time : 26.542 s
Timestep : 770791, score : -2124.7442218871147, Time : 27.006 s
Timestep : 779550, score : -1942.02650078226, Time : 27.002 s
Timestep : 788309, score : -1874.8733498517831, Time : 27.003 s
Timestep : 797068, score : -2051.518388401513, Time : 26.999 s
Timestep : 805827, score : -1891.9713095716725, Time : 27.0 s
Timestep : 814586, score : -2161.450086610188, Time : 27.012 s
Timestep : 823345, score : -2239.7452808481466, Time : 26.998 s
Timestep : 832104, score : -2182.4614980651822, Time : 27.007 s
Timestep : 840863, score : -2524.6063721257087, Time : 27.059 s
Timestep : 849622, score : -2158.4037184525805, Time : 27.041 s
Timestep : 858381, score : -2562.715647431818, Time : 27.207 s
Timestep : 867140, score : -2214.550984284637, Time : 27.154 s
Timestep : 875899, score : -2435.224664600246, Time : 27.186 s
Starting local evaluation
Num Steps: 1000, Num episodes: 0
Num Steps: 2000, Num episodes: 0
Num Steps: 3000, Num episodes: 0
Num Steps: 4000, Num episodes: 0
Num Steps: 5000, Num episodes: 0
Num Steps: 6000, Num episodes: 0
Num Steps: 7000, Num episodes: 0
Num Steps: 8000, Num episodes: 0
Episode complete: 1 | Latest episode metrics: {'price_cost': 0.8643293491443708, 'emmision_cost': 0.9494506823185684}
[-0.11330788] -0.11330787854233138
Average Price Cost: 0.8643293491443708
Average Emmision Cost: 0.9494506823185684
Average of both costs: 0.9068900157314697
Total time taken by agent: 2.5093492651358247s
DONE!
