{'agent': 'DQN', 'action_selection': 'egreedy', 'seed': 10, 'episodes': 100, 'data_path': 'data/citylearn_challenge_2022_phase_1', 'dry_run': False, 'n_discrete': 9, 'update_target': 16, 'lr': 7e-05, 'batch_size': 4, 'adam_epsilon': 1e-08, 'epsilon_final': 0.02, 'run_id': 20}
{'Notes': 'This is a tuning run, executed on a single building.',
 'action_selection': 'egreedy',
 'adam_epsilon': 1e-08,
 'env': '<NormalizeObservation<OneHotHour<DiscreteSingle<CityLearnEnv '
        'instance>>>>',
 'final_exploration_rate': 0.02,
 'final_exploration_step': 1000,
 'gamma': 0.99,
 'initial_exploration_rate': 1,
 'learning_rate': 7e-05,
 'loss': 'mse',
 'minibatch_size': 4,
 'network': 'MLP(\n'
            '  (layers): Sequential(\n'
            '    (0): Linear(in_features=29, out_features=128, bias=True)\n'
            '    (1): ReLU()\n'
            '    (2): Linear(in_features=128, out_features=128, bias=True)\n'
            '    (3): ReLU()\n'
            '    (4): Linear(in_features=128, out_features=9, bias=True)\n'
            '  )\n'
            ')',
 'replay_buffer_size': 10000,
 'replay_start_size': 4,
 'seed': 10,
 'train_steps': 876000,
 'update_frequency': 1,
 'update_target_frequency': 16,
 'weight_scale': 1.4142135623730951}
Timestep : 8758, score : -5810.415760901204, Time : 21.791 s
Timestep : 17517, score : -5271.043264742155, Time : 21.45 s
Timestep : 26276, score : -4700.396906054491, Time : 21.42 s
Timestep : 35035, score : -4996.675506528656, Time : 21.413 s
Timestep : 43794, score : -5025.963384020521, Time : 21.515 s
Timestep : 52553, score : -4809.2983597371785, Time : 21.076 s
Timestep : 61312, score : -4642.064986862504, Time : 21.242 s
Timestep : 70071, score : -4784.180164977355, Time : 21.425 s
Timestep : 78830, score : -4476.764639311543, Time : 21.391 s
Timestep : 87589, score : -4243.37052892326, Time : 21.425 s
Timestep : 96348, score : -3947.495113080746, Time : 21.228 s
Timestep : 105107, score : -3925.108640254388, Time : 21.464 s
Timestep : 113866, score : -4039.026763733389, Time : 21.443 s
Timestep : 122625, score : -3844.123132471839, Time : 21.471 s
Timestep : 131384, score : -3198.707675784972, Time : 21.19 s
Timestep : 140143, score : -2847.8306467441435, Time : 21.239 s
Timestep : 148902, score : -2626.1902210446133, Time : 21.37 s
Timestep : 157661, score : -2240.982144189911, Time : 21.452 s
Timestep : 166420, score : -2839.789318318857, Time : 21.485 s
Timestep : 175179, score : -2357.590143146721, Time : 20.988 s
Timestep : 183938, score : -1855.7922277401958, Time : 21.235 s
Timestep : 192697, score : -2058.856378619821, Time : 21.392 s
Timestep : 201456, score : -1737.9211481740058, Time : 21.444 s
Timestep : 210215, score : -2265.276878276636, Time : 21.465 s
Timestep : 218974, score : -1591.696206291279, Time : 21.523 s
Timestep : 227733, score : -1872.8359875916067, Time : 21.455 s
Timestep : 236492, score : -1619.8497646267351, Time : 21.444 s
Timestep : 245251, score : -1727.9566671138455, Time : 21.423 s
Timestep : 254010, score : -1640.215526049753, Time : 21.421 s
Timestep : 262769, score : -1789.7357629360195, Time : 21.431 s
Timestep : 271528, score : -1047.1610427273263, Time : 21.472 s
Timestep : 280287, score : -1381.9360106592358, Time : 21.515 s
Timestep : 289046, score : -1054.754383607331, Time : 21.441 s
Timestep : 297805, score : -1558.7499122526788, Time : 21.431 s
Timestep : 306564, score : -1116.203436917538, Time : 21.451 s
Timestep : 315323, score : -1646.3390003597888, Time : 21.061 s
Timestep : 324082, score : -1235.3187513030425, Time : 21.222 s
Timestep : 332841, score : -1322.259098534967, Time : 21.603 s
Timestep : 341600, score : -1218.7882840275124, Time : 21.378 s
Timestep : 350359, score : -1695.4815525543236, Time : 21.544 s
Timestep : 359118, score : -1389.6094908162777, Time : 21.399 s
Timestep : 367877, score : -1553.6289387806028, Time : 21.451 s
Timestep : 376636, score : -1244.2279928438656, Time : 21.367 s
Timestep : 385395, score : -1200.9360680645623, Time : 21.071 s
Timestep : 394154, score : -1567.8972093584307, Time : 21.477 s
Timestep : 402913, score : -1035.327577862452, Time : 21.584 s
Timestep : 411672, score : -1104.4875627951988, Time : 21.469 s
Timestep : 420431, score : -1446.4079785542854, Time : 21.17 s
Timestep : 429190, score : -1244.976946096198, Time : 21.273 s
Timestep : 437949, score : -1281.2469695717155, Time : 21.362 s
Timestep : 446708, score : -1205.5563999485748, Time : 21.099 s
Timestep : 455467, score : -1492.3300688620948, Time : 20.959 s
Timestep : 464226, score : -1482.5573648789723, Time : 21.257 s
Timestep : 472985, score : -1179.1953489280131, Time : 21.421 s
Timestep : 481744, score : -1042.220975847711, Time : 21.415 s
Timestep : 490503, score : -1154.1607052251056, Time : 21.464 s
Timestep : 499262, score : -1409.1639207257685, Time : 21.241 s
Timestep : 508021, score : -1227.1687157600245, Time : 21.48 s
Timestep : 516780, score : -1275.2017264798342, Time : 21.491 s
Timestep : 525539, score : -1276.3835006167938, Time : 21.16 s
Timestep : 534298, score : -1240.201380019862, Time : 21.412 s
Timestep : 543057, score : -1236.4046204070328, Time : 21.431 s
Timestep : 551816, score : -1607.9638079579745, Time : 21.435 s
Timestep : 560575, score : -1484.284239588218, Time : 21.453 s
Timestep : 569334, score : -1541.2708724467375, Time : 21.537 s
Timestep : 578093, score : -1237.388698633833, Time : 21.509 s
Timestep : 586852, score : -1369.0832664947084, Time : 21.464 s
Timestep : 595611, score : -1625.5760407021298, Time : 21.457 s
Timestep : 604370, score : -1620.763372115005, Time : 21.456 s
Timestep : 613129, score : -1667.7707046349824, Time : 21.476 s
Timestep : 621888, score : -1348.2503542906197, Time : 21.154 s
Timestep : 630647, score : -1697.018518972167, Time : 20.938 s
Timestep : 639406, score : -1470.7362308403535, Time : 21.469 s
Timestep : 648165, score : -1589.1121222399233, Time : 21.459 s
Timestep : 656924, score : -1683.9496478645597, Time : 21.473 s
Timestep : 665683, score : -1124.9126835890638, Time : 21.485 s
Timestep : 674442, score : -1316.7056486620859, Time : 21.459 s
Timestep : 683201, score : -1220.1348825079913, Time : 21.47 s
Timestep : 691960, score : -1382.2792965821282, Time : 21.489 s
Timestep : 700719, score : -1836.1411621432344, Time : 21.451 s
Timestep : 709478, score : -1574.6306197943923, Time : 21.463 s
Timestep : 718237, score : -1362.5739181023382, Time : 21.458 s
Timestep : 726996, score : -1433.0851400597312, Time : 21.447 s
Timestep : 735755, score : -1596.5085141524032, Time : 21.46 s
Timestep : 744514, score : -1552.108863908361, Time : 21.492 s
Timestep : 753273, score : -1488.4635350772005, Time : 21.512 s
Timestep : 762032, score : -1250.7140173742373, Time : 21.478 s
Timestep : 770791, score : -1261.5357357060566, Time : 21.452 s
Timestep : 779550, score : -1324.4398409294226, Time : 21.479 s
Timestep : 788309, score : -1283.6945341985702, Time : 21.468 s
Timestep : 797068, score : -1443.035106967931, Time : 21.232 s
Timestep : 805827, score : -1176.6137817995914, Time : 21.212 s
Timestep : 814586, score : -1392.7931751301803, Time : 21.395 s
Timestep : 823345, score : -1060.2370862003008, Time : 21.423 s
Timestep : 832104, score : -1183.7360401610204, Time : 21.391 s
Timestep : 840863, score : -1275.4624383888731, Time : 21.401 s
Timestep : 849622, score : -1203.9044924588234, Time : 21.355 s
Timestep : 858381, score : -1173.5398362031265, Time : 21.395 s
Timestep : 867140, score : -1552.09689822761, Time : 21.336 s
Timestep : 875899, score : -1121.0381020304776, Time : 21.637 s
Starting local evaluation
Num Steps: 1000, Num episodes: 0
Num Steps: 2000, Num episodes: 0
Num Steps: 3000, Num episodes: 0
Num Steps: 4000, Num episodes: 0
Num Steps: 5000, Num episodes: 0
Num Steps: 6000, Num episodes: 0
Num Steps: 7000, Num episodes: 0
Num Steps: 8000, Num episodes: 0
Episode complete: 1 | Latest episode metrics: {'price_cost': 0.8140559114939672, 'emmision_cost': 0.9059162364867847}
[-0.05542348] -0.05542347808458166
Average Price Cost: 0.8140559114939672
Average Emmision Cost: 0.9059162364867847
Average of both costs: 0.859986073990376
Total time taken by agent: 2.556657633278519s
DONE!
