{'agent': 'DQN', 'action_selection': 'softmax', 'seed': 1, 'episodes': 100, 'data_path': 'data/citylearn_challenge_2022_phase_1', 'dry_run': False, 'n_discrete': 9, 'update_target': 32, 'lr': 7e-05, 'batch_size': 256, 'adam_epsilon': 0.0001, 'epsilon_final': 0.02, 'run_id': 3}
{'Notes': 'This is a tuning run, executed on a single building.',
 'action_selection': 'softmax',
 'adam_epsilon': 0.0001,
 'env': '<NormalizeObservation<OneHotHour<DiscreteSingle<CityLearnEnv '
        'instance>>>>',
 'final_exploration_rate': 0.02,
 'final_exploration_step': 1000,
 'gamma': 0.99,
 'initial_exploration_rate': 1,
 'learning_rate': 7e-05,
 'loss': 'mse',
 'minibatch_size': 256,
 'network': 'MLP(\n'
            '  (layers): Sequential(\n'
            '    (0): Linear(in_features=29, out_features=128, bias=True)\n'
            '    (1): ReLU()\n'
            '    (2): Linear(in_features=128, out_features=128, bias=True)\n'
            '    (3): ReLU()\n'
            '    (4): Linear(in_features=128, out_features=9, bias=True)\n'
            '  )\n'
            ')',
 'replay_buffer_size': 10000,
 'replay_start_size': 256,
 'seed': 1,
 'train_steps': 876000,
 'update_frequency': 1,
 'update_target_frequency': 32,
 'weight_scale': 1.4142135623730951}
Timestep : 8758, score : -5021.406245959253, Time : 27.309 s
Timestep : 17517, score : -3339.060659396957, Time : 28.148 s
Timestep : 26276, score : -3177.717229991991, Time : 28.356 s
Timestep : 35035, score : -3048.5651771111006, Time : 28.796 s
Timestep : 43794, score : -2617.773211271764, Time : 27.943 s
Timestep : 52553, score : -2318.49706940577, Time : 28.553 s
Timestep : 61312, score : -2536.2642620442493, Time : 28.054 s
Timestep : 70071, score : -2608.8992592078393, Time : 29.127 s
Timestep : 78830, score : -2105.4946608324826, Time : 27.763 s
Timestep : 87589, score : -1995.6746836739621, Time : 27.631 s
Timestep : 96348, score : -2255.845983643718, Time : 28.834 s
Timestep : 105107, score : -2065.7533500318023, Time : 28.516 s
Timestep : 113866, score : -1864.9617946050857, Time : 28.903 s
Timestep : 122625, score : -2089.860331461954, Time : 28.479 s
Timestep : 131384, score : -2188.896379574755, Time : 29.174 s
Timestep : 140143, score : -2344.5361253397423, Time : 28.366 s
Timestep : 148902, score : -1846.0751980110217, Time : 28.402 s
Timestep : 157661, score : -1729.6791573580413, Time : 28.615 s
Timestep : 166420, score : -1917.563116787147, Time : 28.945 s
Timestep : 175179, score : -2053.210802285117, Time : 28.98 s
Timestep : 183938, score : -1725.0906687744719, Time : 28.159 s
Timestep : 192697, score : -1701.1939378024108, Time : 28.737 s
Timestep : 201456, score : -1658.4487854526378, Time : 28.921 s
Timestep : 210215, score : -1613.3107182665553, Time : 28.91 s
Timestep : 218974, score : -1814.7417621434724, Time : 28.445 s
Timestep : 227733, score : -1800.0633494968351, Time : 28.198 s
Timestep : 236492, score : -1598.4397892235575, Time : 29.029 s
Timestep : 245251, score : -1479.2181843982107, Time : 28.816 s
Timestep : 254010, score : -1342.4848927920248, Time : 28.914 s
Timestep : 262769, score : -1797.6023017566476, Time : 28.351 s
Timestep : 271528, score : -1522.1970594731683, Time : 28.443 s
Timestep : 280287, score : -1618.5389325423457, Time : 29.108 s
Timestep : 289046, score : -1389.4080722857325, Time : 28.822 s
Timestep : 297805, score : -1645.8222709710535, Time : 28.61 s
Timestep : 306564, score : -1385.397157136962, Time : 28.209 s
Timestep : 315323, score : -1392.381673930533, Time : 29.074 s
Timestep : 324082, score : -1378.2931882919802, Time : 28.815 s
Timestep : 332841, score : -1464.0129312945355, Time : 28.694 s
Timestep : 341600, score : -1318.1442668632662, Time : 28.451 s
Timestep : 350359, score : -1451.336569394247, Time : 28.432 s
Timestep : 359118, score : -1621.4758169738634, Time : 29.259 s
Timestep : 367877, score : -1492.4800891087216, Time : 28.608 s
Timestep : 376636, score : -1444.1181361532945, Time : 28.688 s
Timestep : 385395, score : -1267.5770000600314, Time : 28.219 s
Timestep : 394154, score : -1419.0034222592658, Time : 28.962 s
Timestep : 402913, score : -1225.1110921141517, Time : 28.989 s
Timestep : 411672, score : -1505.3466278089036, Time : 28.618 s
Timestep : 420431, score : -1448.9161523090734, Time : 28.453 s
Timestep : 429190, score : -1130.9575084676326, Time : 28.422 s
Timestep : 437949, score : -1373.4485317110375, Time : 29.277 s
Timestep : 446708, score : -1456.3287303122052, Time : 28.434 s
Timestep : 455467, score : -1337.7605366030184, Time : 28.503 s
Timestep : 464226, score : -1297.9301717542694, Time : 27.587 s
Timestep : 472985, score : -1299.3528693440894, Time : 28.407 s
Timestep : 481744, score : -1505.383689714392, Time : 28.342 s
Timestep : 490503, score : -1490.3735244548006, Time : 26.92 s
Timestep : 499262, score : -1442.6142935280513, Time : 26.939 s
Timestep : 508021, score : -1260.8604166617151, Time : 27.102 s
Timestep : 516780, score : -1281.295916246163, Time : 27.553 s
Timestep : 525539, score : -1326.5049336393422, Time : 27.13 s
Timestep : 534298, score : -1425.2524177553423, Time : 26.968 s
Timestep : 543057, score : -1228.9608136514726, Time : 26.952 s
Timestep : 551816, score : -1476.1088553517184, Time : 27.405 s
Timestep : 560575, score : -1390.5276672260661, Time : 27.39 s
Timestep : 569334, score : -1392.8436031970487, Time : 26.915 s
Timestep : 578093, score : -1348.8404027382203, Time : 26.877 s
Timestep : 586852, score : -1471.37961674275, Time : 27.26 s
Timestep : 595611, score : -1438.7687453578983, Time : 28.147 s
Timestep : 604370, score : -1282.3174498420267, Time : 27.52 s
Timestep : 613129, score : -1346.8298099973763, Time : 27.34 s
Timestep : 621888, score : -1215.3340786421031, Time : 26.742 s
Timestep : 630647, score : -1304.5983279974025, Time : 27.109 s
Timestep : 639406, score : -1220.7231439702737, Time : 27.082 s
Timestep : 648165, score : -1116.0374387080956, Time : 26.57 s
Timestep : 656924, score : -1143.2459940984845, Time : 26.556 s
Timestep : 665683, score : -1100.3884131529194, Time : 27.406 s
Timestep : 674442, score : -1258.2970492710883, Time : 28.385 s
Timestep : 683201, score : -1225.0116640659107, Time : 28.523 s
Timestep : 691960, score : -1224.5329199519765, Time : 28.283 s
Timestep : 700719, score : -1422.2062461710593, Time : 28.37 s
Timestep : 709478, score : -1246.420705859462, Time : 28.633 s
Timestep : 718237, score : -1294.4516806999745, Time : 28.393 s
Timestep : 726996, score : -1408.5997102057154, Time : 27.709 s
Timestep : 735755, score : -1285.869043357001, Time : 27.419 s
Timestep : 744514, score : -1142.8322510323778, Time : 27.888 s
Timestep : 753273, score : -1230.3796743538987, Time : 28.341 s
Timestep : 762032, score : -1118.5252322519955, Time : 27.601 s
Timestep : 770791, score : -1093.0352139155439, Time : 27.567 s
Timestep : 779550, score : -1154.2050038094458, Time : 27.535 s
Timestep : 788309, score : -1106.9781197984703, Time : 28.196 s
Timestep : 797068, score : -1132.7238034963666, Time : 28.418 s
Timestep : 805827, score : -1158.9371641188918, Time : 28.018 s
Timestep : 814586, score : -1196.8484777743288, Time : 28.069 s
Timestep : 823345, score : -1156.0732187914546, Time : 28.395 s
Timestep : 832104, score : -1038.041283051396, Time : 28.721 s
Timestep : 840863, score : -1052.2572728363157, Time : 28.036 s
Timestep : 849622, score : -1167.577146782336, Time : 27.99 s
Timestep : 858381, score : -1139.8916310195636, Time : 27.594 s
Timestep : 867140, score : -1137.5719993899402, Time : 28.2 s
Timestep : 875899, score : -1144.5105351442617, Time : 28.184 s
Starting local evaluation
Num Steps: 1000, Num episodes: 0
Num Steps: 2000, Num episodes: 0
Num Steps: 3000, Num episodes: 0
Num Steps: 4000, Num episodes: 0
Num Steps: 5000, Num episodes: 0
Num Steps: 6000, Num episodes: 0
Num Steps: 7000, Num episodes: 0
Num Steps: 8000, Num episodes: 0
Episode complete: 1 | Latest episode metrics: {'price_cost': 0.814331725581943, 'emmision_cost': 0.9033545717072512}
[-0.05409022] -0.05409021573006616
Average Price Cost: 0.814331725581943
Average Emmision Cost: 0.9033545717072512
Average of both costs: 0.8588431486445971
Total time taken by agent: 3.4981814331840724s
DONE!
