{'agent': 'DQN', 'action_selection': 'softmax', 'seed': 1, 'episodes': 100, 'data_path': 'data/citylearn_challenge_2022_phase_1', 'dry_run': False, 'n_discrete': 9, 'update_target': 8, 'lr': 0.1, 'batch_size': 1, 'adam_epsilon': 1e-08, 'epsilon_final': 0.02, 'run_id': 86}
{'Notes': 'This is a tuning run, executed on a single building.',
 'action_selection': 'softmax',
 'adam_epsilon': 1e-08,
 'env': '<NormalizeObservation<OneHotHour<DiscreteSingle<CityLearnEnv '
        'instance>>>>',
 'final_exploration_rate': 0.02,
 'final_exploration_step': 1000,
 'gamma': 0.99,
 'initial_exploration_rate': 1,
 'learning_rate': 0.1,
 'loss': 'mse',
 'minibatch_size': 1,
 'network': 'MLP(\n'
            '  (layers): Sequential(\n'
            '    (0): Linear(in_features=29, out_features=128, bias=True)\n'
            '    (1): ReLU()\n'
            '    (2): Linear(in_features=128, out_features=128, bias=True)\n'
            '    (3): ReLU()\n'
            '    (4): Linear(in_features=128, out_features=9, bias=True)\n'
            '  )\n'
            ')',
 'replay_buffer_size': 10000,
 'replay_start_size': 1,
 'seed': 1,
 'train_steps': 876000,
 'update_frequency': 1,
 'update_target_frequency': 8,
 'weight_scale': 1.4142135623730951}
Timestep : 8758, score : -5055.046788492153, Time : 22.264 s
Timestep : 17517, score : -4880.993714100594, Time : 22.164 s
Timestep : 26276, score : -5048.017495926382, Time : 21.983 s
Timestep : 35035, score : -5153.865864519292, Time : 22.652 s
Timestep : 43794, score : -4676.456271375791, Time : 22.908 s
Timestep : 52553, score : -4984.926187902136, Time : 22.406 s
Timestep : 61312, score : -4792.559145907086, Time : 22.043 s
Timestep : 70071, score : -4925.276483086316, Time : 22.309 s
Timestep : 78830, score : -4698.062523255619, Time : 22.307 s
Timestep : 87589, score : -4054.199593817262, Time : 22.786 s
Timestep : 96348, score : -4059.767936234741, Time : 22.605 s
Timestep : 105107, score : -9530.560131483508, Time : 22.116 s
Timestep : 113866, score : -4290.332359701817, Time : 22.018 s
Timestep : 122625, score : -4034.849580725102, Time : 22.059 s
Timestep : 131384, score : -4030.212545355229, Time : 21.82 s
Timestep : 140143, score : -4079.3108928030415, Time : 22.003 s
Timestep : 148902, score : -4049.3331277867837, Time : 22.55 s
Timestep : 157661, score : -4030.212545355229, Time : 22.211 s
Timestep : 166420, score : -4030.212545355229, Time : 21.83 s
Timestep : 175179, score : -4030.212545355229, Time : 22.598 s
Timestep : 183938, score : -4030.212545355229, Time : 22.468 s
Timestep : 192697, score : -4030.212545355229, Time : 22.359 s
Timestep : 201456, score : -4040.576450308232, Time : 22.456 s
Timestep : 210215, score : -4030.212545355229, Time : 22.193 s
Timestep : 218974, score : -4030.212545355229, Time : 22.746 s
Timestep : 227733, score : -4032.882143040566, Time : 22.252 s
Timestep : 236492, score : -4068.82806142178, Time : 22.135 s
Timestep : 245251, score : -4030.212545355229, Time : 21.941 s
Timestep : 254010, score : -4030.212545355229, Time : 22.083 s
Timestep : 262769, score : -4030.212545355229, Time : 22.071 s
Timestep : 271528, score : -4030.212545355229, Time : 21.828 s
Timestep : 280287, score : -4044.097760160832, Time : 21.944 s
Timestep : 289046, score : -4063.474604656367, Time : 22.105 s
Timestep : 297805, score : -4052.937438150315, Time : 22.107 s
Timestep : 306564, score : -4118.00550295916, Time : 21.845 s
Timestep : 315323, score : -4030.212545355229, Time : 21.894 s
Timestep : 324082, score : -4184.616629411845, Time : 22.084 s
Timestep : 332841, score : -4030.212545355229, Time : 22.083 s
Timestep : 341600, score : -4030.212545355229, Time : 21.857 s
Timestep : 350359, score : -4030.212545355229, Time : 21.898 s
Timestep : 359118, score : -4030.212545355229, Time : 22.077 s
Timestep : 367877, score : -4030.212545355229, Time : 22.058 s
Timestep : 376636, score : -4030.212545355229, Time : 22.655 s
Timestep : 385395, score : -4030.212545355229, Time : 22.579 s
Timestep : 394154, score : -4030.212545355229, Time : 22.074 s
Timestep : 402913, score : -4030.212545355229, Time : 22.254 s
Timestep : 411672, score : -4030.212545355229, Time : 22.672 s
Timestep : 420431, score : -4043.8625412186666, Time : 22.663 s
Timestep : 429190, score : -4030.212545355229, Time : 22.823 s
Timestep : 437949, score : -4030.212545355229, Time : 22.818 s
Timestep : 446708, score : -4030.212545355229, Time : 22.514 s
Timestep : 455467, score : -4030.212545355229, Time : 21.841 s
Timestep : 464226, score : -4030.212545355229, Time : 22.048 s
Timestep : 472985, score : -4030.212545355229, Time : 22.453 s
Timestep : 481744, score : -4030.212545355229, Time : 22.507 s
Timestep : 490503, score : -4030.212545355229, Time : 22.483 s
Timestep : 499262, score : -4030.212545355229, Time : 22.702 s
Timestep : 508021, score : -4030.212545355229, Time : 22.682 s
Timestep : 516780, score : -4030.212545355229, Time : 22.026 s
Timestep : 525539, score : -4030.212545355229, Time : 21.843 s
Timestep : 534298, score : -4030.212545355229, Time : 22.628 s
Timestep : 543057, score : -4030.212545355229, Time : 22.076 s
Timestep : 551816, score : -4030.212545355229, Time : 21.84 s
Timestep : 560575, score : -4030.212545355229, Time : 22.027 s
Timestep : 569334, score : -4030.212545355229, Time : 22.259 s
Timestep : 578093, score : -4030.212545355229, Time : 22.671 s
Timestep : 586852, score : -4030.212545355229, Time : 22.516 s
Timestep : 595611, score : -4030.212545355229, Time : 22.058 s
Timestep : 604370, score : -4030.212545355229, Time : 22.055 s
Timestep : 613129, score : -4030.212545355229, Time : 22.09 s
Timestep : 621888, score : -4030.212545355229, Time : 21.922 s
Timestep : 630647, score : -4030.212545355229, Time : 21.804 s
Timestep : 639406, score : -4030.212545355229, Time : 22.065 s
Timestep : 648165, score : -4030.212545355229, Time : 22.085 s
Timestep : 656924, score : -4030.212545355229, Time : 21.979 s
Timestep : 665683, score : -4030.212545355229, Time : 21.859 s
Timestep : 674442, score : -4030.212545355229, Time : 22.008 s
Timestep : 683201, score : -4030.212545355229, Time : 22.085 s
Timestep : 691960, score : -4030.212545355229, Time : 21.997 s
Timestep : 700719, score : -4030.212545355229, Time : 22.079 s
Timestep : 709478, score : -4030.212545355229, Time : 22.658 s
Timestep : 718237, score : -4030.212545355229, Time : 22.655 s
Timestep : 726996, score : -4030.212545355229, Time : 22.208 s
Timestep : 735755, score : -4030.212545355229, Time : 21.913 s
Timestep : 744514, score : -4030.212545355229, Time : 22.081 s
Timestep : 753273, score : -4030.212545355229, Time : 22.176 s
Timestep : 762032, score : -4030.212545355229, Time : 22.1 s
Timestep : 770791, score : -4030.212545355229, Time : 21.927 s
Timestep : 779550, score : -4030.212545355229, Time : 22.099 s
Timestep : 788309, score : -4030.212545355229, Time : 22.099 s
Timestep : 797068, score : -4030.212545355229, Time : 22.049 s
Timestep : 805827, score : -4030.212545355229, Time : 21.869 s
Timestep : 814586, score : -4030.212545355229, Time : 22.04 s
Timestep : 823345, score : -4030.212545355229, Time : 22.187 s
Timestep : 832104, score : -4030.212545355229, Time : 22.186 s
Timestep : 840863, score : -4030.212545355229, Time : 21.931 s
Timestep : 849622, score : -4030.212545355229, Time : 22.553 s
Timestep : 858381, score : -4030.212545355229, Time : 22.169 s
Timestep : 867140, score : -4030.212545355229, Time : 22.158 s
Timestep : 875899, score : -4030.212545355229, Time : 21.949 s
Starting local evaluation
Num Steps: 1000, Num episodes: 0
Num Steps: 2000, Num episodes: 0
Num Steps: 3000, Num episodes: 0
Num Steps: 4000, Num episodes: 0
Num Steps: 5000, Num episodes: 0
Num Steps: 6000, Num episodes: 0
Num Steps: 7000, Num episodes: 0
Num Steps: 8000, Num episodes: 0
Episode complete: 1 | Latest episode metrics: {'price_cost': 1.0, 'emmision_cost': 1.0}
[-0.23006123] -0.23006122589809516
Average Price Cost: 1.0
Average Emmision Cost: 1.0
Average of both costs: 1.0
Total time taken by agent: 3.826165675185621s
DONE!
