{'agent': 'DQN', 'action_selection': 'softmax', 'seed': 1, 'episodes': 100, 'data_path': 'data/citylearn_challenge_2022_phase_1', 'dry_run': False, 'n_discrete': 9, 'update_target': 32, 'lr': 0.0001, 'batch_size': 256, 'adam_epsilon': 1e-05, 'epsilon_final': 0.02, 'run_id': 90}
{'Notes': 'This is a tuning run, executed on a single building.',
 'action_selection': 'softmax',
 'adam_epsilon': 1e-05,
 'env': '<NormalizeObservation<OneHotHour<DiscreteSingle<CityLearnEnv '
        'instance>>>>',
 'final_exploration_rate': 0.02,
 'final_exploration_step': 1000,
 'gamma': 0.99,
 'initial_exploration_rate': 1,
 'learning_rate': 0.0001,
 'loss': 'mse',
 'minibatch_size': 256,
 'network': 'MLP(\n'
            '  (layers): Sequential(\n'
            '    (0): Linear(in_features=29, out_features=128, bias=True)\n'
            '    (1): ReLU()\n'
            '    (2): Linear(in_features=128, out_features=128, bias=True)\n'
            '    (3): ReLU()\n'
            '    (4): Linear(in_features=128, out_features=9, bias=True)\n'
            '  )\n'
            ')',
 'replay_buffer_size': 10000,
 'replay_start_size': 256,
 'seed': 1,
 'train_steps': 876000,
 'update_frequency': 1,
 'update_target_frequency': 32,
 'weight_scale': 1.4142135623730951}
Timestep : 8758, score : -4873.077787248796, Time : 27.73 s
Timestep : 17517, score : -3323.0072616810503, Time : 30.885 s
Timestep : 26276, score : -3004.182503160351, Time : 30.735 s
Timestep : 35035, score : -2896.4257291807153, Time : 30.712 s
Timestep : 43794, score : -2452.64584767216, Time : 30.723 s
Timestep : 52553, score : -2859.9861153993115, Time : 30.698 s
Timestep : 61312, score : -2803.293970988976, Time : 30.679 s
Timestep : 70071, score : -2130.1928023367946, Time : 30.763 s
Timestep : 78830, score : -2012.8712070959446, Time : 30.685 s
Timestep : 87589, score : -2141.848709010781, Time : 30.724 s
Timestep : 96348, score : -2275.9242771936406, Time : 30.701 s
Timestep : 105107, score : -2209.296318982524, Time : 30.773 s
Timestep : 113866, score : -1766.539231790026, Time : 30.692 s
Timestep : 122625, score : -1858.2094183825247, Time : 30.69 s
Timestep : 131384, score : -1856.8487004968629, Time : 30.663 s
Timestep : 140143, score : -2098.151090710846, Time : 30.786 s
Timestep : 148902, score : -1789.5444729167793, Time : 30.784 s
Timestep : 157661, score : -1517.2027062916022, Time : 30.798 s
Timestep : 166420, score : -1669.588841475459, Time : 30.784 s
Timestep : 175179, score : -1874.0371842369495, Time : 30.719 s
Timestep : 183938, score : -1572.9682773700042, Time : 30.769 s
Timestep : 192697, score : -1605.1083930183959, Time : 30.74 s
Timestep : 201456, score : -1561.1531083516602, Time : 30.717 s
Timestep : 210215, score : -1755.9430661939841, Time : 30.714 s
Timestep : 218974, score : -1555.1977033259172, Time : 30.779 s
Timestep : 227733, score : -1528.2000310186122, Time : 30.732 s
Timestep : 236492, score : -1548.267018621118, Time : 30.731 s
Timestep : 245251, score : -1476.2261932450638, Time : 30.721 s
Timestep : 254010, score : -1513.7779975740996, Time : 30.767 s
Timestep : 262769, score : -1616.714246728021, Time : 30.779 s
Timestep : 271528, score : -1385.2161339305167, Time : 30.714 s
Timestep : 280287, score : -1317.7799875468772, Time : 30.698 s
Timestep : 289046, score : -1462.7863048503932, Time : 30.633 s
Timestep : 297805, score : -1288.4083495058876, Time : 31.233 s
Timestep : 306564, score : -1300.15737668777, Time : 30.333 s
Timestep : 315323, score : -1372.952950081817, Time : 29.135 s
Timestep : 324082, score : -1367.814544297551, Time : 29.703 s
Timestep : 332841, score : -1395.879460869619, Time : 29.204 s
Timestep : 341600, score : -1304.0085501445283, Time : 29.23 s
Timestep : 350359, score : -1349.0386427038175, Time : 30.416 s
Timestep : 359118, score : -1196.0282299367536, Time : 30.648 s
Timestep : 367877, score : -1107.1200168209907, Time : 30.598 s
Timestep : 376636, score : -1174.44105063405, Time : 30.478 s
Timestep : 385395, score : -1143.7140062584367, Time : 29.249 s
Timestep : 394154, score : -1279.8366173298855, Time : 29.205 s
Timestep : 402913, score : -1283.8931859846052, Time : 29.258 s
Timestep : 411672, score : -1305.9936999113124, Time : 29.442 s
Timestep : 420431, score : -1191.0433197755192, Time : 31.211 s
Timestep : 429190, score : -1145.5757504690264, Time : 31.161 s
Timestep : 437949, score : -978.6209951702331, Time : 31.137 s
Timestep : 446708, score : -1092.7213878117327, Time : 30.138 s
Timestep : 455467, score : -1046.2607552190602, Time : 29.279 s
Timestep : 464226, score : -1063.5307987605047, Time : 29.692 s
Timestep : 472985, score : -1134.3656898148183, Time : 29.721 s
Timestep : 481744, score : -1104.810330571403, Time : 29.513 s
Timestep : 490503, score : -1035.4177877356124, Time : 29.209 s
Timestep : 499262, score : -1051.382908876316, Time : 30.586 s
Timestep : 508021, score : -1093.5086017044086, Time : 29.191 s
Timestep : 516780, score : -1186.4745536383998, Time : 29.139 s
Timestep : 525539, score : -989.9643504948181, Time : 30.627 s
Timestep : 534298, score : -1005.7349701583444, Time : 29.964 s
Timestep : 543057, score : -977.0495450266462, Time : 30.675 s
Timestep : 551816, score : -994.7286291721102, Time : 30.609 s
Timestep : 560575, score : -1110.7926186404948, Time : 30.66 s
Timestep : 569334, score : -1133.1896454410453, Time : 30.632 s
Timestep : 578093, score : -1008.8081213469923, Time : 30.641 s
Timestep : 586852, score : -1011.9295534275298, Time : 30.621 s
Timestep : 595611, score : -1066.030033385643, Time : 29.563 s
Timestep : 604370, score : -1006.0648140653793, Time : 30.49 s
Timestep : 613129, score : -1095.550338058063, Time : 30.629 s
Timestep : 621888, score : -1009.4399127958168, Time : 30.669 s
Timestep : 630647, score : -1025.0878858149808, Time : 30.608 s
Timestep : 639406, score : -907.4234633760352, Time : 30.632 s
Timestep : 648165, score : -855.3885600164358, Time : 30.51 s
Timestep : 656924, score : -917.0202687525016, Time : 29.992 s
Timestep : 665683, score : -1022.4863721712318, Time : 29.675 s
Timestep : 674442, score : -954.5618616307911, Time : 30.612 s
Timestep : 683201, score : -978.0288182210934, Time : 30.64 s
Timestep : 691960, score : -990.1997821138066, Time : 30.713 s
Timestep : 700719, score : -978.6766829106782, Time : 30.932 s
Timestep : 709478, score : -966.1878870011133, Time : 30.821 s
Timestep : 718237, score : -1108.4764029931102, Time : 29.278 s
Timestep : 726996, score : -981.624245004059, Time : 28.892 s
Timestep : 735755, score : -898.9443712325592, Time : 30.166 s
Timestep : 744514, score : -1059.4786433049303, Time : 28.862 s
Timestep : 753273, score : -965.3568258888845, Time : 28.751 s
Timestep : 762032, score : -1004.4035099915054, Time : 28.924 s
Timestep : 770791, score : -1084.1502873378631, Time : 28.782 s
Timestep : 779550, score : -1125.6105959725392, Time : 30.273 s
Timestep : 788309, score : -1104.542981402279, Time : 30.699 s
Timestep : 797068, score : -1033.2028523662884, Time : 30.785 s
Timestep : 805827, score : -1035.315508573578, Time : 30.714 s
Timestep : 814586, score : -967.09784105586, Time : 30.634 s
Timestep : 823345, score : -1016.2878918184724, Time : 29.845 s
Timestep : 832104, score : -937.1242907790293, Time : 29.052 s
Timestep : 840863, score : -1013.3637275428337, Time : 29.954 s
Timestep : 849622, score : -911.0901841132727, Time : 30.705 s
Timestep : 858381, score : -1065.201730723289, Time : 30.091 s
Timestep : 867140, score : -1068.4119710710656, Time : 30.57 s
Timestep : 875899, score : -1039.891327346937, Time : 30.712 s
Starting local evaluation
Num Steps: 1000, Num episodes: 0
Num Steps: 2000, Num episodes: 0
Num Steps: 3000, Num episodes: 0
Num Steps: 4000, Num episodes: 0
Num Steps: 5000, Num episodes: 0
Num Steps: 6000, Num episodes: 0
Num Steps: 7000, Num episodes: 0
Num Steps: 8000, Num episodes: 0
Episode complete: 1 | Latest episode metrics: {'price_cost': 0.8264107072341726, 'emmision_cost': 0.9026114908614011}
[-0.061394] -0.061393998723437405
Average Price Cost: 0.8264107072341726
Average Emmision Cost: 0.9026114908614011
Average of both costs: 0.8645110990477869
Total time taken by agent: 3.896220781840384s
DONE!
