{'agent': 'DQN', 'action_selection': 'softmax', 'seed': 1, 'episodes': 100, 'data_path': 'data/citylearn_challenge_2022_phase_1', 'dry_run': False, 'n_discrete': 9, 'update_target': 8, 'lr': 0.0003, 'batch_size': 8, 'adam_epsilon': 0.0001, 'epsilon_final': 0.02, 'run_id': 172}
{'Notes': 'This is a tuning run, executed on a single building.',
 'action_selection': 'softmax',
 'adam_epsilon': 0.0001,
 'env': '<NormalizeObservation<OneHotHour<DiscreteSingle<CityLearnEnv '
        'instance>>>>',
 'final_exploration_rate': 0.02,
 'final_exploration_step': 1000,
 'gamma': 0.99,
 'initial_exploration_rate': 1,
 'learning_rate': 0.0003,
 'loss': 'mse',
 'minibatch_size': 8,
 'network': 'MLP(\n'
            '  (layers): Sequential(\n'
            '    (0): Linear(in_features=29, out_features=128, bias=True)\n'
            '    (1): ReLU()\n'
            '    (2): Linear(in_features=128, out_features=128, bias=True)\n'
            '    (3): ReLU()\n'
            '    (4): Linear(in_features=128, out_features=9, bias=True)\n'
            '  )\n'
            ')',
 'replay_buffer_size': 10000,
 'replay_start_size': 8,
 'seed': 1,
 'train_steps': 876000,
 'update_frequency': 1,
 'update_target_frequency': 8,
 'weight_scale': 1.4142135623730951}
Timestep : 8758, score : -4909.503820952872, Time : 22.722 s
Timestep : 17517, score : -3986.3909350887698, Time : 22.667 s
Timestep : 26276, score : -4018.4679234340147, Time : 22.692 s
Timestep : 35035, score : -3783.870725677145, Time : 22.659 s
Timestep : 43794, score : -3481.781553495064, Time : 22.715 s
Timestep : 52553, score : -2955.5266938464774, Time : 22.731 s
Timestep : 61312, score : -3224.757474548678, Time : 22.728 s
Timestep : 70071, score : -2827.5581842822867, Time : 22.776 s
Timestep : 78830, score : -2978.6791467498115, Time : 22.745 s
Timestep : 87589, score : -2379.1541755791113, Time : 22.781 s
Timestep : 96348, score : -2682.95595076881, Time : 22.831 s
Timestep : 105107, score : -2649.4997522881313, Time : 22.828 s
Timestep : 113866, score : -3107.7038208667946, Time : 22.853 s
Timestep : 122625, score : -2567.4939357253315, Time : 22.825 s
Timestep : 131384, score : -2545.3970018172695, Time : 22.837 s
Timestep : 140143, score : -2620.032536693878, Time : 22.821 s
Timestep : 148902, score : -2245.5583768481447, Time : 22.805 s
Timestep : 157661, score : -2285.688618770946, Time : 22.827 s
Timestep : 166420, score : -2405.631110620132, Time : 22.822 s
Timestep : 175179, score : -2249.0991775256407, Time : 22.831 s
Timestep : 183938, score : -2668.326089807233, Time : 22.855 s
Timestep : 192697, score : -2277.7161783722404, Time : 22.86 s
Timestep : 201456, score : -2051.669588592107, Time : 22.875 s
Timestep : 210215, score : -2450.6297970381856, Time : 22.888 s
Timestep : 218974, score : -2331.523785726429, Time : 22.867 s
Timestep : 227733, score : -2369.2827150088415, Time : 22.814 s
Timestep : 236492, score : -1977.8555764111516, Time : 22.865 s
Timestep : 245251, score : -1775.1990230576193, Time : 22.85 s
Timestep : 254010, score : -1831.3503658399277, Time : 22.656 s
Timestep : 262769, score : -2184.5418664292956, Time : 22.845 s
Timestep : 271528, score : -2014.3100505195616, Time : 22.913 s
Timestep : 280287, score : -2043.0221636491187, Time : 22.894 s
Timestep : 289046, score : -2351.4432572240767, Time : 22.85 s
Timestep : 297805, score : -2182.7816957641917, Time : 22.899 s
Timestep : 306564, score : -2074.919140881597, Time : 22.881 s
Timestep : 315323, score : -2068.930356898607, Time : 22.69 s
Timestep : 324082, score : -2039.0387718812854, Time : 22.555 s
Timestep : 332841, score : -1959.3833468037483, Time : 22.879 s
Timestep : 341600, score : -1724.54080258662, Time : 22.885 s
Timestep : 350359, score : -1726.784195905464, Time : 22.869 s
Timestep : 359118, score : -2014.7225224575523, Time : 22.875 s
Timestep : 367877, score : -1709.0384374906134, Time : 22.657 s
Timestep : 376636, score : -1682.6391545854567, Time : 22.748 s
Timestep : 385395, score : -1727.8638103844423, Time : 22.529 s
Timestep : 394154, score : -1594.0324172984983, Time : 22.365 s
Timestep : 402913, score : -1663.4574591316923, Time : 22.486 s
Timestep : 411672, score : -2020.2747281748161, Time : 22.886 s
Timestep : 420431, score : -1633.4037500411796, Time : 22.898 s
Timestep : 429190, score : -1890.9890171760926, Time : 22.811 s
Timestep : 437949, score : -1706.0147299355885, Time : 22.892 s
Timestep : 446708, score : -1797.3009002717008, Time : 22.892 s
Timestep : 455467, score : -2010.267561471468, Time : 22.888 s
Timestep : 464226, score : -1903.3650754526316, Time : 22.788 s
Timestep : 472985, score : -1761.3252205261088, Time : 22.339 s
Timestep : 481744, score : -1729.801682437217, Time : 22.348 s
Timestep : 490503, score : -1558.4750939855876, Time : 22.73 s
Timestep : 499262, score : -1413.2323827767104, Time : 22.83 s
Timestep : 508021, score : -1600.5890768071695, Time : 22.881 s
Timestep : 516780, score : -1671.786923699634, Time : 22.813 s
Timestep : 525539, score : -1798.9601683317742, Time : 22.37 s
Timestep : 534298, score : -1610.979578464321, Time : 22.604 s
Timestep : 543057, score : -1739.7206397697155, Time : 22.45 s
Timestep : 551816, score : -1881.6656062325164, Time : 22.839 s
Timestep : 560575, score : -1572.9421557255846, Time : 22.857 s
Timestep : 569334, score : -1515.3760194883507, Time : 22.876 s
Timestep : 578093, score : -1644.7376157094332, Time : 22.86 s
Timestep : 586852, score : -1622.6903209882148, Time : 22.844 s
Timestep : 595611, score : -1467.5816144440032, Time : 22.887 s
Timestep : 604370, score : -1541.0482344186457, Time : 23.389 s
Timestep : 613129, score : -1483.7938783240097, Time : 23.53 s
Timestep : 621888, score : -1523.4161552081641, Time : 22.901 s
Timestep : 630647, score : -1535.530549415329, Time : 22.812 s
Timestep : 639406, score : -1570.4370175910008, Time : 22.848 s
Timestep : 648165, score : -1854.4280239346263, Time : 22.79 s
Timestep : 656924, score : -1482.554232232069, Time : 22.838 s
Timestep : 665683, score : -1351.249088309618, Time : 22.865 s
Timestep : 674442, score : -1762.5662196812045, Time : 23.388 s
Timestep : 683201, score : -1683.1715527347114, Time : 23.067 s
Timestep : 691960, score : -1562.5579476191488, Time : 23.117 s
Timestep : 700719, score : -1680.9299416671565, Time : 23.254 s
Timestep : 709478, score : -1820.8623935131181, Time : 23.29 s
Timestep : 718237, score : -1571.0307853190461, Time : 22.95 s
Timestep : 726996, score : -1747.413436783274, Time : 23.09 s
Timestep : 735755, score : -1869.028751124948, Time : 23.127 s
Timestep : 744514, score : -1451.37605386207, Time : 23.191 s
Timestep : 753273, score : -1603.9266709771764, Time : 23.172 s
Timestep : 762032, score : -1416.1059885986906, Time : 23.525 s
Timestep : 770791, score : -1252.8149963970209, Time : 23.321 s
Timestep : 779550, score : -1730.9354958866315, Time : 22.994 s
Timestep : 788309, score : -1506.8864406819048, Time : 22.951 s
Timestep : 797068, score : -1582.2658689607924, Time : 23.408 s
Timestep : 805827, score : -1734.4401841148792, Time : 23.028 s
Timestep : 814586, score : -1669.331818973791, Time : 22.803 s
Timestep : 823345, score : -1392.2720723199018, Time : 22.878 s
Timestep : 832104, score : -1607.1413446369406, Time : 23.363 s
Timestep : 840863, score : -1525.122539570555, Time : 23.265 s
Timestep : 849622, score : -1657.7281857531343, Time : 23.216 s
Timestep : 858381, score : -1732.1966523437586, Time : 23.195 s
Timestep : 867140, score : -1393.3388680720527, Time : 23.46 s
Timestep : 875899, score : -1560.3328967504494, Time : 22.863 s
Starting local evaluation
Num Steps: 1000, Num episodes: 0
Num Steps: 2000, Num episodes: 0
Num Steps: 3000, Num episodes: 0
Num Steps: 4000, Num episodes: 0
Num Steps: 5000, Num episodes: 0
Num Steps: 6000, Num episodes: 0
Num Steps: 7000, Num episodes: 0
Num Steps: 8000, Num episodes: 0
Episode complete: 1 | Latest episode metrics: {'price_cost': 0.8356222626705657, 'emmision_cost': 0.929072569159576}
[-0.08289616] -0.08289616098497053
Average Price Cost: 0.8356222626705657
Average Emmision Cost: 0.929072569159576
Average of both costs: 0.8823474159150708
Total time taken by agent: 4.046638286672533s
DONE!
