{'agent': 'DQN', 'action_selection': 'egreedy', 'seed': 1, 'episodes': 100, 'data_path': 'data/citylearn_challenge_2022_phase_1', 'dry_run': False, 'n_discrete': 9, 'update_target': 16, 'lr': 1e-05, 'batch_size': 64, 'adam_epsilon': 0.001, 'epsilon_final': 0.02, 'run_id': 231}
{'Notes': 'This is a tuning run, executed on a single building.',
 'action_selection': 'egreedy',
 'adam_epsilon': 0.001,
 'env': '<NormalizeObservation<OneHotHour<DiscreteSingle<CityLearnEnv '
        'instance>>>>',
 'final_exploration_rate': 0.02,
 'final_exploration_step': 1000,
 'gamma': 0.99,
 'initial_exploration_rate': 1,
 'learning_rate': 1e-05,
 'loss': 'mse',
 'minibatch_size': 64,
 'network': 'MLP(\n'
            '  (layers): Sequential(\n'
            '    (0): Linear(in_features=29, out_features=128, bias=True)\n'
            '    (1): ReLU()\n'
            '    (2): Linear(in_features=128, out_features=128, bias=True)\n'
            '    (3): ReLU()\n'
            '    (4): Linear(in_features=128, out_features=9, bias=True)\n'
            '  )\n'
            ')',
 'replay_buffer_size': 10000,
 'replay_start_size': 64,
 'seed': 1,
 'train_steps': 876000,
 'update_frequency': 1,
 'update_target_frequency': 16,
 'weight_scale': 1.4142135623730951}
Timestep : 8758, score : -5971.466921880288, Time : 21.983 s
Timestep : 17517, score : -4715.390851556702, Time : 22.821 s
Timestep : 26276, score : -4809.002765357873, Time : 22.939 s
Timestep : 35035, score : -4579.522786689369, Time : 22.932 s
Timestep : 43794, score : -4141.155444683187, Time : 22.913 s
Timestep : 52553, score : -4475.836253423389, Time : 22.305 s
Timestep : 61312, score : -4282.729397434188, Time : 22.287 s
Timestep : 70071, score : -4229.458594226657, Time : 22.652 s
Timestep : 78830, score : -4307.046717821067, Time : 22.819 s
Timestep : 87589, score : -4071.494867329864, Time : 22.477 s
Timestep : 96348, score : -4154.504142102625, Time : 22.239 s
Timestep : 105107, score : -3792.13969586679, Time : 22.61 s
Timestep : 113866, score : -3088.863247759713, Time : 22.804 s
Timestep : 122625, score : -2360.912544445746, Time : 22.17 s
Timestep : 131384, score : -2388.270882395358, Time : 22.155 s
Timestep : 140143, score : -2287.914551604452, Time : 22.157 s
Timestep : 148902, score : -2063.94710636379, Time : 22.685 s
Timestep : 157661, score : -2576.565564096978, Time : 22.962 s
Timestep : 166420, score : -2843.755382716554, Time : 22.973 s
Timestep : 175179, score : -2998.7161697803094, Time : 22.97 s
Timestep : 183938, score : -2983.0811071463395, Time : 22.995 s
Timestep : 192697, score : -2807.7059188654493, Time : 22.959 s
Timestep : 201456, score : -3163.2254613601926, Time : 22.413 s
Timestep : 210215, score : -2524.6966642428015, Time : 22.763 s
Timestep : 218974, score : -2625.248404900478, Time : 22.847 s
Timestep : 227733, score : -3169.0079326312552, Time : 22.834 s
Timestep : 236492, score : -3287.716846719748, Time : 22.938 s
Timestep : 245251, score : -3088.792451719375, Time : 22.881 s
Timestep : 254010, score : -2715.7495811026456, Time : 22.966 s
Timestep : 262769, score : -3200.3482227757995, Time : 22.954 s
Timestep : 271528, score : -3069.1394922316103, Time : 22.968 s
Timestep : 280287, score : -3039.382678798036, Time : 22.977 s
Timestep : 289046, score : -2579.9690314256986, Time : 22.953 s
Timestep : 297805, score : -2947.2551930271875, Time : 22.945 s
Timestep : 306564, score : -2437.9046384324247, Time : 22.95 s
Timestep : 315323, score : -2736.84924429495, Time : 22.596 s
Timestep : 324082, score : -2164.9984096115077, Time : 22.339 s
Timestep : 332841, score : -2238.5890467102, Time : 22.661 s
Timestep : 341600, score : -2163.22617816618, Time : 22.949 s
Timestep : 350359, score : -2097.949207909155, Time : 22.949 s
Timestep : 359118, score : -2297.7488824125103, Time : 22.947 s
Timestep : 367877, score : -2057.747609617625, Time : 22.94 s
Timestep : 376636, score : -2346.2201593924146, Time : 22.953 s
Timestep : 385395, score : -1943.8577600160024, Time : 22.959 s
Timestep : 394154, score : -2034.806006346771, Time : 22.953 s
Timestep : 402913, score : -2121.145179849991, Time : 22.862 s
Timestep : 411672, score : -2120.1183501755077, Time : 22.365 s
Timestep : 420431, score : -2132.2501540884987, Time : 22.901 s
Timestep : 429190, score : -2026.8255866508698, Time : 22.906 s
Timestep : 437949, score : -1885.2600485044677, Time : 22.911 s
Timestep : 446708, score : -1930.3772424290446, Time : 22.901 s
Timestep : 455467, score : -1881.2073791420553, Time : 22.873 s
Timestep : 464226, score : -1978.6917211754371, Time : 22.876 s
Timestep : 472985, score : -1938.9134933270598, Time : 22.777 s
Timestep : 481744, score : -1848.4289671002261, Time : 22.695 s
Timestep : 490503, score : -1838.6108262173439, Time : 22.795 s
Timestep : 499262, score : -1881.350958291121, Time : 22.858 s
Timestep : 508021, score : -1968.4094861036428, Time : 22.901 s
Timestep : 516780, score : -1994.1494438567097, Time : 22.864 s
Timestep : 525539, score : -2051.320149910767, Time : 22.871 s
Timestep : 534298, score : -1858.9450134393774, Time : 22.495 s
Timestep : 543057, score : -1779.9323985843876, Time : 22.581 s
Timestep : 551816, score : -2032.7281672612226, Time : 22.512 s
Timestep : 560575, score : -1924.706416430934, Time : 22.487 s
Timestep : 569334, score : -2135.6330893012855, Time : 22.946 s
Timestep : 578093, score : -2032.3994902696713, Time : 22.962 s
Timestep : 586852, score : -2048.39424245169, Time : 22.961 s
Timestep : 595611, score : -2264.3945560271823, Time : 22.932 s
Timestep : 604370, score : -1999.6129714711424, Time : 22.906 s
Timestep : 613129, score : -2158.4366340874367, Time : 22.301 s
Timestep : 621888, score : -2108.3457250292267, Time : 22.441 s
Timestep : 630647, score : -1977.865178679749, Time : 22.865 s
Timestep : 639406, score : -2008.2984252020688, Time : 22.473 s
Timestep : 648165, score : -1941.872087843447, Time : 22.301 s
Timestep : 656924, score : -2041.4685615140152, Time : 22.658 s
Timestep : 665683, score : -1996.2787551858028, Time : 22.302 s
Timestep : 674442, score : -2109.3281398731924, Time : 22.913 s
Timestep : 683201, score : -1988.1442300801973, Time : 22.867 s
Timestep : 691960, score : -2100.006989274625, Time : 22.952 s
Timestep : 700719, score : -2116.975407454607, Time : 22.954 s
Timestep : 709478, score : -2170.165996256448, Time : 22.98 s
Timestep : 718237, score : -2270.881349131352, Time : 22.934 s
Timestep : 726996, score : -2356.730254697981, Time : 22.949 s
Timestep : 735755, score : -2163.742643110578, Time : 22.952 s
Timestep : 744514, score : -2249.799557774997, Time : 22.842 s
Timestep : 753273, score : -2477.2572197127156, Time : 22.974 s
Timestep : 762032, score : -2489.000422399593, Time : 22.94 s
Timestep : 770791, score : -2601.187485771836, Time : 22.934 s
Timestep : 779550, score : -2834.1035799916863, Time : 22.975 s
Timestep : 788309, score : -3001.0486695044383, Time : 22.956 s
Timestep : 797068, score : -3133.8158035620872, Time : 22.89 s
Timestep : 805827, score : -3390.5134550377406, Time : 22.789 s
Timestep : 814586, score : -3435.712235418454, Time : 22.87 s
Timestep : 823345, score : -3208.8140510707453, Time : 22.875 s
Timestep : 832104, score : -3439.063383767527, Time : 22.857 s
Timestep : 840863, score : -3487.353529317159, Time : 22.865 s
Timestep : 849622, score : -3383.5627577425475, Time : 22.888 s
Timestep : 858381, score : -3420.250030451527, Time : 22.823 s
Timestep : 867140, score : -3388.1967531243863, Time : 22.87 s
Timestep : 875899, score : -3346.156869686216, Time : 22.865 s
Starting local evaluation
Num Steps: 1000, Num episodes: 0
Num Steps: 2000, Num episodes: 0
Num Steps: 3000, Num episodes: 0
Num Steps: 4000, Num episodes: 0
Num Steps: 5000, Num episodes: 0
Num Steps: 6000, Num episodes: 0
Num Steps: 7000, Num episodes: 0
Num Steps: 8000, Num episodes: 0
Episode complete: 1 | Latest episode metrics: {'price_cost': 0.9312984352740828, 'emmision_cost': 1.0303056498915795}
[-0.20389262] -0.20389262351896445
Average Price Cost: 0.9312984352740828
Average Emmision Cost: 1.0303056498915795
Average of both costs: 0.9808020425828312
Total time taken by agent: 2.5193998869508505s
DONE!
