{'agent': 'DQN', 'action_selection': 'softmax', 'seed': 1, 'episodes': 100, 'data_path': 'data/citylearn_challenge_2022_phase_1', 'dry_run': False, 'n_discrete': 9, 'update_target': 16, 'lr': 0.0001, 'batch_size': 32, 'adam_epsilon': 0.0001, 'epsilon_final': 0.02, 'run_id': 111}
{'Notes': 'This is a tuning run, executed on a single building.',
 'action_selection': 'softmax',
 'adam_epsilon': 0.0001,
 'env': '<NormalizeObservation<OneHotHour<DiscreteSingle<CityLearnEnv '
        'instance>>>>',
 'final_exploration_rate': 0.02,
 'final_exploration_step': 1000,
 'gamma': 0.99,
 'initial_exploration_rate': 1,
 'learning_rate': 0.0001,
 'loss': 'mse',
 'minibatch_size': 32,
 'network': 'MLP(\n'
            '  (layers): Sequential(\n'
            '    (0): Linear(in_features=29, out_features=128, bias=True)\n'
            '    (1): ReLU()\n'
            '    (2): Linear(in_features=128, out_features=128, bias=True)\n'
            '    (3): ReLU()\n'
            '    (4): Linear(in_features=128, out_features=9, bias=True)\n'
            '  )\n'
            ')',
 'replay_buffer_size': 10000,
 'replay_start_size': 32,
 'seed': 1,
 'train_steps': 876000,
 'update_frequency': 1,
 'update_target_frequency': 16,
 'weight_scale': 1.4142135623730951}
Timestep : 8758, score : -4980.772639349947, Time : 21.413 s
Timestep : 17517, score : -4546.892241615831, Time : 21.39 s
Timestep : 26276, score : -4498.8229195172025, Time : 21.368 s
Timestep : 35035, score : -4358.792851616119, Time : 20.939 s
Timestep : 43794, score : -4584.927928098274, Time : 20.773 s
Timestep : 52553, score : -4445.7642418241885, Time : 20.889 s
Timestep : 61312, score : -4323.689770474171, Time : 21.013 s
Timestep : 70071, score : -4405.318652148388, Time : 22.032 s
Timestep : 78830, score : -4233.26972463858, Time : 21.329 s
Timestep : 87589, score : -3950.677688152602, Time : 21.624 s
Timestep : 96348, score : -4062.6626687994285, Time : 21.338 s
Timestep : 105107, score : -4212.134207527764, Time : 20.917 s
Timestep : 113866, score : -4250.560639530799, Time : 21.459 s
Timestep : 122625, score : -3882.078887815849, Time : 21.586 s
Timestep : 131384, score : -3922.377250618447, Time : 22.33 s
Timestep : 140143, score : -3723.2796919396205, Time : 21.235 s
Timestep : 148902, score : -3422.233844138129, Time : 22.03 s
Timestep : 157661, score : -2967.72240462029, Time : 22.507 s
Timestep : 166420, score : -2595.164991041791, Time : 22.524 s
Timestep : 175179, score : -2585.1960252419376, Time : 22.258 s
Timestep : 183938, score : -2615.692350193931, Time : 21.636 s
Timestep : 192697, score : -2593.2217839903024, Time : 21.152 s
Timestep : 201456, score : -2853.8489238224283, Time : 21.735 s
Timestep : 210215, score : -2777.672036027914, Time : 21.521 s
Timestep : 218974, score : -2588.4520523783576, Time : 21.432 s
Timestep : 227733, score : -2104.948912346299, Time : 21.165 s
Timestep : 236492, score : -2594.8592138594977, Time : 21.139 s
Timestep : 245251, score : -2071.9463996485865, Time : 21.743 s
Timestep : 254010, score : -2167.6240640271717, Time : 21.454 s
Timestep : 262769, score : -2505.5812011211237, Time : 21.698 s
Timestep : 271528, score : -2518.3092555709445, Time : 21.433 s
Timestep : 280287, score : -2381.5044956346537, Time : 21.427 s
Timestep : 289046, score : -2649.9596303683065, Time : 20.925 s
Timestep : 297805, score : -2533.762505381863, Time : 20.859 s
Timestep : 306564, score : -2590.173330942547, Time : 20.857 s
Timestep : 315323, score : -2275.887509577704, Time : 20.901 s
Timestep : 324082, score : -2293.664839739824, Time : 20.985 s
Timestep : 332841, score : -2432.501568367501, Time : 20.93 s
Timestep : 341600, score : -2874.743562285701, Time : 21.073 s
Timestep : 350359, score : -3015.335705717007, Time : 21.718 s
Timestep : 359118, score : -2710.196745074383, Time : 21.96 s
Timestep : 367877, score : -2498.432551046557, Time : 21.862 s
Timestep : 376636, score : -2956.6170636503084, Time : 21.94 s
Timestep : 385395, score : -2767.3662735488324, Time : 21.147 s
Timestep : 394154, score : -2665.3721147563483, Time : 21.438 s
Timestep : 402913, score : -2478.7496755719912, Time : 21.512 s
Timestep : 411672, score : -2615.874099792709, Time : 20.92 s
Timestep : 420431, score : -2487.7094103271666, Time : 21.05 s
Timestep : 429190, score : -2339.3118219478347, Time : 21.56 s
Timestep : 437949, score : -2499.8236850936955, Time : 22.274 s
Timestep : 446708, score : -2673.2874184650427, Time : 22.652 s
Timestep : 455467, score : -2636.348889161629, Time : 22.031 s
Timestep : 464226, score : -2327.8574356107565, Time : 21.505 s
Timestep : 472985, score : -2439.128132989892, Time : 21.264 s
Timestep : 481744, score : -2309.150925399299, Time : 21.179 s
Timestep : 490503, score : -2169.3292888356664, Time : 21.112 s
Timestep : 499262, score : -2145.0327584136103, Time : 21.174 s
Timestep : 508021, score : -2062.0447496429842, Time : 20.963 s
Timestep : 516780, score : -2107.8768257628253, Time : 21.544 s
Timestep : 525539, score : -2417.8820186143566, Time : 21.179 s
Timestep : 534298, score : -2356.960504341434, Time : 21.0 s
Timestep : 543057, score : -2455.1328136157535, Time : 20.983 s
Timestep : 551816, score : -2585.406423130218, Time : 21.532 s
Timestep : 560575, score : -2531.0097363939567, Time : 21.715 s
Timestep : 569334, score : -2396.6874760107894, Time : 20.864 s
Timestep : 578093, score : -2200.134860674807, Time : 20.85 s
Timestep : 586852, score : -2164.2560892257898, Time : 20.846 s
Timestep : 595611, score : -2259.610464000405, Time : 20.88 s
Timestep : 604370, score : -2002.2352813148464, Time : 20.917 s
Timestep : 613129, score : -2196.4686266349454, Time : 20.988 s
Timestep : 621888, score : -1907.3646412584058, Time : 20.948 s
Timestep : 630647, score : -2000.0291939277959, Time : 20.905 s
Timestep : 639406, score : -1945.813071459561, Time : 20.937 s
Timestep : 648165, score : -2240.7021083965956, Time : 21.17 s
Timestep : 656924, score : -2225.121283419692, Time : 21.097 s
Timestep : 665683, score : -2037.4045937417832, Time : 21.299 s
Timestep : 674442, score : -2100.8699775798304, Time : 20.901 s
Timestep : 683201, score : -2181.8400560369773, Time : 20.87 s
Timestep : 691960, score : -2231.2831558517937, Time : 20.897 s
Timestep : 700719, score : -2174.9594852046866, Time : 21.043 s
Timestep : 709478, score : -2266.45270973249, Time : 20.965 s
Timestep : 718237, score : -2200.2257678860624, Time : 20.966 s
Timestep : 726996, score : -2136.296759874822, Time : 20.919 s
Timestep : 735755, score : -1740.6998349253845, Time : 20.941 s
Timestep : 744514, score : -1867.536776428955, Time : 21.316 s
Timestep : 753273, score : -2017.9646415509342, Time : 21.169 s
Timestep : 762032, score : -1784.722570690472, Time : 20.959 s
Timestep : 770791, score : -1987.5653295567317, Time : 20.948 s
Timestep : 779550, score : -2130.1914659091562, Time : 20.883 s
Timestep : 788309, score : -2177.830910938821, Time : 21.808 s
Timestep : 797068, score : -2058.8349232188484, Time : 20.939 s
Timestep : 805827, score : -1763.0076931729272, Time : 20.95 s
Timestep : 814586, score : -1718.3038380062499, Time : 21.342 s
Timestep : 823345, score : -2109.759130168968, Time : 20.86 s
Timestep : 832104, score : -1994.7949185710459, Time : 20.893 s
Timestep : 840863, score : -2287.8061803507444, Time : 21.209 s
Timestep : 849622, score : -2335.464607541595, Time : 21.125 s
Timestep : 858381, score : -2076.9147017428477, Time : 20.886 s
Timestep : 867140, score : -1954.9203989695816, Time : 20.933 s
Timestep : 875899, score : -2047.7405492868565, Time : 20.967 s
Starting local evaluation
Num Steps: 1000, Num episodes: 0
Num Steps: 2000, Num episodes: 0
Num Steps: 3000, Num episodes: 0
Num Steps: 4000, Num episodes: 0
Num Steps: 5000, Num episodes: 0
Num Steps: 6000, Num episodes: 0
Num Steps: 7000, Num episodes: 0
Num Steps: 8000, Num episodes: 0
Episode complete: 1 | Latest episode metrics: {'price_cost': 0.8759840299545619, 'emmision_cost': 0.9282338609284324}
[-0.10827093] -0.10827092946847564
Average Price Cost: 0.8759840299545619
Average Emmision Cost: 0.9282338609284324
Average of both costs: 0.9021089454414972
Total time taken by agent: 3.265151975210756s
DONE!
