{'agent': 'DQN', 'action_selection': 'egreedy', 'seed': 1, 'episodes': 100, 'data_path': 'data/citylearn_challenge_2022_phase_1', 'dry_run': False, 'n_discrete': 9, 'update_target': 32, 'lr': 7e-05, 'batch_size': 1, 'adam_epsilon': 1e-07, 'epsilon_final': 0.1, 'run_id': 255}
{'Notes': 'This is a tuning run, executed on a single building.',
 'action_selection': 'egreedy',
 'adam_epsilon': 1e-07,
 'env': '<NormalizeObservation<OneHotHour<DiscreteSingle<CityLearnEnv '
        'instance>>>>',
 'final_exploration_rate': 0.02,
 'final_exploration_step': 1000,
 'gamma': 0.99,
 'initial_exploration_rate': 1,
 'learning_rate': 7e-05,
 'loss': 'mse',
 'minibatch_size': 1,
 'network': 'MLP(\n'
            '  (layers): Sequential(\n'
            '    (0): Linear(in_features=29, out_features=128, bias=True)\n'
            '    (1): ReLU()\n'
            '    (2): Linear(in_features=128, out_features=128, bias=True)\n'
            '    (3): ReLU()\n'
            '    (4): Linear(in_features=128, out_features=9, bias=True)\n'
            '  )\n'
            ')',
 'replay_buffer_size': 10000,
 'replay_start_size': 1,
 'seed': 1,
 'train_steps': 876000,
 'update_frequency': 1,
 'update_target_frequency': 32,
 'weight_scale': 1.4142135623730951}
Timestep : 8758, score : -6646.445586209331, Time : 20.9 s
Timestep : 17517, score : -4582.915626347443, Time : 21.463 s
Timestep : 26276, score : -5135.004647226451, Time : 21.438 s
Timestep : 35035, score : -4875.5512830553635, Time : 21.371 s
Timestep : 43794, score : -4430.4606383525825, Time : 21.426 s
Timestep : 52553, score : -3836.8675195122196, Time : 21.713 s
Timestep : 61312, score : -3418.021119197976, Time : 21.524 s
Timestep : 70071, score : -3562.2435569709924, Time : 21.544 s
Timestep : 78830, score : -3646.208128565486, Time : 21.518 s
Timestep : 87589, score : -3778.060347772509, Time : 21.541 s
Timestep : 96348, score : -3510.9197453439992, Time : 21.673 s
Timestep : 105107, score : -3457.845586451309, Time : 21.541 s
Timestep : 113866, score : -3045.438957283797, Time : 21.483 s
Timestep : 122625, score : -2717.5306424231094, Time : 20.89 s
Timestep : 131384, score : -2728.7648573995393, Time : 20.823 s
Timestep : 140143, score : -3447.1494021036488, Time : 20.821 s
Timestep : 148902, score : -2575.3686375997786, Time : 20.983 s
Timestep : 157661, score : -1996.2316524930502, Time : 20.859 s
Timestep : 166420, score : -2076.7094347125676, Time : 21.53 s
Timestep : 175179, score : -2274.7192989823234, Time : 21.538 s
Timestep : 183938, score : -1916.5580679759441, Time : 21.529 s
Timestep : 192697, score : -1962.7531429685478, Time : 21.464 s
Timestep : 201456, score : -2351.6484361107723, Time : 21.74 s
Timestep : 210215, score : -2250.5792402557854, Time : 21.541 s
Timestep : 218974, score : -2268.662706316012, Time : 21.55 s
Timestep : 227733, score : -2369.9899865587067, Time : 21.531 s
Timestep : 236492, score : -2314.6617563416075, Time : 21.528 s
Timestep : 245251, score : -2003.4238815710705, Time : 21.661 s
Timestep : 254010, score : -2066.1281523913203, Time : 21.543 s
Timestep : 262769, score : -2090.187293187744, Time : 21.535 s
Timestep : 271528, score : -1540.7754609168333, Time : 21.553 s
Timestep : 280287, score : -1374.297308429639, Time : 21.555 s
Timestep : 289046, score : -1042.8877099181555, Time : 21.512 s
Timestep : 297805, score : -1769.9559660437808, Time : 20.755 s
Timestep : 306564, score : -1692.7589421702141, Time : 21.103 s
Timestep : 315323, score : -1416.2982155965437, Time : 21.178 s
Timestep : 324082, score : -1633.201676910001, Time : 21.205 s
Timestep : 332841, score : -2000.027657774539, Time : 21.199 s
Timestep : 341600, score : -2845.4905825737223, Time : 21.123 s
Timestep : 350359, score : -1196.563067521929, Time : 21.303 s
Timestep : 359118, score : -1575.6898336138402, Time : 21.192 s
Timestep : 367877, score : -1766.7733437151473, Time : 21.221 s
Timestep : 376636, score : -2190.2056301993143, Time : 21.206 s
Timestep : 385395, score : -1669.2479765017342, Time : 21.208 s
Timestep : 394154, score : -1953.0637253354362, Time : 21.186 s
Timestep : 402913, score : -1387.660331858584, Time : 21.429 s
Timestep : 411672, score : -1763.3997073960782, Time : 21.088 s
Timestep : 420431, score : -1677.8324806832534, Time : 21.032 s
Timestep : 429190, score : -1911.8962712835346, Time : 20.881 s
Timestep : 437949, score : -1502.6996819796332, Time : 20.91 s
Timestep : 446708, score : -1869.088120216882, Time : 20.975 s
Timestep : 455467, score : -1478.0845405736763, Time : 20.89 s
Timestep : 464226, score : -1991.7594389717851, Time : 21.549 s
Timestep : 472985, score : -1462.5212621966202, Time : 21.576 s
Timestep : 481744, score : -1629.8942058938846, Time : 21.563 s
Timestep : 490503, score : -1502.1876397945744, Time : 21.538 s
Timestep : 499262, score : -913.305277976935, Time : 21.977 s
Timestep : 508021, score : -1507.2196390898025, Time : 21.827 s
Timestep : 516780, score : -1783.1398724061728, Time : 21.571 s
Timestep : 525539, score : -1775.5030416608497, Time : 21.571 s
Timestep : 534298, score : -1525.5660389738914, Time : 21.562 s
Timestep : 543057, score : -1254.8600663908583, Time : 21.562 s
Timestep : 551816, score : -1849.127581817942, Time : 21.519 s
Timestep : 560575, score : -1483.0712934893381, Time : 21.553 s
Timestep : 569334, score : -1577.2204041348596, Time : 21.176 s
Timestep : 578093, score : -1497.3963257420837, Time : 21.222 s
Timestep : 586852, score : -1491.0112234636035, Time : 21.209 s
Timestep : 595611, score : -1821.553534368315, Time : 21.226 s
Timestep : 604370, score : -1128.4592651480634, Time : 20.855 s
Timestep : 613129, score : -1478.571522107377, Time : 21.792 s
Timestep : 621888, score : -1716.3118387745053, Time : 21.567 s
Timestep : 630647, score : -1188.3519188979699, Time : 21.568 s
Timestep : 639406, score : -1808.333097156632, Time : 21.549 s
Timestep : 648165, score : -1784.4218691184942, Time : 21.394 s
Timestep : 656924, score : -1513.2966537181346, Time : 20.996 s
Timestep : 665683, score : -1667.0782054555893, Time : 20.856 s
Timestep : 674442, score : -1298.9829007450317, Time : 21.207 s
Timestep : 683201, score : -1696.350534848898, Time : 21.167 s
Timestep : 691960, score : -1519.6849944612768, Time : 20.599 s
Timestep : 700719, score : -1056.0639718873717, Time : 20.569 s
Timestep : 709478, score : -1129.2914668864396, Time : 21.209 s
Timestep : 718237, score : -1263.0422923415463, Time : 21.181 s
Timestep : 726996, score : -1357.445578236162, Time : 21.345 s
Timestep : 735755, score : -1222.2100526965514, Time : 20.61 s
Timestep : 744514, score : -1312.5993729906913, Time : 21.546 s
Timestep : 753273, score : -960.4348594951007, Time : 21.514 s
Timestep : 762032, score : -949.6432561732654, Time : 21.772 s
Timestep : 770791, score : -845.1071310750267, Time : 21.575 s
Timestep : 779550, score : -1222.3434739434451, Time : 21.569 s
Timestep : 788309, score : -1498.0800468337547, Time : 21.562 s
Timestep : 797068, score : -1502.3068974693597, Time : 21.539 s
Timestep : 805827, score : -1692.613756923034, Time : 21.049 s
Timestep : 814586, score : -1379.6915934221179, Time : 21.207 s
Timestep : 823345, score : -1334.2896616631479, Time : 21.183 s
Timestep : 832104, score : -1097.768100412126, Time : 20.851 s
Timestep : 840863, score : -1725.6729796396394, Time : 20.883 s
Timestep : 849622, score : -1582.3558708631026, Time : 20.928 s
Timestep : 858381, score : -1488.2703740867146, Time : 20.982 s
Timestep : 867140, score : -1278.934742871701, Time : 20.893 s
Timestep : 875899, score : -1439.7323151957535, Time : 21.281 s
Starting local evaluation
Num Steps: 1000, Num episodes: 0
Num Steps: 2000, Num episodes: 0
Num Steps: 3000, Num episodes: 0
Num Steps: 4000, Num episodes: 0
Num Steps: 5000, Num episodes: 0
Num Steps: 6000, Num episodes: 0
Num Steps: 7000, Num episodes: 0
Num Steps: 8000, Num episodes: 0
Episode complete: 1 | Latest episode metrics: {'price_cost': 0.8543551448977623, 'emmision_cost': 0.9161439623886029}
[-0.08728157] -0.08728156671207526
Average Price Cost: 0.8543551448977623
Average Emmision Cost: 0.9161439623886029
Average of both costs: 0.8852495536431826
Total time taken by agent: 2.5654237542767078s
DONE!
