{'agent': 'DQN', 'action_selection': 'egreedy', 'seed': 1, 'episodes': 100, 'data_path': 'data/citylearn_challenge_2022_phase_1', 'dry_run': False, 'n_discrete': 9, 'update_target': 32, 'lr': 0.007, 'batch_size': 256, 'adam_epsilon': 1e-08, 'epsilon_final': 0.03, 'run_id': 289}
{'Notes': 'This is a tuning run, executed on a single building.',
 'action_selection': 'egreedy',
 'adam_epsilon': 1e-08,
 'env': '<NormalizeObservation<OneHotHour<DiscreteSingle<CityLearnEnv '
        'instance>>>>',
 'final_exploration_rate': 0.02,
 'final_exploration_step': 1000,
 'gamma': 0.99,
 'initial_exploration_rate': 1,
 'learning_rate': 0.007,
 'loss': 'mse',
 'minibatch_size': 256,
 'network': 'MLP(\n'
            '  (layers): Sequential(\n'
            '    (0): Linear(in_features=29, out_features=128, bias=True)\n'
            '    (1): ReLU()\n'
            '    (2): Linear(in_features=128, out_features=128, bias=True)\n'
            '    (3): ReLU()\n'
            '    (4): Linear(in_features=128, out_features=9, bias=True)\n'
            '  )\n'
            ')',
 'replay_buffer_size': 10000,
 'replay_start_size': 256,
 'seed': 1,
 'train_steps': 876000,
 'update_frequency': 1,
 'update_target_frequency': 32,
 'weight_scale': 1.4142135623730951}
Timestep : 8758, score : -9543.265185770244, Time : 26.654 s
Timestep : 17517, score : -12606.578159155972, Time : 28.011 s
Timestep : 26276, score : -13004.744893661125, Time : 29.202 s
Timestep : 35035, score : -11800.535802628918, Time : 30.634 s
Timestep : 43794, score : -12505.666334400492, Time : 30.057 s
Timestep : 52553, score : -11916.37933271192, Time : 30.393 s
Timestep : 61312, score : -11831.4120680411, Time : 30.097 s
Timestep : 70071, score : -10396.991820384312, Time : 30.68 s
Timestep : 78830, score : -11781.85419513323, Time : 30.37 s
Timestep : 87589, score : -12426.463227174783, Time : 29.635 s
Timestep : 96348, score : -12217.029474041381, Time : 29.203 s
Timestep : 105107, score : -12594.234451160446, Time : 30.621 s
Timestep : 113866, score : -12548.161551006313, Time : 30.341 s
Timestep : 122625, score : -12550.526468335796, Time : 30.354 s
Timestep : 131384, score : -12925.738382063406, Time : 30.07 s
Timestep : 140143, score : -13190.773054216595, Time : 30.621 s
Timestep : 148902, score : -12580.123089771863, Time : 30.242 s
Timestep : 157661, score : -12466.727962586912, Time : 30.348 s
Timestep : 166420, score : -12636.080854376574, Time : 30.081 s
Timestep : 175179, score : -12803.456289993876, Time : 30.565 s
Timestep : 183938, score : -13837.547674155285, Time : 30.3 s
Timestep : 192697, score : -14605.345899995431, Time : 30.332 s
Timestep : 201456, score : -14579.380652959298, Time : 30.04 s
Timestep : 210215, score : -13898.210969629537, Time : 30.578 s
Timestep : 218974, score : -13637.94851504713, Time : 30.293 s
Timestep : 227733, score : -14017.159751900239, Time : 30.321 s
Timestep : 236492, score : -13087.863463107336, Time : 30.07 s
Timestep : 245251, score : -12342.103841306132, Time : 30.584 s
Timestep : 254010, score : -11746.242125619581, Time : 30.328 s
Timestep : 262769, score : -11500.344445916315, Time : 30.325 s
Timestep : 271528, score : -10660.67432350789, Time : 30.027 s
Timestep : 280287, score : -9817.67364206475, Time : 30.607 s
Timestep : 289046, score : -8663.945911007846, Time : 30.277 s
Timestep : 297805, score : -9210.294416435208, Time : 30.292 s
Timestep : 306564, score : -8901.553901771505, Time : 30.01 s
Timestep : 315323, score : -8568.743734921009, Time : 30.446 s
Timestep : 324082, score : -9812.748729426836, Time : 30.304 s
Timestep : 332841, score : -9271.902898962726, Time : 30.322 s
Timestep : 341600, score : -9243.867599618505, Time : 30.088 s
Timestep : 350359, score : -8750.343138077136, Time : 30.531 s
Timestep : 359118, score : -9491.910528780849, Time : 30.281 s
Timestep : 367877, score : -8333.851537942333, Time : 30.289 s
Timestep : 376636, score : -8112.4710466306715, Time : 30.049 s
Timestep : 385395, score : -8002.472236174697, Time : 30.849 s
Timestep : 394154, score : -6872.853719771869, Time : 30.232 s
Timestep : 402913, score : -6334.273599591135, Time : 30.274 s
Timestep : 411672, score : -5870.438061541907, Time : 30.289 s
Timestep : 420431, score : -5897.48213869959, Time : 30.269 s
Timestep : 429190, score : -6432.9889775024785, Time : 30.293 s
Timestep : 437949, score : -5589.383757801217, Time : 30.273 s
Timestep : 446708, score : -5785.593332727352, Time : 30.282 s
Timestep : 455467, score : -5550.8857001216675, Time : 30.235 s
Timestep : 464226, score : -4734.959397714847, Time : 30.305 s
Timestep : 472985, score : -4813.1082477262535, Time : 30.282 s
Timestep : 481744, score : -4577.622071275924, Time : 30.27 s
Timestep : 490503, score : -4382.176999966992, Time : 30.256 s
Timestep : 499262, score : -4299.155207024727, Time : 30.353 s
Timestep : 508021, score : -4659.8218171374465, Time : 29.823 s
Timestep : 516780, score : -4354.02221211631, Time : 30.271 s
Timestep : 525539, score : -4435.106115959847, Time : 30.245 s
Timestep : 534298, score : -3271.1352011494164, Time : 30.269 s
Timestep : 543057, score : -4289.783592280612, Time : 30.243 s
Timestep : 551816, score : -4047.895951359329, Time : 30.253 s
Timestep : 560575, score : -3958.1097434197727, Time : 30.272 s
Timestep : 569334, score : -4108.335295450088, Time : 30.218 s
Timestep : 578093, score : -4890.572024364868, Time : 30.263 s
Timestep : 586852, score : -3997.0738903710444, Time : 30.285 s
Timestep : 595611, score : -4294.301629268419, Time : 28.497 s
Timestep : 604370, score : -4329.967270755878, Time : 28.329 s
Timestep : 613129, score : -4731.926738049282, Time : 28.359 s
Timestep : 621888, score : -4492.175986680231, Time : 28.356 s
Timestep : 630647, score : -4000.397739875858, Time : 28.346 s
Timestep : 639406, score : -4161.015495664818, Time : 28.388 s
Timestep : 648165, score : -4612.124572034605, Time : 29.227 s
Timestep : 656924, score : -4668.075460633176, Time : 30.221 s
Timestep : 665683, score : -4445.4826479883195, Time : 30.024 s
Timestep : 674442, score : -5247.62183824266, Time : 29.616 s
Timestep : 683201, score : -4943.326567889337, Time : 29.262 s
Timestep : 691960, score : -5145.753139735927, Time : 29.378 s
Timestep : 700719, score : -4617.5925115841965, Time : 29.996 s
Timestep : 709478, score : -4548.383418543643, Time : 30.032 s
Timestep : 718237, score : -4769.681640828407, Time : 29.473 s
Timestep : 726996, score : -5059.136460323265, Time : 30.026 s
Timestep : 735755, score : -5355.104481637391, Time : 29.956 s
Timestep : 744514, score : -5753.693831570359, Time : 29.948 s
Timestep : 753273, score : -5076.975544095418, Time : 29.905 s
Timestep : 762032, score : -4657.2533099421125, Time : 29.031 s
Timestep : 770791, score : -4488.989873070648, Time : 28.981 s
Timestep : 779550, score : -5206.905232269695, Time : 28.921 s
Timestep : 788309, score : -4886.220129973168, Time : 28.879 s
Timestep : 797068, score : -4774.730723326473, Time : 28.987 s
Timestep : 805827, score : -5597.162564044731, Time : 30.383 s
Timestep : 814586, score : -4750.622390077828, Time : 28.969 s
Timestep : 823345, score : -5182.598053484602, Time : 29.915 s
Timestep : 832104, score : -5041.660309973551, Time : 29.893 s
Timestep : 840863, score : -6186.301328241156, Time : 29.882 s
Timestep : 849622, score : -5258.531731853174, Time : 29.804 s
Timestep : 858381, score : -5455.414170398173, Time : 29.938 s
Timestep : 867140, score : -5646.153212835925, Time : 30.097 s
Timestep : 875899, score : -5263.413925797591, Time : 27.976 s
Starting local evaluation
Num Steps: 1000, Num episodes: 0
Num Steps: 2000, Num episodes: 0
Num Steps: 3000, Num episodes: 0
Num Steps: 4000, Num episodes: 0
Num Steps: 5000, Num episodes: 0
Num Steps: 6000, Num episodes: 0
Num Steps: 7000, Num episodes: 0
Num Steps: 8000, Num episodes: 0
Episode complete: 1 | Latest episode metrics: {'price_cost': 1.055052785980884, 'emmision_cost': 1.0779243110809427}
[-0.31128087] -0.31128087481441646
Average Price Cost: 1.055052785980884
Average Emmision Cost: 1.0779243110809427
Average of both costs: 1.0664885485309132
Total time taken by agent: 2.44780069051194s
DONE!
