{'agent': 'DQN', 'action_selection': 'softmax', 'seed': 1, 'episodes': 100, 'data_path': 'data/citylearn_challenge_2022_phase_1', 'dry_run': False, 'n_discrete': 9, 'update_target': 32, 'lr': 0.1, 'batch_size': 32, 'adam_epsilon': 1e-07, 'epsilon_final': 0.02, 'run_id': 140}
{'Notes': 'This is a tuning run, executed on a single building.',
 'action_selection': 'softmax',
 'adam_epsilon': 1e-07,
 'env': '<NormalizeObservation<OneHotHour<DiscreteSingle<CityLearnEnv '
        'instance>>>>',
 'final_exploration_rate': 0.02,
 'final_exploration_step': 1000,
 'gamma': 0.99,
 'initial_exploration_rate': 1,
 'learning_rate': 0.1,
 'loss': 'mse',
 'minibatch_size': 32,
 'network': 'MLP(\n'
            '  (layers): Sequential(\n'
            '    (0): Linear(in_features=29, out_features=128, bias=True)\n'
            '    (1): ReLU()\n'
            '    (2): Linear(in_features=128, out_features=128, bias=True)\n'
            '    (3): ReLU()\n'
            '    (4): Linear(in_features=128, out_features=9, bias=True)\n'
            '  )\n'
            ')',
 'replay_buffer_size': 10000,
 'replay_start_size': 32,
 'seed': 1,
 'train_steps': 876000,
 'update_frequency': 1,
 'update_target_frequency': 32,
 'weight_scale': 1.4142135623730951}
Timestep : 8758, score : -4659.435439064546, Time : 27.718 s
Timestep : 17517, score : -4131.439155497967, Time : 26.013 s
Timestep : 26276, score : -4186.344485019712, Time : 28.787 s
Timestep : 35035, score : -4116.774281487247, Time : 28.735 s
Timestep : 43794, score : -4165.62889259067, Time : 28.929 s
Timestep : 52553, score : -4069.4988729855104, Time : 28.98 s
Timestep : 61312, score : -4172.405250956683, Time : 28.833 s
Timestep : 70071, score : -4198.71218343082, Time : 28.76 s
Timestep : 78830, score : -4166.468505119352, Time : 28.73 s
Timestep : 87589, score : -4158.024912040128, Time : 29.002 s
Timestep : 96348, score : -4166.90140511599, Time : 28.91 s
Timestep : 105107, score : -4105.171763834922, Time : 28.845 s
Timestep : 113866, score : -4142.744205470575, Time : 28.856 s
Timestep : 122625, score : -4068.8443320741935, Time : 28.752 s
Timestep : 131384, score : -4178.810074788897, Time : 28.743 s
Timestep : 140143, score : -4194.874247308442, Time : 28.697 s
Timestep : 148902, score : -4179.3183245075925, Time : 28.83 s
Timestep : 157661, score : -4094.5464146411105, Time : 28.59 s
Timestep : 166420, score : -4140.233775834931, Time : 28.605 s
Timestep : 175179, score : -4085.847943692381, Time : 28.585 s
Timestep : 183938, score : -4273.652453263669, Time : 29.015 s
Timestep : 192697, score : -4136.511220256245, Time : 29.007 s
Timestep : 201456, score : -4177.4638587491645, Time : 29.021 s
Timestep : 210215, score : -4072.7534716626687, Time : 28.978 s
Timestep : 218974, score : -4188.532433052926, Time : 28.935 s
Timestep : 227733, score : -4166.591816031752, Time : 28.948 s
Timestep : 236492, score : -4224.777341737557, Time : 28.914 s
Timestep : 245251, score : -4154.494602671271, Time : 28.866 s
Timestep : 254010, score : -4121.785155981692, Time : 28.915 s
Timestep : 262769, score : -4074.0945392450376, Time : 28.95 s
Timestep : 271528, score : -4175.186445723666, Time : 28.364 s
Timestep : 280287, score : -4276.46344729737, Time : 28.359 s
Timestep : 289046, score : -4209.422559877305, Time : 28.296 s
Timestep : 297805, score : -4093.2552351554914, Time : 28.262 s
Timestep : 306564, score : -4059.46908410397, Time : 28.874 s
Timestep : 315323, score : -4157.747893799824, Time : 28.758 s
Timestep : 324082, score : -4180.775658584578, Time : 28.343 s
Timestep : 332841, score : -4186.698208933376, Time : 28.813 s
Timestep : 341600, score : -4120.646378207399, Time : 29.069 s
Timestep : 350359, score : -4138.980305681151, Time : 29.077 s
Timestep : 359118, score : -4167.438774696813, Time : 28.762 s
Timestep : 367877, score : -4198.015364294319, Time : 28.944 s
Timestep : 376636, score : -4239.5752683611645, Time : 28.956 s
Timestep : 385395, score : -4095.127253056882, Time : 28.756 s
Timestep : 394154, score : -4129.91807404664, Time : 28.28 s
Timestep : 402913, score : -4134.824524581505, Time : 28.273 s
Timestep : 411672, score : -4187.624992140947, Time : 28.11 s
Timestep : 420431, score : -4132.875589405565, Time : 28.611 s
Timestep : 429190, score : -4129.403041839047, Time : 28.752 s
Timestep : 437949, score : -4064.8287596920563, Time : 28.87 s
Timestep : 446708, score : -4105.07752119939, Time : 28.833 s
Timestep : 455467, score : -4135.474656093313, Time : 28.782 s
Timestep : 464226, score : -4130.972672717093, Time : 28.813 s
Timestep : 472985, score : -4187.673731397284, Time : 28.929 s
Timestep : 481744, score : -4167.204059007956, Time : 28.947 s
Timestep : 490503, score : -4150.54214830455, Time : 29.014 s
Timestep : 499262, score : -4147.769326649985, Time : 28.955 s
Timestep : 508021, score : -4144.355811246351, Time : 29.005 s
Timestep : 516780, score : -4091.5897861545964, Time : 28.926 s
Timestep : 525539, score : -4112.892938589124, Time : 28.842 s
Timestep : 534298, score : -4111.715560091106, Time : 28.748 s
Timestep : 543057, score : -4173.682616495906, Time : 28.839 s
Timestep : 551816, score : -4101.588758466212, Time : 28.655 s
Timestep : 560575, score : -4172.8701921947795, Time : 28.559 s
Timestep : 569334, score : -4072.7390464445634, Time : 28.735 s
Timestep : 578093, score : -4043.450473630248, Time : 28.947 s
Timestep : 586852, score : -4217.384088014165, Time : 28.964 s
Timestep : 595611, score : -4144.403419729468, Time : 28.633 s
Timestep : 604370, score : -4065.0488441130437, Time : 28.254 s
Timestep : 613129, score : -4099.2730734082, Time : 28.773 s
Timestep : 621888, score : -4124.9713182108535, Time : 28.63 s
Timestep : 630647, score : -4097.693679036951, Time : 28.476 s
Timestep : 639406, score : -4134.59434695766, Time : 28.623 s
Timestep : 648165, score : -4152.146518384485, Time : 28.563 s
Timestep : 656924, score : -4061.1845753839298, Time : 28.508 s
Timestep : 665683, score : -4161.037256507581, Time : 27.943 s
Timestep : 674442, score : -4183.351650448894, Time : 28.547 s
Timestep : 683201, score : -4194.315469718917, Time : 28.596 s
Timestep : 691960, score : -4158.611655225424, Time : 28.547 s
Timestep : 700719, score : -4142.377939746628, Time : 28.532 s
Timestep : 709478, score : -4254.761733796826, Time : 28.569 s
Timestep : 718237, score : -4154.446362183808, Time : 28.676 s
Timestep : 726996, score : -4292.435881579673, Time : 28.634 s
Timestep : 735755, score : -4225.320329571521, Time : 28.552 s
Timestep : 744514, score : -4139.0218778294075, Time : 28.589 s
Timestep : 753273, score : -4122.920095908834, Time : 28.573 s
Timestep : 762032, score : -4207.01479425226, Time : 28.63 s
Timestep : 770791, score : -4159.995038350491, Time : 28.554 s
Timestep : 779550, score : -4114.363566601096, Time : 28.525 s
Timestep : 788309, score : -4193.9587184371485, Time : 28.538 s
Timestep : 797068, score : -4083.0474882027193, Time : 28.593 s
Timestep : 805827, score : -4135.986316490365, Time : 28.674 s
Timestep : 814586, score : -4122.451234198088, Time : 28.592 s
Timestep : 823345, score : -4068.3743191113754, Time : 28.426 s
Timestep : 832104, score : -4148.277033524035, Time : 28.481 s
Timestep : 840863, score : -4145.355897020461, Time : 28.588 s
Timestep : 849622, score : -4089.1854228725715, Time : 28.497 s
Timestep : 858381, score : -4113.751212454779, Time : 28.538 s
Timestep : 867140, score : -4111.229281210719, Time : 28.577 s
Timestep : 875899, score : -4149.346646438731, Time : 28.76 s
Starting local evaluation
Num Steps: 1000, Num episodes: 0
Num Steps: 2000, Num episodes: 0
Num Steps: 3000, Num episodes: 0
Num Steps: 4000, Num episodes: 0
Num Steps: 5000, Num episodes: 0
Num Steps: 6000, Num episodes: 0
Num Steps: 7000, Num episodes: 0
Num Steps: 8000, Num episodes: 0
Episode complete: 1 | Latest episode metrics: {'price_cost': 1.0077731371646081, 'emmision_cost': 1.0084309337829767}
[-0.24001312] -0.24001311714009788
Average Price Cost: 1.0077731371646081
Average Emmision Cost: 1.0084309337829767
Average of both costs: 1.0081020354737924
Total time taken by agent: 5.981327030371176s
DONE!
