{'agent': 'DQN', 'action_selection': 'egreedy', 'seed': 1, 'episodes': 100, 'data_path': 'data/citylearn_challenge_2022_phase_1', 'dry_run': False, 'n_discrete': 9, 'update_target': 4, 'lr': 0.0007, 'batch_size': 2, 'adam_epsilon': 0.0001, 'epsilon_final': 0.1, 'run_id': 295}
{'Notes': 'This is a tuning run, executed on a single building.',
 'action_selection': 'egreedy',
 'adam_epsilon': 0.0001,
 'env': '<NormalizeObservation<OneHotHour<DiscreteSingle<CityLearnEnv '
        'instance>>>>',
 'final_exploration_rate': 0.02,
 'final_exploration_step': 1000,
 'gamma': 0.99,
 'initial_exploration_rate': 1,
 'learning_rate': 0.0007,
 'loss': 'mse',
 'minibatch_size': 2,
 'network': 'MLP(\n'
            '  (layers): Sequential(\n'
            '    (0): Linear(in_features=29, out_features=128, bias=True)\n'
            '    (1): ReLU()\n'
            '    (2): Linear(in_features=128, out_features=128, bias=True)\n'
            '    (3): ReLU()\n'
            '    (4): Linear(in_features=128, out_features=9, bias=True)\n'
            '  )\n'
            ')',
 'replay_buffer_size': 10000,
 'replay_start_size': 2,
 'seed': 1,
 'train_steps': 876000,
 'update_frequency': 1,
 'update_target_frequency': 4,
 'weight_scale': 1.4142135623730951}
Timestep : 8758, score : -8772.597341277986, Time : 19.347 s
Timestep : 17517, score : -9378.323525654123, Time : 19.766 s
Timestep : 26276, score : -6773.409555742706, Time : 19.871 s
Timestep : 35035, score : -5886.010308845391, Time : 20.178 s
Timestep : 43794, score : -5623.701753021058, Time : 20.184 s
Timestep : 52553, score : -4964.393926837045, Time : 20.406 s
Timestep : 61312, score : -4813.23613348513, Time : 20.719 s
Timestep : 70071, score : -5162.837115707342, Time : 20.34 s
Timestep : 78830, score : -6292.13761424199, Time : 20.119 s
Timestep : 87589, score : -5839.979985227255, Time : 20.222 s
Timestep : 96348, score : -6220.431644965618, Time : 20.702 s
Timestep : 105107, score : -5468.252541897731, Time : 19.629 s
Timestep : 113866, score : -4865.668986449084, Time : 20.487 s
Timestep : 122625, score : -5048.423455907061, Time : 20.872 s
Timestep : 131384, score : -5167.2534496435255, Time : 20.828 s
Timestep : 140143, score : -5399.134485882198, Time : 19.729 s
Timestep : 148902, score : -5097.548336529944, Time : 19.36 s
Timestep : 157661, score : -5503.4348500752385, Time : 19.368 s
Timestep : 166420, score : -4982.6651711236045, Time : 19.586 s
Timestep : 175179, score : -4594.7383258197515, Time : 19.362 s
Timestep : 183938, score : -4848.781193074916, Time : 19.528 s
Timestep : 192697, score : -4738.468571425561, Time : 19.55 s
Timestep : 201456, score : -5083.563719772923, Time : 19.581 s
Timestep : 210215, score : -4658.349342009897, Time : 19.339 s
Timestep : 218974, score : -5139.614989086083, Time : 19.355 s
Timestep : 227733, score : -4797.907270418626, Time : 19.601 s
Timestep : 236492, score : -4961.210585419467, Time : 19.776 s
Timestep : 245251, score : -4957.327121504961, Time : 19.969 s
Timestep : 254010, score : -5059.326736103234, Time : 20.709 s
Timestep : 262769, score : -4846.704166866402, Time : 20.841 s
Timestep : 271528, score : -4084.9262783143495, Time : 20.703 s
Timestep : 280287, score : -4121.354904233391, Time : 20.773 s
Timestep : 289046, score : -4278.893307253398, Time : 19.87 s
Timestep : 297805, score : -4505.730086628144, Time : 19.805 s
Timestep : 306564, score : -4115.901936922601, Time : 20.797 s
Timestep : 315323, score : -4137.976351344056, Time : 20.747 s
Timestep : 324082, score : -4234.699371947703, Time : 20.338 s
Timestep : 332841, score : -3774.3623367029068, Time : 19.379 s
Timestep : 341600, score : -3903.604690486478, Time : 19.39 s
Timestep : 350359, score : -3896.840190599163, Time : 19.712 s
Timestep : 359118, score : -4023.7415587596624, Time : 19.374 s
Timestep : 367877, score : -3859.4056772844488, Time : 19.328 s
Timestep : 376636, score : -4217.0992335110495, Time : 19.398 s
Timestep : 385395, score : -4019.5569844888814, Time : 19.375 s
Timestep : 394154, score : -4186.551271182863, Time : 19.39 s
Timestep : 402913, score : -3907.5175434201083, Time : 20.819 s
Timestep : 411672, score : -3924.102278418679, Time : 20.826 s
Timestep : 420431, score : -3971.923792731861, Time : 20.766 s
Timestep : 429190, score : -3831.1927827223844, Time : 20.745 s
Timestep : 437949, score : -3809.1786640518403, Time : 20.663 s
Timestep : 446708, score : -3447.853220197634, Time : 20.577 s
Timestep : 455467, score : -3589.944437152153, Time : 20.715 s
Timestep : 464226, score : -3922.6746421979333, Time : 20.784 s
Timestep : 472985, score : -3892.9724466594926, Time : 20.775 s
Timestep : 481744, score : -4054.081015181291, Time : 20.786 s
Timestep : 490503, score : -4155.775025937968, Time : 20.777 s
Timestep : 499262, score : -3797.471436634223, Time : 20.337 s
Timestep : 508021, score : -3883.124334274122, Time : 19.379 s
Timestep : 516780, score : -3613.9495658378873, Time : 19.302 s
Timestep : 525539, score : -3749.1964390292123, Time : 19.38 s
Timestep : 534298, score : -4076.027038514061, Time : 19.352 s
Timestep : 543057, score : -4438.051895382843, Time : 19.326 s
Timestep : 551816, score : -4225.9210663993435, Time : 19.434 s
Timestep : 560575, score : -3422.7489336538856, Time : 19.397 s
Timestep : 569334, score : -3224.319139958505, Time : 19.284 s
Timestep : 578093, score : -4582.86393848763, Time : 19.347 s
Timestep : 586852, score : -4175.914334171757, Time : 19.371 s
Timestep : 595611, score : -4227.252342075182, Time : 19.373 s
Timestep : 604370, score : -4082.4125045755936, Time : 19.355 s
Timestep : 613129, score : -3947.7862959010527, Time : 19.36 s
Timestep : 621888, score : -4169.59930711503, Time : 19.59 s
Timestep : 630647, score : -3848.222839475522, Time : 19.833 s
Timestep : 639406, score : -3623.282479564383, Time : 19.421 s
Timestep : 648165, score : -3501.147246935958, Time : 19.347 s
Timestep : 656924, score : -3636.197878849256, Time : 19.376 s
Timestep : 665683, score : -2718.031890551996, Time : 19.323 s
Timestep : 674442, score : -3340.748034408578, Time : 19.962 s
Timestep : 683201, score : -3519.1989858331217, Time : 20.478 s
Timestep : 691960, score : -3895.1324104712403, Time : 20.531 s
Timestep : 700719, score : -3451.1278125810495, Time : 20.531 s
Timestep : 709478, score : -3889.608154681773, Time : 20.761 s
Timestep : 718237, score : -3621.7496993865643, Time : 20.74 s
Timestep : 726996, score : -4010.477247918403, Time : 20.752 s
Timestep : 735755, score : -3261.6410294457164, Time : 20.677 s
Timestep : 744514, score : -3063.90171626574, Time : 20.41 s
Timestep : 753273, score : -2733.1263500284695, Time : 20.225 s
Timestep : 762032, score : -2995.78919170078, Time : 20.478 s
Timestep : 770791, score : -2846.438553260552, Time : 20.416 s
Timestep : 779550, score : -2651.166468908923, Time : 20.056 s
Timestep : 788309, score : -3197.307111873204, Time : 20.015 s
Timestep : 797068, score : -3211.7451437547134, Time : 20.536 s
Timestep : 805827, score : -2825.5455600618443, Time : 20.729 s
Timestep : 814586, score : -3127.5420699605747, Time : 20.549 s
Timestep : 823345, score : -3577.5664802827523, Time : 20.71 s
Timestep : 832104, score : -3417.9963852897345, Time : 20.657 s
Timestep : 840863, score : -3098.210632837523, Time : 20.407 s
Timestep : 849622, score : -3175.4088826502266, Time : 20.552 s
Timestep : 858381, score : -2464.7485285246803, Time : 19.972 s
Timestep : 867140, score : -2639.491686331836, Time : 20.274 s
Timestep : 875899, score : -2907.2857985702867, Time : 20.725 s
Starting local evaluation
Num Steps: 1000, Num episodes: 0
Num Steps: 2000, Num episodes: 0
Num Steps: 3000, Num episodes: 0
Num Steps: 4000, Num episodes: 0
Num Steps: 5000, Num episodes: 0
Num Steps: 6000, Num episodes: 0
Num Steps: 7000, Num episodes: 0
Num Steps: 8000, Num episodes: 0
Episode complete: 1 | Latest episode metrics: {'price_cost': 0.9178956485701145, 'emmision_cost': 0.9827661464539276}
[-0.16727893] -0.16727893397025534
Average Price Cost: 0.9178956485701145
Average Emmision Cost: 0.9827661464539276
Average of both costs: 0.950330897512021
Total time taken by agent: 2.2523931292816997s
DONE!
