{'agent': 'DQN', 'action_selection': 'softmax', 'seed': 1, 'episodes': 100, 'data_path': 'data/citylearn_challenge_2022_phase_1', 'dry_run': False, 'n_discrete': 9, 'update_target': 4, 'lr': 7e-05, 'batch_size': 8, 'adam_epsilon': 1e-07, 'epsilon_final': 0.02, 'run_id': 197}
{'Notes': 'This is a tuning run, executed on a single building.',
 'action_selection': 'softmax',
 'adam_epsilon': 1e-07,
 'env': '<NormalizeObservation<OneHotHour<DiscreteSingle<CityLearnEnv '
        'instance>>>>',
 'final_exploration_rate': 0.02,
 'final_exploration_step': 1000,
 'gamma': 0.99,
 'initial_exploration_rate': 1,
 'learning_rate': 7e-05,
 'loss': 'mse',
 'minibatch_size': 8,
 'network': 'MLP(\n'
            '  (layers): Sequential(\n'
            '    (0): Linear(in_features=29, out_features=128, bias=True)\n'
            '    (1): ReLU()\n'
            '    (2): Linear(in_features=128, out_features=128, bias=True)\n'
            '    (3): ReLU()\n'
            '    (4): Linear(in_features=128, out_features=9, bias=True)\n'
            '  )\n'
            ')',
 'replay_buffer_size': 10000,
 'replay_start_size': 8,
 'seed': 1,
 'train_steps': 876000,
 'update_frequency': 1,
 'update_target_frequency': 4,
 'weight_scale': 1.4142135623730951}
Timestep : 8758, score : -5099.112702505154, Time : 22.717 s
Timestep : 17517, score : -4818.892035916826, Time : 23.068 s
Timestep : 26276, score : -4356.077627017075, Time : 23.041 s
Timestep : 35035, score : -4208.2156076369865, Time : 22.891 s
Timestep : 43794, score : -4091.882359031035, Time : 23.019 s
Timestep : 52553, score : -4140.777133909898, Time : 23.124 s
Timestep : 61312, score : -4103.872422081797, Time : 23.111 s
Timestep : 70071, score : -4068.574645338027, Time : 22.928 s
Timestep : 78830, score : -4155.600013808726, Time : 23.095 s
Timestep : 87589, score : -4290.5128364836855, Time : 23.085 s
Timestep : 96348, score : -4290.130235833654, Time : 22.982 s
Timestep : 105107, score : -4299.972848914942, Time : 22.86 s
Timestep : 113866, score : -4429.427677565793, Time : 23.378 s
Timestep : 122625, score : -4199.94038739361, Time : 23.152 s
Timestep : 131384, score : -3935.324544909323, Time : 23.185 s
Timestep : 140143, score : -3570.2601349112374, Time : 23.172 s
Timestep : 148902, score : -3705.614753146103, Time : 23.165 s
Timestep : 157661, score : -3825.76717323887, Time : 23.172 s
Timestep : 166420, score : -3850.317938878856, Time : 23.165 s
Timestep : 175179, score : -3950.6595738859905, Time : 22.955 s
Timestep : 183938, score : -3784.955449759873, Time : 23.22 s
Timestep : 192697, score : -3842.3636296432524, Time : 23.193 s
Timestep : 201456, score : -3498.780749889469, Time : 23.229 s
Timestep : 210215, score : -3357.9902938407904, Time : 23.234 s
Timestep : 218974, score : -3481.185885796818, Time : 23.149 s
Timestep : 227733, score : -3582.98314597868, Time : 23.032 s
Timestep : 236492, score : -3147.843944360764, Time : 23.151 s
Timestep : 245251, score : -3589.3977977797913, Time : 23.357 s
Timestep : 254010, score : -3860.573356260924, Time : 23.516 s
Timestep : 262769, score : -3723.072331497475, Time : 23.28 s
Timestep : 271528, score : -3895.399578273369, Time : 23.012 s
Timestep : 280287, score : -3230.1822869966563, Time : 22.908 s
Timestep : 289046, score : -3542.0983669156267, Time : 23.232 s
Timestep : 297805, score : -3042.9002075664757, Time : 23.269 s
Timestep : 306564, score : -3182.514177415782, Time : 23.165 s
Timestep : 315323, score : -2772.1845020863984, Time : 23.188 s
Timestep : 324082, score : -3183.158127467701, Time : 23.168 s
Timestep : 332841, score : -3250.6302388352633, Time : 23.258 s
Timestep : 341600, score : -3601.3425878485723, Time : 23.25 s
Timestep : 350359, score : -3428.13333402251, Time : 23.25 s
Timestep : 359118, score : -3506.1756330508797, Time : 23.23 s
Timestep : 367877, score : -3886.72498085993, Time : 23.188 s
Timestep : 376636, score : -3617.7208497462852, Time : 23.24 s
Timestep : 385395, score : -3368.3454546911235, Time : 23.288 s
Timestep : 394154, score : -2908.491848834703, Time : 23.551 s
Timestep : 402913, score : -3076.0875171931984, Time : 23.421 s
Timestep : 411672, score : -3123.8833198233333, Time : 23.263 s
Timestep : 420431, score : -3228.9682406158245, Time : 23.236 s
Timestep : 429190, score : -2950.4059602723282, Time : 23.219 s
Timestep : 437949, score : -2837.510727656452, Time : 23.243 s
Timestep : 446708, score : -3178.7400322988688, Time : 23.069 s
Timestep : 455467, score : -3048.2908367117925, Time : 22.806 s
Timestep : 464226, score : -2983.74520961885, Time : 23.118 s
Timestep : 472985, score : -3106.9575248150213, Time : 23.215 s
Timestep : 481744, score : -3480.768019794399, Time : 23.262 s
Timestep : 490503, score : -3053.2337203373027, Time : 23.242 s
Timestep : 499262, score : -3009.639650698082, Time : 23.25 s
Timestep : 508021, score : -2842.4567143176973, Time : 23.311 s
Timestep : 516780, score : -2537.6984832284797, Time : 23.262 s
Timestep : 525539, score : -3285.573130862118, Time : 23.248 s
Timestep : 534298, score : -2805.6346890417917, Time : 23.354 s
Timestep : 543057, score : -3335.77398114503, Time : 23.2 s
Timestep : 551816, score : -3131.543793952238, Time : 23.133 s
Timestep : 560575, score : -2967.2896778103022, Time : 23.21 s
Timestep : 569334, score : -2845.123004746536, Time : 23.031 s
Timestep : 578093, score : -3506.0737920449174, Time : 23.004 s
Timestep : 586852, score : -3398.38561756516, Time : 23.134 s
Timestep : 595611, score : -2905.8599982633314, Time : 23.224 s
Timestep : 604370, score : -2820.637132627802, Time : 22.835 s
Timestep : 613129, score : -3248.7807188930747, Time : 23.172 s
Timestep : 621888, score : -3110.6573202736035, Time : 23.051 s
Timestep : 630647, score : -2771.9219444966, Time : 22.713 s
Timestep : 639406, score : -2487.5868294941756, Time : 22.913 s
Timestep : 648165, score : -2422.1851401705353, Time : 23.154 s
Timestep : 656924, score : -2280.1523093887663, Time : 23.024 s
Timestep : 665683, score : -2533.64148327327, Time : 23.213 s
Timestep : 674442, score : -2471.0070459241106, Time : 22.657 s
Timestep : 683201, score : -2700.28938184274, Time : 23.233 s
Timestep : 691960, score : -2484.402657058701, Time : 23.295 s
Timestep : 700719, score : -3002.145022170531, Time : 23.244 s
Timestep : 709478, score : -2882.518867440318, Time : 23.014 s
Timestep : 718237, score : -3002.026075095375, Time : 22.876 s
Timestep : 726996, score : -3212.893139166088, Time : 23.04 s
Timestep : 735755, score : -3249.662685444957, Time : 23.049 s
Timestep : 744514, score : -2969.9039538082725, Time : 23.161 s
Timestep : 753273, score : -3141.158862544602, Time : 23.737 s
Timestep : 762032, score : -3283.657387902407, Time : 23.126 s
Timestep : 770791, score : -3225.772369915998, Time : 22.826 s
Timestep : 779550, score : -2660.1424583448825, Time : 22.95 s
Timestep : 788309, score : -2711.3484562338854, Time : 23.036 s
Timestep : 797068, score : -2847.328099184, Time : 22.715 s
Timestep : 805827, score : -2997.468049062445, Time : 23.091 s
Timestep : 814586, score : -3080.11748846274, Time : 23.188 s
Timestep : 823345, score : -2555.1024718395493, Time : 23.52 s
Timestep : 832104, score : -2767.85205628947, Time : 23.378 s
Timestep : 840863, score : -2922.066147014295, Time : 23.178 s
Timestep : 849622, score : -3017.5730825079663, Time : 23.011 s
Timestep : 858381, score : -3368.2237779344723, Time : 23.124 s
Timestep : 867140, score : -2611.841714404436, Time : 23.118 s
Timestep : 875899, score : -2661.724053822487, Time : 23.02 s
Starting local evaluation
Num Steps: 1000, Num episodes: 0
Num Steps: 2000, Num episodes: 0
Num Steps: 3000, Num episodes: 0
Num Steps: 4000, Num episodes: 0
Num Steps: 5000, Num episodes: 0
Num Steps: 6000, Num episodes: 0
Num Steps: 7000, Num episodes: 0
Num Steps: 8000, Num episodes: 0
Episode complete: 1 | Latest episode metrics: {'price_cost': 0.958219103477827, 'emmision_cost': 0.9837249709455811}
[-0.19368875] -0.193688749663837
Average Price Cost: 0.958219103477827
Average Emmision Cost: 0.9837249709455811
Average of both costs: 0.9709720372117041
Total time taken by agent: 3.7556399991735816s
DONE!
