{'agent': 'DQN', 'action_selection': 'softmax', 'seed': 1, 'episodes': 100, 'data_path': 'data/citylearn_challenge_2022_phase_1', 'dry_run': False, 'n_discrete': 9, 'update_target': 4, 'lr': 3e-05, 'batch_size': 128, 'adam_epsilon': 1e-07, 'epsilon_final': 0.02, 'run_id': 200}
{'Notes': 'This is a tuning run, executed on a single building.',
 'action_selection': 'softmax',
 'adam_epsilon': 1e-07,
 'env': '<NormalizeObservation<OneHotHour<DiscreteSingle<CityLearnEnv '
        'instance>>>>',
 'final_exploration_rate': 0.02,
 'final_exploration_step': 1000,
 'gamma': 0.99,
 'initial_exploration_rate': 1,
 'learning_rate': 3e-05,
 'loss': 'mse',
 'minibatch_size': 128,
 'network': 'MLP(\n'
            '  (layers): Sequential(\n'
            '    (0): Linear(in_features=29, out_features=128, bias=True)\n'
            '    (1): ReLU()\n'
            '    (2): Linear(in_features=128, out_features=128, bias=True)\n'
            '    (3): ReLU()\n'
            '    (4): Linear(in_features=128, out_features=9, bias=True)\n'
            '  )\n'
            ')',
 'replay_buffer_size': 10000,
 'replay_start_size': 128,
 'seed': 1,
 'train_steps': 876000,
 'update_frequency': 1,
 'update_target_frequency': 4,
 'weight_scale': 1.4142135623730951}
Timestep : 8758, score : -5201.26559733288, Time : 24.119 s
Timestep : 17517, score : -4981.948576938739, Time : 25.093 s
Timestep : 26276, score : -4480.610392312141, Time : 25.018 s
Timestep : 35035, score : -4428.16651131984, Time : 24.928 s
Timestep : 43794, score : -4427.408742191648, Time : 25.193 s
Timestep : 52553, score : -3812.0895533789007, Time : 25.038 s
Timestep : 61312, score : -2730.2540083406057, Time : 25.243 s
Timestep : 70071, score : -2497.8500353837444, Time : 25.201 s
Timestep : 78830, score : -2697.494232769386, Time : 25.085 s
Timestep : 87589, score : -2496.2761711972125, Time : 25.046 s
Timestep : 96348, score : -2713.6831843722903, Time : 25.035 s
Timestep : 105107, score : -2690.182467179169, Time : 24.972 s
Timestep : 113866, score : -2865.698600168602, Time : 25.0 s
Timestep : 122625, score : -2423.851263272838, Time : 25.205 s
Timestep : 131384, score : -2255.9587063213403, Time : 25.214 s
Timestep : 140143, score : -2455.5555858512234, Time : 25.006 s
Timestep : 148902, score : -2097.383110263647, Time : 24.874 s
Timestep : 157661, score : -2287.684907211602, Time : 25.073 s
Timestep : 166420, score : -1588.6130297601048, Time : 25.082 s
Timestep : 175179, score : -2347.072002074172, Time : 25.032 s
Timestep : 183938, score : -2147.1078268605343, Time : 25.273 s
Timestep : 192697, score : -2280.113915025053, Time : 25.242 s
Timestep : 201456, score : -2611.596297338052, Time : 25.039 s
Timestep : 210215, score : -2766.8184937628976, Time : 25.146 s
Timestep : 218974, score : -2438.7546143196814, Time : 25.169 s
Timestep : 227733, score : -2334.334885848366, Time : 25.036 s
Timestep : 236492, score : -2388.313731154223, Time : 24.734 s
Timestep : 245251, score : -2843.9269035966427, Time : 24.796 s
Timestep : 254010, score : -2472.5972085664107, Time : 25.048 s
Timestep : 262769, score : -2542.403456348722, Time : 24.93 s
Timestep : 271528, score : -2404.3385115854617, Time : 25.15 s
Timestep : 280287, score : -2078.4129783851386, Time : 24.915 s
Timestep : 289046, score : -2103.667631588556, Time : 24.851 s
Timestep : 297805, score : -2119.9330360174936, Time : 24.811 s
Timestep : 306564, score : -2433.0330805723916, Time : 24.991 s
Timestep : 315323, score : -2151.2062124603253, Time : 25.038 s
Timestep : 324082, score : -2163.672043918821, Time : 25.193 s
Timestep : 332841, score : -1882.3413350988703, Time : 25.26 s
Timestep : 341600, score : -1959.2259514939797, Time : 25.559 s
Timestep : 350359, score : -1757.5773992504983, Time : 25.196 s
Timestep : 359118, score : -2026.743013654399, Time : 25.065 s
Timestep : 367877, score : -2052.5809584965755, Time : 25.177 s
Timestep : 376636, score : -1986.2727466038486, Time : 25.066 s
Timestep : 385395, score : -1667.0457505790546, Time : 24.893 s
Timestep : 394154, score : -1969.0178134047019, Time : 24.901 s
Timestep : 402913, score : -2281.5018751072057, Time : 25.025 s
Timestep : 411672, score : -2014.1182223379437, Time : 25.051 s
Timestep : 420431, score : -2478.6008536560694, Time : 25.018 s
Timestep : 429190, score : -2333.822488968901, Time : 24.916 s
Timestep : 437949, score : -2017.3308611689426, Time : 24.845 s
Timestep : 446708, score : -1912.6904680497537, Time : 24.702 s
Timestep : 455467, score : -1898.9932454307855, Time : 24.801 s
Timestep : 464226, score : -1943.4456078181538, Time : 25.107 s
Timestep : 472985, score : -1943.7335487574164, Time : 24.848 s
Timestep : 481744, score : -1709.1952299197, Time : 24.958 s
Timestep : 490503, score : -1552.1220610481978, Time : 25.126 s
Timestep : 499262, score : -1732.2847860353795, Time : 24.839 s
Timestep : 508021, score : -1778.4788787099242, Time : 24.847 s
Timestep : 516780, score : -1853.2029350380908, Time : 24.747 s
Timestep : 525539, score : -1885.8414437100582, Time : 24.93 s
Timestep : 534298, score : -1785.166110391685, Time : 25.024 s
Timestep : 543057, score : -1870.3448590773914, Time : 25.04 s
Timestep : 551816, score : -1494.1789470691292, Time : 25.022 s
Timestep : 560575, score : -1563.918484406502, Time : 24.979 s
Timestep : 569334, score : -1762.0731477316294, Time : 24.766 s
Timestep : 578093, score : -1977.6102618526493, Time : 24.694 s
Timestep : 586852, score : -1850.2156529107888, Time : 24.907 s
Timestep : 595611, score : -1747.6200625339698, Time : 24.49 s
Timestep : 604370, score : -1831.1637864003715, Time : 24.577 s
Timestep : 613129, score : -1982.957887562603, Time : 24.788 s
Timestep : 621888, score : -1882.0988970874023, Time : 24.784 s
Timestep : 630647, score : -2085.284601739404, Time : 24.685 s
Timestep : 639406, score : -2014.770692241451, Time : 24.765 s
Timestep : 648165, score : -1923.4594475261692, Time : 24.537 s
Timestep : 656924, score : -1847.5228549628082, Time : 24.593 s
Timestep : 665683, score : -1913.2735067939211, Time : 24.761 s
Timestep : 674442, score : -1917.7121913025912, Time : 24.746 s
Timestep : 683201, score : -1716.606155582709, Time : 24.806 s
Timestep : 691960, score : -1688.3798385169648, Time : 24.807 s
Timestep : 700719, score : -1587.5298519838543, Time : 24.786 s
Timestep : 709478, score : -1803.0042328438285, Time : 24.804 s
Timestep : 718237, score : -1723.5525024413073, Time : 24.894 s
Timestep : 726996, score : -1773.2492407767859, Time : 24.937 s
Timestep : 735755, score : -1943.7523788388353, Time : 25.021 s
Timestep : 744514, score : -2024.992174661049, Time : 25.032 s
Timestep : 753273, score : -1994.510699863502, Time : 24.887 s
Timestep : 762032, score : -1915.2278854514298, Time : 24.762 s
Timestep : 770791, score : -1999.510329357101, Time : 25.088 s
Timestep : 779550, score : -2017.7701500733674, Time : 24.932 s
Timestep : 788309, score : -1977.2813290448685, Time : 24.763 s
Timestep : 797068, score : -1935.8416594834707, Time : 24.859 s
Timestep : 805827, score : -1865.508097935497, Time : 25.145 s
Timestep : 814586, score : -2127.1568653837603, Time : 24.93 s
Timestep : 823345, score : -2131.793114289205, Time : 24.752 s
Timestep : 832104, score : -2213.7341234183696, Time : 24.787 s
Timestep : 840863, score : -2168.2360752790264, Time : 24.841 s
Timestep : 849622, score : -2193.9220413751464, Time : 24.524 s
Timestep : 858381, score : -1692.598856064331, Time : 24.641 s
Timestep : 867140, score : -1785.4694494991854, Time : 24.8 s
Timestep : 875899, score : -1951.3989228095306, Time : 24.709 s
Starting local evaluation
Num Steps: 1000, Num episodes: 0
Num Steps: 2000, Num episodes: 0
Num Steps: 3000, Num episodes: 0
Num Steps: 4000, Num episodes: 0
Num Steps: 5000, Num episodes: 0
Num Steps: 6000, Num episodes: 0
Num Steps: 7000, Num episodes: 0
Num Steps: 8000, Num episodes: 0
Episode complete: 1 | Latest episode metrics: {'price_cost': 0.8678934682007869, 'emmision_cost': 0.937773961886455}
[-0.10870909] -0.10870908874154628
Average Price Cost: 0.8678934682007869
Average Emmision Cost: 0.937773961886455
Average of both costs: 0.902833715043621
Total time taken by agent: 3.4309673542156816s
DONE!
