{'agent': 'DQN', 'action_selection': 'egreedy', 'seed': 1, 'episodes': 100, 'data_path': 'data/citylearn_challenge_2022_phase_1', 'dry_run': False, 'n_discrete': 9, 'update_target': 16, 'lr': 0.1, 'batch_size': 64, 'adam_epsilon': 1e-08, 'epsilon_final': 0.1, 'run_id': 208}
{'Notes': 'This is a tuning run, executed on a single building.',
 'action_selection': 'egreedy',
 'adam_epsilon': 1e-08,
 'env': '<NormalizeObservation<OneHotHour<DiscreteSingle<CityLearnEnv '
        'instance>>>>',
 'final_exploration_rate': 0.02,
 'final_exploration_step': 1000,
 'gamma': 0.99,
 'initial_exploration_rate': 1,
 'learning_rate': 0.1,
 'loss': 'mse',
 'minibatch_size': 64,
 'network': 'MLP(\n'
            '  (layers): Sequential(\n'
            '    (0): Linear(in_features=29, out_features=128, bias=True)\n'
            '    (1): ReLU()\n'
            '    (2): Linear(in_features=128, out_features=128, bias=True)\n'
            '    (3): ReLU()\n'
            '    (4): Linear(in_features=128, out_features=9, bias=True)\n'
            '  )\n'
            ')',
 'replay_buffer_size': 10000,
 'replay_start_size': 64,
 'seed': 1,
 'train_steps': 876000,
 'update_frequency': 1,
 'update_target_frequency': 16,
 'weight_scale': 1.4142135623730951}
Timestep : 8758, score : -5643.934233633248, Time : 22.145 s
Timestep : 17517, score : -4555.135633117898, Time : 22.412 s
Timestep : 26276, score : -4585.638781954913, Time : 22.504 s
Timestep : 35035, score : -4446.777451687871, Time : 22.511 s
Timestep : 43794, score : -4473.181111532642, Time : 22.507 s
Timestep : 52553, score : -4542.824109701352, Time : 22.624 s
Timestep : 61312, score : -4523.652881238057, Time : 23.274 s
Timestep : 70071, score : -4521.0859683355375, Time : 23.064 s
Timestep : 78830, score : -4658.544943906745, Time : 22.616 s
Timestep : 87589, score : -4518.128702199465, Time : 23.158 s
Timestep : 96348, score : -4465.5478292414045, Time : 23.348 s
Timestep : 105107, score : -4583.049200967376, Time : 23.205 s
Timestep : 113866, score : -4564.706667871593, Time : 23.331 s
Timestep : 122625, score : -4500.545923022, Time : 23.344 s
Timestep : 131384, score : -4457.617753980128, Time : 23.345 s
Timestep : 140143, score : -4495.594878894655, Time : 23.374 s
Timestep : 148902, score : -4478.871234252496, Time : 23.321 s
Timestep : 157661, score : -4476.277158623008, Time : 23.37 s
Timestep : 166420, score : -4427.152375165751, Time : 23.385 s
Timestep : 175179, score : -4504.373559893487, Time : 23.379 s
Timestep : 183938, score : -4559.172831752716, Time : 23.365 s
Timestep : 192697, score : -4571.48051919174, Time : 23.357 s
Timestep : 201456, score : -4491.73642173913, Time : 23.34 s
Timestep : 210215, score : -4471.2485469034, Time : 23.418 s
Timestep : 218974, score : -4412.401963903947, Time : 23.385 s
Timestep : 227733, score : -4314.496841152577, Time : 23.391 s
Timestep : 236492, score : -4449.194610124367, Time : 23.36 s
Timestep : 245251, score : -4493.133670674084, Time : 23.371 s
Timestep : 254010, score : -4480.305467632046, Time : 23.371 s
Timestep : 262769, score : -4660.340910562052, Time : 23.331 s
Timestep : 271528, score : -4412.42559507236, Time : 22.688 s
Timestep : 280287, score : -4375.960672552959, Time : 22.669 s
Timestep : 289046, score : -4494.692412067627, Time : 22.636 s
Timestep : 297805, score : -4517.445254764898, Time : 22.734 s
Timestep : 306564, score : -4519.5298059427005, Time : 23.325 s
Timestep : 315323, score : -4575.755893186113, Time : 23.343 s
Timestep : 324082, score : -4582.4441796740575, Time : 23.372 s
Timestep : 332841, score : -4650.376783931075, Time : 23.384 s
Timestep : 341600, score : -4561.275668643793, Time : 23.347 s
Timestep : 350359, score : -4475.298131713091, Time : 23.398 s
Timestep : 359118, score : -4718.043925193051, Time : 23.377 s
Timestep : 367877, score : -4583.867286075285, Time : 23.35 s
Timestep : 376636, score : -4577.2427337126865, Time : 23.394 s
Timestep : 385395, score : -4639.327604988037, Time : 23.388 s
Timestep : 394154, score : -4524.126962100534, Time : 23.377 s
Timestep : 402913, score : -4527.563528784463, Time : 23.133 s
Timestep : 411672, score : -4552.977618550329, Time : 23.386 s
Timestep : 420431, score : -4543.99737800649, Time : 23.349 s
Timestep : 429190, score : -4527.032960710494, Time : 23.008 s
Timestep : 437949, score : -4450.834251135035, Time : 22.625 s
Timestep : 446708, score : -4503.482164544432, Time : 22.668 s
Timestep : 455467, score : -4558.803973411588, Time : 22.635 s
Timestep : 464226, score : -4676.745752147312, Time : 22.613 s
Timestep : 472985, score : -4524.086228919594, Time : 22.821 s
Timestep : 481744, score : -4655.847363813227, Time : 23.16 s
Timestep : 490503, score : -4624.936144973573, Time : 23.139 s
Timestep : 499262, score : -4579.667859279114, Time : 23.159 s
Timestep : 508021, score : -4527.2700499928615, Time : 23.185 s
Timestep : 516780, score : -4485.897837181954, Time : 22.649 s
Timestep : 525539, score : -4575.962320007413, Time : 22.623 s
Timestep : 534298, score : -4540.976428357331, Time : 22.597 s
Timestep : 543057, score : -4372.949088259978, Time : 22.622 s
Timestep : 551816, score : -4437.059629987372, Time : 22.638 s
Timestep : 560575, score : -4558.067700010637, Time : 22.628 s
Timestep : 569334, score : -4493.273885195522, Time : 22.635 s
Timestep : 578093, score : -4495.777465451887, Time : 22.736 s
Timestep : 586852, score : -4540.60933028665, Time : 23.337 s
Timestep : 595611, score : -4614.740614598064, Time : 23.323 s
Timestep : 604370, score : -4562.414927705264, Time : 23.32 s
Timestep : 613129, score : -4532.812920415221, Time : 23.348 s
Timestep : 621888, score : -4542.502863276197, Time : 23.368 s
Timestep : 630647, score : -4490.955213951325, Time : 23.341 s
Timestep : 639406, score : -4473.061604565039, Time : 23.365 s
Timestep : 648165, score : -4546.3818617755605, Time : 23.362 s
Timestep : 656924, score : -4618.543872109993, Time : 23.369 s
Timestep : 665683, score : -4535.339097631542, Time : 23.373 s
Timestep : 674442, score : -4504.7555230422, Time : 23.341 s
Timestep : 683201, score : -4571.89296526034, Time : 23.376 s
Timestep : 691960, score : -4660.404434686905, Time : 23.359 s
Timestep : 700719, score : -4553.803342264524, Time : 23.345 s
Timestep : 709478, score : -4581.760731934948, Time : 23.026 s
Timestep : 718237, score : -4417.023553928389, Time : 23.353 s
Timestep : 726996, score : -4470.520619360643, Time : 23.362 s
Timestep : 735755, score : -4562.035359844012, Time : 22.925 s
Timestep : 744514, score : -4619.886456312059, Time : 22.662 s
Timestep : 753273, score : -4486.426613393618, Time : 22.679 s
Timestep : 762032, score : -4361.54668036518, Time : 22.675 s
Timestep : 770791, score : -4567.312774277714, Time : 22.651 s
Timestep : 779550, score : -4530.389766875916, Time : 22.609 s
Timestep : 788309, score : -4457.227651219262, Time : 22.551 s
Timestep : 797068, score : -4642.274171130179, Time : 22.528 s
Timestep : 805827, score : -4501.788889769843, Time : 22.543 s
Timestep : 814586, score : -4489.760567938356, Time : 22.514 s
Timestep : 823345, score : -4588.929155247199, Time : 22.528 s
Timestep : 832104, score : -4554.152457467659, Time : 22.548 s
Timestep : 840863, score : -4638.533631236671, Time : 22.557 s
Timestep : 849622, score : -4400.296090585558, Time : 22.513 s
Timestep : 858381, score : -4534.780564202025, Time : 22.538 s
Timestep : 867140, score : -4449.2786911285075, Time : 22.904 s
Timestep : 875899, score : -4561.855203620071, Time : 23.176 s
Starting local evaluation
Num Steps: 1000, Num episodes: 0
Num Steps: 2000, Num episodes: 0
Num Steps: 3000, Num episodes: 0
Num Steps: 4000, Num episodes: 0
Num Steps: 5000, Num episodes: 0
Num Steps: 6000, Num episodes: 0
Num Steps: 7000, Num episodes: 0
Num Steps: 8000, Num episodes: 0
Episode complete: 1 | Latest episode metrics: {'price_cost': 1.0268155231596698, 'emmision_cost': 1.0316641320006263}
[-0.26591342] -0.26591341922400835
Average Price Cost: 1.0268155231596698
Average Emmision Cost: 1.0316641320006263
Average of both costs: 1.029239827580148
Total time taken by agent: 2.5905563628766686s
DONE!
