{'agent': 'DQN', 'action_selection': 'egreedy', 'seed': 1, 'episodes': 100, 'data_path': 'data/citylearn_challenge_2022_phase_1', 'dry_run': False, 'n_discrete': 9, 'update_target': 8, 'lr': 0.0007, 'batch_size': 32, 'adam_epsilon': 1e-09, 'epsilon_final': 0.04, 'run_id': 269}
{'Notes': 'This is a tuning run, executed on a single building.',
 'action_selection': 'egreedy',
 'adam_epsilon': 1e-09,
 'env': '<NormalizeObservation<OneHotHour<DiscreteSingle<CityLearnEnv '
        'instance>>>>',
 'final_exploration_rate': 0.02,
 'final_exploration_step': 1000,
 'gamma': 0.99,
 'initial_exploration_rate': 1,
 'learning_rate': 0.0007,
 'loss': 'mse',
 'minibatch_size': 32,
 'network': 'MLP(\n'
            '  (layers): Sequential(\n'
            '    (0): Linear(in_features=29, out_features=128, bias=True)\n'
            '    (1): ReLU()\n'
            '    (2): Linear(in_features=128, out_features=128, bias=True)\n'
            '    (3): ReLU()\n'
            '    (4): Linear(in_features=128, out_features=9, bias=True)\n'
            '  )\n'
            ')',
 'replay_buffer_size': 10000,
 'replay_start_size': 32,
 'seed': 1,
 'train_steps': 876000,
 'update_frequency': 1,
 'update_target_frequency': 8,
 'weight_scale': 1.4142135623730951}
Timestep : 8758, score : -6892.144855363091, Time : 22.635 s
Timestep : 17517, score : -5019.866831761858, Time : 23.896 s
Timestep : 26276, score : -4942.721092885127, Time : 22.806 s
Timestep : 35035, score : -4782.497788441397, Time : 22.887 s
Timestep : 43794, score : -4695.202317329153, Time : 22.83 s
Timestep : 52553, score : -4668.924780830348, Time : 22.65 s
Timestep : 61312, score : -4967.543996573455, Time : 22.721 s
Timestep : 70071, score : -4717.89156872053, Time : 22.234 s
Timestep : 78830, score : -4868.996175965556, Time : 22.215 s
Timestep : 87589, score : -4443.956944733654, Time : 22.64 s
Timestep : 96348, score : -4502.639204633102, Time : 22.38 s
Timestep : 105107, score : -4650.5622233699105, Time : 22.953 s
Timestep : 113866, score : -3881.435479434702, Time : 23.134 s
Timestep : 122625, score : -3782.3407722045376, Time : 22.721 s
Timestep : 131384, score : -4151.140037589379, Time : 22.173 s
Timestep : 140143, score : -4122.898354118137, Time : 22.427 s
Timestep : 148902, score : -3931.9772608740896, Time : 22.671 s
Timestep : 157661, score : -4121.132371361207, Time : 22.932 s
Timestep : 166420, score : -4267.627108278408, Time : 22.805 s
Timestep : 175179, score : -3802.9638998388546, Time : 22.939 s
Timestep : 183938, score : -3613.3803916368197, Time : 22.584 s
Timestep : 192697, score : -3296.31977864707, Time : 22.892 s
Timestep : 201456, score : -3774.723579172831, Time : 22.87 s
Timestep : 210215, score : -3640.942597382964, Time : 22.939 s
Timestep : 218974, score : -3203.06001051802, Time : 22.909 s
Timestep : 227733, score : -3425.5342444316702, Time : 22.566 s
Timestep : 236492, score : -3011.0246060097124, Time : 23.709 s
Timestep : 245251, score : -3626.959895289634, Time : 23.095 s
Timestep : 254010, score : -2770.735432415182, Time : 22.42 s
Timestep : 262769, score : -3387.2006134880066, Time : 22.77 s
Timestep : 271528, score : -3027.3769837240725, Time : 22.888 s
Timestep : 280287, score : -3244.0623822888447, Time : 22.278 s
Timestep : 289046, score : -3002.067767608991, Time : 22.636 s
Timestep : 297805, score : -2670.1475544316636, Time : 22.5 s
Timestep : 306564, score : -2290.8081307002285, Time : 22.96 s
Timestep : 315323, score : -2445.387878923939, Time : 22.854 s
Timestep : 324082, score : -2432.619224586684, Time : 22.653 s
Timestep : 332841, score : -2390.7142544787202, Time : 22.7 s
Timestep : 341600, score : -2437.314120617957, Time : 22.891 s
Timestep : 350359, score : -2675.3164273420844, Time : 22.814 s
Timestep : 359118, score : -2509.874534235627, Time : 22.887 s
Timestep : 367877, score : -2548.07445529892, Time : 22.15 s
Timestep : 376636, score : -2316.39328910716, Time : 22.194 s
Timestep : 385395, score : -2529.315646327479, Time : 22.104 s
Timestep : 394154, score : -2563.551026522444, Time : 22.278 s
Timestep : 402913, score : -2406.2922624417406, Time : 22.151 s
Timestep : 411672, score : -2318.615877473989, Time : 22.126 s
Timestep : 420431, score : -2292.3600811574433, Time : 22.535 s
Timestep : 429190, score : -2197.5047847379756, Time : 22.902 s
Timestep : 437949, score : -2376.278360196302, Time : 22.872 s
Timestep : 446708, score : -2362.602669709624, Time : 22.894 s
Timestep : 455467, score : -2277.1644309361727, Time : 22.387 s
Timestep : 464226, score : -2495.341544628871, Time : 22.589 s
Timestep : 472985, score : -2449.017553057085, Time : 22.042 s
Timestep : 481744, score : -2306.2921111617034, Time : 23.063 s
Timestep : 490503, score : -2222.686196858718, Time : 22.796 s
Timestep : 499262, score : -2107.47800700106, Time : 22.356 s
Timestep : 508021, score : -2077.156174699572, Time : 22.589 s
Timestep : 516780, score : -2394.243187942804, Time : 22.837 s
Timestep : 525539, score : -2421.2610449737695, Time : 22.469 s
Timestep : 534298, score : -1970.589173630884, Time : 22.39 s
Timestep : 543057, score : -1840.011889480782, Time : 22.149 s
Timestep : 551816, score : -1840.1979544208589, Time : 22.829 s
Timestep : 560575, score : -1952.4918965040415, Time : 22.204 s
Timestep : 569334, score : -1892.9542663105094, Time : 22.71 s
Timestep : 578093, score : -2119.65766156507, Time : 22.838 s
Timestep : 586852, score : -1880.9877125613857, Time : 22.712 s
Timestep : 595611, score : -1907.3938327951619, Time : 23.172 s
Timestep : 604370, score : -2136.1475574394717, Time : 22.833 s
Timestep : 613129, score : -1979.7696231942682, Time : 22.599 s
Timestep : 621888, score : -2261.2421613595943, Time : 22.325 s
Timestep : 630647, score : -1927.6759088008112, Time : 22.853 s
Timestep : 639406, score : -2083.458590090231, Time : 22.908 s
Timestep : 648165, score : -2144.2594867373846, Time : 22.796 s
Timestep : 656924, score : -1806.9431278033444, Time : 23.187 s
Timestep : 665683, score : -1584.4187860435632, Time : 22.63 s
Timestep : 674442, score : -2035.4411349405127, Time : 22.534 s
Timestep : 683201, score : -2022.3889866031968, Time : 22.69 s
Timestep : 691960, score : -1994.569255124501, Time : 22.887 s
Timestep : 700719, score : -1964.3592298435542, Time : 22.787 s
Timestep : 709478, score : -2176.5290586187766, Time : 23.017 s
Timestep : 718237, score : -2053.111201014908, Time : 22.921 s
Timestep : 726996, score : -1691.8795394566405, Time : 22.924 s
Timestep : 735755, score : -1778.9356489147467, Time : 22.918 s
Timestep : 744514, score : -1884.0458755026484, Time : 22.887 s
Timestep : 753273, score : -2082.263077716416, Time : 22.353 s
Timestep : 762032, score : -1666.522013857335, Time : 22.257 s
Timestep : 770791, score : -1514.8082163703657, Time : 22.836 s
Timestep : 779550, score : -1663.0218928359973, Time : 22.196 s
Timestep : 788309, score : -1684.0465260690107, Time : 22.191 s
Timestep : 797068, score : -1519.8280559899576, Time : 22.225 s
Timestep : 805827, score : -1638.9848797141167, Time : 22.251 s
Timestep : 814586, score : -1811.4564669156243, Time : 22.661 s
Timestep : 823345, score : -1549.0195538512926, Time : 23.463 s
Timestep : 832104, score : -1676.9584428312082, Time : 23.034 s
Timestep : 840863, score : -1629.0783742636268, Time : 22.488 s
Timestep : 849622, score : -1653.1998232535843, Time : 22.81 s
Timestep : 858381, score : -1835.1037059272203, Time : 22.687 s
Timestep : 867140, score : -1510.9161655010248, Time : 22.383 s
Timestep : 875899, score : -1656.3876149065618, Time : 22.927 s
Starting local evaluation
Num Steps: 1000, Num episodes: 0
Num Steps: 2000, Num episodes: 0
Num Steps: 3000, Num episodes: 0
Num Steps: 4000, Num episodes: 0
Num Steps: 5000, Num episodes: 0
Num Steps: 6000, Num episodes: 0
Num Steps: 7000, Num episodes: 0
Num Steps: 8000, Num episodes: 0
Episode complete: 1 | Latest episode metrics: {'price_cost': 0.8627859921280855, 'emmision_cost': 0.981724829874377}
[-0.13134353] -0.13134353452569345
Average Price Cost: 0.8627859921280855
Average Emmision Cost: 0.981724829874377
Average of both costs: 0.9222554110012313
Total time taken by agent: 2.5493195322342217s
DONE!
