{'agent': 'DQN', 'action_selection': 'softmax', 'seed': 1, 'episodes': 100, 'data_path': 'data/citylearn_challenge_2022_phase_1', 'dry_run': False, 'n_discrete': 9, 'update_target': 16, 'lr': 0.1, 'batch_size': 2, 'adam_epsilon': 1e-09, 'epsilon_final': 0.02, 'run_id': 85}
{'Notes': 'This is a tuning run, executed on a single building.',
 'action_selection': 'softmax',
 'adam_epsilon': 1e-09,
 'env': '<NormalizeObservation<OneHotHour<DiscreteSingle<CityLearnEnv '
        'instance>>>>',
 'final_exploration_rate': 0.02,
 'final_exploration_step': 1000,
 'gamma': 0.99,
 'initial_exploration_rate': 1,
 'learning_rate': 0.1,
 'loss': 'mse',
 'minibatch_size': 2,
 'network': 'MLP(\n'
            '  (layers): Sequential(\n'
            '    (0): Linear(in_features=29, out_features=128, bias=True)\n'
            '    (1): ReLU()\n'
            '    (2): Linear(in_features=128, out_features=128, bias=True)\n'
            '    (3): ReLU()\n'
            '    (4): Linear(in_features=128, out_features=9, bias=True)\n'
            '  )\n'
            ')',
 'replay_buffer_size': 10000,
 'replay_start_size': 2,
 'seed': 1,
 'train_steps': 876000,
 'update_frequency': 1,
 'update_target_frequency': 16,
 'weight_scale': 1.4142135623730951}
Timestep : 8758, score : -4362.863346196158, Time : 21.363 s
Timestep : 17517, score : -4075.255346122576, Time : 21.277 s
Timestep : 26276, score : -4175.927939209534, Time : 21.528 s
Timestep : 35035, score : -4107.522306589322, Time : 21.017 s
Timestep : 43794, score : -4064.1596038108983, Time : 20.703 s
Timestep : 52553, score : -4187.264258989511, Time : 21.136 s
Timestep : 61312, score : -4124.235647236375, Time : 21.06 s
Timestep : 70071, score : -4217.3523994781135, Time : 21.257 s
Timestep : 78830, score : -4101.547320024489, Time : 21.315 s
Timestep : 87589, score : -4221.057186333841, Time : 21.074 s
Timestep : 96348, score : -4241.948693912433, Time : 20.757 s
Timestep : 105107, score : -4189.539425811177, Time : 20.733 s
Timestep : 113866, score : -4287.240393441549, Time : 20.732 s
Timestep : 122625, score : -4216.823344489007, Time : 20.834 s
Timestep : 131384, score : -4262.5593684608175, Time : 21.087 s
Timestep : 140143, score : -4128.096569677262, Time : 21.11 s
Timestep : 148902, score : -4328.711579130875, Time : 20.74 s
Timestep : 157661, score : -4296.95475258716, Time : 20.761 s
Timestep : 166420, score : -4352.230142501561, Time : 20.717 s
Timestep : 175179, score : -4107.824786586134, Time : 20.805 s
Timestep : 183938, score : -4236.280059743818, Time : 21.1 s
Timestep : 192697, score : -4370.946875724854, Time : 21.028 s
Timestep : 201456, score : -4219.5660548712185, Time : 20.734 s
Timestep : 210215, score : -4101.270214644639, Time : 20.736 s
Timestep : 218974, score : -4375.648421661725, Time : 20.774 s
Timestep : 227733, score : -4188.439448978199, Time : 20.827 s
Timestep : 236492, score : -4126.884372187225, Time : 21.068 s
Timestep : 245251, score : -4173.44007968661, Time : 21.063 s
Timestep : 254010, score : -4228.59549766728, Time : 20.791 s
Timestep : 262769, score : -4136.363634143985, Time : 20.809 s
Timestep : 271528, score : -4124.854377443815, Time : 20.786 s
Timestep : 280287, score : -4119.624307682185, Time : 20.865 s
Timestep : 289046, score : -4221.957145129709, Time : 21.131 s
Timestep : 297805, score : -4221.307099138765, Time : 21.075 s
Timestep : 306564, score : -4237.20129016359, Time : 20.746 s
Timestep : 315323, score : -4304.563883550261, Time : 20.79 s
Timestep : 324082, score : -4327.636289772956, Time : 20.788 s
Timestep : 332841, score : -4212.09513768219, Time : 20.879 s
Timestep : 341600, score : -4220.156070581084, Time : 21.093 s
Timestep : 350359, score : -4140.853243222373, Time : 21.035 s
Timestep : 359118, score : -4242.67886789926, Time : 20.757 s
Timestep : 367877, score : -4288.519033532968, Time : 20.761 s
Timestep : 376636, score : -4104.794567835896, Time : 20.766 s
Timestep : 385395, score : -4188.363035582384, Time : 20.878 s
Timestep : 394154, score : -4307.810595456773, Time : 21.1 s
Timestep : 402913, score : -4163.433027014515, Time : 21.06 s
Timestep : 411672, score : -4235.172342163889, Time : 20.799 s
Timestep : 420431, score : -4201.885757909535, Time : 20.796 s
Timestep : 429190, score : -4197.751995661674, Time : 20.784 s
Timestep : 437949, score : -4248.715837063413, Time : 20.874 s
Timestep : 446708, score : -4387.005066091617, Time : 21.101 s
Timestep : 455467, score : -4180.914084032251, Time : 21.027 s
Timestep : 464226, score : -4226.081748732744, Time : 20.763 s
Timestep : 472985, score : -4286.213449796109, Time : 20.781 s
Timestep : 481744, score : -4079.256656018464, Time : 20.75 s
Timestep : 490503, score : -4148.58863024172, Time : 20.91 s
Timestep : 499262, score : -4224.918967515376, Time : 21.099 s
Timestep : 508021, score : -4153.674657274649, Time : 21.013 s
Timestep : 516780, score : -4333.041591690184, Time : 20.807 s
Timestep : 525539, score : -4256.773279664485, Time : 20.814 s
Timestep : 534298, score : -4322.563522966026, Time : 20.754 s
Timestep : 543057, score : -4262.698416027619, Time : 20.893 s
Timestep : 551816, score : -4248.752418236254, Time : 21.1 s
Timestep : 560575, score : -4104.734926022036, Time : 20.985 s
Timestep : 569334, score : -4270.282672773494, Time : 20.762 s
Timestep : 578093, score : -4289.268140813016, Time : 20.753 s
Timestep : 586852, score : -4335.95277971719, Time : 20.76 s
Timestep : 595611, score : -4098.952716417058, Time : 20.92 s
Timestep : 604370, score : -4333.988493267825, Time : 21.096 s
Timestep : 613129, score : -4155.884576271666, Time : 21.01 s
Timestep : 621888, score : -4250.633947785274, Time : 20.794 s
Timestep : 630647, score : -4144.176275362639, Time : 20.773 s
Timestep : 639406, score : -4368.14960309249, Time : 20.763 s
Timestep : 648165, score : -4199.107116408093, Time : 20.874 s
Timestep : 656924, score : -4143.520002129866, Time : 20.917 s
Timestep : 665683, score : -4294.943003725639, Time : 20.549 s
Timestep : 674442, score : -4256.7003411552, Time : 20.174 s
Timestep : 683201, score : -4153.479630564718, Time : 20.119 s
Timestep : 691960, score : -4127.703730009642, Time : 20.127 s
Timestep : 700719, score : -4200.51609434784, Time : 20.221 s
Timestep : 709478, score : -4199.673091951205, Time : 20.169 s
Timestep : 718237, score : -4429.779687006405, Time : 20.185 s
Timestep : 726996, score : -4172.226886539167, Time : 20.137 s
Timestep : 735755, score : -4247.7780959814845, Time : 20.131 s
Timestep : 744514, score : -4202.364067756949, Time : 20.131 s
Timestep : 753273, score : -4162.997666220559, Time : 20.139 s
Timestep : 762032, score : -4146.933970699465, Time : 20.103 s
Timestep : 770791, score : -4104.142197764741, Time : 20.117 s
Timestep : 779550, score : -4184.258179847529, Time : 20.12 s
Timestep : 788309, score : -4165.510478069453, Time : 20.155 s
Timestep : 797068, score : -4282.239997030614, Time : 20.155 s
Timestep : 805827, score : -4070.135482718615, Time : 19.593 s
Timestep : 814586, score : -4044.117816840677, Time : 19.401 s
Timestep : 823345, score : -4061.5356324514432, Time : 19.442 s
Timestep : 832104, score : -4163.874118567823, Time : 19.431 s
Timestep : 840863, score : -4259.323367360426, Time : 19.427 s
Timestep : 849622, score : -4198.112074210687, Time : 19.421 s
Timestep : 858381, score : -4260.920218655287, Time : 19.435 s
Timestep : 867140, score : -4257.303304166911, Time : 19.438 s
Timestep : 875899, score : -4160.702207812486, Time : 19.402 s
Starting local evaluation
Num Steps: 1000, Num episodes: 0
Num Steps: 2000, Num episodes: 0
Num Steps: 3000, Num episodes: 0
Num Steps: 4000, Num episodes: 0
Num Steps: 5000, Num episodes: 0
Num Steps: 6000, Num episodes: 0
Num Steps: 7000, Num episodes: 0
Num Steps: 8000, Num episodes: 0
Episode complete: 1 | Latest episode metrics: {'price_cost': 1.0010714538006529, 'emmision_cost': 1.0015322433573444}
[-0.23165118] -0.23165117650015024
Average Price Cost: 1.0010714538006529
Average Emmision Cost: 1.0015322433573444
Average of both costs: 1.0013018485789986
Total time taken by agent: 3.082801748183556s
DONE!
