{'agent': 'DQN', 'action_selection': 'softmax', 'seed': 1, 'episodes': 100, 'data_path': 'data/citylearn_challenge_2022_phase_1', 'dry_run': False, 'n_discrete': 9, 'update_target': 8, 'lr': 0.01, 'batch_size': 8, 'adam_epsilon': 1e-10, 'epsilon_final': 0.02, 'run_id': 57}
{'Notes': 'This is a tuning run, executed on a single building.',
 'action_selection': 'softmax',
 'adam_epsilon': 1e-10,
 'env': '<NormalizeObservation<OneHotHour<DiscreteSingle<CityLearnEnv '
        'instance>>>>',
 'final_exploration_rate': 0.02,
 'final_exploration_step': 1000,
 'gamma': 0.99,
 'initial_exploration_rate': 1,
 'learning_rate': 0.01,
 'loss': 'mse',
 'minibatch_size': 8,
 'network': 'MLP(\n'
            '  (layers): Sequential(\n'
            '    (0): Linear(in_features=29, out_features=128, bias=True)\n'
            '    (1): ReLU()\n'
            '    (2): Linear(in_features=128, out_features=128, bias=True)\n'
            '    (3): ReLU()\n'
            '    (4): Linear(in_features=128, out_features=9, bias=True)\n'
            '  )\n'
            ')',
 'replay_buffer_size': 10000,
 'replay_start_size': 8,
 'seed': 1,
 'train_steps': 876000,
 'update_frequency': 1,
 'update_target_frequency': 8,
 'weight_scale': 1.4142135623730951}
Timestep : 8758, score : -5766.403734718711, Time : 22.324 s
Timestep : 17517, score : -6135.458871397146, Time : 22.723 s
Timestep : 26276, score : -5514.987098731595, Time : 22.411 s
Timestep : 35035, score : -6820.372855825844, Time : 22.349 s
Timestep : 43794, score : -6998.910708643758, Time : 22.431 s
Timestep : 52553, score : -8110.391972750149, Time : 22.138 s
Timestep : 61312, score : -7865.003211011644, Time : 22.306 s
Timestep : 70071, score : -9037.439927741467, Time : 22.618 s
Timestep : 78830, score : -7985.485040794854, Time : 22.071 s
Timestep : 87589, score : -8584.361584073893, Time : 21.906 s
Timestep : 96348, score : -9271.460479566711, Time : 22.398 s
Timestep : 105107, score : -7715.487133507573, Time : 21.765 s
Timestep : 113866, score : -7797.179374490821, Time : 21.723 s
Timestep : 122625, score : -8877.375099623765, Time : 22.302 s
Timestep : 131384, score : -8443.657969457592, Time : 22.196 s
Timestep : 140143, score : -7918.656293367567, Time : 21.951 s
Timestep : 148902, score : -9124.550468894216, Time : 22.033 s
Timestep : 157661, score : -8533.500750255378, Time : 21.88 s
Timestep : 166420, score : -8640.175299238763, Time : 21.819 s
Timestep : 175179, score : -9166.53544409995, Time : 21.979 s
Timestep : 183938, score : -8476.838363816918, Time : 22.144 s
Timestep : 192697, score : -8154.905422881937, Time : 21.648 s
Timestep : 201456, score : -8370.073682678252, Time : 21.869 s
Timestep : 210215, score : -8815.633823754499, Time : 21.744 s
Timestep : 218974, score : -9201.076866626303, Time : 21.541 s
Timestep : 227733, score : -9057.46031858251, Time : 21.997 s
Timestep : 236492, score : -8484.72618382996, Time : 22.85 s
Timestep : 245251, score : -8736.95654669989, Time : 22.332 s
Timestep : 254010, score : -8155.181169522883, Time : 21.838 s
Timestep : 262769, score : -8803.722832404455, Time : 21.805 s
Timestep : 271528, score : -9505.415770313542, Time : 21.526 s
Timestep : 280287, score : -8586.50171838692, Time : 21.674 s
Timestep : 289046, score : -9233.34178898549, Time : 22.228 s
Timestep : 297805, score : -9045.928266657618, Time : 21.815 s
Timestep : 306564, score : -8716.587684747414, Time : 21.719 s
Timestep : 315323, score : -9192.114749456727, Time : 21.821 s
Timestep : 324082, score : -8790.023473129739, Time : 21.574 s
Timestep : 332841, score : -8834.802283108365, Time : 21.916 s
Timestep : 341600, score : -8407.923083316142, Time : 22.172 s
Timestep : 350359, score : -9187.857040603667, Time : 22.064 s
Timestep : 359118, score : -9159.060638006533, Time : 21.699 s
Timestep : 367877, score : -8687.88847621494, Time : 22.123 s
Timestep : 376636, score : -9339.420077588948, Time : 21.659 s
Timestep : 385395, score : -8490.010139585429, Time : 21.455 s
Timestep : 394154, score : -9526.9135374646, Time : 22.438 s
Timestep : 402913, score : -8595.407464421005, Time : 22.879 s
Timestep : 411672, score : -8567.572908391368, Time : 21.827 s
Timestep : 420431, score : -8728.745941626214, Time : 21.863 s
Timestep : 429190, score : -8268.047435524131, Time : 21.67 s
Timestep : 437949, score : -8181.914534048728, Time : 21.42 s
Timestep : 446708, score : -8983.299021294399, Time : 21.722 s
Timestep : 455467, score : -8943.79576524203, Time : 22.189 s
Timestep : 464226, score : -8828.077551830356, Time : 21.787 s
Timestep : 472985, score : -9337.078759479366, Time : 21.847 s
Timestep : 481744, score : -8921.899966793397, Time : 22.394 s
Timestep : 490503, score : -8592.152485937884, Time : 22.087 s
Timestep : 499262, score : -8481.795345869308, Time : 21.65 s
Timestep : 508021, score : -8681.542567040146, Time : 22.191 s
Timestep : 516780, score : -8511.206011806295, Time : 22.024 s
Timestep : 525539, score : -8964.470387605455, Time : 21.725 s
Timestep : 534298, score : -8921.519442020872, Time : 21.864 s
Timestep : 543057, score : -8429.038751691376, Time : 21.613 s
Timestep : 551816, score : -8847.962379182762, Time : 21.554 s
Timestep : 560575, score : -9523.294724620733, Time : 22.105 s
Timestep : 569334, score : -9106.136499956687, Time : 22.159 s
Timestep : 578093, score : -8813.354724634977, Time : 21.748 s
Timestep : 586852, score : -8943.663279562636, Time : 21.853 s
Timestep : 595611, score : -8815.012449663089, Time : 21.69 s
Timestep : 604370, score : -8790.018849471075, Time : 21.603 s
Timestep : 613129, score : -8837.877067609486, Time : 22.204 s
Timestep : 621888, score : -8535.947661462153, Time : 22.407 s
Timestep : 630647, score : -8491.157624539293, Time : 21.729 s
Timestep : 639406, score : -8417.292367392176, Time : 21.822 s
Timestep : 648165, score : -8965.261739412323, Time : 21.704 s
Timestep : 656924, score : -9246.583385213162, Time : 21.508 s
Timestep : 665683, score : -9286.555152719637, Time : 21.62 s
Timestep : 674442, score : -9280.150192019952, Time : 22.12 s
DONE!
