{'agent': 'DQN', 'action_selection': 'softmax', 'seed': 1, 'episodes': 100, 'data_path': 'data/citylearn_challenge_2022_phase_1', 'dry_run': False, 'n_discrete': 9, 'update_target': 8, 'lr': 3e-05, 'batch_size': 256, 'adam_epsilon': 1e-09, 'epsilon_final': 0.02, 'run_id': 6}
{'Notes': 'This is a tuning run, executed on a single building.',
 'action_selection': 'softmax',
 'adam_epsilon': 1e-09,
 'env': '<NormalizeObservation<OneHotHour<DiscreteSingle<CityLearnEnv '
        'instance>>>>',
 'final_exploration_rate': 0.02,
 'final_exploration_step': 1000,
 'gamma': 0.99,
 'initial_exploration_rate': 1,
 'learning_rate': 3e-05,
 'loss': 'mse',
 'minibatch_size': 256,
 'network': 'MLP(\n'
            '  (layers): Sequential(\n'
            '    (0): Linear(in_features=29, out_features=128, bias=True)\n'
            '    (1): ReLU()\n'
            '    (2): Linear(in_features=128, out_features=128, bias=True)\n'
            '    (3): ReLU()\n'
            '    (4): Linear(in_features=128, out_features=9, bias=True)\n'
            '  )\n'
            ')',
 'replay_buffer_size': 10000,
 'replay_start_size': 256,
 'seed': 1,
 'train_steps': 876000,
 'update_frequency': 1,
 'update_target_frequency': 8,
 'weight_scale': 1.4142135623730951}
Timestep : 8758, score : -5284.165139571254, Time : 28.366 s
Timestep : 17517, score : -4694.110366568348, Time : 29.704 s
Timestep : 26276, score : -4250.933004277205, Time : 30.53 s
Timestep : 35035, score : -3884.3904616326618, Time : 31.933 s
Timestep : 43794, score : -3869.956488713113, Time : 32.385 s
Timestep : 52553, score : -3834.8706782985537, Time : 30.032 s
Timestep : 61312, score : -4069.376751825592, Time : 29.766 s
Timestep : 70071, score : -4075.7914743897563, Time : 30.479 s
Timestep : 78830, score : -3890.985698026634, Time : 31.003 s
Timestep : 87589, score : -3355.9024214241217, Time : 29.799 s
Timestep : 96348, score : -2883.2067109594645, Time : 29.817 s
Timestep : 105107, score : -3171.1525970098155, Time : 29.971 s
Timestep : 113866, score : -2403.663425757579, Time : 30.866 s
Timestep : 122625, score : -2447.0423707415066, Time : 30.528 s
Timestep : 131384, score : -2788.3032134203386, Time : 29.75 s
Timestep : 140143, score : -2018.7428987931053, Time : 29.881 s
Timestep : 148902, score : -2368.4582755582232, Time : 30.452 s
Timestep : 157661, score : -2131.6044316080224, Time : 30.961 s
Timestep : 166420, score : -2274.258542085445, Time : 30.339 s
Timestep : 175179, score : -2454.2870042774157, Time : 29.984 s
Timestep : 183938, score : -2410.1861705218034, Time : 31.659 s
Timestep : 192697, score : -2637.8183004182793, Time : 31.177 s
Timestep : 201456, score : -2138.8634803328314, Time : 32.791 s
Timestep : 210215, score : -2099.0523558489804, Time : 32.269 s
Timestep : 218974, score : -2378.3326467661245, Time : 32.347 s
Timestep : 227733, score : -2416.1395321157324, Time : 30.807 s
Timestep : 236492, score : -2164.2883599882716, Time : 32.573 s
Timestep : 245251, score : -2367.9091026437964, Time : 32.55 s
Timestep : 254010, score : -2301.392000587148, Time : 32.608 s
Timestep : 262769, score : -2511.082902125272, Time : 32.16 s
Timestep : 271528, score : -2032.7830902941641, Time : 32.416 s
Timestep : 280287, score : -2440.4670510535652, Time : 32.563 s
Timestep : 289046, score : -2028.1448894241184, Time : 32.322 s
Timestep : 297805, score : -2229.0333950568747, Time : 29.946 s
Timestep : 306564, score : -2021.6423852439111, Time : 30.166 s
Timestep : 315323, score : -2038.9834019919654, Time : 30.124 s
Timestep : 324082, score : -2056.170239397281, Time : 30.668 s
Timestep : 332841, score : -2010.021877724008, Time : 30.303 s
Timestep : 341600, score : -2003.5576935915742, Time : 30.957 s
Timestep : 350359, score : -1928.250129823995, Time : 31.35 s
Timestep : 359118, score : -2299.396089350368, Time : 32.371 s
Timestep : 367877, score : -2059.8807095543307, Time : 32.442 s
Timestep : 376636, score : -1997.1387311014842, Time : 32.043 s
Timestep : 385395, score : -2030.3827563710802, Time : 32.481 s
Timestep : 394154, score : -2346.7924355606374, Time : 32.417 s
Timestep : 402913, score : -2031.4761673159373, Time : 32.559 s
Timestep : 411672, score : -1882.7744999212446, Time : 31.715 s
Timestep : 420431, score : -1965.558177512983, Time : 30.831 s
Timestep : 429190, score : -1884.6305105046777, Time : 31.849 s
Timestep : 437949, score : -1916.7378471205302, Time : 32.053 s
Timestep : 446708, score : -1822.8990308269422, Time : 32.034 s
Timestep : 455467, score : -2135.126318288094, Time : 32.096 s
Timestep : 464226, score : -1951.3225728290417, Time : 30.877 s
Timestep : 472985, score : -1928.4801778695837, Time : 31.695 s
Timestep : 481744, score : -1765.0855491753464, Time : 32.157 s
Timestep : 490503, score : -1796.859710885241, Time : 32.579 s
Timestep : 499262, score : -2071.302869354404, Time : 32.784 s
Timestep : 508021, score : -1666.2538833946019, Time : 32.123 s
Timestep : 516780, score : -1460.3978955555067, Time : 30.818 s
Timestep : 525539, score : -1782.4807465668564, Time : 31.9 s
Timestep : 534298, score : -1992.782847734561, Time : 32.838 s
Timestep : 543057, score : -1808.919729356916, Time : 32.204 s
Timestep : 551816, score : -1953.739032389858, Time : 31.237 s
Timestep : 560575, score : -1921.4809803621902, Time : 30.385 s
Timestep : 569334, score : -1679.5784102537727, Time : 32.069 s
Timestep : 578093, score : -1968.7649373826862, Time : 31.941 s
Timestep : 586852, score : -2395.423361036723, Time : 31.696 s
Timestep : 595611, score : -2036.236767959621, Time : 31.718 s
Timestep : 604370, score : -1992.3252389508125, Time : 32.219 s
Timestep : 613129, score : -1665.942369051074, Time : 31.787 s
Timestep : 621888, score : -1665.0421099128143, Time : 31.72 s
Timestep : 630647, score : -1581.3004571295605, Time : 30.655 s
Timestep : 639406, score : -1440.728064651048, Time : 30.45 s
Timestep : 648165, score : -1754.2326365919143, Time : 33.017 s
Timestep : 656924, score : -1559.0284221433394, Time : 31.784 s
Timestep : 665683, score : -1384.0404400420666, Time : 30.845 s
Timestep : 674442, score : -1571.7811502961267, Time : 30.015 s
Timestep : 683201, score : -1707.048033281957, Time : 32.296 s
Timestep : 691960, score : -1816.3290000178677, Time : 32.239 s
Timestep : 700719, score : -1700.0087612300704, Time : 29.974 s
Timestep : 709478, score : -1691.5923856147856, Time : 31.017 s
Timestep : 718237, score : -1685.2361349534767, Time : 31.223 s
Timestep : 726996, score : -1791.150272615283, Time : 32.602 s
Timestep : 735755, score : -1676.054879673553, Time : 32.195 s
Timestep : 744514, score : -1754.3774214730656, Time : 30.851 s
Timestep : 753273, score : -1672.3526970506937, Time : 30.871 s
Timestep : 762032, score : -1765.084557895345, Time : 32.041 s
Timestep : 770791, score : -1772.7869050462323, Time : 32.71 s
Timestep : 779550, score : -1875.7167215135705, Time : 32.111 s
Timestep : 788309, score : -1611.81085966088, Time : 32.383 s
Timestep : 797068, score : -1919.697651991999, Time : 32.197 s
Timestep : 805827, score : -2050.1779129418137, Time : 32.538 s
Timestep : 814586, score : -2084.6721480931446, Time : 32.309 s
Timestep : 823345, score : -1580.8655335512303, Time : 32.423 s
Timestep : 832104, score : -1480.2281175505195, Time : 32.203 s
Timestep : 840863, score : -1500.771851840691, Time : 32.43 s
Timestep : 849622, score : -1716.846101263567, Time : 32.302 s
Timestep : 858381, score : -1717.4995973732148, Time : 31.867 s
Timestep : 867140, score : -1755.5562785854854, Time : 32.02 s
Timestep : 875899, score : -1913.0154531139706, Time : 32.33 s
Starting local evaluation
Num Steps: 1000, Num episodes: 0
Num Steps: 2000, Num episodes: 0
Num Steps: 3000, Num episodes: 0
Num Steps: 4000, Num episodes: 0
Num Steps: 5000, Num episodes: 0
Num Steps: 6000, Num episodes: 0
Num Steps: 7000, Num episodes: 0
Num Steps: 8000, Num episodes: 0
Episode complete: 1 | Latest episode metrics: {'price_cost': 0.8503923231687311, 'emmision_cost': 0.9274426926226005}
[-0.091402] -0.09140199877933818
Average Price Cost: 0.8503923231687311
Average Emmision Cost: 0.9274426926226005
Average of both costs: 0.8889175078956658
Total time taken by agent: 3.9970917251193896s
DONE!
