{'agent': 'DQN', 'action_selection': 'softmax', 'seed': 1, 'episodes': 100, 'data_path': 'data/citylearn_challenge_2022_phase_1', 'dry_run': False, 'n_discrete': 9, 'update_target': 16, 'lr': 0.001, 'batch_size': 64, 'adam_epsilon': 1e-05, 'epsilon_final': 0.02, 'run_id': 114}
{'Notes': 'This is a tuning run, executed on a single building.',
 'action_selection': 'softmax',
 'adam_epsilon': 1e-05,
 'env': '<NormalizeObservation<OneHotHour<DiscreteSingle<CityLearnEnv '
        'instance>>>>',
 'final_exploration_rate': 0.02,
 'final_exploration_step': 1000,
 'gamma': 0.99,
 'initial_exploration_rate': 1,
 'learning_rate': 0.001,
 'loss': 'mse',
 'minibatch_size': 64,
 'network': 'MLP(\n'
            '  (layers): Sequential(\n'
            '    (0): Linear(in_features=29, out_features=128, bias=True)\n'
            '    (1): ReLU()\n'
            '    (2): Linear(in_features=128, out_features=128, bias=True)\n'
            '    (3): ReLU()\n'
            '    (4): Linear(in_features=128, out_features=9, bias=True)\n'
            '  )\n'
            ')',
 'replay_buffer_size': 10000,
 'replay_start_size': 64,
 'seed': 1,
 'train_steps': 876000,
 'update_frequency': 1,
 'update_target_frequency': 16,
 'weight_scale': 1.4142135623730951}
Timestep : 8758, score : -5481.686013603961, Time : 23.396 s
Timestep : 17517, score : -4410.991966909583, Time : 24.022 s
Timestep : 26276, score : -3538.270726614428, Time : 23.97 s
Timestep : 35035, score : -3142.489654033823, Time : 23.996 s
Timestep : 43794, score : -3461.6223111934087, Time : 24.026 s
Timestep : 52553, score : -3050.203891418787, Time : 24.023 s
Timestep : 61312, score : -2818.627617231483, Time : 23.294 s
Timestep : 70071, score : -2322.605815071176, Time : 23.44 s
Timestep : 78830, score : -2263.3632165158924, Time : 23.717 s
Timestep : 87589, score : -2302.1175686884962, Time : 23.855 s
Timestep : 96348, score : -2315.1674683743913, Time : 23.825 s
Timestep : 105107, score : -2336.368120528903, Time : 23.874 s
Timestep : 113866, score : -2212.4109961177164, Time : 23.395 s
Timestep : 122625, score : -1999.1688092870463, Time : 23.254 s
Timestep : 131384, score : -2000.7416727715463, Time : 23.195 s
Timestep : 140143, score : -1831.2597065496957, Time : 23.227 s
Timestep : 148902, score : -1697.0848901372228, Time : 23.217 s
Timestep : 157661, score : -2034.167011555517, Time : 23.241 s
Timestep : 166420, score : -1887.027838482085, Time : 23.279 s
Timestep : 175179, score : -1900.749004935642, Time : 23.326 s
Timestep : 183938, score : -1728.2574764384844, Time : 23.627 s
Timestep : 192697, score : -1929.9682843701376, Time : 23.893 s
Timestep : 201456, score : -1773.4600705561752, Time : 23.883 s
Timestep : 210215, score : -2075.840310107247, Time : 23.881 s
Timestep : 218974, score : -1700.7715263207938, Time : 23.275 s
Timestep : 227733, score : -1957.9299971278488, Time : 23.718 s
Timestep : 236492, score : -1718.7677271667199, Time : 23.623 s
Timestep : 245251, score : -1885.3070321837004, Time : 23.333 s
Timestep : 254010, score : -2001.7433781115833, Time : 23.324 s
Timestep : 262769, score : -1675.4799860552448, Time : 23.32 s
Timestep : 271528, score : -1867.7498681739453, Time : 23.334 s
Timestep : 280287, score : -2234.6400383509463, Time : 23.454 s
Timestep : 289046, score : -1950.9583627678949, Time : 23.588 s
Timestep : 297805, score : -1642.850341082929, Time : 23.536 s
Timestep : 306564, score : -1976.3960968048777, Time : 23.943 s
Timestep : 315323, score : -1573.9930527292308, Time : 23.721 s
Timestep : 324082, score : -1672.996143404791, Time : 23.916 s
Timestep : 332841, score : -1608.8581306533306, Time : 23.911 s
Timestep : 341600, score : -1872.7550450369745, Time : 23.913 s
Timestep : 350359, score : -2198.8602130616346, Time : 24.017 s
Timestep : 359118, score : -2132.1698259230034, Time : 23.953 s
Timestep : 367877, score : -1667.3858736534894, Time : 23.928 s
Timestep : 376636, score : -1529.8514837885305, Time : 23.771 s
Timestep : 385395, score : -1654.6664702989801, Time : 23.451 s
Timestep : 394154, score : -1746.774989278434, Time : 23.956 s
Timestep : 402913, score : -1910.7566351472924, Time : 23.874 s
Timestep : 411672, score : -1790.2659199434893, Time : 23.571 s
Timestep : 420431, score : -1811.0958431694016, Time : 23.585 s
Timestep : 429190, score : -1683.6929002991237, Time : 23.557 s
Timestep : 437949, score : -1694.5729763346899, Time : 23.578 s
Timestep : 446708, score : -1863.1912146725517, Time : 23.583 s
Timestep : 455467, score : -1678.4463858269228, Time : 23.578 s
Timestep : 464226, score : -1622.6768655835476, Time : 23.475 s
Timestep : 472985, score : -1756.1950973414641, Time : 23.074 s
Timestep : 481744, score : -1724.3501366208948, Time : 23.487 s
Timestep : 490503, score : -1755.5456991794345, Time : 23.584 s
Timestep : 499262, score : -1590.1642361814447, Time : 23.276 s
Timestep : 508021, score : -1456.1288790117906, Time : 23.571 s
Timestep : 516780, score : -1575.320722469245, Time : 23.557 s
Timestep : 525539, score : -1638.3334127014095, Time : 23.53 s
Timestep : 534298, score : -1758.6894129112188, Time : 23.575 s
Timestep : 543057, score : -1596.0106681064062, Time : 23.532 s
Timestep : 551816, score : -1871.3719088865037, Time : 23.565 s
Timestep : 560575, score : -1845.6847733597679, Time : 23.572 s
Timestep : 569334, score : -1814.8154817909817, Time : 23.579 s
Timestep : 578093, score : -1629.341331499425, Time : 23.482 s
Timestep : 586852, score : -1673.2321399491339, Time : 23.205 s
Timestep : 595611, score : -1672.031231020257, Time : 23.186 s
Timestep : 604370, score : -1868.746868250455, Time : 23.155 s
Timestep : 613129, score : -1827.3387615527317, Time : 23.15 s
Timestep : 621888, score : -1735.6895634287794, Time : 23.027 s
Timestep : 630647, score : -1517.9461400334549, Time : 23.077 s
Timestep : 639406, score : -1460.6221239754523, Time : 22.944 s
Timestep : 648165, score : -1799.8034030415874, Time : 23.126 s
Timestep : 656924, score : -1634.0381574493658, Time : 23.141 s
Timestep : 665683, score : -1284.263164767326, Time : 23.043 s
Timestep : 674442, score : -1498.8012488698878, Time : 23.104 s
Timestep : 683201, score : -1365.4573426609277, Time : 23.091 s
Timestep : 691960, score : -1472.9650170614768, Time : 23.097 s
Timestep : 700719, score : -1355.3078398857324, Time : 23.107 s
Timestep : 709478, score : -1447.5641881807533, Time : 23.133 s
Timestep : 718237, score : -1311.534671589994, Time : 23.044 s
Timestep : 726996, score : -1313.9945890156378, Time : 23.076 s
Timestep : 735755, score : -1627.0270261988335, Time : 23.101 s
Timestep : 744514, score : -1670.5486425675044, Time : 23.073 s
Timestep : 753273, score : -1662.9924826041388, Time : 23.166 s
Timestep : 762032, score : -1514.0303572777484, Time : 23.152 s
Timestep : 770791, score : -1333.892823379516, Time : 23.115 s
Timestep : 779550, score : -1357.352487300319, Time : 23.127 s
Timestep : 788309, score : -1344.6604513705533, Time : 23.07 s
Timestep : 797068, score : -1487.8847853124898, Time : 23.098 s
Timestep : 805827, score : -1739.3613067934348, Time : 23.136 s
Timestep : 814586, score : -1435.7868854947446, Time : 23.007 s
Timestep : 823345, score : -1419.1691042837629, Time : 22.621 s
Timestep : 832104, score : -1544.534168090584, Time : 23.122 s
Timestep : 840863, score : -1421.0360285712231, Time : 23.095 s
Timestep : 849622, score : -1642.9361089358863, Time : 23.116 s
Timestep : 858381, score : -1418.129082060681, Time : 23.088 s
Timestep : 867140, score : -1603.1547684187826, Time : 23.12 s
Timestep : 875899, score : -1345.1657893422816, Time : 23.068 s
Starting local evaluation
Num Steps: 1000, Num episodes: 0
Num Steps: 2000, Num episodes: 0
Num Steps: 3000, Num episodes: 0
Num Steps: 4000, Num episodes: 0
Num Steps: 5000, Num episodes: 0
Num Steps: 6000, Num episodes: 0
Num Steps: 7000, Num episodes: 0
Num Steps: 8000, Num episodes: 0
Episode complete: 1 | Latest episode metrics: {'price_cost': 0.8446079547921896, 'emmision_cost': 0.9371329746725251}
[-0.0934068] -0.09340680045008092
Average Price Cost: 0.8446079547921896
Average Emmision Cost: 0.9371329746725251
Average of both costs: 0.8908704647323573
Total time taken by agent: 3.902248187601799s
DONE!
