{'agent': 'DQN', 'action_selection': 'egreedy', 'seed': 1, 'episodes': 100, 'data_path': 'data/citylearn_challenge_2022_phase_1', 'dry_run': False, 'n_discrete': 9, 'update_target': 8, 'lr': 0.03, 'batch_size': 1, 'adam_epsilon': 0.0001, 'epsilon_final': 0.04, 'run_id': 305}
{'Notes': 'This is a tuning run, executed on a single building.',
 'action_selection': 'egreedy',
 'adam_epsilon': 0.0001,
 'env': '<NormalizeObservation<OneHotHour<DiscreteSingle<CityLearnEnv '
        'instance>>>>',
 'final_exploration_rate': 0.02,
 'final_exploration_step': 1000,
 'gamma': 0.99,
 'initial_exploration_rate': 1,
 'learning_rate': 0.03,
 'loss': 'mse',
 'minibatch_size': 1,
 'network': 'MLP(\n'
            '  (layers): Sequential(\n'
            '    (0): Linear(in_features=29, out_features=128, bias=True)\n'
            '    (1): ReLU()\n'
            '    (2): Linear(in_features=128, out_features=128, bias=True)\n'
            '    (3): ReLU()\n'
            '    (4): Linear(in_features=128, out_features=9, bias=True)\n'
            '  )\n'
            ')',
 'replay_buffer_size': 10000,
 'replay_start_size': 1,
 'seed': 1,
 'train_steps': 876000,
 'update_frequency': 1,
 'update_target_frequency': 8,
 'weight_scale': 1.4142135623730951}
Timestep : 8758, score : -6458.537423351692, Time : 21.188 s
Timestep : 17517, score : -5028.881735073781, Time : 21.32 s
Timestep : 26276, score : -5429.020471526324, Time : 21.35 s
Timestep : 35035, score : -5914.970206693659, Time : 21.384 s
Timestep : 43794, score : -5648.121815868144, Time : 21.396 s
Timestep : 52553, score : -6002.743117599894, Time : 21.33 s
Timestep : 61312, score : -6055.184629184616, Time : 21.387 s
Timestep : 70071, score : -5658.663348560833, Time : 21.413 s
Timestep : 78830, score : -5913.894117313466, Time : 21.38 s
Timestep : 87589, score : -5942.122943186114, Time : 21.301 s
Timestep : 96348, score : -5894.688848462552, Time : 21.412 s
Timestep : 105107, score : -5383.664444112597, Time : 21.408 s
Timestep : 113866, score : -5847.310284446139, Time : 21.1 s
Timestep : 122625, score : -5280.117860402097, Time : 21.378 s
Timestep : 131384, score : -5454.800779203331, Time : 21.372 s
Timestep : 140143, score : -5994.1054906857025, Time : 21.417 s
Timestep : 148902, score : -6126.698032830522, Time : 21.289 s
Timestep : 157661, score : -5732.723311393987, Time : 21.179 s
Timestep : 166420, score : -5908.315711899108, Time : 20.918 s
Timestep : 175179, score : -6486.418485435439, Time : 21.4 s
Timestep : 183938, score : -6092.400414758044, Time : 21.385 s
Timestep : 192697, score : -5633.149312915935, Time : 21.402 s
Timestep : 201456, score : -6020.034321353887, Time : 21.037 s
Timestep : 210215, score : -6280.5391400525405, Time : 20.774 s
Timestep : 218974, score : -6615.203838860296, Time : 21.272 s
Timestep : 227733, score : -6805.082380113556, Time : 21.371 s
Timestep : 236492, score : -6859.698147769923, Time : 21.387 s
Timestep : 245251, score : -7352.447090234869, Time : 21.387 s
Timestep : 254010, score : -7046.645706855605, Time : 21.405 s
Timestep : 262769, score : -7295.78081974425, Time : 21.397 s
Timestep : 271528, score : -8873.741552320687, Time : 21.224 s
Timestep : 280287, score : -8308.535336139641, Time : 21.262 s
Timestep : 289046, score : -8189.205181385187, Time : 21.427 s
Timestep : 297805, score : -7671.88091980615, Time : 21.444 s
Timestep : 306564, score : -6750.411299140105, Time : 21.327 s
Timestep : 315323, score : -6075.526662437085, Time : 21.416 s
Timestep : 324082, score : -4569.703409128895, Time : 21.406 s
Timestep : 332841, score : -4567.42105789241, Time : 21.351 s
Timestep : 341600, score : -4749.502693045957, Time : 21.393 s
Timestep : 350359, score : -4475.070053971751, Time : 21.322 s
Timestep : 359118, score : -4501.694357932924, Time : 21.352 s
Timestep : 367877, score : -4516.173795366456, Time : 21.435 s
Timestep : 376636, score : -4555.616732728115, Time : 21.432 s
Timestep : 385395, score : -4554.385364078829, Time : 21.434 s
Timestep : 394154, score : -4391.224861638999, Time : 21.44 s
Timestep : 402913, score : -4552.914463925554, Time : 21.434 s
Timestep : 411672, score : -4503.668579385063, Time : 21.441 s
Timestep : 420431, score : -4503.392838738306, Time : 21.097 s
Timestep : 429190, score : -4627.847029137338, Time : 21.041 s
Timestep : 437949, score : -4487.4504145694955, Time : 21.377 s
Timestep : 446708, score : -4464.639659090928, Time : 21.432 s
Timestep : 455467, score : -4492.221595977811, Time : 21.45 s
Timestep : 464226, score : -4495.827975786669, Time : 21.437 s
Timestep : 472985, score : -4495.875177697657, Time : 21.09 s
Timestep : 481744, score : -4564.060130411206, Time : 21.116 s
Timestep : 490503, score : -4585.058990823018, Time : 20.819 s
Timestep : 499262, score : -4401.91262563449, Time : 21.07 s
Timestep : 508021, score : -4445.679352584673, Time : 21.45 s
Timestep : 516780, score : -4507.628217006481, Time : 21.415 s
Timestep : 525539, score : -4522.611573954491, Time : 21.411 s
Timestep : 534298, score : -4455.958856990008, Time : 21.369 s
Timestep : 543057, score : -4455.807399251877, Time : 21.046 s
Timestep : 551816, score : -4605.013986577658, Time : 21.389 s
Timestep : 560575, score : -4379.174493973522, Time : 21.406 s
Timestep : 569334, score : -4467.072202514304, Time : 21.403 s
Timestep : 578093, score : -4553.802522371596, Time : 21.425 s
Timestep : 586852, score : -4540.83934456241, Time : 21.37 s
Timestep : 595611, score : -4611.5274324933125, Time : 21.399 s
Timestep : 604370, score : -4658.653639047319, Time : 21.418 s
Timestep : 613129, score : -4548.902101715474, Time : 21.431 s
Timestep : 621888, score : -4457.762430589326, Time : 21.436 s
Timestep : 630647, score : -4573.101146585803, Time : 21.394 s
Timestep : 639406, score : -4578.632922585501, Time : 21.434 s
Timestep : 648165, score : -4410.972505346319, Time : 21.403 s
Timestep : 656924, score : -4695.001146344846, Time : 21.416 s
Timestep : 665683, score : -4551.692210724024, Time : 21.409 s
Timestep : 674442, score : -4599.711253178684, Time : 21.403 s
Timestep : 683201, score : -4478.577396986453, Time : 21.439 s
Timestep : 691960, score : -4596.578261445655, Time : 21.418 s
Timestep : 700719, score : -4570.496179571055, Time : 21.414 s
Timestep : 709478, score : -4486.538020103617, Time : 21.424 s
Timestep : 718237, score : -4442.3506455161405, Time : 21.443 s
Timestep : 726996, score : -4520.7475930614455, Time : 21.267 s
Timestep : 735755, score : -4459.108480590774, Time : 21.116 s
Timestep : 744514, score : -4511.6852581430285, Time : 21.009 s
Timestep : 753273, score : -4535.942039798087, Time : 21.362 s
Timestep : 762032, score : -4488.156243930018, Time : 21.022 s
Timestep : 770791, score : -4370.7688864482625, Time : 21.155 s
Timestep : 779550, score : -4426.844836610748, Time : 21.4 s
Timestep : 788309, score : -4520.8776085818245, Time : 21.43 s
Timestep : 797068, score : -4455.326472813642, Time : 21.208 s
Timestep : 805827, score : -4476.734293022571, Time : 21.056 s
Timestep : 814586, score : -4636.542726146436, Time : 21.213 s
Timestep : 823345, score : -4492.018517320423, Time : 21.394 s
Timestep : 832104, score : -4444.712783485098, Time : 21.449 s
Timestep : 840863, score : -4585.629855925596, Time : 21.451 s
Timestep : 849622, score : -4512.82429727391, Time : 21.432 s
Timestep : 858381, score : -4592.410692053294, Time : 21.365 s
Timestep : 867140, score : -4623.729392252892, Time : 21.417 s
Timestep : 875899, score : -4644.439433610445, Time : 21.366 s
Starting local evaluation
Num Steps: 1000, Num episodes: 0
Num Steps: 2000, Num episodes: 0
Num Steps: 3000, Num episodes: 0
Num Steps: 4000, Num episodes: 0
Num Steps: 5000, Num episodes: 0
Num Steps: 6000, Num episodes: 0
Num Steps: 7000, Num episodes: 0
Num Steps: 8000, Num episodes: 0
Episode complete: 1 | Latest episode metrics: {'price_cost': 1.0103354720189432, 'emmision_cost': 1.0145282219437335}
[-0.24524961] -0.24524960732375764
Average Price Cost: 1.0103354720189432
Average Emmision Cost: 1.0145282219437335
Average of both costs: 1.0124318469813383
Total time taken by agent: 2.5158999897539616s
DONE!
