{'agent': 'DQN', 'action_selection': 'softmax', 'seed': 1, 'episodes': 100, 'data_path': 'data/citylearn_challenge_2022_phase_1', 'dry_run': False, 'n_discrete': 9, 'update_target': 8, 'lr': 0.001, 'batch_size': 8, 'adam_epsilon': 0.0001, 'epsilon_final': 0.02, 'run_id': 159}
{'Notes': 'This is a tuning run, executed on a single building.',
 'action_selection': 'softmax',
 'adam_epsilon': 0.0001,
 'env': '<NormalizeObservation<OneHotHour<DiscreteSingle<CityLearnEnv '
        'instance>>>>',
 'final_exploration_rate': 0.02,
 'final_exploration_step': 1000,
 'gamma': 0.99,
 'initial_exploration_rate': 1,
 'learning_rate': 0.001,
 'loss': 'mse',
 'minibatch_size': 8,
 'network': 'MLP(\n'
            '  (layers): Sequential(\n'
            '    (0): Linear(in_features=29, out_features=128, bias=True)\n'
            '    (1): ReLU()\n'
            '    (2): Linear(in_features=128, out_features=128, bias=True)\n'
            '    (3): ReLU()\n'
            '    (4): Linear(in_features=128, out_features=9, bias=True)\n'
            '  )\n'
            ')',
 'replay_buffer_size': 10000,
 'replay_start_size': 8,
 'seed': 1,
 'train_steps': 876000,
 'update_frequency': 1,
 'update_target_frequency': 8,
 'weight_scale': 1.4142135623730951}
Timestep : 8758, score : -6084.933066555677, Time : 21.048 s
Timestep : 17517, score : -11671.392877565071, Time : 21.122 s
Timestep : 26276, score : -7119.500483096068, Time : 21.323 s
Timestep : 35035, score : -6153.149024446968, Time : 21.376 s
Timestep : 43794, score : -6846.643640097769, Time : 21.552 s
Timestep : 52553, score : -8500.197626021109, Time : 21.552 s
Timestep : 61312, score : -6877.1559521395975, Time : 21.236 s
Timestep : 70071, score : -6821.624955179708, Time : 21.399 s
Timestep : 78830, score : -6623.189309114037, Time : 21.235 s
Timestep : 87589, score : -7246.660077331733, Time : 20.624 s
Timestep : 96348, score : -6649.494432610081, Time : 20.663 s
Timestep : 105107, score : -6958.76035185103, Time : 20.621 s
Timestep : 113866, score : -6621.7026107640995, Time : 20.733 s
Timestep : 122625, score : -6587.151957677706, Time : 20.84 s
Timestep : 131384, score : -7167.448585490027, Time : 20.678 s
Timestep : 140143, score : -6494.996836442762, Time : 20.872 s
Timestep : 148902, score : -6612.738353050852, Time : 20.984 s
Timestep : 157661, score : -6700.733513500032, Time : 20.757 s
Timestep : 166420, score : -6589.436215527618, Time : 20.768 s
Timestep : 175179, score : -6667.734692710641, Time : 21.142 s
Timestep : 183938, score : -7130.657710404514, Time : 21.584 s
Timestep : 192697, score : -6937.128789341732, Time : 20.924 s
Timestep : 201456, score : -6641.161830191108, Time : 21.405 s
Timestep : 210215, score : -6630.717492629803, Time : 21.597 s
Timestep : 218974, score : -6028.207879222304, Time : 21.263 s
Timestep : 227733, score : -6340.2495770005335, Time : 21.196 s
Timestep : 236492, score : -6503.234134446611, Time : 21.542 s
Timestep : 245251, score : -6287.154576212211, Time : 21.327 s
Timestep : 254010, score : -6399.208015149139, Time : 21.257 s
Timestep : 262769, score : -6229.411710597371, Time : 21.141 s
Timestep : 271528, score : -6063.149950370571, Time : 21.101 s
Timestep : 280287, score : -6125.5954692645755, Time : 21.064 s
Timestep : 289046, score : -6182.0440979337145, Time : 20.855 s
Timestep : 297805, score : -5426.336863955628, Time : 21.005 s
Timestep : 306564, score : -6205.730366732765, Time : 20.929 s
Timestep : 315323, score : -6213.647469210118, Time : 20.991 s
Timestep : 324082, score : -6160.698000869976, Time : 21.131 s
Timestep : 332841, score : -5895.556434406593, Time : 21.19 s
Timestep : 341600, score : -5762.8589651873335, Time : 21.174 s
Timestep : 350359, score : -5545.7740022826765, Time : 21.011 s
Timestep : 359118, score : -5388.975260224586, Time : 21.023 s
Timestep : 367877, score : -5089.305202995805, Time : 21.248 s
Timestep : 376636, score : -5127.998059299338, Time : 21.008 s
Timestep : 385395, score : -5651.660889914216, Time : 20.93 s
Timestep : 394154, score : -5263.9425642032, Time : 20.922 s
Timestep : 402913, score : -5144.728720333966, Time : 21.034 s
Timestep : 411672, score : -5346.709528582825, Time : 21.02 s
Timestep : 420431, score : -5340.51199399124, Time : 21.015 s
Timestep : 429190, score : -5131.160159363324, Time : 21.093 s
Timestep : 437949, score : -5441.208610674123, Time : 21.311 s
Timestep : 446708, score : -4865.0176409258565, Time : 21.288 s
Timestep : 455467, score : -4863.907806277188, Time : 20.991 s
Timestep : 464226, score : -4505.354583927925, Time : 20.936 s
Timestep : 472985, score : -5029.159943974009, Time : 20.991 s
Timestep : 481744, score : -4610.694251348992, Time : 21.215 s
Timestep : 490503, score : -4958.992255735473, Time : 20.999 s
Timestep : 499262, score : -5063.8080283778545, Time : 21.13 s
Timestep : 508021, score : -5049.158645633681, Time : 21.271 s
Timestep : 516780, score : -4340.116230683547, Time : 20.927 s
Timestep : 525539, score : -5710.244796565414, Time : 20.986 s
Timestep : 534298, score : -4927.14739572283, Time : 21.349 s
Timestep : 543057, score : -5121.084701530286, Time : 21.685 s
Timestep : 551816, score : -4858.543787554168, Time : 21.608 s
Timestep : 560575, score : -3933.8540585342853, Time : 21.667 s
Timestep : 569334, score : -4435.31710611601, Time : 21.682 s
Timestep : 578093, score : -3927.159650979127, Time : 21.551 s
Timestep : 586852, score : -4282.87812299424, Time : 21.452 s
Timestep : 595611, score : -4073.5069218540593, Time : 20.733 s
Timestep : 604370, score : -3732.6174297574034, Time : 21.354 s
Timestep : 613129, score : -3869.9788298683998, Time : 21.22 s
Timestep : 621888, score : -3895.9810691401653, Time : 20.904 s
Timestep : 630647, score : -4112.840300964614, Time : 20.851 s
Timestep : 639406, score : -3647.888748906931, Time : 21.035 s
Timestep : 648165, score : -3672.4431399163586, Time : 21.301 s
Timestep : 656924, score : -3310.154285148208, Time : 21.351 s
Timestep : 665683, score : -4092.5170820571075, Time : 21.218 s
Timestep : 674442, score : -4012.839801362861, Time : 20.879 s
Timestep : 683201, score : -3739.9783727196336, Time : 20.814 s
Timestep : 691960, score : -4102.733449608815, Time : 20.841 s
Timestep : 700719, score : -4230.4640121431585, Time : 20.825 s
Timestep : 709478, score : -4032.429311701766, Time : 20.776 s
Timestep : 718237, score : -4003.593821730421, Time : 20.977 s
Timestep : 726996, score : -4382.1190076620405, Time : 21.136 s
Timestep : 735755, score : -4367.171566852281, Time : 20.903 s
Timestep : 744514, score : -4349.491971267882, Time : 20.992 s
Timestep : 753273, score : -3935.115646398539, Time : 20.925 s
Timestep : 762032, score : -4083.415422180522, Time : 20.859 s
Timestep : 770791, score : -4041.41337330456, Time : 20.784 s
Timestep : 779550, score : -3886.0888616541197, Time : 20.841 s
Timestep : 788309, score : -3785.975632206333, Time : 20.842 s
Timestep : 797068, score : -4024.631963858643, Time : 20.861 s
Timestep : 805827, score : -3582.411785119635, Time : 20.775 s
Timestep : 814586, score : -3937.06302707296, Time : 20.869 s
Timestep : 823345, score : -4142.595141394791, Time : 21.103 s
Timestep : 832104, score : -3737.5750551664096, Time : 20.961 s
Timestep : 840863, score : -3487.1411614240205, Time : 20.757 s
Timestep : 849622, score : -3729.658813223854, Time : 20.853 s
Timestep : 858381, score : -3275.111152428115, Time : 20.783 s
Timestep : 867140, score : -3487.0582795524097, Time : 20.893 s
Timestep : 875899, score : -3024.1306381533213, Time : 20.898 s
Starting local evaluation
Num Steps: 1000, Num episodes: 0
Num Steps: 2000, Num episodes: 0
Num Steps: 3000, Num episodes: 0
Num Steps: 4000, Num episodes: 0
Num Steps: 5000, Num episodes: 0
Num Steps: 6000, Num episodes: 0
Num Steps: 7000, Num episodes: 0
Num Steps: 8000, Num episodes: 0
Episode complete: 1 | Latest episode metrics: {'price_cost': 0.9329832432554266, 'emmision_cost': 1.0281357099292736}
[-0.20369334] -0.20369334357410096
Average Price Cost: 0.9329832432554266
Average Emmision Cost: 1.0281357099292736
Average of both costs: 0.9805594765923501
Total time taken by agent: 3.4734008493833244s
DONE!
