{'agent': 'DQN', 'action_selection': 'softmax', 'seed': 1, 'episodes': 100, 'data_path': 'data/citylearn_challenge_2022_phase_1', 'dry_run': False, 'n_discrete': 9, 'update_target': 8, 'lr': 3e-05, 'batch_size': 32, 'adam_epsilon': 0.0001, 'epsilon_final': 0.02, 'run_id': 56}
{'Notes': 'This is a tuning run, executed on a single building.',
 'action_selection': 'softmax',
 'adam_epsilon': 0.0001,
 'env': '<NormalizeObservation<OneHotHour<DiscreteSingle<CityLearnEnv '
        'instance>>>>',
 'final_exploration_rate': 0.02,
 'final_exploration_step': 1000,
 'gamma': 0.99,
 'initial_exploration_rate': 1,
 'learning_rate': 3e-05,
 'loss': 'mse',
 'minibatch_size': 32,
 'network': 'MLP(\n'
            '  (layers): Sequential(\n'
            '    (0): Linear(in_features=29, out_features=128, bias=True)\n'
            '    (1): ReLU()\n'
            '    (2): Linear(in_features=128, out_features=128, bias=True)\n'
            '    (3): ReLU()\n'
            '    (4): Linear(in_features=128, out_features=9, bias=True)\n'
            '  )\n'
            ')',
 'replay_buffer_size': 10000,
 'replay_start_size': 32,
 'seed': 1,
 'train_steps': 876000,
 'update_frequency': 1,
 'update_target_frequency': 8,
 'weight_scale': 1.4142135623730951}
Timestep : 8758, score : -5520.253007757856, Time : 22.621 s
Timestep : 17517, score : -5507.6066279806255, Time : 23.214 s
Timestep : 26276, score : -5170.288141246332, Time : 23.245 s
Timestep : 35035, score : -4460.5774109774065, Time : 23.297 s
Timestep : 43794, score : -4564.054839874996, Time : 23.471 s
Timestep : 52553, score : -4604.10539121824, Time : 23.475 s
Timestep : 61312, score : -4411.939407397134, Time : 23.486 s
Timestep : 70071, score : -4254.293421864539, Time : 23.49 s
Timestep : 78830, score : -3883.2458691563515, Time : 23.791 s
Timestep : 87589, score : -3471.119725151293, Time : 23.879 s
Timestep : 96348, score : -3881.84534032215, Time : 23.517 s
Timestep : 105107, score : -3523.081721942319, Time : 23.469 s
Timestep : 113866, score : -2503.0284953566297, Time : 23.545 s
Timestep : 122625, score : -2886.3667682459636, Time : 23.392 s
Timestep : 131384, score : -3055.6826719504606, Time : 23.559 s
Timestep : 140143, score : -2120.737924156856, Time : 23.835 s
Timestep : 148902, score : -2764.820882105647, Time : 23.845 s
Timestep : 157661, score : -2428.5325719456014, Time : 23.64 s
Timestep : 166420, score : -2610.229923174629, Time : 23.514 s
Timestep : 175179, score : -2460.1318620512757, Time : 23.453 s
Timestep : 183938, score : -2372.838200760496, Time : 23.565 s
Timestep : 192697, score : -2540.1262599896, Time : 23.547 s
Timestep : 201456, score : -2752.7745163219806, Time : 23.834 s
Timestep : 210215, score : -2199.9422542142274, Time : 24.006 s
Timestep : 218974, score : -2578.3120313932013, Time : 23.655 s
Timestep : 227733, score : -2187.9598420637485, Time : 23.587 s
Timestep : 236492, score : -2336.4384704029944, Time : 23.583 s
Timestep : 245251, score : -2084.2706229528703, Time : 23.596 s
Timestep : 254010, score : -2239.220068698778, Time : 23.735 s
Timestep : 262769, score : -2439.1531143599714, Time : 23.987 s
Timestep : 271528, score : -2225.6165294688253, Time : 23.855 s
Timestep : 280287, score : -2235.9092598085117, Time : 23.6 s
Timestep : 289046, score : -2324.5141631760926, Time : 23.607 s
Timestep : 297805, score : -2543.1515348009125, Time : 23.581 s
Timestep : 306564, score : -2414.0811553180974, Time : 23.615 s
Timestep : 315323, score : -2170.936628657073, Time : 23.968 s
Timestep : 324082, score : -2228.8134892375965, Time : 23.999 s
Timestep : 332841, score : -1797.4861743629735, Time : 23.621 s
Timestep : 341600, score : -2439.723072597786, Time : 23.573 s
Timestep : 350359, score : -2263.6133048741904, Time : 23.602 s
Timestep : 359118, score : -2034.4116095084755, Time : 23.618 s
Timestep : 367877, score : -2240.70547154572, Time : 23.781 s
Timestep : 376636, score : -2338.7118735441763, Time : 23.893 s
Timestep : 385395, score : -2413.6433453868667, Time : 23.786 s
Timestep : 394154, score : -2629.052301382093, Time : 23.589 s
Timestep : 402913, score : -2030.1629422045808, Time : 23.566 s
Timestep : 411672, score : -2702.792111454328, Time : 23.551 s
Timestep : 420431, score : -2015.6796813903202, Time : 23.607 s
Timestep : 429190, score : -2280.711031482817, Time : 23.565 s
Timestep : 437949, score : -2496.1597236984235, Time : 23.802 s
Timestep : 446708, score : -2655.1793426735385, Time : 23.875 s
Timestep : 455467, score : -2478.7187670477724, Time : 23.75 s
Timestep : 464226, score : -2529.9918803508917, Time : 23.565 s
Timestep : 472985, score : -2424.107130446733, Time : 23.585 s
Timestep : 481744, score : -2394.9053426191967, Time : 23.595 s
Timestep : 490503, score : -2459.403556860314, Time : 23.586 s
Timestep : 499262, score : -2374.5428052906937, Time : 23.578 s
Timestep : 508021, score : -2281.347088743496, Time : 23.957 s
Timestep : 516780, score : -2182.583164051728, Time : 23.977 s
Timestep : 525539, score : -2187.655962337769, Time : 23.602 s
Timestep : 534298, score : -2184.691393452231, Time : 23.586 s
Timestep : 543057, score : -2388.5687343243335, Time : 23.59 s
Timestep : 551816, score : -2380.2373332983407, Time : 23.577 s
Timestep : 560575, score : -2594.024296409174, Time : 23.78 s
Timestep : 569334, score : -2289.390374199982, Time : 23.23 s
Timestep : 578093, score : -2586.6886501794506, Time : 23.731 s
Timestep : 586852, score : -2221.1951084414322, Time : 23.555 s
Timestep : 595611, score : -2247.7077983181953, Time : 23.544 s
Timestep : 604370, score : -2420.4671132413496, Time : 23.57 s
Timestep : 613129, score : -2381.5800476286386, Time : 23.552 s
Timestep : 621888, score : -2254.2317729194474, Time : 23.995 s
Timestep : 630647, score : -2381.231801682414, Time : 23.876 s
Timestep : 639406, score : -2588.635855169414, Time : 23.558 s
Timestep : 648165, score : -2576.778424166987, Time : 23.539 s
Timestep : 656924, score : -2554.9790334123245, Time : 23.535 s
Timestep : 665683, score : -2739.57501507453, Time : 23.516 s
Timestep : 674442, score : -2605.3365879255143, Time : 23.785 s
Timestep : 683201, score : -2247.9705198293377, Time : 23.973 s
Timestep : 691960, score : -2200.9799426833924, Time : 23.657 s
Timestep : 700719, score : -2235.846697192901, Time : 23.569 s
Timestep : 709478, score : -2473.887510640925, Time : 23.597 s
Timestep : 718237, score : -2526.65909860612, Time : 23.59 s
Timestep : 726996, score : -2241.0065565937257, Time : 23.733 s
Timestep : 735755, score : -2299.25606455878, Time : 23.975 s
Timestep : 744514, score : -2374.9153433926404, Time : 23.847 s
Timestep : 753273, score : -2339.51869410582, Time : 23.928 s
Timestep : 762032, score : -2295.0327691055427, Time : 23.485 s
Timestep : 770791, score : -2433.8261877069745, Time : 23.499 s
Timestep : 779550, score : -2090.7019765780133, Time : 23.51 s
Timestep : 788309, score : -2336.5778140437615, Time : 23.696 s
Timestep : 797068, score : -2364.484257318225, Time : 23.792 s
Timestep : 805827, score : -2386.641958523862, Time : 23.624 s
Timestep : 814586, score : -2311.288476222573, Time : 23.478 s
Timestep : 823345, score : -2684.484301199467, Time : 23.483 s
Timestep : 832104, score : -2529.1586062392744, Time : 23.173 s
Timestep : 840863, score : -2685.0644007368537, Time : 22.984 s
Timestep : 849622, score : -2665.046002140065, Time : 23.562 s
Timestep : 858381, score : -2452.6721342787205, Time : 23.659 s
Timestep : 867140, score : -2458.33238660582, Time : 23.389 s
Timestep : 875899, score : -2482.9817564492405, Time : 23.371 s
Starting local evaluation
Num Steps: 1000, Num episodes: 0
Num Steps: 2000, Num episodes: 0
Num Steps: 3000, Num episodes: 0
Num Steps: 4000, Num episodes: 0
Num Steps: 5000, Num episodes: 0
Num Steps: 6000, Num episodes: 0
Num Steps: 7000, Num episodes: 0
Num Steps: 8000, Num episodes: 0
Episode complete: 1 | Latest episode metrics: {'price_cost': 0.9108566565463135, 'emmision_cost': 0.9591556306276434}
[-0.14884958] -0.14884957702382562
Average Price Cost: 0.9108566565463135
Average Emmision Cost: 0.9591556306276434
Average of both costs: 0.9350061435869785
Total time taken by agent: 3.8156784747261554s
DONE!
