{'agent': 'DQN', 'action_selection': 'softmax', 'seed': 1, 'episodes': 100, 'data_path': 'data/citylearn_challenge_2022_phase_1', 'dry_run': False, 'n_discrete': 9, 'update_target': 4, 'lr': 0.01, 'batch_size': 4, 'adam_epsilon': 1e-10, 'epsilon_final': 0.02, 'run_id': 126}
{'Notes': 'This is a tuning run, executed on a single building.',
 'action_selection': 'softmax',
 'adam_epsilon': 1e-10,
 'env': '<NormalizeObservation<OneHotHour<DiscreteSingle<CityLearnEnv '
        'instance>>>>',
 'final_exploration_rate': 0.02,
 'final_exploration_step': 1000,
 'gamma': 0.99,
 'initial_exploration_rate': 1,
 'learning_rate': 0.01,
 'loss': 'mse',
 'minibatch_size': 4,
 'network': 'MLP(\n'
            '  (layers): Sequential(\n'
            '    (0): Linear(in_features=29, out_features=128, bias=True)\n'
            '    (1): ReLU()\n'
            '    (2): Linear(in_features=128, out_features=128, bias=True)\n'
            '    (3): ReLU()\n'
            '    (4): Linear(in_features=128, out_features=9, bias=True)\n'
            '  )\n'
            ')',
 'replay_buffer_size': 10000,
 'replay_start_size': 4,
 'seed': 1,
 'train_steps': 876000,
 'update_frequency': 1,
 'update_target_frequency': 4,
 'weight_scale': 1.4142135623730951}
Timestep : 8758, score : -5276.054979956156, Time : 22.696 s
Timestep : 17517, score : -5442.498556072271, Time : 23.108 s
Timestep : 26276, score : -6179.015216302039, Time : 23.181 s
Timestep : 35035, score : -7284.263381794124, Time : 23.121 s
Timestep : 43794, score : -8032.086370655408, Time : 22.914 s
Timestep : 52553, score : -6929.052494135132, Time : 23.118 s
Timestep : 61312, score : -6658.77068694304, Time : 23.295 s
Timestep : 70071, score : -4823.802172869051, Time : 22.765 s
Timestep : 78830, score : -7023.395767416252, Time : 22.791 s
Timestep : 87589, score : -4092.5756380925013, Time : 23.037 s
Timestep : 96348, score : -4544.241693187883, Time : 22.901 s
Timestep : 105107, score : -4235.911025292618, Time : 22.882 s
Timestep : 113866, score : -4353.399745664938, Time : 22.903 s
Timestep : 122625, score : -4541.696871313645, Time : 22.904 s
Timestep : 131384, score : -4239.239741194717, Time : 22.879 s
Timestep : 140143, score : -4372.131321487395, Time : 22.959 s
Timestep : 148902, score : -4310.602483171417, Time : 22.87 s
Timestep : 157661, score : -4291.441800731613, Time : 22.954 s
Timestep : 166420, score : -4200.701435960276, Time : 22.902 s
Timestep : 175179, score : -4254.365233024029, Time : 22.949 s
Timestep : 183938, score : -4119.774381568102, Time : 22.848 s
Timestep : 192697, score : -4140.4519726684375, Time : 22.921 s
Timestep : 201456, score : -4085.499911569903, Time : 22.199 s
Timestep : 210215, score : -4233.210381944737, Time : 22.143 s
Timestep : 218974, score : -4211.3490269357135, Time : 22.128 s
Timestep : 227733, score : -4189.318802329042, Time : 22.145 s
Timestep : 236492, score : -4201.1131758567935, Time : 22.405 s
Timestep : 245251, score : -4149.35664856623, Time : 22.677 s
Timestep : 254010, score : -4090.17320976677, Time : 22.807 s
Timestep : 262769, score : -4244.70854578256, Time : 22.801 s
Timestep : 271528, score : -4124.926934359042, Time : 22.287 s
Timestep : 280287, score : -4150.674504706083, Time : 22.784 s
Timestep : 289046, score : -4205.616664184403, Time : 22.767 s
Timestep : 297805, score : -4093.6370256574883, Time : 22.777 s
Timestep : 306564, score : -4062.0215708663745, Time : 22.794 s
Timestep : 315323, score : -4110.885114568548, Time : 22.78 s
Timestep : 324082, score : -4184.874511515169, Time : 22.783 s
Timestep : 332841, score : -4103.230366588061, Time : 22.782 s
Timestep : 341600, score : -4147.320590422867, Time : 22.766 s
Timestep : 350359, score : -4123.7714328890725, Time : 22.795 s
Timestep : 359118, score : -4156.816276333673, Time : 22.761 s
Timestep : 367877, score : -4137.652427387569, Time : 22.81 s
Timestep : 376636, score : -4093.136636910407, Time : 22.364 s
Timestep : 385395, score : -4093.943002340762, Time : 22.777 s
Timestep : 394154, score : -4093.834715873847, Time : 22.771 s
Timestep : 402913, score : -4171.399667335238, Time : 22.482 s
Timestep : 411672, score : -4223.7214010194, Time : 22.76 s
Timestep : 420431, score : -4141.251560350676, Time : 22.809 s
Timestep : 429190, score : -4091.7012376294297, Time : 22.775 s
Timestep : 437949, score : -4092.582654164551, Time : 22.759 s
Timestep : 446708, score : -4195.168451624719, Time : 22.767 s
Timestep : 455467, score : -4122.033099024935, Time : 22.775 s
Timestep : 464226, score : -4191.328736407129, Time : 22.756 s
Timestep : 472985, score : -4112.569050376682, Time : 22.769 s
Timestep : 481744, score : -4119.7567450622155, Time : 22.767 s
Timestep : 490503, score : -4146.826742881822, Time : 22.776 s
Timestep : 499262, score : -4161.501166084228, Time : 22.776 s
Timestep : 508021, score : -4218.051122700868, Time : 22.771 s
Timestep : 516780, score : -4136.3368056709005, Time : 22.8 s
Timestep : 525539, score : -4188.154717498837, Time : 22.79 s
Timestep : 534298, score : -4145.129090021743, Time : 22.773 s
Timestep : 543057, score : -4123.522846405773, Time : 22.797 s
Timestep : 551816, score : -4091.914711113466, Time : 22.794 s
Timestep : 560575, score : -4129.508607332973, Time : 22.802 s
Timestep : 569334, score : -4243.948178300081, Time : 22.773 s
Timestep : 578093, score : -4100.5755522525, Time : 22.792 s
Timestep : 586852, score : -4181.029235843947, Time : 22.756 s
Timestep : 595611, score : -4148.478488025634, Time : 22.797 s
Timestep : 604370, score : -4145.2295616334595, Time : 22.769 s
Timestep : 613129, score : -4064.8083480311616, Time : 22.742 s
Timestep : 621888, score : -4204.109578174917, Time : 22.802 s
Timestep : 630647, score : -4199.74084251016, Time : 22.767 s
Timestep : 639406, score : -4114.059725056781, Time : 22.764 s
Timestep : 648165, score : -4117.332642016379, Time : 22.68 s
Timestep : 656924, score : -4138.2775437584205, Time : 22.762 s
Timestep : 665683, score : -4052.4327796189173, Time : 22.116 s
Timestep : 674442, score : -4084.4705184748454, Time : 22.168 s
Timestep : 683201, score : -4078.2336309143866, Time : 22.113 s
Timestep : 691960, score : -4091.7890850877448, Time : 22.078 s
Timestep : 700719, score : -4135.4859516149445, Time : 22.254 s
Timestep : 709478, score : -4119.754704345396, Time : 22.564 s
Timestep : 718237, score : -4099.936075654259, Time : 22.825 s
Timestep : 726996, score : -4054.6541175669117, Time : 22.912 s
Timestep : 735755, score : -4066.7558679798676, Time : 22.599 s
Timestep : 744514, score : -4136.681137794076, Time : 22.235 s
Timestep : 753273, score : -4111.97243636605, Time : 22.341 s
Timestep : 762032, score : -4034.655603667168, Time : 22.871 s
Timestep : 770791, score : -4107.112080880819, Time : 22.912 s
Timestep : 779550, score : -4129.918950648425, Time : 22.924 s
Timestep : 788309, score : -4113.083370199456, Time : 22.956 s
Timestep : 797068, score : -4221.749963838054, Time : 22.318 s
Timestep : 805827, score : -4135.579723845614, Time : 22.713 s
Timestep : 814586, score : -4124.078657267994, Time : 22.843 s
Timestep : 823345, score : -4122.323256235948, Time : 22.895 s
Timestep : 832104, score : -4146.571043099655, Time : 22.4 s
Timestep : 840863, score : -4257.155444749078, Time : 22.462 s
Timestep : 849622, score : -4102.931164511858, Time : 22.452 s
Timestep : 858381, score : -4129.840926356992, Time : 22.905 s
Timestep : 867140, score : -4110.726560862182, Time : 22.916 s
Timestep : 875899, score : -4113.6087586309, Time : 22.905 s
Starting local evaluation
Num Steps: 1000, Num episodes: 0
Num Steps: 2000, Num episodes: 0
Num Steps: 3000, Num episodes: 0
Num Steps: 4000, Num episodes: 0
Num Steps: 5000, Num episodes: 0
Num Steps: 6000, Num episodes: 0
Num Steps: 7000, Num episodes: 0
Num Steps: 8000, Num episodes: 0
Episode complete: 1 | Latest episode metrics: {'price_cost': 1.0039817299142488, 'emmision_cost': 1.0049629050060076}
[-0.23553876] -0.2355387605261845
Average Price Cost: 1.0039817299142488
Average Emmision Cost: 1.0049629050060076
Average of both costs: 1.0044723174601282
Total time taken by agent: 3.7130922274664044s
DONE!
