{'agent': 'DQN', 'action_selection': 'egreedy', 'seed': 1, 'episodes': 100, 'data_path': 'data/citylearn_challenge_2022_phase_1', 'dry_run': False, 'n_discrete': 9, 'update_target': 4, 'lr': 3e-05, 'batch_size': 8, 'adam_epsilon': 1e-08, 'epsilon_final': 0.04, 'run_id': 316}
{'Notes': 'This is a tuning run, executed on a single building.',
 'action_selection': 'egreedy',
 'adam_epsilon': 1e-08,
 'env': '<NormalizeObservation<OneHotHour<DiscreteSingle<CityLearnEnv '
        'instance>>>>',
 'final_exploration_rate': 0.02,
 'final_exploration_step': 1000,
 'gamma': 0.99,
 'initial_exploration_rate': 1,
 'learning_rate': 3e-05,
 'loss': 'mse',
 'minibatch_size': 8,
 'network': 'MLP(\n'
            '  (layers): Sequential(\n'
            '    (0): Linear(in_features=29, out_features=128, bias=True)\n'
            '    (1): ReLU()\n'
            '    (2): Linear(in_features=128, out_features=128, bias=True)\n'
            '    (3): ReLU()\n'
            '    (4): Linear(in_features=128, out_features=9, bias=True)\n'
            '  )\n'
            ')',
 'replay_buffer_size': 10000,
 'replay_start_size': 8,
 'seed': 1,
 'train_steps': 876000,
 'update_frequency': 1,
 'update_target_frequency': 4,
 'weight_scale': 1.4142135623730951}
Timestep : 8758, score : -6259.5335029376, Time : 21.796 s
Timestep : 17517, score : -4473.783330539154, Time : 21.755 s
Timestep : 26276, score : -5123.076775942609, Time : 21.635 s
Timestep : 35035, score : -4923.3344422293885, Time : 21.668 s
Timestep : 43794, score : -4671.684432153503, Time : 21.97 s
Timestep : 52553, score : -4831.545445494732, Time : 22.36 s
Timestep : 61312, score : -4786.924612552306, Time : 22.347 s
Timestep : 70071, score : -4538.788265984884, Time : 22.39 s
Timestep : 78830, score : -4812.04294600655, Time : 22.346 s
Timestep : 87589, score : -4640.683800322382, Time : 22.358 s
Timestep : 96348, score : -4886.166924811347, Time : 22.397 s
Timestep : 105107, score : -4607.812544372777, Time : 22.352 s
Timestep : 113866, score : -4267.285189172442, Time : 22.126 s
Timestep : 122625, score : -3968.908813725371, Time : 22.041 s
Timestep : 131384, score : -3466.0973228456423, Time : 21.575 s
Timestep : 140143, score : -3249.273218567978, Time : 21.517 s
Timestep : 148902, score : -2195.1973639198404, Time : 21.498 s
Timestep : 157661, score : -1695.5059613170597, Time : 22.04 s
Timestep : 166420, score : -2417.329107484824, Time : 22.176 s
Timestep : 175179, score : -2755.61102142639, Time : 22.068 s
Timestep : 183938, score : -2530.4164488747338, Time : 22.2 s
Timestep : 192697, score : -2887.4191493082762, Time : 22.295 s
Timestep : 201456, score : -2552.346442756083, Time : 21.896 s
Timestep : 210215, score : -2511.807717723146, Time : 21.663 s
Timestep : 218974, score : -2248.9634629334905, Time : 21.426 s
Timestep : 227733, score : -2595.877867894069, Time : 21.6 s
Timestep : 236492, score : -2478.33210239873, Time : 22.071 s
Timestep : 245251, score : -2624.213530278561, Time : 22.662 s
Timestep : 254010, score : -3004.6552277603405, Time : 22.901 s
Timestep : 262769, score : -3175.9559310795594, Time : 22.363 s
Timestep : 271528, score : -3170.9437371582317, Time : 22.324 s
Timestep : 280287, score : -2244.236413950297, Time : 22.19 s
Timestep : 289046, score : -2466.610515268665, Time : 22.305 s
Timestep : 297805, score : -2364.555407441123, Time : 21.621 s
Timestep : 306564, score : -2756.138350998237, Time : 21.519 s
Timestep : 315323, score : -2622.5180097043412, Time : 22.352 s
Timestep : 324082, score : -3262.0676083790895, Time : 22.292 s
Timestep : 332841, score : -3395.1384636147995, Time : 22.546 s
Timestep : 341600, score : -2973.725540124964, Time : 22.394 s
Timestep : 350359, score : -3331.820336766483, Time : 21.614 s
Timestep : 359118, score : -3613.03964054925, Time : 21.443 s
Timestep : 367877, score : -3170.0423395556354, Time : 21.991 s
Timestep : 376636, score : -3705.8611723137146, Time : 21.789 s
Timestep : 385395, score : -3522.5112284519346, Time : 21.632 s
Timestep : 394154, score : -4157.171968915674, Time : 21.884 s
Timestep : 402913, score : -4328.3806050696, Time : 22.148 s
Timestep : 411672, score : -4306.375894786281, Time : 22.273 s
Timestep : 420431, score : -4272.994966510829, Time : 22.335 s
Timestep : 429190, score : -4435.849401811749, Time : 22.327 s
Timestep : 437949, score : -4239.551509700774, Time : 22.306 s
Timestep : 446708, score : -4260.669538416987, Time : 22.248 s
Timestep : 455467, score : -4286.1557482701755, Time : 22.158 s
Timestep : 464226, score : -3956.0668683895638, Time : 21.624 s
Timestep : 472985, score : -3904.3150975320896, Time : 21.843 s
Timestep : 481744, score : -3715.9695789629623, Time : 22.054 s
Timestep : 490503, score : -3367.9262417041755, Time : 21.819 s
Timestep : 499262, score : -3026.7127181755204, Time : 21.67 s
Timestep : 508021, score : -2478.0365212928955, Time : 21.685 s
Timestep : 516780, score : -2388.3339398029057, Time : 21.955 s
Timestep : 525539, score : -2531.2335182051465, Time : 22.258 s
Timestep : 534298, score : -2898.661441237193, Time : 22.287 s
Timestep : 543057, score : -3171.1988685083343, Time : 21.696 s
Timestep : 551816, score : -2552.097341341141, Time : 22.143 s
Timestep : 560575, score : -2456.0448812701798, Time : 22.023 s
Timestep : 569334, score : -2506.9854430447385, Time : 22.29 s
Timestep : 578093, score : -2744.005827126879, Time : 22.22 s
Timestep : 586852, score : -2157.4692242055016, Time : 22.724 s
Timestep : 595611, score : -2594.3131460797013, Time : 22.51 s
Timestep : 604370, score : -2492.201638887469, Time : 22.203 s
Timestep : 613129, score : -2360.875912949923, Time : 22.303 s
Timestep : 621888, score : -2636.097136143653, Time : 22.281 s
Timestep : 630647, score : -2446.242365571161, Time : 22.3 s
Timestep : 639406, score : -2357.230041566305, Time : 22.255 s
Timestep : 648165, score : -2808.4549221904526, Time : 22.261 s
Timestep : 656924, score : -2512.4971455463674, Time : 22.309 s
Timestep : 665683, score : -2848.1509204039176, Time : 21.846 s
Timestep : 674442, score : -2369.8800951039775, Time : 22.306 s
Timestep : 683201, score : -2335.0393127401767, Time : 22.305 s
Timestep : 691960, score : -2259.5923208151253, Time : 22.312 s
Timestep : 700719, score : -2355.7055067977526, Time : 22.76 s
Timestep : 709478, score : -2291.651004694664, Time : 22.497 s
Timestep : 718237, score : -2325.381162892678, Time : 22.305 s
Timestep : 726996, score : -2434.426489056408, Time : 21.854 s
Timestep : 735755, score : -2478.140092340909, Time : 21.87 s
Timestep : 744514, score : -2305.768249294051, Time : 21.718 s
Timestep : 753273, score : -2564.932011587778, Time : 21.76 s
Timestep : 762032, score : -2657.478107175637, Time : 22.128 s
Timestep : 770791, score : -2896.676294347417, Time : 22.33 s
Timestep : 779550, score : -2807.9947523690353, Time : 21.851 s
Timestep : 788309, score : -2489.564469976962, Time : 21.657 s
Timestep : 797068, score : -2310.3659030164854, Time : 21.862 s
Timestep : 805827, score : -2386.896507727768, Time : 22.085 s
Timestep : 814586, score : -2567.517810140911, Time : 22.006 s
Timestep : 823345, score : -2532.119818542531, Time : 21.786 s
Timestep : 832104, score : -2433.079415510263, Time : 21.698 s
Timestep : 840863, score : -2309.6857780498976, Time : 21.697 s
Timestep : 849622, score : -2234.9559525698714, Time : 21.641 s
Timestep : 858381, score : -2428.616211682129, Time : 21.677 s
Timestep : 867140, score : -2444.3901932101, Time : 22.11 s
Timestep : 875899, score : -2265.506922200104, Time : 22.327 s
Starting local evaluation
Num Steps: 1000, Num episodes: 0
Num Steps: 2000, Num episodes: 0
Num Steps: 3000, Num episodes: 0
Num Steps: 4000, Num episodes: 0
Num Steps: 5000, Num episodes: 0
Num Steps: 6000, Num episodes: 0
Num Steps: 7000, Num episodes: 0
Num Steps: 8000, Num episodes: 0
Episode complete: 1 | Latest episode metrics: {'price_cost': 0.8413617021044526, 'emmision_cost': 0.9694346691624477}
[-0.11036725] -0.11036725357356436
Average Price Cost: 0.8413617021044526
Average Emmision Cost: 0.9694346691624477
Average of both costs: 0.9053981856334501
Total time taken by agent: 2.5646607790113194s
DONE!
