{'agent': 'UADQN', 'action_selection': 'softmax', 'seed': 1, 'episodes': 50, 'data_path': 'data/citylearn_challenge_2022_phase_1', 'dry_run': False, 'n_discrete': 9, 'update_target': 8, 'lr': 0.0003, 'batch_size': 4, 'adam_epsilon': 1e-07, 'epsilon_final': 0.02, 'run_id': 419}
{'Notes': 'This is a tuning run, executed on a single building.',
 'adam_epsilon': 1e-07,
 'aleatoric_factor': 0,
 'biased_aleatoric': False,
 'env': '<NormalizeObservation<OneHotHour<DiscreteSingle<CityLearnEnv '
        'instance>>>>',
 'epistemic_factor': 1,
 'gamma': 0.99,
 'learning_rate': 0.0003,
 'minibatch_size': 4,
 'n_quantiles': 20,
 'network': 'MLP(\n'
            '  (layers): Sequential(\n'
            '    (0): Linear(in_features=29, out_features=128, bias=True)\n'
            '    (1): ReLU()\n'
            '    (2): Linear(in_features=128, out_features=128, bias=True)\n'
            '    (3): ReLU()\n'
            '    (4): Linear(in_features=128, out_features=180, bias=True)\n'
            '  )\n'
            ')',
 'noise_scale': 1,
 'replay_buffer_size': 10000,
 'replay_start_size': 4,
 'seed': 1,
 'train_steps': 438000,
 'update_frequency': 1,
 'update_target_frequency': 8,
 'weight_scale': 1.4142135623730951}
Timestep : 8758, score : -4813.137523727404, Time : 74.973 s
Timestep : 17517, score : -4125.304598600094, Time : 75.727 s
Timestep : 26276, score : -4353.376004453661, Time : 75.958 s
Timestep : 35035, score : -3995.0146735736926, Time : 76.079 s
Timestep : 43794, score : -3522.0235448873427, Time : 76.291 s
Timestep : 52553, score : -3592.214140309399, Time : 76.244 s
Timestep : 61312, score : -3700.3948096791573, Time : 76.522 s
Timestep : 70071, score : -2723.852653567592, Time : 76.612 s
Timestep : 78830, score : -2470.0481526820513, Time : 76.77 s
Timestep : 87589, score : -2430.1035367755976, Time : 76.712 s
Timestep : 96348, score : -2735.6797667712963, Time : 76.624 s
Timestep : 105107, score : -2388.401955702371, Time : 76.615 s
Timestep : 113866, score : -2351.2013534016733, Time : 76.579 s
Timestep : 122625, score : -2828.7885736307653, Time : 76.598 s
Timestep : 131384, score : -2907.958013262396, Time : 76.6 s
Timestep : 140143, score : -2293.185742207017, Time : 76.686 s
Timestep : 148902, score : -2090.7418578000797, Time : 76.709 s
Timestep : 157661, score : -2102.962752487074, Time : 76.756 s
Timestep : 166420, score : -2459.625730940985, Time : 76.731 s
Timestep : 175179, score : -2899.710766641336, Time : 76.726 s
Timestep : 183938, score : -2155.0569631714898, Time : 76.725 s
Timestep : 192697, score : -2449.151015481242, Time : 76.727 s
Timestep : 201456, score : -2254.9226772142865, Time : 76.686 s
Timestep : 210215, score : -2015.363200249063, Time : 76.679 s
Timestep : 218974, score : -2090.8528492877085, Time : 76.722 s
Timestep : 227733, score : -1848.9843533034727, Time : 76.646 s
Timestep : 236492, score : -2137.890418039664, Time : 76.625 s
Timestep : 245251, score : -2184.9800048159377, Time : 76.659 s
Timestep : 254010, score : -1831.9612429866393, Time : 77.44 s
Timestep : 262769, score : -1454.5223509434436, Time : 76.66 s
Timestep : 271528, score : -1584.4582712194242, Time : 76.65 s
Timestep : 280287, score : -1792.2781754942553, Time : 76.698 s
Timestep : 289046, score : -1938.057346239133, Time : 76.609 s
Timestep : 297805, score : -1590.6143207599234, Time : 76.542 s
Timestep : 306564, score : -1463.654367164505, Time : 76.6 s
Timestep : 315323, score : -1551.0404151457187, Time : 76.53 s
Timestep : 324082, score : -1190.9751081760332, Time : 76.614 s
Timestep : 332841, score : -1672.632744920702, Time : 76.325 s
Timestep : 341600, score : -1301.2255388851772, Time : 76.586 s
Timestep : 350359, score : -1139.5617077228671, Time : 76.736 s
Timestep : 359118, score : -1083.049013665208, Time : 76.687 s
Timestep : 367877, score : -1389.939175297768, Time : 76.564 s
Timestep : 376636, score : -1704.5953705509019, Time : 76.528 s
Timestep : 385395, score : -1211.3253184969362, Time : 76.323 s
Timestep : 394154, score : -1423.2960309320188, Time : 76.492 s
Timestep : 402913, score : -1242.1651770226017, Time : 76.188 s
Timestep : 411672, score : -1266.3784963938233, Time : 76.267 s
Timestep : 420431, score : -1449.9902902238828, Time : 76.219 s
Timestep : 429190, score : -1342.8635598732217, Time : 76.258 s
Timestep : 437949, score : -1353.1442479009565, Time : 76.247 s
Starting local evaluation
Num Steps: 1000, Num episodes: 0
Num Steps: 2000, Num episodes: 0
Num Steps: 3000, Num episodes: 0
Num Steps: 4000, Num episodes: 0
Num Steps: 5000, Num episodes: 0
Num Steps: 6000, Num episodes: 0
Num Steps: 7000, Num episodes: 0
Num Steps: 8000, Num episodes: 0
Episode complete: 1 | Latest episode metrics: {'price_cost': 0.8451581147590042, 'emmision_cost': 0.9072834450706784}
[-0.07616383] -0.07616382694071808
Average Price Cost: 0.8451581147590042
Average Emmision Cost: 0.9072834450706784
Average of both costs: 0.8762207799148413
Total time taken by agent: 12.589284310204675s
DONE!
