{'agent': 'DQN', 'action_selection': 'egreedy', 'seed': 1, 'episodes': 100, 'data_path': 'data/citylearn_challenge_2022_phase_1', 'dry_run': False, 'n_discrete': 9, 'update_target': 4, 'lr': 3e-05, 'batch_size': 128, 'adam_epsilon': 0.001, 'epsilon_final': 0.08, 'run_id': 238}
{'Notes': 'This is a tuning run, executed on a single building.',
 'action_selection': 'egreedy',
 'adam_epsilon': 0.001,
 'env': '<NormalizeObservation<OneHotHour<DiscreteSingle<CityLearnEnv '
        'instance>>>>',
 'final_exploration_rate': 0.02,
 'final_exploration_step': 1000,
 'gamma': 0.99,
 'initial_exploration_rate': 1,
 'learning_rate': 3e-05,
 'loss': 'mse',
 'minibatch_size': 128,
 'network': 'MLP(\n'
            '  (layers): Sequential(\n'
            '    (0): Linear(in_features=29, out_features=128, bias=True)\n'
            '    (1): ReLU()\n'
            '    (2): Linear(in_features=128, out_features=128, bias=True)\n'
            '    (3): ReLU()\n'
            '    (4): Linear(in_features=128, out_features=9, bias=True)\n'
            '  )\n'
            ')',
 'replay_buffer_size': 10000,
 'replay_start_size': 128,
 'seed': 1,
 'train_steps': 876000,
 'update_frequency': 1,
 'update_target_frequency': 4,
 'weight_scale': 1.4142135623730951}
Timestep : 8758, score : -5757.546556212677, Time : 28.161 s
Timestep : 17517, score : -5074.695366102809, Time : 27.696 s
Timestep : 26276, score : -4928.735914471166, Time : 27.802 s
Timestep : 35035, score : -4549.921264652541, Time : 27.824 s
Timestep : 43794, score : -4440.609156580089, Time : 27.82 s
Timestep : 52553, score : -4534.699416325806, Time : 27.846 s
Timestep : 61312, score : -4531.825215650169, Time : 27.837 s
Timestep : 70071, score : -4582.091651108189, Time : 27.84 s
Timestep : 78830, score : -4575.508307419208, Time : 27.82 s
Timestep : 87589, score : -4714.075331281012, Time : 27.874 s
Timestep : 96348, score : -4499.887799459932, Time : 27.845 s
Timestep : 105107, score : -4576.449992531358, Time : 27.755 s
Timestep : 113866, score : -4547.294146726286, Time : 27.854 s
Timestep : 122625, score : -4601.018362237519, Time : 27.853 s
Timestep : 131384, score : -4533.7782508483215, Time : 27.808 s
Timestep : 140143, score : -4611.093949707603, Time : 27.861 s
Timestep : 148902, score : -4520.944143359928, Time : 27.882 s
Timestep : 157661, score : -4592.901075667149, Time : 33.333 s
Timestep : 166420, score : -4457.653180536261, Time : 33.918 s
Timestep : 175179, score : -4334.705832076172, Time : 33.927 s
Timestep : 183938, score : -4388.57503696662, Time : 29.258 s
Timestep : 192697, score : -4322.757238597987, Time : 28.428 s
Timestep : 201456, score : -4328.898477831302, Time : 26.837 s
Timestep : 210215, score : -4201.707464136562, Time : 27.937 s
Timestep : 218974, score : -4120.360648849426, Time : 27.359 s
Timestep : 227733, score : -3494.019643435633, Time : 26.769 s
Timestep : 236492, score : -3718.666945026329, Time : 26.894 s
Timestep : 245251, score : -3272.1190393426514, Time : 27.537 s
Timestep : 254010, score : -3869.1766862761287, Time : 26.792 s
Timestep : 262769, score : -2349.875911695912, Time : 26.783 s
Timestep : 271528, score : -2629.6614392689953, Time : 26.786 s
Timestep : 280287, score : -2528.4370047267585, Time : 30.91 s
Timestep : 289046, score : -3233.4965348507103, Time : 28.746 s
Timestep : 297805, score : -2675.5365529196133, Time : 26.792 s
Timestep : 306564, score : -2871.3352486214426, Time : 26.751 s
Timestep : 315323, score : -2810.9094316335686, Time : 28.06 s
Timestep : 324082, score : -2941.1568764447293, Time : 27.206 s
Timestep : 332841, score : -2514.1482243239443, Time : 26.75 s
Timestep : 341600, score : -2800.812895326322, Time : 26.744 s
Timestep : 350359, score : -2814.8260190693254, Time : 26.742 s
Timestep : 359118, score : -2451.7113351968874, Time : 26.747 s
Timestep : 367877, score : -2792.2234987248958, Time : 26.734 s
Timestep : 376636, score : -2327.989753132948, Time : 26.768 s
Timestep : 385395, score : -2863.3477113150584, Time : 26.739 s
Timestep : 394154, score : -2805.8493158030615, Time : 26.705 s
Timestep : 402913, score : -2724.0862636894744, Time : 28.675 s
Timestep : 411672, score : -2751.2129389800393, Time : 26.709 s
Timestep : 420431, score : -2810.9770394964435, Time : 31.269 s
Timestep : 429190, score : -2662.9040858594526, Time : 33.833 s
Timestep : 437949, score : -2534.704658514849, Time : 27.862 s
Timestep : 446708, score : -2584.7783582795237, Time : 26.696 s
Timestep : 455467, score : -2433.1260525139805, Time : 29.082 s
Timestep : 464226, score : -2600.6654416098754, Time : 31.954 s
Timestep : 472985, score : -2356.432124163519, Time : 27.414 s
Timestep : 481744, score : -2767.8201474611706, Time : 27.759 s
Timestep : 490503, score : -2832.667106000037, Time : 27.8 s
Timestep : 499262, score : -2464.7774184920418, Time : 27.784 s
Timestep : 508021, score : -2604.824738335825, Time : 27.968 s
Timestep : 516780, score : -2741.504932419237, Time : 28.279 s
Timestep : 525539, score : -2497.40358177459, Time : 27.804 s
Timestep : 534298, score : -2595.242580263366, Time : 27.827 s
Timestep : 543057, score : -2227.27252307281, Time : 27.826 s
Timestep : 551816, score : -2743.6319772096176, Time : 27.841 s
Timestep : 560575, score : -2381.9347803882847, Time : 27.821 s
Timestep : 569334, score : -2531.745992070326, Time : 29.118 s
Timestep : 578093, score : -2550.7692218135635, Time : 31.447 s
Timestep : 586852, score : -2536.155835930447, Time : 27.573 s
Timestep : 595611, score : -2507.802948289973, Time : 30.494 s
Timestep : 604370, score : -2534.557801468327, Time : 26.718 s
Timestep : 613129, score : -2718.352802288282, Time : 29.698 s
Timestep : 621888, score : -2843.7275557532266, Time : 30.342 s
Timestep : 630647, score : -3078.4490654003603, Time : 27.126 s
Timestep : 639406, score : -2803.4577773344063, Time : 27.34 s
Timestep : 648165, score : -2625.1614484587044, Time : 27.726 s
Timestep : 656924, score : -2743.251239917896, Time : 26.715 s
Timestep : 665683, score : -2675.4507208523864, Time : 26.736 s
Timestep : 674442, score : -2818.439075471397, Time : 26.728 s
Timestep : 683201, score : -2633.300265809943, Time : 26.737 s
Timestep : 691960, score : -2661.0231456409965, Time : 27.486 s
Timestep : 700719, score : -2579.204748473625, Time : 27.846 s
Timestep : 709478, score : -2465.0795410184946, Time : 28.505 s
Timestep : 718237, score : -2644.755363759614, Time : 29.099 s
Timestep : 726996, score : -2670.207267517486, Time : 27.834 s
Timestep : 735755, score : -2958.5943907720794, Time : 27.798 s
Timestep : 744514, score : -2860.518801447266, Time : 27.827 s
Timestep : 753273, score : -2816.4108776534267, Time : 29.788 s
Timestep : 762032, score : -3072.77433840312, Time : 26.976 s
Timestep : 770791, score : -2746.7354198165995, Time : 27.821 s
Timestep : 779550, score : -2973.5706279629667, Time : 27.639 s
Timestep : 788309, score : -2666.0937089971558, Time : 27.815 s
Timestep : 797068, score : -2998.6628056844056, Time : 26.999 s
Timestep : 805827, score : -2732.0888515922998, Time : 27.817 s
Timestep : 814586, score : -2739.8318765212607, Time : 27.813 s
Timestep : 823345, score : -2797.8808791716874, Time : 27.799 s
Timestep : 832104, score : -2639.3816188355268, Time : 29.198 s
Timestep : 840863, score : -3110.0072789294936, Time : 31.079 s
Timestep : 849622, score : -2785.0301133059256, Time : 27.001 s
Timestep : 858381, score : -2802.5865610540204, Time : 27.822 s
Timestep : 867140, score : -2694.371975744638, Time : 27.812 s
Timestep : 875899, score : -2765.833166508266, Time : 27.814 s
Starting local evaluation
Num Steps: 1000, Num episodes: 0
Num Steps: 2000, Num episodes: 0
Num Steps: 3000, Num episodes: 0
Num Steps: 4000, Num episodes: 0
Num Steps: 5000, Num episodes: 0
Num Steps: 6000, Num episodes: 0
Num Steps: 7000, Num episodes: 0
Num Steps: 8000, Num episodes: 0
Episode complete: 1 | Latest episode metrics: {'price_cost': 0.9196528269594545, 'emmision_cost': 0.9764427279346144}
[-0.16467766] -0.1646776615885651
Average Price Cost: 0.9196528269594545
Average Emmision Cost: 0.9764427279346144
Average of both costs: 0.9480477774470344
Total time taken by agent: 2.527071598917246s
DONE!
