{'agent': 'DQN', 'action_selection': 'egreedy', 'seed': 1, 'episodes': 100, 'data_path': 'data/citylearn_challenge_2022_phase_1', 'dry_run': False, 'n_discrete': 9, 'update_target': 32, 'lr': 7e-05, 'batch_size': 1, 'adam_epsilon': 0.0001, 'epsilon_final': 0.06, 'run_id': 394}
{'Notes': 'This is a tuning run, executed on a single building.',
 'action_selection': 'egreedy',
 'adam_epsilon': 0.0001,
 'env': '<NormalizeObservation<OneHotHour<DiscreteSingle<CityLearnEnv '
        'instance>>>>',
 'final_exploration_rate': 0.02,
 'final_exploration_step': 1000,
 'gamma': 0.99,
 'initial_exploration_rate': 1,
 'learning_rate': 7e-05,
 'loss': 'mse',
 'minibatch_size': 1,
 'network': 'MLP(\n'
            '  (layers): Sequential(\n'
            '    (0): Linear(in_features=29, out_features=128, bias=True)\n'
            '    (1): ReLU()\n'
            '    (2): Linear(in_features=128, out_features=128, bias=True)\n'
            '    (3): ReLU()\n'
            '    (4): Linear(in_features=128, out_features=9, bias=True)\n'
            '  )\n'
            ')',
 'replay_buffer_size': 10000,
 'replay_start_size': 1,
 'seed': 1,
 'train_steps': 876000,
 'update_frequency': 1,
 'update_target_frequency': 32,
 'weight_scale': 1.4142135623730951}
Timestep : 8758, score : -6556.679971608595, Time : 18.8 s
Timestep : 17517, score : -4542.467026273167, Time : 18.882 s
Timestep : 26276, score : -5463.796716851444, Time : 20.016 s
Timestep : 35035, score : -4727.498744748911, Time : 20.264 s
Timestep : 43794, score : -4732.598370724736, Time : 19.63 s
Timestep : 52553, score : -4719.2878449600685, Time : 19.523 s
Timestep : 61312, score : -5026.755920472933, Time : 19.369 s
Timestep : 70071, score : -4611.632610545406, Time : 19.36 s
Timestep : 78830, score : -5157.492543351749, Time : 19.341 s
Timestep : 87589, score : -4854.107826475898, Time : 19.361 s
Timestep : 96348, score : -4703.84272034411, Time : 19.352 s
Timestep : 105107, score : -4923.012031363396, Time : 19.377 s
Timestep : 113866, score : -4239.186108624825, Time : 19.375 s
Timestep : 122625, score : -3840.556848947337, Time : 19.408 s
Timestep : 131384, score : -3804.5040492576372, Time : 19.304 s
Timestep : 140143, score : -4200.161905681976, Time : 19.338 s
Timestep : 148902, score : -4256.507380342024, Time : 19.266 s
Timestep : 157661, score : -3777.1142196583387, Time : 19.404 s
Timestep : 166420, score : -3165.010129981005, Time : 19.441 s
Timestep : 175179, score : -3362.52411073861, Time : 19.485 s
Timestep : 183938, score : -3078.662347903737, Time : 19.546 s
Timestep : 192697, score : -3295.9090265671985, Time : 19.647 s
Timestep : 201456, score : -2772.289612599954, Time : 19.586 s
Timestep : 210215, score : -2439.54330480544, Time : 19.7 s
Timestep : 218974, score : -2231.473255293822, Time : 20.529 s
Timestep : 227733, score : -2123.1951272121223, Time : 20.184 s
Timestep : 236492, score : -1916.2119728674006, Time : 20.39 s
Timestep : 245251, score : -2078.1812262818275, Time : 20.262 s
Timestep : 254010, score : -2286.5065007149533, Time : 20.471 s
Timestep : 262769, score : -2410.324389694055, Time : 20.375 s
Timestep : 271528, score : -1748.5546015050786, Time : 20.284 s
Timestep : 280287, score : -977.2450299986231, Time : 19.32 s
Timestep : 289046, score : -1627.7540889627999, Time : 19.473 s
Timestep : 297805, score : -1379.174987471226, Time : 19.443 s
Timestep : 306564, score : -1893.4297305920918, Time : 19.386 s
Timestep : 315323, score : -1576.168797379898, Time : 19.28 s
Timestep : 324082, score : -2590.851901805916, Time : 19.395 s
Timestep : 332841, score : -2208.592958197187, Time : 19.348 s
Timestep : 341600, score : -2247.70482045706, Time : 19.418 s
Timestep : 350359, score : -2016.9226568078448, Time : 19.441 s
Timestep : 359118, score : -2598.282094503782, Time : 19.423 s
Timestep : 367877, score : -1658.4593091124261, Time : 19.497 s
Timestep : 376636, score : -1984.069542329089, Time : 19.583 s
Timestep : 385395, score : -1910.1954107957717, Time : 19.365 s
Timestep : 394154, score : -2035.5643376844528, Time : 19.423 s
Timestep : 402913, score : -1859.1746827761235, Time : 19.261 s
Timestep : 411672, score : -2072.2865349188505, Time : 19.381 s
Timestep : 420431, score : -1844.37484905569, Time : 19.369 s
Timestep : 429190, score : -1854.397785672947, Time : 19.077 s
Timestep : 437949, score : -1837.9258614168793, Time : 18.989 s
Timestep : 446708, score : -1567.3395787995105, Time : 18.992 s
Timestep : 455467, score : -1379.870115351645, Time : 19.249 s
Timestep : 464226, score : -2138.7003118981665, Time : 19.36 s
Timestep : 472985, score : -1309.5153377621027, Time : 19.012 s
Timestep : 481744, score : -2216.3215721372108, Time : 19.226 s
Timestep : 490503, score : -1679.2446716188279, Time : 19.412 s
Timestep : 499262, score : -1232.272862540165, Time : 19.377 s
Timestep : 508021, score : -1529.9860817652952, Time : 19.344 s
Timestep : 516780, score : -1366.029244569625, Time : 18.987 s
Timestep : 525539, score : -1698.6205153183837, Time : 19.046 s
Timestep : 534298, score : -1795.876828781591, Time : 19.404 s
Timestep : 543057, score : -1239.3124367060664, Time : 19.397 s
Timestep : 551816, score : -1883.5091974922398, Time : 20.246 s
Timestep : 560575, score : -1474.3969542871055, Time : 20.35 s
Timestep : 569334, score : -1565.7120715955098, Time : 20.455 s
Timestep : 578093, score : -1577.7420757228538, Time : 20.393 s
Timestep : 586852, score : -1726.701051856886, Time : 20.528 s
Timestep : 595611, score : -1668.6008244518016, Time : 20.554 s
Timestep : 604370, score : -1425.5214295685582, Time : 20.551 s
Timestep : 613129, score : -2121.7850479013578, Time : 20.48 s
Timestep : 621888, score : -1750.8887617596483, Time : 19.995 s
Timestep : 630647, score : -1404.2454313066846, Time : 20.395 s
Timestep : 639406, score : -1819.093880634202, Time : 20.026 s
Timestep : 648165, score : -2282.978841952543, Time : 20.036 s
Timestep : 656924, score : -1563.6168032005953, Time : 20.294 s
Timestep : 665683, score : -1664.6593856739637, Time : 19.464 s
Timestep : 674442, score : -1284.932451642031, Time : 19.318 s
Timestep : 683201, score : -1546.8117526835122, Time : 19.499 s
Timestep : 691960, score : -1911.1397314220958, Time : 19.913 s
Timestep : 700719, score : -1482.6938789174674, Time : 20.43 s
Timestep : 709478, score : -1475.9646449920547, Time : 20.518 s
Timestep : 718237, score : -1480.2596868350665, Time : 20.327 s
Timestep : 726996, score : -1315.1637907929544, Time : 20.222 s
Timestep : 735755, score : -1266.164833449322, Time : 20.478 s
Timestep : 744514, score : -1244.4873145666497, Time : 20.438 s
Timestep : 753273, score : -1270.9009520769614, Time : 20.535 s
Timestep : 762032, score : -1755.1026433834631, Time : 20.279 s
Timestep : 770791, score : -1288.7770289799955, Time : 20.426 s
Timestep : 779550, score : -1105.1196674711828, Time : 20.466 s
Timestep : 788309, score : -1547.8626571942877, Time : 20.241 s
Timestep : 797068, score : -1471.950822926854, Time : 19.361 s
Timestep : 805827, score : -1522.9481673233968, Time : 19.179 s
Timestep : 814586, score : -1219.1079328125634, Time : 19.597 s
Timestep : 823345, score : -1739.3342688244593, Time : 19.451 s
Timestep : 832104, score : -1415.6866999129124, Time : 19.49 s
Timestep : 840863, score : -1712.5054488192836, Time : 19.589 s
Timestep : 849622, score : -1586.2956252090225, Time : 19.471 s
Timestep : 858381, score : -1351.5895821115264, Time : 19.432 s
Timestep : 867140, score : -1547.7700983529503, Time : 19.459 s
Timestep : 875899, score : -1641.1841666705732, Time : 19.509 s
Starting local evaluation
Num Steps: 1000, Num episodes: 0
Num Steps: 2000, Num episodes: 0
Num Steps: 3000, Num episodes: 0
Num Steps: 4000, Num episodes: 0
Num Steps: 5000, Num episodes: 0
Num Steps: 6000, Num episodes: 0
Num Steps: 7000, Num episodes: 0
Num Steps: 8000, Num episodes: 0
Episode complete: 1 | Latest episode metrics: {'price_cost': 0.8351816670675057, 'emmision_cost': 0.917848392312512}
[-0.07599738] -0.07599738323594639
Average Price Cost: 0.8351816670675057
Average Emmision Cost: 0.917848392312512
Average of both costs: 0.8765150296900088
Total time taken by agent: 2.195551410317421s
DONE!
