{'agent': 'DQN', 'action_selection': 'egreedy', 'seed': 1, 'episodes': 100, 'data_path': 'data/citylearn_challenge_2022_phase_1', 'dry_run': False, 'n_discrete': 9, 'update_target': 8, 'lr': 0.03, 'batch_size': 64, 'adam_epsilon': 0.0001, 'epsilon_final': 0.01, 'run_id': 361}
{'Notes': 'This is a tuning run, executed on a single building.',
 'action_selection': 'egreedy',
 'adam_epsilon': 0.0001,
 'env': '<NormalizeObservation<OneHotHour<DiscreteSingle<CityLearnEnv '
        'instance>>>>',
 'final_exploration_rate': 0.02,
 'final_exploration_step': 1000,
 'gamma': 0.99,
 'initial_exploration_rate': 1,
 'learning_rate': 0.03,
 'loss': 'mse',
 'minibatch_size': 64,
 'network': 'MLP(\n'
            '  (layers): Sequential(\n'
            '    (0): Linear(in_features=29, out_features=128, bias=True)\n'
            '    (1): ReLU()\n'
            '    (2): Linear(in_features=128, out_features=128, bias=True)\n'
            '    (3): ReLU()\n'
            '    (4): Linear(in_features=128, out_features=9, bias=True)\n'
            '  )\n'
            ')',
 'replay_buffer_size': 10000,
 'replay_start_size': 64,
 'seed': 1,
 'train_steps': 876000,
 'update_frequency': 1,
 'update_target_frequency': 8,
 'weight_scale': 1.4142135623730951}
Timestep : 8758, score : -7085.010983126194, Time : 22.272 s
Timestep : 17517, score : -10820.153134105174, Time : 22.978 s
Timestep : 26276, score : -9090.952009763656, Time : 23.034 s
Timestep : 35035, score : -12430.894236218184, Time : 23.089 s
Timestep : 43794, score : -9830.717421479363, Time : 23.09 s
Timestep : 52553, score : -9557.851708401067, Time : 23.08 s
Timestep : 61312, score : -12562.261201001915, Time : 22.717 s
Timestep : 70071, score : -10205.523085780049, Time : 22.624 s
Timestep : 78830, score : -12451.489061953238, Time : 22.971 s
Timestep : 87589, score : -11741.129069998933, Time : 22.752 s
Timestep : 96348, score : -10369.2327541868, Time : 22.977 s
Timestep : 105107, score : -13802.583906975371, Time : 23.19 s
Timestep : 113866, score : -11582.62400209732, Time : 23.139 s
Timestep : 122625, score : -11907.381646074937, Time : 22.951 s
Timestep : 131384, score : -13537.150727336877, Time : 22.999 s
Timestep : 140143, score : -11702.599155741234, Time : 22.974 s
Timestep : 148902, score : -11734.113417502915, Time : 22.939 s
Timestep : 157661, score : -13878.897668246951, Time : 22.451 s
Timestep : 166420, score : -11916.160867430051, Time : 22.464 s
Timestep : 175179, score : -12285.300224608305, Time : 22.467 s
Timestep : 183938, score : -13782.264191788854, Time : 22.447 s
Timestep : 192697, score : -12078.729609988546, Time : 22.521 s
Timestep : 201456, score : -12807.406476657932, Time : 22.825 s
Timestep : 210215, score : -13867.103868135091, Time : 23.075 s
Timestep : 218974, score : -12804.128014731934, Time : 23.103 s
Timestep : 227733, score : -13299.224896224754, Time : 22.976 s
Timestep : 236492, score : -13404.412630311635, Time : 22.33 s
Timestep : 245251, score : -13663.337951100897, Time : 22.275 s
Timestep : 254010, score : -13977.905293129923, Time : 22.293 s
Timestep : 262769, score : -12371.275357932784, Time : 22.288 s
Timestep : 271528, score : -12476.526266995766, Time : 22.308 s
Timestep : 280287, score : -13045.065631324149, Time : 22.296 s
Timestep : 289046, score : -13843.027568942882, Time : 22.313 s
Timestep : 297805, score : -12754.530912442831, Time : 22.532 s
Timestep : 306564, score : -12835.553857107443, Time : 22.831 s
Timestep : 315323, score : -12821.795619193028, Time : 22.493 s
Timestep : 324082, score : -13190.755072023007, Time : 22.798 s
Timestep : 332841, score : -13853.08945311606, Time : 22.957 s
Timestep : 341600, score : -12748.323133084647, Time : 22.631 s
Timestep : 350359, score : -13108.840409955781, Time : 22.662 s
Timestep : 359118, score : -12833.005187043644, Time : 22.914 s
Timestep : 367877, score : -12873.28903551682, Time : 22.958 s
Timestep : 376636, score : -13053.896640412924, Time : 22.513 s
Timestep : 385395, score : -13151.780249186864, Time : 22.297 s
Timestep : 394154, score : -13758.861621203716, Time : 22.65 s
Timestep : 402913, score : -12841.358012240758, Time : 22.915 s
Timestep : 411672, score : -13197.065455158314, Time : 22.954 s
Timestep : 420431, score : -13277.62600246226, Time : 22.929 s
Timestep : 429190, score : -13201.36054504961, Time : 22.937 s
Timestep : 437949, score : -13547.40656884134, Time : 22.595 s
Timestep : 446708, score : -12752.282646956504, Time : 22.939 s
Timestep : 455467, score : -13035.611263819635, Time : 22.914 s
Timestep : 464226, score : -13427.548773161252, Time : 22.953 s
Timestep : 472985, score : -13637.542901874665, Time : 22.713 s
Timestep : 481744, score : -13571.322371458707, Time : 22.389 s
Timestep : 490503, score : -13243.531230631314, Time : 22.383 s
Timestep : 499262, score : -13186.869538953528, Time : 22.382 s
Timestep : 508021, score : -13348.374178232814, Time : 22.948 s
Timestep : 516780, score : -13353.66134441792, Time : 22.894 s
Timestep : 525539, score : -13646.08644802899, Time : 22.925 s
Timestep : 534298, score : -13119.536018444574, Time : 22.878 s
Timestep : 543057, score : -13335.199153984082, Time : 22.9 s
Timestep : 551816, score : -13156.377673610536, Time : 22.501 s
Timestep : 560575, score : -12707.42825039805, Time : 22.722 s
Timestep : 569334, score : -13588.472871841062, Time : 22.297 s
Timestep : 578093, score : -14040.564364292572, Time : 22.896 s
Timestep : 586852, score : -14103.77773049241, Time : 22.993 s
Timestep : 595611, score : -13015.310317062009, Time : 23.068 s
Timestep : 604370, score : -12448.20053537919, Time : 23.076 s
Timestep : 613129, score : -13323.763539268475, Time : 22.915 s
Timestep : 621888, score : -13362.734742642016, Time : 23.073 s
Timestep : 630647, score : -13777.998294061283, Time : 23.097 s
Timestep : 639406, score : -13109.565738171877, Time : 23.043 s
Timestep : 648165, score : -13187.618972527824, Time : 23.09 s
Timestep : 656924, score : -13030.828187418636, Time : 23.102 s
Timestep : 665683, score : -13048.872234412964, Time : 23.099 s
Timestep : 674442, score : -13513.22412428826, Time : 23.107 s
Timestep : 683201, score : -13442.560085513876, Time : 22.84 s
Timestep : 691960, score : -13206.706127296202, Time : 22.941 s
Timestep : 700719, score : -13857.204309114764, Time : 22.768 s
Timestep : 709478, score : -14030.82152485894, Time : 22.39 s
Timestep : 718237, score : -13655.217125227067, Time : 22.971 s
Timestep : 726996, score : -12819.579967956597, Time : 23.099 s
Timestep : 735755, score : -13394.75314239919, Time : 22.381 s
Timestep : 744514, score : -12820.820027121808, Time : 22.63 s
Timestep : 753273, score : -13390.910376814776, Time : 23.638 s
Timestep : 762032, score : -14113.864181315133, Time : 23.083 s
Timestep : 770791, score : -13277.013437290167, Time : 23.085 s
Timestep : 779550, score : -13223.20049787371, Time : 22.228 s
Timestep : 788309, score : -12486.756404759664, Time : 22.24 s
Timestep : 797068, score : -13647.563920619781, Time : 22.529 s
Timestep : 805827, score : -12905.426114719477, Time : 22.88 s
Timestep : 814586, score : -13561.548845096098, Time : 22.362 s
Timestep : 823345, score : -13576.355639175585, Time : 22.638 s
Timestep : 832104, score : -13284.55500630266, Time : 23.075 s
Timestep : 840863, score : -12636.49165083126, Time : 23.09 s
Timestep : 849622, score : -13378.60719234962, Time : 23.06 s
Timestep : 858381, score : -13151.577315906427, Time : 22.356 s
Timestep : 867140, score : -12599.23419760431, Time : 22.379 s
Timestep : 875899, score : -13833.106985258899, Time : 22.479 s
Starting local evaluation
Num Steps: 1000, Num episodes: 0
Num Steps: 2000, Num episodes: 0
Num Steps: 3000, Num episodes: 0
Num Steps: 4000, Num episodes: 0
Num Steps: 5000, Num episodes: 0
Num Steps: 6000, Num episodes: 0
Num Steps: 7000, Num episodes: 0
Num Steps: 8000, Num episodes: 0
Episode complete: 1 | Latest episode metrics: {'price_cost': 1.0067606193254206, 'emmision_cost': 1.0075580049035866}
[-0.23884959] -0.2388495907378955
Average Price Cost: 1.0067606193254206
Average Emmision Cost: 1.0075580049035866
Average of both costs: 1.0071593121145037
Total time taken by agent: 2.529608204960823s
DONE!
