{'agent': 'DQN', 'action_selection': 'egreedy', 'seed': 1, 'episodes': 100, 'data_path': 'data/citylearn_challenge_2022_phase_1', 'dry_run': False, 'n_discrete': 9, 'update_target': 4, 'lr': 0.01, 'batch_size': 4, 'adam_epsilon': 1e-07, 'epsilon_final': 0.02, 'run_id': 358}
{'Notes': 'This is a tuning run, executed on a single building.',
 'action_selection': 'egreedy',
 'adam_epsilon': 1e-07,
 'env': '<NormalizeObservation<OneHotHour<DiscreteSingle<CityLearnEnv '
        'instance>>>>',
 'final_exploration_rate': 0.02,
 'final_exploration_step': 1000,
 'gamma': 0.99,
 'initial_exploration_rate': 1,
 'learning_rate': 0.01,
 'loss': 'mse',
 'minibatch_size': 4,
 'network': 'MLP(\n'
            '  (layers): Sequential(\n'
            '    (0): Linear(in_features=29, out_features=128, bias=True)\n'
            '    (1): ReLU()\n'
            '    (2): Linear(in_features=128, out_features=128, bias=True)\n'
            '    (3): ReLU()\n'
            '    (4): Linear(in_features=128, out_features=9, bias=True)\n'
            '  )\n'
            ')',
 'replay_buffer_size': 10000,
 'replay_start_size': 4,
 'seed': 1,
 'train_steps': 876000,
 'update_frequency': 1,
 'update_target_frequency': 4,
 'weight_scale': 1.4142135623730951}
Timestep : 8758, score : -6947.599391656884, Time : 20.263 s
Timestep : 17517, score : -6007.982271926085, Time : 20.229 s
Timestep : 26276, score : -5796.900991122311, Time : 19.913 s
Timestep : 35035, score : -11680.43196686011, Time : 20.169 s
Timestep : 43794, score : -8412.20809121996, Time : 20.312 s
Timestep : 52553, score : -9593.781694363948, Time : 20.296 s
Timestep : 61312, score : -9864.651265010267, Time : 20.305 s
Timestep : 70071, score : -7488.79802957557, Time : 20.284 s
Timestep : 78830, score : -11494.021544091403, Time : 20.217 s
Timestep : 87589, score : -6246.8218211698695, Time : 20.16 s
Timestep : 96348, score : -4316.2606581779255, Time : 20.159 s
Timestep : 105107, score : -4471.196260790835, Time : 20.278 s
Timestep : 113866, score : -4510.580079656938, Time : 20.285 s
Timestep : 122625, score : -4429.994726003526, Time : 20.309 s
Timestep : 131384, score : -4479.904510722874, Time : 20.306 s
Timestep : 140143, score : -4569.755878395314, Time : 20.306 s
Timestep : 148902, score : -4462.924696945964, Time : 20.284 s
Timestep : 157661, score : -4393.644639342354, Time : 20.386 s
Timestep : 166420, score : -4362.000954579125, Time : 19.875 s
Timestep : 175179, score : -4609.138366078754, Time : 19.655 s
Timestep : 183938, score : -4513.7734195975645, Time : 19.647 s
Timestep : 192697, score : -4462.021065517707, Time : 19.654 s
Timestep : 201456, score : -4481.436841264745, Time : 19.645 s
Timestep : 210215, score : -4493.510365563823, Time : 19.648 s
Timestep : 218974, score : -4427.693984506564, Time : 19.656 s
Timestep : 227733, score : -4485.6683728745265, Time : 19.664 s
Timestep : 236492, score : -4485.76966121365, Time : 19.664 s
Timestep : 245251, score : -4437.998660435347, Time : 19.645 s
Timestep : 254010, score : -4550.038508582424, Time : 19.661 s
Timestep : 262769, score : -4507.529354357539, Time : 19.642 s
Timestep : 271528, score : -4490.6118863945885, Time : 19.638 s
Timestep : 280287, score : -4605.837470540224, Time : 19.661 s
Timestep : 289046, score : -4461.397675800516, Time : 19.674 s
Timestep : 297805, score : -4507.471465981944, Time : 19.67 s
Timestep : 306564, score : -4567.210380614182, Time : 19.656 s
Timestep : 315323, score : -4529.286304594396, Time : 20.1 s
Timestep : 324082, score : -4569.209547730541, Time : 19.874 s
Timestep : 332841, score : -4628.139516835479, Time : 19.777 s
Timestep : 341600, score : -4538.1572481649055, Time : 19.974 s
Timestep : 350359, score : -4468.114614603488, Time : 20.064 s
Timestep : 359118, score : -4493.898416127922, Time : 20.305 s
Timestep : 367877, score : -4540.116225300269, Time : 20.31 s
Timestep : 376636, score : -4617.06761651978, Time : 20.311 s
Timestep : 385395, score : -4534.9035239889345, Time : 20.346 s
Timestep : 394154, score : -4450.116172557144, Time : 20.302 s
Timestep : 402913, score : -4470.719560859172, Time : 20.312 s
Timestep : 411672, score : -4533.973438584624, Time : 20.265 s
Timestep : 420431, score : -4451.7792006352975, Time : 20.347 s
Timestep : 429190, score : -4494.675243369333, Time : 20.204 s
Timestep : 437949, score : -4529.872622465162, Time : 20.266 s
Timestep : 446708, score : -4550.805688105087, Time : 20.312 s
Timestep : 455467, score : -4388.284628746478, Time : 19.933 s
Timestep : 464226, score : -4495.231375721662, Time : 20.104 s
Timestep : 472985, score : -4603.219534007279, Time : 19.6 s
Timestep : 481744, score : -4590.981385171792, Time : 19.541 s
Timestep : 490503, score : -4650.288714864204, Time : 20.247 s
Timestep : 499262, score : -4478.736651302694, Time : 20.267 s
Timestep : 508021, score : -4517.2135538686125, Time : 20.159 s
Timestep : 516780, score : -4450.598864065862, Time : 20.296 s
Timestep : 525539, score : -4418.153617018281, Time : 20.261 s
Timestep : 534298, score : -4494.721558616875, Time : 20.282 s
Timestep : 543057, score : -4540.0671769701, Time : 20.263 s
Timestep : 551816, score : -4464.503211077681, Time : 20.335 s
Timestep : 560575, score : -4509.592517325102, Time : 20.344 s
Timestep : 569334, score : -4458.665061016945, Time : 20.352 s
Timestep : 578093, score : -4519.097023996903, Time : 20.346 s
Timestep : 586852, score : -4536.748552004254, Time : 20.352 s
Timestep : 595611, score : -4497.267433156332, Time : 20.303 s
Timestep : 604370, score : -4511.908161142172, Time : 20.326 s
Timestep : 613129, score : -4529.900271476625, Time : 20.35 s
Timestep : 621888, score : -4521.773710613517, Time : 20.321 s
Timestep : 630647, score : -4488.4878712719365, Time : 20.283 s
Timestep : 639406, score : -4507.828894650011, Time : 20.294 s
Timestep : 648165, score : -4514.296960548876, Time : 20.304 s
Timestep : 656924, score : -4505.733867268456, Time : 20.351 s
Timestep : 665683, score : -4463.867807005212, Time : 20.318 s
Timestep : 674442, score : -4450.028843858658, Time : 20.094 s
Timestep : 683201, score : -4431.4071152893885, Time : 19.712 s
Timestep : 691960, score : -4457.343980460806, Time : 20.302 s
Timestep : 700719, score : -4632.091064154549, Time : 20.361 s
Timestep : 709478, score : -4538.599986280693, Time : 19.811 s
Timestep : 718237, score : -4408.9587851141405, Time : 19.649 s
Timestep : 726996, score : -4491.374456205784, Time : 19.623 s
Timestep : 735755, score : -4443.998556566803, Time : 19.637 s
Timestep : 744514, score : -4498.973834431177, Time : 19.625 s
Timestep : 753273, score : -4457.640468171245, Time : 19.655 s
Timestep : 762032, score : -4501.73452446927, Time : 19.664 s
Timestep : 770791, score : -4429.995153009222, Time : 19.667 s
Timestep : 779550, score : -4546.650849064259, Time : 19.663 s
Timestep : 788309, score : -4438.906388515054, Time : 19.671 s
Timestep : 797068, score : -4454.2830348046555, Time : 19.671 s
Timestep : 805827, score : -4360.1003293482645, Time : 19.649 s
Timestep : 814586, score : -4466.579589615954, Time : 19.662 s
Timestep : 823345, score : -4428.407750899234, Time : 19.602 s
Timestep : 832104, score : -4539.784997613431, Time : 19.499 s
Timestep : 840863, score : -4624.907107025763, Time : 19.558 s
Timestep : 849622, score : -4566.888011621224, Time : 19.645 s
Timestep : 858381, score : -4401.9542542268755, Time : 19.636 s
Timestep : 867140, score : -4470.375882118504, Time : 19.634 s
Timestep : 875899, score : -4491.47854261045, Time : 19.652 s
Starting local evaluation
Num Steps: 1000, Num episodes: 0
Num Steps: 2000, Num episodes: 0
Num Steps: 3000, Num episodes: 0
Num Steps: 4000, Num episodes: 0
Num Steps: 5000, Num episodes: 0
Num Steps: 6000, Num episodes: 0
Num Steps: 7000, Num episodes: 0
Num Steps: 8000, Num episodes: 0
Episode complete: 1 | Latest episode metrics: {'price_cost': 1.017133300665615, 'emmision_cost': 1.019810901452343}
[-0.25272057] -0.2527205705351021
Average Price Cost: 1.017133300665615
Average Emmision Cost: 1.019810901452343
Average of both costs: 1.018472101058979
Total time taken by agent: 2.1748804887756705s
DONE!
