{'agent': 'DQN', 'action_selection': 'softmax', 'seed': 1, 'episodes': 100, 'data_path': 'data/citylearn_challenge_2022_phase_1', 'dry_run': False, 'n_discrete': 9, 'update_target': 8, 'lr': 1e-05, 'batch_size': 16, 'adam_epsilon': 0.0001, 'epsilon_final': 0.02, 'run_id': 15}
{'Notes': 'This is a tuning run, executed on a single building.',
 'action_selection': 'softmax',
 'adam_epsilon': 0.0001,
 'env': '<NormalizeObservation<OneHotHour<DiscreteSingle<CityLearnEnv '
        'instance>>>>',
 'final_exploration_rate': 0.02,
 'final_exploration_step': 1000,
 'gamma': 0.99,
 'initial_exploration_rate': 1,
 'learning_rate': 1e-05,
 'loss': 'mse',
 'minibatch_size': 16,
 'network': 'MLP(\n'
            '  (layers): Sequential(\n'
            '    (0): Linear(in_features=29, out_features=128, bias=True)\n'
            '    (1): ReLU()\n'
            '    (2): Linear(in_features=128, out_features=128, bias=True)\n'
            '    (3): ReLU()\n'
            '    (4): Linear(in_features=128, out_features=9, bias=True)\n'
            '  )\n'
            ')',
 'replay_buffer_size': 10000,
 'replay_start_size': 16,
 'seed': 1,
 'train_steps': 876000,
 'update_frequency': 1,
 'update_target_frequency': 8,
 'weight_scale': 1.4142135623730951}
Timestep : 8758, score : -7598.903132197011, Time : 23.039 s
Timestep : 17517, score : -4635.086209966248, Time : 23.164 s
Timestep : 26276, score : -4369.0201948428585, Time : 23.209 s
Timestep : 35035, score : -4122.803708230524, Time : 23.15 s
Timestep : 43794, score : -4173.8657779892965, Time : 23.164 s
Timestep : 52553, score : -4551.175097140862, Time : 23.201 s
Timestep : 61312, score : -4471.408744558139, Time : 22.647 s
Timestep : 70071, score : -4423.12107238677, Time : 22.876 s
Timestep : 78830, score : -4275.702740312932, Time : 22.81 s
Timestep : 87589, score : -4161.079906453757, Time : 23.246 s
Timestep : 96348, score : -4204.12772340831, Time : 22.985 s
Timestep : 105107, score : -4209.178444077639, Time : 23.134 s
Timestep : 113866, score : -4153.6920078023395, Time : 23.248 s
Timestep : 122625, score : -4126.539987561671, Time : 23.228 s
Timestep : 131384, score : -4190.738079936316, Time : 22.445 s
Timestep : 140143, score : -4088.391511149617, Time : 22.657 s
Timestep : 148902, score : -4075.741915737657, Time : 22.429 s
Timestep : 157661, score : -4078.5462123243196, Time : 22.498 s
Timestep : 166420, score : -4093.7470985403343, Time : 22.707 s
Timestep : 175179, score : -4067.683879946737, Time : 22.801 s
Timestep : 183938, score : -4061.502203996206, Time : 22.881 s
Timestep : 192697, score : -4063.546254036395, Time : 22.901 s
Timestep : 201456, score : -4048.160710369615, Time : 22.864 s
Timestep : 210215, score : -4146.120030832855, Time : 22.797 s
Timestep : 218974, score : -4081.1427185921057, Time : 22.383 s
Timestep : 227733, score : -4077.18485144843, Time : 22.712 s
Timestep : 236492, score : -4065.9885861324874, Time : 23.132 s
Timestep : 245251, score : -4072.889122091772, Time : 23.202 s
Timestep : 254010, score : -4122.369254006146, Time : 23.256 s
Timestep : 262769, score : -4143.682526812336, Time : 23.246 s
Timestep : 271528, score : -4129.163473380177, Time : 23.156 s
Timestep : 280287, score : -4064.3451575887448, Time : 23.075 s
Timestep : 289046, score : -4063.6516563421173, Time : 22.366 s
Timestep : 297805, score : -4102.16451257102, Time : 22.864 s
Timestep : 306564, score : -4149.31551702095, Time : 22.91 s
Timestep : 315323, score : -4195.671215311115, Time : 22.132 s
Timestep : 324082, score : -4101.6708748987, Time : 22.123 s
Timestep : 332841, score : -4090.986039744137, Time : 22.697 s
Timestep : 341600, score : -4081.121428159444, Time : 22.688 s
Timestep : 350359, score : -4193.183591354085, Time : 22.691 s
Timestep : 359118, score : -4305.875532806924, Time : 22.715 s
Timestep : 367877, score : -4172.332575575521, Time : 22.747 s
Timestep : 376636, score : -4122.66704332587, Time : 22.697 s
Timestep : 385395, score : -4096.129486170976, Time : 22.711 s
Timestep : 394154, score : -4111.188297664936, Time : 22.716 s
Timestep : 402913, score : -4232.335667238018, Time : 22.451 s
Timestep : 411672, score : -4174.919847221026, Time : 22.747 s
Timestep : 420431, score : -4158.114075541875, Time : 22.724 s
Timestep : 429190, score : -4145.979019817809, Time : 22.666 s
Timestep : 437949, score : -4209.944817346011, Time : 22.656 s
Timestep : 446708, score : -4336.3683608373685, Time : 22.743 s
Timestep : 455467, score : -4162.496233065991, Time : 22.703 s
Timestep : 464226, score : -4271.439417018468, Time : 22.815 s
Timestep : 472985, score : -4395.703571672508, Time : 22.736 s
Timestep : 481744, score : -4278.674855452409, Time : 22.414 s
Timestep : 490503, score : -4258.00949933294, Time : 22.388 s
Timestep : 499262, score : -4143.337932872499, Time : 22.332 s
Timestep : 508021, score : -4123.654236485629, Time : 22.739 s
Timestep : 516780, score : -4342.964518194509, Time : 22.42 s
Timestep : 525539, score : -4283.52433642876, Time : 22.459 s
Timestep : 534298, score : -4207.622267279221, Time : 22.898 s
Timestep : 543057, score : -4201.720924288878, Time : 22.692 s
Timestep : 551816, score : -4116.696969756304, Time : 22.621 s
Timestep : 560575, score : -4189.079627552448, Time : 22.589 s
Timestep : 569334, score : -4255.836991580349, Time : 22.981 s
Timestep : 578093, score : -4191.099586428521, Time : 22.788 s
Timestep : 586852, score : -4235.537144160902, Time : 22.376 s
Timestep : 595611, score : -4216.735547217919, Time : 22.372 s
Timestep : 604370, score : -4195.069433331562, Time : 22.651 s
Timestep : 613129, score : -4166.78539096695, Time : 22.348 s
Timestep : 621888, score : -4149.907274057186, Time : 22.68 s
Timestep : 630647, score : -4329.424051825612, Time : 23.033 s
Timestep : 639406, score : -4390.218695462754, Time : 23.048 s
Timestep : 648165, score : -4364.883749611166, Time : 23.02 s
Timestep : 656924, score : -4426.143791864073, Time : 22.569 s
Timestep : 665683, score : -4364.185593871778, Time : 22.4 s
Timestep : 674442, score : -4427.277017528337, Time : 22.645 s
Timestep : 683201, score : -4338.769833683415, Time : 22.471 s
Timestep : 691960, score : -4287.449439572083, Time : 22.68 s
Timestep : 700719, score : -4206.334345396055, Time : 22.586 s
Timestep : 709478, score : -4248.912860021839, Time : 22.36 s
Timestep : 718237, score : -4465.708658369636, Time : 22.579 s
Timestep : 726996, score : -4314.148388210131, Time : 22.728 s
Timestep : 735755, score : -4262.489617232728, Time : 22.616 s
Timestep : 744514, score : -4280.653806597838, Time : 22.621 s
Timestep : 753273, score : -4206.689403313634, Time : 22.642 s
Timestep : 762032, score : -4188.125562790228, Time : 22.629 s
Timestep : 770791, score : -4119.405219850509, Time : 22.217 s
Timestep : 779550, score : -4148.136030123947, Time : 22.059 s
Timestep : 788309, score : -4217.784577525599, Time : 21.992 s
Timestep : 797068, score : -4204.408636156892, Time : 22.557 s
Timestep : 805827, score : -4161.644143842772, Time : 22.676 s
Timestep : 814586, score : -4190.994899886107, Time : 22.641 s
Timestep : 823345, score : -4246.548200256861, Time : 22.414 s
Timestep : 832104, score : -4205.326439938886, Time : 22.066 s
Timestep : 840863, score : -4203.6558263763145, Time : 22.649 s
Timestep : 849622, score : -4271.350441617338, Time : 22.636 s
Timestep : 858381, score : -4268.32642434063, Time : 22.489 s
Timestep : 867140, score : -4243.351994020311, Time : 22.879 s
Timestep : 875899, score : -4160.305690607711, Time : 22.854 s
Starting local evaluation
Num Steps: 1000, Num episodes: 0
Num Steps: 2000, Num episodes: 0
Num Steps: 3000, Num episodes: 0
Num Steps: 4000, Num episodes: 0
Num Steps: 5000, Num episodes: 0
Num Steps: 6000, Num episodes: 0
Num Steps: 7000, Num episodes: 0
Num Steps: 8000, Num episodes: 0
Episode complete: 1 | Latest episode metrics: {'price_cost': 1.003627351719817, 'emmision_cost': 1.0069202825403223}
[-0.23646546] -0.236465455612482
Average Price Cost: 1.003627351719817
Average Emmision Cost: 1.0069202825403223
Average of both costs: 1.0052738171300697
Total time taken by agent: 3.7633827838581055s
DONE!
