{'agent': 'DQN', 'action_selection': 'softmax', 'seed': 1, 'episodes': 100, 'data_path': 'data/citylearn_challenge_2022_phase_1', 'dry_run': False, 'n_discrete': 9, 'update_target': 16, 'lr': 0.03, 'batch_size': 128, 'adam_epsilon': 1e-10, 'epsilon_final': 0.02, 'run_id': 130}
{'Notes': 'This is a tuning run, executed on a single building.',
 'action_selection': 'softmax',
 'adam_epsilon': 1e-10,
 'env': '<NormalizeObservation<OneHotHour<DiscreteSingle<CityLearnEnv '
        'instance>>>>',
 'final_exploration_rate': 0.02,
 'final_exploration_step': 1000,
 'gamma': 0.99,
 'initial_exploration_rate': 1,
 'learning_rate': 0.03,
 'loss': 'mse',
 'minibatch_size': 128,
 'network': 'MLP(\n'
            '  (layers): Sequential(\n'
            '    (0): Linear(in_features=29, out_features=128, bias=True)\n'
            '    (1): ReLU()\n'
            '    (2): Linear(in_features=128, out_features=128, bias=True)\n'
            '    (3): ReLU()\n'
            '    (4): Linear(in_features=128, out_features=9, bias=True)\n'
            '  )\n'
            ')',
 'replay_buffer_size': 10000,
 'replay_start_size': 128,
 'seed': 1,
 'train_steps': 876000,
 'update_frequency': 1,
 'update_target_frequency': 16,
 'weight_scale': 1.4142135623730951}
Timestep : 8758, score : -8048.081249411014, Time : 25.802 s
Timestep : 17517, score : -12861.188437382414, Time : 26.734 s
Timestep : 26276, score : -11037.54637082592, Time : 27.992 s
Timestep : 35035, score : -13376.538237692395, Time : 27.155 s
Timestep : 43794, score : -12404.440847048332, Time : 27.549 s
Timestep : 52553, score : -14015.529853523549, Time : 28.677 s
Timestep : 61312, score : -12783.040276408967, Time : 28.671 s
Timestep : 70071, score : -12787.645884980753, Time : 28.609 s
Timestep : 78830, score : -13333.254378524965, Time : 28.663 s
Timestep : 87589, score : -14153.710207905533, Time : 28.709 s
Timestep : 96348, score : -13853.14045796213, Time : 28.654 s
Timestep : 105107, score : -13718.585034576765, Time : 28.653 s
Timestep : 113866, score : -13948.909585401649, Time : 28.658 s
Timestep : 122625, score : -13806.09210950142, Time : 28.658 s
Timestep : 131384, score : -13625.345733950613, Time : 28.708 s
Timestep : 140143, score : -14461.635827870065, Time : 28.057 s
Timestep : 148902, score : -13495.115438430017, Time : 27.483 s
Timestep : 157661, score : -14347.241683289409, Time : 28.293 s
Timestep : 166420, score : -14430.907790675716, Time : 28.62 s
Timestep : 175179, score : -14301.410369745747, Time : 28.683 s
Timestep : 183938, score : -13954.281351268906, Time : 28.653 s
Timestep : 192697, score : -14059.577978901638, Time : 27.952 s
Timestep : 201456, score : -14665.513868916387, Time : 28.491 s
Timestep : 210215, score : -14331.90566607828, Time : 28.5 s
Timestep : 218974, score : -14650.397212654425, Time : 27.806 s
Timestep : 227733, score : -14216.584862408694, Time : 26.608 s
Timestep : 236492, score : -14871.113725507515, Time : 27.545 s
Timestep : 245251, score : -14327.257288697758, Time : 28.66 s
Timestep : 254010, score : -14708.118912017628, Time : 27.613 s
Timestep : 262769, score : -14644.151683607357, Time : 26.838 s
Timestep : 271528, score : -13708.682614099467, Time : 27.956 s
Timestep : 280287, score : -14689.631637632585, Time : 28.603 s
Timestep : 289046, score : -14033.33609416541, Time : 28.652 s
Timestep : 297805, score : -14350.703955848388, Time : 28.608 s
Timestep : 306564, score : -12518.732150880576, Time : 28.544 s
Timestep : 315323, score : -12455.381577960638, Time : 28.531 s
Timestep : 324082, score : -12460.91813178391, Time : 28.595 s
Timestep : 332841, score : -11423.532669802706, Time : 28.531 s
Timestep : 341600, score : -11502.529199403456, Time : 28.536 s
Timestep : 350359, score : -11687.541767482908, Time : 26.709 s
Timestep : 359118, score : -10648.056476162863, Time : 26.622 s
Timestep : 367877, score : -10576.914740891429, Time : 26.845 s
Timestep : 376636, score : -13483.494141993957, Time : 28.287 s
Timestep : 385395, score : -11659.26513255565, Time : 28.624 s
Timestep : 394154, score : -10117.79112090895, Time : 27.873 s
Timestep : 402913, score : -13917.07334272483, Time : 26.708 s
Timestep : 411672, score : -13385.348050225512, Time : 27.368 s
Timestep : 420431, score : -12858.951666047826, Time : 27.658 s
Timestep : 429190, score : -9824.553790991922, Time : 28.321 s
Timestep : 437949, score : -7961.974850310973, Time : 28.115 s
Timestep : 446708, score : -4403.8833292445925, Time : 27.715 s
Timestep : 455467, score : -4180.7431740010215, Time : 26.339 s
Timestep : 464226, score : -4199.4110021554225, Time : 27.77 s
Timestep : 472985, score : -4087.5427012531145, Time : 28.201 s
Timestep : 481744, score : -4113.903156754939, Time : 28.168 s
Timestep : 490503, score : -4105.942401424429, Time : 28.206 s
Timestep : 499262, score : -4128.9734559106, Time : 28.181 s
Timestep : 508021, score : -4106.745669925498, Time : 28.181 s
Timestep : 516780, score : -4097.164617100178, Time : 28.169 s
Timestep : 525539, score : -4134.7592299491225, Time : 28.174 s
Timestep : 534298, score : -4122.878468316427, Time : 28.19 s
Timestep : 543057, score : -4077.664651123254, Time : 28.202 s
Timestep : 551816, score : -4156.4084708890005, Time : 28.222 s
Timestep : 560575, score : -4113.680331195617, Time : 28.223 s
Timestep : 569334, score : -4153.990508725314, Time : 28.209 s
Timestep : 578093, score : -4127.672256985592, Time : 28.157 s
Timestep : 586852, score : -4218.375771747349, Time : 28.173 s
Timestep : 595611, score : -4195.500512707891, Time : 28.158 s
Timestep : 604370, score : -4197.112973199604, Time : 28.172 s
Timestep : 613129, score : -4177.723272133415, Time : 28.17 s
Timestep : 621888, score : -4116.274620113341, Time : 28.156 s
Timestep : 630647, score : -4093.9969997977896, Time : 28.166 s
Timestep : 639406, score : -4126.555715891911, Time : 28.178 s
Timestep : 648165, score : -4183.235867854586, Time : 28.162 s
Timestep : 656924, score : -4103.94183855076, Time : 28.183 s
Timestep : 665683, score : -4064.474876468448, Time : 28.186 s
Timestep : 674442, score : -4105.257376994385, Time : 28.186 s
Timestep : 683201, score : -4055.6091962656064, Time : 28.166 s
Timestep : 691960, score : -4030.212545355229, Time : 28.18 s
Timestep : 700719, score : -4036.5907991727872, Time : 28.195 s
Timestep : 709478, score : -4050.8774743875547, Time : 28.183 s
Timestep : 718237, score : -4091.969878438307, Time : 28.191 s
Timestep : 726996, score : -4044.853930456011, Time : 28.2 s
Timestep : 735755, score : -4048.5584077289386, Time : 28.193 s
Timestep : 744514, score : -4060.7103652669175, Time : 28.169 s
Timestep : 753273, score : -4050.3988452455087, Time : 28.176 s
Timestep : 762032, score : -4157.348184333561, Time : 28.194 s
Timestep : 770791, score : -4187.010910380544, Time : 28.192 s
Timestep : 779550, score : -4161.976483735634, Time : 28.195 s
Timestep : 788309, score : -4142.960612134455, Time : 28.179 s
Timestep : 797068, score : -4084.804008793464, Time : 28.201 s
Timestep : 805827, score : -4277.696094168263, Time : 28.188 s
Timestep : 814586, score : -4103.926343314728, Time : 28.188 s
Timestep : 823345, score : -4142.564361627592, Time : 28.18 s
Timestep : 832104, score : -4168.946805631189, Time : 28.214 s
Timestep : 840863, score : -4249.831320713536, Time : 28.192 s
Timestep : 849622, score : -4118.970007807395, Time : 28.166 s
Timestep : 858381, score : -4185.41597595108, Time : 28.177 s
Timestep : 867140, score : -4148.463899126771, Time : 28.212 s
Timestep : 875899, score : -4135.318321402563, Time : 28.237 s
Starting local evaluation
Num Steps: 1000, Num episodes: 0
Num Steps: 2000, Num episodes: 0
Num Steps: 3000, Num episodes: 0
Num Steps: 4000, Num episodes: 0
Num Steps: 5000, Num episodes: 0
Num Steps: 6000, Num episodes: 0
Num Steps: 7000, Num episodes: 0
Num Steps: 8000, Num episodes: 0
Episode complete: 1 | Latest episode metrics: {'price_cost': 1.0045304621586282, 'emmision_cost': 1.0054386211745612}
[-0.23617088] -0.2361708842222051
Average Price Cost: 1.0045304621586282
Average Emmision Cost: 1.0054386211745612
Average of both costs: 1.0049845416665946
Total time taken by agent: 3.723590658046305s
DONE!
