{'agent': 'DQN', 'action_selection': 'softmax', 'seed': 1, 'episodes': 100, 'data_path': 'data/citylearn_challenge_2022_phase_1', 'dry_run': False, 'n_discrete': 9, 'update_target': 4, 'lr': 0.001, 'batch_size': 128, 'adam_epsilon': 0.0001, 'epsilon_final': 0.02, 'run_id': 191}
{'Notes': 'This is a tuning run, executed on a single building.',
 'action_selection': 'softmax',
 'adam_epsilon': 0.0001,
 'env': '<NormalizeObservation<OneHotHour<DiscreteSingle<CityLearnEnv '
        'instance>>>>',
 'final_exploration_rate': 0.02,
 'final_exploration_step': 1000,
 'gamma': 0.99,
 'initial_exploration_rate': 1,
 'learning_rate': 0.001,
 'loss': 'mse',
 'minibatch_size': 128,
 'network': 'MLP(\n'
            '  (layers): Sequential(\n'
            '    (0): Linear(in_features=29, out_features=128, bias=True)\n'
            '    (1): ReLU()\n'
            '    (2): Linear(in_features=128, out_features=128, bias=True)\n'
            '    (3): ReLU()\n'
            '    (4): Linear(in_features=128, out_features=9, bias=True)\n'
            '  )\n'
            ')',
 'replay_buffer_size': 10000,
 'replay_start_size': 128,
 'seed': 1,
 'train_steps': 876000,
 'update_frequency': 1,
 'update_target_frequency': 4,
 'weight_scale': 1.4142135623730951}
Timestep : 8758, score : -7273.718057238642, Time : 30.363 s
Timestep : 17517, score : -6083.577668838814, Time : 29.746 s
Timestep : 26276, score : -7558.028658691008, Time : 32.329 s
Timestep : 35035, score : -9107.045293545612, Time : 31.968 s
Timestep : 43794, score : -8451.280683567937, Time : 34.338 s
Timestep : 52553, score : -8025.84573762615, Time : 33.16 s
Timestep : 61312, score : -8470.163683453604, Time : 33.125 s
Timestep : 70071, score : -7302.300645415744, Time : 34.766 s
Timestep : 78830, score : -8095.744982089644, Time : 33.941 s
Timestep : 87589, score : -7981.348223694484, Time : 29.265 s
Timestep : 96348, score : -7127.388035091411, Time : 32.041 s
Timestep : 105107, score : -7799.692984044625, Time : 33.899 s
Timestep : 113866, score : -7764.026316438714, Time : 34.051 s
Timestep : 122625, score : -7266.882159021756, Time : 33.224 s
Timestep : 131384, score : -7592.060319890807, Time : 33.915 s
Timestep : 140143, score : -7728.746907131328, Time : 33.738 s
Timestep : 148902, score : -7504.621780507921, Time : 36.313 s
Timestep : 157661, score : -7689.415646329828, Time : 35.61 s
Timestep : 166420, score : -6522.3164786469715, Time : 31.859 s
Timestep : 175179, score : -6324.765557643055, Time : 34.222 s
Timestep : 183938, score : -5926.724103505287, Time : 35.825 s
Timestep : 192697, score : -6000.60255756219, Time : 35.275 s
Timestep : 201456, score : -5670.216341169347, Time : 35.893 s
Timestep : 210215, score : -5585.863946519938, Time : 35.891 s
Timestep : 218974, score : -6001.100860940016, Time : 35.721 s
Timestep : 227733, score : -5766.634431162573, Time : 35.204 s
Timestep : 236492, score : -5761.303108393055, Time : 35.786 s
Timestep : 245251, score : -5343.150617581588, Time : 35.165 s
Timestep : 254010, score : -5551.958681752745, Time : 35.473 s
Timestep : 262769, score : -4749.99810739563, Time : 29.49 s
Timestep : 271528, score : -4761.299008355811, Time : 30.7 s
Timestep : 280287, score : -4427.822632626703, Time : 35.758 s
Timestep : 289046, score : -3766.543152945029, Time : 32.935 s
Timestep : 297805, score : -3814.1948033484223, Time : 34.216 s
Timestep : 306564, score : -4037.427082469061, Time : 33.615 s
Timestep : 315323, score : -4259.466555220104, Time : 34.964 s
Timestep : 324082, score : -3940.6431721014233, Time : 35.91 s
Timestep : 332841, score : -4057.7866958256636, Time : 33.571 s
Timestep : 341600, score : -3787.4433940155577, Time : 34.507 s
Timestep : 350359, score : -3363.387280815703, Time : 31.863 s
Timestep : 359118, score : -3079.20043687828, Time : 31.564 s
Timestep : 367877, score : -2899.1181872880843, Time : 32.984 s
Timestep : 376636, score : -3079.4642316138197, Time : 35.854 s
Timestep : 385395, score : -2744.7186759346805, Time : 35.803 s
Timestep : 394154, score : -2929.1351617023174, Time : 33.902 s
Timestep : 402913, score : -2952.681328535735, Time : 35.753 s
Timestep : 411672, score : -2698.5109849663713, Time : 35.74 s
Timestep : 420431, score : -2691.9912994284678, Time : 35.797 s
Timestep : 429190, score : -2461.216639757331, Time : 35.875 s
Timestep : 437949, score : -2712.791752298086, Time : 33.779 s
Timestep : 446708, score : -2746.221527911097, Time : 34.969 s
Timestep : 455467, score : -2611.415829032674, Time : 33.772 s
Timestep : 464226, score : -2646.4763513668004, Time : 35.302 s
Timestep : 472985, score : -2277.1834606486664, Time : 32.339 s
Timestep : 481744, score : -2324.8169533316104, Time : 31.611 s
Timestep : 490503, score : -2519.96731298104, Time : 34.762 s
Timestep : 499262, score : -2490.4718298485095, Time : 35.855 s
Timestep : 508021, score : -2589.104975890994, Time : 35.982 s
Timestep : 516780, score : -2233.362302962254, Time : 35.841 s
Timestep : 525539, score : -2367.5933309488755, Time : 35.972 s
Timestep : 534298, score : -2497.0391452532785, Time : 36.623 s
Timestep : 543057, score : -2566.343634478544, Time : 34.705 s
Timestep : 551816, score : -2440.245755498094, Time : 31.415 s
Timestep : 560575, score : -2372.2029479376797, Time : 35.649 s
Timestep : 569334, score : -2620.3623289040115, Time : 35.881 s
Timestep : 578093, score : -2616.3019591764605, Time : 35.249 s
Timestep : 586852, score : -2308.3636266199464, Time : 32.298 s
Timestep : 595611, score : -2252.7110199872695, Time : 30.607 s
Timestep : 604370, score : -2133.0808105038304, Time : 35.843 s
Timestep : 613129, score : -2695.2858716176997, Time : 34.443 s
Timestep : 621888, score : -2712.246600233382, Time : 33.477 s
Timestep : 630647, score : -2605.5466902445332, Time : 36.705 s
Timestep : 639406, score : -2578.870774885814, Time : 32.886 s
Timestep : 648165, score : -2284.3652980956394, Time : 33.074 s
Timestep : 656924, score : -2248.6322425285034, Time : 29.123 s
Timestep : 665683, score : -1992.6609455220314, Time : 29.682 s
Timestep : 674442, score : -2071.984647691759, Time : 31.879 s
Timestep : 683201, score : -2143.4741126443405, Time : 31.635 s
Timestep : 691960, score : -2148.628104541247, Time : 30.716 s
Timestep : 700719, score : -2181.898061236163, Time : 31.141 s
Timestep : 709478, score : -2015.6744829432864, Time : 35.813 s
Timestep : 718237, score : -2033.1389036689943, Time : 35.785 s
Timestep : 726996, score : -2207.9862247339915, Time : 28.674 s
Timestep : 735755, score : -2118.1319020770025, Time : 33.645 s
Timestep : 744514, score : -2171.760608262266, Time : 32.556 s
Timestep : 753273, score : -2148.607944318239, Time : 35.925 s
Timestep : 762032, score : -1875.9346551458875, Time : 33.967 s
Timestep : 770791, score : -1974.441167055993, Time : 35.657 s
Timestep : 779550, score : -1955.6450200760737, Time : 35.685 s
Timestep : 788309, score : -1875.1995315209788, Time : 35.86 s
Timestep : 797068, score : -1900.283271576307, Time : 35.869 s
Timestep : 805827, score : -1842.1738464425143, Time : 35.844 s
Timestep : 814586, score : -1952.6104811376717, Time : 34.197 s
Timestep : 823345, score : -1826.977072800073, Time : 32.358 s
Timestep : 832104, score : -2033.2159876767837, Time : 35.358 s
Timestep : 840863, score : -1873.081776542851, Time : 35.5 s
Timestep : 849622, score : -1743.753338276656, Time : 35.634 s
Timestep : 858381, score : -1675.355480078404, Time : 30.558 s
Timestep : 867140, score : -1933.7859621903917, Time : 35.791 s
Timestep : 875899, score : -1689.0502095029515, Time : 34.53 s
Starting local evaluation
Num Steps: 1000, Num episodes: 0
Num Steps: 2000, Num episodes: 0
Num Steps: 3000, Num episodes: 0
Num Steps: 4000, Num episodes: 0
Num Steps: 5000, Num episodes: 0
Num Steps: 6000, Num episodes: 0
Num Steps: 7000, Num episodes: 0
Num Steps: 8000, Num episodes: 0
Episode complete: 1 | Latest episode metrics: {'price_cost': 0.8554811002066689, 'emmision_cost': 0.9589945459137056}
[-0.11326263] -0.11326262948477525
Average Price Cost: 0.8554811002066689
Average Emmision Cost: 0.9589945459137056
Average of both costs: 0.9072378230601872
Total time taken by agent: 5.175237982533872s
DONE!
