{'agent': 'DQN', 'action_selection': 'egreedy', 'seed': 1, 'episodes': 100, 'data_path': 'data/citylearn_challenge_2022_phase_1', 'dry_run': False, 'n_discrete': 9, 'update_target': 16, 'lr': 0.007, 'batch_size': 8, 'adam_epsilon': 0.0001, 'epsilon_final': 0.04, 'run_id': 310}
{'Notes': 'This is a tuning run, executed on a single building.',
 'action_selection': 'egreedy',
 'adam_epsilon': 0.0001,
 'env': '<NormalizeObservation<OneHotHour<DiscreteSingle<CityLearnEnv '
        'instance>>>>',
 'final_exploration_rate': 0.02,
 'final_exploration_step': 1000,
 'gamma': 0.99,
 'initial_exploration_rate': 1,
 'learning_rate': 0.007,
 'loss': 'mse',
 'minibatch_size': 8,
 'network': 'MLP(\n'
            '  (layers): Sequential(\n'
            '    (0): Linear(in_features=29, out_features=128, bias=True)\n'
            '    (1): ReLU()\n'
            '    (2): Linear(in_features=128, out_features=128, bias=True)\n'
            '    (3): ReLU()\n'
            '    (4): Linear(in_features=128, out_features=9, bias=True)\n'
            '  )\n'
            ')',
 'replay_buffer_size': 10000,
 'replay_start_size': 8,
 'seed': 1,
 'train_steps': 876000,
 'update_frequency': 1,
 'update_target_frequency': 16,
 'weight_scale': 1.4142135623730951}
Timestep : 8758, score : -7065.340218385747, Time : 20.665 s
Timestep : 17517, score : -8106.332063970534, Time : 20.98 s
Timestep : 26276, score : -8169.738018131262, Time : 21.0 s
Timestep : 35035, score : -7744.097138934681, Time : 20.719 s
Timestep : 43794, score : -9377.36854322355, Time : 20.705 s
Timestep : 52553, score : -8056.135211118177, Time : 20.705 s
Timestep : 61312, score : -8507.221522672524, Time : 20.783 s
Timestep : 70071, score : -9466.32698771733, Time : 21.346 s
Timestep : 78830, score : -7851.55571621524, Time : 21.321 s
Timestep : 87589, score : -9043.54616805099, Time : 21.337 s
Timestep : 96348, score : -8257.51182055597, Time : 21.358 s
Timestep : 105107, score : -8321.136319863755, Time : 21.313 s
Timestep : 113866, score : -7751.545364152014, Time : 21.063 s
Timestep : 122625, score : -8911.527357006358, Time : 21.341 s
Timestep : 131384, score : -7932.895050647901, Time : 21.334 s
Timestep : 140143, score : -8834.470799160728, Time : 21.338 s
Timestep : 148902, score : -8327.647000363446, Time : 21.349 s
Timestep : 157661, score : -8122.955645114838, Time : 21.335 s
Timestep : 166420, score : -8558.569420270767, Time : 21.326 s
Timestep : 175179, score : -9217.942050441874, Time : 21.341 s
Timestep : 183938, score : -7874.958104853125, Time : 21.335 s
Timestep : 192697, score : -9024.241031176716, Time : 21.33 s
Timestep : 201456, score : -8398.080974502911, Time : 21.353 s
Timestep : 210215, score : -8762.06391790384, Time : 21.336 s
Timestep : 218974, score : -8863.5197948071, Time : 20.955 s
Timestep : 227733, score : -8448.790491957925, Time : 20.716 s
Timestep : 236492, score : -8706.225956104805, Time : 20.955 s
Timestep : 245251, score : -9396.201315769722, Time : 21.349 s
Timestep : 254010, score : -7454.385795738082, Time : 21.351 s
Timestep : 262769, score : -9062.320600440566, Time : 21.345 s
Timestep : 271528, score : -7791.35081035053, Time : 21.361 s
Timestep : 280287, score : -8682.410618469425, Time : 21.35 s
Timestep : 289046, score : -8209.001153101475, Time : 21.355 s
Timestep : 297805, score : -8128.346474097023, Time : 21.443 s
Timestep : 306564, score : -7404.553275386221, Time : 21.442 s
Timestep : 315323, score : -7316.681795266573, Time : 21.4 s
Timestep : 324082, score : -7867.719652298954, Time : 21.411 s
Timestep : 332841, score : -8128.593997169723, Time : 21.404 s
Timestep : 341600, score : -7914.267446941725, Time : 21.392 s
Timestep : 350359, score : -7935.987889683696, Time : 21.41 s
Timestep : 359118, score : -8327.55404409548, Time : 21.383 s
Timestep : 367877, score : -8310.053759650822, Time : 21.406 s
Timestep : 376636, score : -8051.9324083591055, Time : 21.395 s
Timestep : 385395, score : -8482.768270160843, Time : 21.401 s
Timestep : 394154, score : -7880.010050174722, Time : 21.407 s
Timestep : 402913, score : -8426.592044322664, Time : 21.4 s
Timestep : 411672, score : -8444.934041877554, Time : 21.361 s
Timestep : 420431, score : -7713.269796859779, Time : 21.355 s
Timestep : 429190, score : -8608.47584570563, Time : 21.089 s
Timestep : 437949, score : -8774.941735564003, Time : 20.7 s
Timestep : 446708, score : -8116.566443484902, Time : 21.144 s
Timestep : 455467, score : -8737.924358353557, Time : 21.312 s
Timestep : 464226, score : -7788.567664387243, Time : 20.718 s
Timestep : 472985, score : -7962.128309351887, Time : 20.754 s
Timestep : 481744, score : -8435.255759471169, Time : 20.738 s
Timestep : 490503, score : -7778.175188440626, Time : 21.31 s
Timestep : 499262, score : -8657.43094099316, Time : 21.093 s
Timestep : 508021, score : -7170.432207705177, Time : 21.349 s
Timestep : 516780, score : -7512.595137858327, Time : 21.353 s
Timestep : 525539, score : -7841.287605712845, Time : 21.361 s
Timestep : 534298, score : -8008.432613310702, Time : 21.329 s
Timestep : 543057, score : -7558.4452698690875, Time : 21.323 s
Timestep : 551816, score : -8133.989389610666, Time : 21.338 s
Timestep : 560575, score : -7961.51351611752, Time : 21.362 s
Timestep : 569334, score : -8062.891156427009, Time : 21.309 s
Timestep : 578093, score : -7762.661798763045, Time : 21.312 s
Timestep : 586852, score : -7180.246447032463, Time : 21.303 s
Timestep : 595611, score : -8102.830882856462, Time : 21.354 s
Timestep : 604370, score : -8394.525201321841, Time : 21.302 s
Timestep : 613129, score : -8218.365788111769, Time : 21.3 s
Timestep : 621888, score : -7967.924926418767, Time : 21.31 s
Timestep : 630647, score : -7801.181757706247, Time : 21.326 s
Timestep : 639406, score : -7608.750025875546, Time : 21.371 s
Timestep : 648165, score : -7839.181570447778, Time : 21.4 s
Timestep : 656924, score : -8150.329021051366, Time : 21.008 s
Timestep : 665683, score : -8230.364176883959, Time : 20.801 s
Timestep : 674442, score : -7711.0205834611115, Time : 20.811 s
Timestep : 683201, score : -7759.490476860854, Time : 20.792 s
Timestep : 691960, score : -8049.289737520754, Time : 20.787 s
Timestep : 700719, score : -7588.21779180516, Time : 20.781 s
Timestep : 709478, score : -8003.696573656591, Time : 21.201 s
Timestep : 718237, score : -7593.139973398909, Time : 21.395 s
Timestep : 726996, score : -7385.281224289982, Time : 21.383 s
Timestep : 735755, score : -7631.286730733074, Time : 21.386 s
Timestep : 744514, score : -7804.203569823687, Time : 21.395 s
Timestep : 753273, score : -7565.605789275985, Time : 21.39 s
Timestep : 762032, score : -7637.556855461051, Time : 21.393 s
Timestep : 770791, score : -7709.176308982802, Time : 21.402 s
Timestep : 779550, score : -7264.201030838798, Time : 21.389 s
Timestep : 788309, score : -7309.41581702228, Time : 21.39 s
Timestep : 797068, score : -7455.136104311168, Time : 21.397 s
Timestep : 805827, score : -7465.371088215223, Time : 21.398 s
Timestep : 814586, score : -7598.115667825128, Time : 21.387 s
Timestep : 823345, score : -7632.836190770759, Time : 21.392 s
Timestep : 832104, score : -7194.6745079506145, Time : 21.398 s
Timestep : 840863, score : -7126.917633548408, Time : 21.4 s
Timestep : 849622, score : -7132.743334031751, Time : 21.406 s
Timestep : 858381, score : -7007.698774498218, Time : 21.4 s
Timestep : 867140, score : -6899.296883052055, Time : 21.395 s
Timestep : 875899, score : -7225.227052219445, Time : 21.406 s
Starting local evaluation
Num Steps: 1000, Num episodes: 0
Num Steps: 2000, Num episodes: 0
Num Steps: 3000, Num episodes: 0
Num Steps: 4000, Num episodes: 0
Num Steps: 5000, Num episodes: 0
Num Steps: 6000, Num episodes: 0
Num Steps: 7000, Num episodes: 0
Num Steps: 8000, Num episodes: 0
Episode complete: 1 | Latest episode metrics: {'price_cost': 1.0213111252757496, 'emmision_cost': 1.0240642021575967}
[-0.25790549] -0.25790549373530564
Average Price Cost: 1.0213111252757496
Average Emmision Cost: 1.0240642021575967
Average of both costs: 1.022687663716673
Total time taken by agent: 2.500780778005719s
DONE!
