{'agent': 'DQN', 'action_selection': 'egreedy', 'seed': 1, 'episodes': 100, 'data_path': 'data/citylearn_challenge_2022_phase_1', 'dry_run': False, 'n_discrete': 9, 'update_target': 4, 'lr': 7e-05, 'batch_size': 4, 'adam_epsilon': 1e-06, 'epsilon_final': 0.08, 'run_id': 326}
{'Notes': 'This is a tuning run, executed on a single building.',
 'action_selection': 'egreedy',
 'adam_epsilon': 1e-06,
 'env': '<NormalizeObservation<OneHotHour<DiscreteSingle<CityLearnEnv '
        'instance>>>>',
 'final_exploration_rate': 0.02,
 'final_exploration_step': 1000,
 'gamma': 0.99,
 'initial_exploration_rate': 1,
 'learning_rate': 7e-05,
 'loss': 'mse',
 'minibatch_size': 4,
 'network': 'MLP(\n'
            '  (layers): Sequential(\n'
            '    (0): Linear(in_features=29, out_features=128, bias=True)\n'
            '    (1): ReLU()\n'
            '    (2): Linear(in_features=128, out_features=128, bias=True)\n'
            '    (3): ReLU()\n'
            '    (4): Linear(in_features=128, out_features=9, bias=True)\n'
            '  )\n'
            ')',
 'replay_buffer_size': 10000,
 'replay_start_size': 4,
 'seed': 1,
 'train_steps': 876000,
 'update_frequency': 1,
 'update_target_frequency': 4,
 'weight_scale': 1.4142135623730951}
Timestep : 8758, score : -5800.224160698621, Time : 20.246 s
Timestep : 17517, score : -4876.266213960276, Time : 20.289 s
Timestep : 26276, score : -4818.739644492307, Time : 20.406 s
Timestep : 35035, score : -4223.4905448973, Time : 20.498 s
Timestep : 43794, score : -3111.8176019677812, Time : 20.508 s
Timestep : 52553, score : -2688.8535080096044, Time : 20.462 s
Timestep : 61312, score : -2203.0114022956986, Time : 20.427 s
Timestep : 70071, score : -2413.798357689011, Time : 20.447 s
Timestep : 78830, score : -2122.5075698795554, Time : 20.421 s
Timestep : 87589, score : -1567.9996597133868, Time : 20.509 s
Timestep : 96348, score : -1632.1128237274534, Time : 20.537 s
Timestep : 105107, score : -1780.4232107409334, Time : 20.541 s
Timestep : 113866, score : -1970.2710399187927, Time : 20.535 s
Timestep : 122625, score : -1680.338615255896, Time : 20.529 s
Timestep : 131384, score : -1315.8034737434064, Time : 20.449 s
Timestep : 140143, score : -1649.589377712371, Time : 20.451 s
Timestep : 148902, score : -1212.6290147581894, Time : 20.543 s
Timestep : 157661, score : -1397.5712519248773, Time : 20.503 s
Timestep : 166420, score : -1449.9963466008485, Time : 20.412 s
Timestep : 175179, score : -1610.5708005416964, Time : 20.162 s
Timestep : 183938, score : -1275.0041472486046, Time : 20.382 s
Timestep : 192697, score : -1502.6755237460893, Time : 20.457 s
Timestep : 201456, score : -1550.309749918786, Time : 20.472 s
Timestep : 210215, score : -1796.9476718301012, Time : 20.561 s
Timestep : 218974, score : -1344.510499611526, Time : 20.296 s
Timestep : 227733, score : -1492.6751849192951, Time : 20.58 s
Timestep : 236492, score : -1467.5083497597661, Time : 20.492 s
Timestep : 245251, score : -1380.522723951406, Time : 20.508 s
Timestep : 254010, score : -1542.2306909259933, Time : 20.406 s
Timestep : 262769, score : -1299.6481877921906, Time : 19.613 s
Timestep : 271528, score : -1212.4356947741762, Time : 19.545 s
Timestep : 280287, score : -1462.8635780478653, Time : 19.575 s
Timestep : 289046, score : -1558.517910288443, Time : 19.583 s
Timestep : 297805, score : -1506.7193247995165, Time : 19.586 s
Timestep : 306564, score : -1695.9418737615051, Time : 19.601 s
Timestep : 315323, score : -1469.2304547496897, Time : 19.602 s
Timestep : 324082, score : -1179.8793743566202, Time : 19.604 s
Timestep : 332841, score : -1661.5419174618146, Time : 19.679 s
Timestep : 341600, score : -1401.3032273111457, Time : 19.599 s
Timestep : 350359, score : -1524.8824718820688, Time : 19.613 s
Timestep : 359118, score : -1572.5093342408363, Time : 19.58 s
Timestep : 367877, score : -1670.6394205477845, Time : 19.602 s
Timestep : 376636, score : -1633.4864705723303, Time : 19.585 s
Timestep : 385395, score : -1305.2710476883512, Time : 19.598 s
Timestep : 394154, score : -1180.8105833364243, Time : 19.594 s
Timestep : 402913, score : -1403.419724527601, Time : 19.59 s
Timestep : 411672, score : -1406.5675610794278, Time : 19.6 s
Timestep : 420431, score : -1296.1409780275135, Time : 19.612 s
Timestep : 429190, score : -1365.2621995219088, Time : 19.569 s
Timestep : 437949, score : -1385.1685676225752, Time : 19.725 s
Timestep : 446708, score : -1478.696639682079, Time : 19.95 s
Timestep : 455467, score : -1504.1842569992004, Time : 19.939 s
Timestep : 464226, score : -1502.1976940844033, Time : 19.92 s
Timestep : 472985, score : -1452.949598404608, Time : 19.933 s
Timestep : 481744, score : -1635.2264288596634, Time : 19.94 s
Timestep : 490503, score : -1664.7648820036848, Time : 20.064 s
Timestep : 499262, score : -1290.0444305889832, Time : 19.932 s
Timestep : 508021, score : -1301.2419523957942, Time : 20.39 s
Timestep : 516780, score : -1587.2969759035914, Time : 20.492 s
Timestep : 525539, score : -1457.3516878383525, Time : 20.482 s
Timestep : 534298, score : -1548.7288058495906, Time : 20.257 s
Timestep : 543057, score : -1707.0709266478952, Time : 20.215 s
Timestep : 551816, score : -1466.2722431768489, Time : 19.577 s
Timestep : 560575, score : -1482.6005869024957, Time : 19.555 s
Timestep : 569334, score : -1683.5658901226998, Time : 19.569 s
Timestep : 578093, score : -1326.379308292555, Time : 19.589 s
Timestep : 586852, score : -1407.951817385183, Time : 20.093 s
Timestep : 595611, score : -1571.2641902314062, Time : 19.859 s
Timestep : 604370, score : -1414.46132027547, Time : 19.559 s
Timestep : 613129, score : -1400.3975524038833, Time : 19.554 s
Timestep : 621888, score : -1393.7029466813256, Time : 19.551 s
Timestep : 630647, score : -1448.3651123347518, Time : 19.552 s
Timestep : 639406, score : -1567.02391830532, Time : 19.601 s
Timestep : 648165, score : -1837.5677501285973, Time : 19.608 s
Timestep : 656924, score : -1484.8695312782947, Time : 20.02 s
Timestep : 665683, score : -1369.251419631677, Time : 19.581 s
Timestep : 674442, score : -1476.5051791195583, Time : 19.871 s
Timestep : 683201, score : -1223.4041359063995, Time : 20.093 s
Timestep : 691960, score : -1378.382646515296, Time : 19.819 s
Timestep : 700719, score : -1608.0479241095309, Time : 20.194 s
Timestep : 709478, score : -1466.0243406982918, Time : 19.636 s
Timestep : 718237, score : -1403.8844772342418, Time : 19.602 s
Timestep : 726996, score : -1509.348536422156, Time : 19.595 s
Timestep : 735755, score : -1475.8139891603787, Time : 19.618 s
Timestep : 744514, score : -1385.0987700790429, Time : 19.939 s
Timestep : 753273, score : -1442.5848670411215, Time : 19.789 s
Timestep : 762032, score : -1490.7605494552117, Time : 20.007 s
Timestep : 770791, score : -1382.8149021221616, Time : 20.284 s
Timestep : 779550, score : -1410.1001929230115, Time : 20.356 s
Timestep : 788309, score : -1331.4004468603816, Time : 20.267 s
Timestep : 797068, score : -1457.1283691597928, Time : 19.993 s
Timestep : 805827, score : -1533.1018053696316, Time : 19.967 s
Timestep : 814586, score : -1477.8333633826405, Time : 20.465 s
Timestep : 823345, score : -1280.1672859214304, Time : 20.026 s
Timestep : 832104, score : -1252.424293375836, Time : 20.195 s
Timestep : 840863, score : -1646.6190383329813, Time : 19.963 s
Timestep : 849622, score : -1372.1614365086716, Time : 20.175 s
Timestep : 858381, score : -1762.1523135848838, Time : 20.262 s
Timestep : 867140, score : -1620.2682167332678, Time : 20.22 s
Timestep : 875899, score : -1455.734955005144, Time : 20.464 s
Starting local evaluation
Num Steps: 1000, Num episodes: 0
Num Steps: 2000, Num episodes: 0
Num Steps: 3000, Num episodes: 0
Num Steps: 4000, Num episodes: 0
Num Steps: 5000, Num episodes: 0
Num Steps: 6000, Num episodes: 0
Num Steps: 7000, Num episodes: 0
Num Steps: 8000, Num episodes: 0
Episode complete: 1 | Latest episode metrics: {'price_cost': 0.8173974822421818, 'emmision_cost': 0.9409662142721849}
[-0.07822633] -0.07822632887573586
Average Price Cost: 0.8173974822421818
Average Emmision Cost: 0.9409662142721849
Average of both costs: 0.8791818482571834
Total time taken by agent: 2.2298003816977143s
DONE!
