{'agent': 'DQN', 'action_selection': 'egreedy', 'seed': 1, 'episodes': 100, 'data_path': 'data/citylearn_challenge_2022_phase_1', 'dry_run': False, 'n_discrete': 9, 'update_target': 4, 'lr': 0.07, 'batch_size': 32, 'adam_epsilon': 1e-05, 'epsilon_final': 0.08, 'run_id': 288}
{'Notes': 'This is a tuning run, executed on a single building.',
 'action_selection': 'egreedy',
 'adam_epsilon': 1e-05,
 'env': '<NormalizeObservation<OneHotHour<DiscreteSingle<CityLearnEnv '
        'instance>>>>',
 'final_exploration_rate': 0.02,
 'final_exploration_step': 1000,
 'gamma': 0.99,
 'initial_exploration_rate': 1,
 'learning_rate': 0.07,
 'loss': 'mse',
 'minibatch_size': 32,
 'network': 'MLP(\n'
            '  (layers): Sequential(\n'
            '    (0): Linear(in_features=29, out_features=128, bias=True)\n'
            '    (1): ReLU()\n'
            '    (2): Linear(in_features=128, out_features=128, bias=True)\n'
            '    (3): ReLU()\n'
            '    (4): Linear(in_features=128, out_features=9, bias=True)\n'
            '  )\n'
            ')',
 'replay_buffer_size': 10000,
 'replay_start_size': 32,
 'seed': 1,
 'train_steps': 876000,
 'update_frequency': 1,
 'update_target_frequency': 4,
 'weight_scale': 1.4142135623730951}
Timestep : 8758, score : -6743.637864730583, Time : 21.523 s
Timestep : 17517, score : -7049.520727224255, Time : 21.716 s
Timestep : 26276, score : -8835.156391277822, Time : 22.221 s
Timestep : 35035, score : -6819.231103445825, Time : 22.427 s
Timestep : 43794, score : -9832.15183202301, Time : 22.45 s
Timestep : 52553, score : -8540.732009709842, Time : 22.441 s
Timestep : 61312, score : -10508.19209250508, Time : 22.468 s
Timestep : 70071, score : -9832.462388620042, Time : 22.474 s
Timestep : 78830, score : -8183.686283934585, Time : 22.459 s
Timestep : 87589, score : -10923.169498368006, Time : 22.469 s
Timestep : 96348, score : -11156.51309601737, Time : 22.466 s
Timestep : 105107, score : -10711.577631273918, Time : 22.459 s
Timestep : 113866, score : -10763.956133586893, Time : 22.463 s
Timestep : 122625, score : -10225.654231024047, Time : 22.482 s
Timestep : 131384, score : -12865.988555166594, Time : 22.444 s
Timestep : 140143, score : -12106.43595409389, Time : 22.445 s
Timestep : 148902, score : -11393.400571006612, Time : 22.429 s
Timestep : 157661, score : -10651.928738979768, Time : 22.337 s
Timestep : 166420, score : -12516.12212021694, Time : 22.617 s
Timestep : 175179, score : -12345.783204112493, Time : 22.629 s
Timestep : 183938, score : -11974.2831361922, Time : 22.618 s
Timestep : 192697, score : -10936.607174776029, Time : 22.529 s
Timestep : 201456, score : -12695.98970251868, Time : 22.624 s
Timestep : 210215, score : -11895.53351639447, Time : 22.552 s
Timestep : 218974, score : -12001.268959696012, Time : 21.945 s
Timestep : 227733, score : -11513.854541728273, Time : 22.02 s
Timestep : 236492, score : -13258.659318997175, Time : 22.633 s
Timestep : 245251, score : -11803.471780296502, Time : 22.639 s
Timestep : 254010, score : -12166.571656170418, Time : 22.656 s
Timestep : 262769, score : -12833.684960768209, Time : 22.645 s
Timestep : 271528, score : -12737.163890267053, Time : 22.636 s
Timestep : 280287, score : -12043.398706258275, Time : 22.654 s
Timestep : 289046, score : -13043.96493402899, Time : 22.646 s
Timestep : 297805, score : -11826.537347320773, Time : 22.528 s
Timestep : 306564, score : -11679.847346590599, Time : 22.223 s
Timestep : 315323, score : -12190.244942400954, Time : 22.644 s
Timestep : 324082, score : -11926.760308736659, Time : 22.645 s
Timestep : 332841, score : -12444.12183764577, Time : 22.624 s
Timestep : 341600, score : -12977.238346459606, Time : 22.633 s
Timestep : 350359, score : -12343.968246403732, Time : 22.637 s
Timestep : 359118, score : -12074.825521352614, Time : 22.357 s
Timestep : 367877, score : -12612.442451751122, Time : 22.395 s
Timestep : 376636, score : -12058.329201589338, Time : 22.469 s
Timestep : 385395, score : -12119.850712944637, Time : 22.453 s
Timestep : 394154, score : -12465.053419529184, Time : 21.889 s
Timestep : 402913, score : -12689.23421397392, Time : 21.797 s
Timestep : 411672, score : -12192.866107568683, Time : 22.179 s
Timestep : 420431, score : -12544.410055321481, Time : 21.801 s
Timestep : 429190, score : -12139.955693959622, Time : 22.506 s
Timestep : 437949, score : -11968.013911691916, Time : 21.733 s
Timestep : 446708, score : -11828.153706305704, Time : 21.726 s
Timestep : 455467, score : -12894.750467832142, Time : 22.176 s
Timestep : 464226, score : -13013.75130962611, Time : 22.28 s
Timestep : 472985, score : -11737.365345143946, Time : 22.35 s
Timestep : 481744, score : -11975.710450309984, Time : 22.422 s
Timestep : 490503, score : -13178.29788211084, Time : 22.427 s
Timestep : 499262, score : -12948.606344119558, Time : 22.421 s
Timestep : 508021, score : -12239.758312819089, Time : 22.259 s
Timestep : 516780, score : -12884.516058496112, Time : 22.411 s
Timestep : 525539, score : -12729.959524169564, Time : 22.422 s
Timestep : 534298, score : -12049.955463112216, Time : 22.408 s
Timestep : 543057, score : -11521.706390482555, Time : 22.191 s
Timestep : 551816, score : -12961.111600822565, Time : 22.311 s
Timestep : 560575, score : -12769.749354351305, Time : 22.413 s
Timestep : 569334, score : -12348.125098340002, Time : 22.404 s
Timestep : 578093, score : -12653.646095315838, Time : 22.219 s
Timestep : 586852, score : -12136.442707272901, Time : 22.421 s
Timestep : 595611, score : -12248.629325665373, Time : 22.412 s
Timestep : 604370, score : -11501.874262229845, Time : 22.427 s
Timestep : 613129, score : -12159.019974386785, Time : 21.95 s
Timestep : 621888, score : -11214.063515588448, Time : 21.762 s
Timestep : 630647, score : -12100.171163518913, Time : 21.769 s
Timestep : 639406, score : -11389.795131222985, Time : 21.812 s
Timestep : 648165, score : -12166.588581764867, Time : 21.934 s
Timestep : 656924, score : -12079.052121575121, Time : 22.132 s
Timestep : 665683, score : -12849.978227858504, Time : 22.056 s
Timestep : 674442, score : -12660.640109178843, Time : 22.278 s
Timestep : 683201, score : -12112.498365900203, Time : 22.442 s
Timestep : 691960, score : -12986.623348261579, Time : 22.435 s
Timestep : 700719, score : -11967.932174964364, Time : 22.442 s
Timestep : 709478, score : -12283.59410058304, Time : 22.003 s
Timestep : 718237, score : -12641.937655520109, Time : 22.137 s
Timestep : 726996, score : -11901.447582481895, Time : 22.448 s
Timestep : 735755, score : -12003.233373575044, Time : 22.038 s
Timestep : 744514, score : -12033.888436540612, Time : 22.228 s
Timestep : 753273, score : -13113.609400477195, Time : 22.437 s
Timestep : 762032, score : -11655.942310558792, Time : 22.422 s
Timestep : 770791, score : -12278.18044949272, Time : 22.405 s
Timestep : 779550, score : -12584.736432844002, Time : 22.43 s
Timestep : 788309, score : -11672.632282818042, Time : 22.255 s
Timestep : 797068, score : -11600.469552593728, Time : 22.424 s
Timestep : 805827, score : -12422.56739563475, Time : 22.336 s
Timestep : 814586, score : -11447.820398062613, Time : 22.337 s
Timestep : 823345, score : -12118.160082055896, Time : 22.421 s
Timestep : 832104, score : -12242.836746601155, Time : 22.423 s
Timestep : 840863, score : -12183.467940183415, Time : 22.42 s
Timestep : 849622, score : -12774.361413530016, Time : 22.429 s
Timestep : 858381, score : -13251.60899153119, Time : 22.281 s
Timestep : 867140, score : -11757.696576986535, Time : 22.43 s
Timestep : 875899, score : -12923.51220176935, Time : 22.416 s
Starting local evaluation
Num Steps: 1000, Num episodes: 0
Num Steps: 2000, Num episodes: 0
Num Steps: 3000, Num episodes: 0
Num Steps: 4000, Num episodes: 0
Num Steps: 5000, Num episodes: 0
Num Steps: 6000, Num episodes: 0
Num Steps: 7000, Num episodes: 0
Num Steps: 8000, Num episodes: 0
Episode complete: 1 | Latest episode metrics: {'price_cost': 1.0238298289220975, 'emmision_cost': 1.0270239009728055}
[-0.26126448] -0.26126448484712633
Average Price Cost: 1.0238298289220975
Average Emmision Cost: 1.0270239009728055
Average of both costs: 1.0254268649474514
Total time taken by agent: 2.501275128684938s
DONE!
