{'agent': 'DQN', 'action_selection': 'softmax', 'seed': 3, 'episodes': 100, 'data_path': 'data/citylearn_challenge_2022_phase_1', 'dry_run': False, 'n_discrete': 9, 'update_target': 4, 'lr': 0.0003, 'batch_size': 128, 'adam_epsilon': 1e-05, 'epsilon_final': 0.02, 'run_id': 3}
{'Notes': 'This is a tuning run, executed on a single building.',
 'action_selection': 'softmax',
 'adam_epsilon': 1e-05,
 'env': '<NormalizeObservation<OneHotHour<DiscreteSingle<CityLearnEnv '
        'instance>>>>',
 'final_exploration_rate': 0.02,
 'final_exploration_step': 1000,
 'gamma': 0.99,
 'initial_exploration_rate': 1,
 'learning_rate': 0.0003,
 'loss': 'mse',
 'minibatch_size': 128,
 'network': 'MLP(\n'
            '  (layers): Sequential(\n'
            '    (0): Linear(in_features=29, out_features=128, bias=True)\n'
            '    (1): ReLU()\n'
            '    (2): Linear(in_features=128, out_features=128, bias=True)\n'
            '    (3): ReLU()\n'
            '    (4): Linear(in_features=128, out_features=9, bias=True)\n'
            '  )\n'
            ')',
 'replay_buffer_size': 10000,
 'replay_start_size': 128,
 'seed': 3,
 'train_steps': 876000,
 'update_frequency': 1,
 'update_target_frequency': 4,
 'weight_scale': 1.4142135623730951}
Timestep : 8758, score : -5104.772520069106, Time : 25.881 s
Timestep : 17517, score : -4172.482647295488, Time : 28.143 s
Timestep : 26276, score : -4071.6298530106724, Time : 28.371 s
Timestep : 35035, score : -3932.442303366901, Time : 28.535 s
Timestep : 43794, score : -3206.330504498008, Time : 28.54 s
Timestep : 52553, score : -2429.0700846449763, Time : 28.523 s
Timestep : 61312, score : -2095.098877548502, Time : 26.814 s
Timestep : 70071, score : -1970.519488005928, Time : 26.795 s
Timestep : 78830, score : -1654.2917410265945, Time : 26.805 s
Timestep : 87589, score : -2100.547644423961, Time : 27.677 s
Timestep : 96348, score : -2171.100277262187, Time : 27.928 s
Timestep : 105107, score : -2032.864514797213, Time : 28.576 s
Timestep : 113866, score : -1801.9196989400662, Time : 28.623 s
Timestep : 122625, score : -1814.241150572925, Time : 28.635 s
Timestep : 131384, score : -1330.6190464538813, Time : 28.589 s
Timestep : 140143, score : -1504.8758911956393, Time : 28.632 s
Timestep : 148902, score : -1403.513820074295, Time : 28.649 s
Timestep : 157661, score : -1386.5544529178005, Time : 28.665 s
Timestep : 166420, score : -1313.634585029533, Time : 28.647 s
Timestep : 175179, score : -1353.7275671582174, Time : 28.697 s
Timestep : 183938, score : -1378.1634659165866, Time : 28.668 s
Timestep : 192697, score : -1177.7237448179585, Time : 27.964 s
Timestep : 201456, score : -1072.6939290113805, Time : 28.662 s
Timestep : 210215, score : -1354.9247903491196, Time : 28.668 s
Timestep : 218974, score : -1003.2115488521667, Time : 28.654 s
Timestep : 227733, score : -1066.5484768019815, Time : 28.637 s
Timestep : 236492, score : -1129.3622065282252, Time : 28.651 s
Timestep : 245251, score : -980.4946345633653, Time : 28.694 s
Timestep : 254010, score : -991.747055194719, Time : 28.699 s
Timestep : 262769, score : -1072.7997088349948, Time : 28.678 s
Timestep : 271528, score : -1182.4105222568905, Time : 28.651 s
Timestep : 280287, score : -1214.15901734012, Time : 28.689 s
Timestep : 289046, score : -1180.3596515015524, Time : 28.67 s
Timestep : 297805, score : -1022.6314294350159, Time : 28.673 s
Timestep : 306564, score : -899.2698885603168, Time : 28.691 s
Timestep : 315323, score : -1043.165393968724, Time : 28.681 s
Timestep : 324082, score : -1103.3237474839843, Time : 28.651 s
Timestep : 332841, score : -1255.7960097989708, Time : 28.159 s
Timestep : 341600, score : -1139.8684797196474, Time : 27.613 s
Timestep : 350359, score : -1298.41245340163, Time : 28.795 s
Timestep : 359118, score : -1206.104151747335, Time : 28.598 s
Timestep : 367877, score : -1113.129515426146, Time : 28.741 s
Timestep : 376636, score : -1301.343658355443, Time : 28.69 s
Timestep : 385395, score : -1167.0581957010145, Time : 28.62 s
Timestep : 394154, score : -1257.3606357199897, Time : 28.569 s
Timestep : 402913, score : -1443.54323749608, Time : 28.585 s
Timestep : 411672, score : -1187.5514942624432, Time : 28.582 s
Timestep : 420431, score : -1425.8873522104986, Time : 28.677 s
Timestep : 429190, score : -1239.6643943606468, Time : 28.647 s
Timestep : 437949, score : -1349.0538373006566, Time : 28.697 s
Timestep : 446708, score : -1185.5228951690078, Time : 28.866 s
Timestep : 455467, score : -1276.798411190306, Time : 28.614 s
Timestep : 464226, score : -1277.7671480903227, Time : 28.627 s
Timestep : 472985, score : -1159.6810437017411, Time : 28.593 s
Timestep : 481744, score : -1255.7642794344865, Time : 27.581 s
Timestep : 490503, score : -1162.9251397720363, Time : 27.653 s
Timestep : 499262, score : -1176.9357494471187, Time : 28.565 s
Timestep : 508021, score : -1290.2333590928756, Time : 28.615 s
Timestep : 516780, score : -1282.6044312565646, Time : 28.158 s
Timestep : 525539, score : -1097.1226669539756, Time : 27.331 s
Timestep : 534298, score : -1234.5008061572007, Time : 28.429 s
Timestep : 543057, score : -1218.0935016123403, Time : 26.654 s
Timestep : 551816, score : -1166.7325565506762, Time : 28.465 s
Timestep : 560575, score : -1220.151389126695, Time : 28.107 s
Timestep : 569334, score : -1204.0893336191366, Time : 28.622 s
Timestep : 578093, score : -1177.179033119377, Time : 28.598 s
Timestep : 586852, score : -1181.188914382743, Time : 28.52 s
Timestep : 595611, score : -1079.7972732920025, Time : 28.511 s
Timestep : 604370, score : -1251.381064149813, Time : 28.525 s
Timestep : 613129, score : -1156.8317063214781, Time : 28.104 s
Timestep : 621888, score : -1233.5679982018482, Time : 27.89 s
Timestep : 630647, score : -1170.3879289619217, Time : 26.652 s
Timestep : 639406, score : -1194.2388201945287, Time : 26.666 s
Timestep : 648165, score : -1147.1375538498687, Time : 26.642 s
Timestep : 656924, score : -1263.2598311387992, Time : 26.792 s
Timestep : 665683, score : -1182.9983442928933, Time : 26.781 s
Timestep : 674442, score : -1251.7180244553892, Time : 28.405 s
Timestep : 683201, score : -1217.6308451661898, Time : 28.514 s
Timestep : 691960, score : -1234.7485411915986, Time : 28.538 s
Timestep : 700719, score : -1224.8800702216395, Time : 28.58 s
Timestep : 709478, score : -1318.4146782591997, Time : 28.651 s
Timestep : 718237, score : -1385.1730263706122, Time : 27.282 s
Timestep : 726996, score : -1320.917686308414, Time : 26.64 s
Timestep : 735755, score : -1357.2282279610808, Time : 28.309 s
Timestep : 744514, score : -1269.885318206303, Time : 28.626 s
Timestep : 753273, score : -1310.1987344965164, Time : 28.658 s
Timestep : 762032, score : -1259.4432433082548, Time : 28.779 s
Timestep : 770791, score : -1467.4381237996568, Time : 28.958 s
Timestep : 779550, score : -1296.8464262188936, Time : 28.555 s
Timestep : 788309, score : -1366.8055343332526, Time : 28.718 s
Timestep : 797068, score : -1335.8156005526253, Time : 28.392 s
Timestep : 805827, score : -1385.905629935005, Time : 28.531 s
Timestep : 814586, score : -1325.3062874509778, Time : 28.366 s
Timestep : 823345, score : -1262.5582951100369, Time : 26.738 s
Timestep : 832104, score : -1254.5712459155184, Time : 28.104 s
Timestep : 840863, score : -1288.3586440594227, Time : 28.593 s
Timestep : 849622, score : -1210.7065209307766, Time : 28.447 s
Timestep : 858381, score : -1188.8134226897091, Time : 28.228 s
Timestep : 867140, score : -1236.4805057780177, Time : 28.288 s
Timestep : 875899, score : -1158.3417693786614, Time : 27.164 s
Starting local evaluation
Num Steps: 1000, Num episodes: 0
Num Steps: 2000, Num episodes: 0
Num Steps: 3000, Num episodes: 0
Num Steps: 4000, Num episodes: 0
Num Steps: 5000, Num episodes: 0
Num Steps: 6000, Num episodes: 0
Num Steps: 7000, Num episodes: 0
Num Steps: 8000, Num episodes: 0
Episode complete: 1 | Latest episode metrics: {'price_cost': 0.8416762992376008, 'emmision_cost': 0.925773001212784}
[-0.08483137] -0.08483137262282196
Average Price Cost: 0.8416762992376008
Average Emmision Cost: 0.925773001212784
Average of both costs: 0.8837246502251924
Total time taken by agent: 4.015936645679176s
DONE!
