{'agent': 'DQN', 'action_selection': 'softmax', 'seed': 1, 'episodes': 100, 'data_path': 'data/citylearn_challenge_2022_phase_1', 'dry_run': False, 'n_discrete': 9, 'update_target': 32, 'lr': 0.001, 'batch_size': 256, 'adam_epsilon': 1e-06, 'epsilon_final': 0.02, 'run_id': 141}
{'Notes': 'This is a tuning run, executed on a single building.',
 'action_selection': 'softmax',
 'adam_epsilon': 1e-06,
 'env': '<NormalizeObservation<OneHotHour<DiscreteSingle<CityLearnEnv '
        'instance>>>>',
 'final_exploration_rate': 0.02,
 'final_exploration_step': 1000,
 'gamma': 0.99,
 'initial_exploration_rate': 1,
 'learning_rate': 0.001,
 'loss': 'mse',
 'minibatch_size': 256,
 'network': 'MLP(\n'
            '  (layers): Sequential(\n'
            '    (0): Linear(in_features=29, out_features=128, bias=True)\n'
            '    (1): ReLU()\n'
            '    (2): Linear(in_features=128, out_features=128, bias=True)\n'
            '    (3): ReLU()\n'
            '    (4): Linear(in_features=128, out_features=9, bias=True)\n'
            '  )\n'
            ')',
 'replay_buffer_size': 10000,
 'replay_start_size': 256,
 'seed': 1,
 'train_steps': 876000,
 'update_frequency': 1,
 'update_target_frequency': 32,
 'weight_scale': 1.4142135623730951}
Timestep : 8758, score : -4919.366768781707, Time : 40.019 s
Timestep : 17517, score : -5780.583377444447, Time : 37.039 s
Timestep : 26276, score : -5509.037270943176, Time : 36.167 s
Timestep : 35035, score : -5203.336151541836, Time : 37.68 s
Timestep : 43794, score : -5197.931540537073, Time : 41.651 s
Timestep : 52553, score : -4624.9836122331035, Time : 35.983 s
Timestep : 61312, score : -4978.220548730882, Time : 36.139 s
Timestep : 70071, score : -4879.7817245405895, Time : 36.286 s
Timestep : 78830, score : -4620.413695646013, Time : 39.131 s
Timestep : 87589, score : -4234.311134432399, Time : 43.526 s
Timestep : 96348, score : -3793.6257013179857, Time : 43.812 s
Timestep : 105107, score : -3601.014598994938, Time : 43.969 s
Timestep : 113866, score : -5194.662003757345, Time : 43.458 s
Timestep : 122625, score : -5623.473849900911, Time : 37.306 s
Timestep : 131384, score : -7057.160029702718, Time : 36.345 s
Timestep : 140143, score : -7336.563961506239, Time : 36.457 s
Timestep : 148902, score : -6207.632734649029, Time : 38.124 s
Timestep : 157661, score : -5365.343508114311, Time : 38.301 s
Timestep : 166420, score : -5548.471837817138, Time : 37.955 s
Timestep : 175179, score : -6294.19059144659, Time : 37.585 s
Timestep : 183938, score : -4604.144222016126, Time : 37.121 s
Timestep : 192697, score : -4280.274534114433, Time : 37.758 s
Timestep : 201456, score : -3950.710089318949, Time : 37.31 s
Timestep : 210215, score : -3813.714787439061, Time : 37.427 s
Timestep : 218974, score : -3404.4662263841456, Time : 37.126 s
Timestep : 227733, score : -3359.4821262274054, Time : 37.191 s
Timestep : 236492, score : -3142.0349068771175, Time : 37.007 s
Timestep : 245251, score : -3003.536109421795, Time : 36.906 s
Timestep : 254010, score : -2543.3852611127804, Time : 36.829 s
Timestep : 262769, score : -2737.21892462482, Time : 37.574 s
Timestep : 271528, score : -2712.7066890703572, Time : 38.149 s
Timestep : 280287, score : -2621.390317474914, Time : 37.759 s
Timestep : 289046, score : -2460.565853710643, Time : 37.935 s
Timestep : 297805, score : -2050.064686711834, Time : 37.862 s
Timestep : 306564, score : -2075.6225816779333, Time : 37.925 s
Timestep : 315323, score : -2006.3098851980903, Time : 38.092 s
Timestep : 324082, score : -2035.8869360101671, Time : 39.314 s
Timestep : 332841, score : -1829.9767950037058, Time : 40.259 s
Timestep : 341600, score : -2112.642597430342, Time : 37.785 s
Timestep : 350359, score : -1970.7612279325986, Time : 37.096 s
Timestep : 359118, score : -1849.0409786829987, Time : 37.167 s
Timestep : 367877, score : -1973.7092317665956, Time : 37.038 s
Timestep : 376636, score : -1724.5858621838997, Time : 37.429 s
Timestep : 385395, score : -1957.0846286635642, Time : 40.532 s
Timestep : 394154, score : -2033.669840447139, Time : 41.984 s
Timestep : 402913, score : -1896.736534749929, Time : 39.604 s
Timestep : 411672, score : -1932.6735307701892, Time : 43.112 s
Timestep : 420431, score : -1875.6246951549765, Time : 39.98 s
Timestep : 429190, score : -1843.620449170674, Time : 38.369 s
Timestep : 437949, score : -1957.3912434066006, Time : 42.048 s
Timestep : 446708, score : -1795.1958133632143, Time : 42.525 s
Timestep : 455467, score : -1752.4495515610615, Time : 43.276 s
Timestep : 464226, score : -2046.4073091335886, Time : 43.517 s
Timestep : 472985, score : -1845.4669312938422, Time : 43.369 s
Timestep : 481744, score : -1988.842245336884, Time : 43.46 s
Timestep : 490503, score : -1832.8545950653788, Time : 43.459 s
Timestep : 499262, score : -2014.148775623442, Time : 43.474 s
Timestep : 508021, score : -1819.69626008231, Time : 43.481 s
Timestep : 516780, score : -1675.5109231870883, Time : 43.241 s
Timestep : 525539, score : -1784.225933653448, Time : 43.386 s
Timestep : 534298, score : -1645.176877398233, Time : 43.413 s
Timestep : 543057, score : -1819.7522878230375, Time : 43.504 s
Timestep : 551816, score : -1580.6316739374597, Time : 43.329 s
Timestep : 560575, score : -1741.6384588089568, Time : 43.428 s
Timestep : 569334, score : -1895.0055098475714, Time : 43.459 s
Timestep : 578093, score : -1976.6139154086704, Time : 43.406 s
Timestep : 586852, score : -1838.935532520205, Time : 43.44 s
Timestep : 595611, score : -1766.12031869388, Time : 43.322 s
Timestep : 604370, score : -1709.396303782385, Time : 43.322 s
Timestep : 613129, score : -1852.3067824903264, Time : 43.243 s
Timestep : 621888, score : -1532.5316384545586, Time : 36.291 s
Timestep : 630647, score : -1629.5656765593158, Time : 37.402 s
Timestep : 639406, score : -1634.273690488335, Time : 38.52 s
Timestep : 648165, score : -1799.269289734424, Time : 36.807 s
Timestep : 656924, score : -1693.4694753957592, Time : 36.345 s
Timestep : 665683, score : -1592.0552875875874, Time : 35.607 s
Timestep : 674442, score : -1658.3066725551907, Time : 35.435 s
Timestep : 683201, score : -1641.3812510107819, Time : 35.12 s
Timestep : 691960, score : -1672.76843002651, Time : 41.29 s
Timestep : 700719, score : -1668.0350512017758, Time : 42.806 s
Timestep : 709478, score : -1720.1690047965822, Time : 43.665 s
Timestep : 718237, score : -1854.7314655681403, Time : 43.313 s
Timestep : 726996, score : -1721.700934285429, Time : 42.733 s
Timestep : 735755, score : -1731.3283201048034, Time : 39.907 s
Timestep : 744514, score : -1703.6574862858106, Time : 35.093 s
Timestep : 753273, score : -1613.959450563838, Time : 34.997 s
Timestep : 762032, score : -1430.1907331801776, Time : 36.299 s
Timestep : 770791, score : -1663.5836228244734, Time : 35.048 s
Timestep : 779550, score : -1662.2095086716872, Time : 35.519 s
Timestep : 788309, score : -1758.917588253651, Time : 36.611 s
Timestep : 797068, score : -1618.7935029081127, Time : 40.727 s
Timestep : 805827, score : -1645.2219444315706, Time : 42.739 s
Timestep : 814586, score : -1655.734178099112, Time : 42.746 s
Timestep : 823345, score : -1662.3873686329753, Time : 42.668 s
Timestep : 832104, score : -1674.6028123883589, Time : 42.752 s
Timestep : 840863, score : -1728.2904011799546, Time : 42.749 s
Timestep : 849622, score : -1644.4557899728243, Time : 42.074 s
Timestep : 858381, score : -1601.337092599977, Time : 41.649 s
Timestep : 867140, score : -1679.379918060018, Time : 41.541 s
Timestep : 875899, score : -1773.1306537415367, Time : 41.557 s
Starting local evaluation
Num Steps: 1000, Num episodes: 0
Num Steps: 2000, Num episodes: 0
Num Steps: 3000, Num episodes: 0
Num Steps: 4000, Num episodes: 0
Num Steps: 5000, Num episodes: 0
Num Steps: 6000, Num episodes: 0
Num Steps: 7000, Num episodes: 0
Num Steps: 8000, Num episodes: 0
Episode complete: 1 | Latest episode metrics: {'price_cost': 0.8561398384112782, 'emmision_cost': 0.9672269100705251}
[-0.11853762] -0.11853761937214276
Average Price Cost: 0.8561398384112782
Average Emmision Cost: 0.9672269100705251
Average of both costs: 0.9116833742409016
Total time taken by agent: 8.319247694060323s
DONE!
