{'agent': 'DQN', 'action_selection': 'softmax', 'seed': 1, 'episodes': 100, 'data_path': 'data/citylearn_challenge_2022_phase_1', 'dry_run': False, 'n_discrete': 9, 'update_target': 32, 'lr': 0.03, 'batch_size': 256, 'adam_epsilon': 1e-07, 'epsilon_final': 0.02, 'run_id': 165}
{'Notes': 'This is a tuning run, executed on a single building.',
 'action_selection': 'softmax',
 'adam_epsilon': 1e-07,
 'env': '<NormalizeObservation<OneHotHour<DiscreteSingle<CityLearnEnv '
        'instance>>>>',
 'final_exploration_rate': 0.02,
 'final_exploration_step': 1000,
 'gamma': 0.99,
 'initial_exploration_rate': 1,
 'learning_rate': 0.03,
 'loss': 'mse',
 'minibatch_size': 256,
 'network': 'MLP(\n'
            '  (layers): Sequential(\n'
            '    (0): Linear(in_features=29, out_features=128, bias=True)\n'
            '    (1): ReLU()\n'
            '    (2): Linear(in_features=128, out_features=128, bias=True)\n'
            '    (3): ReLU()\n'
            '    (4): Linear(in_features=128, out_features=9, bias=True)\n'
            '  )\n'
            ')',
 'replay_buffer_size': 10000,
 'replay_start_size': 256,
 'seed': 1,
 'train_steps': 876000,
 'update_frequency': 1,
 'update_target_frequency': 32,
 'weight_scale': 1.4142135623730951}
Timestep : 8758, score : -7018.38746673023, Time : 28.989 s
Timestep : 17517, score : -4458.724405042856, Time : 31.028 s
Timestep : 26276, score : -4136.583691131702, Time : 31.075 s
Timestep : 35035, score : -4092.793484216003, Time : 31.023 s
Timestep : 43794, score : -4216.511377828574, Time : 31.038 s
Timestep : 52553, score : -4190.938396116049, Time : 31.02 s
Timestep : 61312, score : -4198.670984997792, Time : 30.988 s
Timestep : 70071, score : -4124.785076915665, Time : 31.041 s
Timestep : 78830, score : -4100.689832813485, Time : 30.972 s
Timestep : 87589, score : -4119.095823572396, Time : 30.968 s
Timestep : 96348, score : -4202.396865244402, Time : 31.021 s
Timestep : 105107, score : -4114.734890981956, Time : 31.007 s
Timestep : 113866, score : -4080.2030815225153, Time : 30.983 s
Timestep : 122625, score : -4122.510335223196, Time : 30.994 s
Timestep : 131384, score : -4104.0323275676055, Time : 30.954 s
Timestep : 140143, score : -4127.795988602011, Time : 30.959 s
Timestep : 148902, score : -4080.805781086354, Time : 30.952 s
Timestep : 157661, score : -4119.374947918026, Time : 30.951 s
Timestep : 166420, score : -4154.817861915013, Time : 30.951 s
Timestep : 175179, score : -4116.550766178785, Time : 30.93 s
Timestep : 183938, score : -4061.099033271341, Time : 30.941 s
Timestep : 192697, score : -4170.476045512973, Time : 30.966 s
Timestep : 201456, score : -4166.0202633861045, Time : 30.933 s
Timestep : 210215, score : -4062.1512309065147, Time : 30.947 s
Timestep : 218974, score : -4170.5270102297945, Time : 30.955 s
Timestep : 227733, score : -4136.2971878080425, Time : 30.938 s
Timestep : 236492, score : -4123.505571457004, Time : 30.952 s
Timestep : 245251, score : -4173.803182958538, Time : 30.928 s
Timestep : 254010, score : -4204.20350870947, Time : 31.001 s
Timestep : 262769, score : -4089.3195735601767, Time : 30.978 s
Timestep : 271528, score : -4175.751788688271, Time : 30.976 s
Timestep : 280287, score : -4128.506224243349, Time : 30.951 s
Timestep : 289046, score : -4167.941545132926, Time : 30.966 s
Timestep : 297805, score : -4227.346938440023, Time : 30.945 s
Timestep : 306564, score : -4162.920410191087, Time : 30.963 s
Timestep : 315323, score : -4080.845798877446, Time : 30.92 s
Timestep : 324082, score : -4088.0540257444663, Time : 30.911 s
Timestep : 332841, score : -4143.944202748506, Time : 30.917 s
Timestep : 341600, score : -4142.796193746297, Time : 30.918 s
Timestep : 350359, score : -4145.659210031299, Time : 30.964 s
Timestep : 359118, score : -4101.891355512111, Time : 30.956 s
Timestep : 367877, score : -4084.360586979805, Time : 30.991 s
Timestep : 376636, score : -4074.256487847684, Time : 30.96 s
Timestep : 385395, score : -4093.568095307244, Time : 30.957 s
Timestep : 394154, score : -4065.6458964994235, Time : 30.767 s
Timestep : 402913, score : -4050.9062617918535, Time : 30.903 s
Timestep : 411672, score : -4036.9716596086073, Time : 30.003 s
Timestep : 420431, score : -4040.4685741042776, Time : 30.936 s
Timestep : 429190, score : -4127.264211700676, Time : 30.934 s
Timestep : 437949, score : -4096.027264942793, Time : 30.878 s
Timestep : 446708, score : -4048.8253396539076, Time : 30.883 s
Timestep : 455467, score : -4194.55384444262, Time : 30.893 s
Timestep : 464226, score : -4216.676493429957, Time : 30.854 s
Timestep : 472985, score : -4080.000762294425, Time : 30.864 s
Timestep : 481744, score : -4141.442040211899, Time : 30.871 s
Timestep : 490503, score : -4111.5598367428465, Time : 30.873 s
Timestep : 499262, score : -4110.266236353113, Time : 30.903 s
Timestep : 508021, score : -4102.183729578188, Time : 30.13 s
Timestep : 516780, score : -4224.485841018526, Time : 28.958 s
Timestep : 525539, score : -4206.653529337986, Time : 30.707 s
Timestep : 534298, score : -4080.970050503878, Time : 30.881 s
Timestep : 543057, score : -4066.0762310078426, Time : 30.876 s
Timestep : 551816, score : -4127.5046988524555, Time : 30.877 s
Timestep : 560575, score : -4082.352929515211, Time : 30.913 s
Timestep : 569334, score : -4075.3148824194504, Time : 30.822 s
Timestep : 578093, score : -4074.4883534325345, Time : 30.83 s
Timestep : 586852, score : -4082.907484711526, Time : 30.814 s
Timestep : 595611, score : -4137.482898150061, Time : 30.838 s
Timestep : 604370, score : -4083.2337790061283, Time : 30.843 s
Timestep : 613129, score : -4068.7949124476, Time : 30.841 s
Timestep : 621888, score : -4153.318064413412, Time : 30.83 s
Timestep : 630647, score : -4213.2774686240155, Time : 30.839 s
Timestep : 639406, score : -4119.724647510244, Time : 30.844 s
Timestep : 648165, score : -4092.227657166688, Time : 30.821 s
Timestep : 656924, score : -4078.577303148253, Time : 30.829 s
Timestep : 665683, score : -4173.299432983069, Time : 30.815 s
Timestep : 674442, score : -4108.10773152989, Time : 30.812 s
Timestep : 683201, score : -4130.150983237574, Time : 30.928 s
Timestep : 691960, score : -4099.410414792044, Time : 30.837 s
Timestep : 700719, score : -4058.5163167169376, Time : 30.816 s
Timestep : 709478, score : -4043.6242906650587, Time : 30.829 s
Timestep : 718237, score : -4134.364301258145, Time : 30.885 s
Timestep : 726996, score : -4071.427804829, Time : 30.871 s
Timestep : 735755, score : -4147.303254119499, Time : 30.877 s
Timestep : 744514, score : -4200.597273324529, Time : 30.879 s
Timestep : 753273, score : -4152.495719776867, Time : 30.327 s
Timestep : 762032, score : -4174.577692446212, Time : 30.604 s
Timestep : 770791, score : -4090.4474249849154, Time : 30.934 s
Timestep : 779550, score : -4067.9342839628516, Time : 30.915 s
Timestep : 788309, score : -4101.88473006562, Time : 30.883 s
Timestep : 797068, score : -4079.326373523014, Time : 30.831 s
Timestep : 805827, score : -4184.971844315907, Time : 30.913 s
Timestep : 814586, score : -4110.716882964043, Time : 30.943 s
Timestep : 823345, score : -4113.360918179533, Time : 30.555 s
Timestep : 832104, score : -4083.4603150416224, Time : 30.874 s
Timestep : 840863, score : -4055.899904196529, Time : 30.887 s
Timestep : 849622, score : -4114.721263767598, Time : 29.078 s
Timestep : 858381, score : -4068.9631905932474, Time : 30.755 s
Timestep : 867140, score : -4066.8949938653095, Time : 30.924 s
Timestep : 875899, score : -4065.6480328081234, Time : 30.944 s
Starting local evaluation
Num Steps: 1000, Num episodes: 0
Num Steps: 2000, Num episodes: 0
Num Steps: 3000, Num episodes: 0
Num Steps: 4000, Num episodes: 0
Num Steps: 5000, Num episodes: 0
Num Steps: 6000, Num episodes: 0
Num Steps: 7000, Num episodes: 0
Num Steps: 8000, Num episodes: 0
Episode complete: 1 | Latest episode metrics: {'price_cost': 1.0005800215989658, 'emmision_cost': 1.000931720155335}
[-0.23098221] -0.23098220747928264
Average Price Cost: 1.0005800215989658
Average Emmision Cost: 1.000931720155335
Average of both costs: 1.0007558708771502
Total time taken by agent: 3.7238997649401426s
DONE!
