{'agent': 'DQN', 'action_selection': 'softmax', 'seed': 1, 'episodes': 100, 'data_path': 'data/citylearn_challenge_2022_phase_1', 'dry_run': False, 'n_discrete': 9, 'update_target': 8, 'lr': 0.001, 'batch_size': 256, 'adam_epsilon': 1e-10, 'epsilon_final': 0.02, 'run_id': 65}
{'Notes': 'This is a tuning run, executed on a single building.',
 'action_selection': 'softmax',
 'adam_epsilon': 1e-10,
 'env': '<NormalizeObservation<OneHotHour<DiscreteSingle<CityLearnEnv '
        'instance>>>>',
 'final_exploration_rate': 0.02,
 'final_exploration_step': 1000,
 'gamma': 0.99,
 'initial_exploration_rate': 1,
 'learning_rate': 0.001,
 'loss': 'mse',
 'minibatch_size': 256,
 'network': 'MLP(\n'
            '  (layers): Sequential(\n'
            '    (0): Linear(in_features=29, out_features=128, bias=True)\n'
            '    (1): ReLU()\n'
            '    (2): Linear(in_features=128, out_features=128, bias=True)\n'
            '    (3): ReLU()\n'
            '    (4): Linear(in_features=128, out_features=9, bias=True)\n'
            '  )\n'
            ')',
 'replay_buffer_size': 10000,
 'replay_start_size': 256,
 'seed': 1,
 'train_steps': 876000,
 'update_frequency': 1,
 'update_target_frequency': 8,
 'weight_scale': 1.4142135623730951}
Timestep : 8758, score : -5839.392790546088, Time : 28.907 s
Timestep : 17517, score : -4818.381940129126, Time : 32.024 s
Timestep : 26276, score : -4540.8152091674565, Time : 32.499 s
Timestep : 35035, score : -4100.787914100598, Time : 32.922 s
Timestep : 43794, score : -4004.3723003268533, Time : 30.737 s
Timestep : 52553, score : -3719.34162120978, Time : 30.676 s
Timestep : 61312, score : -3820.6856263992668, Time : 30.786 s
Timestep : 70071, score : -3650.6267306238587, Time : 30.729 s
Timestep : 78830, score : -3531.551457677284, Time : 31.128 s
Timestep : 87589, score : -3642.4418809899653, Time : 31.043 s
Timestep : 96348, score : -3199.1709992814795, Time : 30.6 s
Timestep : 105107, score : -3191.501055573135, Time : 31.126 s
Timestep : 113866, score : -3106.4672786085503, Time : 32.67 s
Timestep : 122625, score : -3143.18675747385, Time : 33.0 s
Timestep : 131384, score : -2677.256356649057, Time : 33.053 s
Timestep : 140143, score : -2892.6002827865013, Time : 32.618 s
Timestep : 148902, score : -2537.1537989732897, Time : 32.491 s
Timestep : 157661, score : -2715.338355221116, Time : 32.604 s
Timestep : 166420, score : -2796.464668632674, Time : 32.049 s
Timestep : 175179, score : -2683.6050891501654, Time : 31.003 s
Timestep : 183938, score : -2528.0043619358767, Time : 30.587 s
Timestep : 192697, score : -2453.0973330550987, Time : 30.73 s
Timestep : 201456, score : -2141.153577891091, Time : 30.498 s
Timestep : 210215, score : -2376.577363161632, Time : 31.245 s
Timestep : 218974, score : -2231.2844806361973, Time : 33.02 s
Timestep : 227733, score : -2235.194813034919, Time : 32.397 s
Timestep : 236492, score : -2121.9520661151764, Time : 32.373 s
Timestep : 245251, score : -2206.9413048887654, Time : 32.357 s
Timestep : 254010, score : -2148.1529649449076, Time : 32.419 s
Timestep : 262769, score : -2395.112576678119, Time : 32.56 s
Timestep : 271528, score : -2215.234056779256, Time : 32.388 s
Timestep : 280287, score : -2325.3346753681835, Time : 32.341 s
Timestep : 289046, score : -2325.7985101446393, Time : 32.352 s
Timestep : 297805, score : -2397.625829119381, Time : 32.396 s
Timestep : 306564, score : -2403.0313152035524, Time : 32.987 s
Timestep : 315323, score : -2244.2448953758285, Time : 32.504 s
Timestep : 324082, score : -2078.1298099606356, Time : 32.332 s
Timestep : 332841, score : -2396.5743457729986, Time : 32.412 s
Timestep : 341600, score : -2125.8261964158446, Time : 32.382 s
Timestep : 350359, score : -2140.4657579107734, Time : 33.086 s
Timestep : 359118, score : -2362.5228580049297, Time : 32.577 s
Timestep : 367877, score : -2134.44031620436, Time : 32.372 s
Timestep : 376636, score : -2126.278846117697, Time : 32.374 s
Timestep : 385395, score : -2114.8258268750797, Time : 32.371 s
Timestep : 394154, score : -2401.2975603723025, Time : 33.028 s
Timestep : 402913, score : -2374.8213657980086, Time : 32.601 s
Timestep : 411672, score : -2200.8940911215905, Time : 32.434 s
Timestep : 420431, score : -2180.315338517452, Time : 30.532 s
Timestep : 429190, score : -2220.1660885783203, Time : 30.417 s
Timestep : 437949, score : -2195.5519663939776, Time : 30.907 s
Timestep : 446708, score : -2281.5466160419455, Time : 31.342 s
Timestep : 455467, score : -2335.4842421495414, Time : 32.279 s
Timestep : 464226, score : -2143.751248472632, Time : 32.376 s
Timestep : 472985, score : -2204.486801358493, Time : 32.372 s
Timestep : 481744, score : -2184.65212980911, Time : 32.847 s
Timestep : 490503, score : -2318.3029190172965, Time : 32.788 s
Timestep : 499262, score : -2266.937866844499, Time : 32.36 s
Timestep : 508021, score : -2233.3745770475653, Time : 32.456 s
Timestep : 516780, score : -2274.1191571464005, Time : 30.895 s
Timestep : 525539, score : -2470.118227413186, Time : 30.747 s
Timestep : 534298, score : -2407.6988062454184, Time : 31.656 s
Timestep : 543057, score : -2489.4397971302533, Time : 31.907 s
Timestep : 551816, score : -2495.988913449488, Time : 32.254 s
Timestep : 560575, score : -2312.788576320425, Time : 31.454 s
Timestep : 569334, score : -2420.3266897991125, Time : 31.964 s
Timestep : 578093, score : -2334.4247580090596, Time : 32.41 s
Timestep : 586852, score : -2341.000647948502, Time : 31.773 s
Timestep : 595611, score : -2395.47506351881, Time : 31.768 s
Timestep : 604370, score : -2294.6128690443293, Time : 31.803 s
Timestep : 613129, score : -2161.1519139045413, Time : 31.831 s
Timestep : 621888, score : -2068.0152430466405, Time : 32.419 s
Timestep : 630647, score : -2208.457810413398, Time : 31.734 s
Timestep : 639406, score : -2277.309868695709, Time : 30.652 s
Timestep : 648165, score : -2170.123440425057, Time : 29.951 s
Timestep : 656924, score : -2182.3433579869597, Time : 31.737 s
Timestep : 665683, score : -2009.6213949384692, Time : 32.608 s
Timestep : 674442, score : -2049.3594703917915, Time : 32.072 s
Timestep : 683201, score : -2129.384021679478, Time : 31.949 s
Timestep : 691960, score : -2179.070407449297, Time : 31.948 s
Timestep : 700719, score : -1947.962934323994, Time : 31.923 s
Timestep : 709478, score : -2177.377619803243, Time : 31.648 s
Timestep : 718237, score : -2173.039403055038, Time : 30.201 s
Timestep : 726996, score : -1898.1317150916584, Time : 30.154 s
Timestep : 735755, score : -1859.8196855326532, Time : 30.177 s
Timestep : 744514, score : -1890.5070434963563, Time : 30.19 s
Timestep : 753273, score : -1944.0046920201567, Time : 30.567 s
Timestep : 762032, score : -1968.2423778030134, Time : 30.572 s
Timestep : 770791, score : -2132.6430157460563, Time : 31.07 s
Timestep : 779550, score : -1962.7893945958058, Time : 31.813 s
Timestep : 788309, score : -2019.949679885307, Time : 30.663 s
Timestep : 797068, score : -1846.9730801709375, Time : 32.421 s
Timestep : 805827, score : -1915.865442269729, Time : 32.601 s
Timestep : 814586, score : -1917.070930047572, Time : 31.923 s
Timestep : 823345, score : -1952.7522582507372, Time : 29.978 s
Timestep : 832104, score : -1822.6648596782616, Time : 29.989 s
Timestep : 840863, score : -1726.2212283241242, Time : 31.227 s
Timestep : 849622, score : -1841.0028359298958, Time : 32.716 s
Timestep : 858381, score : -2037.3462584852532, Time : 32.154 s
Timestep : 867140, score : -1956.2463305567217, Time : 32.161 s
Timestep : 875899, score : -1846.9902485708299, Time : 32.158 s
Starting local evaluation
Num Steps: 1000, Num episodes: 0
Num Steps: 2000, Num episodes: 0
Num Steps: 3000, Num episodes: 0
Num Steps: 4000, Num episodes: 0
Num Steps: 5000, Num episodes: 0
Num Steps: 6000, Num episodes: 0
Num Steps: 7000, Num episodes: 0
Num Steps: 8000, Num episodes: 0
Episode complete: 1 | Latest episode metrics: {'price_cost': 0.8637513248883045, 'emmision_cost': 0.9706301449851669}
[-0.12542219] -0.12542219434493423
Average Price Cost: 0.8637513248883045
Average Emmision Cost: 0.9706301449851669
Average of both costs: 0.9171907349367356
Total time taken by agent: 4.192399156745523s
DONE!
