{'agent': 'DQN', 'action_selection': 'egreedy', 'seed': 1, 'episodes': 100, 'data_path': 'data/citylearn_challenge_2022_phase_1', 'dry_run': False, 'n_discrete': 9, 'update_target': 4, 'lr': 0.1, 'batch_size': 32, 'adam_epsilon': 1e-07, 'epsilon_final': 0.02, 'run_id': 333}
{'Notes': 'This is a tuning run, executed on a single building.',
 'action_selection': 'egreedy',
 'adam_epsilon': 1e-07,
 'env': '<NormalizeObservation<OneHotHour<DiscreteSingle<CityLearnEnv '
        'instance>>>>',
 'final_exploration_rate': 0.02,
 'final_exploration_step': 1000,
 'gamma': 0.99,
 'initial_exploration_rate': 1,
 'learning_rate': 0.1,
 'loss': 'mse',
 'minibatch_size': 32,
 'network': 'MLP(\n'
            '  (layers): Sequential(\n'
            '    (0): Linear(in_features=29, out_features=128, bias=True)\n'
            '    (1): ReLU()\n'
            '    (2): Linear(in_features=128, out_features=128, bias=True)\n'
            '    (3): ReLU()\n'
            '    (4): Linear(in_features=128, out_features=9, bias=True)\n'
            '  )\n'
            ')',
 'replay_buffer_size': 10000,
 'replay_start_size': 32,
 'seed': 1,
 'train_steps': 876000,
 'update_frequency': 1,
 'update_target_frequency': 4,
 'weight_scale': 1.4142135623730951}
Timestep : 8758, score : -6716.259174636827, Time : 20.446 s
Timestep : 17517, score : -7200.985698772274, Time : 20.473 s
Timestep : 26276, score : -7130.956161283801, Time : 20.776 s
Timestep : 35035, score : -7363.0930175971735, Time : 20.859 s
Timestep : 43794, score : -9246.070862192923, Time : 20.698 s
Timestep : 52553, score : -7905.8857339362, Time : 22.289 s
Timestep : 61312, score : -10274.18032184642, Time : 24.097 s
Timestep : 70071, score : -9236.035119980894, Time : 20.946 s
Timestep : 78830, score : -10359.740576367549, Time : 20.634 s
Timestep : 87589, score : -10659.368298067158, Time : 20.532 s
Timestep : 96348, score : -10527.941358853437, Time : 20.366 s
Timestep : 105107, score : -10826.50290639075, Time : 20.35 s
Timestep : 113866, score : -11302.139868534316, Time : 20.239 s
Timestep : 122625, score : -12254.94089222551, Time : 20.137 s
Timestep : 131384, score : -11152.6812329957, Time : 20.195 s
Timestep : 140143, score : -11390.55331071897, Time : 20.02 s
Timestep : 148902, score : -11320.016523645805, Time : 20.248 s
Timestep : 157661, score : -11980.635265700126, Time : 20.05 s
Timestep : 166420, score : -10932.37650410735, Time : 20.331 s
Timestep : 175179, score : -12421.096347300205, Time : 21.596 s
Timestep : 183938, score : -12315.681304965867, Time : 24.052 s
Timestep : 192697, score : -12094.404204386592, Time : 20.844 s
Timestep : 201456, score : -11799.863748488526, Time : 20.585 s
Timestep : 210215, score : -12568.54117077426, Time : 20.613 s
Timestep : 218974, score : -11793.909277919985, Time : 20.344 s
Timestep : 227733, score : -11606.246936454583, Time : 20.364 s
Timestep : 236492, score : -12331.465696823136, Time : 20.356 s
Timestep : 245251, score : -12573.091528128134, Time : 20.34 s
Timestep : 254010, score : -12275.771348738883, Time : 20.772 s
Timestep : 262769, score : -12394.58469460798, Time : 20.386 s
Timestep : 271528, score : -11875.086726962705, Time : 20.311 s
Timestep : 280287, score : -11832.706535143428, Time : 20.24 s
Timestep : 289046, score : -13062.86033476669, Time : 20.345 s
Timestep : 297805, score : -12824.079342617493, Time : 21.376 s
Timestep : 306564, score : -12517.603103282338, Time : 24.292 s
Timestep : 315323, score : -12827.322188365935, Time : 21.575 s
Timestep : 324082, score : -12741.48445601885, Time : 20.877 s
Timestep : 332841, score : -11779.148916274266, Time : 20.156 s
Timestep : 341600, score : -11772.68539195045, Time : 20.194 s
Timestep : 350359, score : -12133.046245108548, Time : 20.88 s
Timestep : 359118, score : -12974.800513387265, Time : 20.887 s
Timestep : 367877, score : -12940.547541176624, Time : 20.869 s
Timestep : 376636, score : -11864.491304696727, Time : 20.921 s
Timestep : 385395, score : -12003.834327462551, Time : 20.898 s
Timestep : 394154, score : -12007.95689647767, Time : 20.905 s
Timestep : 402913, score : -12265.632742902751, Time : 20.912 s
Timestep : 411672, score : -11780.323833236427, Time : 20.747 s
Timestep : 420431, score : -12039.222859555579, Time : 20.342 s
Timestep : 429190, score : -12102.233366632514, Time : 20.522 s
Timestep : 437949, score : -12120.215534194795, Time : 20.515 s
Timestep : 446708, score : -11128.290200081232, Time : 20.364 s
Timestep : 455467, score : -11937.706492120473, Time : 20.334 s
Timestep : 464226, score : -12327.884083230165, Time : 23.839 s
Timestep : 472985, score : -13597.115978779766, Time : 22.307 s
Timestep : 481744, score : -12314.149627644954, Time : 20.242 s
Timestep : 490503, score : -11586.589738998984, Time : 20.362 s
Timestep : 499262, score : -12880.775205970342, Time : 20.728 s
Timestep : 508021, score : -12125.775465038212, Time : 20.85 s
Timestep : 516780, score : -12664.932441322322, Time : 20.573 s
Timestep : 525539, score : -11466.79545073289, Time : 20.62 s
Timestep : 534298, score : -12660.710256179707, Time : 20.862 s
Timestep : 543057, score : -11558.767160883042, Time : 20.861 s
Timestep : 551816, score : -12426.0759415559, Time : 20.876 s
Timestep : 560575, score : -11712.466026749331, Time : 21.032 s
Timestep : 569334, score : -12781.281649160192, Time : 21.016 s
Timestep : 578093, score : -12202.386612336224, Time : 22.522 s
Timestep : 586852, score : -12038.445694387497, Time : 23.956 s
Timestep : 595611, score : -11505.014807283645, Time : 20.483 s
Timestep : 604370, score : -12506.37647340681, Time : 20.368 s
Timestep : 613129, score : -11819.357116042243, Time : 20.282 s
Timestep : 621888, score : -12794.976832173328, Time : 20.369 s
Timestep : 630647, score : -13060.707364853617, Time : 20.281 s
Timestep : 639406, score : -12421.529129275543, Time : 20.291 s
Timestep : 648165, score : -11666.063185560663, Time : 20.283 s
Timestep : 656924, score : -12058.013091052839, Time : 20.237 s
Timestep : 665683, score : -12691.98264252406, Time : 20.292 s
Timestep : 674442, score : -11904.656964903654, Time : 20.463 s
Timestep : 683201, score : -12472.83783491968, Time : 20.471 s
Timestep : 691960, score : -12802.19789412443, Time : 20.359 s
Timestep : 700719, score : -12404.26158562, Time : 23.942 s
Timestep : 709478, score : -12661.12409494471, Time : 21.865 s
Timestep : 718237, score : -11707.889382732661, Time : 20.407 s
Timestep : 726996, score : -11969.760934920356, Time : 20.199 s
Timestep : 735755, score : -11614.692750442598, Time : 19.943 s
Timestep : 744514, score : -12625.61852357474, Time : 20.193 s
Timestep : 753273, score : -12150.495851067593, Time : 20.225 s
Timestep : 762032, score : -12384.007104000106, Time : 20.214 s
Timestep : 770791, score : -12777.001744060959, Time : 20.222 s
Timestep : 779550, score : -11764.564934338821, Time : 20.709 s
Timestep : 788309, score : -12080.108431451255, Time : 20.775 s
Timestep : 797068, score : -12194.678155423564, Time : 20.315 s
Timestep : 805827, score : -12798.919817221758, Time : 20.367 s
Timestep : 814586, score : -12180.227335178599, Time : 22.803 s
Timestep : 823345, score : -13078.237773723202, Time : 23.474 s
Timestep : 832104, score : -11981.362657727514, Time : 20.957 s
Timestep : 840863, score : -12744.875584947193, Time : 20.831 s
Timestep : 849622, score : -12325.061961412852, Time : 20.775 s
Timestep : 858381, score : -11717.31491845136, Time : 20.319 s
Timestep : 867140, score : -12360.233459009323, Time : 20.327 s
Timestep : 875899, score : -12383.439160353984, Time : 20.638 s
Starting local evaluation
Num Steps: 1000, Num episodes: 0
Num Steps: 2000, Num episodes: 0
Num Steps: 3000, Num episodes: 0
Num Steps: 4000, Num episodes: 0
Num Steps: 5000, Num episodes: 0
Num Steps: 6000, Num episodes: 0
Num Steps: 7000, Num episodes: 0
Num Steps: 8000, Num episodes: 0
Episode complete: 1 | Latest episode metrics: {'price_cost': 1.015946058592254, 'emmision_cost': 1.0186545494190953}
[-0.25127799] -0.2512779864794418
Average Price Cost: 1.015946058592254
Average Emmision Cost: 1.0186545494190953
Average of both costs: 1.0173003040056745
Total time taken by agent: 2.1642232560552657s
DONE!
