{'agent': 'DQN', 'action_selection': 'softmax', 'seed': 1, 'episodes': 100, 'data_path': 'data/citylearn_challenge_2022_phase_1', 'dry_run': False, 'n_discrete': 9, 'update_target': 32, 'lr': 0.0001, 'batch_size': 1, 'adam_epsilon': 0.0001, 'epsilon_final': 0.02, 'run_id': 146}
{'Notes': 'This is a tuning run, executed on a single building.',
 'action_selection': 'softmax',
 'adam_epsilon': 0.0001,
 'env': '<NormalizeObservation<OneHotHour<DiscreteSingle<CityLearnEnv '
        'instance>>>>',
 'final_exploration_rate': 0.02,
 'final_exploration_step': 1000,
 'gamma': 0.99,
 'initial_exploration_rate': 1,
 'learning_rate': 0.0001,
 'loss': 'mse',
 'minibatch_size': 1,
 'network': 'MLP(\n'
            '  (layers): Sequential(\n'
            '    (0): Linear(in_features=29, out_features=128, bias=True)\n'
            '    (1): ReLU()\n'
            '    (2): Linear(in_features=128, out_features=128, bias=True)\n'
            '    (3): ReLU()\n'
            '    (4): Linear(in_features=128, out_features=9, bias=True)\n'
            '  )\n'
            ')',
 'replay_buffer_size': 10000,
 'replay_start_size': 1,
 'seed': 1,
 'train_steps': 876000,
 'update_frequency': 1,
 'update_target_frequency': 32,
 'weight_scale': 1.4142135623730951}
Timestep : 8758, score : -5694.00944520843, Time : 22.083 s
Timestep : 17517, score : -4101.722328623204, Time : 22.382 s
Timestep : 26276, score : -4198.703246894671, Time : 22.553 s
Timestep : 35035, score : -4515.428948943882, Time : 22.548 s
Timestep : 43794, score : -4392.50298365709, Time : 22.479 s
Timestep : 52553, score : -4066.150752162008, Time : 21.971 s
Timestep : 61312, score : -4095.3004618188425, Time : 22.069 s
Timestep : 70071, score : -4225.028640804259, Time : 22.051 s
Timestep : 78830, score : -4171.06441367176, Time : 22.276 s
Timestep : 87589, score : -4131.161518779962, Time : 22.93 s
Timestep : 96348, score : -4080.7703643044515, Time : 22.845 s
Timestep : 105107, score : -4122.593355303077, Time : 22.564 s
Timestep : 113866, score : -4150.423391495016, Time : 22.654 s
Timestep : 122625, score : -4069.372941305308, Time : 22.609 s
Timestep : 131384, score : -4047.974420701532, Time : 22.613 s
Timestep : 140143, score : -4057.5240795007703, Time : 22.42 s
Timestep : 148902, score : -4138.36408893895, Time : 22.255 s
Timestep : 157661, score : -4056.8249959530367, Time : 22.514 s
Timestep : 166420, score : -4067.058466568662, Time : 22.457 s
Timestep : 175179, score : -4053.272842295846, Time : 22.795 s
Timestep : 183938, score : -4050.738467959134, Time : 23.013 s
Timestep : 192697, score : -4046.365886827378, Time : 22.681 s
Timestep : 201456, score : -4060.098599453835, Time : 22.555 s
Timestep : 210215, score : -4031.557735880284, Time : 22.676 s
Timestep : 218974, score : -4087.9581244954898, Time : 22.659 s
Timestep : 227733, score : -4078.982982415153, Time : 22.613 s
Timestep : 236492, score : -4173.570451652078, Time : 22.614 s
Timestep : 245251, score : -4112.263869424729, Time : 22.613 s
Timestep : 254010, score : -4049.5415398823825, Time : 22.712 s
Timestep : 262769, score : -4091.773206613405, Time : 22.75 s
Timestep : 271528, score : -4127.001637017427, Time : 23.018 s
Timestep : 280287, score : -4082.1258282935305, Time : 22.772 s
Timestep : 289046, score : -4192.14062680435, Time : 22.639 s
Timestep : 297805, score : -4248.050672194993, Time : 22.666 s
Timestep : 306564, score : -4213.381727887507, Time : 22.69 s
Timestep : 315323, score : -4571.363044687314, Time : 22.672 s
Timestep : 324082, score : -4219.155683723657, Time : 22.682 s
Timestep : 332841, score : -4201.432664855762, Time : 22.634 s
Timestep : 341600, score : -4382.218148166692, Time : 22.641 s
Timestep : 350359, score : -4192.100729531099, Time : 22.667 s
Timestep : 359118, score : -4419.138102433557, Time : 23.092 s
Timestep : 367877, score : -4366.091074092692, Time : 22.893 s
Timestep : 376636, score : -4247.855038230686, Time : 22.665 s
Timestep : 385395, score : -4129.464759876399, Time : 22.672 s
Timestep : 394154, score : -4530.498023791966, Time : 22.726 s
Timestep : 402913, score : -4356.076884649301, Time : 22.699 s
Timestep : 411672, score : -4492.48865715033, Time : 22.703 s
Timestep : 420431, score : -4374.719009243607, Time : 22.602 s
Timestep : 429190, score : -4283.801627948065, Time : 22.701 s
Timestep : 437949, score : -4188.9854091958405, Time : 22.754 s
Timestep : 446708, score : -4111.12688558847, Time : 22.579 s
Timestep : 455467, score : -3990.5969585415005, Time : 22.953 s
Timestep : 464226, score : -3874.458932713518, Time : 22.703 s
Timestep : 472985, score : -4254.860880784137, Time : 22.662 s
Timestep : 481744, score : -4059.248584267596, Time : 22.695 s
Timestep : 490503, score : -4005.805462505581, Time : 22.725 s
Timestep : 499262, score : -4153.7434588055185, Time : 22.708 s
Timestep : 508021, score : -4581.478874264314, Time : 22.686 s
Timestep : 516780, score : -4099.323790298338, Time : 22.59 s
Timestep : 525539, score : -4180.87484767838, Time : 22.591 s
Timestep : 534298, score : -4085.523542234587, Time : 22.909 s
Timestep : 543057, score : -3867.8327417507826, Time : 23.057 s
Timestep : 551816, score : -4269.638566136506, Time : 22.671 s
Timestep : 560575, score : -4029.7390543201764, Time : 22.718 s
Timestep : 569334, score : -3835.1765291890188, Time : 22.718 s
Timestep : 578093, score : -3210.0116975604615, Time : 22.741 s
Timestep : 586852, score : -3368.6165437603195, Time : 22.695 s
Timestep : 595611, score : -3405.969178220519, Time : 22.712 s
Timestep : 604370, score : -3673.097140698883, Time : 22.713 s
Timestep : 613129, score : -3798.1017067799403, Time : 22.559 s
Timestep : 621888, score : -3991.8924301475345, Time : 22.809 s
Timestep : 630647, score : -3941.720565081021, Time : 22.986 s
Timestep : 639406, score : -4142.902793236222, Time : 22.754 s
Timestep : 648165, score : -3974.0977457607223, Time : 22.719 s
Timestep : 656924, score : -3705.736195708363, Time : 22.756 s
Timestep : 665683, score : -3489.9476411472133, Time : 22.356 s
Timestep : 674442, score : -3738.4336574283952, Time : 22.659 s
Timestep : 683201, score : -4212.414779031562, Time : 22.64 s
Timestep : 691960, score : -4027.4896465445927, Time : 22.708 s
Timestep : 700719, score : -3753.8858720221615, Time : 22.633 s
Timestep : 709478, score : -3886.87025646065, Time : 22.691 s
Timestep : 718237, score : -3868.57265123204, Time : 23.146 s
Timestep : 726996, score : -3664.5720895565173, Time : 22.879 s
Timestep : 735755, score : -3867.6688407270995, Time : 22.813 s
Timestep : 744514, score : -3472.645490890398, Time : 22.832 s
Timestep : 753273, score : -2924.0644462061173, Time : 22.905 s
Timestep : 762032, score : -3565.6950571717753, Time : 22.781 s
Timestep : 770791, score : -3064.5439171423495, Time : 22.852 s
Timestep : 779550, score : -3500.360958822799, Time : 22.747 s
Timestep : 788309, score : -4096.136928656168, Time : 22.672 s
Timestep : 797068, score : -4110.255194884172, Time : 22.624 s
Timestep : 805827, score : -4169.534985785751, Time : 23.036 s
Timestep : 814586, score : -3724.1559776569775, Time : 22.967 s
Timestep : 823345, score : -3321.0363984167634, Time : 22.741 s
Timestep : 832104, score : -3369.76992170194, Time : 22.762 s
Timestep : 840863, score : -2284.93644446673, Time : 22.79 s
Timestep : 849622, score : -3646.29997593016, Time : 22.418 s
Timestep : 858381, score : -3160.3901250799245, Time : 22.71 s
Timestep : 867140, score : -3511.509715214517, Time : 22.707 s
Timestep : 875899, score : -3634.9844896003196, Time : 22.708 s
Starting local evaluation
Num Steps: 1000, Num episodes: 0
Num Steps: 2000, Num episodes: 0
Num Steps: 3000, Num episodes: 0
Num Steps: 4000, Num episodes: 0
Num Steps: 5000, Num episodes: 0
Num Steps: 6000, Num episodes: 0
Num Steps: 7000, Num episodes: 0
Num Steps: 8000, Num episodes: 0
Episode complete: 1 | Latest episode metrics: {'price_cost': 0.9801837811669325, 'emmision_cost': 1.0047090940696446}
[-0.22013627] -0.22013626701074362
Average Price Cost: 0.9801837811669325
Average Emmision Cost: 1.0047090940696446
Average of both costs: 0.9924464376182885
Total time taken by agent: 3.8718523816787638s
DONE!
