{'agent': 'DQN', 'action_selection': 'egreedy', 'seed': 1, 'episodes': 100, 'data_path': 'data/citylearn_challenge_2022_phase_1', 'dry_run': False, 'n_discrete': 9, 'update_target': 16, 'lr': 0.003, 'batch_size': 64, 'adam_epsilon': 1e-08, 'epsilon_final': 0.02, 'run_id': 212}
{'Notes': 'This is a tuning run, executed on a single building.',
 'action_selection': 'egreedy',
 'adam_epsilon': 1e-08,
 'env': '<NormalizeObservation<OneHotHour<DiscreteSingle<CityLearnEnv '
        'instance>>>>',
 'final_exploration_rate': 0.02,
 'final_exploration_step': 1000,
 'gamma': 0.99,
 'initial_exploration_rate': 1,
 'learning_rate': 0.003,
 'loss': 'mse',
 'minibatch_size': 64,
 'network': 'MLP(\n'
            '  (layers): Sequential(\n'
            '    (0): Linear(in_features=29, out_features=128, bias=True)\n'
            '    (1): ReLU()\n'
            '    (2): Linear(in_features=128, out_features=128, bias=True)\n'
            '    (3): ReLU()\n'
            '    (4): Linear(in_features=128, out_features=9, bias=True)\n'
            '  )\n'
            ')',
 'replay_buffer_size': 10000,
 'replay_start_size': 64,
 'seed': 1,
 'train_steps': 876000,
 'update_frequency': 1,
 'update_target_frequency': 16,
 'weight_scale': 1.4142135623730951}
Timestep : 8758, score : -7807.01033056523, Time : 20.108 s
Timestep : 17517, score : -8184.760570907223, Time : 20.868 s
Timestep : 26276, score : -8384.07019877134, Time : 20.399 s
Timestep : 35035, score : -8299.492431377788, Time : 20.649 s
Timestep : 43794, score : -6503.857918129848, Time : 22.769 s
Timestep : 52553, score : -5735.364627832969, Time : 23.461 s
Timestep : 61312, score : -4828.484782189531, Time : 20.388 s
Timestep : 70071, score : -3792.1913980933896, Time : 20.415 s
Timestep : 78830, score : -4062.2817664029135, Time : 20.284 s
Timestep : 87589, score : -3985.9309850748687, Time : 20.646 s
Timestep : 96348, score : -3326.3792970741924, Time : 20.419 s
Timestep : 105107, score : -3314.833066938867, Time : 21.066 s
Timestep : 113866, score : -3258.651627605461, Time : 20.973 s
Timestep : 122625, score : -3321.3265750210558, Time : 20.947 s
Timestep : 131384, score : -3503.2334939616994, Time : 20.716 s
Timestep : 140143, score : -3340.8252437730844, Time : 20.263 s
Timestep : 148902, score : -3190.509884517669, Time : 20.375 s
Timestep : 157661, score : -3035.3258944092377, Time : 23.318 s
Timestep : 166420, score : -2753.266358225843, Time : 23.42 s
Timestep : 175179, score : -3060.883308949793, Time : 20.586 s
Timestep : 183938, score : -3264.7129584045033, Time : 21.06 s
Timestep : 192697, score : -3276.953349499294, Time : 20.771 s
Timestep : 201456, score : -3601.236567312415, Time : 21.077 s
Timestep : 210215, score : -2900.4188512538385, Time : 20.874 s
Timestep : 218974, score : -3002.588846558894, Time : 20.916 s
Timestep : 227733, score : -3161.6536474752065, Time : 20.849 s
Timestep : 236492, score : -3301.8535517737328, Time : 20.588 s
Timestep : 245251, score : -2973.123349467409, Time : 20.749 s
Timestep : 254010, score : -3068.360310071759, Time : 20.376 s
Timestep : 262769, score : -3043.7116192597023, Time : 20.38 s
Timestep : 271528, score : -2891.236717835447, Time : 22.994 s
Timestep : 280287, score : -2792.8431887067472, Time : 23.19 s
Timestep : 289046, score : -3149.0241971288633, Time : 20.668 s
Timestep : 297805, score : -3499.1936138894234, Time : 20.34 s
Timestep : 306564, score : -3341.793383573444, Time : 20.31 s
Timestep : 315323, score : -3150.8810635222617, Time : 20.558 s
Timestep : 324082, score : -3361.473889308312, Time : 21.267 s
Timestep : 332841, score : -3203.5497990516305, Time : 21.27 s
Timestep : 341600, score : -3084.864559904934, Time : 21.091 s
Timestep : 350359, score : -2975.6805328496557, Time : 20.76 s
Timestep : 359118, score : -3453.7253244945605, Time : 20.54 s
Timestep : 367877, score : -2993.8236529092246, Time : 20.951 s
Timestep : 376636, score : -3293.4922084943682, Time : 20.919 s
Timestep : 385395, score : -2381.3978677996492, Time : 20.658 s
Timestep : 394154, score : -2754.860651517083, Time : 20.477 s
Timestep : 402913, score : -2684.572853033809, Time : 20.356 s
Timestep : 411672, score : -2798.7750190373335, Time : 20.378 s
Timestep : 420431, score : -2749.0364192690467, Time : 20.319 s
Timestep : 429190, score : -2818.493175337586, Time : 23.59 s
Timestep : 437949, score : -2895.011206366733, Time : 22.239 s
Timestep : 446708, score : -2940.7549784341463, Time : 20.724 s
Timestep : 455467, score : -2753.9064798757026, Time : 20.566 s
Timestep : 464226, score : -2811.7385804181977, Time : 20.49 s
Timestep : 472985, score : -2514.815595720691, Time : 20.965 s
Timestep : 481744, score : -3078.9766286905215, Time : 20.487 s
Timestep : 490503, score : -2766.6553805483563, Time : 21.052 s
Timestep : 499262, score : -2735.6269212747284, Time : 20.665 s
Timestep : 508021, score : -2832.208880619408, Time : 20.753 s
Timestep : 516780, score : -2958.541302640777, Time : 20.746 s
Timestep : 525539, score : -2773.9557734155387, Time : 20.307 s
Timestep : 534298, score : -2915.2431710269593, Time : 20.527 s
Timestep : 543057, score : -2615.492892833674, Time : 23.013 s
Timestep : 551816, score : -2761.2387838668947, Time : 22.431 s
Timestep : 560575, score : -2845.00763521067, Time : 21.036 s
Timestep : 569334, score : -2712.025517052418, Time : 20.402 s
Timestep : 578093, score : -3102.392314141296, Time : 20.373 s
Timestep : 586852, score : -2889.2129130702524, Time : 20.372 s
Timestep : 595611, score : -2845.88946568135, Time : 20.278 s
Timestep : 604370, score : -3011.7578064642876, Time : 20.522 s
Timestep : 613129, score : -2593.021315826365, Time : 20.608 s
Timestep : 621888, score : -2583.109198032209, Time : 20.37 s
Timestep : 630647, score : -2989.4126951399085, Time : 20.487 s
Timestep : 639406, score : -3164.7076680165774, Time : 20.493 s
Timestep : 648165, score : -2789.8849062219088, Time : 20.411 s
Timestep : 656924, score : -2823.934548520745, Time : 22.839 s
Timestep : 665683, score : -3182.3825508455484, Time : 22.939 s
Timestep : 674442, score : -3352.3430546083546, Time : 20.425 s
Timestep : 683201, score : -2744.5982417606574, Time : 20.884 s
Timestep : 691960, score : -3142.9072568146803, Time : 20.641 s
Timestep : 700719, score : -3150.871661671932, Time : 20.453 s
Timestep : 709478, score : -3175.9433377021487, Time : 20.512 s
Timestep : 718237, score : -3046.208953662688, Time : 20.607 s
Timestep : 726996, score : -3352.4341369845497, Time : 21.092 s
Timestep : 735755, score : -3250.823304098478, Time : 20.998 s
Timestep : 744514, score : -2970.2481268289557, Time : 20.359 s
Timestep : 753273, score : -3104.4711143644818, Time : 20.384 s
Timestep : 762032, score : -3119.766104221999, Time : 20.374 s
Timestep : 770791, score : -3251.2704051477194, Time : 23.057 s
Timestep : 779550, score : -3296.9753731804376, Time : 22.849 s
Timestep : 788309, score : -3231.725690924359, Time : 20.294 s
Timestep : 797068, score : -3207.1587222939415, Time : 21.135 s
Timestep : 805827, score : -3334.4583401755954, Time : 20.881 s
Timestep : 814586, score : -3540.6776672938868, Time : 20.786 s
Timestep : 823345, score : -3159.929237435368, Time : 21.177 s
Timestep : 832104, score : -3434.659693553709, Time : 20.952 s
Timestep : 840863, score : -3385.4501617928327, Time : 20.707 s
Timestep : 849622, score : -3327.6356376052427, Time : 19.794 s
Timestep : 858381, score : -3113.6183347724145, Time : 19.551 s
Timestep : 867140, score : -3047.2079966748424, Time : 20.963 s
Timestep : 875899, score : -3248.120090704673, Time : 20.957 s
Starting local evaluation
Num Steps: 1000, Num episodes: 0
Num Steps: 2000, Num episodes: 0
Num Steps: 3000, Num episodes: 0
Num Steps: 4000, Num episodes: 0
Num Steps: 5000, Num episodes: 0
Num Steps: 6000, Num episodes: 0
Num Steps: 7000, Num episodes: 0
Num Steps: 8000, Num episodes: 0
Episode complete: 1 | Latest episode metrics: {'price_cost': 0.9409464652942194, 'emmision_cost': 1.04376233782191}
[-0.21800876] -0.21800875719227014
Average Price Cost: 0.9409464652942194
Average Emmision Cost: 1.04376233782191
Average of both costs: 0.9923544015580648
Total time taken by agent: 2.1529267833102494s
DONE!
