{'agent': 'DQN', 'action_selection': 'egreedy', 'seed': 1, 'episodes': 100, 'data_path': 'data/citylearn_challenge_2022_phase_1', 'dry_run': False, 'n_discrete': 9, 'update_target': 32, 'lr': 0.0007, 'batch_size': 2, 'adam_epsilon': 1e-10, 'epsilon_final': 0.02, 'run_id': 330}
{'Notes': 'This is a tuning run, executed on a single building.',
 'action_selection': 'egreedy',
 'adam_epsilon': 1e-10,
 'env': '<NormalizeObservation<OneHotHour<DiscreteSingle<CityLearnEnv '
        'instance>>>>',
 'final_exploration_rate': 0.02,
 'final_exploration_step': 1000,
 'gamma': 0.99,
 'initial_exploration_rate': 1,
 'learning_rate': 0.0007,
 'loss': 'mse',
 'minibatch_size': 2,
 'network': 'MLP(\n'
            '  (layers): Sequential(\n'
            '    (0): Linear(in_features=29, out_features=128, bias=True)\n'
            '    (1): ReLU()\n'
            '    (2): Linear(in_features=128, out_features=128, bias=True)\n'
            '    (3): ReLU()\n'
            '    (4): Linear(in_features=128, out_features=9, bias=True)\n'
            '  )\n'
            ')',
 'replay_buffer_size': 10000,
 'replay_start_size': 2,
 'seed': 1,
 'train_steps': 876000,
 'update_frequency': 1,
 'update_target_frequency': 32,
 'weight_scale': 1.4142135623730951}
Timestep : 8758, score : -6418.597683097658, Time : 20.716 s
Timestep : 17517, score : -6495.651320874487, Time : 20.935 s
Timestep : 26276, score : -5235.713258214091, Time : 21.159 s
Timestep : 35035, score : -5010.356208868237, Time : 21.021 s
Timestep : 43794, score : -4878.300130321091, Time : 20.867 s
Timestep : 52553, score : -4836.946519696532, Time : 20.846 s
Timestep : 61312, score : -4903.189395734487, Time : 20.888 s
Timestep : 70071, score : -5025.824689194866, Time : 21.298 s
Timestep : 78830, score : -4944.658405017952, Time : 21.507 s
Timestep : 87589, score : -4931.080484624908, Time : 21.496 s
Timestep : 96348, score : -4864.9801045622735, Time : 21.19 s
Timestep : 105107, score : -4722.758459836157, Time : 20.815 s
Timestep : 113866, score : -4597.821120487904, Time : 20.768 s
Timestep : 122625, score : -4215.783094634724, Time : 20.917 s
Timestep : 131384, score : -4521.29637211599, Time : 20.982 s
Timestep : 140143, score : -4096.948521626095, Time : 21.254 s
Timestep : 148902, score : -4461.199626531365, Time : 21.016 s
Timestep : 157661, score : -4733.225936085364, Time : 20.84 s
Timestep : 166420, score : -4655.586326888209, Time : 20.943 s
Timestep : 175179, score : -4605.609303085788, Time : 20.917 s
Timestep : 183938, score : -4172.357353771018, Time : 21.152 s
Timestep : 192697, score : -4619.78271614913, Time : 21.621 s
Timestep : 201456, score : -4352.579774639482, Time : 21.623 s
Timestep : 210215, score : -4481.479716248723, Time : 21.418 s
Timestep : 218974, score : -4676.843947421672, Time : 21.642 s
Timestep : 227733, score : -4495.022227022244, Time : 21.656 s
Timestep : 236492, score : -4421.785486068373, Time : 21.655 s
Timestep : 245251, score : -4674.88059616604, Time : 21.652 s
Timestep : 254010, score : -4845.757397432724, Time : 21.974 s
Timestep : 262769, score : -4328.238366514241, Time : 21.947 s
Timestep : 271528, score : -3960.3970156807045, Time : 21.659 s
Timestep : 280287, score : -4227.270173976271, Time : 21.643 s
Timestep : 289046, score : -4244.291791475058, Time : 21.674 s
Timestep : 297805, score : -3932.972443744453, Time : 21.665 s
Timestep : 306564, score : -4123.576541151298, Time : 21.639 s
Timestep : 315323, score : -4293.002892591321, Time : 21.669 s
Timestep : 324082, score : -3996.5146737098257, Time : 21.673 s
Timestep : 332841, score : -4464.306540952675, Time : 21.236 s
Timestep : 341600, score : -3908.64656436714, Time : 21.656 s
Timestep : 350359, score : -4119.606770108367, Time : 21.672 s
Timestep : 359118, score : -4416.47274543278, Time : 21.661 s
Timestep : 367877, score : -3860.036793651554, Time : 22.069 s
Timestep : 376636, score : -4208.880557034543, Time : 21.883 s
Timestep : 385395, score : -4706.897826404573, Time : 21.115 s
Timestep : 394154, score : -4727.216470955362, Time : 20.978 s
Timestep : 402913, score : -4832.978550793865, Time : 21.04 s
Timestep : 411672, score : -4322.622884975353, Time : 21.653 s
Timestep : 420431, score : -4483.035817801676, Time : 21.647 s
Timestep : 429190, score : -4356.068592162599, Time : 21.402 s
Timestep : 437949, score : -4093.8286396945186, Time : 21.18 s
Timestep : 446708, score : -3976.161331302399, Time : 21.532 s
Timestep : 455467, score : -4099.134720965667, Time : 21.576 s
Timestep : 464226, score : -4037.650901279485, Time : 21.145 s
Timestep : 472985, score : -3988.42919376849, Time : 20.95 s
Timestep : 481744, score : -3665.3226015827677, Time : 21.355 s
Timestep : 490503, score : -3543.214367340581, Time : 21.309 s
Timestep : 499262, score : -3685.3199327637703, Time : 20.966 s
Timestep : 508021, score : -3407.869423688113, Time : 20.982 s
Timestep : 516780, score : -3389.6598439322843, Time : 20.922 s
Timestep : 525539, score : -3130.363186700648, Time : 20.966 s
Timestep : 534298, score : -3776.2177411219163, Time : 20.965 s
Timestep : 543057, score : -3895.448108705139, Time : 20.968 s
Timestep : 551816, score : -3892.6108390009467, Time : 20.961 s
Timestep : 560575, score : -4130.214319284511, Time : 21.016 s
Timestep : 569334, score : -4239.574355079632, Time : 20.95 s
Timestep : 578093, score : -4836.928066607943, Time : 21.216 s
Timestep : 586852, score : -4756.212585583708, Time : 21.556 s
Timestep : 595611, score : -4409.703726456006, Time : 21.775 s
Timestep : 604370, score : -4614.322628527327, Time : 21.83 s
Timestep : 613129, score : -3678.1860370646027, Time : 21.297 s
Timestep : 621888, score : -3406.159209593461, Time : 20.899 s
Timestep : 630647, score : -3375.820067741821, Time : 21.016 s
Timestep : 639406, score : -3500.8546168065222, Time : 21.541 s
Timestep : 648165, score : -3057.7100895191106, Time : 21.544 s
Timestep : 656924, score : -3908.4428565439594, Time : 21.547 s
Timestep : 665683, score : -4333.1213764854765, Time : 21.549 s
Timestep : 674442, score : -3539.0753277632466, Time : 21.542 s
Timestep : 683201, score : -3609.988217346283, Time : 21.564 s
Timestep : 691960, score : -4183.6492838977865, Time : 21.546 s
Timestep : 700719, score : -3960.1259085735364, Time : 21.501 s
Timestep : 709478, score : -3885.4854093204776, Time : 21.836 s
Timestep : 718237, score : -3682.688954827405, Time : 21.89 s
Timestep : 726996, score : -3445.0305867552815, Time : 21.553 s
Timestep : 735755, score : -3377.8398594063183, Time : 21.483 s
Timestep : 744514, score : -3118.152999474114, Time : 21.519 s
Timestep : 753273, score : -3266.816965935781, Time : 21.308 s
Timestep : 762032, score : -2878.451216548827, Time : 20.868 s
Timestep : 770791, score : -2996.54199564569, Time : 20.97 s
Timestep : 779550, score : -2789.7896857871965, Time : 20.982 s
Timestep : 788309, score : -3869.4522516309808, Time : 20.976 s
Timestep : 797068, score : -3515.2140390553686, Time : 20.858 s
Timestep : 805827, score : -2923.5912562969897, Time : 21.261 s
Timestep : 814586, score : -3020.4734361060546, Time : 21.544 s
Timestep : 823345, score : -3789.2370433948527, Time : 21.842 s
Timestep : 832104, score : -4139.498744424811, Time : 21.856 s
Timestep : 840863, score : -3555.164841881793, Time : 21.552 s
Timestep : 849622, score : -3819.4567687547824, Time : 21.515 s
Timestep : 858381, score : -3739.4021014994505, Time : 21.365 s
Timestep : 867140, score : -3584.8316910452268, Time : 21.39 s
Timestep : 875899, score : -3307.6162297741103, Time : 21.549 s
Starting local evaluation
Num Steps: 1000, Num episodes: 0
Num Steps: 2000, Num episodes: 0
Num Steps: 3000, Num episodes: 0
Num Steps: 4000, Num episodes: 0
Num Steps: 5000, Num episodes: 0
Num Steps: 6000, Num episodes: 0
Num Steps: 7000, Num episodes: 0
Num Steps: 8000, Num episodes: 0
Episode complete: 1 | Latest episode metrics: {'price_cost': 0.9096417922345281, 'emmision_cost': 1.0152091482248746}
[-0.18111315] -0.18111314862164088
Average Price Cost: 0.9096417922345281
Average Emmision Cost: 1.0152091482248746
Average of both costs: 0.9624254702297014
Total time taken by agent: 2.5552642651309725s
DONE!
