{'agent': 'DQN', 'action_selection': 'egreedy', 'seed': 3, 'episodes': 100, 'data_path': 'data/citylearn_challenge_2022_phase_1', 'dry_run': False, 'n_discrete': 9, 'update_target': 16, 'lr': 7e-05, 'batch_size': 4, 'adam_epsilon': 1e-08, 'epsilon_final': 0.02, 'run_id': 13}
{'Notes': 'This is a tuning run, executed on a single building.',
 'action_selection': 'egreedy',
 'adam_epsilon': 1e-08,
 'env': '<NormalizeObservation<OneHotHour<DiscreteSingle<CityLearnEnv '
        'instance>>>>',
 'final_exploration_rate': 0.02,
 'final_exploration_step': 1000,
 'gamma': 0.99,
 'initial_exploration_rate': 1,
 'learning_rate': 7e-05,
 'loss': 'mse',
 'minibatch_size': 4,
 'network': 'MLP(\n'
            '  (layers): Sequential(\n'
            '    (0): Linear(in_features=29, out_features=128, bias=True)\n'
            '    (1): ReLU()\n'
            '    (2): Linear(in_features=128, out_features=128, bias=True)\n'
            '    (3): ReLU()\n'
            '    (4): Linear(in_features=128, out_features=9, bias=True)\n'
            '  )\n'
            ')',
 'replay_buffer_size': 10000,
 'replay_start_size': 4,
 'seed': 3,
 'train_steps': 876000,
 'update_frequency': 1,
 'update_target_frequency': 16,
 'weight_scale': 1.4142135623730951}
Timestep : 8758, score : -5689.160377057691, Time : 19.847 s
Timestep : 17517, score : -5036.578418695746, Time : 19.332 s
Timestep : 26276, score : -4987.382880263758, Time : 19.392 s
Timestep : 35035, score : -4670.821962813294, Time : 20.193 s
Timestep : 43794, score : -3393.15120197949, Time : 20.136 s
Timestep : 52553, score : -1903.848251550211, Time : 19.917 s
Timestep : 61312, score : -1631.990896535368, Time : 19.975 s
Timestep : 70071, score : -1600.1542261892755, Time : 20.189 s
Timestep : 78830, score : -1465.5038267746859, Time : 20.311 s
Timestep : 87589, score : -1479.4149787621136, Time : 20.38 s
Timestep : 96348, score : -1425.8577899535012, Time : 20.358 s
Timestep : 105107, score : -1381.2870551033702, Time : 20.407 s
Timestep : 113866, score : -1466.021606546623, Time : 20.362 s
Timestep : 122625, score : -1449.8461103078735, Time : 20.382 s
Timestep : 131384, score : -1473.8898797651345, Time : 20.393 s
Timestep : 140143, score : -1818.025033521728, Time : 20.358 s
Timestep : 148902, score : -1593.1807040314015, Time : 20.369 s
Timestep : 157661, score : -1618.729212068749, Time : 20.354 s
Timestep : 166420, score : -1563.3365422396746, Time : 20.436 s
Timestep : 175179, score : -1531.0794324213202, Time : 20.058 s
Timestep : 183938, score : -1484.2704155401152, Time : 19.67 s
Timestep : 192697, score : -1406.579846140492, Time : 19.946 s
Timestep : 201456, score : -1506.2677755369368, Time : 20.311 s
Timestep : 210215, score : -1639.341252895334, Time : 20.3 s
Timestep : 218974, score : -1689.1569459133607, Time : 19.954 s
Timestep : 227733, score : -1730.1246211084363, Time : 19.636 s
Timestep : 236492, score : -1567.113777540886, Time : 19.517 s
Timestep : 245251, score : -1605.1874818386568, Time : 19.675 s
Timestep : 254010, score : -1850.9400566106488, Time : 18.967 s
Timestep : 262769, score : -1628.3375116991374, Time : 18.937 s
Timestep : 271528, score : -1591.0296382971865, Time : 19.108 s
Timestep : 280287, score : -1655.7064432788466, Time : 19.673 s
Timestep : 289046, score : -1565.5330877078522, Time : 20.255 s
Timestep : 297805, score : -1518.5405899943144, Time : 19.906 s
Timestep : 306564, score : -1869.3847729483678, Time : 19.825 s
Timestep : 315323, score : -1995.7366291985672, Time : 19.912 s
Timestep : 324082, score : -1613.7271694100054, Time : 19.636 s
Timestep : 332841, score : -1727.8299549375224, Time : 19.531 s
Timestep : 341600, score : -1721.0079256727186, Time : 19.596 s
Timestep : 350359, score : -1761.9629408022447, Time : 19.529 s
Timestep : 359118, score : -1946.695596215577, Time : 19.942 s
Timestep : 367877, score : -1615.1655001185427, Time : 20.383 s
Timestep : 376636, score : -1728.7842311598652, Time : 20.41 s
Timestep : 385395, score : -1650.4223739218723, Time : 20.082 s
Timestep : 394154, score : -1725.5725198549044, Time : 20.101 s
Timestep : 402913, score : -1904.3395183014509, Time : 19.877 s
Timestep : 411672, score : -2191.072973058821, Time : 19.998 s
Timestep : 420431, score : -1973.7119784837414, Time : 20.023 s
Timestep : 429190, score : -1898.1876098546054, Time : 18.898 s
Timestep : 437949, score : -1914.144591746728, Time : 18.968 s
Timestep : 446708, score : -1833.3483525507909, Time : 19.291 s
Timestep : 455467, score : -2191.893486992951, Time : 19.504 s
Timestep : 464226, score : -1731.1134891810652, Time : 19.446 s
Timestep : 472985, score : -1612.4061201981094, Time : 19.249 s
Timestep : 481744, score : -1955.9148671997973, Time : 18.931 s
Timestep : 490503, score : -2065.706257455313, Time : 18.882 s
Timestep : 499262, score : -2267.6274670093844, Time : 19.067 s
Timestep : 508021, score : -2151.200377612171, Time : 19.204 s
Timestep : 516780, score : -1944.5254924979818, Time : 19.165 s
Timestep : 525539, score : -2034.814456402004, Time : 19.16 s
Timestep : 534298, score : -1926.7687307690794, Time : 19.293 s
Timestep : 543057, score : -2252.8731600384635, Time : 19.95 s
Timestep : 551816, score : -1957.8457781737961, Time : 19.268 s
Timestep : 560575, score : -1741.8410412187513, Time : 19.778 s
Timestep : 569334, score : -1871.5237832793791, Time : 20.277 s
Timestep : 578093, score : -1732.1260719950806, Time : 19.801 s
Timestep : 586852, score : -2149.680077725119, Time : 19.777 s
Timestep : 595611, score : -1795.573416781568, Time : 19.13 s
Timestep : 604370, score : -1979.2949009014555, Time : 19.187 s
Timestep : 613129, score : -1734.1235793605156, Time : 18.962 s
Timestep : 621888, score : -1747.4847733920033, Time : 18.957 s
Timestep : 630647, score : -2182.0069131069176, Time : 19.182 s
Timestep : 639406, score : -1979.4812966587779, Time : 19.173 s
Timestep : 648165, score : -1852.2255298635282, Time : 19.151 s
Timestep : 656924, score : -1700.669757749216, Time : 19.168 s
Timestep : 665683, score : -1693.402153186762, Time : 19.166 s
Timestep : 674442, score : -1732.9468704770843, Time : 19.142 s
Timestep : 683201, score : -1943.3433513226046, Time : 19.101 s
Timestep : 691960, score : -1861.3175407337549, Time : 19.081 s
Timestep : 700719, score : -1882.8472707170586, Time : 19.308 s
Timestep : 709478, score : -2060.008826174264, Time : 20.08 s
Timestep : 718237, score : -2172.617847063724, Time : 20.312 s
Timestep : 726996, score : -1927.5845830508333, Time : 19.848 s
Timestep : 735755, score : -2294.1707795763214, Time : 19.99 s
Timestep : 744514, score : -2459.151925418417, Time : 20.164 s
Timestep : 753273, score : -2627.6552632487874, Time : 19.862 s
Timestep : 762032, score : -1876.0235606080678, Time : 19.703 s
Timestep : 770791, score : -1915.2338477671437, Time : 19.528 s
Timestep : 779550, score : -2061.714938029909, Time : 19.143 s
Timestep : 788309, score : -2050.2276780524116, Time : 18.895 s
Timestep : 797068, score : -2342.9757698048197, Time : 18.879 s
Timestep : 805827, score : -2716.950957170542, Time : 18.881 s
Timestep : 814586, score : -2670.9310283878876, Time : 18.845 s
Timestep : 823345, score : -2104.4439430597995, Time : 18.885 s
Timestep : 832104, score : -1496.2011328103545, Time : 19.402 s
Timestep : 840863, score : -1550.3395998648193, Time : 19.151 s
Timestep : 849622, score : -1554.8793931419787, Time : 19.483 s
Timestep : 858381, score : -2478.51004557524, Time : 19.312 s
Timestep : 867140, score : -2056.640003283421, Time : 19.538 s
Timestep : 875899, score : -1872.738042807352, Time : 19.367 s
Starting local evaluation
Num Steps: 1000, Num episodes: 0
Num Steps: 2000, Num episodes: 0
Num Steps: 3000, Num episodes: 0
Num Steps: 4000, Num episodes: 0
Num Steps: 5000, Num episodes: 0
Num Steps: 6000, Num episodes: 0
Num Steps: 7000, Num episodes: 0
Num Steps: 8000, Num episodes: 0
Episode complete: 1 | Latest episode metrics: {'price_cost': 0.8406682764329314, 'emmision_cost': 0.9547413111218893}
[-0.10126143] -0.10126142889061351
Average Price Cost: 0.8406682764329314
Average Emmision Cost: 0.9547413111218893
Average of both costs: 0.8977047937774103
Total time taken by agent: 2.1425031332764775s
DONE!
