{'agent': 'DQN', 'action_selection': 'egreedy', 'seed': 1, 'episodes': 100, 'data_path': 'data/citylearn_challenge_2022_phase_1', 'dry_run': False, 'n_discrete': 9, 'update_target': 16, 'lr': 0.07, 'batch_size': 16, 'adam_epsilon': 1e-09, 'epsilon_final': 0.01, 'run_id': 226}
{'Notes': 'This is a tuning run, executed on a single building.',
 'action_selection': 'egreedy',
 'adam_epsilon': 1e-09,
 'env': '<NormalizeObservation<OneHotHour<DiscreteSingle<CityLearnEnv '
        'instance>>>>',
 'final_exploration_rate': 0.02,
 'final_exploration_step': 1000,
 'gamma': 0.99,
 'initial_exploration_rate': 1,
 'learning_rate': 0.07,
 'loss': 'mse',
 'minibatch_size': 16,
 'network': 'MLP(\n'
            '  (layers): Sequential(\n'
            '    (0): Linear(in_features=29, out_features=128, bias=True)\n'
            '    (1): ReLU()\n'
            '    (2): Linear(in_features=128, out_features=128, bias=True)\n'
            '    (3): ReLU()\n'
            '    (4): Linear(in_features=128, out_features=9, bias=True)\n'
            '  )\n'
            ')',
 'replay_buffer_size': 10000,
 'replay_start_size': 16,
 'seed': 1,
 'train_steps': 876000,
 'update_frequency': 1,
 'update_target_frequency': 16,
 'weight_scale': 1.4142135623730951}
Timestep : 8758, score : -5507.566562046908, Time : 20.934 s
Timestep : 17517, score : -4455.961789368099, Time : 21.019 s
Timestep : 26276, score : -4543.947107321845, Time : 21.049 s
Timestep : 35035, score : -4473.074332676275, Time : 21.631 s
Timestep : 43794, score : -4480.553297357081, Time : 21.796 s
Timestep : 52553, score : -4542.028450927144, Time : 22.004 s
Timestep : 61312, score : -4503.316818911029, Time : 21.992 s
Timestep : 70071, score : -4381.206948036241, Time : 22.003 s
Timestep : 78830, score : -4779.1965290376975, Time : 21.98 s
Timestep : 87589, score : -4655.048001238523, Time : 21.979 s
Timestep : 96348, score : -4621.29327571523, Time : 21.993 s
Timestep : 105107, score : -4479.853761910374, Time : 21.99 s
Timestep : 113866, score : -4620.378499430983, Time : 21.982 s
Timestep : 122625, score : -4487.111177973828, Time : 21.662 s
Timestep : 131384, score : -4492.627844324248, Time : 21.647 s
Timestep : 140143, score : -4613.809206610924, Time : 21.683 s
Timestep : 148902, score : -4465.194764373271, Time : 21.699 s
Timestep : 157661, score : -4428.5236358078255, Time : 21.677 s
Timestep : 166420, score : -4412.396174938796, Time : 21.648 s
Timestep : 175179, score : -4442.207421475468, Time : 21.371 s
Timestep : 183938, score : -4594.1750266844465, Time : 21.32 s
Timestep : 192697, score : -4522.046058907552, Time : 21.358 s
Timestep : 201456, score : -4398.690227273299, Time : 21.379 s
Timestep : 210215, score : -4518.383338940708, Time : 21.516 s
Timestep : 218974, score : -4454.482164904155, Time : 21.686 s
Timestep : 227733, score : -4465.72559644343, Time : 21.664 s
Timestep : 236492, score : -4470.464558277192, Time : 21.447 s
Timestep : 245251, score : -4406.034131043969, Time : 21.688 s
Timestep : 254010, score : -4563.646046168549, Time : 21.686 s
Timestep : 262769, score : -4555.967233502452, Time : 21.677 s
Timestep : 271528, score : -4415.253547245084, Time : 21.704 s
Timestep : 280287, score : -4404.218788938975, Time : 21.693 s
Timestep : 289046, score : -4557.775218725583, Time : 21.569 s
Timestep : 297805, score : -4449.48700131537, Time : 21.664 s
Timestep : 306564, score : -4549.549338524608, Time : 21.695 s
Timestep : 315323, score : -4542.498492459679, Time : 21.696 s
Timestep : 324082, score : -4560.734805893531, Time : 21.681 s
Timestep : 332841, score : -4677.3273962283565, Time : 21.69 s
Timestep : 341600, score : -4567.4357903380005, Time : 21.691 s
Timestep : 350359, score : -4488.092898128001, Time : 21.687 s
Timestep : 359118, score : -4543.972517290531, Time : 21.68 s
Timestep : 367877, score : -4546.220338794781, Time : 21.7 s
Timestep : 376636, score : -4594.824581696914, Time : 21.691 s
Timestep : 385395, score : -4551.929366500495, Time : 21.638 s
Timestep : 394154, score : -4479.525931978977, Time : 21.112 s
Timestep : 402913, score : -4337.555592646269, Time : 21.429 s
Timestep : 411672, score : -4642.2006017164385, Time : 21.756 s
Timestep : 420431, score : -4565.823186909227, Time : 22.009 s
Timestep : 429190, score : -4567.3746288207185, Time : 21.388 s
Timestep : 437949, score : -4488.928979163131, Time : 21.36 s
Timestep : 446708, score : -4496.575223356558, Time : 21.986 s
Timestep : 455467, score : -4547.170914597256, Time : 22.009 s
Timestep : 464226, score : -4614.1998855405545, Time : 22.016 s
Timestep : 472985, score : -4564.181526224507, Time : 22.019 s
Timestep : 481744, score : -4743.876380195288, Time : 22.007 s
Timestep : 490503, score : -4509.844379340677, Time : 22.021 s
Timestep : 499262, score : -4478.5901765757735, Time : 22.001 s
Timestep : 508021, score : -4597.50868310107, Time : 22.009 s
Timestep : 516780, score : -4553.892262770241, Time : 22.015 s
Timestep : 525539, score : -4519.401100681542, Time : 22.0 s
Timestep : 534298, score : -4549.434598540334, Time : 21.998 s
Timestep : 543057, score : -4484.2576731754525, Time : 21.988 s
Timestep : 551816, score : -4422.488270730624, Time : 21.978 s
Timestep : 560575, score : -4532.5266426777525, Time : 21.652 s
Timestep : 569334, score : -4451.814866813744, Time : 21.59 s
Timestep : 578093, score : -4507.353368469892, Time : 21.655 s
Timestep : 586852, score : -4664.025538633956, Time : 21.652 s
Timestep : 595611, score : -4574.216119139528, Time : 21.624 s
Timestep : 604370, score : -4507.376168693794, Time : 21.738 s
Timestep : 613129, score : -4601.609149129508, Time : 21.965 s
Timestep : 621888, score : -4504.748284397094, Time : 21.963 s
Timestep : 630647, score : -4472.466142532328, Time : 21.983 s
Timestep : 639406, score : -4635.272764099442, Time : 21.954 s
Timestep : 648165, score : -4613.027360104868, Time : 21.71 s
Timestep : 656924, score : -4609.805777892849, Time : 21.684 s
Timestep : 665683, score : -4577.39008610326, Time : 21.65 s
Timestep : 674442, score : -4482.879646642628, Time : 21.908 s
Timestep : 683201, score : -4555.242593281349, Time : 21.763 s
Timestep : 691960, score : -4546.6898895449995, Time : 21.648 s
Timestep : 700719, score : -4480.213381799316, Time : 21.689 s
Timestep : 709478, score : -4421.51206122365, Time : 21.704 s
Timestep : 718237, score : -4496.284141485958, Time : 21.698 s
Timestep : 726996, score : -4519.602561493783, Time : 21.705 s
Timestep : 735755, score : -4681.951950149989, Time : 21.717 s
Timestep : 744514, score : -4507.657973125024, Time : 21.699 s
Timestep : 753273, score : -4602.923203043087, Time : 21.733 s
Timestep : 762032, score : -4453.135538854549, Time : 21.716 s
Timestep : 770791, score : -4565.958651073655, Time : 21.714 s
Timestep : 779550, score : -4452.53169696909, Time : 21.706 s
Timestep : 788309, score : -4445.860109297937, Time : 21.682 s
Timestep : 797068, score : -4530.176786745345, Time : 21.702 s
Timestep : 805827, score : -4513.724430788687, Time : 21.723 s
Timestep : 814586, score : -4529.030668282794, Time : 21.713 s
Timestep : 823345, score : -4472.46159744219, Time : 21.704 s
Timestep : 832104, score : -4539.29009893295, Time : 21.723 s
Timestep : 840863, score : -4610.89893858452, Time : 21.691 s
Timestep : 849622, score : -4465.486922569951, Time : 21.7 s
Timestep : 858381, score : -4605.448717181949, Time : 21.723 s
Timestep : 867140, score : -4549.7384509028925, Time : 21.696 s
Timestep : 875899, score : -4492.979057168035, Time : 21.685 s
Starting local evaluation
Num Steps: 1000, Num episodes: 0
Num Steps: 2000, Num episodes: 0
Num Steps: 3000, Num episodes: 0
Num Steps: 4000, Num episodes: 0
Num Steps: 5000, Num episodes: 0
Num Steps: 6000, Num episodes: 0
Num Steps: 7000, Num episodes: 0
Num Steps: 8000, Num episodes: 0
Episode complete: 1 | Latest episode metrics: {'price_cost': 1.0276163852774904, 'emmision_cost': 1.0324236661948285}
[-0.26687445] -0.2668744451283516
Average Price Cost: 1.0276163852774904
Average Emmision Cost: 1.0324236661948285
Average of both costs: 1.0300200257361594
Total time taken by agent: 2.5007286567997653s
DONE!
