{'agent': 'DQN', 'action_selection': 'egreedy', 'seed': 1, 'episodes': 100, 'data_path': 'data/citylearn_challenge_2022_phase_1', 'dry_run': False, 'n_discrete': 9, 'update_target': 4, 'lr': 0.1, 'batch_size': 256, 'adam_epsilon': 1e-09, 'epsilon_final': 0.08, 'run_id': 221}
{'Notes': 'This is a tuning run, executed on a single building.',
 'action_selection': 'egreedy',
 'adam_epsilon': 1e-09,
 'env': '<NormalizeObservation<OneHotHour<DiscreteSingle<CityLearnEnv '
        'instance>>>>',
 'final_exploration_rate': 0.02,
 'final_exploration_step': 1000,
 'gamma': 0.99,
 'initial_exploration_rate': 1,
 'learning_rate': 0.1,
 'loss': 'mse',
 'minibatch_size': 256,
 'network': 'MLP(\n'
            '  (layers): Sequential(\n'
            '    (0): Linear(in_features=29, out_features=128, bias=True)\n'
            '    (1): ReLU()\n'
            '    (2): Linear(in_features=128, out_features=128, bias=True)\n'
            '    (3): ReLU()\n'
            '    (4): Linear(in_features=128, out_features=9, bias=True)\n'
            '  )\n'
            ')',
 'replay_buffer_size': 10000,
 'replay_start_size': 256,
 'seed': 1,
 'train_steps': 876000,
 'update_frequency': 1,
 'update_target_frequency': 4,
 'weight_scale': 1.4142135623730951}
Timestep : 8758, score : -9845.467462658067, Time : 25.153 s
Timestep : 17517, score : -5612.5212426417565, Time : 26.789 s
Timestep : 26276, score : -11847.640093483336, Time : 27.121 s
Timestep : 35035, score : -14717.298340901005, Time : 26.745 s
Timestep : 43794, score : -12006.618502738958, Time : 26.782 s
Timestep : 52553, score : -14771.465662483664, Time : 26.75 s
Timestep : 61312, score : -14624.630049404223, Time : 26.833 s
Timestep : 70071, score : -12880.734268746106, Time : 26.817 s
Timestep : 78830, score : -16622.458075564777, Time : 26.739 s
Timestep : 87589, score : -13877.195570254582, Time : 26.721 s
Timestep : 96348, score : -15791.609111665937, Time : 26.731 s
Timestep : 105107, score : -15526.340206622379, Time : 26.741 s
Timestep : 113866, score : -14605.566748124198, Time : 26.814 s
Timestep : 122625, score : -16703.089792196115, Time : 26.804 s
Timestep : 131384, score : -15584.04974974932, Time : 26.706 s
Timestep : 140143, score : -15855.107330253231, Time : 26.734 s
Timestep : 148902, score : -16115.311741492857, Time : 26.725 s
Timestep : 157661, score : -14067.62371605591, Time : 26.775 s
Timestep : 166420, score : -16016.109616820351, Time : 26.728 s
Timestep : 175179, score : -16954.440661482666, Time : 26.745 s
Timestep : 183938, score : -15393.852805259521, Time : 26.735 s
Timestep : 192697, score : -15600.983162895733, Time : 26.787 s
Timestep : 201456, score : -16668.028231720993, Time : 26.979 s
Timestep : 210215, score : -15500.155880990584, Time : 27.036 s
Timestep : 218974, score : -14893.41431112821, Time : 26.83 s
Timestep : 227733, score : -16449.163021182423, Time : 26.968 s
Timestep : 236492, score : -15972.729866389185, Time : 26.748 s
Timestep : 245251, score : -15574.89287419236, Time : 26.778 s
Timestep : 254010, score : -16013.080725445485, Time : 26.782 s
Timestep : 262769, score : -18095.693574283578, Time : 26.785 s
Timestep : 271528, score : -14963.476688297844, Time : 26.828 s
Timestep : 280287, score : -16341.4826209374, Time : 26.785 s
Timestep : 289046, score : -17168.811806565267, Time : 26.83 s
Timestep : 297805, score : -15601.231504885669, Time : 26.811 s
Timestep : 306564, score : -15383.549983124132, Time : 26.785 s
Timestep : 315323, score : -17045.796852751126, Time : 26.764 s
Timestep : 324082, score : -16569.194607846966, Time : 27.222 s
Timestep : 332841, score : -16146.580267516154, Time : 26.755 s
Timestep : 341600, score : -15919.241271472085, Time : 26.803 s
Timestep : 350359, score : -18371.91513868462, Time : 26.743 s
Timestep : 359118, score : -15471.066276418278, Time : 26.743 s
Timestep : 367877, score : -16298.993812216155, Time : 26.804 s
Timestep : 376636, score : -15836.529143265405, Time : 26.664 s
Timestep : 385395, score : -17556.069081169466, Time : 26.667 s
Timestep : 394154, score : -15950.33660323146, Time : 26.683 s
Timestep : 402913, score : -16260.332605537958, Time : 26.962 s
Timestep : 411672, score : -16367.32137557045, Time : 26.883 s
Timestep : 420431, score : -16103.93362986765, Time : 26.798 s
Timestep : 429190, score : -15818.703267920195, Time : 26.715 s
Timestep : 437949, score : -16877.697023315355, Time : 27.137 s
Timestep : 446708, score : -16926.280652869435, Time : 26.925 s
Timestep : 455467, score : -16252.556206655281, Time : 26.661 s
Timestep : 464226, score : -16082.870382482666, Time : 26.702 s
Timestep : 472985, score : -14862.758768064392, Time : 26.708 s
Timestep : 481744, score : -16674.368546200756, Time : 26.673 s
Timestep : 490503, score : -16811.22720602581, Time : 26.94 s
Timestep : 499262, score : -15210.941244916714, Time : 26.72 s
Timestep : 508021, score : -17343.175251292094, Time : 26.789 s
Timestep : 516780, score : -16603.693202903094, Time : 26.745 s
Timestep : 525539, score : -18159.794984952776, Time : 27.01 s
Timestep : 534298, score : -16516.124773204327, Time : 26.768 s
Timestep : 543057, score : -16390.237952026655, Time : 26.748 s
Timestep : 551816, score : -17812.89135057079, Time : 26.677 s
Timestep : 560575, score : -15620.253940006674, Time : 26.717 s
Timestep : 569334, score : -16077.171560185103, Time : 26.687 s
Timestep : 578093, score : -16613.360497469606, Time : 26.707 s
Timestep : 586852, score : -16336.404953507474, Time : 26.741 s
Timestep : 595611, score : -17777.84124508228, Time : 27.007 s
Timestep : 604370, score : -16635.612328890784, Time : 26.755 s
Timestep : 613129, score : -16687.52736563154, Time : 26.756 s
Timestep : 621888, score : -16510.097778047362, Time : 26.82 s
Timestep : 630647, score : -16887.480640252994, Time : 26.759 s
Timestep : 639406, score : -17727.11222583575, Time : 26.697 s
Timestep : 648165, score : -17051.466681427206, Time : 26.79 s
Timestep : 656924, score : -15961.373585434514, Time : 26.751 s
Timestep : 665683, score : -16815.80393598847, Time : 26.723 s
Timestep : 674442, score : -15641.125562519956, Time : 26.652 s
Timestep : 683201, score : -17737.475204884584, Time : 26.766 s
Timestep : 691960, score : -16651.243994273595, Time : 26.712 s
Timestep : 700719, score : -16864.460409683772, Time : 26.741 s
Timestep : 709478, score : -16050.151530066578, Time : 26.688 s
Timestep : 718237, score : -16475.815479324898, Time : 26.777 s
Timestep : 726996, score : -16624.7960314472, Time : 26.836 s
Timestep : 735755, score : -17527.682482907665, Time : 26.757 s
Timestep : 744514, score : -16795.01233680868, Time : 26.769 s
Timestep : 753273, score : -16507.86224301836, Time : 26.883 s
Timestep : 762032, score : -16143.025741143807, Time : 26.71 s
Timestep : 770791, score : -16819.500253147096, Time : 26.748 s
Timestep : 779550, score : -17086.825040008946, Time : 26.948 s
Timestep : 788309, score : -17868.95568927571, Time : 26.61 s
Timestep : 797068, score : -15546.715711079421, Time : 27.03 s
Timestep : 805827, score : -17421.905230721764, Time : 26.901 s
Timestep : 814586, score : -16510.891065487594, Time : 26.673 s
Timestep : 823345, score : -17553.557338131446, Time : 26.709 s
Timestep : 832104, score : -15351.23680969153, Time : 26.753 s
Timestep : 840863, score : -17079.36483144255, Time : 26.753 s
Timestep : 849622, score : -15737.469315359616, Time : 26.725 s
Timestep : 858381, score : -16966.18838870296, Time : 26.754 s
Timestep : 867140, score : -16994.478747760368, Time : 26.75 s
Timestep : 875899, score : -16561.2309951379, Time : 26.818 s
Starting local evaluation
Num Steps: 1000, Num episodes: 0
Num Steps: 2000, Num episodes: 0
Num Steps: 3000, Num episodes: 0
Num Steps: 4000, Num episodes: 0
Num Steps: 5000, Num episodes: 0
Num Steps: 6000, Num episodes: 0
Num Steps: 7000, Num episodes: 0
Num Steps: 8000, Num episodes: 0
Episode complete: 1 | Latest episode metrics: {'price_cost': 1.0052099457511983, 'emmision_cost': 1.0064220553425633}
[-0.2371861] -0.23718609840677396
Average Price Cost: 1.0052099457511983
Average Emmision Cost: 1.0064220553425633
Average of both costs: 1.0058160005468808
Total time taken by agent: 2.195928974193521s
DONE!
