{'agent': 'DQN', 'action_selection': 'egreedy', 'seed': 1, 'episodes': 100, 'data_path': 'data/citylearn_challenge_2022_phase_1', 'dry_run': False, 'n_discrete': 9, 'update_target': 4, 'lr': 3e-05, 'batch_size': 1, 'adam_epsilon': 1e-09, 'epsilon_final': 0.04, 'run_id': 317}
{'Notes': 'This is a tuning run, executed on a single building.',
 'action_selection': 'egreedy',
 'adam_epsilon': 1e-09,
 'env': '<NormalizeObservation<OneHotHour<DiscreteSingle<CityLearnEnv '
        'instance>>>>',
 'final_exploration_rate': 0.02,
 'final_exploration_step': 1000,
 'gamma': 0.99,
 'initial_exploration_rate': 1,
 'learning_rate': 3e-05,
 'loss': 'mse',
 'minibatch_size': 1,
 'network': 'MLP(\n'
            '  (layers): Sequential(\n'
            '    (0): Linear(in_features=29, out_features=128, bias=True)\n'
            '    (1): ReLU()\n'
            '    (2): Linear(in_features=128, out_features=128, bias=True)\n'
            '    (3): ReLU()\n'
            '    (4): Linear(in_features=128, out_features=9, bias=True)\n'
            '  )\n'
            ')',
 'replay_buffer_size': 10000,
 'replay_start_size': 1,
 'seed': 1,
 'train_steps': 876000,
 'update_frequency': 1,
 'update_target_frequency': 4,
 'weight_scale': 1.4142135623730951}
Timestep : 8758, score : -6358.236966455501, Time : 20.893 s
Timestep : 17517, score : -5317.588920084207, Time : 21.634 s
Timestep : 26276, score : -5381.82516548541, Time : 21.628 s
Timestep : 35035, score : -4804.792813050823, Time : 21.65 s
Timestep : 43794, score : -5015.09768918241, Time : 21.667 s
Timestep : 52553, score : -5428.148032354569, Time : 21.625 s
Timestep : 61312, score : -4763.959989863826, Time : 21.494 s
Timestep : 70071, score : -4569.674985457474, Time : 20.954 s
Timestep : 78830, score : -5197.012167698616, Time : 21.086 s
Timestep : 87589, score : -4997.390153110755, Time : 20.836 s
Timestep : 96348, score : -4731.105284588324, Time : 21.648 s
Timestep : 105107, score : -4462.668439461297, Time : 21.648 s
Timestep : 113866, score : -4801.646047393864, Time : 21.652 s
Timestep : 122625, score : -4295.715170988304, Time : 21.671 s
Timestep : 131384, score : -4347.542957510595, Time : 21.62 s
Timestep : 140143, score : -4703.6621475698485, Time : 21.205 s
Timestep : 148902, score : -4671.539311102504, Time : 21.17 s
Timestep : 157661, score : -4846.646259343557, Time : 21.432 s
Timestep : 166420, score : -4291.425709607342, Time : 21.652 s
Timestep : 175179, score : -4742.087398043906, Time : 21.626 s
Timestep : 183938, score : -4537.792783729179, Time : 21.611 s
Timestep : 192697, score : -4656.186700236431, Time : 21.647 s
Timestep : 201456, score : -4570.947567532727, Time : 21.613 s
Timestep : 210215, score : -4643.689487106545, Time : 21.63 s
Timestep : 218974, score : -4474.078226953658, Time : 21.628 s
Timestep : 227733, score : -4488.034087816166, Time : 21.615 s
Timestep : 236492, score : -4767.879274090199, Time : 21.64 s
Timestep : 245251, score : -4786.918150042562, Time : 21.658 s
Timestep : 254010, score : -4749.401187209442, Time : 21.666 s
Timestep : 262769, score : -4733.619925276755, Time : 21.652 s
Timestep : 271528, score : -4945.524981365146, Time : 21.666 s
Timestep : 280287, score : -4341.12458495461, Time : 21.658 s
Timestep : 289046, score : -4468.655462477662, Time : 21.506 s
Timestep : 297805, score : -4413.138635914394, Time : 21.677 s
Timestep : 306564, score : -4388.4230326015095, Time : 21.668 s
Timestep : 315323, score : -4319.958009944952, Time : 21.69 s
Timestep : 324082, score : -4192.808137105618, Time : 21.667 s
Timestep : 332841, score : -4175.23645887259, Time : 21.671 s
Timestep : 341600, score : -3915.159685503837, Time : 21.672 s
Timestep : 350359, score : -3637.1378794570046, Time : 21.675 s
Timestep : 359118, score : -3958.497103747126, Time : 21.676 s
Timestep : 367877, score : -3596.369618280354, Time : 21.681 s
Timestep : 376636, score : -3707.548339929228, Time : 21.693 s
Timestep : 385395, score : -3607.817815943883, Time : 21.686 s
Timestep : 394154, score : -3797.088016644848, Time : 21.689 s
Timestep : 402913, score : -3316.3373259883665, Time : 21.676 s
Timestep : 411672, score : -3484.4483871819975, Time : 21.679 s
Timestep : 420431, score : -3380.8080530830484, Time : 21.665 s
Timestep : 429190, score : -3438.1991057087725, Time : 21.668 s
Timestep : 437949, score : -3259.2523317238374, Time : 21.705 s
Timestep : 446708, score : -3634.473234507561, Time : 21.696 s
Timestep : 455467, score : -3390.4625950354675, Time : 21.695 s
Timestep : 464226, score : -3529.350804796355, Time : 21.708 s
Timestep : 472985, score : -3308.8681861769, Time : 21.684 s
Timestep : 481744, score : -3387.0371157862537, Time : 21.689 s
Timestep : 490503, score : -3542.005959632952, Time : 21.704 s
Timestep : 499262, score : -3195.2361194390396, Time : 21.697 s
Timestep : 508021, score : -3531.041825778855, Time : 21.717 s
Timestep : 516780, score : -3569.982490341441, Time : 21.698 s
Timestep : 525539, score : -3174.6370623613766, Time : 21.697 s
Timestep : 534298, score : -3391.9645115953463, Time : 21.709 s
Timestep : 543057, score : -3550.321394589526, Time : 21.692 s
Timestep : 551816, score : -3342.1845131732116, Time : 21.681 s
Timestep : 560575, score : -3709.937361644028, Time : 21.714 s
Timestep : 569334, score : -3309.91973775081, Time : 21.693 s
Timestep : 578093, score : -3626.090597900169, Time : 21.685 s
Timestep : 586852, score : -3115.4284197333327, Time : 21.708 s
Timestep : 595611, score : -3364.131970838207, Time : 21.692 s
Timestep : 604370, score : -3244.4213765369786, Time : 21.692 s
Timestep : 613129, score : -2481.1920256179583, Time : 21.708 s
Timestep : 621888, score : -2807.3905413396715, Time : 21.684 s
Timestep : 630647, score : -3059.2138167013472, Time : 21.699 s
Timestep : 639406, score : -3034.9507562567305, Time : 21.695 s
Timestep : 648165, score : -2678.521881650231, Time : 21.681 s
Timestep : 656924, score : -3015.9659459098766, Time : 21.701 s
Timestep : 665683, score : -2656.4198614317283, Time : 21.698 s
Timestep : 674442, score : -2411.9406142477237, Time : 21.696 s
Timestep : 683201, score : -2580.842184995796, Time : 21.705 s
Timestep : 691960, score : -2906.6416679047106, Time : 21.688 s
Timestep : 700719, score : -2436.826782787248, Time : 21.694 s
Timestep : 709478, score : -2387.8484398017463, Time : 21.711 s
Timestep : 718237, score : -2633.934141895108, Time : 21.694 s
Timestep : 726996, score : -2785.43320296405, Time : 21.3 s
Timestep : 735755, score : -2242.829872947914, Time : 21.129 s
Timestep : 744514, score : -2225.5416961557057, Time : 21.415 s
Timestep : 753273, score : -2253.4603666883922, Time : 21.044 s
Timestep : 762032, score : -2189.9358720220916, Time : 21.251 s
Timestep : 770791, score : -1684.9763167810452, Time : 21.525 s
Timestep : 779550, score : -2481.658410441625, Time : 21.534 s
Timestep : 788309, score : -1656.9066912557464, Time : 21.522 s
Timestep : 797068, score : -2005.4661716453556, Time : 21.523 s
Timestep : 805827, score : -1836.6140044916247, Time : 21.513 s
Timestep : 814586, score : -2092.5175032773113, Time : 21.503 s
Timestep : 823345, score : -2492.638964177255, Time : 21.417 s
Timestep : 832104, score : -2276.551440725365, Time : 21.415 s
Timestep : 840863, score : -2616.5911284312897, Time : 21.227 s
Timestep : 849622, score : -2666.0180688060645, Time : 20.928 s
Timestep : 858381, score : -2401.3299780563975, Time : 20.95 s
Timestep : 867140, score : -2474.789356940688, Time : 21.658 s
Timestep : 875899, score : -2384.270722018351, Time : 21.667 s
Starting local evaluation
Num Steps: 1000, Num episodes: 0
Num Steps: 2000, Num episodes: 0
Num Steps: 3000, Num episodes: 0
Num Steps: 4000, Num episodes: 0
Num Steps: 5000, Num episodes: 0
Num Steps: 6000, Num episodes: 0
Num Steps: 7000, Num episodes: 0
Num Steps: 8000, Num episodes: 0
Episode complete: 1 | Latest episode metrics: {'price_cost': 0.8708169698722821, 'emmision_cost': 0.9407425031266188}
[-0.11233274] -0.11233274044972025
Average Price Cost: 0.8708169698722821
Average Emmision Cost: 0.9407425031266188
Average of both costs: 0.9057797364994504
Total time taken by agent: 2.5270165326073766s
DONE!
