{'agent': 'DQN', 'action_selection': 'egreedy', 'seed': 1, 'episodes': 100, 'data_path': 'data/citylearn_challenge_2022_phase_1', 'dry_run': False, 'n_discrete': 9, 'update_target': 8, 'lr': 0.007, 'batch_size': 8, 'adam_epsilon': 1e-05, 'epsilon_final': 0.01, 'run_id': 327}
{'Notes': 'This is a tuning run, executed on a single building.',
 'action_selection': 'egreedy',
 'adam_epsilon': 1e-05,
 'env': '<NormalizeObservation<OneHotHour<DiscreteSingle<CityLearnEnv '
        'instance>>>>',
 'final_exploration_rate': 0.02,
 'final_exploration_step': 1000,
 'gamma': 0.99,
 'initial_exploration_rate': 1,
 'learning_rate': 0.007,
 'loss': 'mse',
 'minibatch_size': 8,
 'network': 'MLP(\n'
            '  (layers): Sequential(\n'
            '    (0): Linear(in_features=29, out_features=128, bias=True)\n'
            '    (1): ReLU()\n'
            '    (2): Linear(in_features=128, out_features=128, bias=True)\n'
            '    (3): ReLU()\n'
            '    (4): Linear(in_features=128, out_features=9, bias=True)\n'
            '  )\n'
            ')',
 'replay_buffer_size': 10000,
 'replay_start_size': 8,
 'seed': 1,
 'train_steps': 876000,
 'update_frequency': 1,
 'update_target_frequency': 8,
 'weight_scale': 1.4142135623730951}
Timestep : 8758, score : -6417.674052354836, Time : 20.823 s
Timestep : 17517, score : -6563.5495827272825, Time : 20.902 s
Timestep : 26276, score : -5709.446332085019, Time : 21.419 s
Timestep : 35035, score : -6624.896548261007, Time : 21.769 s
Timestep : 43794, score : -6509.980940538997, Time : 21.853 s
Timestep : 52553, score : -8019.524984303309, Time : 21.828 s
Timestep : 61312, score : -7918.495924534422, Time : 21.802 s
Timestep : 70071, score : -7583.612728715365, Time : 21.72 s
Timestep : 78830, score : -7754.1616646006005, Time : 21.185 s
Timestep : 87589, score : -7944.569619409303, Time : 21.616 s
Timestep : 96348, score : -8258.069118433588, Time : 21.637 s
Timestep : 105107, score : -7384.253555178089, Time : 21.609 s
Timestep : 113866, score : -8673.528921872683, Time : 21.624 s
Timestep : 122625, score : -7730.444745804503, Time : 21.641 s
Timestep : 131384, score : -7978.714606300375, Time : 21.622 s
Timestep : 140143, score : -8932.360535971195, Time : 21.627 s
Timestep : 148902, score : -8507.013039329628, Time : 21.697 s
Timestep : 157661, score : -8289.258400554492, Time : 21.63 s
Timestep : 166420, score : -9233.720426737636, Time : 21.575 s
Timestep : 175179, score : -8958.022930340456, Time : 21.622 s
Timestep : 183938, score : -8705.694251571695, Time : 21.616 s
Timestep : 192697, score : -8199.176912645024, Time : 21.613 s
Timestep : 201456, score : -8768.222609861361, Time : 21.617 s
Timestep : 210215, score : -9208.489530632403, Time : 21.482 s
Timestep : 218974, score : -9097.282914642317, Time : 21.635 s
Timestep : 227733, score : -9309.465112986349, Time : 21.634 s
Timestep : 236492, score : -9336.351372941543, Time : 21.639 s
Timestep : 245251, score : -9560.998417802068, Time : 21.671 s
Timestep : 254010, score : -9542.060465223112, Time : 21.692 s
Timestep : 262769, score : -8870.880520429957, Time : 21.645 s
Timestep : 271528, score : -8984.10097081319, Time : 21.168 s
Timestep : 280287, score : -9145.832488230786, Time : 21.254 s
Timestep : 289046, score : -9088.629094867923, Time : 21.583 s
Timestep : 297805, score : -9130.252490559782, Time : 21.614 s
Timestep : 306564, score : -8633.220978734273, Time : 21.599 s
Timestep : 315323, score : -9446.214206663499, Time : 21.611 s
Timestep : 324082, score : -9833.186050669086, Time : 21.61 s
Timestep : 332841, score : -8676.864262294097, Time : 21.596 s
Timestep : 341600, score : -9049.854772354593, Time : 21.726 s
Timestep : 350359, score : -8872.33309702322, Time : 21.785 s
Timestep : 359118, score : -9069.511107367842, Time : 21.548 s
Timestep : 367877, score : -9024.946246581574, Time : 21.845 s
Timestep : 376636, score : -9158.088415995197, Time : 21.677 s
Timestep : 385395, score : -8935.595587722313, Time : 21.069 s
Timestep : 394154, score : -8593.536441569639, Time : 21.611 s
Timestep : 402913, score : -9174.787387614037, Time : 21.675 s
Timestep : 411672, score : -9002.141412407072, Time : 21.674 s
Timestep : 420431, score : -9285.603179413258, Time : 21.713 s
Timestep : 429190, score : -9309.60571677229, Time : 21.684 s
Timestep : 437949, score : -9167.556924485092, Time : 21.423 s
Timestep : 446708, score : -8822.523203560879, Time : 21.017 s
Timestep : 455467, score : -9144.655592211202, Time : 21.438 s
Timestep : 464226, score : -9428.63366576215, Time : 21.665 s
Timestep : 472985, score : -9102.394815252075, Time : 21.66 s
Timestep : 481744, score : -9883.989036973362, Time : 21.471 s
Timestep : 490503, score : -8981.717381800132, Time : 21.347 s
Timestep : 499262, score : -8928.082964278015, Time : 21.566 s
Timestep : 508021, score : -9411.626452985674, Time : 21.686 s
Timestep : 516780, score : -9874.00894230479, Time : 21.671 s
Timestep : 525539, score : -9863.118043054666, Time : 21.641 s
Timestep : 534298, score : -10098.74737357279, Time : 21.59 s
Timestep : 543057, score : -9351.195116663192, Time : 21.694 s
Timestep : 551816, score : -9347.087447324913, Time : 21.643 s
Timestep : 560575, score : -9255.220554324871, Time : 21.644 s
Timestep : 569334, score : -9031.828660166735, Time : 21.694 s
Timestep : 578093, score : -8942.0313549602, Time : 21.662 s
Timestep : 586852, score : -9035.766104534967, Time : 21.694 s
Timestep : 595611, score : -8882.411773210464, Time : 21.506 s
Timestep : 604370, score : -9322.594024741979, Time : 21.013 s
Timestep : 613129, score : -9843.097474072121, Time : 21.012 s
Timestep : 621888, score : -9349.640346536136, Time : 20.969 s
Timestep : 630647, score : -9403.913838034408, Time : 21.39 s
Timestep : 639406, score : -9593.710854638251, Time : 21.654 s
Timestep : 648165, score : -9627.640083198407, Time : 21.091 s
Timestep : 656924, score : -9580.76482726098, Time : 21.006 s
Timestep : 665683, score : -9004.059029356373, Time : 21.689 s
Timestep : 674442, score : -8899.207998028869, Time : 21.643 s
Timestep : 683201, score : -8849.651842418083, Time : 21.612 s
Timestep : 691960, score : -9203.773748907173, Time : 21.666 s
Timestep : 700719, score : -8141.578712402523, Time : 21.021 s
Timestep : 709478, score : -8490.009868184527, Time : 21.005 s
Timestep : 718237, score : -9138.170476081388, Time : 21.125 s
Timestep : 726996, score : -8898.307768351056, Time : 21.003 s
Timestep : 735755, score : -9022.851786491068, Time : 21.443 s
Timestep : 744514, score : -9060.892151794891, Time : 21.622 s
Timestep : 753273, score : -8897.496088042739, Time : 21.687 s
Timestep : 762032, score : -9254.750646733039, Time : 21.646 s
Timestep : 770791, score : -8839.158804011211, Time : 21.66 s
Timestep : 779550, score : -9131.077584199229, Time : 21.647 s
Timestep : 788309, score : -9498.035124051923, Time : 21.664 s
Timestep : 797068, score : -8499.543293261566, Time : 21.602 s
Timestep : 805827, score : -8820.888910537436, Time : 21.646 s
Timestep : 814586, score : -8774.646427406013, Time : 21.625 s
Timestep : 823345, score : -9541.407007739253, Time : 21.611 s
Timestep : 832104, score : -8885.890233260303, Time : 21.376 s
Timestep : 840863, score : -8379.168268030538, Time : 21.625 s
Timestep : 849622, score : -9287.789363766278, Time : 21.599 s
Timestep : 858381, score : -9225.267782312032, Time : 21.651 s
Timestep : 867140, score : -8534.489994695992, Time : 21.387 s
Timestep : 875899, score : -8580.999049524544, Time : 21.422 s
Starting local evaluation
Num Steps: 1000, Num episodes: 0
Num Steps: 2000, Num episodes: 0
Num Steps: 3000, Num episodes: 0
Num Steps: 4000, Num episodes: 0
Num Steps: 5000, Num episodes: 0
Num Steps: 6000, Num episodes: 0
Num Steps: 7000, Num episodes: 0
Num Steps: 8000, Num episodes: 0
Episode complete: 1 | Latest episode metrics: {'price_cost': 1.2733857562616857, 'emmision_cost': 1.3232120083808785}
[-0.59580884] -0.5958088370028436
Average Price Cost: 1.2733857562616857
Average Emmision Cost: 1.3232120083808785
Average of both costs: 1.2982988823212822
Total time taken by agent: 2.506013712612912s
DONE!
