{'agent': 'DQN', 'action_selection': 'softmax', 'seed': 1, 'episodes': 100, 'data_path': 'data/citylearn_challenge_2022_phase_1', 'dry_run': False, 'n_discrete': 9, 'update_target': 4, 'lr': 0.0007, 'batch_size': 256, 'adam_epsilon': 1e-10, 'epsilon_final': 0.02, 'run_id': 45}
{'Notes': 'This is a tuning run, executed on a single building.',
 'action_selection': 'softmax',
 'adam_epsilon': 1e-10,
 'env': '<NormalizeObservation<OneHotHour<DiscreteSingle<CityLearnEnv '
        'instance>>>>',
 'final_exploration_rate': 0.02,
 'final_exploration_step': 1000,
 'gamma': 0.99,
 'initial_exploration_rate': 1,
 'learning_rate': 0.0007,
 'loss': 'mse',
 'minibatch_size': 256,
 'network': 'MLP(\n'
            '  (layers): Sequential(\n'
            '    (0): Linear(in_features=29, out_features=128, bias=True)\n'
            '    (1): ReLU()\n'
            '    (2): Linear(in_features=128, out_features=128, bias=True)\n'
            '    (3): ReLU()\n'
            '    (4): Linear(in_features=128, out_features=9, bias=True)\n'
            '  )\n'
            ')',
 'replay_buffer_size': 10000,
 'replay_start_size': 256,
 'seed': 1,
 'train_steps': 876000,
 'update_frequency': 1,
 'update_target_frequency': 4,
 'weight_scale': 1.4142135623730951}
Timestep : 8758, score : -5605.181371649989, Time : 29.765 s
Timestep : 17517, score : -4542.199384419975, Time : 30.919 s
Timestep : 26276, score : -4374.028706725949, Time : 30.827 s
Timestep : 35035, score : -3969.3057858039538, Time : 31.04 s
Timestep : 43794, score : -3728.4433871221554, Time : 30.908 s
Timestep : 52553, score : -3878.646990234178, Time : 30.946 s
Timestep : 61312, score : -3646.978174887976, Time : 30.879 s
Timestep : 70071, score : -3386.686760484343, Time : 30.998 s
Timestep : 78830, score : -3028.191929914203, Time : 30.978 s
Timestep : 87589, score : -3202.2516627975565, Time : 31.061 s
Timestep : 96348, score : -2949.210204060684, Time : 30.458 s
Timestep : 105107, score : -2894.7040739251825, Time : 30.934 s
Timestep : 113866, score : -2503.109468670038, Time : 30.937 s
Timestep : 122625, score : -2568.3086059890047, Time : 30.94 s
Timestep : 131384, score : -2453.4870110050833, Time : 30.935 s
Timestep : 140143, score : -2321.2963994073507, Time : 30.9 s
Timestep : 148902, score : -1949.380858379911, Time : 30.931 s
Timestep : 157661, score : -1871.89612309316, Time : 30.934 s
Timestep : 166420, score : -2094.6954278291378, Time : 31.928 s
Timestep : 175179, score : -1920.218935900295, Time : 32.316 s
Timestep : 183938, score : -2164.9724269380968, Time : 30.72 s
Timestep : 192697, score : -1988.6989796293929, Time : 30.677 s
Timestep : 201456, score : -1562.0085747118865, Time : 30.873 s
Timestep : 210215, score : -1642.859155065802, Time : 30.853 s
Timestep : 218974, score : -1646.6799760149588, Time : 30.898 s
Timestep : 227733, score : -1754.7784509248158, Time : 30.915 s
Timestep : 236492, score : -1678.094311126304, Time : 30.9 s
Timestep : 245251, score : -1786.5174635120493, Time : 30.896 s
Timestep : 254010, score : -1789.4403044096252, Time : 31.08 s
Timestep : 262769, score : -1499.4440653997299, Time : 31.001 s
Timestep : 271528, score : -1586.360871236102, Time : 30.953 s
Timestep : 280287, score : -1423.646483411343, Time : 30.895 s
Timestep : 289046, score : -1584.715419101296, Time : 30.743 s
Timestep : 297805, score : -1545.0047571409668, Time : 30.871 s
Timestep : 306564, score : -1475.8704794657242, Time : 31.291 s
Timestep : 315323, score : -1588.1340540960955, Time : 30.869 s
Timestep : 324082, score : -1757.2531574156892, Time : 30.885 s
Timestep : 332841, score : -1718.8330974101846, Time : 32.675 s
Timestep : 341600, score : -1518.1638596814882, Time : 34.514 s
Timestep : 350359, score : -1578.85135272544, Time : 34.388 s
Timestep : 359118, score : -1437.8129527161655, Time : 31.735 s
Timestep : 367877, score : -1559.5068248946045, Time : 30.551 s
Timestep : 376636, score : -1576.300273115543, Time : 30.852 s
Timestep : 385395, score : -1704.4877261147194, Time : 30.564 s
Timestep : 394154, score : -1660.7669920029875, Time : 30.345 s
Timestep : 402913, score : -1475.5053077215853, Time : 30.941 s
Timestep : 411672, score : -1568.0132663036056, Time : 30.812 s
Timestep : 420431, score : -1294.1566422839242, Time : 33.427 s
Timestep : 429190, score : -1374.6095984230342, Time : 30.94 s
Timestep : 437949, score : -1362.1458700686053, Time : 30.891 s
Timestep : 446708, score : -1446.0322132625442, Time : 30.744 s
Timestep : 455467, score : -1304.377702596059, Time : 31.0 s
Timestep : 464226, score : -1375.1626417315856, Time : 30.893 s
Timestep : 472985, score : -1400.970105499291, Time : 30.953 s
Timestep : 481744, score : -1440.5599904988485, Time : 30.932 s
Timestep : 490503, score : -1536.7106351356779, Time : 32.512 s
Timestep : 499262, score : -1447.4095410186856, Time : 33.452 s
Timestep : 508021, score : -1467.91877497526, Time : 35.082 s
Timestep : 516780, score : -1450.1765436746937, Time : 32.355 s
Timestep : 525539, score : -1427.2994678437535, Time : 30.884 s
Timestep : 534298, score : -1215.5922431981016, Time : 34.086 s
Timestep : 543057, score : -1238.5842670298007, Time : 33.713 s
Timestep : 551816, score : -1272.1771461798635, Time : 30.817 s
Timestep : 560575, score : -1310.2085222106252, Time : 30.58 s
Timestep : 569334, score : -1326.7822183065873, Time : 30.85 s
Timestep : 578093, score : -1262.3444106586103, Time : 30.867 s
Timestep : 586852, score : -1248.3713069202204, Time : 32.05 s
Timestep : 595611, score : -1346.4032023723994, Time : 33.167 s
Timestep : 604370, score : -1380.962207646371, Time : 30.93 s
Timestep : 613129, score : -1390.1075155956496, Time : 30.889 s
Timestep : 621888, score : -1373.104986418999, Time : 30.878 s
Timestep : 630647, score : -1167.5982617971313, Time : 30.809 s
Timestep : 639406, score : -1141.7007509556424, Time : 30.88 s
Timestep : 648165, score : -1336.8717569992004, Time : 33.313 s
Timestep : 656924, score : -1186.2710532357742, Time : 30.551 s
Timestep : 665683, score : -1253.9130433884275, Time : 30.938 s
Timestep : 674442, score : -1435.726982106251, Time : 30.976 s
Timestep : 683201, score : -1126.425835232163, Time : 30.876 s
Timestep : 691960, score : -1276.19110153176, Time : 30.865 s
Timestep : 700719, score : -1404.6973757216765, Time : 30.836 s
Timestep : 709478, score : -1238.5371042776678, Time : 30.898 s
Timestep : 718237, score : -1270.143417597079, Time : 30.862 s
Timestep : 726996, score : -1327.34289373309, Time : 30.892 s
Timestep : 735755, score : -1155.0119912440714, Time : 30.835 s
Timestep : 744514, score : -1235.8719993860286, Time : 33.222 s
Timestep : 753273, score : -1174.466304747184, Time : 32.823 s
Timestep : 762032, score : -1248.2587383825157, Time : 30.346 s
Timestep : 770791, score : -1282.540857546759, Time : 30.859 s
Timestep : 779550, score : -1301.6777939719905, Time : 31.28 s
Timestep : 788309, score : -1415.7480914148327, Time : 31.837 s
Timestep : 797068, score : -1337.029527485749, Time : 30.153 s
Timestep : 805827, score : -1164.188290146907, Time : 30.777 s
Timestep : 814586, score : -1063.1152299144596, Time : 30.794 s
Timestep : 823345, score : -1258.106885954534, Time : 30.574 s
Timestep : 832104, score : -1317.6961055982683, Time : 31.043 s
Timestep : 840863, score : -1238.4726374706079, Time : 35.466 s
Timestep : 849622, score : -1218.2650601167988, Time : 34.5 s
Timestep : 858381, score : -1219.2575241004815, Time : 32.172 s
Timestep : 867140, score : -1062.2794293694897, Time : 30.701 s
Timestep : 875899, score : -1049.8414330876549, Time : 29.93 s
Starting local evaluation
Num Steps: 1000, Num episodes: 0
Num Steps: 2000, Num episodes: 0
Num Steps: 3000, Num episodes: 0
Num Steps: 4000, Num episodes: 0
Num Steps: 5000, Num episodes: 0
Num Steps: 6000, Num episodes: 0
Num Steps: 7000, Num episodes: 0
Num Steps: 8000, Num episodes: 0
Episode complete: 1 | Latest episode metrics: {'price_cost': 0.8401155004591837, 'emmision_cost': 0.9340044238398401}
[-0.08868323] -0.08868323418706232
Average Price Cost: 0.8401155004591837
Average Emmision Cost: 0.9340044238398401
Average of both costs: 0.8870599621495119
Total time taken by agent: 4.140016448916867s
DONE!
