{'agent': 'DQN', 'action_selection': 'softmax', 'seed': 1, 'episodes': 100, 'data_path': 'data/citylearn_challenge_2022_phase_1', 'dry_run': False, 'n_discrete': 9, 'update_target': 4, 'lr': 0.1, 'batch_size': 256, 'adam_epsilon': 0.001, 'epsilon_final': 0.02, 'run_id': 60}
{'Notes': 'This is a tuning run, executed on a single building.',
 'action_selection': 'softmax',
 'adam_epsilon': 0.001,
 'env': '<NormalizeObservation<OneHotHour<DiscreteSingle<CityLearnEnv '
        'instance>>>>',
 'final_exploration_rate': 0.02,
 'final_exploration_step': 1000,
 'gamma': 0.99,
 'initial_exploration_rate': 1,
 'learning_rate': 0.1,
 'loss': 'mse',
 'minibatch_size': 256,
 'network': 'MLP(\n'
            '  (layers): Sequential(\n'
            '    (0): Linear(in_features=29, out_features=128, bias=True)\n'
            '    (1): ReLU()\n'
            '    (2): Linear(in_features=128, out_features=128, bias=True)\n'
            '    (3): ReLU()\n'
            '    (4): Linear(in_features=128, out_features=9, bias=True)\n'
            '  )\n'
            ')',
 'replay_buffer_size': 10000,
 'replay_start_size': 256,
 'seed': 1,
 'train_steps': 876000,
 'update_frequency': 1,
 'update_target_frequency': 4,
 'weight_scale': 1.4142135623730951}
Timestep : 8758, score : -6382.098933133908, Time : 28.457 s
Timestep : 17517, score : -5107.232330437662, Time : 31.215 s
Timestep : 26276, score : -10267.042332939105, Time : 30.885 s
Timestep : 35035, score : -14182.796176079137, Time : 31.573 s
Timestep : 43794, score : -11409.681381155387, Time : 31.402 s
Timestep : 52553, score : -14327.011014781805, Time : 31.005 s
Timestep : 61312, score : -13620.012857169917, Time : 29.81 s
Timestep : 70071, score : -14491.586340552662, Time : 31.129 s
Timestep : 78830, score : -16330.401711410828, Time : 31.171 s
Timestep : 87589, score : -13052.048651085657, Time : 31.408 s
Timestep : 96348, score : -15771.246227756215, Time : 31.867 s
Timestep : 105107, score : -14530.076224412842, Time : 31.887 s
Timestep : 113866, score : -14266.1263467081, Time : 31.903 s
Timestep : 122625, score : -16192.488889626562, Time : 30.746 s
Timestep : 131384, score : -15504.975665403486, Time : 31.898 s
Timestep : 140143, score : -16476.824201854368, Time : 31.891 s
Timestep : 148902, score : -14365.033169321832, Time : 31.902 s
Timestep : 157661, score : -15948.773298841625, Time : 31.795 s
Timestep : 166420, score : -17299.98702360115, Time : 31.889 s
Timestep : 175179, score : -14414.843253656785, Time : 31.923 s
Timestep : 183938, score : -15067.735366876004, Time : 31.95 s
Timestep : 192697, score : -17422.068666241365, Time : 31.811 s
Timestep : 201456, score : -14633.279333443803, Time : 30.948 s
Timestep : 210215, score : -15771.830831503263, Time : 31.895 s
Timestep : 218974, score : -17706.46185045768, Time : 31.829 s
Timestep : 227733, score : -15970.209470681846, Time : 30.978 s
Timestep : 236492, score : -15254.551970647954, Time : 31.807 s
Timestep : 245251, score : -17447.52148125891, Time : 31.749 s
Timestep : 254010, score : -15659.154072003395, Time : 31.841 s
Timestep : 262769, score : -14647.882200713342, Time : 31.785 s
Timestep : 271528, score : -17696.728681676323, Time : 31.842 s
Timestep : 280287, score : -15549.238098073052, Time : 31.698 s
Timestep : 289046, score : -16144.984717388768, Time : 31.353 s
Timestep : 297805, score : -17170.201522528863, Time : 29.845 s
Timestep : 306564, score : -15940.959782661434, Time : 30.855 s
Timestep : 315323, score : -15812.657408574945, Time : 31.69 s
Timestep : 324082, score : -17005.39785753668, Time : 31.409 s
Timestep : 332841, score : -15719.207013461695, Time : 31.229 s
Timestep : 341600, score : -16701.069797626536, Time : 31.814 s
Timestep : 350359, score : -17051.268568088257, Time : 31.76 s
Timestep : 359118, score : -15018.45516607443, Time : 31.58 s
Timestep : 367877, score : -16485.69676646765, Time : 31.531 s
Timestep : 376636, score : -15757.401590748806, Time : 30.283 s
Timestep : 385395, score : -17379.290250086997, Time : 31.251 s
Timestep : 394154, score : -16466.273373233387, Time : 31.824 s
Timestep : 402913, score : -15834.807736723276, Time : 31.894 s
Timestep : 411672, score : -16724.555607500195, Time : 31.864 s
Timestep : 420431, score : -17501.058294898103, Time : 31.853 s
Timestep : 429190, score : -16559.060475824008, Time : 31.982 s
Timestep : 437949, score : -16591.303115809336, Time : 31.875 s
Timestep : 446708, score : -16275.127711974972, Time : 31.721 s
Timestep : 455467, score : -16549.040516799665, Time : 31.838 s
Timestep : 464226, score : -15773.228592907835, Time : 31.959 s
Timestep : 472985, score : -15970.628837120137, Time : 31.804 s
Timestep : 481744, score : -17155.999137290928, Time : 31.889 s
Timestep : 490503, score : -15471.698750427808, Time : 31.927 s
Timestep : 499262, score : -17375.73373900047, Time : 31.995 s
Timestep : 508021, score : -16970.09937806423, Time : 31.908 s
Timestep : 516780, score : -16595.25075393729, Time : 31.868 s
Timestep : 525539, score : -16118.622022160707, Time : 31.971 s
Timestep : 534298, score : -15629.147999933572, Time : 31.908 s
Timestep : 543057, score : -15864.3175732284, Time : 31.674 s
Timestep : 551816, score : -16793.601376036673, Time : 31.996 s
Timestep : 560575, score : -15625.097235863734, Time : 31.07 s
Timestep : 569334, score : -16562.336123670917, Time : 31.825 s
Timestep : 578093, score : -16294.57735048495, Time : 31.704 s
Timestep : 586852, score : -16782.783400220855, Time : 31.612 s
Timestep : 595611, score : -16289.2094816959, Time : 31.856 s
Timestep : 604370, score : -16044.405977670875, Time : 31.601 s
Timestep : 613129, score : -15778.248266875424, Time : 31.844 s
Timestep : 621888, score : -16997.39195511269, Time : 31.938 s
Timestep : 630647, score : -14743.922337815166, Time : 31.92 s
Timestep : 639406, score : -16022.031228621341, Time : 31.943 s
Timestep : 648165, score : -17138.368835779605, Time : 31.999 s
Timestep : 656924, score : -17059.50473468956, Time : 31.79 s
Timestep : 665683, score : -16113.808222050342, Time : 32.009 s
Timestep : 674442, score : -16747.602918974546, Time : 31.941 s
Timestep : 683201, score : -16526.365566513414, Time : 31.896 s
Timestep : 691960, score : -17597.42864943575, Time : 31.921 s
Timestep : 700719, score : -16497.441166652396, Time : 31.595 s
Timestep : 709478, score : -16160.055809259764, Time : 31.995 s
Timestep : 718237, score : -15695.715360282527, Time : 31.952 s
Timestep : 726996, score : -17677.948892826636, Time : 31.885 s
Timestep : 735755, score : -16500.362096357305, Time : 31.919 s
Timestep : 744514, score : -16280.839399634511, Time : 32.331 s
Timestep : 753273, score : -16052.528124841847, Time : 32.076 s
Timestep : 762032, score : -15621.524230796495, Time : 31.655 s
Timestep : 770791, score : -17128.816209949044, Time : 31.37 s
Timestep : 779550, score : -16404.37353996013, Time : 31.471 s
Timestep : 788309, score : -15495.70673022671, Time : 31.483 s
Timestep : 797068, score : -15874.312193899721, Time : 32.585 s
Timestep : 805827, score : -15998.914140888664, Time : 32.607 s
Timestep : 814586, score : -17579.733949259113, Time : 33.592 s
Timestep : 823345, score : -16984.649838638798, Time : 31.54 s
Timestep : 832104, score : -15848.5919965934, Time : 32.873 s
Timestep : 840863, score : -16974.082923625392, Time : 32.72 s
Timestep : 849622, score : -14760.082536389076, Time : 32.137 s
Timestep : 858381, score : -17307.036401602672, Time : 32.372 s
Timestep : 867140, score : -15820.231255549195, Time : 31.622 s
Timestep : 875899, score : -15905.730283263489, Time : 32.382 s
Starting local evaluation
Num Steps: 1000, Num episodes: 0
Num Steps: 2000, Num episodes: 0
Num Steps: 3000, Num episodes: 0
Num Steps: 4000, Num episodes: 0
Num Steps: 5000, Num episodes: 0
Num Steps: 6000, Num episodes: 0
Num Steps: 7000, Num episodes: 0
Num Steps: 8000, Num episodes: 0
Episode complete: 1 | Latest episode metrics: {'price_cost': 1.0, 'emmision_cost': 1.0}
[-0.23006123] -0.23006122589809516
Average Price Cost: 1.0
Average Emmision Cost: 1.0
Average of both costs: 1.0
Total time taken by agent: 3.549499548273161s
DONE!
