{'agent': 'DQN', 'action_selection': 'egreedy', 'seed': 1, 'episodes': 100, 'data_path': 'data/citylearn_challenge_2022_phase_1', 'dry_run': False, 'n_discrete': 9, 'update_target': 32, 'lr': 0.007, 'batch_size': 8, 'adam_epsilon': 1e-09, 'epsilon_final': 0.1, 'run_id': 249}
{'Notes': 'This is a tuning run, executed on a single building.',
 'action_selection': 'egreedy',
 'adam_epsilon': 1e-09,
 'env': '<NormalizeObservation<OneHotHour<DiscreteSingle<CityLearnEnv '
        'instance>>>>',
 'final_exploration_rate': 0.02,
 'final_exploration_step': 1000,
 'gamma': 0.99,
 'initial_exploration_rate': 1,
 'learning_rate': 0.007,
 'loss': 'mse',
 'minibatch_size': 8,
 'network': 'MLP(\n'
            '  (layers): Sequential(\n'
            '    (0): Linear(in_features=29, out_features=128, bias=True)\n'
            '    (1): ReLU()\n'
            '    (2): Linear(in_features=128, out_features=128, bias=True)\n'
            '    (3): ReLU()\n'
            '    (4): Linear(in_features=128, out_features=9, bias=True)\n'
            '  )\n'
            ')',
 'replay_buffer_size': 10000,
 'replay_start_size': 8,
 'seed': 1,
 'train_steps': 876000,
 'update_frequency': 1,
 'update_target_frequency': 32,
 'weight_scale': 1.4142135623730951}
Timestep : 8758, score : -7745.53993514234, Time : 20.898 s
Timestep : 17517, score : -6921.223257549413, Time : 20.959 s
Timestep : 26276, score : -7363.103427190639, Time : 21.219 s
Timestep : 35035, score : -7690.276148805075, Time : 20.972 s
Timestep : 43794, score : -7714.123693117152, Time : 20.984 s
Timestep : 52553, score : -7797.771812495106, Time : 21.532 s
Timestep : 61312, score : -7717.176960757381, Time : 21.541 s
Timestep : 70071, score : -8525.517307093716, Time : 21.169 s
Timestep : 78830, score : -8410.380698322857, Time : 21.171 s
Timestep : 87589, score : -8362.40765329558, Time : 21.286 s
Timestep : 96348, score : -8716.057914438996, Time : 21.671 s
Timestep : 105107, score : -7884.281819390802, Time : 21.675 s
Timestep : 113866, score : -8172.6062853852345, Time : 21.68 s
Timestep : 122625, score : -7723.81106684517, Time : 21.491 s
Timestep : 131384, score : -7988.918867941902, Time : 21.036 s
Timestep : 140143, score : -7961.747588757033, Time : 21.614 s
Timestep : 148902, score : -8380.13353456954, Time : 21.688 s
Timestep : 157661, score : -8615.584866477555, Time : 21.611 s
Timestep : 166420, score : -8612.731606873218, Time : 21.427 s
Timestep : 175179, score : -9192.593013151927, Time : 21.668 s
Timestep : 183938, score : -8551.509582900559, Time : 21.153 s
Timestep : 192697, score : -8240.245761222002, Time : 21.02 s
Timestep : 201456, score : -8268.81193137409, Time : 21.019 s
Timestep : 210215, score : -8289.884913061105, Time : 21.026 s
Timestep : 218974, score : -8055.7633561820985, Time : 20.999 s
Timestep : 227733, score : -7515.916742167425, Time : 21.029 s
Timestep : 236492, score : -7951.459382324541, Time : 21.035 s
Timestep : 245251, score : -8458.356497051034, Time : 21.041 s
Timestep : 254010, score : -8678.980377308631, Time : 21.1 s
Timestep : 262769, score : -8295.326242200666, Time : 21.048 s
Timestep : 271528, score : -8431.72013057283, Time : 21.036 s
Timestep : 280287, score : -8791.086434523022, Time : 21.024 s
Timestep : 289046, score : -8388.697472444765, Time : 21.475 s
Timestep : 297805, score : -8381.71289985157, Time : 21.695 s
Timestep : 306564, score : -8293.382542967476, Time : 21.689 s
Timestep : 315323, score : -8593.96515371099, Time : 21.696 s
Timestep : 324082, score : -8370.110443995174, Time : 21.693 s
Timestep : 332841, score : -8156.820032320087, Time : 21.683 s
Timestep : 341600, score : -8245.094655421868, Time : 21.683 s
Timestep : 350359, score : -8450.701921784392, Time : 21.701 s
Timestep : 359118, score : -8547.876726431918, Time : 21.679 s
Timestep : 367877, score : -8130.646982754464, Time : 21.646 s
Timestep : 376636, score : -7966.765723829463, Time : 21.485 s
Timestep : 385395, score : -8406.234723018511, Time : 21.034 s
Timestep : 394154, score : -8364.09547218609, Time : 21.023 s
Timestep : 402913, score : -8465.827256925011, Time : 21.048 s
Timestep : 411672, score : -8093.892802830276, Time : 21.387 s
Timestep : 420431, score : -8628.839924402888, Time : 21.538 s
Timestep : 429190, score : -8473.936569650803, Time : 21.681 s
Timestep : 437949, score : -8323.879370615847, Time : 21.681 s
Timestep : 446708, score : -8123.512972044002, Time : 21.694 s
Timestep : 455467, score : -8290.701517739639, Time : 21.698 s
Timestep : 464226, score : -8455.576049991301, Time : 21.675 s
Timestep : 472985, score : -8849.107782210063, Time : 21.689 s
Timestep : 481744, score : -7952.235011037337, Time : 21.028 s
Timestep : 490503, score : -8063.977245923106, Time : 21.025 s
Timestep : 499262, score : -8322.429544394327, Time : 21.038 s
Timestep : 508021, score : -7642.401190859804, Time : 21.1 s
Timestep : 516780, score : -8034.754354745804, Time : 21.304 s
Timestep : 525539, score : -8507.60943501527, Time : 21.892 s
Timestep : 534298, score : -8237.162797960482, Time : 21.863 s
Timestep : 543057, score : -8112.8072857536245, Time : 21.87 s
Timestep : 551816, score : -8206.545444040079, Time : 21.84 s
Timestep : 560575, score : -8416.687615259041, Time : 21.856 s
Timestep : 569334, score : -7994.707280423056, Time : 21.862 s
Timestep : 578093, score : -8528.447271460507, Time : 21.561 s
Timestep : 586852, score : -7956.647696285698, Time : 21.79 s
Timestep : 595611, score : -8483.706769853045, Time : 21.152 s
Timestep : 604370, score : -7965.864792541048, Time : 21.114 s
Timestep : 613129, score : -8003.485499433082, Time : 21.754 s
Timestep : 621888, score : -7973.869694497393, Time : 21.78 s
Timestep : 630647, score : -7796.973480571643, Time : 21.792 s
Timestep : 639406, score : -8216.045622066216, Time : 21.809 s
Timestep : 648165, score : -7656.922020357226, Time : 21.834 s
Timestep : 656924, score : -8099.65609694006, Time : 21.801 s
Timestep : 665683, score : -8282.184847675257, Time : 21.831 s
Timestep : 674442, score : -7643.4739591980615, Time : 21.487 s
Timestep : 683201, score : -7317.53758549437, Time : 21.435 s
Timestep : 691960, score : -7584.668876561249, Time : 21.647 s
Timestep : 700719, score : -7680.113383293647, Time : 21.284 s
Timestep : 709478, score : -7850.5857830677705, Time : 21.537 s
Timestep : 718237, score : -7734.674210945581, Time : 21.795 s
Timestep : 726996, score : -7830.442771930015, Time : 21.807 s
Timestep : 735755, score : -7727.831212453457, Time : 21.573 s
Timestep : 744514, score : -8075.551428351027, Time : 21.806 s
Timestep : 753273, score : -7575.574286670773, Time : 21.819 s
Timestep : 762032, score : -7606.360366630659, Time : 21.801 s
Timestep : 770791, score : -7484.856965479004, Time : 21.573 s
Timestep : 779550, score : -7254.833116871101, Time : 20.982 s
Timestep : 788309, score : -7539.4837725627, Time : 20.992 s
Timestep : 797068, score : -7693.245298355469, Time : 21.329 s
Timestep : 805827, score : -7416.534792406281, Time : 21.649 s
Timestep : 814586, score : -7436.612956813915, Time : 21.642 s
Timestep : 823345, score : -7387.482625096454, Time : 21.634 s
Timestep : 832104, score : -7211.079801991495, Time : 21.64 s
Timestep : 840863, score : -7007.74482604822, Time : 21.656 s
Timestep : 849622, score : -6987.5603238933545, Time : 21.626 s
Timestep : 858381, score : -7023.990935927213, Time : 21.631 s
Timestep : 867140, score : -7319.00984589984, Time : 21.65 s
Timestep : 875899, score : -6943.420996814879, Time : 21.637 s
Starting local evaluation
Num Steps: 1000, Num episodes: 0
Num Steps: 2000, Num episodes: 0
Num Steps: 3000, Num episodes: 0
Num Steps: 4000, Num episodes: 0
Num Steps: 5000, Num episodes: 0
Num Steps: 6000, Num episodes: 0
Num Steps: 7000, Num episodes: 0
Num Steps: 8000, Num episodes: 0
Episode complete: 1 | Latest episode metrics: {'price_cost': 1.0051352121959851, 'emmision_cost': 1.0062393637030616}
[-0.23703051] -0.23703050686158353
Average Price Cost: 1.0051352121959851
Average Emmision Cost: 1.0062393637030616
Average of both costs: 1.0056872879495233
Total time taken by agent: 2.5304558121133596s
DONE!
