{'agent': 'DQN', 'action_selection': 'egreedy', 'seed': 1, 'episodes': 100, 'data_path': 'data/citylearn_challenge_2022_phase_1', 'dry_run': False, 'n_discrete': 9, 'update_target': 32, 'lr': 0.01, 'batch_size': 1, 'adam_epsilon': 1e-07, 'epsilon_final': 0.02, 'run_id': 285}
{'Notes': 'This is a tuning run, executed on a single building.',
 'action_selection': 'egreedy',
 'adam_epsilon': 1e-07,
 'env': '<NormalizeObservation<OneHotHour<DiscreteSingle<CityLearnEnv '
        'instance>>>>',
 'final_exploration_rate': 0.02,
 'final_exploration_step': 1000,
 'gamma': 0.99,
 'initial_exploration_rate': 1,
 'learning_rate': 0.01,
 'loss': 'mse',
 'minibatch_size': 1,
 'network': 'MLP(\n'
            '  (layers): Sequential(\n'
            '    (0): Linear(in_features=29, out_features=128, bias=True)\n'
            '    (1): ReLU()\n'
            '    (2): Linear(in_features=128, out_features=128, bias=True)\n'
            '    (3): ReLU()\n'
            '    (4): Linear(in_features=128, out_features=9, bias=True)\n'
            '  )\n'
            ')',
 'replay_buffer_size': 10000,
 'replay_start_size': 1,
 'seed': 1,
 'train_steps': 876000,
 'update_frequency': 1,
 'update_target_frequency': 32,
 'weight_scale': 1.4142135623730951}
Timestep : 8758, score : -6754.135434514057, Time : 21.18 s
Timestep : 17517, score : -5042.301194584958, Time : 21.116 s
Timestep : 26276, score : -5228.645553040391, Time : 21.097 s
Timestep : 35035, score : -5188.855012942135, Time : 21.644 s
Timestep : 43794, score : -5022.821151578595, Time : 21.619 s
Timestep : 52553, score : -5184.049317382654, Time : 21.629 s
Timestep : 61312, score : -5416.908289723477, Time : 21.636 s
Timestep : 70071, score : -5031.048175891308, Time : 21.44 s
Timestep : 78830, score : -5334.237169246102, Time : 21.537 s
Timestep : 87589, score : -5727.723914179398, Time : 21.678 s
Timestep : 96348, score : -5780.556142196438, Time : 21.671 s
Timestep : 105107, score : -5846.894112685142, Time : 21.647 s
Timestep : 113866, score : -5875.898541242263, Time : 21.82 s
Timestep : 122625, score : -5526.44277037392, Time : 22.021 s
Timestep : 131384, score : -5615.639353918756, Time : 21.765 s
Timestep : 140143, score : -5806.452966033859, Time : 21.67 s
Timestep : 148902, score : -5900.229772066377, Time : 21.66 s
Timestep : 157661, score : -6048.543117404479, Time : 21.299 s
Timestep : 166420, score : -5552.402367606788, Time : 21.011 s
Timestep : 175179, score : -5686.496089546854, Time : 21.005 s
Timestep : 183938, score : -5689.533208826237, Time : 21.006 s
Timestep : 192697, score : -5733.540931973985, Time : 21.031 s
Timestep : 201456, score : -5716.219351552107, Time : 21.02 s
Timestep : 210215, score : -5717.66222871028, Time : 21.103 s
Timestep : 218974, score : -5739.378395259177, Time : 21.752 s
Timestep : 227733, score : -5736.218884891903, Time : 21.945 s
Timestep : 236492, score : -6021.576128920919, Time : 22.048 s
Timestep : 245251, score : -5856.90341300916, Time : 21.496 s
Timestep : 254010, score : -5874.215014548579, Time : 21.063 s
Timestep : 262769, score : -5902.5068013223645, Time : 21.56 s
Timestep : 271528, score : -5907.095199722244, Time : 21.676 s
Timestep : 280287, score : -5328.301911608694, Time : 21.671 s
Timestep : 289046, score : -5762.865671043939, Time : 21.677 s
Timestep : 297805, score : -6275.87357775055, Time : 21.692 s
Timestep : 306564, score : -6381.232068885147, Time : 21.676 s
Timestep : 315323, score : -5947.613090484316, Time : 21.681 s
Timestep : 324082, score : -5721.046382206099, Time : 21.667 s
Timestep : 332841, score : -6148.514815570277, Time : 21.679 s
Timestep : 341600, score : -5903.811842094554, Time : 22.026 s
Timestep : 350359, score : -6211.68214269288, Time : 21.956 s
Timestep : 359118, score : -5818.538524381729, Time : 21.686 s
Timestep : 367877, score : -5998.781963339963, Time : 21.694 s
Timestep : 376636, score : -6638.343437079719, Time : 21.683 s
Timestep : 385395, score : -5894.987377687154, Time : 21.206 s
Timestep : 394154, score : -5965.046824612844, Time : 21.023 s
Timestep : 402913, score : -6405.452108819416, Time : 21.043 s
Timestep : 411672, score : -6237.216068457536, Time : 21.035 s
Timestep : 420431, score : -6859.758433885785, Time : 21.187 s
Timestep : 429190, score : -6697.413206468715, Time : 21.131 s
Timestep : 437949, score : -6384.05328172064, Time : 21.32 s
Timestep : 446708, score : -6902.527019222776, Time : 21.663 s
Timestep : 455467, score : -5732.960729872721, Time : 22.056 s
Timestep : 464226, score : -6022.214716440954, Time : 21.86 s
Timestep : 472985, score : -6500.5994257127895, Time : 21.725 s
Timestep : 481744, score : -6297.995027882702, Time : 21.154 s
Timestep : 490503, score : -6415.118528251718, Time : 21.62 s
Timestep : 499262, score : -7044.674894428259, Time : 21.689 s
Timestep : 508021, score : -7197.130677938905, Time : 21.642 s
Timestep : 516780, score : -6871.062404858771, Time : 21.097 s
Timestep : 525539, score : -6016.279354569691, Time : 21.279 s
Timestep : 534298, score : -6014.6360253697785, Time : 21.07 s
Timestep : 543057, score : -6177.714355493925, Time : 20.957 s
Timestep : 551816, score : -6383.908297146234, Time : 20.768 s
Timestep : 560575, score : -6022.36248946868, Time : 21.439 s
Timestep : 569334, score : -6180.734611689186, Time : 21.951 s
Timestep : 578093, score : -6216.5231299080915, Time : 21.88 s
Timestep : 586852, score : -6015.913624628709, Time : 21.753 s
Timestep : 595611, score : -6865.244983868513, Time : 21.372 s
Timestep : 604370, score : -6403.77958788714, Time : 21.721 s
Timestep : 613129, score : -5861.120379079046, Time : 21.751 s
Timestep : 621888, score : -5633.003458749881, Time : 21.733 s
Timestep : 630647, score : -5730.587051271024, Time : 21.718 s
Timestep : 639406, score : -6110.893868849642, Time : 21.713 s
Timestep : 648165, score : -5801.198949622369, Time : 21.621 s
Timestep : 656924, score : -6386.115854027012, Time : 21.604 s
Timestep : 665683, score : -6025.783394603248, Time : 21.695 s
Timestep : 674442, score : -5913.8335268020455, Time : 21.643 s
Timestep : 683201, score : -6714.015804421695, Time : 21.924 s
Timestep : 691960, score : -6646.862598503547, Time : 22.023 s
Timestep : 700719, score : -6476.583073448419, Time : 21.688 s
Timestep : 709478, score : -6496.902230494103, Time : 21.702 s
Timestep : 718237, score : -6275.580162993079, Time : 21.583 s
Timestep : 726996, score : -6118.751138361127, Time : 21.295 s
Timestep : 735755, score : -5917.91901317591, Time : 21.689 s
Timestep : 744514, score : -5573.760025932286, Time : 21.436 s
Timestep : 753273, score : -5776.383544029668, Time : 21.036 s
Timestep : 762032, score : -5662.479267242277, Time : 21.035 s
Timestep : 770791, score : -5622.615213762416, Time : 21.041 s
Timestep : 779550, score : -6719.181211080344, Time : 21.043 s
Timestep : 788309, score : -6883.2410861734825, Time : 21.031 s
Timestep : 797068, score : -6661.874339037138, Time : 21.348 s
Timestep : 805827, score : -6204.542459184959, Time : 21.31 s
Timestep : 814586, score : -6530.974546827689, Time : 21.35 s
Timestep : 823345, score : -5927.9541040304175, Time : 21.656 s
Timestep : 832104, score : -5876.770158782863, Time : 21.67 s
Timestep : 840863, score : -5947.292905674229, Time : 21.475 s
Timestep : 849622, score : -6333.271650260227, Time : 21.631 s
Timestep : 858381, score : -6408.588470238217, Time : 21.697 s
Timestep : 867140, score : -6278.209986728063, Time : 21.69 s
Timestep : 875899, score : -6030.974651887387, Time : 21.709 s
Starting local evaluation
Num Steps: 1000, Num episodes: 0
Num Steps: 2000, Num episodes: 0
Num Steps: 3000, Num episodes: 0
Num Steps: 4000, Num episodes: 0
Num Steps: 5000, Num episodes: 0
Num Steps: 6000, Num episodes: 0
Num Steps: 7000, Num episodes: 0
Num Steps: 8000, Num episodes: 0
Episode complete: 1 | Latest episode metrics: {'price_cost': 1.0142341595781315, 'emmision_cost': 1.0181758336714681}
[-0.24989858] -0.2498985832557514
Average Price Cost: 1.0142341595781315
Average Emmision Cost: 1.0181758336714681
Average of both costs: 1.0162049966247997
Total time taken by agent: 2.5905205952440156s
DONE!
