{'agent': 'DQN', 'action_selection': 'softmax', 'seed': 1, 'episodes': 100, 'data_path': 'data/citylearn_challenge_2022_phase_1', 'dry_run': False, 'n_discrete': 9, 'update_target': 4, 'lr': 7e-05, 'batch_size': 256, 'adam_epsilon': 1e-07, 'epsilon_final': 0.02, 'run_id': 80}
{'Notes': 'This is a tuning run, executed on a single building.',
 'action_selection': 'softmax',
 'adam_epsilon': 1e-07,
 'env': '<NormalizeObservation<OneHotHour<DiscreteSingle<CityLearnEnv '
        'instance>>>>',
 'final_exploration_rate': 0.02,
 'final_exploration_step': 1000,
 'gamma': 0.99,
 'initial_exploration_rate': 1,
 'learning_rate': 7e-05,
 'loss': 'mse',
 'minibatch_size': 256,
 'network': 'MLP(\n'
            '  (layers): Sequential(\n'
            '    (0): Linear(in_features=29, out_features=128, bias=True)\n'
            '    (1): ReLU()\n'
            '    (2): Linear(in_features=128, out_features=128, bias=True)\n'
            '    (3): ReLU()\n'
            '    (4): Linear(in_features=128, out_features=9, bias=True)\n'
            '  )\n'
            ')',
 'replay_buffer_size': 10000,
 'replay_start_size': 256,
 'seed': 1,
 'train_steps': 876000,
 'update_frequency': 1,
 'update_target_frequency': 4,
 'weight_scale': 1.4142135623730951}
Timestep : 8758, score : -5044.054283311038, Time : 28.279 s
Timestep : 17517, score : -3288.70307192349, Time : 30.209 s
Timestep : 26276, score : -3214.161106460102, Time : 30.25 s
Timestep : 35035, score : -3202.7769464365847, Time : 30.436 s
Timestep : 43794, score : -2594.9765242529393, Time : 33.023 s
Timestep : 52553, score : -2284.5570579984633, Time : 32.73 s
Timestep : 61312, score : -2482.228077584208, Time : 32.248 s
Timestep : 70071, score : -2348.6888324406755, Time : 32.284 s
Timestep : 78830, score : -1894.2483259799483, Time : 32.25 s
Timestep : 87589, score : -1983.8400660701154, Time : 32.222 s
Timestep : 96348, score : -1818.742888840934, Time : 32.203 s
Timestep : 105107, score : -1707.8508465910854, Time : 32.867 s
Timestep : 113866, score : -2028.922198263259, Time : 32.974 s
Timestep : 122625, score : -1950.9955181563564, Time : 32.256 s
Timestep : 131384, score : -2237.7730443992477, Time : 30.448 s
Timestep : 140143, score : -1950.8242745878233, Time : 30.234 s
Timestep : 148902, score : -1586.4476429791248, Time : 30.365 s
Timestep : 157661, score : -1706.5840654111526, Time : 31.878 s
Timestep : 166420, score : -1507.2313530770189, Time : 32.215 s
Timestep : 175179, score : -1954.2357384641946, Time : 33.454 s
Timestep : 183938, score : -1607.0407521308225, Time : 32.17 s
Timestep : 192697, score : -1724.9860658210528, Time : 32.168 s
Timestep : 201456, score : -1740.5291049821826, Time : 32.018 s
Timestep : 210215, score : -1754.4723233261902, Time : 31.958 s
Timestep : 218974, score : -1816.653962906712, Time : 32.194 s
Timestep : 227733, score : -1779.599697296435, Time : 32.224 s
Timestep : 236492, score : -1772.9376410483674, Time : 33.41 s
Timestep : 245251, score : -1797.6999332339328, Time : 32.274 s
Timestep : 254010, score : -1631.8696543572296, Time : 32.23 s
Timestep : 262769, score : -1637.8672274472483, Time : 32.194 s
Timestep : 271528, score : -1617.1237543106836, Time : 32.207 s
Timestep : 280287, score : -1485.3963069406163, Time : 32.239 s
Timestep : 289046, score : -1679.975952849054, Time : 32.229 s
Timestep : 297805, score : -1585.9840477409598, Time : 33.128 s
Timestep : 306564, score : -1682.0749868678686, Time : 32.493 s
Timestep : 315323, score : -1619.0759777988133, Time : 32.172 s
Timestep : 324082, score : -1480.6598329637927, Time : 32.111 s
Timestep : 332841, score : -1516.2442858771246, Time : 32.09 s
Timestep : 341600, score : -1504.2183130740013, Time : 32.145 s
Timestep : 350359, score : -1460.843840808404, Time : 32.124 s
Timestep : 359118, score : -1315.9495302237628, Time : 32.999 s
Timestep : 367877, score : -1357.4377601663873, Time : 32.755 s
Timestep : 376636, score : -1393.5814853870834, Time : 32.003 s
Timestep : 385395, score : -1516.9544390680094, Time : 31.465 s
Timestep : 394154, score : -1651.2872023960517, Time : 32.13 s
Timestep : 402913, score : -1467.6192659423978, Time : 31.668 s
Timestep : 411672, score : -1505.5706210385833, Time : 32.14 s
Timestep : 420431, score : -1503.2943126100872, Time : 32.109 s
Timestep : 429190, score : -1437.51519051395, Time : 33.0 s
Timestep : 437949, score : -1522.016971912075, Time : 31.858 s
Timestep : 446708, score : -1376.9305022938934, Time : 32.178 s
Timestep : 455467, score : -1464.0042189576488, Time : 32.065 s
Timestep : 464226, score : -1394.1609726159659, Time : 32.113 s
Timestep : 472985, score : -1334.5921529757616, Time : 32.147 s
Timestep : 481744, score : -1268.3023560631846, Time : 32.353 s
Timestep : 490503, score : -1281.522118155408, Time : 32.612 s
Timestep : 499262, score : -1225.8641206337197, Time : 32.165 s
Timestep : 508021, score : -1172.41252778357, Time : 32.175 s
Timestep : 516780, score : -1200.4446297122922, Time : 32.144 s
Timestep : 525539, score : -1319.6127580267203, Time : 32.178 s
Timestep : 534298, score : -1226.8134501235618, Time : 32.145 s
Timestep : 543057, score : -1221.1504733974289, Time : 32.132 s
Timestep : 551816, score : -1186.393327774218, Time : 33.353 s
Timestep : 560575, score : -1370.4747016555484, Time : 32.189 s
Timestep : 569334, score : -1075.172548862436, Time : 32.126 s
Timestep : 578093, score : -1269.7438631584228, Time : 32.121 s
Timestep : 586852, score : -1276.4314608290733, Time : 32.127 s
Timestep : 595611, score : -1295.7744129982602, Time : 32.093 s
Timestep : 604370, score : -1377.5895382504968, Time : 32.098 s
Timestep : 613129, score : -1130.3704627768893, Time : 33.098 s
Timestep : 621888, score : -984.5665849959769, Time : 32.134 s
Timestep : 630647, score : -1157.8721382103686, Time : 31.651 s
Timestep : 639406, score : -1000.8948968043842, Time : 31.621 s
Timestep : 648165, score : -1214.2626949611877, Time : 31.708 s
Timestep : 656924, score : -1090.0782944907842, Time : 31.702 s
Timestep : 665683, score : -985.1538218122732, Time : 31.688 s
Timestep : 674442, score : -1043.8252104185813, Time : 32.332 s
Timestep : 683201, score : -1101.385772729147, Time : 32.308 s
Timestep : 691960, score : -1131.1246070650232, Time : 31.248 s
Timestep : 700719, score : -1153.305460297066, Time : 31.038 s
Timestep : 709478, score : -1096.8919564609241, Time : 30.982 s
Timestep : 718237, score : -1154.757595513278, Time : 30.982 s
Timestep : 726996, score : -1178.08921543826, Time : 31.113 s
Timestep : 735755, score : -1071.5226973655808, Time : 31.282 s
Timestep : 744514, score : -948.1483344822482, Time : 32.293 s
Timestep : 753273, score : -1011.579182666057, Time : 30.94 s
Timestep : 762032, score : -1066.3462199418864, Time : 30.949 s
Timestep : 770791, score : -1105.4347542131145, Time : 30.976 s
Timestep : 779550, score : -922.3468003059097, Time : 31.038 s
Timestep : 788309, score : -1026.1040326089424, Time : 31.311 s
Timestep : 797068, score : -995.4305238176894, Time : 31.603 s
Timestep : 805827, score : -1031.0997985203576, Time : 32.329 s
Timestep : 814586, score : -970.8763884167711, Time : 31.871 s
Timestep : 823345, score : -906.3420426466328, Time : 31.481 s
Timestep : 832104, score : -868.3462052194227, Time : 31.494 s
Timestep : 840863, score : -1019.2430400012818, Time : 31.561 s
Timestep : 849622, score : -975.8381311989215, Time : 31.555 s
Timestep : 858381, score : -1088.022016546951, Time : 31.634 s
Timestep : 867140, score : -813.7086757293728, Time : 31.982 s
Timestep : 875899, score : -993.7881833243009, Time : 32.504 s
Starting local evaluation
Num Steps: 1000, Num episodes: 0
Num Steps: 2000, Num episodes: 0
Num Steps: 3000, Num episodes: 0
Num Steps: 4000, Num episodes: 0
Num Steps: 5000, Num episodes: 0
Num Steps: 6000, Num episodes: 0
Num Steps: 7000, Num episodes: 0
Num Steps: 8000, Num episodes: 0
Episode complete: 1 | Latest episode metrics: {'price_cost': 0.809797244251485, 'emmision_cost': 0.8935054080512308}
[-0.04537807] -0.045378071328063395
Average Price Cost: 0.809797244251485
Average Emmision Cost: 0.8935054080512308
Average of both costs: 0.8516513261513579
Total time taken by agent: 3.9699011450866237s
DONE!
