{'agent': 'DQN', 'action_selection': 'softmax', 'seed': 1, 'episodes': 100, 'data_path': 'data/citylearn_challenge_2022_phase_1', 'dry_run': False, 'n_discrete': 9, 'update_target': 4, 'lr': 0.0001, 'batch_size': 16, 'adam_epsilon': 0.001, 'epsilon_final': 0.02, 'run_id': 105}
{'Notes': 'This is a tuning run, executed on a single building.',
 'action_selection': 'softmax',
 'adam_epsilon': 0.001,
 'env': '<NormalizeObservation<OneHotHour<DiscreteSingle<CityLearnEnv '
        'instance>>>>',
 'final_exploration_rate': 0.02,
 'final_exploration_step': 1000,
 'gamma': 0.99,
 'initial_exploration_rate': 1,
 'learning_rate': 0.0001,
 'loss': 'mse',
 'minibatch_size': 16,
 'network': 'MLP(\n'
            '  (layers): Sequential(\n'
            '    (0): Linear(in_features=29, out_features=128, bias=True)\n'
            '    (1): ReLU()\n'
            '    (2): Linear(in_features=128, out_features=128, bias=True)\n'
            '    (3): ReLU()\n'
            '    (4): Linear(in_features=128, out_features=9, bias=True)\n'
            '  )\n'
            ')',
 'replay_buffer_size': 10000,
 'replay_start_size': 16,
 'seed': 1,
 'train_steps': 876000,
 'update_frequency': 1,
 'update_target_frequency': 4,
 'weight_scale': 1.4142135623730951}
Timestep : 8758, score : -5025.819066783792, Time : 21.227 s
Timestep : 17517, score : -4436.922580834158, Time : 21.118 s
Timestep : 26276, score : -4458.6272384755575, Time : 21.296 s
Timestep : 35035, score : -4485.967870018823, Time : 21.494 s
Timestep : 43794, score : -4384.458929350978, Time : 21.419 s
Timestep : 52553, score : -4351.441646701569, Time : 21.415 s
Timestep : 61312, score : -4422.685734652579, Time : 21.662 s
Timestep : 70071, score : -4214.6352369248925, Time : 21.697 s
Timestep : 78830, score : -4191.4807547465025, Time : 21.61 s
Timestep : 87589, score : -4347.379686019762, Time : 21.671 s
Timestep : 96348, score : -4163.391298552422, Time : 21.713 s
Timestep : 105107, score : -4377.613759244239, Time : 21.706 s
Timestep : 113866, score : -4208.222560051276, Time : 21.53 s
Timestep : 122625, score : -3578.4174469160207, Time : 21.126 s
Timestep : 131384, score : -2995.2537743685825, Time : 21.031 s
Timestep : 140143, score : -2584.0879144331266, Time : 21.271 s
Timestep : 148902, score : -2540.288928129041, Time : 21.465 s
Timestep : 157661, score : -2882.1248691215005, Time : 21.645 s
Timestep : 166420, score : -2819.1600491138233, Time : 21.41 s
Timestep : 175179, score : -2712.350280718674, Time : 21.459 s
Timestep : 183938, score : -2750.601036590786, Time : 21.474 s
Timestep : 192697, score : -2541.431016457296, Time : 21.219 s
Timestep : 201456, score : -3284.6511002683837, Time : 20.885 s
Timestep : 210215, score : -2983.206693141168, Time : 20.972 s
Timestep : 218974, score : -2620.660219587764, Time : 20.899 s
Timestep : 227733, score : -2399.2391212384973, Time : 21.582 s
Timestep : 236492, score : -2661.3208671906323, Time : 21.328 s
Timestep : 245251, score : -2736.5526045426086, Time : 21.267 s
Timestep : 254010, score : -2600.7198477018683, Time : 21.436 s
Timestep : 262769, score : -2754.2323149034346, Time : 21.726 s
Timestep : 271528, score : -2242.9892759563227, Time : 21.931 s
Timestep : 280287, score : -2558.7944913811807, Time : 21.146 s
Timestep : 289046, score : -2604.723877906712, Time : 21.2 s
Timestep : 297805, score : -2960.4341372972413, Time : 21.207 s
Timestep : 306564, score : -2881.397590624314, Time : 21.194 s
Timestep : 315323, score : -2704.8477757623477, Time : 21.511 s
Timestep : 324082, score : -2472.2984661161026, Time : 21.145 s
Timestep : 332841, score : -2817.8386553672317, Time : 21.552 s
Timestep : 341600, score : -2258.32029751924, Time : 21.339 s
Timestep : 350359, score : -2527.2806270673464, Time : 21.55 s
Timestep : 359118, score : -2098.6236245293694, Time : 21.818 s
Timestep : 367877, score : -2183.17952819723, Time : 21.461 s
Timestep : 376636, score : -2152.48104467339, Time : 21.13 s
Timestep : 385395, score : -2264.788619160099, Time : 21.197 s
Timestep : 394154, score : -2440.7261533260607, Time : 21.504 s
Timestep : 402913, score : -2528.313583186973, Time : 21.443 s
Timestep : 411672, score : -2421.042583432776, Time : 21.202 s
Timestep : 420431, score : -2710.9700415238913, Time : 21.303 s
Timestep : 429190, score : -2524.801195223845, Time : 20.987 s
Timestep : 437949, score : -2163.4536782120413, Time : 21.027 s
Timestep : 446708, score : -2748.094638350798, Time : 21.452 s
Timestep : 455467, score : -2870.2327497752412, Time : 21.609 s
Timestep : 464226, score : -2514.5678606019646, Time : 22.217 s
Timestep : 472985, score : -2651.4322362498206, Time : 21.666 s
Timestep : 481744, score : -2254.4613497176033, Time : 22.153 s
Timestep : 490503, score : -2532.712067076267, Time : 21.265 s
Timestep : 499262, score : -2596.275768496591, Time : 20.918 s
Timestep : 508021, score : -2838.5509385451733, Time : 20.931 s
Timestep : 516780, score : -2457.8712460528186, Time : 20.926 s
Timestep : 525539, score : -2396.7118332276877, Time : 21.322 s
Timestep : 534298, score : -2149.939163159608, Time : 21.976 s
Timestep : 543057, score : -2456.985149771237, Time : 22.169 s
Timestep : 551816, score : -2339.6978354813473, Time : 22.158 s
Timestep : 560575, score : -2469.3088356341177, Time : 21.904 s
Timestep : 569334, score : -2336.1543660204334, Time : 21.691 s
Timestep : 578093, score : -2565.095807897771, Time : 21.593 s
Timestep : 586852, score : -2577.851308261117, Time : 21.614 s
Timestep : 595611, score : -2668.576918815874, Time : 21.585 s
Timestep : 604370, score : -2949.815199099161, Time : 21.825 s
Timestep : 613129, score : -2621.264760710328, Time : 21.85 s
Timestep : 621888, score : -2573.9740992258594, Time : 21.8 s
Timestep : 630647, score : -2569.7820734930283, Time : 21.687 s
Timestep : 639406, score : -2850.7644837805565, Time : 21.743 s
Timestep : 648165, score : -2903.3213831383327, Time : 21.69 s
Timestep : 656924, score : -2749.3155310261354, Time : 21.517 s
Timestep : 665683, score : -2465.9685030340042, Time : 21.107 s
Timestep : 674442, score : -2454.9878313907248, Time : 21.055 s
Timestep : 683201, score : -2189.619852087373, Time : 21.804 s
Timestep : 691960, score : -2190.972004705487, Time : 21.343 s
Timestep : 700719, score : -2481.10810798328, Time : 21.09 s
Timestep : 709478, score : -2699.337492572973, Time : 21.205 s
Timestep : 718237, score : -2764.1923346716503, Time : 21.148 s
Timestep : 726996, score : -2590.488179920081, Time : 21.162 s
Timestep : 735755, score : -2567.1913171153574, Time : 21.028 s
Timestep : 744514, score : -2634.516787325527, Time : 21.032 s
Timestep : 753273, score : -2816.1718853500497, Time : 21.062 s
Timestep : 762032, score : -2994.7676576077065, Time : 21.6 s
Timestep : 770791, score : -2897.1880591099907, Time : 21.715 s
Timestep : 779550, score : -3329.428162336728, Time : 21.148 s
Timestep : 788309, score : -2866.1852359094482, Time : 21.107 s
Timestep : 797068, score : -2944.9200376488443, Time : 21.125 s
Timestep : 805827, score : -2762.5447367487504, Time : 21.149 s
Timestep : 814586, score : -2517.451946657413, Time : 21.115 s
Timestep : 823345, score : -2647.2622694903293, Time : 21.067 s
Timestep : 832104, score : -2498.9903895653842, Time : 21.182 s
Timestep : 840863, score : -2507.7633767860534, Time : 21.353 s
Timestep : 849622, score : -2666.173077158226, Time : 21.102 s
Timestep : 858381, score : -2301.090850441862, Time : 21.155 s
Timestep : 867140, score : -2405.851224084763, Time : 21.16 s
Timestep : 875899, score : -2505.7191545754467, Time : 21.174 s
Starting local evaluation
Num Steps: 1000, Num episodes: 0
Num Steps: 2000, Num episodes: 0
Num Steps: 3000, Num episodes: 0
Num Steps: 4000, Num episodes: 0
Num Steps: 5000, Num episodes: 0
Num Steps: 6000, Num episodes: 0
Num Steps: 7000, Num episodes: 0
Num Steps: 8000, Num episodes: 0
Episode complete: 1 | Latest episode metrics: {'price_cost': 0.9070554893290159, 'emmision_cost': 0.9452635788053971}
[-0.13822425] -0.13822425087365284
Average Price Cost: 0.9070554893290159
Average Emmision Cost: 0.9452635788053971
Average of both costs: 0.9261595340672065
Total time taken by agent: 3.2847177856601775s
DONE!
