{'agent': 'DQN', 'action_selection': 'softmax', 'seed': 1, 'episodes': 100, 'data_path': 'data/citylearn_challenge_2022_phase_1', 'dry_run': False, 'n_discrete': 9, 'update_target': 32, 'lr': 1e-05, 'batch_size': 8, 'adam_epsilon': 1e-07, 'epsilon_final': 0.02, 'run_id': 131}
{'Notes': 'This is a tuning run, executed on a single building.',
 'action_selection': 'softmax',
 'adam_epsilon': 1e-07,
 'env': '<NormalizeObservation<OneHotHour<DiscreteSingle<CityLearnEnv '
        'instance>>>>',
 'final_exploration_rate': 0.02,
 'final_exploration_step': 1000,
 'gamma': 0.99,
 'initial_exploration_rate': 1,
 'learning_rate': 1e-05,
 'loss': 'mse',
 'minibatch_size': 8,
 'network': 'MLP(\n'
            '  (layers): Sequential(\n'
            '    (0): Linear(in_features=29, out_features=128, bias=True)\n'
            '    (1): ReLU()\n'
            '    (2): Linear(in_features=128, out_features=128, bias=True)\n'
            '    (3): ReLU()\n'
            '    (4): Linear(in_features=128, out_features=9, bias=True)\n'
            '  )\n'
            ')',
 'replay_buffer_size': 10000,
 'replay_start_size': 8,
 'seed': 1,
 'train_steps': 876000,
 'update_frequency': 1,
 'update_target_frequency': 32,
 'weight_scale': 1.4142135623730951}
Timestep : 8758, score : -8852.359140087065, Time : 22.634 s
Timestep : 17517, score : -4385.2662180973275, Time : 22.49 s
Timestep : 26276, score : -4618.898586255877, Time : 22.633 s
Timestep : 35035, score : -4307.972373580007, Time : 22.545 s
Timestep : 43794, score : -4128.682294165163, Time : 22.495 s
Timestep : 52553, score : -4280.854573110497, Time : 22.822 s
Timestep : 61312, score : -4545.7732445089205, Time : 22.807 s
Timestep : 70071, score : -4587.525883219583, Time : 23.02 s
Timestep : 78830, score : -4392.798353490798, Time : 22.977 s
Timestep : 87589, score : -4248.277038504748, Time : 22.966 s
Timestep : 96348, score : -4390.057169446169, Time : 23.064 s
Timestep : 105107, score : -4382.646997471718, Time : 23.034 s
Timestep : 113866, score : -4404.407168435311, Time : 22.997 s
Timestep : 122625, score : -4340.563003697811, Time : 23.155 s
Timestep : 131384, score : -4222.4180339224695, Time : 23.178 s
Timestep : 140143, score : -4187.551086486696, Time : 23.198 s
Timestep : 148902, score : -4240.332395431964, Time : 23.135 s
Timestep : 157661, score : -4115.9386145706085, Time : 23.128 s
Timestep : 166420, score : -4159.50968036156, Time : 23.138 s
Timestep : 175179, score : -4200.397868668108, Time : 23.146 s
Timestep : 183938, score : -4112.335036394565, Time : 22.92 s
Timestep : 192697, score : -4138.1507208844705, Time : 23.056 s
Timestep : 201456, score : -4072.066076753108, Time : 23.15 s
Timestep : 210215, score : -4050.8336652902944, Time : 22.592 s
Timestep : 218974, score : -4076.817397703795, Time : 22.397 s
Timestep : 227733, score : -4101.184529726772, Time : 22.896 s
Timestep : 236492, score : -4050.1357662877126, Time : 23.013 s
Timestep : 245251, score : -4063.8437670519634, Time : 22.994 s
Timestep : 254010, score : -4078.3852610635367, Time : 23.125 s
Timestep : 262769, score : -4054.3468310166645, Time : 23.111 s
Timestep : 271528, score : -4050.682850954501, Time : 23.107 s
Timestep : 280287, score : -4082.548191835551, Time : 23.103 s
Timestep : 289046, score : -4046.002853055863, Time : 23.061 s
Timestep : 297805, score : -4070.685714513442, Time : 23.118 s
Timestep : 306564, score : -4105.500959631128, Time : 23.077 s
Timestep : 315323, score : -4097.462134552567, Time : 23.078 s
Timestep : 324082, score : -4036.9666494926496, Time : 23.078 s
Timestep : 332841, score : -4040.9606018638297, Time : 23.053 s
Timestep : 341600, score : -4043.375072290568, Time : 23.052 s
Timestep : 350359, score : -4059.8585767051263, Time : 23.109 s
Timestep : 359118, score : -4065.150602861686, Time : 22.867 s
Timestep : 367877, score : -4045.6673219701333, Time : 23.118 s
Timestep : 376636, score : -4033.830429395108, Time : 22.801 s
Timestep : 385395, score : -4061.1598674935085, Time : 22.743 s
Timestep : 394154, score : -4095.4701825430675, Time : 23.13 s
Timestep : 402913, score : -4048.109981077796, Time : 23.113 s
Timestep : 411672, score : -4109.121831455646, Time : 23.113 s
Timestep : 420431, score : -4093.8087891890464, Time : 23.103 s
Timestep : 429190, score : -4074.9874650138227, Time : 23.077 s
Timestep : 437949, score : -4090.532463862939, Time : 22.925 s
Timestep : 446708, score : -4101.922102761528, Time : 23.175 s
Timestep : 455467, score : -4086.2139621014503, Time : 23.146 s
Timestep : 464226, score : -4121.621485600626, Time : 23.167 s
Timestep : 472985, score : -4089.8475640541, Time : 23.176 s
Timestep : 481744, score : -4085.0506564652605, Time : 23.189 s
Timestep : 490503, score : -4087.8978484062536, Time : 23.166 s
Timestep : 499262, score : -4092.978355600877, Time : 23.163 s
Timestep : 508021, score : -4057.802304448007, Time : 23.166 s
Timestep : 516780, score : -4063.4111827960296, Time : 23.155 s
Timestep : 525539, score : -4056.9606225165335, Time : 23.171 s
Timestep : 534298, score : -4067.414987300901, Time : 23.165 s
Timestep : 543057, score : -4053.0402320375724, Time : 23.15 s
Timestep : 551816, score : -4064.794080199121, Time : 23.174 s
Timestep : 560575, score : -4109.404934720515, Time : 23.173 s
Timestep : 569334, score : -4121.309190119995, Time : 23.187 s
Timestep : 578093, score : -4113.626608531369, Time : 23.191 s
Timestep : 586852, score : -4109.772229046939, Time : 23.147 s
Timestep : 595611, score : -4165.357060426293, Time : 23.15 s
Timestep : 604370, score : -4194.829461838497, Time : 23.146 s
Timestep : 613129, score : -4153.8209653598315, Time : 23.156 s
Timestep : 621888, score : -4116.228379182896, Time : 23.139 s
Timestep : 630647, score : -4084.08962199041, Time : 22.947 s
Timestep : 639406, score : -4119.430226165874, Time : 23.146 s
Timestep : 648165, score : -4123.79572000858, Time : 23.129 s
Timestep : 656924, score : -4117.591496504916, Time : 23.111 s
Timestep : 665683, score : -4113.706038933742, Time : 23.14 s
Timestep : 674442, score : -4094.952519395767, Time : 23.086 s
Timestep : 683201, score : -4066.370033352083, Time : 23.095 s
Timestep : 691960, score : -4072.1036566695257, Time : 23.106 s
Timestep : 700719, score : -4097.041470465789, Time : 23.114 s
Timestep : 709478, score : -4094.3158396123035, Time : 23.061 s
Timestep : 718237, score : -4143.566418632938, Time : 23.078 s
Timestep : 726996, score : -4145.3286132198555, Time : 23.089 s
Timestep : 735755, score : -4127.9584934831655, Time : 23.106 s
Timestep : 744514, score : -4127.307660512073, Time : 23.006 s
Timestep : 753273, score : -4104.35372526155, Time : 23.141 s
Timestep : 762032, score : -4085.290555956686, Time : 23.133 s
Timestep : 770791, score : -4125.693637815682, Time : 23.054 s
Timestep : 779550, score : -4121.945176520574, Time : 23.109 s
Timestep : 788309, score : -4144.82651778814, Time : 23.088 s
Timestep : 797068, score : -4199.482240262354, Time : 23.083 s
Timestep : 805827, score : -4187.6599150708935, Time : 23.094 s
Timestep : 814586, score : -4088.4760917531385, Time : 23.074 s
Timestep : 823345, score : -4068.1957532699016, Time : 23.092 s
Timestep : 832104, score : -4082.790312293364, Time : 23.053 s
Timestep : 840863, score : -4071.20893263389, Time : 23.001 s
Timestep : 849622, score : -4074.6941433338507, Time : 22.983 s
Timestep : 858381, score : -4139.415023309091, Time : 22.659 s
Timestep : 867140, score : -4108.639873240521, Time : 22.297 s
Timestep : 875899, score : -4254.043851748487, Time : 22.796 s
Starting local evaluation
Num Steps: 1000, Num episodes: 0
Num Steps: 2000, Num episodes: 0
Num Steps: 3000, Num episodes: 0
Num Steps: 4000, Num episodes: 0
Num Steps: 5000, Num episodes: 0
Num Steps: 6000, Num episodes: 0
Num Steps: 7000, Num episodes: 0
Num Steps: 8000, Num episodes: 0
Episode complete: 1 | Latest episode metrics: {'price_cost': 1.0080369664002076, 'emmision_cost': 1.0141371789868918}
[-0.24354591] -0.2435459099102224
Average Price Cost: 1.0080369664002076
Average Emmision Cost: 1.0141371789868918
Average of both costs: 1.0110870726935497
Total time taken by agent: 3.7913866229355335s
DONE!
