{'agent': 'DQN', 'action_selection': 'egreedy', 'seed': 1, 'episodes': 100, 'data_path': 'data/citylearn_challenge_2022_phase_1', 'dry_run': False, 'n_discrete': 9, 'update_target': 8, 'lr': 0.0007, 'batch_size': 64, 'adam_epsilon': 1e-09, 'epsilon_final': 0.04, 'run_id': 232}
{'Notes': 'This is a tuning run, executed on a single building.',
 'action_selection': 'egreedy',
 'adam_epsilon': 1e-09,
 'env': '<NormalizeObservation<OneHotHour<DiscreteSingle<CityLearnEnv '
        'instance>>>>',
 'final_exploration_rate': 0.02,
 'final_exploration_step': 1000,
 'gamma': 0.99,
 'initial_exploration_rate': 1,
 'learning_rate': 0.0007,
 'loss': 'mse',
 'minibatch_size': 64,
 'network': 'MLP(\n'
            '  (layers): Sequential(\n'
            '    (0): Linear(in_features=29, out_features=128, bias=True)\n'
            '    (1): ReLU()\n'
            '    (2): Linear(in_features=128, out_features=128, bias=True)\n'
            '    (3): ReLU()\n'
            '    (4): Linear(in_features=128, out_features=9, bias=True)\n'
            '  )\n'
            ')',
 'replay_buffer_size': 10000,
 'replay_start_size': 64,
 'seed': 1,
 'train_steps': 876000,
 'update_frequency': 1,
 'update_target_frequency': 8,
 'weight_scale': 1.4142135623730951}
Timestep : 8758, score : -5918.481970015811, Time : 22.264 s
Timestep : 17517, score : -4916.340584438789, Time : 22.208 s
Timestep : 26276, score : -5286.80934630477, Time : 22.452 s
Timestep : 35035, score : -5109.539627708989, Time : 22.59 s
Timestep : 43794, score : -5163.613641707183, Time : 22.579 s
Timestep : 52553, score : -5343.634638468298, Time : 22.914 s
Timestep : 61312, score : -5279.419998486323, Time : 22.741 s
Timestep : 70071, score : -4681.458726620738, Time : 22.875 s
Timestep : 78830, score : -4634.476277631969, Time : 22.792 s
Timestep : 87589, score : -4367.972602259979, Time : 22.896 s
Timestep : 96348, score : -3852.900671888521, Time : 22.862 s
Timestep : 105107, score : -3597.0044945955306, Time : 22.865 s
Timestep : 113866, score : -3781.545740612695, Time : 22.691 s
Timestep : 122625, score : -3633.9174212495855, Time : 22.599 s
Timestep : 131384, score : -3640.8470176610426, Time : 22.892 s
Timestep : 140143, score : -3470.4443464391225, Time : 22.638 s
Timestep : 148902, score : -4051.563849468046, Time : 22.414 s
Timestep : 157661, score : -3803.8014288384547, Time : 22.606 s
Timestep : 166420, score : -3752.9186237892136, Time : 22.898 s
Timestep : 175179, score : -3905.025957216887, Time : 22.875 s
Timestep : 183938, score : -3185.9845321834146, Time : 22.888 s
Timestep : 192697, score : -3285.219169393662, Time : 22.88 s
Timestep : 201456, score : -3077.7685498122883, Time : 22.88 s
Timestep : 210215, score : -3137.3601173739007, Time : 22.897 s
Timestep : 218974, score : -2981.4743286387093, Time : 22.886 s
Timestep : 227733, score : -3014.2700275157404, Time : 22.876 s
Timestep : 236492, score : -3179.4393239630444, Time : 22.881 s
Timestep : 245251, score : -2801.6539377433073, Time : 22.445 s
Timestep : 254010, score : -2448.775252328516, Time : 22.759 s
Timestep : 262769, score : -2826.42087019913, Time : 22.921 s
Timestep : 271528, score : -2725.219832742383, Time : 22.916 s
Timestep : 280287, score : -2505.844260090409, Time : 22.924 s
Timestep : 289046, score : -2704.2376011107845, Time : 22.897 s
Timestep : 297805, score : -2385.2797378520772, Time : 22.582 s
Timestep : 306564, score : -2712.093271531703, Time : 22.358 s
Timestep : 315323, score : -2503.066693835688, Time : 22.551 s
Timestep : 324082, score : -2647.890465298813, Time : 22.274 s
Timestep : 332841, score : -2572.9562406104087, Time : 22.695 s
Timestep : 341600, score : -2476.740424392541, Time : 22.541 s
Timestep : 350359, score : -2491.2256217249233, Time : 22.891 s
Timestep : 359118, score : -2655.4291809862043, Time : 22.873 s
Timestep : 367877, score : -2496.8254490312684, Time : 22.875 s
Timestep : 376636, score : -2555.357131647208, Time : 22.88 s
Timestep : 385395, score : -2426.114234298424, Time : 22.884 s
Timestep : 394154, score : -2396.147286299907, Time : 22.892 s
Timestep : 402913, score : -2307.7920226727438, Time : 22.889 s
Timestep : 411672, score : -2261.7190357159416, Time : 22.735 s
Timestep : 420431, score : -2339.335385926679, Time : 22.898 s
Timestep : 429190, score : -2078.6010534017405, Time : 22.888 s
Timestep : 437949, score : -2212.813092965356, Time : 22.887 s
Timestep : 446708, score : -2329.156432314605, Time : 22.881 s
Timestep : 455467, score : -2460.794655753096, Time : 22.875 s
Timestep : 464226, score : -2471.969835278942, Time : 22.862 s
Timestep : 472985, score : -2305.9158069740806, Time : 22.864 s
Timestep : 481744, score : -2306.8939061949786, Time : 22.865 s
Timestep : 490503, score : -2327.5412957582885, Time : 22.28 s
Timestep : 499262, score : -1973.4582816416223, Time : 22.275 s
Timestep : 508021, score : -2116.8161508702033, Time : 22.913 s
Timestep : 516780, score : -1981.3347180432465, Time : 22.901 s
Timestep : 525539, score : -2361.282090071385, Time : 22.903 s
Timestep : 534298, score : -2238.3784065931395, Time : 22.836 s
Timestep : 543057, score : -2027.0577719398134, Time : 22.743 s
Timestep : 551816, score : -2290.290465604776, Time : 22.877 s
Timestep : 560575, score : -2678.3450822809536, Time : 22.884 s
Timestep : 569334, score : -2567.641156400816, Time : 22.878 s
Timestep : 578093, score : -2549.3688077007246, Time : 22.911 s
Timestep : 586852, score : -2281.6054918166774, Time : 22.9 s
Timestep : 595611, score : -2493.5970701716433, Time : 22.885 s
Timestep : 604370, score : -2461.461766248758, Time : 22.898 s
Timestep : 613129, score : -2642.1665338083694, Time : 22.877 s
Timestep : 621888, score : -2844.348821186024, Time : 22.901 s
Timestep : 630647, score : -2572.657751176768, Time : 22.776 s
Timestep : 639406, score : -2465.5912520171405, Time : 22.3 s
Timestep : 648165, score : -2538.5876292109315, Time : 22.583 s
Timestep : 656924, score : -2486.7934491720807, Time : 22.632 s
Timestep : 665683, score : -2559.377580462635, Time : 22.491 s
Timestep : 674442, score : -2554.3471404059383, Time : 22.908 s
Timestep : 683201, score : -2611.379878253705, Time : 22.674 s
Timestep : 691960, score : -2726.5474299791094, Time : 22.678 s
Timestep : 700719, score : -2469.329528915492, Time : 22.856 s
Timestep : 709478, score : -2431.8097690480354, Time : 22.849 s
Timestep : 718237, score : -2824.900932004588, Time : 22.859 s
Timestep : 726996, score : -3154.3342263560917, Time : 22.862 s
Timestep : 735755, score : -2807.267469315513, Time : 22.277 s
Timestep : 744514, score : -2895.764692716679, Time : 22.806 s
Timestep : 753273, score : -2483.271336094738, Time : 22.915 s
Timestep : 762032, score : -2457.6971319557633, Time : 22.78 s
Timestep : 770791, score : -2660.165844808056, Time : 22.879 s
Timestep : 779550, score : -2567.23871920706, Time : 22.61 s
Timestep : 788309, score : -2637.15176616791, Time : 22.902 s
Timestep : 797068, score : -2575.8062545990397, Time : 22.82 s
Timestep : 805827, score : -2761.857048484686, Time : 22.874 s
Timestep : 814586, score : -2747.487362275162, Time : 22.874 s
Timestep : 823345, score : -2589.19267333057, Time : 22.87 s
Timestep : 832104, score : -2650.1384381350654, Time : 22.873 s
Timestep : 840863, score : -2597.844750172837, Time : 22.856 s
Timestep : 849622, score : -2744.581392039574, Time : 22.276 s
Timestep : 858381, score : -2946.361579722521, Time : 22.256 s
Timestep : 867140, score : -3059.7004662663967, Time : 22.61 s
Timestep : 875899, score : -3133.714718590636, Time : 22.869 s
Starting local evaluation
Num Steps: 1000, Num episodes: 0
Num Steps: 2000, Num episodes: 0
Num Steps: 3000, Num episodes: 0
Num Steps: 4000, Num episodes: 0
Num Steps: 5000, Num episodes: 0
Num Steps: 6000, Num episodes: 0
Num Steps: 7000, Num episodes: 0
Num Steps: 8000, Num episodes: 0
Episode complete: 1 | Latest episode metrics: {'price_cost': 0.9311249061693289, 'emmision_cost': 1.051543347950143}
[-0.21630052] -0.21630052177741454
Average Price Cost: 0.9311249061693289
Average Emmision Cost: 1.051543347950143
Average of both costs: 0.991334127059736
Total time taken by agent: 2.5244610998779535s
DONE!
