{'agent': 'DQN', 'action_selection': 'egreedy', 'seed': 1, 'episodes': 100, 'data_path': 'data/citylearn_challenge_2022_phase_1', 'dry_run': False, 'n_discrete': 9, 'update_target': 32, 'lr': 0.07, 'batch_size': 16, 'adam_epsilon': 1e-10, 'epsilon_final': 0.1, 'run_id': 332}
{'Notes': 'This is a tuning run, executed on a single building.',
 'action_selection': 'egreedy',
 'adam_epsilon': 1e-10,
 'env': '<NormalizeObservation<OneHotHour<DiscreteSingle<CityLearnEnv '
        'instance>>>>',
 'final_exploration_rate': 0.02,
 'final_exploration_step': 1000,
 'gamma': 0.99,
 'initial_exploration_rate': 1,
 'learning_rate': 0.07,
 'loss': 'mse',
 'minibatch_size': 16,
 'network': 'MLP(\n'
            '  (layers): Sequential(\n'
            '    (0): Linear(in_features=29, out_features=128, bias=True)\n'
            '    (1): ReLU()\n'
            '    (2): Linear(in_features=128, out_features=128, bias=True)\n'
            '    (3): ReLU()\n'
            '    (4): Linear(in_features=128, out_features=9, bias=True)\n'
            '  )\n'
            ')',
 'replay_buffer_size': 10000,
 'replay_start_size': 16,
 'seed': 1,
 'train_steps': 876000,
 'update_frequency': 1,
 'update_target_frequency': 32,
 'weight_scale': 1.4142135623730951}
Timestep : 8758, score : -5552.723020166304, Time : 21.423 s
Timestep : 17517, score : -4532.540544318414, Time : 21.365 s
Timestep : 26276, score : -4582.658145780937, Time : 21.516 s
Timestep : 35035, score : -4499.249282977922, Time : 21.513 s
Timestep : 43794, score : -4484.405872588424, Time : 22.015 s
Timestep : 52553, score : -4539.326686934015, Time : 21.572 s
Timestep : 61312, score : -4521.144393612078, Time : 21.455 s
Timestep : 70071, score : -4371.522651852953, Time : 21.737 s
Timestep : 78830, score : -4620.196334043896, Time : 22.206 s
Timestep : 87589, score : -4660.062696681736, Time : 21.503 s
Timestep : 96348, score : -4563.107650283171, Time : 21.419 s
Timestep : 105107, score : -4515.005384893535, Time : 21.565 s
Timestep : 113866, score : -4566.335582855536, Time : 21.722 s
Timestep : 122625, score : -4410.35275214017, Time : 21.956 s
Timestep : 131384, score : -4449.716783254029, Time : 21.416 s
Timestep : 140143, score : -4635.335578280879, Time : 21.391 s
Timestep : 148902, score : -4555.788206837053, Time : 21.603 s
Timestep : 157661, score : -4452.432992416347, Time : 21.437 s
Timestep : 166420, score : -4469.838486068329, Time : 21.498 s
Timestep : 175179, score : -4462.728727896145, Time : 22.02 s
Timestep : 183938, score : -4646.313552200532, Time : 21.503 s
Timestep : 192697, score : -4572.526220574422, Time : 21.49 s
Timestep : 201456, score : -4449.260721649422, Time : 21.639 s
Timestep : 210215, score : -4478.464409273496, Time : 21.796 s
Timestep : 218974, score : -4417.630464748858, Time : 21.929 s
Timestep : 227733, score : -4437.5313559888455, Time : 21.943 s
Timestep : 236492, score : -4447.50347019537, Time : 21.905 s
Timestep : 245251, score : -4410.578958076803, Time : 21.846 s
Timestep : 254010, score : -4530.565639310895, Time : 21.929 s
Timestep : 262769, score : -4586.943657143769, Time : 21.727 s
Timestep : 271528, score : -4466.706807674287, Time : 21.456 s
Timestep : 280287, score : -4407.896494787565, Time : 21.929 s
Timestep : 289046, score : -4594.602152240841, Time : 21.584 s
Timestep : 297805, score : -4493.267651627684, Time : 21.532 s
Timestep : 306564, score : -4510.607749051793, Time : 21.902 s
Timestep : 315323, score : -4443.4288203687465, Time : 21.422 s
Timestep : 324082, score : -4587.290668537287, Time : 21.325 s
Timestep : 332841, score : -4682.199746362312, Time : 21.683 s
Timestep : 341600, score : -4597.1210044570325, Time : 21.898 s
Timestep : 350359, score : -4490.62199524176, Time : 21.935 s
Timestep : 359118, score : -4488.865293960465, Time : 21.822 s
Timestep : 367877, score : -4509.887400706677, Time : 21.969 s
Timestep : 376636, score : -4595.970380270184, Time : 22.068 s
Timestep : 385395, score : -4522.252507382451, Time : 21.309 s
Timestep : 394154, score : -4459.817898970476, Time : 21.807 s
Timestep : 402913, score : -4348.799218028231, Time : 21.944 s
Timestep : 411672, score : -4683.874336512206, Time : 21.834 s
Timestep : 420431, score : -4561.231526264251, Time : 21.903 s
Timestep : 429190, score : -4628.455633570702, Time : 21.866 s
Timestep : 437949, score : -4610.543595979063, Time : 21.749 s
Timestep : 446708, score : -4459.181841062455, Time : 21.609 s
Timestep : 455467, score : -4546.928311895026, Time : 21.632 s
Timestep : 464226, score : -4589.370270313491, Time : 21.64 s
Timestep : 472985, score : -4609.544106296642, Time : 21.855 s
Timestep : 481744, score : -4686.354503726034, Time : 21.65 s
Timestep : 490503, score : -4436.886658885895, Time : 21.737 s
Timestep : 499262, score : -4442.962154187684, Time : 21.879 s
Timestep : 508021, score : -4461.071626578254, Time : 22.725 s
Timestep : 516780, score : -4461.558445502451, Time : 21.922 s
Timestep : 525539, score : -4512.983021126507, Time : 21.886 s
Timestep : 534298, score : -4598.188827907114, Time : 21.931 s
Timestep : 543057, score : -4509.591979929624, Time : 21.761 s
Timestep : 551816, score : -4433.396632691292, Time : 21.442 s
Timestep : 560575, score : -4523.484745161055, Time : 21.513 s
Timestep : 569334, score : -4501.945513437415, Time : 21.741 s
Timestep : 578093, score : -4521.17352122665, Time : 21.775 s
Timestep : 586852, score : -4664.40734411162, Time : 21.769 s
Timestep : 595611, score : -4552.288023469417, Time : 21.797 s
Timestep : 604370, score : -4526.382594075432, Time : 21.947 s
Timestep : 613129, score : -4600.880731874524, Time : 21.923 s
Timestep : 621888, score : -4557.926136370195, Time : 21.843 s
Timestep : 630647, score : -4499.007841525512, Time : 21.439 s
Timestep : 639406, score : -4574.306684317911, Time : 21.378 s
Timestep : 648165, score : -4586.346562699793, Time : 21.521 s
Timestep : 656924, score : -4604.383939763909, Time : 21.466 s
Timestep : 665683, score : -4591.073894176079, Time : 21.479 s
Timestep : 674442, score : -4464.510524809855, Time : 21.429 s
Timestep : 683201, score : -4516.557836977212, Time : 21.421 s
Timestep : 691960, score : -4502.568043792067, Time : 21.413 s
Timestep : 700719, score : -4523.421241324773, Time : 21.442 s
Timestep : 709478, score : -4390.962902554573, Time : 21.353 s
Timestep : 718237, score : -4552.707381674467, Time : 21.675 s
Timestep : 726996, score : -4377.613659351511, Time : 21.373 s
Timestep : 735755, score : -4667.137417910999, Time : 21.367 s
Timestep : 744514, score : -4487.389548345847, Time : 21.479 s
Timestep : 753273, score : -4527.909823273687, Time : 21.804 s
Timestep : 762032, score : -4376.772416093765, Time : 21.668 s
Timestep : 770791, score : -4563.185135811946, Time : 21.67 s
Timestep : 779550, score : -4443.544022207527, Time : 21.79 s
Timestep : 788309, score : -4544.73242471405, Time : 21.741 s
Timestep : 797068, score : -4483.719555824442, Time : 21.959 s
Timestep : 805827, score : -4520.794539039402, Time : 21.469 s
Timestep : 814586, score : -4522.6286133880785, Time : 21.767 s
Timestep : 823345, score : -4498.41083202351, Time : 21.736 s
Timestep : 832104, score : -4546.827851892827, Time : 21.998 s
Timestep : 840863, score : -4641.842578727199, Time : 22.175 s
Timestep : 849622, score : -4469.807588166004, Time : 21.587 s
Timestep : 858381, score : -4617.998623692809, Time : 21.598 s
Timestep : 867140, score : -4579.77275830452, Time : 21.91 s
Timestep : 875899, score : -4492.22743678969, Time : 21.731 s
Starting local evaluation
Num Steps: 1000, Num episodes: 0
Num Steps: 2000, Num episodes: 0
Num Steps: 3000, Num episodes: 0
Num Steps: 4000, Num episodes: 0
Num Steps: 5000, Num episodes: 0
Num Steps: 6000, Num episodes: 0
Num Steps: 7000, Num episodes: 0
Num Steps: 8000, Num episodes: 0
Episode complete: 1 | Latest episode metrics: {'price_cost': 1.0237740052188355, 'emmision_cost': 1.0284718589703377}
[-0.26208224] -0.26208224247965567
Average Price Cost: 1.0237740052188355
Average Emmision Cost: 1.0284718589703377
Average of both costs: 1.0261229320945866
Total time taken by agent: 2.5365632619941607s
DONE!
