{'agent': 'DQN', 'action_selection': 'softmax', 'seed': 1, 'episodes': 100, 'data_path': 'data/citylearn_challenge_2022_phase_1', 'dry_run': False, 'n_discrete': 9, 'update_target': 16, 'lr': 0.0003, 'batch_size': 16, 'adam_epsilon': 1e-05, 'epsilon_final': 0.02, 'run_id': 77}
{'Notes': 'This is a tuning run, executed on a single building.',
 'action_selection': 'softmax',
 'adam_epsilon': 1e-05,
 'env': '<NormalizeObservation<OneHotHour<DiscreteSingle<CityLearnEnv '
        'instance>>>>',
 'final_exploration_rate': 0.02,
 'final_exploration_step': 1000,
 'gamma': 0.99,
 'initial_exploration_rate': 1,
 'learning_rate': 0.0003,
 'loss': 'mse',
 'minibatch_size': 16,
 'network': 'MLP(\n'
            '  (layers): Sequential(\n'
            '    (0): Linear(in_features=29, out_features=128, bias=True)\n'
            '    (1): ReLU()\n'
            '    (2): Linear(in_features=128, out_features=128, bias=True)\n'
            '    (3): ReLU()\n'
            '    (4): Linear(in_features=128, out_features=9, bias=True)\n'
            '  )\n'
            ')',
 'replay_buffer_size': 10000,
 'replay_start_size': 16,
 'seed': 1,
 'train_steps': 876000,
 'update_frequency': 1,
 'update_target_frequency': 16,
 'weight_scale': 1.4142135623730951}
Timestep : 8758, score : -4401.184345609421, Time : 22.15 s
Timestep : 17517, score : -4721.907427124286, Time : 22.805 s
Timestep : 26276, score : -4441.279571467152, Time : 22.884 s
Timestep : 35035, score : -4559.199718595555, Time : 22.799 s
Timestep : 43794, score : -4458.937739763904, Time : 22.336 s
Timestep : 52553, score : -4335.3706646979845, Time : 22.648 s
Timestep : 61312, score : -3974.100072981819, Time : 23.041 s
Timestep : 70071, score : -3746.025002808572, Time : 23.078 s
Timestep : 78830, score : -2858.0376410774916, Time : 23.351 s
Timestep : 87589, score : -3268.6450143870024, Time : 23.048 s
Timestep : 96348, score : -2864.9518077409884, Time : 22.593 s
Timestep : 105107, score : -2855.393185031746, Time : 22.629 s
Timestep : 113866, score : -3064.083178515779, Time : 22.84 s
Timestep : 122625, score : -3000.5996406023914, Time : 22.405 s
Timestep : 131384, score : -3151.946264971819, Time : 22.372 s
Timestep : 140143, score : -2878.239778857358, Time : 22.537 s
Timestep : 148902, score : -2573.699787104415, Time : 22.494 s
Timestep : 157661, score : -2600.5138844038884, Time : 22.474 s
Timestep : 166420, score : -2581.5277691504743, Time : 23.549 s
Timestep : 175179, score : -2592.2801359875884, Time : 22.859 s
Timestep : 183938, score : -2631.8794330034434, Time : 22.83 s
Timestep : 192697, score : -2681.1399837577774, Time : 23.033 s
Timestep : 201456, score : -2500.7316856454854, Time : 22.959 s
Timestep : 210215, score : -2806.774223706132, Time : 23.089 s
Timestep : 218974, score : -2404.132008653891, Time : 23.029 s
Timestep : 227733, score : -2477.45217717535, Time : 23.052 s
Timestep : 236492, score : -1904.708847705304, Time : 23.095 s
Timestep : 245251, score : -2145.416437738648, Time : 23.089 s
Timestep : 254010, score : -2153.934397077246, Time : 23.522 s
Timestep : 262769, score : -2488.5010903389484, Time : 23.098 s
Timestep : 271528, score : -2245.789546558546, Time : 23.053 s
Timestep : 280287, score : -2226.5062940832286, Time : 22.566 s
Timestep : 289046, score : -1772.3119757923123, Time : 23.104 s
Timestep : 297805, score : -2037.5109915385547, Time : 23.1 s
Timestep : 306564, score : -2531.7522150295845, Time : 23.047 s
Timestep : 315323, score : -2281.3074465714453, Time : 22.973 s
Timestep : 324082, score : -1961.0990215356287, Time : 23.127 s
Timestep : 332841, score : -2157.246748811478, Time : 22.756 s
Timestep : 341600, score : -2274.65652160396, Time : 23.488 s
Timestep : 350359, score : -1993.1041753988538, Time : 23.223 s
Timestep : 359118, score : -1991.2817287897487, Time : 22.511 s
Timestep : 367877, score : -1960.1414004315448, Time : 23.091 s
Timestep : 376636, score : -1904.3203939408122, Time : 23.09 s
Timestep : 385395, score : -2049.6619163037103, Time : 23.054 s
Timestep : 394154, score : -2005.8894163925725, Time : 23.125 s
Timestep : 402913, score : -1985.4587744933378, Time : 23.121 s
Timestep : 411672, score : -1985.1602069686924, Time : 23.115 s
Timestep : 420431, score : -2082.855973785423, Time : 22.971 s
Timestep : 429190, score : -1870.9269721771416, Time : 23.365 s
Timestep : 437949, score : -1753.7254791986452, Time : 22.791 s
Timestep : 446708, score : -1866.4235598326486, Time : 22.699 s
Timestep : 455467, score : -1862.9386297513556, Time : 23.089 s
Timestep : 464226, score : -1584.3242242709093, Time : 22.504 s
Timestep : 472985, score : -1938.4480893546424, Time : 22.44 s
Timestep : 481744, score : -1854.2022843617597, Time : 22.562 s
Timestep : 490503, score : -1916.128936048859, Time : 22.438 s
Timestep : 499262, score : -1671.2714520748996, Time : 22.461 s
Timestep : 508021, score : -1809.8243927910517, Time : 22.999 s
Timestep : 516780, score : -1864.4362421647238, Time : 23.33 s
Timestep : 525539, score : -1832.8605120317443, Time : 23.437 s
Timestep : 534298, score : -1550.5794207435392, Time : 22.696 s
Timestep : 543057, score : -1664.5141772884235, Time : 23.09 s
Timestep : 551816, score : -1592.2037815026997, Time : 23.061 s
Timestep : 560575, score : -1754.5929299354611, Time : 22.464 s
Timestep : 569334, score : -1734.4862975997676, Time : 22.986 s
Timestep : 578093, score : -1486.51552648496, Time : 22.583 s
Timestep : 586852, score : -1718.6195514246647, Time : 22.676 s
Timestep : 595611, score : -1589.5754928930255, Time : 22.518 s
Timestep : 604370, score : -1736.5143824707775, Time : 22.908 s
Timestep : 613129, score : -1653.633507116494, Time : 23.511 s
Timestep : 621888, score : -1708.826303603506, Time : 23.091 s
Timestep : 630647, score : -1605.2982976099302, Time : 22.861 s
Timestep : 639406, score : -1747.9531392448407, Time : 23.065 s
Timestep : 648165, score : -1564.4605805810133, Time : 23.081 s
Timestep : 656924, score : -1665.191957152827, Time : 22.876 s
Timestep : 665683, score : -1650.0095662179228, Time : 22.427 s
Timestep : 674442, score : -1665.4649274421681, Time : 22.781 s
Timestep : 683201, score : -1440.5944433163677, Time : 23.042 s
Timestep : 691960, score : -1349.5116442248982, Time : 23.17 s
Timestep : 700719, score : -1563.3345290090365, Time : 23.446 s
Timestep : 709478, score : -1498.3383324139577, Time : 23.108 s
Timestep : 718237, score : -1574.5527446701017, Time : 22.549 s
Timestep : 726996, score : -1452.6029688237759, Time : 23.041 s
Timestep : 735755, score : -1552.070873407094, Time : 22.723 s
Timestep : 744514, score : -1268.7312479035754, Time : 22.821 s
Timestep : 753273, score : -1513.4299314191157, Time : 22.957 s
Timestep : 762032, score : -1509.6452735180792, Time : 23.053 s
Timestep : 770791, score : -1505.6364920509805, Time : 23.024 s
Timestep : 779550, score : -1502.9839234014798, Time : 23.11 s
Timestep : 788309, score : -1553.4701136818912, Time : 23.382 s
Timestep : 797068, score : -1602.1490895820607, Time : 22.908 s
Timestep : 805827, score : -1376.6883382275992, Time : 22.607 s
Timestep : 814586, score : -1284.9673975759943, Time : 23.039 s
Timestep : 823345, score : -1466.250208622805, Time : 22.949 s
Timestep : 832104, score : -1540.1353469336464, Time : 22.853 s
Timestep : 840863, score : -1426.1268623739306, Time : 22.904 s
Timestep : 849622, score : -1412.1067827672523, Time : 22.911 s
Timestep : 858381, score : -1461.5405850896204, Time : 22.929 s
Timestep : 867140, score : -1409.1379483023484, Time : 23.144 s
Timestep : 875899, score : -1301.066604675987, Time : 23.481 s
Starting local evaluation
Num Steps: 1000, Num episodes: 0
Num Steps: 2000, Num episodes: 0
Num Steps: 3000, Num episodes: 0
Num Steps: 4000, Num episodes: 0
Num Steps: 5000, Num episodes: 0
Num Steps: 6000, Num episodes: 0
Num Steps: 7000, Num episodes: 0
Num Steps: 8000, Num episodes: 0
Episode complete: 1 | Latest episode metrics: {'price_cost': 0.8346312452556399, 'emmision_cost': 0.9164700580072056}
[-0.0748321] -0.07483210468320292
Average Price Cost: 0.8346312452556399
Average Emmision Cost: 0.9164700580072056
Average of both costs: 0.8755506516314228
Total time taken by agent: 3.910234400012996s
DONE!
