{'agent': 'DQN', 'action_selection': 'softmax', 'seed': 1, 'episodes': 100, 'data_path': 'data/citylearn_challenge_2022_phase_1', 'dry_run': False, 'n_discrete': 9, 'update_target': 4, 'lr': 0.007, 'batch_size': 128, 'adam_epsilon': 0.0001, 'epsilon_final': 0.02, 'run_id': 190}
{'Notes': 'This is a tuning run, executed on a single building.',
 'action_selection': 'softmax',
 'adam_epsilon': 0.0001,
 'env': '<NormalizeObservation<OneHotHour<DiscreteSingle<CityLearnEnv '
        'instance>>>>',
 'final_exploration_rate': 0.02,
 'final_exploration_step': 1000,
 'gamma': 0.99,
 'initial_exploration_rate': 1,
 'learning_rate': 0.007,
 'loss': 'mse',
 'minibatch_size': 128,
 'network': 'MLP(\n'
            '  (layers): Sequential(\n'
            '    (0): Linear(in_features=29, out_features=128, bias=True)\n'
            '    (1): ReLU()\n'
            '    (2): Linear(in_features=128, out_features=128, bias=True)\n'
            '    (3): ReLU()\n'
            '    (4): Linear(in_features=128, out_features=9, bias=True)\n'
            '  )\n'
            ')',
 'replay_buffer_size': 10000,
 'replay_start_size': 128,
 'seed': 1,
 'train_steps': 876000,
 'update_frequency': 1,
 'update_target_frequency': 4,
 'weight_scale': 1.4142135623730951}
Timestep : 8758, score : -7449.41370462827, Time : 23.573 s
Timestep : 17517, score : -7810.760257661372, Time : 24.35 s
Timestep : 26276, score : -8257.20871437338, Time : 24.941 s
Timestep : 35035, score : -9487.230353373365, Time : 24.873 s
Timestep : 43794, score : -8281.346866964406, Time : 24.496 s
Timestep : 52553, score : -6927.014002384531, Time : 25.094 s
Timestep : 61312, score : -11122.825490762043, Time : 25.124 s
Timestep : 70071, score : -7874.220970258888, Time : 24.573 s
Timestep : 78830, score : -9450.682465069884, Time : 24.634 s
Timestep : 87589, score : -10797.227026749984, Time : 24.612 s
Timestep : 96348, score : -11473.631397454257, Time : 24.56 s
Timestep : 105107, score : -11931.831598429984, Time : 24.645 s
Timestep : 113866, score : -12337.816625729974, Time : 24.667 s
Timestep : 122625, score : -13045.590546373467, Time : 24.75 s
Timestep : 131384, score : -12087.275792982386, Time : 24.872 s
Timestep : 140143, score : -12412.468691131522, Time : 25.275 s
Timestep : 148902, score : -13148.002021794156, Time : 24.924 s
Timestep : 157661, score : -12275.186233011453, Time : 24.63 s
Timestep : 166420, score : -12824.846840744605, Time : 24.212 s
Timestep : 175179, score : -13128.418434190986, Time : 23.934 s
Timestep : 183938, score : -14007.749317628797, Time : 23.901 s
Timestep : 192697, score : -13723.551896372875, Time : 24.175 s
Timestep : 201456, score : -13499.409623869884, Time : 24.342 s
Timestep : 210215, score : -14465.223355125476, Time : 23.813 s
Timestep : 218974, score : -13222.662152172372, Time : 24.279 s
Timestep : 227733, score : -12915.046269507504, Time : 24.418 s
Timestep : 236492, score : -13187.925246833081, Time : 23.789 s
Timestep : 245251, score : -14463.660300780786, Time : 23.697 s
Timestep : 254010, score : -14810.582237011593, Time : 24.065 s
Timestep : 262769, score : -13594.562325972554, Time : 23.92 s
Timestep : 271528, score : -13763.274803893364, Time : 23.703 s
Timestep : 280287, score : -14332.271743464196, Time : 23.611 s
Timestep : 289046, score : -15267.466173479988, Time : 24.105 s
Timestep : 297805, score : -14887.693575610014, Time : 24.764 s
Timestep : 306564, score : -13752.672747678705, Time : 25.306 s
Timestep : 315323, score : -14281.252981462472, Time : 25.198 s
Timestep : 324082, score : -14171.973086958082, Time : 24.61 s
Timestep : 332841, score : -14954.412159431799, Time : 24.939 s
Timestep : 341600, score : -15275.223827155132, Time : 24.852 s
Timestep : 350359, score : -14063.370545127618, Time : 24.734 s
Timestep : 359118, score : -13753.662197110858, Time : 24.953 s
Timestep : 367877, score : -15202.233473759006, Time : 24.839 s
Timestep : 376636, score : -15076.740247998809, Time : 24.569 s
Timestep : 385395, score : -14228.512671219607, Time : 24.933 s
Timestep : 394154, score : -14171.552914301516, Time : 24.92 s
Timestep : 402913, score : -15721.002622679953, Time : 24.38 s
Timestep : 411672, score : -14727.933299064898, Time : 24.653 s
Timestep : 420431, score : -14701.39018111708, Time : 24.355 s
Timestep : 429190, score : -14190.477724779048, Time : 24.468 s
Timestep : 437949, score : -15453.673979587853, Time : 24.334 s
Timestep : 446708, score : -13654.986683950541, Time : 24.523 s
Timestep : 455467, score : -13255.898873973088, Time : 24.485 s
Timestep : 464226, score : -15087.032981798126, Time : 24.55 s
Timestep : 472985, score : -13927.784501111906, Time : 25.058 s
Timestep : 481744, score : -13934.819367057484, Time : 25.079 s
Timestep : 490503, score : -14407.225951743196, Time : 24.688 s
Timestep : 499262, score : -14149.326397157041, Time : 24.56 s
Timestep : 508021, score : -15591.231791180326, Time : 24.504 s
Timestep : 516780, score : -15167.213697217245, Time : 24.593 s
Timestep : 525539, score : -15129.68887395617, Time : 24.608 s
Timestep : 534298, score : -14171.623984292382, Time : 24.705 s
Timestep : 543057, score : -15203.6576856693, Time : 24.36 s
Timestep : 551816, score : -15149.737130368434, Time : 24.945 s
Timestep : 560575, score : -15802.003585181039, Time : 24.674 s
Timestep : 569334, score : -14610.895243025006, Time : 24.503 s
Timestep : 578093, score : -14589.41395618087, Time : 24.54 s
Timestep : 586852, score : -16125.742511188437, Time : 24.404 s
Timestep : 595611, score : -14571.99928108629, Time : 24.483 s
Timestep : 604370, score : -14103.027051485638, Time : 24.563 s
Timestep : 613129, score : -14904.855043407719, Time : 24.466 s
Timestep : 621888, score : -15508.03226578499, Time : 24.605 s
Timestep : 630647, score : -15691.970253840147, Time : 24.939 s
Timestep : 639406, score : -15116.062256578822, Time : 25.449 s
Timestep : 648165, score : -15237.254459240197, Time : 25.041 s
Timestep : 656924, score : -16408.91408543491, Time : 24.869 s
Timestep : 665683, score : -15691.326129470137, Time : 24.944 s
Timestep : 674442, score : -15564.13806797564, Time : 24.951 s
Timestep : 683201, score : -16137.408031385567, Time : 24.538 s
Timestep : 691960, score : -16703.445778393536, Time : 24.72 s
Timestep : 700719, score : -15650.727225917697, Time : 24.587 s
Timestep : 709478, score : -16158.438092703276, Time : 24.419 s
Timestep : 718237, score : -15486.999654755782, Time : 25.077 s
Timestep : 726996, score : -15550.137088545322, Time : 24.775 s
Timestep : 735755, score : -16321.509295680633, Time : 24.389 s
Timestep : 744514, score : -15862.43787404611, Time : 24.473 s
Timestep : 753273, score : -15573.457781461533, Time : 24.471 s
Timestep : 762032, score : -15902.317745967935, Time : 24.499 s
Timestep : 770791, score : -16640.69413503028, Time : 24.754 s
Timestep : 779550, score : -15411.281593425287, Time : 24.5 s
Timestep : 788309, score : -15623.987191490342, Time : 24.519 s
Timestep : 797068, score : -15741.826476639399, Time : 24.849 s
Timestep : 805827, score : -16568.43894021635, Time : 24.953 s
Timestep : 814586, score : -14571.7806121842, Time : 24.461 s
Timestep : 823345, score : -16477.582374481368, Time : 24.409 s
Timestep : 832104, score : -15333.131787611594, Time : 24.6 s
Timestep : 840863, score : -16456.356681542893, Time : 24.341 s
Timestep : 849622, score : -15660.365785438815, Time : 24.566 s
Timestep : 858381, score : -16315.453120198057, Time : 24.402 s
Timestep : 867140, score : -16334.144511896026, Time : 24.414 s
Timestep : 875899, score : -16300.441367476596, Time : 24.411 s
Starting local evaluation
Num Steps: 1000, Num episodes: 0
Num Steps: 2000, Num episodes: 0
Num Steps: 3000, Num episodes: 0
Num Steps: 4000, Num episodes: 0
Num Steps: 5000, Num episodes: 0
Num Steps: 6000, Num episodes: 0
Num Steps: 7000, Num episodes: 0
Num Steps: 8000, Num episodes: 0
Episode complete: 1 | Latest episode metrics: {'price_cost': 1.527585817387019, 'emmision_cost': 1.6416463748225045}
[-0.94644341] -0.9464434067231287
Average Price Cost: 1.527585817387019
Average Emmision Cost: 1.6416463748225045
Average of both costs: 1.5846160961047617
Total time taken by agent: 3.294850408565253s
DONE!
