{'agent': 'DQN', 'action_selection': 'softmax', 'seed': 1, 'episodes': 100, 'data_path': 'data/citylearn_challenge_2022_phase_1', 'dry_run': False, 'n_discrete': 9, 'update_target': 8, 'lr': 0.007, 'batch_size': 64, 'adam_epsilon': 1e-08, 'epsilon_final': 0.02, 'run_id': 148}
{'Notes': 'This is a tuning run, executed on a single building.',
 'action_selection': 'softmax',
 'adam_epsilon': 1e-08,
 'env': '<NormalizeObservation<OneHotHour<DiscreteSingle<CityLearnEnv '
        'instance>>>>',
 'final_exploration_rate': 0.02,
 'final_exploration_step': 1000,
 'gamma': 0.99,
 'initial_exploration_rate': 1,
 'learning_rate': 0.007,
 'loss': 'mse',
 'minibatch_size': 64,
 'network': 'MLP(\n'
            '  (layers): Sequential(\n'
            '    (0): Linear(in_features=29, out_features=128, bias=True)\n'
            '    (1): ReLU()\n'
            '    (2): Linear(in_features=128, out_features=128, bias=True)\n'
            '    (3): ReLU()\n'
            '    (4): Linear(in_features=128, out_features=9, bias=True)\n'
            '  )\n'
            ')',
 'replay_buffer_size': 10000,
 'replay_start_size': 64,
 'seed': 1,
 'train_steps': 876000,
 'update_frequency': 1,
 'update_target_frequency': 8,
 'weight_scale': 1.4142135623730951}
Timestep : 8758, score : -7913.059540810209, Time : 23.4 s
Timestep : 17517, score : -10221.419138172598, Time : 23.575 s
Timestep : 26276, score : -10092.800158671293, Time : 23.666 s
Timestep : 35035, score : -10347.8330981904, Time : 23.676 s
Timestep : 43794, score : -10792.169027659009, Time : 23.712 s
Timestep : 52553, score : -10563.383428026602, Time : 23.804 s
Timestep : 61312, score : -13973.131896766135, Time : 23.967 s
Timestep : 70071, score : -12012.694891463456, Time : 24.208 s
Timestep : 78830, score : -10912.439078919313, Time : 24.38 s
Timestep : 87589, score : -13769.462015032608, Time : 24.24 s
Timestep : 96348, score : -11994.145704382361, Time : 23.653 s
Timestep : 105107, score : -11776.155895868735, Time : 23.68 s
Timestep : 113866, score : -12426.971042491696, Time : 24.066 s
Timestep : 122625, score : -13554.053739482377, Time : 24.359 s
Timestep : 131384, score : -13302.203212312306, Time : 24.303 s
Timestep : 140143, score : -12321.624687322153, Time : 24.318 s
Timestep : 148902, score : -12221.614332696176, Time : 24.391 s
Timestep : 157661, score : -13250.533016573929, Time : 24.359 s
Timestep : 166420, score : -12542.979005387548, Time : 24.286 s
Timestep : 175179, score : -12208.389166979818, Time : 24.371 s
Timestep : 183938, score : -13008.932320648179, Time : 24.344 s
Timestep : 192697, score : -13268.7733920631, Time : 24.292 s
Timestep : 201456, score : -12619.869933315931, Time : 24.376 s
Timestep : 210215, score : -13712.781412456141, Time : 24.312 s
Timestep : 218974, score : -12755.343092629642, Time : 24.346 s
Timestep : 227733, score : -12766.490642110155, Time : 24.293 s
Timestep : 236492, score : -13341.502997551514, Time : 24.23 s
Timestep : 245251, score : -12978.999628865, Time : 23.758 s
Timestep : 254010, score : -13151.229728690945, Time : 23.788 s
Timestep : 262769, score : -13076.986342098604, Time : 23.757 s
Timestep : 271528, score : -12889.939106902297, Time : 23.741 s
Timestep : 280287, score : -13070.086918471454, Time : 23.953 s
Timestep : 289046, score : -13612.53765979028, Time : 23.663 s
Timestep : 297805, score : -14103.35713556761, Time : 24.057 s
Timestep : 306564, score : -13503.459902315357, Time : 24.205 s
Timestep : 315323, score : -12858.772354194545, Time : 23.582 s
Timestep : 324082, score : -12512.409862797424, Time : 23.757 s
Timestep : 332841, score : -12603.95517319384, Time : 23.748 s
Timestep : 341600, score : -12495.087069972244, Time : 23.682 s
Timestep : 350359, score : -12879.657087127474, Time : 23.846 s
Timestep : 359118, score : -12499.214434994268, Time : 23.744 s
Timestep : 367877, score : -13504.124762012332, Time : 23.737 s
Timestep : 376636, score : -13541.93811223116, Time : 23.546 s
Timestep : 385395, score : -12757.979505965879, Time : 24.401 s
Timestep : 394154, score : -13103.45190513409, Time : 24.074 s
Timestep : 402913, score : -12309.223705434826, Time : 23.968 s
Timestep : 411672, score : -13234.068930423426, Time : 24.222 s
Timestep : 420431, score : -13057.206644918537, Time : 24.228 s
Timestep : 429190, score : -13575.110272257087, Time : 24.141 s
Timestep : 437949, score : -11760.358575591716, Time : 24.284 s
Timestep : 446708, score : -13516.441932157031, Time : 24.346 s
Timestep : 455467, score : -13252.10975488108, Time : 24.279 s
Timestep : 464226, score : -12897.425130622054, Time : 24.418 s
Timestep : 472985, score : -12461.134808633731, Time : 24.397 s
Timestep : 481744, score : -13383.531864896955, Time : 24.241 s
Timestep : 490503, score : -13073.523393914104, Time : 24.442 s
Timestep : 499262, score : -13086.764629118217, Time : 23.731 s
Timestep : 508021, score : -13169.716611873286, Time : 23.706 s
Timestep : 516780, score : -14544.188039846955, Time : 23.811 s
Timestep : 525539, score : -12498.332625619441, Time : 23.691 s
Timestep : 534298, score : -12908.96491724081, Time : 23.916 s
Timestep : 543057, score : -14235.361596702249, Time : 24.374 s
Timestep : 551816, score : -13233.434508010152, Time : 24.149 s
Timestep : 560575, score : -13234.418864529303, Time : 24.317 s
Timestep : 569334, score : -12492.519790071674, Time : 24.369 s
Timestep : 578093, score : -14067.374729674731, Time : 24.019 s
Timestep : 586852, score : -13615.422817873608, Time : 24.097 s
Timestep : 595611, score : -12985.949020129105, Time : 24.25 s
Timestep : 604370, score : -12268.685453156286, Time : 24.259 s
Timestep : 613129, score : -12613.040873629856, Time : 24.278 s
Timestep : 621888, score : -12906.490878694021, Time : 24.278 s
Timestep : 630647, score : -12938.08429480638, Time : 24.292 s
Timestep : 639406, score : -13000.568223400463, Time : 24.285 s
Timestep : 648165, score : -12904.54301863299, Time : 24.276 s
Timestep : 656924, score : -12916.34116324762, Time : 24.306 s
Timestep : 665683, score : -13340.488469420816, Time : 24.291 s
Timestep : 674442, score : -12658.082725785862, Time : 24.33 s
Timestep : 683201, score : -11967.716340259183, Time : 24.339 s
Timestep : 691960, score : -13039.48024538955, Time : 24.311 s
Timestep : 700719, score : -13838.61376717077, Time : 24.325 s
Timestep : 709478, score : -13335.332315079286, Time : 24.31 s
Timestep : 718237, score : -13442.010794265268, Time : 24.305 s
Timestep : 726996, score : -12993.487721461337, Time : 24.299 s
Timestep : 735755, score : -12626.315833785295, Time : 24.339 s
Timestep : 744514, score : -12384.391018456896, Time : 24.308 s
Timestep : 753273, score : -12682.010590195314, Time : 24.309 s
Timestep : 762032, score : -12860.790890877208, Time : 24.29 s
Timestep : 770791, score : -13342.687983720069, Time : 24.316 s
Timestep : 779550, score : -13032.246055804499, Time : 24.308 s
Timestep : 788309, score : -13250.099084458256, Time : 24.296 s
Timestep : 797068, score : -12831.786503254858, Time : 24.321 s
Timestep : 805827, score : -12812.759934740796, Time : 24.3 s
Timestep : 814586, score : -12823.316371159402, Time : 24.278 s
Timestep : 823345, score : -13079.692986022215, Time : 23.884 s
Timestep : 832104, score : -12872.722374721197, Time : 24.102 s
Timestep : 840863, score : -13034.821900758616, Time : 24.394 s
Timestep : 849622, score : -13341.43439312787, Time : 24.231 s
Timestep : 858381, score : -13025.619860906765, Time : 23.714 s
Timestep : 867140, score : -12474.28000482847, Time : 23.737 s
Timestep : 875899, score : -13563.288155615344, Time : 23.73 s
Starting local evaluation
Num Steps: 1000, Num episodes: 0
Num Steps: 2000, Num episodes: 0
Num Steps: 3000, Num episodes: 0
Num Steps: 4000, Num episodes: 0
Num Steps: 5000, Num episodes: 0
Num Steps: 6000, Num episodes: 0
Num Steps: 7000, Num episodes: 0
Num Steps: 8000, Num episodes: 0
Episode complete: 1 | Latest episode metrics: {'price_cost': 1.0006745291063845, 'emmision_cost': 1.0009661428316559}
[-0.23106307] -0.23106307175943513
Average Price Cost: 1.0006745291063845
Average Emmision Cost: 1.0009661428316559
Average of both costs: 1.0008203359690202
Total time taken by agent: 4.8387742675840855s
DONE!
