{'agent': 'DQN', 'action_selection': 'softmax', 'seed': 1, 'episodes': 100, 'data_path': 'data/citylearn_challenge_2022_phase_1', 'dry_run': False, 'n_discrete': 9, 'update_target': 4, 'lr': 0.001, 'batch_size': 4, 'adam_epsilon': 1e-10, 'epsilon_final': 0.02, 'run_id': 34}
{'Notes': 'This is a tuning run, executed on a single building.',
 'action_selection': 'softmax',
 'adam_epsilon': 1e-10,
 'env': '<NormalizeObservation<OneHotHour<DiscreteSingle<CityLearnEnv '
        'instance>>>>',
 'final_exploration_rate': 0.02,
 'final_exploration_step': 1000,
 'gamma': 0.99,
 'initial_exploration_rate': 1,
 'learning_rate': 0.001,
 'loss': 'mse',
 'minibatch_size': 4,
 'network': 'MLP(\n'
            '  (layers): Sequential(\n'
            '    (0): Linear(in_features=29, out_features=128, bias=True)\n'
            '    (1): ReLU()\n'
            '    (2): Linear(in_features=128, out_features=128, bias=True)\n'
            '    (3): ReLU()\n'
            '    (4): Linear(in_features=128, out_features=9, bias=True)\n'
            '  )\n'
            ')',
 'replay_buffer_size': 10000,
 'replay_start_size': 4,
 'seed': 1,
 'train_steps': 876000,
 'update_frequency': 1,
 'update_target_frequency': 4,
 'weight_scale': 1.4142135623730951}
Timestep : 8758, score : -6371.108695894509, Time : 21.274 s
Timestep : 17517, score : -11299.441221613975, Time : 21.556 s
Timestep : 26276, score : -8866.737292854072, Time : 21.364 s
Timestep : 35035, score : -9419.862212138556, Time : 21.898 s
Timestep : 43794, score : -9032.694708568117, Time : 21.245 s
Timestep : 52553, score : -7389.604710662694, Time : 21.025 s
Timestep : 61312, score : -8005.043140900161, Time : 21.123 s
Timestep : 70071, score : -7495.6844490079675, Time : 21.123 s
Timestep : 78830, score : -7752.6554786683555, Time : 21.018 s
Timestep : 87589, score : -7096.570549729309, Time : 21.074 s
Timestep : 96348, score : -7566.886569384282, Time : 21.437 s
Timestep : 105107, score : -7822.573686870834, Time : 21.858 s
Timestep : 113866, score : -8314.812412514613, Time : 21.467 s
Timestep : 122625, score : -7004.455263944255, Time : 21.883 s
Timestep : 131384, score : -7989.196296268055, Time : 21.503 s
Timestep : 140143, score : -7302.7551935460215, Time : 21.188 s
Timestep : 148902, score : -6929.017222932031, Time : 21.777 s
Timestep : 157661, score : -7384.902829983577, Time : 22.071 s
Timestep : 166420, score : -7030.507781763452, Time : 22.017 s
Timestep : 175179, score : -7454.070882764892, Time : 21.966 s
Timestep : 183938, score : -6812.17363545057, Time : 21.45 s
Timestep : 192697, score : -6826.847966016649, Time : 21.367 s
Timestep : 201456, score : -7602.416278029705, Time : 21.28 s
Timestep : 210215, score : -6943.949186148384, Time : 21.257 s
Timestep : 218974, score : -6876.74665129355, Time : 21.097 s
Timestep : 227733, score : -7144.033954415412, Time : 21.183 s
Timestep : 236492, score : -6810.700682400624, Time : 21.326 s
Timestep : 245251, score : -7178.672115038062, Time : 21.158 s
Timestep : 254010, score : -6920.774175286249, Time : 21.077 s
Timestep : 262769, score : -7220.609503955304, Time : 21.087 s
Timestep : 271528, score : -6807.505213572789, Time : 21.285 s
Timestep : 280287, score : -7079.296437865734, Time : 21.258 s
Timestep : 289046, score : -7048.763200121306, Time : 21.071 s
Timestep : 297805, score : -7020.3151168580225, Time : 21.08 s
Timestep : 306564, score : -6994.818736707588, Time : 21.139 s
Timestep : 315323, score : -7011.587097356358, Time : 21.278 s
Timestep : 324082, score : -7374.9768390209065, Time : 21.845 s
Timestep : 332841, score : -6889.665488697967, Time : 21.801 s
Timestep : 341600, score : -6884.887976831014, Time : 21.437 s
Timestep : 350359, score : -7244.3915836885135, Time : 21.621 s
Timestep : 359118, score : -6724.4321118940425, Time : 21.352 s
Timestep : 367877, score : -6824.888750064027, Time : 21.524 s
Timestep : 376636, score : -6604.944255384529, Time : 21.278 s
Timestep : 385395, score : -6905.015073268005, Time : 21.19 s
Timestep : 394154, score : -6896.106846894443, Time : 21.12 s
Timestep : 402913, score : -7569.414286892512, Time : 21.057 s
Timestep : 411672, score : -6788.893783035179, Time : 21.074 s
Timestep : 420431, score : -6977.674934871335, Time : 21.243 s
Timestep : 429190, score : -7144.966038382525, Time : 21.427 s
Timestep : 437949, score : -6507.941866211622, Time : 21.752 s
Timestep : 446708, score : -7295.604853438286, Time : 21.227 s
Timestep : 455467, score : -6832.702654022054, Time : 21.113 s
Timestep : 464226, score : -6951.980392555895, Time : 21.257 s
Timestep : 472985, score : -7381.605038182068, Time : 21.262 s
Timestep : 481744, score : -6594.6269519585185, Time : 21.24 s
Timestep : 490503, score : -7197.8244308830035, Time : 21.229 s
Timestep : 499262, score : -6763.699467232829, Time : 21.264 s
Timestep : 508021, score : -7054.669535381632, Time : 21.452 s
Timestep : 516780, score : -7196.271904697598, Time : 21.218 s
Timestep : 525539, score : -6486.189165395132, Time : 21.282 s
Timestep : 534298, score : -7580.794914545957, Time : 21.262 s
Timestep : 543057, score : -6801.746050028436, Time : 21.127 s
Timestep : 551816, score : -6556.897220695755, Time : 21.116 s
Timestep : 560575, score : -7165.775363989247, Time : 21.272 s
Timestep : 569334, score : -7229.824154191447, Time : 21.21 s
Timestep : 578093, score : -6964.652118440674, Time : 21.182 s
Timestep : 586852, score : -6749.404097446197, Time : 21.365 s
Timestep : 595611, score : -7136.824774421242, Time : 21.381 s
Timestep : 604370, score : -6874.502359542836, Time : 21.322 s
Timestep : 613129, score : -7106.839536756437, Time : 21.032 s
Timestep : 621888, score : -7384.928746813006, Time : 21.19 s
Timestep : 630647, score : -6759.177079346875, Time : 21.315 s
Timestep : 639406, score : -6991.859630698076, Time : 21.486 s
Timestep : 648165, score : -6704.679101509813, Time : 21.394 s
Timestep : 656924, score : -7528.2131209066865, Time : 21.163 s
Timestep : 665683, score : -7199.324688640496, Time : 21.11 s
Timestep : 674442, score : -6655.119039632642, Time : 21.257 s
Timestep : 683201, score : -7650.652480767065, Time : 21.549 s
Timestep : 691960, score : -7214.200781321342, Time : 21.88 s
Timestep : 700719, score : -7715.958475557418, Time : 21.728 s
Timestep : 709478, score : -7808.303118447802, Time : 21.546 s
Timestep : 718237, score : -7404.276786962131, Time : 21.684 s
Timestep : 726996, score : -7291.199488784259, Time : 21.834 s
Timestep : 735755, score : -7446.349678395156, Time : 21.956 s
Timestep : 744514, score : -7053.2658638814755, Time : 22.069 s
Timestep : 753273, score : -7244.480779655656, Time : 21.957 s
Timestep : 762032, score : -7362.396126133768, Time : 22.073 s
Timestep : 770791, score : -6886.6944029260485, Time : 22.008 s
Timestep : 779550, score : -7145.252804981777, Time : 21.922 s
Timestep : 788309, score : -7314.738018405114, Time : 21.583 s
Timestep : 797068, score : -7795.209435870551, Time : 21.626 s
Timestep : 805827, score : -7494.3692407575, Time : 21.253 s
Timestep : 814586, score : -7602.646358760452, Time : 21.394 s
Timestep : 823345, score : -7451.611653635933, Time : 21.588 s
Timestep : 832104, score : -7756.094971765677, Time : 21.732 s
Timestep : 840863, score : -7444.611147738789, Time : 22.027 s
Timestep : 849622, score : -7341.582190015732, Time : 21.693 s
Timestep : 858381, score : -7107.355581853451, Time : 21.552 s
Timestep : 867140, score : -6988.180854220205, Time : 21.464 s
Timestep : 875899, score : -7850.965750488991, Time : 21.372 s
Starting local evaluation
Num Steps: 1000, Num episodes: 0
Num Steps: 2000, Num episodes: 0
Num Steps: 3000, Num episodes: 0
Num Steps: 4000, Num episodes: 0
Num Steps: 5000, Num episodes: 0
Num Steps: 6000, Num episodes: 0
Num Steps: 7000, Num episodes: 0
Num Steps: 8000, Num episodes: 0
Episode complete: 1 | Latest episode metrics: {'price_cost': 1.3951396974691186, 'emmision_cost': 1.6804984125804165}
[-0.88445674] -0.8844567420444766
Average Price Cost: 1.3951396974691186
Average Emmision Cost: 1.6804984125804165
Average of both costs: 1.5378190550247677
Total time taken by agent: 3.781366880517453s
DONE!
