{'agent': 'DQN', 'action_selection': 'softmax', 'seed': 1, 'episodes': 100, 'data_path': 'data/citylearn_challenge_2022_phase_1', 'dry_run': False, 'n_discrete': 9, 'update_target': 16, 'lr': 0.0003, 'batch_size': 16, 'adam_epsilon': 1e-09, 'epsilon_final': 0.02, 'run_id': 112}
{'Notes': 'This is a tuning run, executed on a single building.',
 'action_selection': 'softmax',
 'adam_epsilon': 1e-09,
 'env': '<NormalizeObservation<OneHotHour<DiscreteSingle<CityLearnEnv '
        'instance>>>>',
 'final_exploration_rate': 0.02,
 'final_exploration_step': 1000,
 'gamma': 0.99,
 'initial_exploration_rate': 1,
 'learning_rate': 0.0003,
 'loss': 'mse',
 'minibatch_size': 16,
 'network': 'MLP(\n'
            '  (layers): Sequential(\n'
            '    (0): Linear(in_features=29, out_features=128, bias=True)\n'
            '    (1): ReLU()\n'
            '    (2): Linear(in_features=128, out_features=128, bias=True)\n'
            '    (3): ReLU()\n'
            '    (4): Linear(in_features=128, out_features=9, bias=True)\n'
            '  )\n'
            ')',
 'replay_buffer_size': 10000,
 'replay_start_size': 16,
 'seed': 1,
 'train_steps': 876000,
 'update_frequency': 1,
 'update_target_frequency': 16,
 'weight_scale': 1.4142135623730951}
Timestep : 8758, score : -4416.475880558515, Time : 20.76 s
Timestep : 17517, score : -4759.3236498125625, Time : 20.868 s
Timestep : 26276, score : -4492.332288733756, Time : 21.178 s
Timestep : 35035, score : -4438.394309975585, Time : 21.233 s
Timestep : 43794, score : -4361.908824301703, Time : 21.247 s
Timestep : 52553, score : -4360.985505276738, Time : 21.169 s
Timestep : 61312, score : -4236.184435747942, Time : 21.246 s
Timestep : 70071, score : -4234.09008346629, Time : 21.309 s
Timestep : 78830, score : -4224.208855351229, Time : 21.091 s
Timestep : 87589, score : -4016.3117777969746, Time : 20.946 s
Timestep : 96348, score : -4048.4131838934554, Time : 21.204 s
Timestep : 105107, score : -3742.791328372812, Time : 21.283 s
Timestep : 113866, score : -3506.655630148278, Time : 21.271 s
Timestep : 122625, score : -3806.4720886024006, Time : 21.305 s
Timestep : 131384, score : -3491.8402480067743, Time : 21.264 s
Timestep : 140143, score : -3577.8822922064282, Time : 21.15 s
Timestep : 148902, score : -3368.6019544339797, Time : 21.122 s
Timestep : 157661, score : -3342.28850136025, Time : 21.268 s
Timestep : 166420, score : -2746.906946801959, Time : 21.349 s
Timestep : 175179, score : -2600.6507463392627, Time : 21.301 s
Timestep : 183938, score : -2990.79667998114, Time : 21.053 s
Timestep : 192697, score : -3159.7902488758846, Time : 20.877 s
Timestep : 201456, score : -2960.302975696657, Time : 20.847 s
Timestep : 210215, score : -3404.206718539499, Time : 21.049 s
Timestep : 218974, score : -3252.9777687677124, Time : 21.346 s
Timestep : 227733, score : -2806.1187573543575, Time : 21.309 s
Timestep : 236492, score : -2773.198498946178, Time : 21.293 s
Timestep : 245251, score : -2753.3760065611277, Time : 21.323 s
Timestep : 254010, score : -2990.012519619806, Time : 21.15 s
Timestep : 262769, score : -3161.917286372074, Time : 21.302 s
Timestep : 271528, score : -2999.1118876203254, Time : 21.307 s
Timestep : 280287, score : -3021.9345882926427, Time : 21.308 s
Timestep : 289046, score : -2969.0954626755847, Time : 21.328 s
Timestep : 297805, score : -3037.5984017796873, Time : 21.336 s
Timestep : 306564, score : -3144.679401311936, Time : 21.33 s
Timestep : 315323, score : -3069.2921809366962, Time : 21.352 s
Timestep : 324082, score : -2715.701842827635, Time : 21.367 s
Timestep : 332841, score : -2715.4949018305924, Time : 21.239 s
Timestep : 341600, score : -2512.5768014684145, Time : 21.404 s
Timestep : 350359, score : -2832.6064957941708, Time : 21.365 s
Timestep : 359118, score : -2316.4407999326068, Time : 21.471 s
Timestep : 367877, score : -2176.4431267596956, Time : 21.244 s
Timestep : 376636, score : -2137.5071184232656, Time : 21.114 s
Timestep : 385395, score : -2546.4714805280382, Time : 21.049 s
Timestep : 394154, score : -2216.2296350620745, Time : 21.192 s
Timestep : 402913, score : -2084.545464052557, Time : 20.988 s
Timestep : 411672, score : -2282.302500295249, Time : 20.943 s
Timestep : 420431, score : -2331.0998214686115, Time : 20.939 s
Timestep : 429190, score : -2184.1588231858623, Time : 21.212 s
Timestep : 437949, score : -2222.681223959109, Time : 21.136 s
Timestep : 446708, score : -2171.765731091058, Time : 21.253 s
Timestep : 455467, score : -2230.2290074242337, Time : 21.345 s
Timestep : 464226, score : -1889.0131853743515, Time : 21.383 s
Timestep : 472985, score : -2333.4396138931916, Time : 21.356 s
Timestep : 481744, score : -2065.4481384217797, Time : 21.373 s
Timestep : 490503, score : -2263.8870474492724, Time : 21.367 s
Timestep : 499262, score : -1912.424856664642, Time : 21.374 s
Timestep : 508021, score : -1974.700213974138, Time : 21.408 s
Timestep : 516780, score : -2339.7811049169686, Time : 21.377 s
Timestep : 525539, score : -2032.0244932606874, Time : 21.391 s
Timestep : 534298, score : -1960.3524696885434, Time : 21.383 s
Timestep : 543057, score : -2096.0596689947706, Time : 21.227 s
Timestep : 551816, score : -2048.381653500983, Time : 21.363 s
Timestep : 560575, score : -1967.352959587617, Time : 21.386 s
Timestep : 569334, score : -2106.8926698210707, Time : 21.37 s
Timestep : 578093, score : -2024.022463670728, Time : 21.367 s
Timestep : 586852, score : -2260.3527464291838, Time : 21.354 s
Timestep : 595611, score : -1810.5424377730815, Time : 21.401 s
Timestep : 604370, score : -1757.075604805519, Time : 21.39 s
Timestep : 613129, score : -2205.575393317995, Time : 21.304 s
Timestep : 621888, score : -2160.7863967108133, Time : 21.358 s
Timestep : 630647, score : -2567.4580606071104, Time : 21.301 s
Timestep : 639406, score : -2263.841854497121, Time : 21.358 s
Timestep : 648165, score : -1989.1833131162566, Time : 21.361 s
Timestep : 656924, score : -1696.33557312208, Time : 21.391 s
Timestep : 665683, score : -1996.6985363171261, Time : 21.382 s
Timestep : 674442, score : -2067.012431373383, Time : 21.347 s
Timestep : 683201, score : -1707.925186251552, Time : 21.348 s
Timestep : 691960, score : -1918.3138749126374, Time : 21.341 s
Timestep : 700719, score : -1830.360759319883, Time : 21.367 s
Timestep : 709478, score : -1812.510239895375, Time : 21.361 s
Timestep : 718237, score : -2149.6687631259847, Time : 21.296 s
Timestep : 726996, score : -1606.9476874912507, Time : 21.342 s
Timestep : 735755, score : -1573.3538004836591, Time : 21.332 s
Timestep : 744514, score : -1640.9017474016873, Time : 21.362 s
Timestep : 753273, score : -1548.7275545136072, Time : 21.086 s
Timestep : 762032, score : -1655.9107763145876, Time : 21.354 s
Timestep : 770791, score : -1477.2825321234413, Time : 21.361 s
Timestep : 779550, score : -1591.8959781237354, Time : 21.367 s
Timestep : 788309, score : -1376.4987714517047, Time : 21.337 s
Timestep : 797068, score : -1518.629381146544, Time : 21.363 s
Timestep : 805827, score : -1447.1903423674594, Time : 21.361 s
Timestep : 814586, score : -1401.7230568424857, Time : 21.299 s
Timestep : 823345, score : -1431.4655407138034, Time : 21.341 s
Timestep : 832104, score : -1321.3152395880606, Time : 21.34 s
Timestep : 840863, score : -1617.6787818239245, Time : 21.382 s
Timestep : 849622, score : -1620.7416583946615, Time : 21.351 s
Timestep : 858381, score : -1495.0825494987366, Time : 21.35 s
Timestep : 867140, score : -1429.0992462041613, Time : 21.36 s
Timestep : 875899, score : -1466.63129066673, Time : 21.313 s
Starting local evaluation
Num Steps: 1000, Num episodes: 0
Num Steps: 2000, Num episodes: 0
Num Steps: 3000, Num episodes: 0
Num Steps: 4000, Num episodes: 0
Num Steps: 5000, Num episodes: 0
Num Steps: 6000, Num episodes: 0
Num Steps: 7000, Num episodes: 0
Num Steps: 8000, Num episodes: 0
Episode complete: 1 | Latest episode metrics: {'price_cost': 0.8165900054891304, 'emmision_cost': 0.9049541086575319}
[-0.05648051] -0.05648050969133099
Average Price Cost: 0.8165900054891304
Average Emmision Cost: 0.9049541086575319
Average of both costs: 0.8607720570733312
Total time taken by agent: 3.4528586408123374s
DONE!
