{'agent': 'DQN', 'action_selection': 'softmax', 'seed': 1, 'episodes': 100, 'data_path': 'data/citylearn_challenge_2022_phase_1', 'dry_run': False, 'n_discrete': 9, 'update_target': 16, 'lr': 0.003, 'batch_size': 4, 'adam_epsilon': 0.001, 'epsilon_final': 0.02, 'run_id': 37}
{'Notes': 'This is a tuning run, executed on a single building.',
 'action_selection': 'softmax',
 'adam_epsilon': 0.001,
 'env': '<NormalizeObservation<OneHotHour<DiscreteSingle<CityLearnEnv '
        'instance>>>>',
 'final_exploration_rate': 0.02,
 'final_exploration_step': 1000,
 'gamma': 0.99,
 'initial_exploration_rate': 1,
 'learning_rate': 0.003,
 'loss': 'mse',
 'minibatch_size': 4,
 'network': 'MLP(\n'
            '  (layers): Sequential(\n'
            '    (0): Linear(in_features=29, out_features=128, bias=True)\n'
            '    (1): ReLU()\n'
            '    (2): Linear(in_features=128, out_features=128, bias=True)\n'
            '    (3): ReLU()\n'
            '    (4): Linear(in_features=128, out_features=9, bias=True)\n'
            '  )\n'
            ')',
 'replay_buffer_size': 10000,
 'replay_start_size': 4,
 'seed': 1,
 'train_steps': 876000,
 'update_frequency': 1,
 'update_target_frequency': 16,
 'weight_scale': 1.4142135623730951}
Timestep : 8758, score : -5812.4948352147185, Time : 21.239 s
Timestep : 17517, score : -9291.343343832916, Time : 21.37 s
Timestep : 26276, score : -12151.5541479221, Time : 21.442 s
Timestep : 35035, score : -6295.070793519801, Time : 21.39 s
Timestep : 43794, score : -12410.617534948513, Time : 21.143 s
Timestep : 52553, score : -8287.3305106244, Time : 20.938 s
Timestep : 61312, score : -10429.916965345343, Time : 21.04 s
Timestep : 70071, score : -7927.094839065874, Time : 21.11 s
Timestep : 78830, score : -11246.902975630393, Time : 21.333 s
Timestep : 87589, score : -11485.346032203815, Time : 21.272 s
Timestep : 96348, score : -5018.991419237995, Time : 20.729 s
Timestep : 105107, score : -5030.077521189727, Time : 20.591 s
Timestep : 113866, score : -4680.320683834987, Time : 20.531 s
Timestep : 122625, score : -4842.828895942686, Time : 20.668 s
Timestep : 131384, score : -4557.61122418505, Time : 21.085 s
Timestep : 140143, score : -4648.215462842403, Time : 21.055 s
Timestep : 148902, score : -4672.0646878345, Time : 20.963 s
Timestep : 157661, score : -4697.501371398015, Time : 20.738 s
Timestep : 166420, score : -4511.632081001444, Time : 21.186 s
Timestep : 175179, score : -4643.887231023429, Time : 21.124 s
Timestep : 183938, score : -4352.959736227494, Time : 20.986 s
Timestep : 192697, score : -4388.84658563268, Time : 20.928 s
Timestep : 201456, score : -4305.404988980765, Time : 21.072 s
Timestep : 210215, score : -4429.989851189908, Time : 21.154 s
Timestep : 218974, score : -4492.728103524612, Time : 21.121 s
Timestep : 227733, score : -4360.491996262019, Time : 20.923 s
Timestep : 236492, score : -4443.924355410883, Time : 20.709 s
Timestep : 245251, score : -4315.005680793925, Time : 20.958 s
Timestep : 254010, score : -4265.189834767865, Time : 21.166 s
Timestep : 262769, score : -4341.790606666618, Time : 20.768 s
Timestep : 271528, score : -4391.838191436051, Time : 20.822 s
Timestep : 280287, score : -4367.210563066794, Time : 21.784 s
Timestep : 289046, score : -4290.752614772093, Time : 21.411 s
Timestep : 297805, score : -4284.291879420547, Time : 21.395 s
Timestep : 306564, score : -4167.972805315076, Time : 22.021 s
Timestep : 315323, score : -4217.315168479719, Time : 22.011 s
Timestep : 324082, score : -4294.932756961702, Time : 21.596 s
Timestep : 332841, score : -4191.364538875598, Time : 21.022 s
Timestep : 341600, score : -4205.861131866841, Time : 21.069 s
Timestep : 350359, score : -4206.550434568344, Time : 21.085 s
Timestep : 359118, score : -4238.587442121847, Time : 20.933 s
Timestep : 367877, score : -4265.013629949099, Time : 21.039 s
Timestep : 376636, score : -4258.58013481964, Time : 20.943 s
Timestep : 385395, score : -4203.139885706274, Time : 21.061 s
Timestep : 394154, score : -4109.01471777205, Time : 21.147 s
Timestep : 402913, score : -4121.2290125578, Time : 20.674 s
Timestep : 411672, score : -4150.440642545378, Time : 20.89 s
Timestep : 420431, score : -4151.925013011409, Time : 20.994 s
Timestep : 429190, score : -4154.905511655175, Time : 21.633 s
Timestep : 437949, score : -4157.868123670487, Time : 21.623 s
Timestep : 446708, score : -4278.986603097786, Time : 21.664 s
Timestep : 455467, score : -4159.575870733155, Time : 21.045 s
Timestep : 464226, score : -4283.1430381735845, Time : 20.901 s
Timestep : 472985, score : -4161.450108279852, Time : 20.976 s
Timestep : 481744, score : -4136.780120420648, Time : 20.91 s
Timestep : 490503, score : -4132.830337302672, Time : 21.074 s
Timestep : 499262, score : -4202.746282832144, Time : 21.102 s
Timestep : 508021, score : -4289.905338374971, Time : 21.224 s
Timestep : 516780, score : -4180.839786858676, Time : 21.01 s
Timestep : 525539, score : -4182.366303840099, Time : 20.764 s
Timestep : 534298, score : -4239.211828378873, Time : 21.044 s
Timestep : 543057, score : -4180.483872105746, Time : 20.857 s
Timestep : 551816, score : -4242.675551141991, Time : 21.068 s
Timestep : 560575, score : -4178.834635842737, Time : 21.138 s
Timestep : 569334, score : -4245.176131920336, Time : 21.014 s
Timestep : 578093, score : -4159.641476479737, Time : 21.01 s
Timestep : 586852, score : -4231.199360948434, Time : 21.378 s
Timestep : 595611, score : -4181.008671877353, Time : 21.673 s
Timestep : 604370, score : -4210.02506046652, Time : 21.652 s
Timestep : 613129, score : -4112.722865839867, Time : 21.669 s
Timestep : 621888, score : -4136.894322102336, Time : 22.057 s
Timestep : 630647, score : -4156.014841873111, Time : 21.928 s
Timestep : 639406, score : -4140.571281801356, Time : 22.008 s
Timestep : 648165, score : -4134.236266305117, Time : 21.599 s
Timestep : 656924, score : -4157.445928522764, Time : 21.659 s
Timestep : 665683, score : -4137.367874538904, Time : 21.487 s
Timestep : 674442, score : -4177.4849638560845, Time : 20.869 s
Timestep : 683201, score : -4086.8344125500007, Time : 21.047 s
Timestep : 691960, score : -4083.916343604593, Time : 20.891 s
Timestep : 700719, score : -4112.125895974605, Time : 21.025 s
Timestep : 709478, score : -4143.961723871907, Time : 20.891 s
Timestep : 718237, score : -4125.621490977152, Time : 21.207 s
Timestep : 726996, score : -4094.070825887291, Time : 20.771 s
Timestep : 735755, score : -4108.717103175266, Time : 20.588 s
Timestep : 744514, score : -4190.61782990527, Time : 20.503 s
Timestep : 753273, score : -4181.5075021511, Time : 20.719 s
Timestep : 762032, score : -4074.5413409074827, Time : 20.945 s
Timestep : 770791, score : -4076.5324240675254, Time : 20.762 s
Timestep : 779550, score : -4137.4786778608395, Time : 21.316 s
Timestep : 788309, score : -4142.683245359018, Time : 21.954 s
Timestep : 797068, score : -4179.101072094782, Time : 21.771 s
Timestep : 805827, score : -4110.189885317726, Time : 21.436 s
Timestep : 814586, score : -4150.81830090881, Time : 21.833 s
Timestep : 823345, score : -4152.181204461871, Time : 21.6 s
Timestep : 832104, score : -4163.986682038201, Time : 21.12 s
Timestep : 840863, score : -4230.727247650182, Time : 20.934 s
Timestep : 849622, score : -4138.587629781483, Time : 21.092 s
Timestep : 858381, score : -4131.465113304934, Time : 21.238 s
Timestep : 867140, score : -4123.449225855904, Time : 20.715 s
Timestep : 875899, score : -4133.715379710629, Time : 21.582 s
Starting local evaluation
Num Steps: 1000, Num episodes: 0
Num Steps: 2000, Num episodes: 0
Num Steps: 3000, Num episodes: 0
Num Steps: 4000, Num episodes: 0
Num Steps: 5000, Num episodes: 0
Num Steps: 6000, Num episodes: 0
Num Steps: 7000, Num episodes: 0
Num Steps: 8000, Num episodes: 0
Episode complete: 1 | Latest episode metrics: {'price_cost': 1.0040904399474244, 'emmision_cost': 1.0047140529091314}
[-0.23546174] -0.23546174391404137
Average Price Cost: 1.0040904399474244
Average Emmision Cost: 1.0047140529091314
Average of both costs: 1.004402246428278
Total time taken by agent: 3.3600108548998833s
DONE!
