{'agent': 'DQN', 'action_selection': 'softmax', 'seed': 1, 'episodes': 100, 'data_path': 'data/citylearn_challenge_2022_phase_1', 'dry_run': False, 'n_discrete': 9, 'update_target': 4, 'lr': 0.03, 'batch_size': 4, 'adam_epsilon': 1e-07, 'epsilon_final': 0.02, 'run_id': 192}
{'Notes': 'This is a tuning run, executed on a single building.',
 'action_selection': 'softmax',
 'adam_epsilon': 1e-07,
 'env': '<NormalizeObservation<OneHotHour<DiscreteSingle<CityLearnEnv '
        'instance>>>>',
 'final_exploration_rate': 0.02,
 'final_exploration_step': 1000,
 'gamma': 0.99,
 'initial_exploration_rate': 1,
 'learning_rate': 0.03,
 'loss': 'mse',
 'minibatch_size': 4,
 'network': 'MLP(\n'
            '  (layers): Sequential(\n'
            '    (0): Linear(in_features=29, out_features=128, bias=True)\n'
            '    (1): ReLU()\n'
            '    (2): Linear(in_features=128, out_features=128, bias=True)\n'
            '    (3): ReLU()\n'
            '    (4): Linear(in_features=128, out_features=9, bias=True)\n'
            '  )\n'
            ')',
 'replay_buffer_size': 10000,
 'replay_start_size': 4,
 'seed': 1,
 'train_steps': 876000,
 'update_frequency': 1,
 'update_target_frequency': 4,
 'weight_scale': 1.4142135623730951}
Timestep : 8758, score : -5317.825083422853, Time : 22.559 s
Timestep : 17517, score : -5685.537361180599, Time : 22.515 s
Timestep : 26276, score : -6355.9791848161985, Time : 22.542 s
Timestep : 35035, score : -6703.9539456393395, Time : 22.448 s
Timestep : 43794, score : -5340.465982162466, Time : 23.31 s
Timestep : 52553, score : -9268.737509880128, Time : 23.531 s
Timestep : 61312, score : -6623.311684907443, Time : 22.354 s
Timestep : 70071, score : -4326.843700782774, Time : 22.671 s
Timestep : 78830, score : -4269.734798859252, Time : 22.968 s
Timestep : 87589, score : -4110.609348631842, Time : 22.976 s
Timestep : 96348, score : -4348.627570188226, Time : 23.528 s
Timestep : 105107, score : -4170.531191663264, Time : 23.185 s
Timestep : 113866, score : -4189.466064517765, Time : 22.99 s
Timestep : 122625, score : -4207.721436870663, Time : 23.014 s
Timestep : 131384, score : -4137.679960942667, Time : 22.958 s
Timestep : 140143, score : -4263.853457291989, Time : 23.008 s
Timestep : 148902, score : -4060.234756225167, Time : 22.986 s
Timestep : 157661, score : -4174.215323980345, Time : 23.019 s
Timestep : 166420, score : -4149.282553918107, Time : 22.989 s
Timestep : 175179, score : -4165.516100378154, Time : 22.994 s
Timestep : 183938, score : -4171.323535719333, Time : 22.947 s
Timestep : 192697, score : -4172.660635901062, Time : 23.167 s
Timestep : 201456, score : -4072.033426307986, Time : 23.445 s
Timestep : 210215, score : -4204.307033892444, Time : 23.132 s
Timestep : 218974, score : -4237.253977859931, Time : 22.998 s
Timestep : 227733, score : -4147.316876634402, Time : 23.0 s
Timestep : 236492, score : -4125.341592154844, Time : 22.998 s
Timestep : 245251, score : -4164.373497547611, Time : 22.988 s
Timestep : 254010, score : -4114.5292014134175, Time : 23.048 s
Timestep : 262769, score : -4223.672807468363, Time : 23.029 s
Timestep : 271528, score : -4124.803630588023, Time : 22.985 s
Timestep : 280287, score : -4222.329076690046, Time : 23.025 s
Timestep : 289046, score : -4188.904174180847, Time : 23.008 s
Timestep : 297805, score : -4117.418263717933, Time : 23.209 s
Timestep : 306564, score : -4055.8302699824853, Time : 23.494 s
Timestep : 315323, score : -4160.859171278105, Time : 23.054 s
Timestep : 324082, score : -4198.631930349307, Time : 22.999 s
Timestep : 332841, score : -4125.578731179659, Time : 23.001 s
Timestep : 341600, score : -4207.990559780417, Time : 22.896 s
Timestep : 350359, score : -4126.080366072623, Time : 22.956 s
Timestep : 359118, score : -4162.381032965524, Time : 22.991 s
Timestep : 367877, score : -4180.8223824458255, Time : 22.997 s
Timestep : 376636, score : -4084.5417080199404, Time : 23.015 s
Timestep : 385395, score : -4128.681438898115, Time : 22.971 s
Timestep : 394154, score : -4111.260368449526, Time : 22.984 s
Timestep : 402913, score : -4142.033637813671, Time : 22.387 s
Timestep : 411672, score : -4237.278340848541, Time : 23.112 s
Timestep : 420431, score : -4139.04039440435, Time : 23.064 s
Timestep : 429190, score : -4114.884997996764, Time : 22.844 s
Timestep : 437949, score : -4094.215955811931, Time : 22.988 s
Timestep : 446708, score : -4207.275028355682, Time : 22.985 s
Timestep : 455467, score : -4087.089314173354, Time : 22.98 s
Timestep : 464226, score : -4226.934841384558, Time : 23.005 s
Timestep : 472985, score : -4170.022936550347, Time : 22.982 s
Timestep : 481744, score : -4106.212448058097, Time : 22.988 s
Timestep : 490503, score : -4195.9888420919015, Time : 22.707 s
Timestep : 499262, score : -4115.67443248388, Time : 22.717 s
Timestep : 508021, score : -4208.376125910698, Time : 23.085 s
Timestep : 516780, score : -4178.263033398805, Time : 23.301 s
Timestep : 525539, score : -4157.388635446696, Time : 22.831 s
Timestep : 534298, score : -4149.970212322107, Time : 22.821 s
Timestep : 543057, score : -4131.479824480979, Time : 22.814 s
Timestep : 551816, score : -4069.8281560404284, Time : 22.816 s
Timestep : 560575, score : -4154.755993410392, Time : 22.844 s
Timestep : 569334, score : -4236.9173286197765, Time : 22.825 s
Timestep : 578093, score : -4086.394553994207, Time : 22.818 s
Timestep : 586852, score : -4199.715621598443, Time : 22.816 s
Timestep : 595611, score : -4183.1911154984555, Time : 22.819 s
Timestep : 604370, score : -4169.77575041636, Time : 22.809 s
Timestep : 613129, score : -4069.7455818442686, Time : 23.086 s
Timestep : 621888, score : -4154.7382572269125, Time : 23.251 s
Timestep : 630647, score : -4170.543454127532, Time : 22.787 s
Timestep : 639406, score : -4115.134205828799, Time : 22.774 s
Timestep : 648165, score : -4230.264084553375, Time : 22.848 s
Timestep : 656924, score : -4149.912619970186, Time : 22.859 s
Timestep : 665683, score : -4066.245185413776, Time : 22.842 s
Timestep : 674442, score : -4188.412591970904, Time : 22.878 s
Timestep : 683201, score : -4079.757057995914, Time : 22.8 s
Timestep : 691960, score : -4077.1308466116025, Time : 22.732 s
Timestep : 700719, score : -4048.0334118207975, Time : 22.705 s
Timestep : 709478, score : -4133.2438360801025, Time : 22.539 s
Timestep : 718237, score : -4088.852960918477, Time : 22.749 s
Timestep : 726996, score : -4045.554555674462, Time : 22.935 s
Timestep : 735755, score : -4067.222665465815, Time : 22.472 s
Timestep : 744514, score : -4156.009129249869, Time : 22.509 s
Timestep : 753273, score : -4120.165713862894, Time : 22.492 s
Timestep : 762032, score : -4050.6840038796945, Time : 22.463 s
Timestep : 770791, score : -4044.314100851683, Time : 22.478 s
Timestep : 779550, score : -4102.271574804006, Time : 22.508 s
Timestep : 788309, score : -4194.647458461492, Time : 22.298 s
Timestep : 797068, score : -4181.864297700493, Time : 22.471 s
Timestep : 805827, score : -4094.7392872566415, Time : 22.478 s
Timestep : 814586, score : -4083.3044735923468, Time : 22.469 s
Timestep : 823345, score : -4180.344658078073, Time : 22.642 s
Timestep : 832104, score : -4176.804254633753, Time : 22.909 s
Timestep : 840863, score : -4113.193937600969, Time : 22.519 s
Timestep : 849622, score : -4067.940947925119, Time : 22.453 s
Timestep : 858381, score : -4102.594089992723, Time : 22.457 s
Timestep : 867140, score : -4181.598051691806, Time : 22.455 s
Timestep : 875899, score : -4081.8228659829183, Time : 22.473 s
Starting local evaluation
Num Steps: 1000, Num episodes: 0
Num Steps: 2000, Num episodes: 0
Num Steps: 3000, Num episodes: 0
Num Steps: 4000, Num episodes: 0
Num Steps: 5000, Num episodes: 0
Num Steps: 6000, Num episodes: 0
Num Steps: 7000, Num episodes: 0
Num Steps: 8000, Num episodes: 0
Episode complete: 1 | Latest episode metrics: {'price_cost': 1.000675825583972, 'emmision_cost': 1.0011163745179457}
[-0.23115246] -0.23115246072568285
Average Price Cost: 1.000675825583972
Average Emmision Cost: 1.0011163745179457
Average of both costs: 1.0008961000509589
Total time taken by agent: 3.607647259894293s
DONE!
