{'agent': 'DQN', 'action_selection': 'softmax', 'seed': 1, 'episodes': 100, 'data_path': 'data/citylearn_challenge_2022_phase_1', 'dry_run': False, 'n_discrete': 9, 'update_target': 16, 'lr': 0.07, 'batch_size': 8, 'adam_epsilon': 1e-08, 'epsilon_final': 0.02, 'run_id': 78}
{'Notes': 'This is a tuning run, executed on a single building.',
 'action_selection': 'softmax',
 'adam_epsilon': 1e-08,
 'env': '<NormalizeObservation<OneHotHour<DiscreteSingle<CityLearnEnv '
        'instance>>>>',
 'final_exploration_rate': 0.02,
 'final_exploration_step': 1000,
 'gamma': 0.99,
 'initial_exploration_rate': 1,
 'learning_rate': 0.07,
 'loss': 'mse',
 'minibatch_size': 8,
 'network': 'MLP(\n'
            '  (layers): Sequential(\n'
            '    (0): Linear(in_features=29, out_features=128, bias=True)\n'
            '    (1): ReLU()\n'
            '    (2): Linear(in_features=128, out_features=128, bias=True)\n'
            '    (3): ReLU()\n'
            '    (4): Linear(in_features=128, out_features=9, bias=True)\n'
            '  )\n'
            ')',
 'replay_buffer_size': 10000,
 'replay_start_size': 8,
 'seed': 1,
 'train_steps': 876000,
 'update_frequency': 1,
 'update_target_frequency': 16,
 'weight_scale': 1.4142135623730951}
Timestep : 8758, score : -4340.097574551037, Time : 22.499 s
Timestep : 17517, score : -4153.057095936878, Time : 22.452 s
Timestep : 26276, score : -4079.3035361407383, Time : 22.826 s
Timestep : 35035, score : -4060.1444070017023, Time : 22.325 s
Timestep : 43794, score : -4204.18891117294, Time : 21.897 s
Timestep : 52553, score : -4164.595438185526, Time : 21.989 s
Timestep : 61312, score : -4262.573184420733, Time : 21.894 s
Timestep : 70071, score : -4192.000279970845, Time : 22.144 s
Timestep : 78830, score : -4123.690229480533, Time : 22.543 s
Timestep : 87589, score : -4086.6612181137607, Time : 22.536 s
Timestep : 96348, score : -4102.800318631722, Time : 22.545 s
Timestep : 105107, score : -4142.303869007534, Time : 22.523 s
Timestep : 113866, score : -4138.948847020467, Time : 22.547 s
Timestep : 122625, score : -4114.609381267248, Time : 22.541 s
Timestep : 131384, score : -4093.7483859299973, Time : 22.756 s
Timestep : 140143, score : -4130.249415992672, Time : 22.755 s
Timestep : 148902, score : -4126.844998409419, Time : 22.553 s
Timestep : 157661, score : -4175.505677892783, Time : 22.518 s
Timestep : 166420, score : -4181.070983870799, Time : 22.533 s
Timestep : 175179, score : -4078.069790305017, Time : 22.532 s
Timestep : 183938, score : -4158.972950253083, Time : 22.585 s
Timestep : 192697, score : -4086.724261076568, Time : 22.569 s
Timestep : 201456, score : -4220.686681582971, Time : 22.571 s
Timestep : 210215, score : -4184.730857869057, Time : 22.582 s
Timestep : 218974, score : -4177.508271864994, Time : 22.562 s
Timestep : 227733, score : -4198.2265864064975, Time : 22.571 s
Timestep : 236492, score : -4101.776189607946, Time : 22.578 s
Timestep : 245251, score : -4247.301731153304, Time : 22.045 s
Timestep : 254010, score : -4074.44541150835, Time : 21.883 s
Timestep : 262769, score : -4161.047652312933, Time : 21.876 s
Timestep : 271528, score : -4196.017099014862, Time : 21.901 s
Timestep : 280287, score : -4090.663401922706, Time : 21.912 s
Timestep : 289046, score : -4055.3845461210294, Time : 21.9 s
Timestep : 297805, score : -4095.992482327303, Time : 22.04 s
Timestep : 306564, score : -4064.0228486260457, Time : 22.59 s
Timestep : 315323, score : -4170.8522468934825, Time : 22.564 s
Timestep : 324082, score : -4180.145661472605, Time : 22.737 s
Timestep : 332841, score : -4140.668454890518, Time : 22.543 s
Timestep : 341600, score : -4201.21028923188, Time : 22.606 s
Timestep : 350359, score : -4148.546711759089, Time : 22.122 s
Timestep : 359118, score : -4214.2608401378675, Time : 21.895 s
Timestep : 367877, score : -4148.931176071434, Time : 21.879 s
Timestep : 376636, score : -4120.4182664020045, Time : 22.368 s
Timestep : 385395, score : -4128.359454931138, Time : 22.49 s
Timestep : 394154, score : -4080.983801809518, Time : 22.516 s
Timestep : 402913, score : -4155.524217442988, Time : 22.519 s
Timestep : 411672, score : -4134.759615746705, Time : 22.501 s
Timestep : 420431, score : -4170.559876732557, Time : 22.379 s
Timestep : 429190, score : -4121.816670221655, Time : 22.519 s
Timestep : 437949, score : -4121.6590507192595, Time : 22.498 s
Timestep : 446708, score : -4151.291153647384, Time : 22.83 s
Timestep : 455467, score : -4293.380531215487, Time : 22.683 s
Timestep : 464226, score : -4203.658324202901, Time : 22.155 s
Timestep : 472985, score : -4182.087884116365, Time : 22.483 s
Timestep : 481744, score : -4162.7778371511085, Time : 22.459 s
Timestep : 490503, score : -4175.890678390308, Time : 22.495 s
Timestep : 499262, score : -4130.309789500578, Time : 22.491 s
Timestep : 508021, score : -4151.453206665261, Time : 22.526 s
Timestep : 516780, score : -4170.2620610691665, Time : 22.268 s
Timestep : 525539, score : -4103.841369581787, Time : 21.897 s
Timestep : 534298, score : -4177.094346975355, Time : 22.523 s
Timestep : 543057, score : -4170.212903575419, Time : 22.52 s
Timestep : 551816, score : -4198.462933992414, Time : 22.882 s
Timestep : 560575, score : -4235.435911255336, Time : 22.745 s
Timestep : 569334, score : -4109.2805306403025, Time : 22.524 s
Timestep : 578093, score : -4224.934134052513, Time : 22.514 s
Timestep : 586852, score : -4127.421141335188, Time : 22.538 s
Timestep : 595611, score : -4228.252489471255, Time : 21.998 s
Timestep : 604370, score : -4148.393113508268, Time : 21.849 s
Timestep : 613129, score : -4127.145261870144, Time : 21.865 s
Timestep : 621888, score : -4053.8356369416288, Time : 21.869 s
Timestep : 630647, score : -4128.335536652623, Time : 21.889 s
Timestep : 639406, score : -4094.1783334290667, Time : 21.871 s
Timestep : 648165, score : -4118.497198732017, Time : 21.929 s
Timestep : 656924, score : -4183.017749355553, Time : 22.87 s
Timestep : 665683, score : -4131.630558566569, Time : 22.726 s
Timestep : 674442, score : -4071.945478340058, Time : 22.49 s
DONE!
