{'agent': 'DQN', 'action_selection': 'egreedy', 'seed': 1, 'episodes': 100, 'data_path': 'data/citylearn_challenge_2022_phase_1', 'dry_run': False, 'n_discrete': 9, 'update_target': 4, 'lr': 0.03, 'batch_size': 2, 'adam_epsilon': 1e-10, 'epsilon_final': 0.06, 'run_id': 381}
{'Notes': 'This is a tuning run, executed on a single building.',
 'action_selection': 'egreedy',
 'adam_epsilon': 1e-10,
 'env': '<NormalizeObservation<OneHotHour<DiscreteSingle<CityLearnEnv '
        'instance>>>>',
 'final_exploration_rate': 0.02,
 'final_exploration_step': 1000,
 'gamma': 0.99,
 'initial_exploration_rate': 1,
 'learning_rate': 0.03,
 'loss': 'mse',
 'minibatch_size': 2,
 'network': 'MLP(\n'
            '  (layers): Sequential(\n'
            '    (0): Linear(in_features=29, out_features=128, bias=True)\n'
            '    (1): ReLU()\n'
            '    (2): Linear(in_features=128, out_features=128, bias=True)\n'
            '    (3): ReLU()\n'
            '    (4): Linear(in_features=128, out_features=9, bias=True)\n'
            '  )\n'
            ')',
 'replay_buffer_size': 10000,
 'replay_start_size': 2,
 'seed': 1,
 'train_steps': 876000,
 'update_frequency': 1,
 'update_target_frequency': 4,
 'weight_scale': 1.4142135623730951}
Timestep : 8758, score : -6173.505381301467, Time : 25.796 s
Timestep : 17517, score : -5430.64805202515, Time : 25.875 s
Timestep : 26276, score : -5383.615814322518, Time : 25.886 s
Timestep : 35035, score : -5474.877362951549, Time : 26.536 s
Timestep : 43794, score : -5737.884043599392, Time : 25.92 s
Timestep : 52553, score : -5235.787884209683, Time : 26.281 s
Timestep : 61312, score : -5399.484204885994, Time : 26.151 s
Timestep : 70071, score : -5574.163599992666, Time : 27.186 s
Timestep : 78830, score : -5922.661434106441, Time : 27.431 s
Timestep : 87589, score : -4189.6222970703675, Time : 27.376 s
Timestep : 96348, score : -4404.515933602495, Time : 26.995 s
Timestep : 105107, score : -4544.234432883939, Time : 27.437 s
Timestep : 113866, score : -4548.3419543555065, Time : 27.437 s
Timestep : 122625, score : -4432.955554825632, Time : 27.448 s
Timestep : 131384, score : -4525.913488614751, Time : 27.258 s
Timestep : 140143, score : -4495.359751812095, Time : 27.312 s
Timestep : 148902, score : -4673.338771581097, Time : 27.429 s
Timestep : 157661, score : -4564.809049417643, Time : 27.445 s
Timestep : 166420, score : -4473.26182236374, Time : 27.439 s
Timestep : 175179, score : -4419.029158709018, Time : 27.887 s
Timestep : 183938, score : -4528.536864434747, Time : 27.658 s
Timestep : 192697, score : -4517.8071987818985, Time : 27.446 s
Timestep : 201456, score : -4473.798143429754, Time : 27.465 s
Timestep : 210215, score : -4578.136898732191, Time : 27.238 s
Timestep : 218974, score : -4596.932506558864, Time : 27.443 s
Timestep : 227733, score : -4496.762819784184, Time : 27.441 s
Timestep : 236492, score : -4531.262920287816, Time : 27.457 s
Timestep : 245251, score : -4486.880112117069, Time : 27.451 s
Timestep : 254010, score : -4420.972767797211, Time : 27.304 s
Timestep : 262769, score : -4587.846106608078, Time : 25.968 s
Timestep : 271528, score : -4491.232028012542, Time : 26.9 s
Timestep : 280287, score : -4449.007052327885, Time : 27.452 s
Timestep : 289046, score : -4461.460136232694, Time : 27.437 s
Timestep : 297805, score : -4531.379628061695, Time : 27.79 s
Timestep : 306564, score : -4601.360346028028, Time : 27.772 s
Timestep : 315323, score : -4594.6160979265405, Time : 27.451 s
Timestep : 324082, score : -4488.147649283434, Time : 25.064 s
Timestep : 332841, score : -4613.3638258980645, Time : 27.456 s
Timestep : 341600, score : -4622.479368706612, Time : 27.452 s
Timestep : 350359, score : -4483.524583581282, Time : 24.436 s
Timestep : 359118, score : -4632.956495919643, Time : 22.133 s
Timestep : 367877, score : -4467.589393780945, Time : 22.131 s
Timestep : 376636, score : -4481.862775632559, Time : 22.127 s
Timestep : 385395, score : -4554.755196159153, Time : 22.067 s
Timestep : 394154, score : -4506.94015838686, Time : 25.27 s
Timestep : 402913, score : -4443.05479264204, Time : 27.255 s
Timestep : 411672, score : -4534.974545427671, Time : 26.055 s
Timestep : 420431, score : -4470.9245434906625, Time : 26.958 s
Timestep : 429190, score : -4641.512059952045, Time : 27.257 s
Timestep : 437949, score : -4437.683523539832, Time : 26.379 s
Timestep : 446708, score : -4609.69744734597, Time : 26.58 s
Timestep : 455467, score : -4470.718504381744, Time : 25.968 s
Timestep : 464226, score : -4542.11522299792, Time : 25.992 s
Timestep : 472985, score : -4541.287985564282, Time : 25.973 s
Timestep : 481744, score : -4548.6069209626, Time : 26.015 s
Timestep : 490503, score : -4635.534711218817, Time : 26.259 s
Timestep : 499262, score : -4423.382907863153, Time : 25.978 s
Timestep : 508021, score : -4384.281529863743, Time : 26.285 s
Timestep : 516780, score : -4513.415183626494, Time : 27.356 s
Timestep : 525539, score : -4641.295407572208, Time : 26.495 s
Timestep : 534298, score : -4506.702520209743, Time : 27.084 s
Timestep : 543057, score : -4462.776274050964, Time : 27.188 s
Timestep : 551816, score : -4436.7900463765545, Time : 26.623 s
Timestep : 560575, score : -4478.893631186365, Time : 23.057 s
Timestep : 569334, score : -4469.144694262563, Time : 22.309 s
Timestep : 578093, score : -4496.389152882068, Time : 22.117 s
Timestep : 586852, score : -4566.148639162449, Time : 23.212 s
Timestep : 595611, score : -4532.304826821812, Time : 26.183 s
Timestep : 604370, score : -4484.202212058386, Time : 26.943 s
Timestep : 613129, score : -4571.085087148851, Time : 27.449 s
Timestep : 621888, score : -4326.540855826257, Time : 27.426 s
Timestep : 630647, score : -4402.05901884046, Time : 27.439 s
Timestep : 639406, score : -4557.822116238443, Time : 24.725 s
Timestep : 648165, score : -4516.481998788106, Time : 22.183 s
Timestep : 656924, score : -4433.935800283594, Time : 22.096 s
Timestep : 665683, score : -4692.0234964056, Time : 22.112 s
Timestep : 674442, score : -4491.978779324709, Time : 22.104 s
Timestep : 683201, score : -4646.891881244635, Time : 22.046 s
Timestep : 691960, score : -4547.0693572772725, Time : 22.158 s
Timestep : 700719, score : -4512.614398532925, Time : 23.29 s
Timestep : 709478, score : -4398.597893880127, Time : 22.226 s
Timestep : 718237, score : -4492.208434998436, Time : 22.098 s
Timestep : 726996, score : -4457.076124432875, Time : 22.098 s
Timestep : 735755, score : -4432.881351986347, Time : 22.096 s
Timestep : 744514, score : -4564.591144585429, Time : 22.646 s
Timestep : 753273, score : -4498.101324041752, Time : 27.122 s
Timestep : 762032, score : -4479.936839028291, Time : 26.901 s
Timestep : 770791, score : -4472.116879005363, Time : 26.31 s
Timestep : 779550, score : -4388.237563954579, Time : 27.406 s
Timestep : 788309, score : -4433.453457557509, Time : 27.414 s
Timestep : 797068, score : -4418.7568000231695, Time : 27.408 s
Timestep : 805827, score : -4370.466613822995, Time : 27.43 s
Timestep : 814586, score : -4588.841619299172, Time : 23.551 s
Timestep : 823345, score : -4585.227946036874, Time : 22.105 s
Timestep : 832104, score : -4423.107885766221, Time : 22.163 s
Timestep : 840863, score : -4566.474810193671, Time : 22.34 s
Timestep : 849622, score : -4467.192750625691, Time : 23.562 s
Timestep : 858381, score : -4609.605817365838, Time : 27.418 s
Timestep : 867140, score : -4608.1457803806115, Time : 27.401 s
Timestep : 875899, score : -4496.761621485959, Time : 27.432 s
Starting local evaluation
Num Steps: 1000, Num episodes: 0
Num Steps: 2000, Num episodes: 0
Num Steps: 3000, Num episodes: 0
Num Steps: 4000, Num episodes: 0
Num Steps: 5000, Num episodes: 0
Num Steps: 6000, Num episodes: 0
Num Steps: 7000, Num episodes: 0
Num Steps: 8000, Num episodes: 0
Episode complete: 1 | Latest episode metrics: {'price_cost': 1.0199440239678732, 'emmision_cost': 1.0233565493490295}
[-0.25661213] -0.25661212959493757
Average Price Cost: 1.0199440239678732
Average Emmision Cost: 1.0233565493490295
Average of both costs: 1.0216502866584514
Total time taken by agent: 3.1092324790079147s
DONE!
