{'agent': 'DQN', 'action_selection': 'softmax', 'seed': 1, 'episodes': 100, 'data_path': 'data/citylearn_challenge_2022_phase_1', 'dry_run': False, 'n_discrete': 9, 'update_target': 16, 'lr': 7e-05, 'batch_size': 128, 'adam_epsilon': 1e-05, 'epsilon_final': 0.02, 'run_id': 42}
{'Notes': 'This is a tuning run, executed on a single building.',
 'action_selection': 'softmax',
 'adam_epsilon': 1e-05,
 'env': '<NormalizeObservation<OneHotHour<DiscreteSingle<CityLearnEnv '
        'instance>>>>',
 'final_exploration_rate': 0.02,
 'final_exploration_step': 1000,
 'gamma': 0.99,
 'initial_exploration_rate': 1,
 'learning_rate': 7e-05,
 'loss': 'mse',
 'minibatch_size': 128,
 'network': 'MLP(\n'
            '  (layers): Sequential(\n'
            '    (0): Linear(in_features=29, out_features=128, bias=True)\n'
            '    (1): ReLU()\n'
            '    (2): Linear(in_features=128, out_features=128, bias=True)\n'
            '    (3): ReLU()\n'
            '    (4): Linear(in_features=128, out_features=9, bias=True)\n'
            '  )\n'
            ')',
 'replay_buffer_size': 10000,
 'replay_start_size': 128,
 'seed': 1,
 'train_steps': 876000,
 'update_frequency': 1,
 'update_target_frequency': 16,
 'weight_scale': 1.4142135623730951}
Timestep : 8758, score : -5056.408121896049, Time : 26.797 s
Timestep : 17517, score : -4530.515349929599, Time : 27.245 s
Timestep : 26276, score : -4473.778902497579, Time : 26.325 s
Timestep : 35035, score : -4523.917471314577, Time : 27.358 s
Timestep : 43794, score : -4639.384264866385, Time : 27.939 s
Timestep : 52553, score : -4558.447477937589, Time : 27.929 s
Timestep : 61312, score : -4000.1957190148096, Time : 26.332 s
Timestep : 70071, score : -3481.0552168814756, Time : 26.273 s
Timestep : 78830, score : -2792.929346172401, Time : 28.031 s
Timestep : 87589, score : -2791.894341412495, Time : 28.043 s
Timestep : 96348, score : -2966.7094556011434, Time : 26.876 s
Timestep : 105107, score : -2954.3937392731023, Time : 26.048 s
Timestep : 113866, score : -2492.4471458138723, Time : 27.994 s
Timestep : 122625, score : -2393.984137315565, Time : 28.365 s
Timestep : 131384, score : -2906.5122903788288, Time : 28.133 s
Timestep : 140143, score : -2666.176631244278, Time : 27.567 s
Timestep : 148902, score : -2347.7407678157615, Time : 27.038 s
Timestep : 157661, score : -2088.9669484333426, Time : 28.327 s
Timestep : 166420, score : -1898.084252352739, Time : 28.05 s
Timestep : 175179, score : -2122.9189007503737, Time : 28.055 s
Timestep : 183938, score : -2084.977707913524, Time : 27.416 s
Timestep : 192697, score : -2290.3461887950834, Time : 27.946 s
Timestep : 201456, score : -2485.9642668067536, Time : 27.999 s
Timestep : 210215, score : -2392.8995757467637, Time : 28.224 s
Timestep : 218974, score : -2015.128125898802, Time : 27.851 s
Timestep : 227733, score : -2065.456026905129, Time : 26.437 s
Timestep : 236492, score : -2174.859302970406, Time : 27.751 s
Timestep : 245251, score : -2259.970276284628, Time : 27.986 s
Timestep : 254010, score : -2266.0077804897737, Time : 28.056 s
Timestep : 262769, score : -2270.1348274335323, Time : 28.069 s
Timestep : 271528, score : -2056.5201179813885, Time : 27.596 s
Timestep : 280287, score : -1961.1794218353753, Time : 28.003 s
Timestep : 289046, score : -1850.7410966841999, Time : 27.976 s
Timestep : 297805, score : -1967.5679107677715, Time : 28.05 s
Timestep : 306564, score : -2092.8611420909, Time : 28.004 s
Timestep : 315323, score : -2210.077839521022, Time : 28.125 s
Timestep : 324082, score : -1982.5290396318596, Time : 28.105 s
Timestep : 332841, score : -1999.7549556959711, Time : 27.137 s
Timestep : 341600, score : -1931.028688076287, Time : 27.393 s
Timestep : 350359, score : -1921.643568328378, Time : 28.21 s
Timestep : 359118, score : -1985.471728921082, Time : 27.786 s
Timestep : 367877, score : -1740.0487886275223, Time : 27.39 s
Timestep : 376636, score : -1902.3073589091946, Time : 28.036 s
Timestep : 385395, score : -1675.2143674909894, Time : 28.243 s
Timestep : 394154, score : -2008.4802417668034, Time : 28.052 s
Timestep : 402913, score : -2015.5002061673295, Time : 27.991 s
Timestep : 411672, score : -1728.2390955015144, Time : 27.986 s
Timestep : 420431, score : -1766.4266623141302, Time : 28.206 s
Timestep : 429190, score : -1699.5303977717704, Time : 28.038 s
Timestep : 437949, score : -1599.7180629003851, Time : 28.002 s
Timestep : 446708, score : -1808.317504831386, Time : 27.235 s
Timestep : 455467, score : -1906.8292945016, Time : 28.249 s
Timestep : 464226, score : -1791.3769640311657, Time : 28.409 s
Timestep : 472985, score : -1872.1470195001748, Time : 27.732 s
Timestep : 481744, score : -1787.6331888780987, Time : 27.125 s
Timestep : 490503, score : -1735.781847432867, Time : 28.132 s
Timestep : 499262, score : -1861.4929518749996, Time : 27.044 s
Timestep : 508021, score : -1903.7804828150256, Time : 27.978 s
Timestep : 516780, score : -1911.5584941213747, Time : 28.008 s
Timestep : 525539, score : -1543.727377528121, Time : 27.978 s
Timestep : 534298, score : -1657.8617608126078, Time : 27.985 s
Timestep : 543057, score : -1602.7771634408564, Time : 28.0 s
Timestep : 551816, score : -1776.9098274840799, Time : 28.016 s
Timestep : 560575, score : -1488.8412862060395, Time : 28.08 s
Timestep : 569334, score : -1654.908261927223, Time : 28.03 s
Timestep : 578093, score : -1599.4486479015613, Time : 27.986 s
Timestep : 586852, score : -1828.4735433345486, Time : 28.023 s
Timestep : 595611, score : -1784.3616017059248, Time : 28.046 s
Timestep : 604370, score : -1729.8314332169539, Time : 28.154 s
Timestep : 613129, score : -1904.7365600627672, Time : 26.215 s
Timestep : 621888, score : -1814.38149865999, Time : 26.553 s
Timestep : 630647, score : -1786.868266030011, Time : 27.548 s
Timestep : 639406, score : -1821.1537280184275, Time : 28.205 s
Timestep : 648165, score : -1875.927837357187, Time : 28.339 s
Timestep : 656924, score : -1683.6483569670527, Time : 28.311 s
Timestep : 665683, score : -1738.7017312030366, Time : 27.822 s
Timestep : 674442, score : -1503.7418006819498, Time : 28.33 s
Timestep : 683201, score : -1701.0642649185902, Time : 27.829 s
Timestep : 691960, score : -1803.8084528829495, Time : 28.281 s
Timestep : 700719, score : -1728.4598184944189, Time : 27.546 s
Timestep : 709478, score : -1720.532755888562, Time : 27.658 s
Timestep : 718237, score : -1720.358941921877, Time : 27.187 s
Timestep : 726996, score : -1758.7143516178767, Time : 27.513 s
Timestep : 735755, score : -1678.7755231255724, Time : 28.241 s
Timestep : 744514, score : -1754.0364679581544, Time : 28.006 s
Timestep : 753273, score : -1702.5969198996463, Time : 28.004 s
Timestep : 762032, score : -1715.8004630495125, Time : 27.238 s
Timestep : 770791, score : -1845.146392526949, Time : 26.815 s
Timestep : 779550, score : -1649.1740125993092, Time : 26.988 s
Timestep : 788309, score : -1424.7797388003964, Time : 26.544 s
Timestep : 797068, score : -1520.126026803715, Time : 28.159 s
Timestep : 805827, score : -1406.8167495540401, Time : 26.868 s
Timestep : 814586, score : -1541.83461116525, Time : 26.963 s
Timestep : 823345, score : -1616.2947088824876, Time : 28.259 s
Timestep : 832104, score : -1708.6304927551682, Time : 28.424 s
Timestep : 840863, score : -1666.6532421042502, Time : 27.065 s
Timestep : 849622, score : -1698.905417034548, Time : 28.127 s
Timestep : 858381, score : -1449.4530512115743, Time : 28.517 s
Timestep : 867140, score : -1664.8857904698525, Time : 26.474 s
Timestep : 875899, score : -1439.8078892303456, Time : 27.289 s
Starting local evaluation
Num Steps: 1000, Num episodes: 0
Num Steps: 2000, Num episodes: 0
Num Steps: 3000, Num episodes: 0
Num Steps: 4000, Num episodes: 0
Num Steps: 5000, Num episodes: 0
Num Steps: 6000, Num episodes: 0
Num Steps: 7000, Num episodes: 0
Num Steps: 8000, Num episodes: 0
Episode complete: 1 | Latest episode metrics: {'price_cost': 0.8487435156406028, 'emmision_cost': 0.906702327727586}
[-0.07811927] -0.07811927189768131
Average Price Cost: 0.8487435156406028
Average Emmision Cost: 0.906702327727586
Average of both costs: 0.8777229216840944
Total time taken by agent: 3.8289318652823567s
DONE!
