{'agent': 'DQN', 'action_selection': 'egreedy', 'seed': 1, 'episodes': 100, 'data_path': 'data/citylearn_challenge_2022_phase_1', 'dry_run': False, 'n_discrete': 9, 'update_target': 32, 'lr': 7e-05, 'batch_size': 64, 'adam_epsilon': 1e-10, 'epsilon_final': 0.04, 'run_id': 309}
{'Notes': 'This is a tuning run, executed on a single building.',
 'action_selection': 'egreedy',
 'adam_epsilon': 1e-10,
 'env': '<NormalizeObservation<OneHotHour<DiscreteSingle<CityLearnEnv '
        'instance>>>>',
 'final_exploration_rate': 0.02,
 'final_exploration_step': 1000,
 'gamma': 0.99,
 'initial_exploration_rate': 1,
 'learning_rate': 7e-05,
 'loss': 'mse',
 'minibatch_size': 64,
 'network': 'MLP(\n'
            '  (layers): Sequential(\n'
            '    (0): Linear(in_features=29, out_features=128, bias=True)\n'
            '    (1): ReLU()\n'
            '    (2): Linear(in_features=128, out_features=128, bias=True)\n'
            '    (3): ReLU()\n'
            '    (4): Linear(in_features=128, out_features=9, bias=True)\n'
            '  )\n'
            ')',
 'replay_buffer_size': 10000,
 'replay_start_size': 64,
 'seed': 1,
 'train_steps': 876000,
 'update_frequency': 1,
 'update_target_frequency': 32,
 'weight_scale': 1.4142135623730951}
Timestep : 8758, score : -5283.873439539602, Time : 22.734 s
Timestep : 17517, score : -1558.707124048, Time : 23.328 s
Timestep : 26276, score : -2058.627945321641, Time : 23.316 s
Timestep : 35035, score : -1847.7479711222259, Time : 23.57 s
Timestep : 43794, score : -1451.8718861111265, Time : 23.278 s
Timestep : 52553, score : -1306.15485767895, Time : 23.324 s
Timestep : 61312, score : -1336.7189193117229, Time : 23.429 s
Timestep : 70071, score : -1106.0545929220098, Time : 23.199 s
Timestep : 78830, score : -1955.0983093113464, Time : 23.31 s
Timestep : 87589, score : -1404.6309469506668, Time : 24.315 s
Timestep : 96348, score : -1270.1333605466934, Time : 23.628 s
Timestep : 105107, score : -1725.9549283016968, Time : 23.341 s
Timestep : 113866, score : -1468.9361757422157, Time : 23.419 s
Timestep : 122625, score : -1604.8341308031522, Time : 23.191 s
Timestep : 131384, score : -1422.7380446066672, Time : 23.749 s
Timestep : 140143, score : -1489.471626341954, Time : 23.431 s
Timestep : 148902, score : -1656.613753797632, Time : 23.413 s
Timestep : 157661, score : -1808.4066620405356, Time : 23.433 s
Timestep : 166420, score : -1495.2012718220067, Time : 23.309 s
Timestep : 175179, score : -1466.2154995899473, Time : 23.65 s
Timestep : 183938, score : -1506.3881308280688, Time : 23.4 s
Timestep : 192697, score : -1625.815358761727, Time : 24.105 s
Timestep : 201456, score : -1829.8654719940678, Time : 24.089 s
Timestep : 210215, score : -1465.5386227192648, Time : 23.532 s
Timestep : 218974, score : -1460.585795610008, Time : 23.454 s
Timestep : 227733, score : -1500.4123113593378, Time : 22.932 s
Timestep : 236492, score : -1345.3818808135402, Time : 23.472 s
Timestep : 245251, score : -1341.5219752828416, Time : 23.481 s
Timestep : 254010, score : -1461.3089299740095, Time : 22.881 s
Timestep : 262769, score : -1548.7263324178348, Time : 22.72 s
Timestep : 271528, score : -1166.0350112659798, Time : 22.785 s
Timestep : 280287, score : -1289.4635180913901, Time : 22.733 s
Timestep : 289046, score : -1485.8242030630645, Time : 22.848 s
Timestep : 297805, score : -1387.926074458548, Time : 22.915 s
Timestep : 306564, score : -1730.0076248378318, Time : 24.301 s
Timestep : 315323, score : -1498.6501879905409, Time : 24.107 s
Timestep : 324082, score : -1485.1163774652232, Time : 22.784 s
Timestep : 332841, score : -1743.7995241274184, Time : 23.077 s
Timestep : 341600, score : -1790.110896576225, Time : 23.295 s
Timestep : 350359, score : -1626.4056904719037, Time : 23.296 s
Timestep : 359118, score : -1828.5799957795825, Time : 23.028 s
Timestep : 367877, score : -1503.5822211719642, Time : 23.305 s
Timestep : 376636, score : -1806.4217590692278, Time : 23.353 s
Timestep : 385395, score : -1593.8528913500777, Time : 23.228 s
Timestep : 394154, score : -1473.7455370038806, Time : 23.435 s
Timestep : 402913, score : -1557.0323569737666, Time : 23.315 s
Timestep : 411672, score : -1649.0311594810628, Time : 23.058 s
Timestep : 420431, score : -1369.0963374293933, Time : 23.371 s
Timestep : 429190, score : -1524.2232834530587, Time : 23.351 s
Timestep : 437949, score : -1409.5036364974512, Time : 23.221 s
Timestep : 446708, score : -1451.9790438713098, Time : 23.194 s
Timestep : 455467, score : -1625.3228097324318, Time : 23.092 s
Timestep : 464226, score : -1776.1501688355638, Time : 22.373 s
Timestep : 472985, score : -1376.0893916396599, Time : 22.402 s
Timestep : 481744, score : -1820.6284681686957, Time : 22.515 s
Timestep : 490503, score : -1422.1017895931436, Time : 22.978 s
Timestep : 499262, score : -1297.5759164052142, Time : 23.163 s
Timestep : 508021, score : -1320.642856963139, Time : 25.058 s
Timestep : 516780, score : -1194.2403984841949, Time : 23.37 s
Timestep : 525539, score : -1561.5146635221608, Time : 23.7 s
Timestep : 534298, score : -1291.9527109206247, Time : 23.388 s
Timestep : 543057, score : -1168.537989088596, Time : 23.312 s
Timestep : 551816, score : -1535.5812107499514, Time : 23.388 s
Timestep : 560575, score : -1439.813815568854, Time : 23.421 s
Timestep : 569334, score : -1226.3376032914675, Time : 23.4 s
Timestep : 578093, score : -1496.7307919584273, Time : 23.454 s
Timestep : 586852, score : -1375.3296567184589, Time : 23.471 s
Timestep : 595611, score : -1429.8480364058923, Time : 23.461 s
Timestep : 604370, score : -1469.121660494784, Time : 23.391 s
Timestep : 613129, score : -1447.374667810538, Time : 23.025 s
Timestep : 621888, score : -1652.5651360389602, Time : 23.629 s
Timestep : 630647, score : -1292.599353082107, Time : 23.216 s
Timestep : 639406, score : -1399.213623214775, Time : 23.013 s
Timestep : 648165, score : -1460.5081318447192, Time : 23.904 s
Timestep : 656924, score : -1323.0184322155983, Time : 23.91 s
Timestep : 665683, score : -1391.0196386975294, Time : 23.532 s
Timestep : 674442, score : -1235.8102565555891, Time : 22.93 s
Timestep : 683201, score : -1381.1285250177898, Time : 23.422 s
Timestep : 691960, score : -1314.7721479933534, Time : 23.31 s
Timestep : 700719, score : -1551.9208042719692, Time : 22.697 s
Timestep : 709478, score : -1357.0558454760176, Time : 22.847 s
Timestep : 718237, score : -1194.0482344841876, Time : 22.725 s
Timestep : 726996, score : -1162.339353344083, Time : 22.708 s
Timestep : 735755, score : -1544.9588206054468, Time : 22.691 s
Timestep : 744514, score : -1189.5309914730315, Time : 23.183 s
Timestep : 753273, score : -1196.4019415802031, Time : 23.638 s
Timestep : 762032, score : -1472.01911521687, Time : 24.485 s
Timestep : 770791, score : -1509.4249080358131, Time : 22.733 s
Timestep : 779550, score : -1396.4382307802152, Time : 22.765 s
Timestep : 788309, score : -1430.0624489423644, Time : 22.734 s
Timestep : 797068, score : -1292.2369258624094, Time : 23.275 s
Timestep : 805827, score : -1217.062425912387, Time : 23.462 s
Timestep : 814586, score : -1336.1052640623238, Time : 23.338 s
Timestep : 823345, score : -1311.921851627325, Time : 23.254 s
Timestep : 832104, score : -1182.4806543533632, Time : 23.343 s
Timestep : 840863, score : -1228.3520737826184, Time : 23.314 s
Timestep : 849622, score : -1167.1482906867896, Time : 23.118 s
Timestep : 858381, score : -1350.565423995169, Time : 23.25 s
Timestep : 867140, score : -1431.2836584707547, Time : 23.772 s
Timestep : 875899, score : -1314.245427431335, Time : 23.401 s
Starting local evaluation
Num Steps: 1000, Num episodes: 0
Num Steps: 2000, Num episodes: 0
Num Steps: 3000, Num episodes: 0
Num Steps: 4000, Num episodes: 0
Num Steps: 5000, Num episodes: 0
Num Steps: 6000, Num episodes: 0
Num Steps: 7000, Num episodes: 0
Num Steps: 8000, Num episodes: 0
Episode complete: 1 | Latest episode metrics: {'price_cost': 0.8189724824211988, 'emmision_cost': 0.9509966926672242}
[-0.08514853] -0.08514852645604767
Average Price Cost: 0.8189724824211988
Average Emmision Cost: 0.9509966926672242
Average of both costs: 0.8849845875442115
Total time taken by agent: 2.5923072875011712s
DONE!
