{'agent': 'DQN', 'action_selection': 'softmax', 'seed': 1, 'episodes': 100, 'data_path': 'data/citylearn_challenge_2022_phase_1', 'dry_run': False, 'n_discrete': 9, 'update_target': 32, 'lr': 7e-05, 'batch_size': 1, 'adam_epsilon': 0.0001, 'epsilon_final': 0.02, 'run_id': 125}
{'Notes': 'This is a tuning run, executed on a single building.',
 'action_selection': 'softmax',
 'adam_epsilon': 0.0001,
 'env': '<NormalizeObservation<OneHotHour<DiscreteSingle<CityLearnEnv '
        'instance>>>>',
 'final_exploration_rate': 0.02,
 'final_exploration_step': 1000,
 'gamma': 0.99,
 'initial_exploration_rate': 1,
 'learning_rate': 7e-05,
 'loss': 'mse',
 'minibatch_size': 1,
 'network': 'MLP(\n'
            '  (layers): Sequential(\n'
            '    (0): Linear(in_features=29, out_features=128, bias=True)\n'
            '    (1): ReLU()\n'
            '    (2): Linear(in_features=128, out_features=128, bias=True)\n'
            '    (3): ReLU()\n'
            '    (4): Linear(in_features=128, out_features=9, bias=True)\n'
            '  )\n'
            ')',
 'replay_buffer_size': 10000,
 'replay_start_size': 1,
 'seed': 1,
 'train_steps': 876000,
 'update_frequency': 1,
 'update_target_frequency': 32,
 'weight_scale': 1.4142135623730951}
Timestep : 8758, score : -6031.9689912058675, Time : 26.74 s
Timestep : 17517, score : -4177.140157384245, Time : 26.624 s
Timestep : 26276, score : -4142.830744956998, Time : 26.646 s
Timestep : 35035, score : -4306.281301823823, Time : 26.935 s
Timestep : 43794, score : -4277.297024366824, Time : 26.664 s
Timestep : 52553, score : -4233.24338991, Time : 26.647 s
Timestep : 61312, score : -4151.995805298357, Time : 27.097 s
Timestep : 70071, score : -4280.0830149589165, Time : 28.193 s
Timestep : 78830, score : -4137.282474865584, Time : 26.883 s
Timestep : 87589, score : -4163.863217120437, Time : 25.223 s
Timestep : 96348, score : -4208.49338767436, Time : 22.68 s
Timestep : 105107, score : -4200.710500811605, Time : 22.678 s
Timestep : 113866, score : -4146.783663236027, Time : 23.735 s
Timestep : 122625, score : -4074.7145100733323, Time : 22.748 s
Timestep : 131384, score : -4058.074516986875, Time : 22.695 s
Timestep : 140143, score : -4060.5600374484493, Time : 22.732 s
Timestep : 148902, score : -4096.891370223282, Time : 22.663 s
Timestep : 157661, score : -4061.134233733086, Time : 22.698 s
Timestep : 166420, score : -4076.876540146215, Time : 22.707 s
Timestep : 175179, score : -4089.129832849285, Time : 26.884 s
Timestep : 183938, score : -4103.87319570042, Time : 28.373 s
Timestep : 192697, score : -4116.166001712045, Time : 28.351 s
Timestep : 201456, score : -4074.157384296326, Time : 24.003 s
Timestep : 210215, score : -4030.212545355229, Time : 22.78 s
Timestep : 218974, score : -4069.54512315747, Time : 22.772 s
Timestep : 227733, score : -4062.81157085803, Time : 22.747 s
Timestep : 236492, score : -4094.8624441674037, Time : 28.134 s
Timestep : 245251, score : -4057.822518420784, Time : 27.727 s
Timestep : 254010, score : -4054.5253551351634, Time : 26.942 s
Timestep : 262769, score : -4054.8587560257, Time : 26.853 s
Timestep : 271528, score : -4068.529006530909, Time : 26.856 s
Timestep : 280287, score : -4032.11227806416, Time : 26.847 s
Timestep : 289046, score : -4060.68462543693, Time : 26.842 s
Timestep : 297805, score : -4113.049482055081, Time : 26.783 s
Timestep : 306564, score : -4227.867557535952, Time : 26.853 s
Timestep : 315323, score : -4245.259000477614, Time : 27.28 s
Timestep : 324082, score : -4078.8559228202357, Time : 27.531 s
Timestep : 332841, score : -4052.495092657773, Time : 26.824 s
Timestep : 341600, score : -4052.141227354674, Time : 26.795 s
Timestep : 350359, score : -4109.065606107382, Time : 26.809 s
Timestep : 359118, score : -4062.3176645873173, Time : 26.851 s
Timestep : 367877, score : -4142.525844400821, Time : 26.874 s
Timestep : 376636, score : -4137.974951719312, Time : 26.787 s
Timestep : 385395, score : -4092.7270636236353, Time : 26.883 s
Timestep : 394154, score : -4313.5018499620055, Time : 26.864 s
Timestep : 402913, score : -4366.685626792911, Time : 26.864 s
Timestep : 411672, score : -4238.892324156506, Time : 26.833 s
Timestep : 420431, score : -4142.693838283798, Time : 27.641 s
Timestep : 429190, score : -4198.343287466632, Time : 26.802 s
Timestep : 437949, score : -4409.8472491085995, Time : 26.866 s
Timestep : 446708, score : -4290.486019518459, Time : 23.297 s
Timestep : 455467, score : -4391.0742637860385, Time : 22.381 s
Timestep : 464226, score : -4888.703935713696, Time : 22.485 s
Timestep : 472985, score : -4473.031602589326, Time : 22.529 s
Timestep : 481744, score : -4488.475196946019, Time : 22.423 s
Timestep : 490503, score : -4521.481563945796, Time : 22.46 s
Timestep : 499262, score : -4155.470543318806, Time : 22.469 s
Timestep : 508021, score : -4355.141102205176, Time : 22.401 s
Timestep : 516780, score : -4290.364837998088, Time : 22.425 s
Timestep : 525539, score : -4396.322640329978, Time : 23.496 s
Timestep : 534298, score : -4398.699095715332, Time : 22.71 s
Timestep : 543057, score : -4506.459074277111, Time : 22.762 s
Timestep : 551816, score : -4482.5563380935055, Time : 23.51 s
Timestep : 560575, score : -4443.667732159171, Time : 22.913 s
Timestep : 569334, score : -4720.485661347579, Time : 22.785 s
Timestep : 578093, score : -4328.736728764983, Time : 22.765 s
Timestep : 586852, score : -4309.316277416336, Time : 22.795 s
Timestep : 595611, score : -4338.457023700961, Time : 22.821 s
Timestep : 604370, score : -3869.4120615381107, Time : 23.979 s
Timestep : 613129, score : -3793.0306290829612, Time : 22.766 s
Timestep : 621888, score : -4009.721553449548, Time : 22.779 s
Timestep : 630647, score : -3841.9446265746083, Time : 22.792 s
Timestep : 639406, score : -3996.621620512946, Time : 22.777 s
Timestep : 648165, score : -4202.721213141369, Time : 22.936 s
Timestep : 656924, score : -3901.2693693392503, Time : 22.869 s
Timestep : 665683, score : -3547.7677539933065, Time : 22.786 s
Timestep : 674442, score : -4024.083045069274, Time : 22.714 s
Timestep : 683201, score : -4150.139721318061, Time : 22.728 s
Timestep : 691960, score : -4197.121706726291, Time : 22.758 s
Timestep : 700719, score : -3981.112811096624, Time : 22.826 s
Timestep : 709478, score : -3855.9388592070027, Time : 22.748 s
Timestep : 718237, score : -3983.8935718055873, Time : 22.632 s
Timestep : 726996, score : -3850.285447178787, Time : 22.71 s
Timestep : 735755, score : -3883.384254758508, Time : 24.311 s
Timestep : 744514, score : -3356.242099577008, Time : 27.05 s
Timestep : 753273, score : -3355.0883852184343, Time : 26.964 s
Timestep : 762032, score : -3666.7753005692794, Time : 26.875 s
Timestep : 770791, score : -3820.099772180809, Time : 28.165 s
Timestep : 779550, score : -4000.9829758074193, Time : 28.427 s
Timestep : 788309, score : -4056.5997913409083, Time : 26.878 s
Timestep : 797068, score : -4021.1326577024593, Time : 26.795 s
Timestep : 805827, score : -4019.6464475061803, Time : 26.842 s
Timestep : 814586, score : -3702.206168843579, Time : 26.9 s
Timestep : 823345, score : -3215.2483228014607, Time : 27.346 s
Timestep : 832104, score : -3265.4914087331417, Time : 27.799 s
Timestep : 840863, score : -2668.3809454582224, Time : 27.363 s
Timestep : 849622, score : -2784.0979490264144, Time : 26.988 s
Timestep : 858381, score : -2568.051864898909, Time : 27.624 s
Timestep : 867140, score : -3372.596877517557, Time : 27.334 s
Timestep : 875899, score : -3426.2148637886203, Time : 27.304 s
Starting local evaluation
Num Steps: 1000, Num episodes: 0
Num Steps: 2000, Num episodes: 0
Num Steps: 3000, Num episodes: 0
Num Steps: 4000, Num episodes: 0
Num Steps: 5000, Num episodes: 0
Num Steps: 6000, Num episodes: 0
Num Steps: 7000, Num episodes: 0
Num Steps: 8000, Num episodes: 0
Episode complete: 1 | Latest episode metrics: {'price_cost': 0.9731310281603642, 'emmision_cost': 1.000428126194637}
[-0.2130924] -0.21309239972194918
Average Price Cost: 0.9731310281603642
Average Emmision Cost: 1.000428126194637
Average of both costs: 0.9867795771775006
Total time taken by agent: 4.713856253772974s
DONE!
