{'agent': 'DQN', 'action_selection': 'softmax', 'seed': 1, 'episodes': 100, 'data_path': 'data/citylearn_challenge_2022_phase_1', 'dry_run': False, 'n_discrete': 9, 'update_target': 8, 'lr': 1e-05, 'batch_size': 256, 'adam_epsilon': 1e-09, 'epsilon_final': 0.02, 'run_id': 94}
{'Notes': 'This is a tuning run, executed on a single building.',
 'action_selection': 'softmax',
 'adam_epsilon': 1e-09,
 'env': '<NormalizeObservation<OneHotHour<DiscreteSingle<CityLearnEnv '
        'instance>>>>',
 'final_exploration_rate': 0.02,
 'final_exploration_step': 1000,
 'gamma': 0.99,
 'initial_exploration_rate': 1,
 'learning_rate': 1e-05,
 'loss': 'mse',
 'minibatch_size': 256,
 'network': 'MLP(\n'
            '  (layers): Sequential(\n'
            '    (0): Linear(in_features=29, out_features=128, bias=True)\n'
            '    (1): ReLU()\n'
            '    (2): Linear(in_features=128, out_features=128, bias=True)\n'
            '    (3): ReLU()\n'
            '    (4): Linear(in_features=128, out_features=9, bias=True)\n'
            '  )\n'
            ')',
 'replay_buffer_size': 10000,
 'replay_start_size': 256,
 'seed': 1,
 'train_steps': 876000,
 'update_frequency': 1,
 'update_target_frequency': 8,
 'weight_scale': 1.4142135623730951}
Timestep : 8758, score : -5900.547881560939, Time : 27.448 s
Timestep : 17517, score : -4212.734007484658, Time : 30.507 s
Timestep : 26276, score : -4619.695776944427, Time : 30.316 s
Timestep : 35035, score : -4348.116455045907, Time : 30.429 s
Timestep : 43794, score : -4323.626785222819, Time : 30.775 s
Timestep : 52553, score : -4193.976066590665, Time : 30.298 s
Timestep : 61312, score : -4171.132973563304, Time : 30.983 s
Timestep : 70071, score : -4230.117621411016, Time : 29.372 s
Timestep : 78830, score : -4208.737852714403, Time : 31.511 s
Timestep : 87589, score : -4248.303087753622, Time : 31.502 s
Timestep : 96348, score : -4425.778347785963, Time : 31.589 s
Timestep : 105107, score : -4308.984281796409, Time : 31.549 s
Timestep : 113866, score : -4404.669115263416, Time : 31.569 s
Timestep : 122625, score : -4330.024931700347, Time : 30.414 s
Timestep : 131384, score : -4361.6334963491245, Time : 30.927 s
Timestep : 140143, score : -4349.928932707902, Time : 30.618 s
Timestep : 148902, score : -4207.667601773894, Time : 30.832 s
Timestep : 157661, score : -4203.608230243815, Time : 31.086 s
Timestep : 166420, score : -4238.327874509996, Time : 30.974 s
Timestep : 175179, score : -4242.824464310965, Time : 31.046 s
Timestep : 183938, score : -4380.545234344347, Time : 31.072 s
Timestep : 192697, score : -4054.6235285237926, Time : 31.127 s
Timestep : 201456, score : -4320.175526705891, Time : 31.125 s
Timestep : 210215, score : -3891.6141175700177, Time : 31.103 s
Timestep : 218974, score : -3993.795436565444, Time : 31.04 s
Timestep : 227733, score : -3544.04929842423, Time : 31.089 s
Timestep : 236492, score : -3516.887683638517, Time : 31.091 s
Timestep : 245251, score : -3635.8839492010447, Time : 31.086 s
Timestep : 254010, score : -3018.057633689212, Time : 31.149 s
Timestep : 262769, score : -3532.812809452211, Time : 31.104 s
Timestep : 271528, score : -2770.170075987262, Time : 31.045 s
Timestep : 280287, score : -3611.686381906533, Time : 31.075 s
Timestep : 289046, score : -2870.674620921869, Time : 31.105 s
Timestep : 297805, score : -3137.224891861697, Time : 31.094 s
Timestep : 306564, score : -2587.147320370568, Time : 31.142 s
Timestep : 315323, score : -3065.676273948193, Time : 31.102 s
Timestep : 324082, score : -2358.072816044005, Time : 31.114 s
Timestep : 332841, score : -3160.249868617655, Time : 30.808 s
Timestep : 341600, score : -2799.3507663267956, Time : 30.999 s
Timestep : 350359, score : -2549.7599743438914, Time : 31.114 s
Timestep : 359118, score : -3104.6616472266905, Time : 31.104 s
Timestep : 367877, score : -2906.299527958414, Time : 31.095 s
Timestep : 376636, score : -2575.9018307900114, Time : 31.122 s
Timestep : 385395, score : -2086.510915864521, Time : 31.136 s
Timestep : 394154, score : -2735.3421529059124, Time : 30.11 s
Timestep : 402913, score : -2511.108859386557, Time : 29.475 s
Timestep : 411672, score : -2597.9026128826663, Time : 29.638 s
Timestep : 420431, score : -2231.5546319992573, Time : 30.966 s
Timestep : 429190, score : -2269.03373740011, Time : 30.96 s
Timestep : 437949, score : -2417.109725104092, Time : 30.986 s
Timestep : 446708, score : -2143.2395072410873, Time : 30.973 s
Timestep : 455467, score : -2133.174663593265, Time : 30.983 s
Timestep : 464226, score : -2477.116648210009, Time : 30.519 s
Timestep : 472985, score : -2561.9120464430016, Time : 29.446 s
Timestep : 481744, score : -2287.5253622539167, Time : 28.595 s
Timestep : 490503, score : -2383.5421192176, Time : 28.164 s
Timestep : 499262, score : -2085.5364223489596, Time : 28.159 s
Timestep : 508021, score : -2181.4598232874705, Time : 28.086 s
Timestep : 516780, score : -2190.210526097828, Time : 29.343 s
Timestep : 525539, score : -2554.5335439762857, Time : 30.35 s
Timestep : 534298, score : -2128.383363494446, Time : 30.388 s
Timestep : 543057, score : -1971.4324732360255, Time : 29.461 s
Timestep : 551816, score : -2777.9709057578875, Time : 28.374 s
Timestep : 560575, score : -2332.853877436981, Time : 28.438 s
Timestep : 569334, score : -2030.7504013899306, Time : 28.421 s
Timestep : 578093, score : -2320.6081284594547, Time : 28.381 s
Timestep : 586852, score : -2731.9117429016915, Time : 28.437 s
Timestep : 595611, score : -2755.939115038098, Time : 28.504 s
Timestep : 604370, score : -2756.009758911867, Time : 29.843 s
Timestep : 613129, score : -2045.2908717746177, Time : 29.934 s
Timestep : 621888, score : -2287.566275557765, Time : 29.913 s
Timestep : 630647, score : -1984.317974926278, Time : 29.936 s
Timestep : 639406, score : -2248.4090581068594, Time : 29.153 s
Timestep : 648165, score : -2382.800352738501, Time : 28.133 s
Timestep : 656924, score : -2108.742199771368, Time : 28.186 s
Timestep : 665683, score : -2541.1798523359757, Time : 28.08 s
Timestep : 674442, score : -2306.0765564277826, Time : 29.741 s
Timestep : 683201, score : -2517.9233047621383, Time : 28.626 s
Timestep : 691960, score : -2406.222606581665, Time : 28.464 s
Timestep : 700719, score : -2886.8490588265995, Time : 28.438 s
Timestep : 709478, score : -2838.826054959376, Time : 28.367 s
Timestep : 718237, score : -2814.792326062714, Time : 28.376 s
Timestep : 726996, score : -2697.6910712191893, Time : 29.701 s
Timestep : 735755, score : -2437.581682710239, Time : 29.888 s
Timestep : 744514, score : -2180.7922689718253, Time : 28.905 s
Timestep : 753273, score : -2375.437975389912, Time : 28.416 s
Timestep : 762032, score : -2826.8121619419253, Time : 28.393 s
Timestep : 770791, score : -2293.7694259941636, Time : 28.49 s
Timestep : 779550, score : -2649.6366354313504, Time : 28.416 s
Timestep : 788309, score : -2788.97920820993, Time : 28.356 s
Timestep : 797068, score : -2584.7453986335604, Time : 28.419 s
Timestep : 805827, score : -2516.4220778753806, Time : 28.371 s
Timestep : 814586, score : -2557.6949560180365, Time : 28.414 s
Timestep : 823345, score : -2076.1403844061715, Time : 28.411 s
Timestep : 832104, score : -1917.221809160692, Time : 28.387 s
Timestep : 840863, score : -1747.923002118041, Time : 28.414 s
Timestep : 849622, score : -1972.9358133566857, Time : 28.41 s
Timestep : 858381, score : -2104.1828162812453, Time : 28.374 s
Timestep : 867140, score : -2119.4159075815987, Time : 28.419 s
Timestep : 875899, score : -1905.4297561722633, Time : 28.457 s
Starting local evaluation
Num Steps: 1000, Num episodes: 0
Num Steps: 2000, Num episodes: 0
Num Steps: 3000, Num episodes: 0
Num Steps: 4000, Num episodes: 0
Num Steps: 5000, Num episodes: 0
Num Steps: 6000, Num episodes: 0
Num Steps: 7000, Num episodes: 0
Num Steps: 8000, Num episodes: 0
Episode complete: 1 | Latest episode metrics: {'price_cost': 0.905236623958304, 'emmision_cost': 0.9461267653254158}
[-0.13756731] -0.1375673089611651
Average Price Cost: 0.905236623958304
Average Emmision Cost: 0.9461267653254158
Average of both costs: 0.9256816946418599
Total time taken by agent: 3.9291532791685313s
DONE!
