{'agent': 'DQN', 'action_selection': 'egreedy', 'seed': 1, 'episodes': 100, 'data_path': 'data/citylearn_challenge_2022_phase_1', 'dry_run': False, 'n_discrete': 9, 'update_target': 32, 'lr': 1e-05, 'batch_size': 2, 'adam_epsilon': 1e-06, 'epsilon_final': 0.04, 'run_id': 291}
{'Notes': 'This is a tuning run, executed on a single building.',
 'action_selection': 'egreedy',
 'adam_epsilon': 1e-06,
 'env': '<NormalizeObservation<OneHotHour<DiscreteSingle<CityLearnEnv '
        'instance>>>>',
 'final_exploration_rate': 0.02,
 'final_exploration_step': 1000,
 'gamma': 0.99,
 'initial_exploration_rate': 1,
 'learning_rate': 1e-05,
 'loss': 'mse',
 'minibatch_size': 2,
 'network': 'MLP(\n'
            '  (layers): Sequential(\n'
            '    (0): Linear(in_features=29, out_features=128, bias=True)\n'
            '    (1): ReLU()\n'
            '    (2): Linear(in_features=128, out_features=128, bias=True)\n'
            '    (3): ReLU()\n'
            '    (4): Linear(in_features=128, out_features=9, bias=True)\n'
            '  )\n'
            ')',
 'replay_buffer_size': 10000,
 'replay_start_size': 2,
 'seed': 1,
 'train_steps': 876000,
 'update_frequency': 1,
 'update_target_frequency': 32,
 'weight_scale': 1.4142135623730951}
Timestep : 8758, score : -6241.8910138019855, Time : 21.356 s
Timestep : 17517, score : -5613.139944772614, Time : 21.397 s
Timestep : 26276, score : -5346.798426890193, Time : 21.772 s
Timestep : 35035, score : -5575.519816906453, Time : 21.879 s
Timestep : 43794, score : -5649.508994565724, Time : 21.452 s
Timestep : 52553, score : -5070.299238064705, Time : 21.744 s
Timestep : 61312, score : -4715.689836879639, Time : 21.374 s
Timestep : 70071, score : -5216.038817484194, Time : 21.565 s
Timestep : 78830, score : -5414.464790629019, Time : 21.567 s
Timestep : 87589, score : -5083.098530506861, Time : 21.484 s
Timestep : 96348, score : -4842.879988657689, Time : 21.642 s
Timestep : 105107, score : -5072.479082915379, Time : 21.472 s
Timestep : 113866, score : -5359.788135485171, Time : 21.351 s
Timestep : 122625, score : -4562.728766114829, Time : 21.634 s
Timestep : 131384, score : -4777.755321631586, Time : 21.777 s
Timestep : 140143, score : -4820.190530305292, Time : 21.59 s
Timestep : 148902, score : -4757.876598836301, Time : 21.778 s
Timestep : 157661, score : -4973.118170946749, Time : 21.492 s
Timestep : 166420, score : -4554.569161347492, Time : 21.668 s
Timestep : 175179, score : -4917.770133762067, Time : 22.008 s
Timestep : 183938, score : -4779.216029183386, Time : 21.978 s
Timestep : 192697, score : -4538.46949636229, Time : 21.95 s
Timestep : 201456, score : -4674.383372032738, Time : 21.969 s
Timestep : 210215, score : -4469.9519745078, Time : 21.325 s
Timestep : 218974, score : -4482.99745729992, Time : 21.815 s
Timestep : 227733, score : -4537.787337826987, Time : 21.357 s
Timestep : 236492, score : -4588.998494949308, Time : 21.844 s
Timestep : 245251, score : -4554.485296425948, Time : 21.888 s
Timestep : 254010, score : -4428.0628394609375, Time : 22.028 s
Timestep : 262769, score : -4657.384606290405, Time : 22.002 s
Timestep : 271528, score : -4515.455548967308, Time : 21.804 s
Timestep : 280287, score : -4468.2473214235215, Time : 21.96 s
Timestep : 289046, score : -4494.366365624388, Time : 21.405 s
Timestep : 297805, score : -4698.874710912889, Time : 21.601 s
Timestep : 306564, score : -4741.72892225851, Time : 21.334 s
Timestep : 315323, score : -4808.278170155783, Time : 21.561 s
Timestep : 324082, score : -4647.696188241127, Time : 21.382 s
Timestep : 332841, score : -4751.855677758722, Time : 21.709 s
Timestep : 341600, score : -4669.910928143101, Time : 21.962 s
Timestep : 350359, score : -4642.898065510584, Time : 21.986 s
Timestep : 359118, score : -4688.272933979897, Time : 21.756 s
Timestep : 367877, score : -4629.940659202082, Time : 21.635 s
Timestep : 376636, score : -4598.988486167465, Time : 21.77 s
Timestep : 385395, score : -4595.879943197971, Time : 21.985 s
Timestep : 394154, score : -4587.724309322803, Time : 21.553 s
Timestep : 402913, score : -4473.01384528671, Time : 21.709 s
Timestep : 411672, score : -4730.938942248074, Time : 21.401 s
Timestep : 420431, score : -4498.654645605042, Time : 21.78 s
Timestep : 429190, score : -4682.026756900275, Time : 21.891 s
Timestep : 437949, score : -4732.8665802181495, Time : 21.94 s
Timestep : 446708, score : -4695.692259212403, Time : 21.965 s
Timestep : 455467, score : -4650.891110119526, Time : 21.838 s
Timestep : 464226, score : -4597.556506589011, Time : 21.904 s
Timestep : 472985, score : -4569.093252303457, Time : 21.936 s
Timestep : 481744, score : -4639.786505795462, Time : 21.686 s
Timestep : 490503, score : -4794.790453715366, Time : 21.883 s
Timestep : 499262, score : -4498.152677643491, Time : 21.905 s
Timestep : 508021, score : -4747.083808940908, Time : 21.42 s
Timestep : 516780, score : -4571.305600841908, Time : 21.44 s
Timestep : 525539, score : -4703.7113787619455, Time : 21.416 s
Timestep : 534298, score : -4883.687696199006, Time : 21.658 s
Timestep : 543057, score : -4453.970998607023, Time : 21.623 s
Timestep : 551816, score : -4480.570551627694, Time : 21.291 s
Timestep : 560575, score : -4521.796267470374, Time : 21.367 s
Timestep : 569334, score : -4709.899875465926, Time : 21.388 s
Timestep : 578093, score : -4703.565981918393, Time : 21.295 s
Timestep : 586852, score : -4584.643126137933, Time : 21.637 s
Timestep : 595611, score : -4608.659998190968, Time : 21.641 s
Timestep : 604370, score : -4641.253827015316, Time : 21.825 s
Timestep : 613129, score : -5100.089385524465, Time : 21.325 s
Timestep : 621888, score : -4432.943369406537, Time : 21.441 s
Timestep : 630647, score : -4580.795294762662, Time : 21.957 s
Timestep : 639406, score : -4588.121352707996, Time : 21.789 s
Timestep : 648165, score : -4914.075112406237, Time : 21.656 s
Timestep : 656924, score : -4518.279474662064, Time : 21.618 s
Timestep : 665683, score : -4836.339718568517, Time : 21.646 s
Timestep : 674442, score : -4468.438488862856, Time : 21.814 s
Timestep : 683201, score : -4742.975053603208, Time : 21.776 s
Timestep : 691960, score : -4533.986229117407, Time : 21.382 s
Timestep : 700719, score : -4671.092143637623, Time : 21.968 s
Timestep : 709478, score : -4535.887952238394, Time : 21.897 s
Timestep : 718237, score : -4555.941338905977, Time : 21.84 s
Timestep : 726996, score : -4505.75460046521, Time : 21.731 s
Timestep : 735755, score : -4624.6285044657125, Time : 21.968 s
Timestep : 744514, score : -5042.662627470127, Time : 21.758 s
Timestep : 753273, score : -4580.015295769466, Time : 21.753 s
Timestep : 762032, score : -4537.769814913656, Time : 21.449 s
Timestep : 770791, score : -4652.681152431673, Time : 21.691 s
Timestep : 779550, score : -4651.658543040423, Time : 21.782 s
Timestep : 788309, score : -4533.167914386402, Time : 21.664 s
Timestep : 797068, score : -4418.208925637795, Time : 21.857 s
Timestep : 805827, score : -4185.669928696385, Time : 21.944 s
Timestep : 814586, score : -4391.853679264343, Time : 21.751 s
Timestep : 823345, score : -4460.987450000786, Time : 21.595 s
Timestep : 832104, score : -4486.208344621657, Time : 21.426 s
Timestep : 840863, score : -4336.689562473053, Time : 21.833 s
Timestep : 849622, score : -4507.858031015334, Time : 21.986 s
Timestep : 858381, score : -4338.965000478929, Time : 21.819 s
Timestep : 867140, score : -4353.927028072605, Time : 21.846 s
Timestep : 875899, score : -4116.223767233576, Time : 21.394 s
Starting local evaluation
Num Steps: 1000, Num episodes: 0
Num Steps: 2000, Num episodes: 0
Num Steps: 3000, Num episodes: 0
Num Steps: 4000, Num episodes: 0
Num Steps: 5000, Num episodes: 0
Num Steps: 6000, Num episodes: 0
Num Steps: 7000, Num episodes: 0
Num Steps: 8000, Num episodes: 0
Episode complete: 1 | Latest episode metrics: {'price_cost': 0.9988099490596937, 'emmision_cost': 1.015959099813507}
[-0.23870599] -0.2387059939889413
Average Price Cost: 0.9988099490596937
Average Emmision Cost: 1.015959099813507
Average of both costs: 1.0073845244366004
Total time taken by agent: 2.571437361999415s
DONE!
