{'agent': 'DQN', 'action_selection': 'egreedy', 'seed': 1, 'episodes': 100, 'data_path': 'data/citylearn_challenge_2022_phase_1', 'dry_run': False, 'n_discrete': 9, 'update_target': 16, 'lr': 0.0001, 'batch_size': 1, 'adam_epsilon': 1e-10, 'epsilon_final': 0.01, 'run_id': 252}
{'Notes': 'This is a tuning run, executed on a single building.',
 'action_selection': 'egreedy',
 'adam_epsilon': 1e-10,
 'env': '<NormalizeObservation<OneHotHour<DiscreteSingle<CityLearnEnv '
        'instance>>>>',
 'final_exploration_rate': 0.02,
 'final_exploration_step': 1000,
 'gamma': 0.99,
 'initial_exploration_rate': 1,
 'learning_rate': 0.0001,
 'loss': 'mse',
 'minibatch_size': 1,
 'network': 'MLP(\n'
            '  (layers): Sequential(\n'
            '    (0): Linear(in_features=29, out_features=128, bias=True)\n'
            '    (1): ReLU()\n'
            '    (2): Linear(in_features=128, out_features=128, bias=True)\n'
            '    (3): ReLU()\n'
            '    (4): Linear(in_features=128, out_features=9, bias=True)\n'
            '  )\n'
            ')',
 'replay_buffer_size': 10000,
 'replay_start_size': 1,
 'seed': 1,
 'train_steps': 876000,
 'update_frequency': 1,
 'update_target_frequency': 16,
 'weight_scale': 1.4142135623730951}
Timestep : 8758, score : -6697.486517197714, Time : 30.851 s
Timestep : 17517, score : -4790.570654864801, Time : 30.915 s
Timestep : 26276, score : -6093.836646892552, Time : 31.275 s
Timestep : 35035, score : -4820.679631390056, Time : 32.021 s
Timestep : 43794, score : -4484.350852595089, Time : 31.995 s
Timestep : 52553, score : -4810.6654402738495, Time : 31.688 s
Timestep : 61312, score : -4485.36896423102, Time : 31.182 s
Timestep : 70071, score : -4801.901326069448, Time : 31.22 s
Timestep : 78830, score : -4703.3390859783685, Time : 31.401 s
Timestep : 87589, score : -5029.993891031554, Time : 31.776 s
Timestep : 96348, score : -4619.452868164546, Time : 31.54 s
Timestep : 105107, score : -4310.366290207021, Time : 31.464 s
Timestep : 113866, score : -3881.7953621939814, Time : 31.617 s
Timestep : 122625, score : -3157.4855742003565, Time : 32.046 s
Timestep : 131384, score : -2136.2378745030437, Time : 31.237 s
Timestep : 140143, score : -2446.592978369241, Time : 31.276 s
Timestep : 148902, score : -1439.8657005192072, Time : 31.517 s
Timestep : 157661, score : -1042.8094936239359, Time : 31.424 s
Timestep : 166420, score : -967.7422849037976, Time : 31.376 s
Timestep : 175179, score : -1674.0882433660154, Time : 31.385 s
Timestep : 183938, score : -1213.24691333776, Time : 31.28 s
Timestep : 192697, score : -1998.9500104901672, Time : 31.271 s
Timestep : 201456, score : -1378.9290827932564, Time : 31.312 s
Timestep : 210215, score : -1636.3795780304645, Time : 31.24 s
Timestep : 218974, score : -1851.0871898655605, Time : 31.408 s
Timestep : 227733, score : -2454.864309351222, Time : 31.61 s
Timestep : 236492, score : -1662.7638328174653, Time : 31.527 s
Timestep : 245251, score : -1929.31159746091, Time : 31.812 s
Timestep : 254010, score : -1916.8290211478306, Time : 31.232 s
Timestep : 262769, score : -1701.6025192175584, Time : 31.265 s
Timestep : 271528, score : -1002.34492525112, Time : 31.229 s
Timestep : 280287, score : -1464.5721842418716, Time : 31.285 s
Timestep : 289046, score : -1049.3861178522639, Time : 31.251 s
Timestep : 297805, score : -1318.419810405263, Time : 31.389 s
Timestep : 306564, score : -1641.04402356621, Time : 31.245 s
Timestep : 315323, score : -1884.1116208309104, Time : 31.362 s
Timestep : 324082, score : -1612.2726632859121, Time : 31.21 s
Timestep : 332841, score : -1390.8015509064135, Time : 31.183 s
Timestep : 341600, score : -1247.1926339069905, Time : 31.007 s
Timestep : 350359, score : -1320.04861002721, Time : 31.055 s
Timestep : 359118, score : -1906.582901401518, Time : 31.121 s
Timestep : 367877, score : -1727.1611009670014, Time : 31.216 s
Timestep : 376636, score : -1406.8993897694454, Time : 31.255 s
Timestep : 385395, score : -1452.8139227874635, Time : 31.339 s
Timestep : 394154, score : -1350.6078956793208, Time : 32.051 s
Timestep : 402913, score : -1342.4969428776822, Time : 32.099 s
Timestep : 411672, score : -1262.0376152275858, Time : 32.132 s
Timestep : 420431, score : -1614.4902379436244, Time : 31.942 s
Timestep : 429190, score : -1140.0814232458652, Time : 32.08 s
Timestep : 437949, score : -1385.4632434568193, Time : 31.832 s
Timestep : 446708, score : -1452.124693954669, Time : 32.027 s
Timestep : 455467, score : -1019.7976645096496, Time : 31.684 s
Timestep : 464226, score : -1103.1822719450865, Time : 31.914 s
Timestep : 472985, score : -1626.9508941392705, Time : 31.976 s
Timestep : 481744, score : -1807.6314495812694, Time : 31.639 s
Timestep : 490503, score : -1347.8570486944664, Time : 31.689 s
Timestep : 499262, score : -976.3593948917987, Time : 31.038 s
Timestep : 508021, score : -1157.9067971670593, Time : 30.61 s
Timestep : 516780, score : -1317.3786202231713, Time : 26.562 s
Timestep : 525539, score : -1463.3831027612614, Time : 27.113 s
Timestep : 534298, score : -1089.8276964831457, Time : 27.091 s
Timestep : 543057, score : -1037.5612543365278, Time : 27.1 s
Timestep : 551816, score : -1450.0898234198394, Time : 27.05 s
Timestep : 560575, score : -1206.4616981966246, Time : 24.806 s
Timestep : 569334, score : -1183.3177611644205, Time : 21.16 s
Timestep : 578093, score : -1147.1379843453906, Time : 21.096 s
Timestep : 586852, score : -1186.50128230665, Time : 20.753 s
Timestep : 595611, score : -1000.8243845475663, Time : 20.332 s
Timestep : 604370, score : -955.0920068013511, Time : 22.897 s
Timestep : 613129, score : -1226.042978228681, Time : 26.771 s
Timestep : 621888, score : -1525.4406743945146, Time : 26.941 s
Timestep : 630647, score : -1248.9112435033603, Time : 26.33 s
Timestep : 639406, score : -1212.3759069959924, Time : 25.954 s
Timestep : 648165, score : -2007.5394174410321, Time : 26.363 s
Timestep : 656924, score : -1680.7679163347057, Time : 26.801 s
Timestep : 665683, score : -1629.0796097230923, Time : 30.728 s
Timestep : 674442, score : -1958.7745286540885, Time : 31.379 s
Timestep : 683201, score : -1570.9837030477647, Time : 30.597 s
Timestep : 691960, score : -1263.972740570578, Time : 29.71 s
Timestep : 700719, score : -1076.7807614230842, Time : 29.744 s
Timestep : 709478, score : -1100.8360962277802, Time : 29.706 s
Timestep : 718237, score : -585.4674742839561, Time : 29.731 s
Timestep : 726996, score : -987.045654914371, Time : 30.107 s
Timestep : 735755, score : -640.241357676714, Time : 30.555 s
Timestep : 744514, score : -739.4711751940486, Time : 31.69 s
Timestep : 753273, score : -970.8526699963986, Time : 31.709 s
Timestep : 762032, score : -1115.127656545752, Time : 31.665 s
Timestep : 770791, score : -1088.8051870640193, Time : 31.667 s
Timestep : 779550, score : -1278.3862360515923, Time : 31.679 s
Timestep : 788309, score : -1223.67835820865, Time : 31.373 s
Timestep : 797068, score : -1001.6858225569886, Time : 30.605 s
Timestep : 805827, score : -1159.4264710212883, Time : 30.492 s
Timestep : 814586, score : -934.5217427399766, Time : 30.363 s
Timestep : 823345, score : -985.5372125827416, Time : 30.49 s
Timestep : 832104, score : -1211.5695434016234, Time : 30.475 s
Timestep : 840863, score : -1045.1106837324623, Time : 30.24 s
Timestep : 849622, score : -1118.4858708919783, Time : 30.265 s
Timestep : 858381, score : -1050.5889461497136, Time : 30.356 s
Timestep : 867140, score : -1113.1310264028434, Time : 30.46 s
Timestep : 875899, score : -1570.1146735407237, Time : 30.253 s
Starting local evaluation
Num Steps: 1000, Num episodes: 0
Num Steps: 2000, Num episodes: 0
Num Steps: 3000, Num episodes: 0
Num Steps: 4000, Num episodes: 0
Num Steps: 5000, Num episodes: 0
Num Steps: 6000, Num episodes: 0
Num Steps: 7000, Num episodes: 0
Num Steps: 8000, Num episodes: 0
Episode complete: 1 | Latest episode metrics: {'price_cost': 0.8645207468590509, 'emmision_cost': 0.9347042592612322}
[-0.10473789] -0.10473788532767275
Average Price Cost: 0.8645207468590509
Average Emmision Cost: 0.9347042592612322
Average of both costs: 0.8996125030601416
Total time taken by agent: 4.314861802369705s
DONE!
