{'agent': 'DQN', 'action_selection': 'egreedy', 'seed': 1, 'episodes': 100, 'data_path': 'data/citylearn_challenge_2022_phase_1', 'dry_run': False, 'n_discrete': 9, 'update_target': 8, 'lr': 0.001, 'batch_size': 2, 'adam_epsilon': 1e-08, 'epsilon_final': 0.03, 'run_id': 296}
{'Notes': 'This is a tuning run, executed on a single building.',
 'action_selection': 'egreedy',
 'adam_epsilon': 1e-08,
 'env': '<NormalizeObservation<OneHotHour<DiscreteSingle<CityLearnEnv '
        'instance>>>>',
 'final_exploration_rate': 0.02,
 'final_exploration_step': 1000,
 'gamma': 0.99,
 'initial_exploration_rate': 1,
 'learning_rate': 0.001,
 'loss': 'mse',
 'minibatch_size': 2,
 'network': 'MLP(\n'
            '  (layers): Sequential(\n'
            '    (0): Linear(in_features=29, out_features=128, bias=True)\n'
            '    (1): ReLU()\n'
            '    (2): Linear(in_features=128, out_features=128, bias=True)\n'
            '    (3): ReLU()\n'
            '    (4): Linear(in_features=128, out_features=9, bias=True)\n'
            '  )\n'
            ')',
 'replay_buffer_size': 10000,
 'replay_start_size': 2,
 'seed': 1,
 'train_steps': 876000,
 'update_frequency': 1,
 'update_target_frequency': 8,
 'weight_scale': 1.4142135623730951}
Timestep : 8758, score : -7307.047941072917, Time : 21.119 s
Timestep : 17517, score : -8635.826720709403, Time : 21.312 s
Timestep : 26276, score : -5636.215226865286, Time : 21.321 s
Timestep : 35035, score : -6679.7633965692075, Time : 21.103 s
Timestep : 43794, score : -5861.362568802695, Time : 21.159 s
Timestep : 52553, score : -7642.519784137447, Time : 21.111 s
Timestep : 61312, score : -5545.904911984253, Time : 21.117 s
Timestep : 70071, score : -6437.5459727290145, Time : 20.831 s
Timestep : 78830, score : -6467.707747953507, Time : 20.851 s
Timestep : 87589, score : -5449.868060314475, Time : 21.715 s
Timestep : 96348, score : -5595.747397539933, Time : 21.424 s
Timestep : 105107, score : -5428.936639441556, Time : 21.863 s
Timestep : 113866, score : -4614.808436554769, Time : 21.325 s
Timestep : 122625, score : -5961.009065424514, Time : 21.271 s
Timestep : 131384, score : -5841.303194827939, Time : 21.327 s
Timestep : 140143, score : -5000.628309376567, Time : 21.248 s
Timestep : 148902, score : -4061.0260682363587, Time : 21.186 s
Timestep : 157661, score : -4787.166539599202, Time : 21.226 s
Timestep : 166420, score : -4382.758605363226, Time : 21.218 s
Timestep : 175179, score : -4824.511338820477, Time : 21.205 s
Timestep : 183938, score : -4808.164025228034, Time : 21.349 s
Timestep : 192697, score : -4774.83175795195, Time : 21.282 s
Timestep : 201456, score : -4629.73270511211, Time : 21.479 s
Timestep : 210215, score : -4966.873271455435, Time : 21.288 s
Timestep : 218974, score : -4849.161910094466, Time : 21.304 s
Timestep : 227733, score : -4555.62455298072, Time : 21.598 s
Timestep : 236492, score : -4605.13980816133, Time : 21.733 s
Timestep : 245251, score : -4183.5009328703745, Time : 21.245 s
Timestep : 254010, score : -4726.013813784026, Time : 21.249 s
Timestep : 262769, score : -4962.38122280981, Time : 21.755 s
Timestep : 271528, score : -3876.7232889713778, Time : 21.247 s
Timestep : 280287, score : -4317.813020275877, Time : 21.226 s
Timestep : 289046, score : -5509.854501441805, Time : 21.466 s
Timestep : 297805, score : -5159.353645388415, Time : 21.504 s
Timestep : 306564, score : -4990.729178901907, Time : 21.523 s
Timestep : 315323, score : -4940.527013281855, Time : 21.794 s
Timestep : 324082, score : -4384.153672226501, Time : 21.937 s
Timestep : 332841, score : -4158.285008641105, Time : 21.823 s
Timestep : 341600, score : -3719.7718607979978, Time : 21.843 s
Timestep : 350359, score : -3827.6806213059754, Time : 21.234 s
Timestep : 359118, score : -3995.634079877782, Time : 21.317 s
Timestep : 367877, score : -4250.864528127946, Time : 21.239 s
Timestep : 376636, score : -3967.722591188882, Time : 21.608 s
Timestep : 385395, score : -3599.3240461222886, Time : 21.452 s
Timestep : 394154, score : -4358.34885912473, Time : 21.652 s
Timestep : 402913, score : -4274.166946067431, Time : 21.417 s
Timestep : 411672, score : -2990.865653661851, Time : 21.691 s
Timestep : 420431, score : -3834.9313515695103, Time : 21.543 s
Timestep : 429190, score : -3383.716556247353, Time : 21.263 s
Timestep : 437949, score : -3500.6427482820873, Time : 21.365 s
Timestep : 446708, score : -3875.5515257678053, Time : 21.742 s
Timestep : 455467, score : -3674.830686631991, Time : 21.411 s
Timestep : 464226, score : -4059.191849875104, Time : 21.709 s
Timestep : 472985, score : -4434.3807997209515, Time : 20.99 s
Timestep : 481744, score : -4688.134526762558, Time : 20.84 s
Timestep : 490503, score : -4108.216710609762, Time : 21.229 s
Timestep : 499262, score : -3791.112477716204, Time : 20.788 s
Timestep : 508021, score : -4468.178934605123, Time : 20.759 s
Timestep : 516780, score : -3374.6373478004534, Time : 20.998 s
Timestep : 525539, score : -3077.6463735807047, Time : 21.208 s
Timestep : 534298, score : -2992.02496733694, Time : 21.325 s
Timestep : 543057, score : -3010.1365541635605, Time : 21.358 s
Timestep : 551816, score : -3717.8640579002385, Time : 21.805 s
Timestep : 560575, score : -2796.8500532199687, Time : 21.555 s
Timestep : 569334, score : -3001.398875003826, Time : 21.302 s
Timestep : 578093, score : -3457.553140907112, Time : 21.588 s
Timestep : 586852, score : -3691.756166045816, Time : 21.365 s
Timestep : 595611, score : -2867.729862397915, Time : 21.399 s
Timestep : 604370, score : -3104.468195698835, Time : 21.19 s
Timestep : 613129, score : -3411.0967777931655, Time : 21.217 s
Timestep : 621888, score : -3484.5320242028974, Time : 21.18 s
Timestep : 630647, score : -3705.2589386761247, Time : 21.721 s
Timestep : 639406, score : -3631.8304538508237, Time : 21.192 s
Timestep : 648165, score : -4181.880315063783, Time : 21.241 s
Timestep : 656924, score : -4007.085786792246, Time : 21.652 s
Timestep : 665683, score : -3297.91071955979, Time : 21.428 s
Timestep : 674442, score : -3572.0085675134615, Time : 21.214 s
Timestep : 683201, score : -3194.8643567313266, Time : 21.131 s
Timestep : 691960, score : -3180.189744340285, Time : 21.116 s
Timestep : 700719, score : -2784.5684838235175, Time : 21.286 s
Timestep : 709478, score : -3495.565183771105, Time : 21.381 s
Timestep : 718237, score : -2814.7552746460133, Time : 21.378 s
Timestep : 726996, score : -3330.0618578006106, Time : 21.397 s
Timestep : 735755, score : -3316.805517599714, Time : 21.167 s
Timestep : 744514, score : -3472.125991037843, Time : 21.3 s
Timestep : 753273, score : -3626.5648885446426, Time : 23.062 s
Timestep : 762032, score : -3173.037242041464, Time : 21.162 s
Timestep : 770791, score : -2691.7565578527574, Time : 21.14 s
Timestep : 779550, score : -3146.517548862452, Time : 21.393 s
Timestep : 788309, score : -2947.993636691215, Time : 21.576 s
Timestep : 797068, score : -2693.7427789465582, Time : 21.764 s
Timestep : 805827, score : -2556.92464267803, Time : 21.374 s
Timestep : 814586, score : -3309.8023713353614, Time : 21.19 s
Timestep : 823345, score : -2985.9087201974035, Time : 21.352 s
Timestep : 832104, score : -3548.556289220185, Time : 21.148 s
Timestep : 840863, score : -3490.927821746169, Time : 21.133 s
Timestep : 849622, score : -3489.4309741175093, Time : 21.559 s
Timestep : 858381, score : -3661.0793950045772, Time : 21.271 s
Timestep : 867140, score : -4075.157786014519, Time : 21.696 s
Timestep : 875899, score : -3700.2507218331593, Time : 21.476 s
Starting local evaluation
Num Steps: 1000, Num episodes: 0
Num Steps: 2000, Num episodes: 0
Num Steps: 3000, Num episodes: 0
Num Steps: 4000, Num episodes: 0
Num Steps: 5000, Num episodes: 0
Num Steps: 6000, Num episodes: 0
Num Steps: 7000, Num episodes: 0
Num Steps: 8000, Num episodes: 0
Episode complete: 1 | Latest episode metrics: {'price_cost': 0.9397346118866065, 'emmision_cost': 0.985038390002574}
[-0.18261567] -0.18261566821637426
Average Price Cost: 0.9397346118866065
Average Emmision Cost: 0.985038390002574
Average of both costs: 0.9623865009445902
Total time taken by agent: 2.483256672974676s
DONE!
