{'agent': 'DQN', 'action_selection': 'egreedy', 'seed': 1, 'episodes': 100, 'data_path': 'data/citylearn_challenge_2022_phase_1', 'dry_run': False, 'n_discrete': 9, 'update_target': 4, 'lr': 0.07, 'batch_size': 32, 'adam_epsilon': 1e-06, 'epsilon_final': 0.06, 'run_id': 364}
{'Notes': 'This is a tuning run, executed on a single building.',
 'action_selection': 'egreedy',
 'adam_epsilon': 1e-06,
 'env': '<NormalizeObservation<OneHotHour<DiscreteSingle<CityLearnEnv '
        'instance>>>>',
 'final_exploration_rate': 0.02,
 'final_exploration_step': 1000,
 'gamma': 0.99,
 'initial_exploration_rate': 1,
 'learning_rate': 0.07,
 'loss': 'mse',
 'minibatch_size': 32,
 'network': 'MLP(\n'
            '  (layers): Sequential(\n'
            '    (0): Linear(in_features=29, out_features=128, bias=True)\n'
            '    (1): ReLU()\n'
            '    (2): Linear(in_features=128, out_features=128, bias=True)\n'
            '    (3): ReLU()\n'
            '    (4): Linear(in_features=128, out_features=9, bias=True)\n'
            '  )\n'
            ')',
 'replay_buffer_size': 10000,
 'replay_start_size': 32,
 'seed': 1,
 'train_steps': 876000,
 'update_frequency': 1,
 'update_target_frequency': 4,
 'weight_scale': 1.4142135623730951}
Timestep : 8758, score : -6903.215603199544, Time : 22.45 s
Timestep : 17517, score : -6998.968581605848, Time : 22.82 s
Timestep : 26276, score : -6071.56284228529, Time : 22.864 s
Timestep : 35035, score : -9943.675616747423, Time : 22.763 s
Timestep : 43794, score : -7281.281828287247, Time : 22.914 s
Timestep : 52553, score : -10091.84322955001, Time : 22.929 s
Timestep : 61312, score : -9621.780050348287, Time : 22.955 s
Timestep : 70071, score : -9950.901280406935, Time : 23.043 s
Timestep : 78830, score : -10490.136238787672, Time : 22.511 s
Timestep : 87589, score : -10728.419203721482, Time : 22.954 s
Timestep : 96348, score : -10030.604875599995, Time : 22.968 s
Timestep : 105107, score : -11048.714530183977, Time : 22.559 s
Timestep : 113866, score : -11357.39177477514, Time : 22.952 s
Timestep : 122625, score : -10873.069832443754, Time : 22.894 s
Timestep : 131384, score : -10289.350070349712, Time : 22.818 s
Timestep : 140143, score : -11774.073374520784, Time : 22.516 s
Timestep : 148902, score : -11407.37610913378, Time : 22.726 s
Timestep : 157661, score : -11902.541331818633, Time : 22.549 s
Timestep : 166420, score : -12537.52603022664, Time : 22.891 s
Timestep : 175179, score : -11893.173416351914, Time : 22.664 s
Timestep : 183938, score : -11262.303792458799, Time : 22.695 s
Timestep : 192697, score : -11950.773243465883, Time : 22.92 s
Timestep : 201456, score : -11707.100326934204, Time : 22.955 s
Timestep : 210215, score : -11626.6171885215, Time : 22.845 s
Timestep : 218974, score : -11781.5589791862, Time : 22.922 s
Timestep : 227733, score : -11601.41082571105, Time : 22.939 s
Timestep : 236492, score : -12500.778121946918, Time : 22.949 s
Timestep : 245251, score : -12102.658013055916, Time : 22.662 s
Timestep : 254010, score : -12527.797951232551, Time : 22.348 s
Timestep : 262769, score : -12819.606907156216, Time : 22.355 s
Timestep : 271528, score : -11567.095328891955, Time : 22.858 s
Timestep : 280287, score : -11621.818259681066, Time : 22.933 s
Timestep : 289046, score : -11752.91324807331, Time : 22.649 s
Timestep : 297805, score : -12314.467234675885, Time : 22.723 s
Timestep : 306564, score : -11327.371988573927, Time : 22.895 s
Timestep : 315323, score : -11232.939821560009, Time : 23.109 s
Timestep : 324082, score : -11446.546311510057, Time : 22.954 s
Timestep : 332841, score : -11377.619494542087, Time : 22.921 s
Timestep : 341600, score : -12920.844262022903, Time : 22.916 s
Timestep : 350359, score : -12025.73122007605, Time : 22.919 s
Timestep : 359118, score : -11372.287428709285, Time : 22.92 s
Timestep : 367877, score : -11509.675982867979, Time : 22.882 s
Timestep : 376636, score : -13150.835767085242, Time : 22.442 s
Timestep : 385395, score : -11826.315032360566, Time : 22.917 s
Timestep : 394154, score : -11734.18360591642, Time : 22.926 s
Timestep : 402913, score : -11965.451124941188, Time : 22.832 s
Timestep : 411672, score : -12917.862157375042, Time : 22.917 s
Timestep : 420431, score : -11844.401849834278, Time : 22.936 s
Timestep : 429190, score : -12540.437688371778, Time : 22.753 s
Timestep : 437949, score : -13023.184725920233, Time : 22.813 s
Timestep : 446708, score : -13242.964050625123, Time : 22.764 s
Timestep : 455467, score : -12935.59557472766, Time : 22.618 s
Timestep : 464226, score : -12043.233790260536, Time : 22.805 s
Timestep : 472985, score : -11618.000301432636, Time : 22.922 s
Timestep : 481744, score : -11370.367514300815, Time : 22.925 s
Timestep : 490503, score : -11963.63967155668, Time : 22.642 s
Timestep : 499262, score : -11998.59263186052, Time : 22.881 s
Timestep : 508021, score : -12224.38688778493, Time : 22.89 s
Timestep : 516780, score : -12385.069735286132, Time : 22.914 s
Timestep : 525539, score : -12744.085679709053, Time : 22.787 s
Timestep : 534298, score : -12616.763387014274, Time : 22.924 s
Timestep : 543057, score : -12774.168314262555, Time : 22.928 s
Timestep : 551816, score : -12413.294480672106, Time : 22.927 s
Timestep : 560575, score : -12232.50319936339, Time : 22.934 s
Timestep : 569334, score : -12072.183830085516, Time : 22.927 s
Timestep : 578093, score : -12462.709807072373, Time : 22.916 s
Timestep : 586852, score : -12379.369917919117, Time : 22.924 s
Timestep : 595611, score : -11546.457085373302, Time : 22.862 s
Timestep : 604370, score : -12624.326144801467, Time : 22.933 s
Timestep : 613129, score : -11221.644214438813, Time : 22.927 s
Timestep : 621888, score : -12659.387710493203, Time : 22.681 s
Timestep : 630647, score : -11299.222721946615, Time : 22.712 s
Timestep : 639406, score : -11770.979240531407, Time : 22.678 s
Timestep : 648165, score : -11055.833504916358, Time : 22.737 s
Timestep : 656924, score : -11540.45764207549, Time : 22.719 s
Timestep : 665683, score : -12048.302250824316, Time : 22.729 s
Timestep : 674442, score : -13292.671660447217, Time : 22.87 s
Timestep : 683201, score : -12395.880467407434, Time : 22.709 s
Timestep : 691960, score : -11743.601528507432, Time : 22.934 s
Timestep : 700719, score : -11709.626038885675, Time : 22.946 s
Timestep : 709478, score : -12286.218154899674, Time : 22.672 s
Timestep : 718237, score : -12637.131215916088, Time : 23.278 s
Timestep : 726996, score : -11590.637694546669, Time : 22.787 s
Timestep : 735755, score : -11709.666779861742, Time : 22.7 s
Timestep : 744514, score : -12094.089407017062, Time : 22.714 s
Timestep : 753273, score : -12614.033706872637, Time : 22.707 s
Timestep : 762032, score : -11389.305947880377, Time : 22.633 s
Timestep : 770791, score : -11934.839010405267, Time : 23.033 s
Timestep : 779550, score : -12772.893330006045, Time : 22.895 s
Timestep : 788309, score : -12617.71328405624, Time : 22.809 s
Timestep : 797068, score : -11749.646678146513, Time : 22.687 s
Timestep : 805827, score : -13395.667090496165, Time : 22.859 s
Timestep : 814586, score : -12037.641062765731, Time : 22.851 s
Timestep : 823345, score : -12164.244464614778, Time : 22.942 s
Timestep : 832104, score : -12325.389185354812, Time : 22.936 s
Timestep : 840863, score : -12501.672421068142, Time : 22.925 s
Timestep : 849622, score : -12749.577419177993, Time : 22.846 s
Timestep : 858381, score : -12341.587173417385, Time : 22.598 s
Timestep : 867140, score : -12521.971954776745, Time : 22.677 s
Timestep : 875899, score : -11918.02737294529, Time : 22.524 s
Starting local evaluation
Num Steps: 1000, Num episodes: 0
Num Steps: 2000, Num episodes: 0
Num Steps: 3000, Num episodes: 0
Num Steps: 4000, Num episodes: 0
Num Steps: 5000, Num episodes: 0
Num Steps: 6000, Num episodes: 0
Num Steps: 7000, Num episodes: 0
Num Steps: 8000, Num episodes: 0
Episode complete: 1 | Latest episode metrics: {'price_cost': 1.0047111851931985, 'emmision_cost': 1.005236163965688}
[-0.23616737] -0.2361673717654737
Average Price Cost: 1.0047111851931985
Average Emmision Cost: 1.005236163965688
Average of both costs: 1.004973674579443
Total time taken by agent: 2.616429569432512s
DONE!
