{'agent': 'DQN', 'action_selection': 'egreedy', 'seed': 1, 'episodes': 100, 'data_path': 'data/citylearn_challenge_2022_phase_1', 'dry_run': False, 'n_discrete': 9, 'update_target': 32, 'lr': 0.07, 'batch_size': 128, 'adam_epsilon': 1e-07, 'epsilon_final': 0.1, 'run_id': 266}
{'Notes': 'This is a tuning run, executed on a single building.',
 'action_selection': 'egreedy',
 'adam_epsilon': 1e-07,
 'env': '<NormalizeObservation<OneHotHour<DiscreteSingle<CityLearnEnv '
        'instance>>>>',
 'final_exploration_rate': 0.02,
 'final_exploration_step': 1000,
 'gamma': 0.99,
 'initial_exploration_rate': 1,
 'learning_rate': 0.07,
 'loss': 'mse',
 'minibatch_size': 128,
 'network': 'MLP(\n'
            '  (layers): Sequential(\n'
            '    (0): Linear(in_features=29, out_features=128, bias=True)\n'
            '    (1): ReLU()\n'
            '    (2): Linear(in_features=128, out_features=128, bias=True)\n'
            '    (3): ReLU()\n'
            '    (4): Linear(in_features=128, out_features=9, bias=True)\n'
            '  )\n'
            ')',
 'replay_buffer_size': 10000,
 'replay_start_size': 128,
 'seed': 1,
 'train_steps': 876000,
 'update_frequency': 1,
 'update_target_frequency': 32,
 'weight_scale': 1.4142135623730951}
Timestep : 8758, score : -5959.752317115119, Time : 25.876 s
Timestep : 17517, score : -4472.342889091728, Time : 26.792 s
Timestep : 26276, score : -4545.806091361752, Time : 26.875 s
Timestep : 35035, score : -4500.594357693015, Time : 26.901 s
Timestep : 43794, score : -4444.145695566578, Time : 25.524 s
Timestep : 52553, score : -4577.841066751076, Time : 25.062 s
Timestep : 61312, score : -4561.718712536065, Time : 25.092 s
Timestep : 70071, score : -4480.059600004839, Time : 25.683 s
Timestep : 78830, score : -4541.490246369882, Time : 26.894 s
Timestep : 87589, score : -4540.272230456962, Time : 26.907 s
Timestep : 96348, score : -4483.561382651707, Time : 26.923 s
Timestep : 105107, score : -4579.544011804654, Time : 26.911 s
Timestep : 113866, score : -4586.175232145382, Time : 26.796 s
Timestep : 122625, score : -4542.431356862566, Time : 26.575 s
Timestep : 131384, score : -4533.869759786321, Time : 26.003 s
Timestep : 140143, score : -4588.825743757567, Time : 25.798 s
Timestep : 148902, score : -4398.213784792839, Time : 26.352 s
Timestep : 157661, score : -4543.074067302427, Time : 26.885 s
Timestep : 166420, score : -4445.038271893194, Time : 26.925 s
Timestep : 175179, score : -4424.896434620867, Time : 25.247 s
Timestep : 183938, score : -4488.77816735339, Time : 25.734 s
Timestep : 192697, score : -4540.174131084612, Time : 26.91 s
Timestep : 201456, score : -4535.293493395118, Time : 26.936 s
Timestep : 210215, score : -4555.328167572065, Time : 26.924 s
Timestep : 218974, score : -4601.437162294431, Time : 26.928 s
Timestep : 227733, score : -4469.173572288273, Time : 26.923 s
Timestep : 236492, score : -4558.674668033986, Time : 26.931 s
Timestep : 245251, score : -4588.846790898038, Time : 26.907 s
Timestep : 254010, score : -4485.645549096545, Time : 26.948 s
Timestep : 262769, score : -4587.872045605822, Time : 25.919 s
Timestep : 271528, score : -4513.515962138219, Time : 25.354 s
Timestep : 280287, score : -4415.1481725148915, Time : 26.142 s
Timestep : 289046, score : -4548.914543689607, Time : 25.731 s
Timestep : 297805, score : -4481.57239164233, Time : 26.967 s
Timestep : 306564, score : -4651.230474280805, Time : 26.842 s
Timestep : 315323, score : -4517.6924617830955, Time : 26.836 s
Timestep : 324082, score : -4565.699992929964, Time : 26.933 s
Timestep : 332841, score : -4618.324457782233, Time : 26.945 s
Timestep : 341600, score : -4533.085076647374, Time : 26.941 s
Timestep : 350359, score : -4498.026864829852, Time : 26.845 s
Timestep : 359118, score : -4573.4279107809125, Time : 26.968 s
Timestep : 367877, score : -4658.934894857375, Time : 26.952 s
Timestep : 376636, score : -4451.904778457625, Time : 26.973 s
Timestep : 385395, score : -4530.390567035327, Time : 26.96 s
Timestep : 394154, score : -4374.689556395548, Time : 26.941 s
Timestep : 402913, score : -4483.730872308282, Time : 26.956 s
Timestep : 411672, score : -4602.910528312816, Time : 26.959 s
Timestep : 420431, score : -4561.882130369922, Time : 26.945 s
Timestep : 429190, score : -4500.017937604251, Time : 26.943 s
Timestep : 437949, score : -4542.42434687473, Time : 26.913 s
Timestep : 446708, score : -4518.838502041443, Time : 26.951 s
Timestep : 455467, score : -4427.879464124708, Time : 26.96 s
Timestep : 464226, score : -4480.632090113504, Time : 26.96 s
Timestep : 472985, score : -4523.009355926333, Time : 26.703 s
Timestep : 481744, score : -4567.354611772025, Time : 26.565 s
Timestep : 490503, score : -4744.646220338909, Time : 26.938 s
Timestep : 499262, score : -4339.127227821766, Time : 26.949 s
Timestep : 508021, score : -4559.527375783218, Time : 26.697 s
Timestep : 516780, score : -4549.877575958104, Time : 26.943 s
Timestep : 525539, score : -4531.367157464294, Time : 26.925 s
Timestep : 534298, score : -4495.092023897363, Time : 26.165 s
Timestep : 543057, score : -4503.424686004786, Time : 26.859 s
Timestep : 551816, score : -4558.58688712251, Time : 26.933 s
Timestep : 560575, score : -4344.43187924198, Time : 26.947 s
Timestep : 569334, score : -4391.477812503843, Time : 26.937 s
Timestep : 578093, score : -4598.090153401165, Time : 26.93 s
Timestep : 586852, score : -4517.391925835429, Time : 26.942 s
Timestep : 595611, score : -4510.697481522715, Time : 26.947 s
Timestep : 604370, score : -4476.681226802437, Time : 26.935 s
Timestep : 613129, score : -4630.786529460369, Time : 26.052 s
Timestep : 621888, score : -4434.245978322258, Time : 25.93 s
Timestep : 630647, score : -4490.574528351339, Time : 26.952 s
Timestep : 639406, score : -4584.599294389627, Time : 26.951 s
Timestep : 648165, score : -4444.1961890695675, Time : 26.937 s
Timestep : 656924, score : -4457.64604620196, Time : 26.951 s
Timestep : 665683, score : -4586.332897164772, Time : 26.937 s
Timestep : 674442, score : -4567.445123484271, Time : 26.925 s
Timestep : 683201, score : -4491.032248786098, Time : 26.925 s
Timestep : 691960, score : -4366.905637902586, Time : 26.932 s
Timestep : 700719, score : -4477.965812924696, Time : 26.948 s
Timestep : 709478, score : -4573.408158840175, Time : 26.925 s
Timestep : 718237, score : -4563.6168985342665, Time : 26.932 s
Timestep : 726996, score : -4564.396061134903, Time : 26.96 s
Timestep : 735755, score : -4465.3952882712765, Time : 26.917 s
Timestep : 744514, score : -4550.900399772829, Time : 26.939 s
Timestep : 753273, score : -4491.92430324704, Time : 26.954 s
Timestep : 762032, score : -4598.234157022467, Time : 26.921 s
Timestep : 770791, score : -4525.80991537965, Time : 26.27 s
Timestep : 779550, score : -4490.774838950863, Time : 25.974 s
Timestep : 788309, score : -4502.674678269221, Time : 26.942 s
Timestep : 797068, score : -4431.483319721563, Time : 26.953 s
Timestep : 805827, score : -4454.660820248915, Time : 26.927 s
Timestep : 814586, score : -4517.101912108628, Time : 26.925 s
Timestep : 823345, score : -4653.475296990393, Time : 26.493 s
Timestep : 832104, score : -4461.996414200548, Time : 26.866 s
Timestep : 840863, score : -4769.574892881705, Time : 26.925 s
Timestep : 849622, score : -4655.732275612099, Time : 25.607 s
Timestep : 858381, score : -4635.057425932406, Time : 26.145 s
Timestep : 867140, score : -4458.1638980744465, Time : 26.908 s
Timestep : 875899, score : -4624.363741017325, Time : 26.908 s
Starting local evaluation
Num Steps: 1000, Num episodes: 0
Num Steps: 2000, Num episodes: 0
Num Steps: 3000, Num episodes: 0
Num Steps: 4000, Num episodes: 0
Num Steps: 5000, Num episodes: 0
Num Steps: 6000, Num episodes: 0
Num Steps: 7000, Num episodes: 0
Num Steps: 8000, Num episodes: 0
Episode complete: 1 | Latest episode metrics: {'price_cost': 1.0232612539864743, 'emmision_cost': 1.0265594741011037}
[-0.2606263] -0.26062629809847737
Average Price Cost: 1.0232612539864743
Average Emmision Cost: 1.0265594741011037
Average of both costs: 1.024910364043789
Total time taken by agent: 2.5187370041385293s
DONE!
