{'agent': 'DQN', 'action_selection': 'softmax', 'seed': 1, 'episodes': 100, 'data_path': 'data/citylearn_challenge_2022_phase_1', 'dry_run': False, 'n_discrete': 9, 'update_target': 8, 'lr': 0.1, 'batch_size': 256, 'adam_epsilon': 0.0001, 'epsilon_final': 0.02, 'run_id': 69}
{'Notes': 'This is a tuning run, executed on a single building.',
 'action_selection': 'softmax',
 'adam_epsilon': 0.0001,
 'env': '<NormalizeObservation<OneHotHour<DiscreteSingle<CityLearnEnv '
        'instance>>>>',
 'final_exploration_rate': 0.02,
 'final_exploration_step': 1000,
 'gamma': 0.99,
 'initial_exploration_rate': 1,
 'learning_rate': 0.1,
 'loss': 'mse',
 'minibatch_size': 256,
 'network': 'MLP(\n'
            '  (layers): Sequential(\n'
            '    (0): Linear(in_features=29, out_features=128, bias=True)\n'
            '    (1): ReLU()\n'
            '    (2): Linear(in_features=128, out_features=128, bias=True)\n'
            '    (3): ReLU()\n'
            '    (4): Linear(in_features=128, out_features=9, bias=True)\n'
            '  )\n'
            ')',
 'replay_buffer_size': 10000,
 'replay_start_size': 256,
 'seed': 1,
 'train_steps': 876000,
 'update_frequency': 1,
 'update_target_frequency': 8,
 'weight_scale': 1.4142135623730951}
Timestep : 8758, score : -8177.407985778831, Time : 25.203 s
Timestep : 17517, score : -12097.647572928065, Time : 26.667 s
Timestep : 26276, score : -13174.877023071873, Time : 26.831 s
Timestep : 35035, score : -13826.82764328568, Time : 27.679 s
Timestep : 43794, score : -15427.353645551135, Time : 27.56 s
Timestep : 52553, score : -13971.796268446444, Time : 27.523 s
Timestep : 61312, score : -16498.22752027116, Time : 27.555 s
Timestep : 70071, score : -14878.550218740362, Time : 27.452 s
Timestep : 78830, score : -14233.423212147361, Time : 27.58 s
Timestep : 87589, score : -15324.959444618085, Time : 27.407 s
Timestep : 96348, score : -15434.27012416374, Time : 27.161 s
Timestep : 105107, score : -16139.015589429138, Time : 27.109 s
Timestep : 113866, score : -15435.971575212076, Time : 27.251 s
Timestep : 122625, score : -15357.630660885363, Time : 27.151 s
Timestep : 131384, score : -15965.211656943662, Time : 26.86 s
Timestep : 140143, score : -14624.58310081929, Time : 27.226 s
Timestep : 148902, score : -15523.409014446224, Time : 27.149 s
Timestep : 157661, score : -16099.202129592253, Time : 27.149 s
Timestep : 166420, score : -17026.936129447422, Time : 26.902 s
Timestep : 175179, score : -15601.026354479021, Time : 27.058 s
Timestep : 183938, score : -15680.570411799272, Time : 27.27 s
Timestep : 192697, score : -14746.400353238758, Time : 27.429 s
Timestep : 201456, score : -15658.388844702233, Time : 27.471 s
Timestep : 210215, score : -16045.80015828833, Time : 26.981 s
Timestep : 218974, score : -15866.368578765381, Time : 26.985 s
Timestep : 227733, score : -16559.282216561493, Time : 27.007 s
Timestep : 236492, score : -15467.953181944613, Time : 27.24 s
Timestep : 245251, score : -17414.46759200051, Time : 27.114 s
Timestep : 254010, score : -15490.079682470794, Time : 27.037 s
Timestep : 262769, score : -16051.763280996194, Time : 27.241 s
Timestep : 271528, score : -15037.928093263254, Time : 27.361 s
Timestep : 280287, score : -16484.71861673922, Time : 27.266 s
Timestep : 289046, score : -16892.07395148989, Time : 27.083 s
Timestep : 297805, score : -16996.97780616647, Time : 27.157 s
Timestep : 306564, score : -15571.440388365445, Time : 27.209 s
Timestep : 315323, score : -16674.02854432509, Time : 27.208 s
Timestep : 324082, score : -16513.799022400242, Time : 27.088 s
Timestep : 332841, score : -17207.109774924844, Time : 26.971 s
Timestep : 341600, score : -14902.094131144768, Time : 26.856 s
Timestep : 350359, score : -15704.0253161008, Time : 27.01 s
Timestep : 359118, score : -16887.895965794036, Time : 27.349 s
Timestep : 367877, score : -17054.539134898223, Time : 27.196 s
Timestep : 376636, score : -16968.280972257257, Time : 27.243 s
Timestep : 385395, score : -15840.489144924068, Time : 27.005 s
Timestep : 394154, score : -17011.59064122988, Time : 27.031 s
Timestep : 402913, score : -16856.928121678604, Time : 27.016 s
Timestep : 411672, score : -16174.573151898898, Time : 27.043 s
Timestep : 420431, score : -16176.389773961695, Time : 27.104 s
Timestep : 429190, score : -16509.854975156835, Time : 27.158 s
Timestep : 437949, score : -15058.452193444362, Time : 27.259 s
Timestep : 446708, score : -16946.623705190024, Time : 27.219 s
Timestep : 455467, score : -16675.07275217719, Time : 27.157 s
Timestep : 464226, score : -16408.989673881297, Time : 26.893 s
Timestep : 472985, score : -16509.840774222524, Time : 27.129 s
Timestep : 481744, score : -16239.226794504808, Time : 27.076 s
Timestep : 490503, score : -16166.46743965181, Time : 27.005 s
Timestep : 499262, score : -16286.05799883396, Time : 27.295 s
Timestep : 508021, score : -16173.895553608309, Time : 27.322 s
Timestep : 516780, score : -16122.712950165573, Time : 27.322 s
Timestep : 525539, score : -16021.52818878209, Time : 27.081 s
Timestep : 534298, score : -16561.959849065286, Time : 27.33 s
Timestep : 543057, score : -16512.139687974006, Time : 27.323 s
Timestep : 551816, score : -16174.00804691785, Time : 27.27 s
Timestep : 560575, score : -15423.617229498414, Time : 27.096 s
Timestep : 569334, score : -17044.161011902645, Time : 27.099 s
Timestep : 578093, score : -16488.08145307431, Time : 27.027 s
Timestep : 586852, score : -16313.807380438324, Time : 27.073 s
Timestep : 595611, score : -16144.304584285448, Time : 27.117 s
Timestep : 604370, score : -15936.188308415236, Time : 27.193 s
Timestep : 613129, score : -16117.998949074256, Time : 27.337 s
Timestep : 621888, score : -14333.571128433337, Time : 27.395 s
Timestep : 630647, score : -15903.158329735117, Time : 27.287 s
Timestep : 639406, score : -15688.34177539451, Time : 27.159 s
Timestep : 648165, score : -16671.91301025098, Time : 27.474 s
Timestep : 656924, score : -15484.714254561884, Time : 27.294 s
Timestep : 665683, score : -15495.965147408191, Time : 27.178 s
Timestep : 674442, score : -16470.298619558413, Time : 27.133 s
Timestep : 683201, score : -15224.075063091892, Time : 27.1 s
Timestep : 691960, score : -12186.911674714487, Time : 26.89 s
Timestep : 700719, score : -7886.494049894231, Time : 26.094 s
Timestep : 709478, score : -4908.158650293975, Time : 26.03 s
Timestep : 718237, score : -4120.670425822405, Time : 25.868 s
Timestep : 726996, score : -4063.7623569307907, Time : 25.59 s
Timestep : 735755, score : -4107.075648646249, Time : 25.658 s
Timestep : 744514, score : -4169.533964853181, Time : 25.656 s
Timestep : 753273, score : -4137.541804432316, Time : 25.944 s
Timestep : 762032, score : -4151.844872110436, Time : 25.757 s
Timestep : 770791, score : -4079.8573642591073, Time : 25.545 s
Timestep : 779550, score : -4092.103423050052, Time : 25.755 s
Timestep : 788309, score : -4116.161750899308, Time : 25.896 s
Timestep : 797068, score : -4063.8476377743355, Time : 26.071 s
Timestep : 805827, score : -4142.176723596087, Time : 25.985 s
Timestep : 814586, score : -4149.139288218139, Time : 25.756 s
Timestep : 823345, score : -4078.9049948690517, Time : 25.996 s
Timestep : 832104, score : -4178.265533601312, Time : 26.24 s
Timestep : 840863, score : -4093.789841889782, Time : 25.94 s
Timestep : 849622, score : -4116.968377047597, Time : 26.013 s
Timestep : 858381, score : -4092.501204676373, Time : 25.717 s
Timestep : 867140, score : -4087.844661971001, Time : 26.042 s
Timestep : 875899, score : -4056.3326123593433, Time : 26.014 s
Starting local evaluation
Num Steps: 1000, Num episodes: 0
Num Steps: 2000, Num episodes: 0
Num Steps: 3000, Num episodes: 0
Num Steps: 4000, Num episodes: 0
Num Steps: 5000, Num episodes: 0
Num Steps: 6000, Num episodes: 0
Num Steps: 7000, Num episodes: 0
Num Steps: 8000, Num episodes: 0
Episode complete: 1 | Latest episode metrics: {'price_cost': 1.0003937963213958, 'emmision_cost': 1.0006632774879998}
[-0.23070461] -0.23070460907478843
Average Price Cost: 1.0003937963213958
Average Emmision Cost: 1.0006632774879998
Average of both costs: 1.0005285369046977
Total time taken by agent: 3.204153795260936s
DONE!
