{'agent': 'DQN', 'action_selection': 'softmax', 'seed': 1, 'episodes': 100, 'data_path': 'data/citylearn_challenge_2022_phase_1', 'dry_run': False, 'n_discrete': 9, 'update_target': 4, 'lr': 0.07, 'batch_size': 8, 'adam_epsilon': 0.001, 'epsilon_final': 0.02, 'run_id': 71}
{'Notes': 'This is a tuning run, executed on a single building.',
 'action_selection': 'softmax',
 'adam_epsilon': 0.001,
 'env': '<NormalizeObservation<OneHotHour<DiscreteSingle<CityLearnEnv '
        'instance>>>>',
 'final_exploration_rate': 0.02,
 'final_exploration_step': 1000,
 'gamma': 0.99,
 'initial_exploration_rate': 1,
 'learning_rate': 0.07,
 'loss': 'mse',
 'minibatch_size': 8,
 'network': 'MLP(\n'
            '  (layers): Sequential(\n'
            '    (0): Linear(in_features=29, out_features=128, bias=True)\n'
            '    (1): ReLU()\n'
            '    (2): Linear(in_features=128, out_features=128, bias=True)\n'
            '    (3): ReLU()\n'
            '    (4): Linear(in_features=128, out_features=9, bias=True)\n'
            '  )\n'
            ')',
 'replay_buffer_size': 10000,
 'replay_start_size': 8,
 'seed': 1,
 'train_steps': 876000,
 'update_frequency': 1,
 'update_target_frequency': 4,
 'weight_scale': 1.4142135623730951}
Timestep : 8758, score : -5363.367003784428, Time : 20.867 s
Timestep : 17517, score : -6894.893556557858, Time : 24.606 s
Timestep : 26276, score : -5091.0574258076085, Time : 21.451 s
Timestep : 35035, score : -5603.449888207862, Time : 21.274 s
Timestep : 43794, score : -4840.873358857658, Time : 21.891 s
Timestep : 52553, score : -4047.8702912380977, Time : 21.979 s
Timestep : 61312, score : -9455.043182714871, Time : 21.318 s
Timestep : 70071, score : -9361.454790656877, Time : 20.661 s
Timestep : 78830, score : -4615.580447187094, Time : 20.961 s
Timestep : 87589, score : -4541.311170398636, Time : 20.783 s
Timestep : 96348, score : -4416.127335374622, Time : 20.734 s
Timestep : 105107, score : -4386.185144283256, Time : 20.634 s
Timestep : 113866, score : -4528.769287223069, Time : 20.71 s
Timestep : 122625, score : -4273.952176601539, Time : 20.925 s
Timestep : 131384, score : -4360.3617493431375, Time : 20.771 s
Timestep : 140143, score : -4432.891043999611, Time : 21.686 s
Timestep : 148902, score : -4183.701900176151, Time : 20.661 s
Timestep : 157661, score : -4364.657315291421, Time : 20.633 s
Timestep : 166420, score : -4439.806460203166, Time : 20.751 s
Timestep : 175179, score : -4243.691187169781, Time : 20.665 s
Timestep : 183938, score : -4350.664516014891, Time : 20.749 s
Timestep : 192697, score : -4188.0702898943855, Time : 20.796 s
Timestep : 201456, score : -4466.31640283778, Time : 20.837 s
Timestep : 210215, score : -4387.011915642914, Time : 20.837 s
Timestep : 218974, score : -4269.095969520888, Time : 21.427 s
Timestep : 227733, score : -4291.323252380273, Time : 20.946 s
Timestep : 236492, score : -4327.2291264833475, Time : 20.677 s
Timestep : 245251, score : -4405.128309328604, Time : 20.665 s
Timestep : 254010, score : -4239.829076049413, Time : 20.962 s
Timestep : 262769, score : -4257.0134163279145, Time : 20.727 s
Timestep : 271528, score : -4426.100840734696, Time : 20.714 s
Timestep : 280287, score : -4161.483017295046, Time : 20.714 s
Timestep : 289046, score : -4431.094019027922, Time : 20.736 s
Timestep : 297805, score : -4135.845134389965, Time : 21.714 s
Timestep : 306564, score : -4163.442415898113, Time : 20.876 s
Timestep : 315323, score : -4252.962382286278, Time : 20.938 s
Timestep : 324082, score : -4363.168347599363, Time : 20.919 s
Timestep : 332841, score : -4251.078275709791, Time : 20.742 s
Timestep : 341600, score : -4277.510828088416, Time : 20.656 s
Timestep : 350359, score : -4239.936756563402, Time : 20.75 s
Timestep : 359118, score : -4260.216238852037, Time : 20.711 s
Timestep : 367877, score : -4215.22828334957, Time : 20.666 s
Timestep : 376636, score : -4258.079495060636, Time : 20.718 s
Timestep : 385395, score : -4293.525597683183, Time : 20.787 s
Timestep : 394154, score : -4303.364334269805, Time : 21.571 s
Timestep : 402913, score : -4164.335282762913, Time : 20.716 s
Timestep : 411672, score : -4185.600031019567, Time : 20.935 s
Timestep : 420431, score : -4276.984139813838, Time : 20.912 s
Timestep : 429190, score : -4397.06930613835, Time : 20.715 s
Timestep : 437949, score : -4366.926548314659, Time : 20.697 s
Timestep : 446708, score : -4290.1870539527445, Time : 20.725 s
Timestep : 455467, score : -4373.2900756089075, Time : 20.705 s
Timestep : 464226, score : -4440.571744248649, Time : 20.703 s
Timestep : 472985, score : -4373.875563119451, Time : 20.71 s
Timestep : 481744, score : -4277.12393002343, Time : 21.275 s
Timestep : 490503, score : -4218.626470896794, Time : 20.753 s
Timestep : 499262, score : -4302.838017379312, Time : 20.797 s
Timestep : 508021, score : -4346.372535151109, Time : 20.964 s
Timestep : 516780, score : -4431.797326402186, Time : 22.364 s
Timestep : 525539, score : -4232.774599454744, Time : 20.726 s
Timestep : 534298, score : -4298.8143613244465, Time : 20.641 s
Timestep : 543057, score : -4294.692947071424, Time : 20.662 s
Timestep : 551816, score : -4194.832839419512, Time : 20.653 s
Timestep : 560575, score : -4300.719397589943, Time : 20.646 s
Timestep : 569334, score : -4168.044104416069, Time : 20.721 s
Timestep : 578093, score : -4408.6020956520515, Time : 20.965 s
Timestep : 586852, score : -4403.650998719531, Time : 20.83 s
Timestep : 595611, score : -4247.834689292504, Time : 20.78 s
Timestep : 604370, score : -4382.023660857609, Time : 20.985 s
Timestep : 613129, score : -4277.28005875033, Time : 20.901 s
Timestep : 621888, score : -4282.027538721362, Time : 20.696 s
Timestep : 630647, score : -4284.473440079397, Time : 20.722 s
Timestep : 639406, score : -4312.807297985331, Time : 20.66 s
Timestep : 648165, score : -4188.602903441904, Time : 20.589 s
Timestep : 656924, score : -4150.234274563758, Time : 22.452 s
Timestep : 665683, score : -4134.021256779699, Time : 20.685 s
Timestep : 674442, score : -4190.915211131243, Time : 21.849 s
Timestep : 683201, score : -4354.590081514747, Time : 20.714 s
Timestep : 691960, score : -4477.566698116498, Time : 20.66 s
Timestep : 700719, score : -4419.6459114215395, Time : 20.873 s
Timestep : 709478, score : -4415.619182877155, Time : 20.893 s
Timestep : 718237, score : -4304.098136078013, Time : 20.8 s
Timestep : 726996, score : -4351.340804988897, Time : 20.754 s
Timestep : 735755, score : -4315.495696742466, Time : 20.727 s
Timestep : 744514, score : -4548.990790405223, Time : 20.77 s
Timestep : 753273, score : -4187.115157048713, Time : 22.464 s
Timestep : 762032, score : -4381.256294097198, Time : 20.699 s
Timestep : 770791, score : -4314.75724681039, Time : 20.687 s
Timestep : 779550, score : -4309.156073129183, Time : 20.737 s
Timestep : 788309, score : -4274.125440121075, Time : 20.71 s
Timestep : 797068, score : -4375.748694019305, Time : 20.782 s
Timestep : 805827, score : -4376.593449449545, Time : 21.384 s
Timestep : 814586, score : -4309.4734491868, Time : 20.693 s
Timestep : 823345, score : -4198.418114721222, Time : 20.747 s
Timestep : 832104, score : -4388.219442728005, Time : 20.726 s
Timestep : 840863, score : -4311.54299672888, Time : 20.644 s
Timestep : 849622, score : -4099.991521527438, Time : 20.884 s
Timestep : 858381, score : -4358.791050381871, Time : 20.824 s
Timestep : 867140, score : -4309.523910961958, Time : 20.704 s
Timestep : 875899, score : -4241.986863869155, Time : 20.735 s
Starting local evaluation
Num Steps: 1000, Num episodes: 0
Num Steps: 2000, Num episodes: 0
Num Steps: 3000, Num episodes: 0
Num Steps: 4000, Num episodes: 0
Num Steps: 5000, Num episodes: 0
Num Steps: 6000, Num episodes: 0
Num Steps: 7000, Num episodes: 0
Num Steps: 8000, Num episodes: 0
Episode complete: 1 | Latest episode metrics: {'price_cost': 1.0116315668109324, 'emmision_cost': 1.0154071107229155}
[-0.2465984] -0.2465984006212508
Average Price Cost: 1.0116315668109324
Average Emmision Cost: 1.0154071107229155
Average of both costs: 1.013519338766924
Total time taken by agent: 3.038766668178141s
DONE!
