{'agent': 'DQN', 'action_selection': 'egreedy', 'seed': 1, 'episodes': 100, 'data_path': 'data/citylearn_challenge_2022_phase_1', 'dry_run': False, 'n_discrete': 9, 'update_target': 8, 'lr': 0.03, 'batch_size': 2, 'adam_epsilon': 0.001, 'epsilon_final': 0.01, 'run_id': 204}
{'Notes': 'This is a tuning run, executed on a single building.',
 'action_selection': 'egreedy',
 'adam_epsilon': 0.001,
 'env': '<NormalizeObservation<OneHotHour<DiscreteSingle<CityLearnEnv '
        'instance>>>>',
 'final_exploration_rate': 0.02,
 'final_exploration_step': 1000,
 'gamma': 0.99,
 'initial_exploration_rate': 1,
 'learning_rate': 0.03,
 'loss': 'mse',
 'minibatch_size': 2,
 'network': 'MLP(\n'
            '  (layers): Sequential(\n'
            '    (0): Linear(in_features=29, out_features=128, bias=True)\n'
            '    (1): ReLU()\n'
            '    (2): Linear(in_features=128, out_features=128, bias=True)\n'
            '    (3): ReLU()\n'
            '    (4): Linear(in_features=128, out_features=9, bias=True)\n'
            '  )\n'
            ')',
 'replay_buffer_size': 10000,
 'replay_start_size': 2,
 'seed': 1,
 'train_steps': 876000,
 'update_frequency': 1,
 'update_target_frequency': 8,
 'weight_scale': 1.4142135623730951}
Timestep : 8758, score : -6580.055046959504, Time : 22.954 s
Timestep : 17517, score : -5351.537299630145, Time : 21.518 s
Timestep : 26276, score : -5788.877615175588, Time : 21.511 s
Timestep : 35035, score : -6011.621684625541, Time : 21.514 s
Timestep : 43794, score : -6670.628522036393, Time : 21.51 s
Timestep : 52553, score : -5408.136505716859, Time : 21.526 s
Timestep : 61312, score : -6830.5935718473775, Time : 21.517 s
Timestep : 70071, score : -8841.96330235296, Time : 21.526 s
Timestep : 78830, score : -7159.422717641137, Time : 21.521 s
Timestep : 87589, score : -8099.725798559375, Time : 21.523 s
Timestep : 96348, score : -9590.287206862195, Time : 21.537 s
Timestep : 105107, score : -6744.211845530925, Time : 21.526 s
Timestep : 113866, score : -7942.439606040163, Time : 21.549 s
Timestep : 122625, score : -4651.4278465471725, Time : 21.587 s
Timestep : 131384, score : -4557.412469461007, Time : 21.55 s
Timestep : 140143, score : -4516.466843015893, Time : 21.553 s
Timestep : 148902, score : -4605.8445694906695, Time : 21.554 s
Timestep : 157661, score : -4627.388750804035, Time : 21.527 s
Timestep : 166420, score : -4473.532741808711, Time : 21.54 s
Timestep : 175179, score : -4376.2373045323475, Time : 21.545 s
Timestep : 183938, score : -4536.779551645188, Time : 21.51 s
Timestep : 192697, score : -4527.693882931402, Time : 21.448 s
Timestep : 201456, score : -4499.633864582545, Time : 21.401 s
Timestep : 210215, score : -4600.270734480029, Time : 21.411 s
Timestep : 218974, score : -4573.4553085727675, Time : 21.423 s
Timestep : 227733, score : -4485.11496057031, Time : 21.414 s
Timestep : 236492, score : -4475.964672328933, Time : 21.428 s
Timestep : 245251, score : -4452.2827386911085, Time : 21.432 s
Timestep : 254010, score : -4443.241861350281, Time : 21.436 s
Timestep : 262769, score : -4634.2341096333985, Time : 24.019 s
Timestep : 271528, score : -4580.195160034491, Time : 26.678 s
Timestep : 280287, score : -4428.595149391709, Time : 25.658 s
Timestep : 289046, score : -4477.659469982755, Time : 26.335 s
Timestep : 297805, score : -4498.086439366831, Time : 27.166 s
Timestep : 306564, score : -4602.333126510872, Time : 27.075 s
Timestep : 315323, score : -4604.535196363373, Time : 26.847 s
Timestep : 324082, score : -4463.310039485252, Time : 25.703 s
Timestep : 332841, score : -4588.0250363214, Time : 25.699 s
Timestep : 341600, score : -4575.365699752612, Time : 26.456 s
Timestep : 350359, score : -4441.917028705968, Time : 27.169 s
Timestep : 359118, score : -4654.4632219052, Time : 27.024 s
Timestep : 367877, score : -4468.712227982847, Time : 26.162 s
Timestep : 376636, score : -4531.785596722184, Time : 25.698 s
Timestep : 385395, score : -4492.562812182499, Time : 26.39 s
Timestep : 394154, score : -4498.978049424855, Time : 25.669 s
Timestep : 402913, score : -4464.257617528929, Time : 25.662 s
Timestep : 411672, score : -4546.45838106524, Time : 25.679 s
Timestep : 420431, score : -4480.9554171096825, Time : 25.668 s
Timestep : 429190, score : -4633.759105919773, Time : 26.166 s
Timestep : 437949, score : -4532.4105810117035, Time : 27.16 s
Timestep : 446708, score : -4640.261656916147, Time : 27.178 s
Timestep : 455467, score : -4396.369768598495, Time : 23.612 s
Timestep : 464226, score : -4549.260656520681, Time : 25.695 s
Timestep : 472985, score : -4471.668828832364, Time : 27.181 s
Timestep : 481744, score : -4495.902314855164, Time : 24.635 s
Timestep : 490503, score : -4567.004208566068, Time : 21.867 s
Timestep : 499262, score : -4496.76617680621, Time : 25.894 s
Timestep : 508021, score : -4428.444687170355, Time : 26.533 s
Timestep : 516780, score : -4475.292615560262, Time : 25.647 s
Timestep : 525539, score : -4543.699256738095, Time : 26.592 s
Timestep : 534298, score : -4513.973289798392, Time : 25.912 s
Timestep : 543057, score : -4441.2576267471595, Time : 26.014 s
Timestep : 551816, score : -4450.258761776058, Time : 27.089 s
Timestep : 560575, score : -4491.545963078766, Time : 26.786 s
Timestep : 569334, score : -4393.568476428656, Time : 26.063 s
Timestep : 578093, score : -4466.963505094318, Time : 25.831 s
Timestep : 586852, score : -4508.588853374502, Time : 26.192 s
Timestep : 595611, score : -4558.523565416137, Time : 26.661 s
Timestep : 604370, score : -4508.816054406023, Time : 24.567 s
Timestep : 613129, score : -4556.454744365445, Time : 21.861 s
Timestep : 621888, score : -4397.046193844901, Time : 21.845 s
Timestep : 630647, score : -4467.96461982411, Time : 25.377 s
Timestep : 639406, score : -4574.837814246683, Time : 27.141 s
Timestep : 648165, score : -4603.269714441529, Time : 22.757 s
Timestep : 656924, score : -4440.04260809478, Time : 21.859 s
Timestep : 665683, score : -4625.658732322423, Time : 23.672 s
Timestep : 674442, score : -4483.779555029614, Time : 24.68 s
Timestep : 683201, score : -4570.6789927244245, Time : 21.759 s
Timestep : 691960, score : -4516.643660002766, Time : 23.83 s
Timestep : 700719, score : -4490.133981072722, Time : 21.732 s
Timestep : 709478, score : -4519.472241826734, Time : 21.765 s
Timestep : 718237, score : -4446.577184278431, Time : 21.472 s
Timestep : 726996, score : -4562.722035946237, Time : 21.981 s
Timestep : 735755, score : -4491.656987165479, Time : 21.528 s
Timestep : 744514, score : -4622.268318547314, Time : 21.437 s
Timestep : 753273, score : -4489.149235847784, Time : 21.731 s
Timestep : 762032, score : -4525.198239375866, Time : 23.778 s
Timestep : 770791, score : -4538.7479188297, Time : 22.873 s
Timestep : 779550, score : -4445.662794323551, Time : 21.879 s
Timestep : 788309, score : -4434.2927535105555, Time : 21.848 s
Timestep : 797068, score : -4452.1847786859435, Time : 26.394 s
Timestep : 805827, score : -4344.829293520568, Time : 24.979 s
Timestep : 814586, score : -4438.6428603449895, Time : 25.391 s
Timestep : 823345, score : -4683.511049068911, Time : 21.851 s
Timestep : 832104, score : -4473.93953709249, Time : 21.958 s
Timestep : 840863, score : -4555.905052262737, Time : 22.166 s
Timestep : 849622, score : -4571.664736873849, Time : 21.868 s
Timestep : 858381, score : -4605.711828462227, Time : 21.771 s
Timestep : 867140, score : -4604.359557625168, Time : 21.553 s
Timestep : 875899, score : -4505.824957416888, Time : 21.608 s
Starting local evaluation
Num Steps: 1000, Num episodes: 0
Num Steps: 2000, Num episodes: 0
Num Steps: 3000, Num episodes: 0
Num Steps: 4000, Num episodes: 0
Num Steps: 5000, Num episodes: 0
Num Steps: 6000, Num episodes: 0
Num Steps: 7000, Num episodes: 0
Num Steps: 8000, Num episodes: 0
Episode complete: 1 | Latest episode metrics: {'price_cost': 1.0209096377911269, 'emmision_cost': 1.025383480189786}
[-0.25842585] -0.25842585044382543
Average Price Cost: 1.0209096377911269
Average Emmision Cost: 1.025383480189786
Average of both costs: 1.0231465589904565
Total time taken by agent: 2.5165021009743214s
DONE!
