{'agent': 'DQN', 'action_selection': 'egreedy', 'seed': 1, 'episodes': 100, 'data_path': 'data/citylearn_challenge_2022_phase_1', 'dry_run': False, 'n_discrete': 9, 'update_target': 32, 'lr': 0.0001, 'batch_size': 4, 'adam_epsilon': 1e-06, 'epsilon_final': 0.02, 'run_id': 245}
{'Notes': 'This is a tuning run, executed on a single building.',
 'action_selection': 'egreedy',
 'adam_epsilon': 1e-06,
 'env': '<NormalizeObservation<OneHotHour<DiscreteSingle<CityLearnEnv '
        'instance>>>>',
 'final_exploration_rate': 0.02,
 'final_exploration_step': 1000,
 'gamma': 0.99,
 'initial_exploration_rate': 1,
 'learning_rate': 0.0001,
 'loss': 'mse',
 'minibatch_size': 4,
 'network': 'MLP(\n'
            '  (layers): Sequential(\n'
            '    (0): Linear(in_features=29, out_features=128, bias=True)\n'
            '    (1): ReLU()\n'
            '    (2): Linear(in_features=128, out_features=128, bias=True)\n'
            '    (3): ReLU()\n'
            '    (4): Linear(in_features=128, out_features=9, bias=True)\n'
            '  )\n'
            ')',
 'replay_buffer_size': 10000,
 'replay_start_size': 4,
 'seed': 1,
 'train_steps': 876000,
 'update_frequency': 1,
 'update_target_frequency': 32,
 'weight_scale': 1.4142135623730951}
Timestep : 8758, score : -5796.331874976779, Time : 21.012 s
Timestep : 17517, score : -4753.850731337006, Time : 21.396 s
Timestep : 26276, score : -5168.718346694863, Time : 21.425 s
Timestep : 35035, score : -3863.2098181159527, Time : 22.396 s
Timestep : 43794, score : -2342.235819296475, Time : 21.431 s
Timestep : 52553, score : -1726.295301192702, Time : 21.607 s
Timestep : 61312, score : -2477.6508437068696, Time : 21.589 s
Timestep : 70071, score : -2444.8214921583713, Time : 21.598 s
Timestep : 78830, score : -1651.2054562949634, Time : 21.606 s
Timestep : 87589, score : -2070.9032304791326, Time : 21.618 s
Timestep : 96348, score : -1363.6237205709622, Time : 21.604 s
Timestep : 105107, score : -1597.6245273381064, Time : 21.6 s
Timestep : 113866, score : -1522.6795611472626, Time : 21.057 s
Timestep : 122625, score : -1254.4528172116552, Time : 21.291 s
Timestep : 131384, score : -1121.0500457051967, Time : 20.964 s
Timestep : 140143, score : -1687.270569789136, Time : 21.274 s
Timestep : 148902, score : -1682.9373299927975, Time : 22.562 s
Timestep : 157661, score : -2390.3338984044094, Time : 21.801 s
Timestep : 166420, score : -1395.2755624621932, Time : 21.179 s
Timestep : 175179, score : -1749.0062845775683, Time : 21.266 s
Timestep : 183938, score : -1370.3624198020261, Time : 21.722 s
Timestep : 192697, score : -1645.6296947594092, Time : 21.721 s
Timestep : 201456, score : -1429.3949000358407, Time : 21.729 s
Timestep : 210215, score : -1165.8248148146522, Time : 21.711 s
Timestep : 218974, score : -1509.0559578503307, Time : 21.712 s
Timestep : 227733, score : -1269.3168310615292, Time : 21.724 s
Timestep : 236492, score : -1458.4765490077261, Time : 21.705 s
Timestep : 245251, score : -1702.2602821099863, Time : 21.75 s
Timestep : 254010, score : -1505.006183058169, Time : 21.846 s
Timestep : 262769, score : -1581.5618780269579, Time : 22.447 s
Timestep : 271528, score : -1064.5186878933164, Time : 21.717 s
Timestep : 280287, score : -1604.2997471860435, Time : 21.182 s
Timestep : 289046, score : -1619.898782504053, Time : 21.616 s
Timestep : 297805, score : -1046.2209232575551, Time : 21.616 s
Timestep : 306564, score : -1226.0608932866307, Time : 21.602 s
Timestep : 315323, score : -1111.9066280855623, Time : 21.408 s
Timestep : 324082, score : -1150.8153132782609, Time : 21.006 s
Timestep : 332841, score : -1271.0002735019953, Time : 21.051 s
Timestep : 341600, score : -1397.2343968210334, Time : 20.826 s
Timestep : 350359, score : -1357.4721326664367, Time : 21.676 s
Timestep : 359118, score : -1513.6537894797802, Time : 21.663 s
Timestep : 367877, score : -1366.8327837887045, Time : 22.494 s
Timestep : 376636, score : -1153.1748953651695, Time : 22.81 s
Timestep : 385395, score : -1314.6315085424867, Time : 22.29 s
Timestep : 394154, score : -1755.327788227296, Time : 21.541 s
Timestep : 402913, score : -1612.3478058008768, Time : 21.613 s
Timestep : 411672, score : -1053.7956545206544, Time : 21.796 s
Timestep : 420431, score : -1300.5126256150252, Time : 22.117 s
Timestep : 429190, score : -1241.1486292792542, Time : 21.908 s
Timestep : 437949, score : -1592.5480328605336, Time : 21.902 s
Timestep : 446708, score : -1667.3419534423447, Time : 21.919 s
Timestep : 455467, score : -1461.7186372885772, Time : 21.872 s
Timestep : 464226, score : -1295.9042264859017, Time : 21.847 s
Timestep : 472985, score : -1612.882156542997, Time : 21.921 s
Timestep : 481744, score : -1667.9715905934863, Time : 21.925 s
Timestep : 490503, score : -1900.1660063567397, Time : 21.917 s
Timestep : 499262, score : -1745.8409831038734, Time : 21.882 s
Timestep : 508021, score : -1639.2285018780094, Time : 21.655 s
Timestep : 516780, score : -1434.2110152575478, Time : 21.896 s
Timestep : 525539, score : -1441.284465778881, Time : 22.01 s
Timestep : 534298, score : -1683.0693462207855, Time : 22.73 s
Timestep : 543057, score : -1501.0005456735926, Time : 22.02 s
Timestep : 551816, score : -1490.0846181637899, Time : 21.714 s
Timestep : 560575, score : -1316.6035271531728, Time : 22.004 s
Timestep : 569334, score : -1370.1514640800015, Time : 21.938 s
Timestep : 578093, score : -1721.4858397266653, Time : 21.84 s
Timestep : 586852, score : -1369.8171605975804, Time : 21.134 s
Timestep : 595611, score : -1528.5946874743822, Time : 21.693 s
Timestep : 604370, score : -1447.916439373541, Time : 21.737 s
Timestep : 613129, score : -1095.0967631000385, Time : 21.949 s
Timestep : 621888, score : -1668.2854170305945, Time : 21.789 s
Timestep : 630647, score : -1299.5007576369972, Time : 21.54 s
Timestep : 639406, score : -1570.2830680335464, Time : 21.874 s
Timestep : 648165, score : -1651.580992610223, Time : 22.753 s
Timestep : 656924, score : -1564.9948387095064, Time : 22.025 s
Timestep : 665683, score : -1405.0787769079034, Time : 21.476 s
Timestep : 674442, score : -1454.90168922444, Time : 21.13 s
Timestep : 683201, score : -1426.0590548108157, Time : 21.273 s
Timestep : 691960, score : -1500.9108873547812, Time : 21.913 s
Timestep : 700719, score : -1614.5942555705842, Time : 21.697 s
Timestep : 709478, score : -1428.7772024167061, Time : 21.813 s
Timestep : 718237, score : -1439.5160315847315, Time : 21.792 s
Timestep : 726996, score : -1708.295782300207, Time : 21.143 s
Timestep : 735755, score : -1473.074000854307, Time : 21.763 s
Timestep : 744514, score : -1364.025252023741, Time : 21.797 s
Timestep : 753273, score : -1733.688278525864, Time : 21.788 s
Timestep : 762032, score : -1528.983078046731, Time : 22.827 s
Timestep : 770791, score : -1833.4382400322065, Time : 22.27 s
Timestep : 779550, score : -1979.8290111264505, Time : 21.708 s
Timestep : 788309, score : -1830.073526157954, Time : 21.585 s
Timestep : 797068, score : -1515.8417710271024, Time : 21.792 s
Timestep : 805827, score : -1587.9994113990397, Time : 21.665 s
Timestep : 814586, score : -1623.7321321300988, Time : 22.055 s
Timestep : 823345, score : -1579.017029871262, Time : 21.786 s
Timestep : 832104, score : -1757.726370924298, Time : 21.523 s
Timestep : 840863, score : -1837.0147658253845, Time : 21.183 s
Timestep : 849622, score : -1703.6031233346148, Time : 21.785 s
Timestep : 858381, score : -1810.0607224921696, Time : 21.868 s
Timestep : 867140, score : -1577.8865872718452, Time : 22.227 s
Timestep : 875899, score : -1237.676631581533, Time : 22.933 s
Starting local evaluation
Num Steps: 1000, Num episodes: 0
Num Steps: 2000, Num episodes: 0
Num Steps: 3000, Num episodes: 0
Num Steps: 4000, Num episodes: 0
Num Steps: 5000, Num episodes: 0
Num Steps: 6000, Num episodes: 0
Num Steps: 7000, Num episodes: 0
Num Steps: 8000, Num episodes: 0
Episode complete: 1 | Latest episode metrics: {'price_cost': 0.8254596151717516, 'emmision_cost': 0.9196105383145816}
[-0.07080495] -0.07080494775636491
Average Price Cost: 0.8254596151717516
Average Emmision Cost: 0.9196105383145816
Average of both costs: 0.8725350767431665
Total time taken by agent: 2.6110016687307507s
DONE!
