{'agent': 'DQN', 'action_selection': 'egreedy', 'seed': 1, 'episodes': 100, 'data_path': 'data/citylearn_challenge_2022_phase_1', 'dry_run': False, 'n_discrete': 9, 'update_target': 32, 'lr': 0.1, 'batch_size': 32, 'adam_epsilon': 1e-05, 'epsilon_final': 0.01, 'run_id': 320}
{'Notes': 'This is a tuning run, executed on a single building.',
 'action_selection': 'egreedy',
 'adam_epsilon': 1e-05,
 'env': '<NormalizeObservation<OneHotHour<DiscreteSingle<CityLearnEnv '
        'instance>>>>',
 'final_exploration_rate': 0.02,
 'final_exploration_step': 1000,
 'gamma': 0.99,
 'initial_exploration_rate': 1,
 'learning_rate': 0.1,
 'loss': 'mse',
 'minibatch_size': 32,
 'network': 'MLP(\n'
            '  (layers): Sequential(\n'
            '    (0): Linear(in_features=29, out_features=128, bias=True)\n'
            '    (1): ReLU()\n'
            '    (2): Linear(in_features=128, out_features=128, bias=True)\n'
            '    (3): ReLU()\n'
            '    (4): Linear(in_features=128, out_features=9, bias=True)\n'
            '  )\n'
            ')',
 'replay_buffer_size': 10000,
 'replay_start_size': 32,
 'seed': 1,
 'train_steps': 876000,
 'update_frequency': 1,
 'update_target_frequency': 32,
 'weight_scale': 1.4142135623730951}
Timestep : 8758, score : -5651.753217957055, Time : 20.414 s
Timestep : 17517, score : -4598.4402035764215, Time : 19.996 s
Timestep : 26276, score : -4585.395553012757, Time : 20.076 s
Timestep : 35035, score : -4520.952308345033, Time : 20.1 s
Timestep : 43794, score : -4490.471116063563, Time : 20.247 s
Timestep : 52553, score : -4582.861913508532, Time : 20.245 s
Timestep : 61312, score : -4470.109349398321, Time : 20.281 s
Timestep : 70071, score : -4607.305199609516, Time : 20.266 s
Timestep : 78830, score : -4572.534540663852, Time : 20.228 s
Timestep : 87589, score : -4569.540880912362, Time : 20.113 s
Timestep : 96348, score : -4528.658408535091, Time : 20.111 s
Timestep : 105107, score : -4511.701225936908, Time : 20.116 s
Timestep : 113866, score : -4559.150811420201, Time : 20.083 s
Timestep : 122625, score : -4415.232470921619, Time : 20.079 s
Timestep : 131384, score : -4522.4471563672705, Time : 20.109 s
Timestep : 140143, score : -4554.510233135341, Time : 20.063 s
Timestep : 148902, score : -4585.125959088473, Time : 20.197 s
Timestep : 157661, score : -4457.775088422379, Time : 20.179 s
Timestep : 166420, score : -4435.378406372882, Time : 20.072 s
Timestep : 175179, score : -4536.789954615204, Time : 20.076 s
Timestep : 183938, score : -4461.248513465194, Time : 20.125 s
Timestep : 192697, score : -4597.572959635785, Time : 20.411 s
Timestep : 201456, score : -4566.652333178936, Time : 20.908 s
Timestep : 210215, score : -4491.8002936480625, Time : 20.53 s
Timestep : 218974, score : -4467.546934570564, Time : 20.328 s
Timestep : 227733, score : -4468.02174520251, Time : 20.298 s
Timestep : 236492, score : -4434.4935566470085, Time : 20.231 s
Timestep : 245251, score : -4474.8390927327855, Time : 20.102 s
Timestep : 254010, score : -4425.087893951131, Time : 20.464 s
Timestep : 262769, score : -4555.206481852947, Time : 20.135 s
Timestep : 271528, score : -4581.620918448461, Time : 20.092 s
Timestep : 280287, score : -4379.902423368214, Time : 20.104 s
Timestep : 289046, score : -4559.584530210501, Time : 20.079 s
Timestep : 297805, score : -4443.372273051558, Time : 20.257 s
Timestep : 306564, score : -4547.842348790175, Time : 20.296 s
Timestep : 315323, score : -4610.231229464902, Time : 20.254 s
Timestep : 324082, score : -4518.456405240489, Time : 20.041 s
Timestep : 332841, score : -4616.067595575383, Time : 20.043 s
Timestep : 341600, score : -4505.861571676593, Time : 20.05 s
Timestep : 350359, score : -4530.116009478836, Time : 20.032 s
Timestep : 359118, score : -4513.977905794425, Time : 20.081 s
Timestep : 367877, score : -4640.978441593616, Time : 20.081 s
Timestep : 376636, score : -4509.390800076915, Time : 20.724 s
Timestep : 385395, score : -4559.597443419887, Time : 20.853 s
Timestep : 394154, score : -4552.937868099107, Time : 20.127 s
Timestep : 402913, score : -4496.888045230327, Time : 20.272 s
Timestep : 411672, score : -4505.632702635048, Time : 20.112 s
Timestep : 420431, score : -4593.571401357098, Time : 20.098 s
Timestep : 429190, score : -4464.257753395854, Time : 20.077 s
Timestep : 437949, score : -4568.793673275068, Time : 20.089 s
Timestep : 446708, score : -4519.660590465559, Time : 20.099 s
Timestep : 455467, score : -4584.644534392195, Time : 20.277 s
Timestep : 464226, score : -4546.444643249182, Time : 20.263 s
Timestep : 472985, score : -4608.067550778767, Time : 20.054 s
Timestep : 481744, score : -4439.023470369546, Time : 20.057 s
Timestep : 490503, score : -4741.302390470548, Time : 20.11 s
Timestep : 499262, score : -4590.25622039703, Time : 20.24 s
Timestep : 508021, score : -4511.597804765595, Time : 20.137 s
Timestep : 516780, score : -4526.483622520609, Time : 20.563 s
Timestep : 525539, score : -4517.400605579285, Time : 20.164 s
Timestep : 534298, score : -4512.685630357271, Time : 20.195 s
Timestep : 543057, score : -4523.204094828019, Time : 20.683 s
Timestep : 551816, score : -4455.116019581823, Time : 20.735 s
Timestep : 560575, score : -4455.7722390865965, Time : 20.082 s
Timestep : 569334, score : -4508.755719521461, Time : 20.083 s
Timestep : 578093, score : -4472.0496829053445, Time : 20.078 s
Timestep : 586852, score : -4532.298938413995, Time : 20.158 s
Timestep : 595611, score : -4475.401198485779, Time : 20.078 s
Timestep : 604370, score : -4488.947021532251, Time : 19.859 s
Timestep : 613129, score : -4706.305638236372, Time : 20.539 s
Timestep : 621888, score : -4395.4261369597225, Time : 20.294 s
Timestep : 630647, score : -4609.38259672877, Time : 19.856 s
Timestep : 639406, score : -4585.9264547055645, Time : 19.844 s
Timestep : 648165, score : -4516.901784758156, Time : 19.858 s
Timestep : 656924, score : -4572.993944607122, Time : 19.846 s
Timestep : 665683, score : -4561.107871044456, Time : 19.902 s
Timestep : 674442, score : -4565.50684797336, Time : 20.03 s
Timestep : 683201, score : -4543.720291268459, Time : 19.861 s
Timestep : 691960, score : -4461.386455600528, Time : 19.883 s
Timestep : 700719, score : -4635.351875703229, Time : 20.035 s
Timestep : 709478, score : -4603.354368520348, Time : 20.392 s
Timestep : 718237, score : -4442.875544773022, Time : 20.628 s
Timestep : 726996, score : -4420.271042372129, Time : 20.625 s
Timestep : 735755, score : -4474.520248517772, Time : 19.972 s
Timestep : 744514, score : -4575.167234511493, Time : 19.803 s
Timestep : 753273, score : -4564.012617756991, Time : 19.859 s
Timestep : 762032, score : -4459.751058263151, Time : 19.867 s
Timestep : 770791, score : -4460.78993217033, Time : 19.847 s
Timestep : 779550, score : -4369.923660965083, Time : 19.836 s
Timestep : 788309, score : -4563.1746245025715, Time : 19.843 s
Timestep : 797068, score : -4376.801752122497, Time : 19.825 s
Timestep : 805827, score : -4517.564016297838, Time : 19.831 s
Timestep : 814586, score : -4606.771956156968, Time : 19.82 s
Timestep : 823345, score : -4426.42795747277, Time : 19.853 s
Timestep : 832104, score : -4490.589124429534, Time : 20.394 s
Timestep : 840863, score : -4568.635851881845, Time : 19.883 s
Timestep : 849622, score : -4588.478630376427, Time : 19.823 s
Timestep : 858381, score : -4551.531003287135, Time : 20.164 s
Timestep : 867140, score : -4540.153766473202, Time : 19.927 s
Timestep : 875899, score : -4605.9465113756305, Time : 19.816 s
Starting local evaluation
Num Steps: 1000, Num episodes: 0
Num Steps: 2000, Num episodes: 0
Num Steps: 3000, Num episodes: 0
Num Steps: 4000, Num episodes: 0
Num Steps: 5000, Num episodes: 0
Num Steps: 6000, Num episodes: 0
Num Steps: 7000, Num episodes: 0
Num Steps: 8000, Num episodes: 0
Episode complete: 1 | Latest episode metrics: {'price_cost': 1.0210912299447796, 'emmision_cost': 1.0241404283561215}
[-0.25780949] -0.25780948921235347
Average Price Cost: 1.0210912299447796
Average Emmision Cost: 1.0241404283561215
Average of both costs: 1.0226158291504506
Total time taken by agent: 2.165653309551999s
DONE!
