{'agent': 'DQN', 'action_selection': 'softmax', 'seed': 1, 'episodes': 100, 'data_path': 'data/citylearn_challenge_2022_phase_1', 'dry_run': False, 'n_discrete': 9, 'update_target': 4, 'lr': 0.03, 'batch_size': 128, 'adam_epsilon': 1e-07, 'epsilon_final': 0.02, 'run_id': 79}
{'Notes': 'This is a tuning run, executed on a single building.',
 'action_selection': 'softmax',
 'adam_epsilon': 1e-07,
 'env': '<NormalizeObservation<OneHotHour<DiscreteSingle<CityLearnEnv '
        'instance>>>>',
 'final_exploration_rate': 0.02,
 'final_exploration_step': 1000,
 'gamma': 0.99,
 'initial_exploration_rate': 1,
 'learning_rate': 0.03,
 'loss': 'mse',
 'minibatch_size': 128,
 'network': 'MLP(\n'
            '  (layers): Sequential(\n'
            '    (0): Linear(in_features=29, out_features=128, bias=True)\n'
            '    (1): ReLU()\n'
            '    (2): Linear(in_features=128, out_features=128, bias=True)\n'
            '    (3): ReLU()\n'
            '    (4): Linear(in_features=128, out_features=9, bias=True)\n'
            '  )\n'
            ')',
 'replay_buffer_size': 10000,
 'replay_start_size': 128,
 'seed': 1,
 'train_steps': 876000,
 'update_frequency': 1,
 'update_target_frequency': 4,
 'weight_scale': 1.4142135623730951}
Timestep : 8758, score : -6640.425747031026, Time : 26.056 s
Timestep : 17517, score : -8909.962043280713, Time : 29.288 s
Timestep : 26276, score : -7083.753532330535, Time : 29.538 s
Timestep : 35035, score : -7823.952678960515, Time : 29.179 s
Timestep : 43794, score : -8276.64606074107, Time : 29.043 s
Timestep : 52553, score : -6300.517124890306, Time : 29.017 s
Timestep : 61312, score : -4030.212545355229, Time : 28.905 s
Timestep : 70071, score : -4030.212545355229, Time : 28.979 s
Timestep : 78830, score : -4030.212545355229, Time : 28.887 s
Timestep : 87589, score : -4047.632525528694, Time : 28.82 s
Timestep : 96348, score : -4082.722897236614, Time : 28.987 s
Timestep : 105107, score : -4044.3329789241834, Time : 29.557 s
Timestep : 113866, score : -4156.213375156192, Time : 28.199 s
Timestep : 122625, score : -4036.732447726099, Time : 27.872 s
Timestep : 131384, score : -4038.1574031909986, Time : 28.75 s
Timestep : 140143, score : -4036.3037092289014, Time : 28.805 s
Timestep : 148902, score : -4033.802262266545, Time : 28.818 s
Timestep : 157661, score : -4030.212545355229, Time : 28.792 s
Timestep : 166420, score : -4030.212545355229, Time : 28.811 s
Timestep : 175179, score : -4030.212545355229, Time : 28.01 s
Timestep : 183938, score : -4030.212545355229, Time : 28.259 s
Timestep : 192697, score : -4030.212545355229, Time : 29.109 s
Timestep : 201456, score : -4030.212545355229, Time : 28.747 s
Timestep : 210215, score : -4030.212545355229, Time : 28.776 s
Timestep : 218974, score : -4030.212545355229, Time : 28.775 s
Timestep : 227733, score : -4030.212545355229, Time : 28.778 s
Timestep : 236492, score : -4030.212545355229, Time : 28.801 s
Timestep : 245251, score : -4030.212545355229, Time : 28.746 s
Timestep : 254010, score : -4030.212545355229, Time : 28.81 s
Timestep : 262769, score : -4030.212545355229, Time : 28.943 s
Timestep : 271528, score : -4030.212545355229, Time : 27.495 s
Timestep : 280287, score : -4030.212545355229, Time : 26.844 s
Timestep : 289046, score : -4030.212545355229, Time : 26.953 s
Timestep : 297805, score : -4030.212545355229, Time : 27.136 s
Timestep : 306564, score : -4030.212545355229, Time : 28.765 s
Timestep : 315323, score : -4030.212545355229, Time : 28.772 s
Timestep : 324082, score : -4030.212545355229, Time : 28.795 s
Timestep : 332841, score : -4047.9003219207807, Time : 28.602 s
Timestep : 341600, score : -4038.2043343981786, Time : 28.754 s
Timestep : 350359, score : -4076.617548858194, Time : 29.448 s
Timestep : 359118, score : -4049.4936523189826, Time : 29.084 s
Timestep : 367877, score : -4030.212545355229, Time : 28.762 s
Timestep : 376636, score : -4050.1228720447107, Time : 28.569 s
Timestep : 385395, score : -4031.603949745564, Time : 26.892 s
Timestep : 394154, score : -4030.212545355229, Time : 28.455 s
Timestep : 402913, score : -4030.212545355229, Time : 28.773 s
Timestep : 411672, score : -4030.212545355229, Time : 28.767 s
Timestep : 420431, score : -4030.212545355229, Time : 28.775 s
Timestep : 429190, score : -4030.212545355229, Time : 29.124 s
Timestep : 437949, score : -4030.212545355229, Time : 29.415 s
Timestep : 446708, score : -4030.212545355229, Time : 28.777 s
Timestep : 455467, score : -4030.212545355229, Time : 28.783 s
Timestep : 464226, score : -4030.212545355229, Time : 28.661 s
Timestep : 472985, score : -4030.212545355229, Time : 28.768 s
Timestep : 481744, score : -4030.212545355229, Time : 28.742 s
Timestep : 490503, score : -4030.212545355229, Time : 28.765 s
Timestep : 499262, score : -4030.212545355229, Time : 28.767 s
Timestep : 508021, score : -4030.212545355229, Time : 28.947 s
Timestep : 516780, score : -4030.212545355229, Time : 29.621 s
Timestep : 525539, score : -4030.212545355229, Time : 28.766 s
Timestep : 534298, score : -4030.212545355229, Time : 28.692 s
Timestep : 543057, score : -4030.212545355229, Time : 28.523 s
Timestep : 551816, score : -4030.212545355229, Time : 28.519 s
Timestep : 560575, score : -4030.212545355229, Time : 28.54 s
Timestep : 569334, score : -4030.212545355229, Time : 28.533 s
Timestep : 578093, score : -4030.212545355229, Time : 28.499 s
Timestep : 586852, score : -4030.212545355229, Time : 28.506 s
Timestep : 595611, score : -4030.212545355229, Time : 29.266 s
Timestep : 604370, score : -4030.212545355229, Time : 28.945 s
Timestep : 613129, score : -4030.212545355229, Time : 28.45 s
Timestep : 621888, score : -4030.212545355229, Time : 28.509 s
Timestep : 630647, score : -4030.212545355229, Time : 28.491 s
Timestep : 639406, score : -4030.212545355229, Time : 28.506 s
Timestep : 648165, score : -4030.212545355229, Time : 28.516 s
Timestep : 656924, score : -4030.212545355229, Time : 28.511 s
Timestep : 665683, score : -4030.212545355229, Time : 28.486 s
Timestep : 674442, score : -4030.212545355229, Time : 28.858 s
Timestep : 683201, score : -4030.212545355229, Time : 29.314 s
Timestep : 691960, score : -4030.212545355229, Time : 28.728 s
Timestep : 700719, score : -4030.212545355229, Time : 28.767 s
Timestep : 709478, score : -4030.212545355229, Time : 28.749 s
Timestep : 718237, score : -4030.212545355229, Time : 28.727 s
Timestep : 726996, score : -4030.212545355229, Time : 28.739 s
Timestep : 735755, score : -4030.212545355229, Time : 28.719 s
Timestep : 744514, score : -4030.212545355229, Time : 28.708 s
Timestep : 753273, score : -4030.212545355229, Time : 28.705 s
Timestep : 762032, score : -4030.212545355229, Time : 29.511 s
Timestep : 770791, score : -4030.212545355229, Time : 28.875 s
Timestep : 779550, score : -4030.212545355229, Time : 28.697 s
Timestep : 788309, score : -4030.212545355229, Time : 28.76 s
Timestep : 797068, score : -4030.212545355229, Time : 28.736 s
Timestep : 805827, score : -4030.212545355229, Time : 28.727 s
Timestep : 814586, score : -4030.212545355229, Time : 28.717 s
Timestep : 823345, score : -4030.212545355229, Time : 28.745 s
Timestep : 832104, score : -4030.212545355229, Time : 28.741 s
Timestep : 840863, score : -4030.212545355229, Time : 29.265 s
Timestep : 849622, score : -4030.212545355229, Time : 29.237 s
Timestep : 858381, score : -4030.212545355229, Time : 28.751 s
Timestep : 867140, score : -4030.212545355229, Time : 28.743 s
Timestep : 875899, score : -4030.212545355229, Time : 28.762 s
Starting local evaluation
Num Steps: 1000, Num episodes: 0
Num Steps: 2000, Num episodes: 0
Num Steps: 3000, Num episodes: 0
Num Steps: 4000, Num episodes: 0
Num Steps: 5000, Num episodes: 0
Num Steps: 6000, Num episodes: 0
Num Steps: 7000, Num episodes: 0
Num Steps: 8000, Num episodes: 0
Episode complete: 1 | Latest episode metrics: {'price_cost': 1.0014467704487893, 'emmision_cost': 1.001660746234223}
[-0.23196748] -0.2319674785197656
Average Price Cost: 1.0014467704487893
Average Emmision Cost: 1.001660746234223
Average of both costs: 1.0015537583415062
Total time taken by agent: 3.8730623282899614s
DONE!
