{'agent': 'DQN', 'action_selection': 'softmax', 'seed': 1, 'episodes': 100, 'data_path': 'data/citylearn_challenge_2022_phase_1', 'dry_run': False, 'n_discrete': 9, 'update_target': 32, 'lr': 0.0007, 'batch_size': 64, 'adam_epsilon': 1e-06, 'epsilon_final': 0.02, 'run_id': 123}
{'Notes': 'This is a tuning run, executed on a single building.',
 'action_selection': 'softmax',
 'adam_epsilon': 1e-06,
 'env': '<NormalizeObservation<OneHotHour<DiscreteSingle<CityLearnEnv '
        'instance>>>>',
 'final_exploration_rate': 0.02,
 'final_exploration_step': 1000,
 'gamma': 0.99,
 'initial_exploration_rate': 1,
 'learning_rate': 0.0007,
 'loss': 'mse',
 'minibatch_size': 64,
 'network': 'MLP(\n'
            '  (layers): Sequential(\n'
            '    (0): Linear(in_features=29, out_features=128, bias=True)\n'
            '    (1): ReLU()\n'
            '    (2): Linear(in_features=128, out_features=128, bias=True)\n'
            '    (3): ReLU()\n'
            '    (4): Linear(in_features=128, out_features=9, bias=True)\n'
            '  )\n'
            ')',
 'replay_buffer_size': 10000,
 'replay_start_size': 64,
 'seed': 1,
 'train_steps': 876000,
 'update_frequency': 1,
 'update_target_frequency': 32,
 'weight_scale': 1.4142135623730951}
Timestep : 8758, score : -5137.788537115353, Time : 27.401 s
Timestep : 17517, score : -4230.787088804209, Time : 22.713 s
Timestep : 26276, score : -3335.384183060174, Time : 20.786 s
Timestep : 35035, score : -3038.2184520884475, Time : 20.637 s
Timestep : 43794, score : -2630.264414509904, Time : 20.669 s
Timestep : 52553, score : -2698.1454229082738, Time : 20.654 s
Timestep : 61312, score : -2153.836092569778, Time : 21.695 s
Timestep : 70071, score : -2477.0495127149916, Time : 21.78 s
Timestep : 78830, score : -2025.7670642378798, Time : 21.541 s
Timestep : 87589, score : -1766.4996346427652, Time : 21.481 s
Timestep : 96348, score : -1680.4297376211762, Time : 21.487 s
Timestep : 105107, score : -1873.7757098571456, Time : 21.47 s
Timestep : 113866, score : -1800.203116757184, Time : 26.772 s
Timestep : 122625, score : -1657.7346576388518, Time : 25.174 s
Timestep : 131384, score : -1700.7549855183752, Time : 21.562 s
Timestep : 140143, score : -1557.9205499737582, Time : 21.585 s
Timestep : 148902, score : -1488.8621964097983, Time : 21.577 s
Timestep : 157661, score : -1583.3256507976039, Time : 27.943 s
Timestep : 166420, score : -1560.8640197114728, Time : 26.118 s
Timestep : 175179, score : -1536.016924074298, Time : 23.55 s
Timestep : 183938, score : -1650.0419074379897, Time : 23.113 s
Timestep : 192697, score : -1433.0860575372644, Time : 23.26 s
Timestep : 201456, score : -1545.5330665441288, Time : 24.508 s
Timestep : 210215, score : -1504.1615138034977, Time : 26.809 s
Timestep : 218974, score : -1492.404626494652, Time : 26.9 s
Timestep : 227733, score : -1311.8487218777009, Time : 27.019 s
Timestep : 236492, score : -1567.2978678977815, Time : 26.986 s
Timestep : 245251, score : -1568.4698565090366, Time : 27.637 s
Timestep : 254010, score : -1453.3735106335662, Time : 29.924 s
Timestep : 262769, score : -1453.1928542858514, Time : 23.643 s
Timestep : 271528, score : -1372.8554991995043, Time : 26.951 s
Timestep : 280287, score : -1566.233021735934, Time : 27.034 s
Timestep : 289046, score : -1541.3725128744409, Time : 26.793 s
Timestep : 297805, score : -1237.0086210929148, Time : 26.706 s
Timestep : 306564, score : -1417.9407142871933, Time : 26.768 s
Timestep : 315323, score : -1526.4818007659342, Time : 26.903 s
Timestep : 324082, score : -1427.9885298104055, Time : 26.901 s
Timestep : 332841, score : -1427.1345966919616, Time : 27.038 s
Timestep : 341600, score : -1507.0504319260071, Time : 30.19 s
Timestep : 350359, score : -1390.283115399725, Time : 27.62 s
Timestep : 359118, score : -1334.9209938892454, Time : 26.955 s
Timestep : 367877, score : -1545.911067909823, Time : 26.941 s
Timestep : 376636, score : -1427.653613722563, Time : 27.029 s
Timestep : 385395, score : -1559.583325070067, Time : 26.974 s
Timestep : 394154, score : -1626.835371405963, Time : 26.668 s
Timestep : 402913, score : -1421.7571080295893, Time : 22.636 s
Timestep : 411672, score : -1465.6056432407058, Time : 21.693 s
Timestep : 420431, score : -1208.267444400728, Time : 21.59 s
Timestep : 429190, score : -1243.2105613742315, Time : 24.683 s
Timestep : 437949, score : -1279.9538191645697, Time : 29.745 s
Timestep : 446708, score : -1260.7557319526386, Time : 27.143 s
Timestep : 455467, score : -1365.9509079061972, Time : 27.102 s
Timestep : 464226, score : -1273.3973380626267, Time : 27.053 s
Timestep : 472985, score : -1278.166740707151, Time : 27.077 s
Timestep : 481744, score : -1379.8608024810383, Time : 26.664 s
Timestep : 490503, score : -1275.7378073160362, Time : 26.803 s
Timestep : 499262, score : -1244.65183620053, Time : 26.779 s
Timestep : 508021, score : -1301.6600421889743, Time : 26.939 s
Timestep : 516780, score : -1249.2306618971343, Time : 27.307 s
Timestep : 525539, score : -1125.135960525542, Time : 28.712 s
Timestep : 534298, score : -1184.8959344054165, Time : 22.345 s
Timestep : 543057, score : -1146.5492586909386, Time : 21.879 s
Timestep : 551816, score : -1267.146744887723, Time : 21.588 s
Timestep : 560575, score : -1138.6348225958936, Time : 22.614 s
Timestep : 569334, score : -1150.6781942966336, Time : 21.771 s
Timestep : 578093, score : -1151.5337399470445, Time : 21.515 s
Timestep : 586852, score : -1097.3426126800478, Time : 21.533 s
Timestep : 595611, score : -1080.189786552437, Time : 22.229 s
Timestep : 604370, score : -1121.0006363508874, Time : 24.566 s
Timestep : 613129, score : -1086.1057910004456, Time : 26.844 s
Timestep : 621888, score : -1043.6107954127074, Time : 26.956 s
Timestep : 630647, score : -1047.234507762827, Time : 27.316 s
Timestep : 639406, score : -1013.3339185917575, Time : 26.876 s
Timestep : 648165, score : -1139.1121920083242, Time : 26.985 s
Timestep : 656924, score : -1038.5338633612264, Time : 29.587 s
Timestep : 665683, score : -1050.3515207352248, Time : 27.297 s
Timestep : 674442, score : -999.7226333631261, Time : 26.838 s
Timestep : 683201, score : -1087.2433269050962, Time : 27.008 s
Timestep : 691960, score : -994.3932410594134, Time : 27.11 s
Timestep : 700719, score : -1028.1874771819275, Time : 27.102 s
Timestep : 709478, score : -1050.548494307819, Time : 27.209 s
Timestep : 718237, score : -1027.6819903347932, Time : 27.137 s
Timestep : 726996, score : -1067.486579436023, Time : 26.835 s
Timestep : 735755, score : -965.6917934175872, Time : 27.082 s
Timestep : 744514, score : -926.5846231072501, Time : 29.761 s
Timestep : 753273, score : -911.9152178869408, Time : 27.264 s
Timestep : 762032, score : -972.2585575408593, Time : 26.887 s
Timestep : 770791, score : -953.6632189692755, Time : 26.932 s
Timestep : 779550, score : -1057.7765989445907, Time : 27.036 s
Timestep : 788309, score : -1075.6428879017767, Time : 26.975 s
Timestep : 797068, score : -915.8901532474265, Time : 27.057 s
Timestep : 805827, score : -1000.8119932277186, Time : 27.082 s
Timestep : 814586, score : -1021.926179828035, Time : 26.747 s
Timestep : 823345, score : -935.7662903968303, Time : 26.669 s
Timestep : 832104, score : -972.3469112080347, Time : 27.128 s
Timestep : 840863, score : -883.4406109962438, Time : 24.194 s
Timestep : 849622, score : -956.0880015192379, Time : 22.97 s
Timestep : 858381, score : -956.3266580023628, Time : 21.583 s
Timestep : 867140, score : -962.0040103381325, Time : 21.613 s
Timestep : 875899, score : -826.1168523746601, Time : 21.511 s
Starting local evaluation
Num Steps: 1000, Num episodes: 0
Num Steps: 2000, Num episodes: 0
Num Steps: 3000, Num episodes: 0
Num Steps: 4000, Num episodes: 0
Num Steps: 5000, Num episodes: 0
Num Steps: 6000, Num episodes: 0
Num Steps: 7000, Num episodes: 0
Num Steps: 8000, Num episodes: 0
Episode complete: 1 | Latest episode metrics: {'price_cost': 0.8238212854174335, 'emmision_cost': 0.9075923477628183}
[-0.06267045] -0.06267045107891332
Average Price Cost: 0.8238212854174335
Average Emmision Cost: 0.9075923477628183
Average of both costs: 0.8657068165901258
Total time taken by agent: 3.278827036032453s
DONE!
