{'agent': 'UADQN', 'action_selection': 'softmax', 'seed': 3, 'episodes': 50, 'data_path': 'data/citylearn_challenge_2022_phase_1', 'dry_run': False, 'n_discrete': 9, 'update_target': 4, 'lr': 0.0003, 'batch_size': 128, 'adam_epsilon': 1e-07, 'epsilon_final': 0.02, 'run_id': 23}
{'Notes': 'This is a tuning run, executed on a single building.',
 'adam_epsilon': 1e-07,
 'aleatoric_factor': 0,
 'biased_aleatoric': False,
 'env': '<NormalizeObservation<OneHotHour<DiscreteSingle<CityLearnEnv '
        'instance>>>>',
 'epistemic_factor': 1,
 'gamma': 0.99,
 'learning_rate': 0.0003,
 'minibatch_size': 128,
 'n_quantiles': 20,
 'network': 'MLP(\n'
            '  (layers): Sequential(\n'
            '    (0): Linear(in_features=29, out_features=128, bias=True)\n'
            '    (1): ReLU()\n'
            '    (2): Linear(in_features=128, out_features=128, bias=True)\n'
            '    (3): ReLU()\n'
            '    (4): Linear(in_features=128, out_features=180, bias=True)\n'
            '  )\n'
            ')',
 'noise_scale': 1,
 'replay_buffer_size': 10000,
 'replay_start_size': 128,
 'seed': 3,
 'train_steps': 438000,
 'update_frequency': 1,
 'update_target_frequency': 4,
 'weight_scale': 1.4142135623730951}
Timestep : 8758, score : -2916.969429794495, Time : 85.182 s
Timestep : 17517, score : -2310.9416276056145, Time : 85.82 s
Timestep : 26276, score : -1239.0972716928518, Time : 86.429 s
Timestep : 35035, score : -1411.1924200215435, Time : 87.543 s
Timestep : 43794, score : -1235.198702272406, Time : 87.729 s
Timestep : 52553, score : -1107.4977943694976, Time : 87.939 s
Timestep : 61312, score : -1206.7746118454088, Time : 88.154 s
Timestep : 70071, score : -1056.6438307019707, Time : 88.274 s
Timestep : 78830, score : -1068.9151125366625, Time : 88.233 s
Timestep : 87589, score : -1215.0744118027214, Time : 88.524 s
Timestep : 96348, score : -1150.531069249293, Time : 87.217 s
Timestep : 105107, score : -961.6753639410308, Time : 87.495 s
Timestep : 113866, score : -1016.9623222609807, Time : 87.388 s
Timestep : 122625, score : -1073.0012442090374, Time : 87.404 s
Timestep : 131384, score : -1182.1786790391488, Time : 87.485 s
Timestep : 140143, score : -966.6787903614168, Time : 86.487 s
Timestep : 148902, score : -1034.8174500826572, Time : 87.858 s
Timestep : 157661, score : -1100.2759303741914, Time : 87.886 s
Timestep : 166420, score : -1042.7769534199324, Time : 87.937 s
Timestep : 175179, score : -1133.8714137717907, Time : 87.904 s
Timestep : 183938, score : -1025.6369268314738, Time : 86.553 s
Timestep : 192697, score : -1028.4945933986019, Time : 86.153 s
Timestep : 201456, score : -1091.654539723604, Time : 86.071 s
Timestep : 210215, score : -1146.5503554585885, Time : 87.437 s
Timestep : 218974, score : -973.0788900753978, Time : 86.031 s
Timestep : 227733, score : -978.3893594625697, Time : 86.395 s
Timestep : 236492, score : -869.7916847812303, Time : 87.794 s
Timestep : 245251, score : -941.3769621297542, Time : 87.16 s
Timestep : 254010, score : -978.164100478898, Time : 86.793 s
Timestep : 262769, score : -959.2340012237255, Time : 86.286 s
Timestep : 271528, score : -958.892760537361, Time : 87.044 s
Timestep : 280287, score : -1010.9177169597533, Time : 87.089 s
Timestep : 289046, score : -966.2179304308083, Time : 85.867 s
Timestep : 297805, score : -1005.4509973505337, Time : 86.607 s
Timestep : 306564, score : -970.3580747500819, Time : 87.01 s
Timestep : 315323, score : -974.048935088591, Time : 88.012 s
Timestep : 324082, score : -1005.0570301455737, Time : 87.134 s
Timestep : 332841, score : -996.9020609271538, Time : 86.745 s
Timestep : 341600, score : -1034.1388290243049, Time : 86.908 s
Timestep : 350359, score : -894.4530207731586, Time : 87.405 s
Timestep : 359118, score : -1039.4899279489473, Time : 87.79 s
Timestep : 367877, score : -976.6782906244334, Time : 87.918 s
Timestep : 376636, score : -1025.0030014687509, Time : 87.654 s
Timestep : 385395, score : -973.660679469147, Time : 87.466 s
Timestep : 394154, score : -892.25337533516, Time : 87.857 s
Timestep : 402913, score : -921.540790121333, Time : 87.331 s
Timestep : 411672, score : -894.3782874218014, Time : 87.079 s
Timestep : 420431, score : -914.4673111976881, Time : 86.568 s
Timestep : 429190, score : -960.5425526947074, Time : 86.107 s
Timestep : 437949, score : -881.6677565994032, Time : 85.906 s
Starting local evaluation
Num Steps: 1000, Num episodes: 0
Num Steps: 2000, Num episodes: 0
Num Steps: 3000, Num episodes: 0
Num Steps: 4000, Num episodes: 0
Num Steps: 5000, Num episodes: 0
Num Steps: 6000, Num episodes: 0
Num Steps: 7000, Num episodes: 0
Num Steps: 8000, Num episodes: 0
Episode complete: 1 | Latest episode metrics: {'price_cost': 0.8184967691371458, 'emmision_cost': 0.9048965281115182}
[-0.05766867] -0.05766867405529299
Average Price Cost: 0.8184967691371458
Average Emmision Cost: 0.9048965281115182
Average of both costs: 0.861696648624332
Total time taken by agent: 12.527716294163838s
DONE!
