{'agent': 'DQN', 'action_selection': 'egreedy', 'seed': 1, 'episodes': 100, 'data_path': 'data/citylearn_challenge_2022_phase_1', 'dry_run': False, 'n_discrete': 9, 'update_target': 4, 'lr': 0.1, 'batch_size': 256, 'adam_epsilon': 1e-08, 'epsilon_final': 0.04, 'run_id': 297}
{'Notes': 'This is a tuning run, executed on a single building.',
 'action_selection': 'egreedy',
 'adam_epsilon': 1e-08,
 'env': '<NormalizeObservation<OneHotHour<DiscreteSingle<CityLearnEnv '
        'instance>>>>',
 'final_exploration_rate': 0.02,
 'final_exploration_step': 1000,
 'gamma': 0.99,
 'initial_exploration_rate': 1,
 'learning_rate': 0.1,
 'loss': 'mse',
 'minibatch_size': 256,
 'network': 'MLP(\n'
            '  (layers): Sequential(\n'
            '    (0): Linear(in_features=29, out_features=128, bias=True)\n'
            '    (1): ReLU()\n'
            '    (2): Linear(in_features=128, out_features=128, bias=True)\n'
            '    (3): ReLU()\n'
            '    (4): Linear(in_features=128, out_features=9, bias=True)\n'
            '  )\n'
            ')',
 'replay_buffer_size': 10000,
 'replay_start_size': 256,
 'seed': 1,
 'train_steps': 876000,
 'update_frequency': 1,
 'update_target_frequency': 4,
 'weight_scale': 1.4142135623730951}
Timestep : 8758, score : -8870.576952907366, Time : 36.252 s
Timestep : 17517, score : -9489.26663266719, Time : 37.867 s
Timestep : 26276, score : -15827.065205166888, Time : 37.985 s
Timestep : 35035, score : -11389.046713687392, Time : 37.989 s
Timestep : 43794, score : -15532.487784302211, Time : 37.989 s
Timestep : 52553, score : -14213.485316500944, Time : 37.967 s
Timestep : 61312, score : -13973.999983229696, Time : 37.644 s
Timestep : 70071, score : -16252.189989626895, Time : 38.016 s
Timestep : 78830, score : -14084.102148774735, Time : 37.174 s
Timestep : 87589, score : -17452.437386679532, Time : 37.231 s
Timestep : 96348, score : -13797.812262338499, Time : 36.848 s
Timestep : 105107, score : -15478.173730775248, Time : 36.876 s
Timestep : 113866, score : -16802.81613875975, Time : 37.02 s
Timestep : 122625, score : -14431.572184365592, Time : 37.019 s
Timestep : 131384, score : -15869.01929451144, Time : 37.151 s
Timestep : 140143, score : -16386.218341988577, Time : 37.434 s
Timestep : 148902, score : -14847.470862071219, Time : 37.371 s
Timestep : 157661, score : -14500.04792543, Time : 37.407 s
Timestep : 166420, score : -16674.053788704405, Time : 37.246 s
Timestep : 175179, score : -15870.0745357282, Time : 37.167 s
Timestep : 183938, score : -15718.412157606028, Time : 37.312 s
Timestep : 192697, score : -17498.64380836551, Time : 37.902 s
Timestep : 201456, score : -15330.810500085077, Time : 37.827 s
Timestep : 210215, score : -16293.47801773467, Time : 37.401 s
Timestep : 218974, score : -16110.52631673892, Time : 37.031 s
Timestep : 227733, score : -16010.569283703258, Time : 37.304 s
Timestep : 236492, score : -15949.512929636287, Time : 37.376 s
Timestep : 245251, score : -17225.157842602577, Time : 37.338 s
Timestep : 254010, score : -14577.977178442248, Time : 37.192 s
Timestep : 262769, score : -15738.983041598767, Time : 37.335 s
Timestep : 271528, score : -15921.83791591588, Time : 35.504 s
Timestep : 280287, score : -17946.28539775715, Time : 36.514 s
Timestep : 289046, score : -16212.572025207759, Time : 37.438 s
Timestep : 297805, score : -14803.704750522345, Time : 37.766 s
Timestep : 306564, score : -18372.558590180386, Time : 36.881 s
Timestep : 315323, score : -16219.492307399472, Time : 36.939 s
Timestep : 324082, score : -15695.445438846102, Time : 37.136 s
Timestep : 332841, score : -17207.666367175232, Time : 36.41 s
Timestep : 341600, score : -16178.290437114134, Time : 35.552 s
Timestep : 350359, score : -16366.18292735552, Time : 36.733 s
Timestep : 359118, score : -15806.746872825854, Time : 36.721 s
Timestep : 367877, score : -16826.12540979695, Time : 37.746 s
Timestep : 376636, score : -16325.776906081257, Time : 36.802 s
Timestep : 385395, score : -16073.841059730345, Time : 36.874 s
Timestep : 394154, score : -16264.629159490694, Time : 35.913 s
Timestep : 402913, score : -16011.045303933439, Time : 37.321 s
Timestep : 411672, score : -16401.079274125063, Time : 35.658 s
Timestep : 420431, score : -16076.59275435815, Time : 36.118 s
Timestep : 429190, score : -16008.46396039601, Time : 36.741 s
Timestep : 437949, score : -16411.551786055512, Time : 36.055 s
Timestep : 446708, score : -18042.812999860267, Time : 37.208 s
Timestep : 455467, score : -16300.929049381404, Time : 37.306 s
Timestep : 464226, score : -16601.486096111184, Time : 37.353 s
Timestep : 472985, score : -16186.303724438963, Time : 37.378 s
Timestep : 481744, score : -17343.22539094866, Time : 35.572 s
Timestep : 490503, score : -16104.318473716805, Time : 35.952 s
Timestep : 499262, score : -16411.48026866035, Time : 37.349 s
Timestep : 508021, score : -15546.126531759466, Time : 39.393 s
Timestep : 516780, score : -16571.686885211173, Time : 36.057 s
Timestep : 525539, score : -15008.939287378365, Time : 36.232 s
Timestep : 534298, score : -17170.447463347766, Time : 36.648 s
Timestep : 543057, score : -15984.181679673493, Time : 37.431 s
Timestep : 551816, score : -15888.553392599439, Time : 34.398 s
Timestep : 560575, score : -17128.4749382593, Time : 34.448 s
Timestep : 569334, score : -14969.594972024905, Time : 36.436 s
Timestep : 578093, score : -15883.975186740005, Time : 36.426 s
Timestep : 586852, score : -17589.3847428632, Time : 37.526 s
Timestep : 595611, score : -16730.680506164645, Time : 35.679 s
Timestep : 604370, score : -15862.253362560336, Time : 36.734 s
Timestep : 613129, score : -16432.98887267896, Time : 35.66 s
Timestep : 621888, score : -16546.24923503949, Time : 36.013 s
Timestep : 630647, score : -16768.883806161204, Time : 35.486 s
Timestep : 639406, score : -15457.95063100713, Time : 35.557 s
Timestep : 648165, score : -15901.784769213526, Time : 36.443 s
Timestep : 656924, score : -15557.53915292189, Time : 37.006 s
Timestep : 665683, score : -16884.8047577931, Time : 36.344 s
Timestep : 674442, score : -16207.324253735977, Time : 35.811 s
Timestep : 683201, score : -15357.796809398962, Time : 37.366 s
Timestep : 691960, score : -16432.04243430472, Time : 35.836 s
Timestep : 700719, score : -17265.854265993767, Time : 35.073 s
Timestep : 709478, score : -15513.838785956497, Time : 35.712 s
Timestep : 718237, score : -16728.313381603337, Time : 37.343 s
Timestep : 726996, score : -15200.939026314329, Time : 37.329 s
Timestep : 735755, score : -16022.825293844828, Time : 37.219 s
Timestep : 744514, score : -16916.9965844346, Time : 37.194 s
Timestep : 753273, score : -17577.857984627903, Time : 36.909 s
Timestep : 762032, score : -15432.746261441294, Time : 37.138 s
Timestep : 770791, score : -15683.18177301975, Time : 37.213 s
Timestep : 779550, score : -15934.397297234973, Time : 37.195 s
Timestep : 788309, score : -16556.69991880271, Time : 37.13 s
Timestep : 797068, score : -16254.468687434215, Time : 37.095 s
Timestep : 805827, score : -17564.332009127553, Time : 37.078 s
Timestep : 814586, score : -16741.91073840666, Time : 37.128 s
Timestep : 823345, score : -15714.448289167285, Time : 36.419 s
Timestep : 832104, score : -16245.037744942732, Time : 36.449 s
Timestep : 840863, score : -15736.709510733257, Time : 36.303 s
Timestep : 849622, score : -16879.04295278441, Time : 36.555 s
Timestep : 858381, score : -17346.012547819904, Time : 35.973 s
Timestep : 867140, score : -17239.600909122106, Time : 37.176 s
Timestep : 875899, score : -16338.997025235876, Time : 37.074 s
Starting local evaluation
Num Steps: 1000, Num episodes: 0
Num Steps: 2000, Num episodes: 0
Num Steps: 3000, Num episodes: 0
Num Steps: 4000, Num episodes: 0
Num Steps: 5000, Num episodes: 0
Num Steps: 6000, Num episodes: 0
Num Steps: 7000, Num episodes: 0
Num Steps: 8000, Num episodes: 0
Episode complete: 1 | Latest episode metrics: {'price_cost': 1.0199150382783275, 'emmision_cost': 1.0221763574084013}
[-0.25589786] -0.2558978566012462
Average Price Cost: 1.0199150382783275
Average Emmision Cost: 1.0221763574084013
Average of both costs: 1.0210456978433644
Total time taken by agent: 4.203753004534519s
DONE!
