{'agent': 'DQN', 'action_selection': 'egreedy', 'seed': 1, 'episodes': 100, 'data_path': 'data/citylearn_challenge_2022_phase_1', 'dry_run': False, 'n_discrete': 9, 'update_target': 32, 'lr': 0.01, 'batch_size': 64, 'adam_epsilon': 1e-08, 'epsilon_final': 0.04, 'run_id': 292}
{'Notes': 'This is a tuning run, executed on a single building.',
 'action_selection': 'egreedy',
 'adam_epsilon': 1e-08,
 'env': '<NormalizeObservation<OneHotHour<DiscreteSingle<CityLearnEnv '
        'instance>>>>',
 'final_exploration_rate': 0.02,
 'final_exploration_step': 1000,
 'gamma': 0.99,
 'initial_exploration_rate': 1,
 'learning_rate': 0.01,
 'loss': 'mse',
 'minibatch_size': 64,
 'network': 'MLP(\n'
            '  (layers): Sequential(\n'
            '    (0): Linear(in_features=29, out_features=128, bias=True)\n'
            '    (1): ReLU()\n'
            '    (2): Linear(in_features=128, out_features=128, bias=True)\n'
            '    (3): ReLU()\n'
            '    (4): Linear(in_features=128, out_features=9, bias=True)\n'
            '  )\n'
            ')',
 'replay_buffer_size': 10000,
 'replay_start_size': 64,
 'seed': 1,
 'train_steps': 876000,
 'update_frequency': 1,
 'update_target_frequency': 32,
 'weight_scale': 1.4142135623730951}
Timestep : 8758, score : -9709.15103600263, Time : 22.339 s
Timestep : 17517, score : -9100.782647069958, Time : 22.52 s
Timestep : 26276, score : -9244.367351292589, Time : 22.632 s
Timestep : 35035, score : -8978.46162462738, Time : 22.761 s
Timestep : 43794, score : -10125.520511403636, Time : 22.755 s
Timestep : 52553, score : -9998.884208729636, Time : 22.706 s
Timestep : 61312, score : -11313.769893825665, Time : 22.775 s
Timestep : 70071, score : -10829.678245907256, Time : 22.761 s
Timestep : 78830, score : -11585.438582276183, Time : 22.712 s
Timestep : 87589, score : -11404.035940149472, Time : 22.739 s
Timestep : 96348, score : -11793.290412121176, Time : 22.476 s
Timestep : 105107, score : -11784.3249754742, Time : 22.516 s
Timestep : 113866, score : -11705.322475832494, Time : 22.707 s
Timestep : 122625, score : -12631.613749331751, Time : 22.758 s
Timestep : 131384, score : -12151.10472312379, Time : 22.73 s
Timestep : 140143, score : -12309.510587577519, Time : 22.727 s
Timestep : 148902, score : -12382.596482649333, Time : 22.722 s
Timestep : 157661, score : -12737.192444981541, Time : 22.741 s
Timestep : 166420, score : -12784.459161048755, Time : 22.74 s
Timestep : 175179, score : -12453.070990719847, Time : 22.742 s
Timestep : 183938, score : -12919.098761617352, Time : 22.764 s
Timestep : 192697, score : -13115.631113717593, Time : 22.765 s
Timestep : 201456, score : -12969.67459922214, Time : 22.764 s
Timestep : 210215, score : -13107.755730435078, Time : 22.75 s
Timestep : 218974, score : -12956.510262839613, Time : 22.695 s
Timestep : 227733, score : -13055.554416204104, Time : 22.797 s
Timestep : 236492, score : -12850.909565283291, Time : 22.765 s
Timestep : 245251, score : -13174.687319601027, Time : 22.322 s
Timestep : 254010, score : -12826.112617222825, Time : 22.588 s
Timestep : 262769, score : -12767.490724792427, Time : 22.862 s
Timestep : 271528, score : -12559.930269545439, Time : 22.85 s
Timestep : 280287, score : -12517.259565101616, Time : 22.842 s
Timestep : 289046, score : -13433.748849500735, Time : 22.816 s
Timestep : 297805, score : -13298.50668231894, Time : 22.858 s
Timestep : 306564, score : -13319.648000787856, Time : 22.839 s
Timestep : 315323, score : -12735.607307102211, Time : 22.797 s
Timestep : 324082, score : -13232.755646422233, Time : 22.84 s
Timestep : 332841, score : -13474.443061380669, Time : 22.829 s
Timestep : 341600, score : -12678.139193501702, Time : 22.856 s
Timestep : 350359, score : -13462.97703072871, Time : 22.762 s
Timestep : 359118, score : -13662.373051870134, Time : 22.715 s
Timestep : 367877, score : -13324.516456489106, Time : 22.708 s
Timestep : 376636, score : -13325.187378698058, Time : 22.748 s
Timestep : 385395, score : -12681.311141609127, Time : 22.732 s
Timestep : 394154, score : -12978.520512665466, Time : 22.712 s
Timestep : 402913, score : -13030.514550267442, Time : 22.693 s
Timestep : 411672, score : -12687.493475103824, Time : 22.702 s
Timestep : 420431, score : -13093.225789457516, Time : 22.752 s
Timestep : 429190, score : -12396.563743403487, Time : 22.575 s
Timestep : 437949, score : -12721.11650579379, Time : 22.806 s
Timestep : 446708, score : -13340.995761913247, Time : 22.632 s
Timestep : 455467, score : -12890.981640708007, Time : 22.752 s
Timestep : 464226, score : -12554.70046828338, Time : 22.739 s
Timestep : 472985, score : -13256.706396314315, Time : 22.743 s
Timestep : 481744, score : -13242.297691965883, Time : 22.745 s
Timestep : 490503, score : -12502.661182600918, Time : 22.728 s
Timestep : 499262, score : -12983.651554738055, Time : 22.41 s
Timestep : 508021, score : -13152.664444953232, Time : 22.542 s
Timestep : 516780, score : -13062.518513581483, Time : 22.663 s
Timestep : 525539, score : -13126.802771135073, Time : 22.587 s
Timestep : 534298, score : -13138.79526304845, Time : 22.486 s
Timestep : 543057, score : -12379.574714660834, Time : 22.453 s
Timestep : 551816, score : -13114.687957016431, Time : 22.106 s
Timestep : 560575, score : -12912.20442610269, Time : 22.608 s
Timestep : 569334, score : -13102.126374129046, Time : 22.475 s
Timestep : 578093, score : -12690.157203971437, Time : 22.633 s
Timestep : 586852, score : -12211.247521722486, Time : 22.606 s
Timestep : 595611, score : -12806.115525774192, Time : 22.597 s
Timestep : 604370, score : -12985.91966867994, Time : 22.604 s
Timestep : 613129, score : -12194.942830575397, Time : 22.609 s
Timestep : 621888, score : -13294.686426567685, Time : 22.533 s
Timestep : 630647, score : -13001.177864480509, Time : 22.479 s
Timestep : 639406, score : -12841.859614823363, Time : 22.563 s
Timestep : 648165, score : -13553.115273409989, Time : 22.519 s
Timestep : 656924, score : -12708.319542683545, Time : 22.622 s
Timestep : 665683, score : -12075.768388935976, Time : 22.635 s
Timestep : 674442, score : -12433.536103203456, Time : 22.466 s
Timestep : 683201, score : -12074.614092071199, Time : 22.617 s
Timestep : 691960, score : -12576.284413663845, Time : 22.627 s
Timestep : 700719, score : -12389.354713628407, Time : 22.607 s
Timestep : 709478, score : -12250.61253380208, Time : 22.618 s
Timestep : 718237, score : -12359.262063908056, Time : 22.601 s
Timestep : 726996, score : -12092.552397587526, Time : 22.701 s
Timestep : 735755, score : -12142.08237659729, Time : 22.529 s
Timestep : 744514, score : -12268.641137120692, Time : 22.727 s
Timestep : 753273, score : -12702.65367886769, Time : 22.701 s
Timestep : 762032, score : -12523.468657879464, Time : 22.687 s
Timestep : 770791, score : -12009.963556466464, Time : 22.712 s
Timestep : 779550, score : -13181.125855024206, Time : 22.693 s
Timestep : 788309, score : -12431.259248890405, Time : 22.697 s
Timestep : 797068, score : -12686.67968029117, Time : 22.731 s
Timestep : 805827, score : -12672.366183531354, Time : 22.724 s
Timestep : 814586, score : -13399.374057070425, Time : 22.722 s
Timestep : 823345, score : -12549.178096678632, Time : 22.694 s
Timestep : 832104, score : -12993.531174531498, Time : 22.644 s
Timestep : 840863, score : -12612.14875950008, Time : 22.349 s
Timestep : 849622, score : -12499.711267920007, Time : 22.607 s
Timestep : 858381, score : -12515.096145685144, Time : 22.439 s
Timestep : 867140, score : -12610.412524884945, Time : 22.197 s
Timestep : 875899, score : -12795.871990393964, Time : 22.599 s
Starting local evaluation
Num Steps: 1000, Num episodes: 0
Num Steps: 2000, Num episodes: 0
Num Steps: 3000, Num episodes: 0
Num Steps: 4000, Num episodes: 0
Num Steps: 5000, Num episodes: 0
Num Steps: 6000, Num episodes: 0
Num Steps: 7000, Num episodes: 0
Num Steps: 8000, Num episodes: 0
Episode complete: 1 | Latest episode metrics: {'price_cost': 1.3333036954330735, 'emmision_cost': 1.4282621094733998}
[-0.69613673] -0.6961367296383487
Average Price Cost: 1.3333036954330735
Average Emmision Cost: 1.4282621094733998
Average of both costs: 1.3807829024532365
Total time taken by agent: 2.5013993121683598s
DONE!
