{'agent': 'DQN', 'action_selection': 'softmax', 'seed': 1, 'episodes': 100, 'data_path': 'data/citylearn_challenge_2022_phase_1', 'dry_run': False, 'n_discrete': 9, 'update_target': 4, 'lr': 0.0003, 'batch_size': 64, 'adam_epsilon': 0.001, 'epsilon_final': 0.02, 'run_id': 88}
{'Notes': 'This is a tuning run, executed on a single building.',
 'action_selection': 'softmax',
 'adam_epsilon': 0.001,
 'env': '<NormalizeObservation<OneHotHour<DiscreteSingle<CityLearnEnv '
        'instance>>>>',
 'final_exploration_rate': 0.02,
 'final_exploration_step': 1000,
 'gamma': 0.99,
 'initial_exploration_rate': 1,
 'learning_rate': 0.0003,
 'loss': 'mse',
 'minibatch_size': 64,
 'network': 'MLP(\n'
            '  (layers): Sequential(\n'
            '    (0): Linear(in_features=29, out_features=128, bias=True)\n'
            '    (1): ReLU()\n'
            '    (2): Linear(in_features=128, out_features=128, bias=True)\n'
            '    (3): ReLU()\n'
            '    (4): Linear(in_features=128, out_features=9, bias=True)\n'
            '  )\n'
            ')',
 'replay_buffer_size': 10000,
 'replay_start_size': 64,
 'seed': 1,
 'train_steps': 876000,
 'update_frequency': 1,
 'update_target_frequency': 4,
 'weight_scale': 1.4142135623730951}
Timestep : 8758, score : -5243.894892071228, Time : 22.74 s
Timestep : 17517, score : -3685.913040187239, Time : 22.762 s
Timestep : 26276, score : -3045.6982182215725, Time : 22.639 s
Timestep : 35035, score : -2896.3714952108276, Time : 22.632 s
Timestep : 43794, score : -2982.3434084761248, Time : 22.41 s
Timestep : 52553, score : -2763.71784338812, Time : 22.793 s
Timestep : 61312, score : -2948.0408647455333, Time : 23.011 s
Timestep : 70071, score : -2854.636548924522, Time : 23.295 s
Timestep : 78830, score : -2646.3092904616788, Time : 23.418 s
Timestep : 87589, score : -2249.058567841683, Time : 23.16 s
Timestep : 96348, score : -2383.9942545820086, Time : 23.193 s
Timestep : 105107, score : -1897.6231615598954, Time : 23.227 s
Timestep : 113866, score : -2311.1850234987505, Time : 23.6 s
Timestep : 122625, score : -2280.5031173919706, Time : 23.581 s
Timestep : 131384, score : -2403.37603357443, Time : 23.441 s
Timestep : 140143, score : -2185.280827078648, Time : 22.448 s
Timestep : 148902, score : -2042.9606425466773, Time : 22.379 s
Timestep : 157661, score : -2507.1051063018676, Time : 22.375 s
Timestep : 166420, score : -2606.33275648338, Time : 22.689 s
Timestep : 175179, score : -2203.8162726870214, Time : 22.857 s
Timestep : 183938, score : -2157.0531843540084, Time : 22.835 s
Timestep : 192697, score : -2154.959003187396, Time : 22.803 s
Timestep : 201456, score : -2048.3110556307074, Time : 22.355 s
Timestep : 210215, score : -2265.9047751170874, Time : 22.5 s
Timestep : 218974, score : -1807.3440972667013, Time : 22.704 s
Timestep : 227733, score : -1548.502452364919, Time : 23.011 s
Timestep : 236492, score : -1821.3739205308084, Time : 22.801 s
Timestep : 245251, score : -1718.039975452266, Time : 22.873 s
Timestep : 254010, score : -1626.9513486896467, Time : 22.768 s
Timestep : 262769, score : -1600.5395747369912, Time : 22.59 s
Timestep : 271528, score : -1366.4912001373305, Time : 22.611 s
Timestep : 280287, score : -1506.9067714913108, Time : 22.784 s
Timestep : 289046, score : -1539.5428406772262, Time : 22.997 s
Timestep : 297805, score : -1513.5876621513453, Time : 23.269 s
Timestep : 306564, score : -1659.8160114491184, Time : 23.073 s
Timestep : 315323, score : -1449.5589681353013, Time : 22.638 s
Timestep : 324082, score : -1709.4048499735363, Time : 22.538 s
Timestep : 332841, score : -1706.7420131096442, Time : 22.551 s
Timestep : 341600, score : -1885.9359684252704, Time : 22.932 s
Timestep : 350359, score : -1793.9029589304992, Time : 23.036 s
Timestep : 359118, score : -1955.7790023257548, Time : 23.388 s
Timestep : 367877, score : -1698.3578927777999, Time : 22.956 s
Timestep : 376636, score : -1469.0575751730066, Time : 22.43 s
Timestep : 385395, score : -1332.0914689863857, Time : 23.264 s
Timestep : 394154, score : -1420.4431432925921, Time : 23.036 s
Timestep : 402913, score : -1683.4024287045759, Time : 22.948 s
Timestep : 411672, score : -1565.4882217238483, Time : 22.889 s
Timestep : 420431, score : -1485.77719491467, Time : 22.956 s
Timestep : 429190, score : -1373.2701842759561, Time : 22.523 s
Timestep : 437949, score : -1436.852237428684, Time : 22.361 s
Timestep : 446708, score : -1472.2729293867305, Time : 22.366 s
Timestep : 455467, score : -1343.6439202730835, Time : 23.109 s
Timestep : 464226, score : -1402.24535589086, Time : 23.454 s
Timestep : 472985, score : -1369.565973685385, Time : 22.82 s
Timestep : 481744, score : -1486.2648007786192, Time : 23.206 s
Timestep : 490503, score : -1235.3679534143594, Time : 22.617 s
Timestep : 499262, score : -1449.6657026515168, Time : 22.588 s
Timestep : 508021, score : -1342.3913571907033, Time : 22.712 s
Timestep : 516780, score : -1461.5153723073017, Time : 23.007 s
Timestep : 525539, score : -1410.7022371678904, Time : 22.866 s
Timestep : 534298, score : -1451.929931499093, Time : 22.977 s
Timestep : 543057, score : -1371.9890876894642, Time : 22.72 s
Timestep : 551816, score : -1267.1727615555574, Time : 22.438 s
Timestep : 560575, score : -1209.4651063578494, Time : 22.434 s
Timestep : 569334, score : -1282.9149387087964, Time : 22.741 s
Timestep : 578093, score : -1252.6547557381273, Time : 23.0 s
Timestep : 586852, score : -1355.3384042650287, Time : 22.829 s
Timestep : 595611, score : -1462.465599993273, Time : 22.97 s
Timestep : 604370, score : -1219.6270277842705, Time : 22.543 s
Timestep : 613129, score : -1395.8815756552212, Time : 23.109 s
Timestep : 621888, score : -1338.6295306051907, Time : 23.181 s
Timestep : 630647, score : -1289.62961051616, Time : 23.581 s
Timestep : 639406, score : -1202.7829034664028, Time : 23.452 s
Timestep : 648165, score : -1145.0553532871709, Time : 23.614 s
Timestep : 656924, score : -1226.6344240824983, Time : 23.494 s
Timestep : 665683, score : -1119.464637262543, Time : 23.252 s
Timestep : 674442, score : -1265.6684030909382, Time : 23.25 s
Timestep : 683201, score : -1231.5363383782387, Time : 23.421 s
Timestep : 691960, score : -1238.0188347690564, Time : 23.609 s
Timestep : 700719, score : -1302.668984570104, Time : 23.516 s
Timestep : 709478, score : -1324.5991112287447, Time : 23.607 s
Timestep : 718237, score : -1269.0136073313479, Time : 23.267 s
Timestep : 726996, score : -1282.8001754274883, Time : 23.204 s
Timestep : 735755, score : -1331.2830753869202, Time : 23.23 s
Timestep : 744514, score : -1298.940419358929, Time : 23.436 s
Timestep : 753273, score : -1204.2325295312621, Time : 22.878 s
Timestep : 762032, score : -1221.3762171347917, Time : 22.887 s
Timestep : 770791, score : -1110.7977731528517, Time : 22.683 s
Timestep : 779550, score : -1204.8322351412207, Time : 22.333 s
Timestep : 788309, score : -1235.452763937792, Time : 22.476 s
Timestep : 797068, score : -1265.5846545473032, Time : 22.779 s
Timestep : 805827, score : -1117.6332013954234, Time : 22.999 s
Timestep : 814586, score : -1243.6143412897654, Time : 22.667 s
Timestep : 823345, score : -1221.6376920843322, Time : 22.8 s
Timestep : 832104, score : -1264.6688687810965, Time : 21.979 s
Timestep : 840863, score : -1187.5142474004824, Time : 21.574 s
Timestep : 849622, score : -1245.2900885427662, Time : 21.571 s
Timestep : 858381, score : -1173.1173978920851, Time : 21.569 s
Timestep : 867140, score : -1214.6816389225714, Time : 21.574 s
Timestep : 875899, score : -1148.8453876152926, Time : 21.576 s
Starting local evaluation
Num Steps: 1000, Num episodes: 0
Num Steps: 2000, Num episodes: 0
Num Steps: 3000, Num episodes: 0
Num Steps: 4000, Num episodes: 0
Num Steps: 5000, Num episodes: 0
Num Steps: 6000, Num episodes: 0
Num Steps: 7000, Num episodes: 0
Num Steps: 8000, Num episodes: 0
Episode complete: 1 | Latest episode metrics: {'price_cost': 0.8662524037148427, 'emmision_cost': 0.921130113918232}
[-0.09784612] -0.09784612407956175
Average Price Cost: 0.8662524037148427
Average Emmision Cost: 0.921130113918232
Average of both costs: 0.8936912588165373
Total time taken by agent: 3.230385511298664s
DONE!
