{'agent': 'DQN', 'action_selection': 'egreedy', 'seed': 1, 'episodes': 100, 'data_path': 'data/citylearn_challenge_2022_phase_1', 'dry_run': False, 'n_discrete': 9, 'update_target': 4, 'lr': 0.03, 'batch_size': 4, 'adam_epsilon': 1e-10, 'epsilon_final': 0.04, 'run_id': 352}
{'Notes': 'This is a tuning run, executed on a single building.',
 'action_selection': 'egreedy',
 'adam_epsilon': 1e-10,
 'env': '<NormalizeObservation<OneHotHour<DiscreteSingle<CityLearnEnv '
        'instance>>>>',
 'final_exploration_rate': 0.02,
 'final_exploration_step': 1000,
 'gamma': 0.99,
 'initial_exploration_rate': 1,
 'learning_rate': 0.03,
 'loss': 'mse',
 'minibatch_size': 4,
 'network': 'MLP(\n'
            '  (layers): Sequential(\n'
            '    (0): Linear(in_features=29, out_features=128, bias=True)\n'
            '    (1): ReLU()\n'
            '    (2): Linear(in_features=128, out_features=128, bias=True)\n'
            '    (3): ReLU()\n'
            '    (4): Linear(in_features=128, out_features=9, bias=True)\n'
            '  )\n'
            ')',
 'replay_buffer_size': 10000,
 'replay_start_size': 4,
 'seed': 1,
 'train_steps': 876000,
 'update_frequency': 1,
 'update_target_frequency': 4,
 'weight_scale': 1.4142135623730951}
Timestep : 8758, score : -6467.546720275219, Time : 21.546 s
Timestep : 17517, score : -5818.91196658081, Time : 21.431 s
Timestep : 26276, score : -5744.818631514005, Time : 21.192 s
Timestep : 35035, score : -6704.530271451415, Time : 21.239 s
Timestep : 43794, score : -5010.264626383927, Time : 21.538 s
Timestep : 52553, score : -4551.750713754358, Time : 21.715 s
Timestep : 61312, score : -4477.579670004925, Time : 21.22 s
Timestep : 70071, score : -4505.47715966907, Time : 21.396 s
Timestep : 78830, score : -4615.189375861461, Time : 21.222 s
Timestep : 87589, score : -4529.273509439343, Time : 21.236 s
Timestep : 96348, score : -4520.73218892052, Time : 21.503 s
Timestep : 105107, score : -4475.431938319962, Time : 21.898 s
Timestep : 113866, score : -4478.293571957765, Time : 21.869 s
Timestep : 122625, score : -4455.6558797521575, Time : 21.858 s
Timestep : 131384, score : -4467.121569511859, Time : 22.844 s
Timestep : 140143, score : -4551.707939305255, Time : 21.485 s
Timestep : 148902, score : -4532.3356249345525, Time : 21.604 s
Timestep : 157661, score : -4433.6442148082715, Time : 21.521 s
Timestep : 166420, score : -4525.968478791794, Time : 21.258 s
Timestep : 175179, score : -4505.107206768036, Time : 21.289 s
Timestep : 183938, score : -4377.74941348788, Time : 21.259 s
Timestep : 192697, score : -4446.61049744059, Time : 21.286 s
Timestep : 201456, score : -4499.690204601182, Time : 21.144 s
Timestep : 210215, score : -4575.083724209486, Time : 22.635 s
Timestep : 218974, score : -4427.544939966785, Time : 21.476 s
Timestep : 227733, score : -4455.260694259225, Time : 21.879 s
Timestep : 236492, score : -4468.200599472417, Time : 21.789 s
Timestep : 245251, score : -4464.818759114554, Time : 22.521 s
Timestep : 254010, score : -4538.803122913028, Time : 22.629 s
Timestep : 262769, score : -4513.049075542396, Time : 21.95 s
Timestep : 271528, score : -4499.284331852017, Time : 21.592 s
Timestep : 280287, score : -4608.127894294827, Time : 21.353 s
Timestep : 289046, score : -4466.107012282504, Time : 21.955 s
Timestep : 297805, score : -4397.816130127205, Time : 21.865 s
Timestep : 306564, score : -4591.442157693353, Time : 21.204 s
Timestep : 315323, score : -4537.668943082361, Time : 21.742 s
Timestep : 324082, score : -4488.680467807135, Time : 21.89 s
Timestep : 332841, score : -4656.416506410955, Time : 21.863 s
Timestep : 341600, score : -4574.13518320155, Time : 21.88 s
Timestep : 350359, score : -4511.574906533031, Time : 21.882 s
Timestep : 359118, score : -4521.753738806496, Time : 21.748 s
Timestep : 367877, score : -4601.561722279905, Time : 23.175 s
Timestep : 376636, score : -4584.584584117198, Time : 22.075 s
Timestep : 385395, score : -4504.021491754713, Time : 21.913 s
Timestep : 394154, score : -4451.524596778589, Time : 21.797 s
Timestep : 402913, score : -4536.332774040318, Time : 21.397 s
Timestep : 411672, score : -4563.331961124466, Time : 21.305 s
Timestep : 420431, score : -4563.960014022916, Time : 21.24 s
Timestep : 429190, score : -4460.433811294875, Time : 21.417 s
Timestep : 437949, score : -4562.684688702604, Time : 21.788 s
Timestep : 446708, score : -4603.499960083078, Time : 21.573 s
Timestep : 455467, score : -4411.280828533141, Time : 21.86 s
Timestep : 464226, score : -4500.340890111896, Time : 21.989 s
Timestep : 472985, score : -4536.329111342697, Time : 21.922 s
Timestep : 481744, score : -4628.828927357594, Time : 21.912 s
Timestep : 490503, score : -4606.603425072419, Time : 21.864 s
Timestep : 499262, score : -4483.370479494013, Time : 21.84 s
Timestep : 508021, score : -4586.378361042036, Time : 21.731 s
Timestep : 516780, score : -4472.719946253492, Time : 22.162 s
Timestep : 525539, score : -4472.056800664781, Time : 21.909 s
Timestep : 534298, score : -4513.810565669512, Time : 22.823 s
Timestep : 543057, score : -4511.080470124638, Time : 22.204 s
Timestep : 551816, score : -4536.192398371088, Time : 21.87 s
Timestep : 560575, score : -4533.686471979978, Time : 21.545 s
Timestep : 569334, score : -4425.5910067310615, Time : 21.893 s
Timestep : 578093, score : -4555.368142486928, Time : 21.582 s
Timestep : 586852, score : -4503.894217281049, Time : 21.426 s
Timestep : 595611, score : -4521.956782274952, Time : 21.291 s
Timestep : 604370, score : -4527.298472984956, Time : 21.163 s
Timestep : 613129, score : -4502.483045828907, Time : 21.499 s
Timestep : 621888, score : -4482.7572832884325, Time : 21.281 s
Timestep : 630647, score : -4466.961920808448, Time : 21.323 s
Timestep : 639406, score : -4440.22579434645, Time : 21.3 s
Timestep : 648165, score : -4486.887930861121, Time : 22.126 s
Timestep : 656924, score : -4528.358275971754, Time : 22.577 s
Timestep : 665683, score : -4453.064372557827, Time : 22.052 s
Timestep : 674442, score : -4586.266643488227, Time : 21.35 s
Timestep : 683201, score : -4526.054363601332, Time : 21.731 s
Timestep : 691960, score : -4478.220513861073, Time : 21.933 s
Timestep : 700719, score : -4654.413193068845, Time : 21.639 s
Timestep : 709478, score : -4593.478372566315, Time : 21.314 s
Timestep : 718237, score : -4500.642752106214, Time : 22.138 s
Timestep : 726996, score : -4492.612297793297, Time : 21.914 s
Timestep : 735755, score : -4463.318946478335, Time : 21.325 s
Timestep : 744514, score : -4469.470964590466, Time : 21.245 s
Timestep : 753273, score : -4469.076437511161, Time : 21.156 s
Timestep : 762032, score : -4500.0757114191365, Time : 21.215 s
Timestep : 770791, score : -4422.562190833763, Time : 22.466 s
Timestep : 779550, score : -4562.565803272097, Time : 22.434 s
Timestep : 788309, score : -4453.605171920179, Time : 21.949 s
Timestep : 797068, score : -4428.483099683566, Time : 21.931 s
Timestep : 805827, score : -4428.149165735958, Time : 21.621 s
Timestep : 814586, score : -4542.733795823093, Time : 21.376 s
Timestep : 823345, score : -4517.498860599735, Time : 22.052 s
Timestep : 832104, score : -4469.936051788653, Time : 21.876 s
Timestep : 840863, score : -4616.672648814885, Time : 21.425 s
Timestep : 849622, score : -4576.350737167435, Time : 21.912 s
Timestep : 858381, score : -4585.446914707383, Time : 21.493 s
Timestep : 867140, score : -4576.09979604141, Time : 21.774 s
Timestep : 875899, score : -4528.065106326161, Time : 21.749 s
Starting local evaluation
Num Steps: 1000, Num episodes: 0
Num Steps: 2000, Num episodes: 0
Num Steps: 3000, Num episodes: 0
Num Steps: 4000, Num episodes: 0
Num Steps: 5000, Num episodes: 0
Num Steps: 6000, Num episodes: 0
Num Steps: 7000, Num episodes: 0
Num Steps: 8000, Num episodes: 0
Episode complete: 1 | Latest episode metrics: {'price_cost': 1.016597771075458, 'emmision_cost': 1.0189581216814774}
[-0.25187464] -0.25187463880900124
Average Price Cost: 1.016597771075458
Average Emmision Cost: 1.0189581216814774
Average of both costs: 1.0177779463784677
Total time taken by agent: 2.5302813658490777s
DONE!
