{'agent': 'DQN', 'action_selection': 'egreedy', 'seed': 1, 'episodes': 100, 'data_path': 'data/citylearn_challenge_2022_phase_1', 'dry_run': False, 'n_discrete': 9, 'update_target': 32, 'lr': 0.07, 'batch_size': 64, 'adam_epsilon': 0.0001, 'epsilon_final': 0.03, 'run_id': 389}
{'Notes': 'This is a tuning run, executed on a single building.',
 'action_selection': 'egreedy',
 'adam_epsilon': 0.0001,
 'env': '<NormalizeObservation<OneHotHour<DiscreteSingle<CityLearnEnv '
        'instance>>>>',
 'final_exploration_rate': 0.02,
 'final_exploration_step': 1000,
 'gamma': 0.99,
 'initial_exploration_rate': 1,
 'learning_rate': 0.07,
 'loss': 'mse',
 'minibatch_size': 64,
 'network': 'MLP(\n'
            '  (layers): Sequential(\n'
            '    (0): Linear(in_features=29, out_features=128, bias=True)\n'
            '    (1): ReLU()\n'
            '    (2): Linear(in_features=128, out_features=128, bias=True)\n'
            '    (3): ReLU()\n'
            '    (4): Linear(in_features=128, out_features=9, bias=True)\n'
            '  )\n'
            ')',
 'replay_buffer_size': 10000,
 'replay_start_size': 64,
 'seed': 1,
 'train_steps': 876000,
 'update_frequency': 1,
 'update_target_frequency': 32,
 'weight_scale': 1.4142135623730951}
Timestep : 8758, score : -5922.163100566511, Time : 22.447 s
Timestep : 17517, score : -4568.595315183891, Time : 22.79 s
Timestep : 26276, score : -4604.953296870372, Time : 22.905 s
Timestep : 35035, score : -4440.08478655052, Time : 23.377 s
Timestep : 43794, score : -4481.927085821895, Time : 23.094 s
Timestep : 52553, score : -4555.4311067815, Time : 22.905 s
Timestep : 61312, score : -4491.349441596685, Time : 22.862 s
Timestep : 70071, score : -4512.275193089066, Time : 22.902 s
Timestep : 78830, score : -4711.573967490724, Time : 22.898 s
Timestep : 87589, score : -4571.119127244601, Time : 23.431 s
Timestep : 96348, score : -4508.385981810192, Time : 23.599 s
Timestep : 105107, score : -4632.035817142998, Time : 23.592 s
Timestep : 113866, score : -4554.8862414522155, Time : 23.537 s
Timestep : 122625, score : -4439.183584516315, Time : 23.569 s
Timestep : 131384, score : -4506.085855320518, Time : 23.605 s
Timestep : 140143, score : -4539.2498276116385, Time : 23.828 s
Timestep : 148902, score : -4530.351274659304, Time : 23.441 s
Timestep : 157661, score : -4442.234237672208, Time : 22.888 s
Timestep : 166420, score : -4313.9227299989725, Time : 22.857 s
Timestep : 175179, score : -4473.550998046441, Time : 22.885 s
Timestep : 183938, score : -4502.727580652951, Time : 22.867 s
Timestep : 192697, score : -4487.571815283416, Time : 22.891 s
Timestep : 201456, score : -4541.817777027754, Time : 23.565 s
Timestep : 210215, score : -4519.925222502468, Time : 23.585 s
Timestep : 218974, score : -4474.726683434477, Time : 23.212 s
Timestep : 227733, score : -4369.325696264772, Time : 23.051 s
Timestep : 236492, score : -4462.808310510038, Time : 23.387 s
Timestep : 245251, score : -4515.164600485383, Time : 23.783 s
Timestep : 254010, score : -4430.954115289642, Time : 23.995 s
Timestep : 262769, score : -4674.088482833555, Time : 23.526 s
Timestep : 271528, score : -4404.662725006492, Time : 23.054 s
Timestep : 280287, score : -4388.454336987255, Time : 22.907 s
Timestep : 289046, score : -4501.492883501021, Time : 22.855 s
Timestep : 297805, score : -4466.518684330775, Time : 22.907 s
Timestep : 306564, score : -4526.608219868765, Time : 23.225 s
Timestep : 315323, score : -4625.553390142886, Time : 23.361 s
Timestep : 324082, score : -4599.840455969243, Time : 23.039 s
Timestep : 332841, score : -4662.1285748886, Time : 23.351 s
Timestep : 341600, score : -4609.389707465103, Time : 23.444 s
Timestep : 350359, score : -4493.780338610901, Time : 23.667 s
Timestep : 359118, score : -4624.595464593644, Time : 23.92 s
Timestep : 367877, score : -4604.5176607849135, Time : 23.462 s
Timestep : 376636, score : -4619.496676818846, Time : 23.484 s
Timestep : 385395, score : -4543.294350454031, Time : 23.48 s
Timestep : 394154, score : -4452.504805387376, Time : 23.461 s
Timestep : 402913, score : -4548.060889815359, Time : 23.424 s
Timestep : 411672, score : -4533.415199083654, Time : 23.348 s
Timestep : 420431, score : -4542.33584707501, Time : 23.531 s
Timestep : 429190, score : -4548.872761167033, Time : 23.606 s
Timestep : 437949, score : -4433.182278602762, Time : 23.544 s
Timestep : 446708, score : -4432.681419943838, Time : 23.398 s
Timestep : 455467, score : -4518.338099968998, Time : 23.653 s
Timestep : 464226, score : -4653.225247767201, Time : 23.823 s
Timestep : 472985, score : -4521.578643495595, Time : 23.717 s
Timestep : 481744, score : -4627.0240463208465, Time : 23.48 s
Timestep : 490503, score : -4611.231975251299, Time : 23.465 s
Timestep : 499262, score : -4513.27716984172, Time : 23.166 s
Timestep : 508021, score : -4554.678252609359, Time : 23.532 s
Timestep : 516780, score : -4497.900255510031, Time : 23.368 s
Timestep : 525539, score : -4581.677331479295, Time : 23.513 s
Timestep : 534298, score : -4575.57088137549, Time : 23.546 s
Timestep : 543057, score : -4349.135447579814, Time : 23.686 s
Timestep : 551816, score : -4500.7644900720625, Time : 23.367 s
Timestep : 560575, score : -4589.159098324279, Time : 23.552 s
Timestep : 569334, score : -4475.67466141787, Time : 23.659 s
Timestep : 578093, score : -4500.183859832963, Time : 23.479 s
Timestep : 586852, score : -4459.825135101011, Time : 23.324 s
Timestep : 595611, score : -4538.437014428346, Time : 22.688 s
Timestep : 604370, score : -4531.406067921853, Time : 22.729 s
Timestep : 613129, score : -4506.727187207813, Time : 22.725 s
Timestep : 621888, score : -4539.730855846225, Time : 23.225 s
Timestep : 630647, score : -4461.972217780451, Time : 23.41 s
Timestep : 639406, score : -4469.176344969688, Time : 23.391 s
Timestep : 648165, score : -4576.018071561499, Time : 23.405 s
Timestep : 656924, score : -4645.4915673429205, Time : 23.407 s
Timestep : 665683, score : -4598.632998486428, Time : 23.541 s
Timestep : 674442, score : -4512.830723853229, Time : 23.734 s
Timestep : 683201, score : -4631.602429503022, Time : 23.512 s
Timestep : 691960, score : -4690.611048212653, Time : 23.398 s
Timestep : 700719, score : -4538.029612609564, Time : 23.386 s
Timestep : 709478, score : -4486.860692418559, Time : 23.396 s
Timestep : 718237, score : -4471.93264073637, Time : 23.428 s
Timestep : 726996, score : -4430.2075145579, Time : 23.425 s
Timestep : 735755, score : -4499.366172502196, Time : 23.375 s
Timestep : 744514, score : -4580.19905555938, Time : 23.406 s
Timestep : 753273, score : -4509.0294484341575, Time : 23.357 s
Timestep : 762032, score : -4405.572057344441, Time : 23.377 s
Timestep : 770791, score : -4586.157058086203, Time : 23.595 s
Timestep : 779550, score : -4577.630980902613, Time : 23.763 s
Timestep : 788309, score : -4441.604326501867, Time : 23.448 s
Timestep : 797068, score : -4567.436800753145, Time : 23.417 s
Timestep : 805827, score : -4446.685999287554, Time : 23.429 s
Timestep : 814586, score : -4465.922222297086, Time : 22.859 s
Timestep : 823345, score : -4423.070429889398, Time : 22.769 s
Timestep : 832104, score : -4524.765815395309, Time : 22.685 s
Timestep : 840863, score : -4630.424299394159, Time : 23.113 s
Timestep : 849622, score : -4470.216958458099, Time : 23.409 s
Timestep : 858381, score : -4573.516918554931, Time : 23.42 s
Timestep : 867140, score : -4463.6718457279785, Time : 23.406 s
Timestep : 875899, score : -4592.032760611648, Time : 23.605 s
Starting local evaluation
Num Steps: 1000, Num episodes: 0
Num Steps: 2000, Num episodes: 0
Num Steps: 3000, Num episodes: 0
Num Steps: 4000, Num episodes: 0
Num Steps: 5000, Num episodes: 0
Num Steps: 6000, Num episodes: 0
Num Steps: 7000, Num episodes: 0
Num Steps: 8000, Num episodes: 0
Episode complete: 1 | Latest episode metrics: {'price_cost': 1.0268240367591808, 'emmision_cost': 1.0316712237102579}
[-0.26592306] -0.2659230562607726
Average Price Cost: 1.0268240367591808
Average Emmision Cost: 1.0316712237102579
Average of both costs: 1.0292476302347193
Total time taken by agent: 2.591852112862398s
DONE!
