{'agent': 'DQN', 'action_selection': 'softmax', 'seed': 1, 'episodes': 100, 'data_path': 'data/citylearn_challenge_2022_phase_1', 'dry_run': False, 'n_discrete': 9, 'update_target': 8, 'lr': 0.07, 'batch_size': 8, 'adam_epsilon': 1e-07, 'epsilon_final': 0.02, 'run_id': 183}
{'Notes': 'This is a tuning run, executed on a single building.',
 'action_selection': 'softmax',
 'adam_epsilon': 1e-07,
 'env': '<NormalizeObservation<OneHotHour<DiscreteSingle<CityLearnEnv '
        'instance>>>>',
 'final_exploration_rate': 0.02,
 'final_exploration_step': 1000,
 'gamma': 0.99,
 'initial_exploration_rate': 1,
 'learning_rate': 0.07,
 'loss': 'mse',
 'minibatch_size': 8,
 'network': 'MLP(\n'
            '  (layers): Sequential(\n'
            '    (0): Linear(in_features=29, out_features=128, bias=True)\n'
            '    (1): ReLU()\n'
            '    (2): Linear(in_features=128, out_features=128, bias=True)\n'
            '    (3): ReLU()\n'
            '    (4): Linear(in_features=128, out_features=9, bias=True)\n'
            '  )\n'
            ')',
 'replay_buffer_size': 10000,
 'replay_start_size': 8,
 'seed': 1,
 'train_steps': 876000,
 'update_frequency': 1,
 'update_target_frequency': 8,
 'weight_scale': 1.4142135623730951}
Timestep : 8758, score : -6106.763085658109, Time : 21.036 s
Timestep : 17517, score : -6855.918402790936, Time : 21.097 s
Timestep : 26276, score : -6973.460328488218, Time : 21.195 s
Timestep : 35035, score : -9584.19206874576, Time : 20.851 s
Timestep : 43794, score : -7610.841119531571, Time : 20.617 s
Timestep : 52553, score : -6235.292909128053, Time : 21.525 s
Timestep : 61312, score : -6448.536347595, Time : 21.707 s
Timestep : 70071, score : -6078.809095094592, Time : 21.595 s
Timestep : 78830, score : -4030.212545355229, Time : 21.548 s
Timestep : 87589, score : -4030.212545355229, Time : 21.334 s
Timestep : 96348, score : -4030.212545355229, Time : 20.737 s
Timestep : 105107, score : -4030.212545355229, Time : 21.052 s
Timestep : 113866, score : -4030.212545355229, Time : 20.94 s
Timestep : 122625, score : -4030.212545355229, Time : 21.452 s
Timestep : 131384, score : -4030.212545355229, Time : 21.056 s
Timestep : 140143, score : -4030.212545355229, Time : 20.961 s
Timestep : 148902, score : -4030.212545355229, Time : 20.515 s
Timestep : 157661, score : -4030.212545355229, Time : 20.661 s
Timestep : 166420, score : -4030.212545355229, Time : 20.763 s
Timestep : 175179, score : -4030.212545355229, Time : 20.824 s
Timestep : 183938, score : -4030.212545355229, Time : 21.012 s
Timestep : 192697, score : -4030.212545355229, Time : 20.888 s
Timestep : 201456, score : -4030.212545355229, Time : 20.907 s
Timestep : 210215, score : -4030.212545355229, Time : 21.202 s
Timestep : 218974, score : -4030.212545355229, Time : 20.601 s
Timestep : 227733, score : -4030.212545355229, Time : 20.485 s
Timestep : 236492, score : -4030.212545355229, Time : 20.847 s
Timestep : 245251, score : -4030.212545355229, Time : 21.333 s
Timestep : 254010, score : -4030.212545355229, Time : 20.698 s
Timestep : 262769, score : -4030.212545355229, Time : 20.661 s
Timestep : 271528, score : -4030.212545355229, Time : 20.607 s
Timestep : 280287, score : -4030.212545355229, Time : 20.707 s
Timestep : 289046, score : -4030.212545355229, Time : 20.808 s
Timestep : 297805, score : -4030.212545355229, Time : 21.337 s
Timestep : 306564, score : -4030.212545355229, Time : 20.84 s
Timestep : 315323, score : -4030.212545355229, Time : 20.676 s
Timestep : 324082, score : -4030.212545355229, Time : 20.688 s
Timestep : 332841, score : -4030.212545355229, Time : 20.706 s
Timestep : 341600, score : -4030.212545355229, Time : 20.495 s
Timestep : 350359, score : -4030.212545355229, Time : 20.766 s
Timestep : 359118, score : -4030.212545355229, Time : 20.775 s
Timestep : 367877, score : -4030.212545355229, Time : 20.69 s
Timestep : 376636, score : -4030.212545355229, Time : 20.845 s
Timestep : 385395, score : -4030.212545355229, Time : 20.881 s
Timestep : 394154, score : -4030.212545355229, Time : 20.853 s
Timestep : 402913, score : -4030.212545355229, Time : 20.776 s
Timestep : 411672, score : -4030.212545355229, Time : 20.98 s
Timestep : 420431, score : -4030.212545355229, Time : 20.835 s
Timestep : 429190, score : -4030.212545355229, Time : 20.805 s
Timestep : 437949, score : -4030.212545355229, Time : 20.697 s
Timestep : 446708, score : -4030.212545355229, Time : 20.655 s
Timestep : 455467, score : -4030.212545355229, Time : 20.638 s
Timestep : 464226, score : -4030.212545355229, Time : 20.611 s
Timestep : 472985, score : -4030.212545355229, Time : 20.481 s
Timestep : 481744, score : -4030.212545355229, Time : 20.586 s
Timestep : 490503, score : -4030.212545355229, Time : 20.599 s
Timestep : 499262, score : -4030.212545355229, Time : 20.837 s
Timestep : 508021, score : -4030.212545355229, Time : 20.865 s
Timestep : 516780, score : -4030.212545355229, Time : 20.72 s
Timestep : 525539, score : -4030.212545355229, Time : 20.735 s
Timestep : 534298, score : -4030.212545355229, Time : 20.864 s
Timestep : 543057, score : -4030.212545355229, Time : 20.856 s
Timestep : 551816, score : -4030.212545355229, Time : 20.857 s
Timestep : 560575, score : -4030.212545355229, Time : 20.829 s
Timestep : 569334, score : -4030.212545355229, Time : 21.137 s
Timestep : 578093, score : -4030.212545355229, Time : 20.766 s
Timestep : 586852, score : -4030.212545355229, Time : 20.834 s
Timestep : 595611, score : -4030.212545355229, Time : 20.827 s
Timestep : 604370, score : -4030.212545355229, Time : 21.054 s
Timestep : 613129, score : -4030.212545355229, Time : 20.854 s
Timestep : 621888, score : -4030.212545355229, Time : 20.656 s
Timestep : 630647, score : -4030.212545355229, Time : 20.648 s
Timestep : 639406, score : -4030.212545355229, Time : 20.662 s
Timestep : 648165, score : -4030.212545355229, Time : 20.621 s
Timestep : 656924, score : -4030.212545355229, Time : 20.615 s
Timestep : 665683, score : -4030.212545355229, Time : 20.777 s
Timestep : 674442, score : -4030.212545355229, Time : 20.566 s
Timestep : 683201, score : -4030.212545355229, Time : 20.786 s
Timestep : 691960, score : -4030.212545355229, Time : 20.786 s
Timestep : 700719, score : -4030.212545355229, Time : 20.885 s
Timestep : 709478, score : -4030.212545355229, Time : 20.954 s
Timestep : 718237, score : -4030.212545355229, Time : 20.815 s
Timestep : 726996, score : -4030.212545355229, Time : 20.935 s
Timestep : 735755, score : -4030.212545355229, Time : 20.585 s
Timestep : 744514, score : -4030.212545355229, Time : 20.866 s
Timestep : 753273, score : -4030.212545355229, Time : 21.029 s
Timestep : 762032, score : -4030.212545355229, Time : 21.417 s
Timestep : 770791, score : -4030.212545355229, Time : 20.785 s
Timestep : 779550, score : -4030.212545355229, Time : 20.821 s
Timestep : 788309, score : -4030.212545355229, Time : 20.661 s
Timestep : 797068, score : -4030.212545355229, Time : 20.672 s
Timestep : 805827, score : -4030.212545355229, Time : 20.766 s
Timestep : 814586, score : -4030.212545355229, Time : 20.731 s
Timestep : 823345, score : -4030.212545355229, Time : 21.806 s
Timestep : 832104, score : -4030.212545355229, Time : 21.407 s
Timestep : 840863, score : -4030.212545355229, Time : 20.84 s
Timestep : 849622, score : -4030.212545355229, Time : 20.75 s
Timestep : 858381, score : -4030.212545355229, Time : 20.685 s
Timestep : 867140, score : -4030.212545355229, Time : 20.657 s
Timestep : 875899, score : -4030.212545355229, Time : 20.679 s
Starting local evaluation
Num Steps: 1000, Num episodes: 0
Num Steps: 2000, Num episodes: 0
Num Steps: 3000, Num episodes: 0
Num Steps: 4000, Num episodes: 0
Num Steps: 5000, Num episodes: 0
Num Steps: 6000, Num episodes: 0
Num Steps: 7000, Num episodes: 0
Num Steps: 8000, Num episodes: 0
Episode complete: 1 | Latest episode metrics: {'price_cost': 1.0006784862827256, 'emmision_cost': 1.0010100159355924}
[-0.23109147] -0.23109147019518972
Average Price Cost: 1.0006784862827256
Average Emmision Cost: 1.0010100159355924
Average of both costs: 1.000844251109159
Total time taken by agent: 3.374267578125s
DONE!
