{'agent': 'DQN', 'action_selection': 'softmax', 'seed': 1, 'episodes': 100, 'data_path': 'data/citylearn_challenge_2022_phase_1', 'dry_run': False, 'n_discrete': 9, 'update_target': 8, 'lr': 0.001, 'batch_size': 16, 'adam_epsilon': 1e-05, 'epsilon_final': 0.02, 'run_id': 113}
{'Notes': 'This is a tuning run, executed on a single building.',
 'action_selection': 'softmax',
 'adam_epsilon': 1e-05,
 'env': '<NormalizeObservation<OneHotHour<DiscreteSingle<CityLearnEnv '
        'instance>>>>',
 'final_exploration_rate': 0.02,
 'final_exploration_step': 1000,
 'gamma': 0.99,
 'initial_exploration_rate': 1,
 'learning_rate': 0.001,
 'loss': 'mse',
 'minibatch_size': 16,
 'network': 'MLP(\n'
            '  (layers): Sequential(\n'
            '    (0): Linear(in_features=29, out_features=128, bias=True)\n'
            '    (1): ReLU()\n'
            '    (2): Linear(in_features=128, out_features=128, bias=True)\n'
            '    (3): ReLU()\n'
            '    (4): Linear(in_features=128, out_features=9, bias=True)\n'
            '  )\n'
            ')',
 'replay_buffer_size': 10000,
 'replay_start_size': 16,
 'seed': 1,
 'train_steps': 876000,
 'update_frequency': 1,
 'update_target_frequency': 8,
 'weight_scale': 1.4142135623730951}
Timestep : 8758, score : -7228.657373393566, Time : 22.017 s
Timestep : 17517, score : -8285.643353363295, Time : 21.74 s
Timestep : 26276, score : -7884.221844454951, Time : 21.801 s
Timestep : 35035, score : -6586.97469515531, Time : 21.796 s
Timestep : 43794, score : -7194.854445406119, Time : 21.842 s
Timestep : 52553, score : -6461.991661694861, Time : 21.881 s
Timestep : 61312, score : -6482.836415496102, Time : 22.154 s
Timestep : 70071, score : -6318.665902314853, Time : 22.345 s
Timestep : 78830, score : -6880.286262281385, Time : 21.5 s
Timestep : 87589, score : -7596.1149092108535, Time : 22.045 s
Timestep : 96348, score : -7094.137864927354, Time : 21.622 s
Timestep : 105107, score : -6498.798159372018, Time : 21.915 s
Timestep : 113866, score : -6565.972575309992, Time : 21.39 s
Timestep : 122625, score : -6600.062746075913, Time : 21.743 s
Timestep : 131384, score : -6983.039486627284, Time : 21.362 s
Timestep : 140143, score : -6847.604159617593, Time : 21.432 s
Timestep : 148902, score : -6341.207683527333, Time : 21.454 s
Timestep : 157661, score : -6152.135655473045, Time : 22.247 s
Timestep : 166420, score : -5816.519074718148, Time : 22.103 s
Timestep : 175179, score : -6218.367384396755, Time : 21.42 s
Timestep : 183938, score : -6353.816873173375, Time : 21.6 s
Timestep : 192697, score : -6416.91581628102, Time : 21.502 s
Timestep : 201456, score : -6102.245100770873, Time : 21.388 s
Timestep : 210215, score : -5822.312733196144, Time : 21.439 s
Timestep : 218974, score : -6079.393560708879, Time : 21.433 s
Timestep : 227733, score : -5672.1510723949905, Time : 21.419 s
Timestep : 236492, score : -5525.222854721433, Time : 21.374 s
Timestep : 245251, score : -5408.701461616816, Time : 21.525 s
Timestep : 254010, score : -5134.5452983957075, Time : 21.602 s
Timestep : 262769, score : -4861.348311105539, Time : 21.718 s
Timestep : 271528, score : -4367.53151971419, Time : 21.808 s
Timestep : 280287, score : -4620.954276562785, Time : 22.115 s
Timestep : 289046, score : -4083.8815150866576, Time : 22.226 s
Timestep : 297805, score : -3876.9200393948995, Time : 21.745 s
Timestep : 306564, score : -3884.6268881686556, Time : 21.966 s
Timestep : 315323, score : -3817.1720403909276, Time : 22.013 s
Timestep : 324082, score : -3191.656466886081, Time : 21.93 s
Timestep : 332841, score : -3509.7403548950824, Time : 22.018 s
Timestep : 341600, score : -3302.161000269538, Time : 21.912 s
Timestep : 350359, score : -3688.908513262126, Time : 21.918 s
Timestep : 359118, score : -3186.27124795744, Time : 22.158 s
Timestep : 367877, score : -3492.867833407392, Time : 21.844 s
Timestep : 376636, score : -3727.2238956226793, Time : 22.054 s
Timestep : 385395, score : -3920.218928994218, Time : 22.382 s
Timestep : 394154, score : -3404.645886443119, Time : 21.917 s
Timestep : 402913, score : -2942.782701617951, Time : 21.721 s
Timestep : 411672, score : -3094.896342027496, Time : 21.719 s
Timestep : 420431, score : -2564.3397432025085, Time : 21.59 s
Timestep : 429190, score : -2461.7255526552035, Time : 21.772 s
Timestep : 437949, score : -2291.0123864470806, Time : 21.983 s
Timestep : 446708, score : -3138.580675808975, Time : 21.772 s
Timestep : 455467, score : -2410.0886373994435, Time : 21.588 s
Timestep : 464226, score : -2470.8941324801126, Time : 21.666 s
Timestep : 472985, score : -2649.145649435319, Time : 21.985 s
Timestep : 481744, score : -2633.0199046339985, Time : 21.69 s
Timestep : 490503, score : -2630.7044580919173, Time : 21.688 s
Timestep : 499262, score : -2523.1478623748553, Time : 21.722 s
Timestep : 508021, score : -2890.4639571794833, Time : 21.72 s
Timestep : 516780, score : -2863.553094721079, Time : 21.719 s
Timestep : 525539, score : -3064.183597493524, Time : 21.795 s
Timestep : 534298, score : -2811.928994662674, Time : 21.77 s
Timestep : 543057, score : -3149.8189902540325, Time : 21.724 s
Timestep : 551816, score : -3112.1474003450276, Time : 21.758 s
Timestep : 560575, score : -2917.9961806585343, Time : 21.764 s
Timestep : 569334, score : -2606.7432228585385, Time : 21.694 s
Timestep : 578093, score : -2434.732833121583, Time : 21.679 s
Timestep : 586852, score : -2661.5776065525424, Time : 21.778 s
Timestep : 595611, score : -2665.8923957200313, Time : 21.751 s
Timestep : 604370, score : -2917.8289343642828, Time : 21.804 s
Timestep : 613129, score : -2729.522270357964, Time : 21.828 s
Timestep : 621888, score : -3112.4127556505555, Time : 21.791 s
Timestep : 630647, score : -2387.489452765585, Time : 21.734 s
Timestep : 639406, score : -2707.4938477644755, Time : 21.746 s
Timestep : 648165, score : -2227.3363124409516, Time : 21.853 s
Timestep : 656924, score : -2195.78869956125, Time : 21.693 s
Timestep : 665683, score : -2311.406138175429, Time : 21.658 s
Timestep : 674442, score : -2660.477448148682, Time : 21.657 s
Timestep : 683201, score : -2457.8693990804313, Time : 21.777 s
Timestep : 691960, score : -2392.1263491810823, Time : 21.73 s
Timestep : 700719, score : -2455.7362929540614, Time : 21.713 s
Timestep : 709478, score : -2567.6780584958906, Time : 21.706 s
Timestep : 718237, score : -2669.8562224230946, Time : 21.784 s
Timestep : 726996, score : -2596.824874175043, Time : 21.748 s
Timestep : 735755, score : -2624.684093443473, Time : 21.72 s
Timestep : 744514, score : -2731.1468301943096, Time : 21.812 s
Timestep : 753273, score : -2749.538329051633, Time : 21.841 s
Timestep : 762032, score : -2534.9158474730357, Time : 21.981 s
Timestep : 770791, score : -2687.997945646668, Time : 21.645 s
Timestep : 779550, score : -2392.131883490976, Time : 21.753 s
Timestep : 788309, score : -2513.2526924286794, Time : 21.764 s
Timestep : 797068, score : -2257.388689190877, Time : 21.712 s
Timestep : 805827, score : -1965.0229455929075, Time : 21.69 s
Timestep : 814586, score : -1690.0307004649949, Time : 21.609 s
Timestep : 823345, score : -2181.4246642565413, Time : 21.705 s
Timestep : 832104, score : -2259.5092461735767, Time : 21.718 s
Timestep : 840863, score : -2205.40744976353, Time : 21.717 s
Timestep : 849622, score : -2409.5335503738897, Time : 21.814 s
Timestep : 858381, score : -2479.807060833613, Time : 21.739 s
Timestep : 867140, score : -2588.7726477431424, Time : 21.803 s
Timestep : 875899, score : -2536.356182663847, Time : 21.758 s
Starting local evaluation
Num Steps: 1000, Num episodes: 0
Num Steps: 2000, Num episodes: 0
Num Steps: 3000, Num episodes: 0
Num Steps: 4000, Num episodes: 0
Num Steps: 5000, Num episodes: 0
Num Steps: 6000, Num episodes: 0
Num Steps: 7000, Num episodes: 0
Num Steps: 8000, Num episodes: 0
Episode complete: 1 | Latest episode metrics: {'price_cost': 0.8910318507264442, 'emmision_cost': 0.996510609549366}
[-0.15816309] -0.158163088369692
Average Price Cost: 0.8910318507264442
Average Emmision Cost: 0.996510609549366
Average of both costs: 0.9437712301379051
Total time taken by agent: 3.7116663651540875s
DONE!
