{'agent': 'DQN', 'action_selection': 'softmax', 'seed': 1, 'episodes': 100, 'data_path': 'data/citylearn_challenge_2022_phase_1', 'dry_run': False, 'n_discrete': 9, 'update_target': 4, 'lr': 1e-05, 'batch_size': 2, 'adam_epsilon': 1e-09, 'epsilon_final': 0.02, 'run_id': 98}
{'Notes': 'This is a tuning run, executed on a single building.',
 'action_selection': 'softmax',
 'adam_epsilon': 1e-09,
 'env': '<NormalizeObservation<OneHotHour<DiscreteSingle<CityLearnEnv '
        'instance>>>>',
 'final_exploration_rate': 0.02,
 'final_exploration_step': 1000,
 'gamma': 0.99,
 'initial_exploration_rate': 1,
 'learning_rate': 1e-05,
 'loss': 'mse',
 'minibatch_size': 2,
 'network': 'MLP(\n'
            '  (layers): Sequential(\n'
            '    (0): Linear(in_features=29, out_features=128, bias=True)\n'
            '    (1): ReLU()\n'
            '    (2): Linear(in_features=128, out_features=128, bias=True)\n'
            '    (3): ReLU()\n'
            '    (4): Linear(in_features=128, out_features=9, bias=True)\n'
            '  )\n'
            ')',
 'replay_buffer_size': 10000,
 'replay_start_size': 2,
 'seed': 1,
 'train_steps': 876000,
 'update_frequency': 1,
 'update_target_frequency': 4,
 'weight_scale': 1.4142135623730951}
Timestep : 8758, score : -11468.135180230442, Time : 22.602 s
Timestep : 17517, score : -5564.325412048522, Time : 22.645 s
Timestep : 26276, score : -4784.794889453246, Time : 23.326 s
Timestep : 35035, score : -4748.548680047883, Time : 22.615 s
Timestep : 43794, score : -4581.338600397488, Time : 22.62 s
Timestep : 52553, score : -4481.65233695638, Time : 22.746 s
Timestep : 61312, score : -4557.772573576687, Time : 22.759 s
Timestep : 70071, score : -4332.92754600328, Time : 22.769 s
Timestep : 78830, score : -4370.395656974433, Time : 22.745 s
Timestep : 87589, score : -4277.1647407509445, Time : 22.289 s
Timestep : 96348, score : -4266.082983178465, Time : 22.347 s
Timestep : 105107, score : -4280.35773800817, Time : 22.677 s
Timestep : 113866, score : -4303.706244828558, Time : 22.483 s
Timestep : 122625, score : -4450.563100149302, Time : 22.055 s
Timestep : 131384, score : -4568.6241970429255, Time : 22.318 s
Timestep : 140143, score : -4386.017665618478, Time : 22.683 s
Timestep : 148902, score : -4312.540201806842, Time : 22.686 s
Timestep : 157661, score : -4342.184527819423, Time : 22.68 s
Timestep : 166420, score : -4194.678647426335, Time : 22.666 s
Timestep : 175179, score : -4304.15895280955, Time : 22.672 s
Timestep : 183938, score : -4322.295546600042, Time : 22.67 s
Timestep : 192697, score : -4285.666063092096, Time : 22.656 s
Timestep : 201456, score : -4274.8339568091615, Time : 22.65 s
Timestep : 210215, score : -4348.21540869624, Time : 22.64 s
Timestep : 218974, score : -4232.292910767166, Time : 22.639 s
Timestep : 227733, score : -4177.928929564921, Time : 22.631 s
Timestep : 236492, score : -4242.256480955897, Time : 22.613 s
Timestep : 245251, score : -4210.4290184577985, Time : 22.644 s
Timestep : 254010, score : -4139.200591803601, Time : 22.685 s
Timestep : 262769, score : -4123.164850590198, Time : 22.643 s
Timestep : 271528, score : -4159.666257624893, Time : 22.638 s
Timestep : 280287, score : -4098.769500876224, Time : 22.648 s
Timestep : 289046, score : -4086.951221515803, Time : 22.65 s
Timestep : 297805, score : -4175.714632706629, Time : 22.655 s
Timestep : 306564, score : -4197.473278900055, Time : 22.685 s
Timestep : 315323, score : -4156.111036022572, Time : 22.682 s
Timestep : 324082, score : -4120.537536510645, Time : 22.697 s
Timestep : 332841, score : -4098.164691711223, Time : 22.664 s
Timestep : 341600, score : -4112.8240623449965, Time : 22.654 s
Timestep : 350359, score : -4088.366715495853, Time : 22.656 s
Timestep : 359118, score : -4057.5157670578046, Time : 22.669 s
Timestep : 367877, score : -4113.951244024007, Time : 22.648 s
Timestep : 376636, score : -4072.6316590657516, Time : 22.666 s
Timestep : 385395, score : -4089.126322140364, Time : 22.718 s
Timestep : 394154, score : -4142.438512091903, Time : 22.676 s
Timestep : 402913, score : -4078.1890321908577, Time : 22.7 s
Timestep : 411672, score : -4123.921617110638, Time : 22.675 s
Timestep : 420431, score : -4092.9728693863435, Time : 22.683 s
Timestep : 429190, score : -4123.001200740604, Time : 22.402 s
Timestep : 437949, score : -4164.795052848087, Time : 22.66 s
Timestep : 446708, score : -4114.545419232061, Time : 22.674 s
Timestep : 455467, score : -4116.340739838852, Time : 22.71 s
Timestep : 464226, score : -4166.064257447986, Time : 22.703 s
Timestep : 472985, score : -4166.726629381446, Time : 22.647 s
Timestep : 481744, score : -4094.725512870078, Time : 22.636 s
Timestep : 490503, score : -4096.787000616459, Time : 22.659 s
Timestep : 499262, score : -4117.562987563579, Time : 22.664 s
Timestep : 508021, score : -4071.7067833593173, Time : 22.695 s
Timestep : 516780, score : -4053.395209898619, Time : 22.671 s
Timestep : 525539, score : -4055.557543461284, Time : 22.106 s
Timestep : 534298, score : -4038.2155699333234, Time : 22.335 s
Timestep : 543057, score : -4056.3625256618543, Time : 22.653 s
Timestep : 551816, score : -4073.8664330145402, Time : 22.658 s
Timestep : 560575, score : -4061.8837180336996, Time : 22.64 s
Timestep : 569334, score : -4068.0141855379625, Time : 22.67 s
Timestep : 578093, score : -4098.460163156415, Time : 22.629 s
Timestep : 586852, score : -4089.9040820201917, Time : 22.664 s
Timestep : 595611, score : -4104.729033698706, Time : 22.652 s
Timestep : 604370, score : -4102.2970050325675, Time : 22.664 s
Timestep : 613129, score : -4077.087694627611, Time : 22.653 s
Timestep : 621888, score : -4067.8307600518747, Time : 22.643 s
Timestep : 630647, score : -4093.1616809567495, Time : 22.641 s
Timestep : 639406, score : -4102.122121376058, Time : 22.639 s
Timestep : 648165, score : -4057.536055696575, Time : 22.614 s
Timestep : 656924, score : -4080.3567274337693, Time : 22.634 s
Timestep : 665683, score : -4049.1272174915357, Time : 22.63 s
Timestep : 674442, score : -4089.293158856599, Time : 22.689 s
Timestep : 683201, score : -4068.992624740029, Time : 22.656 s
Timestep : 691960, score : -4044.014469285874, Time : 22.664 s
Timestep : 700719, score : -4066.9764109397365, Time : 22.65 s
Timestep : 709478, score : -4087.7392119070573, Time : 22.206 s
Timestep : 718237, score : -4102.620019127688, Time : 22.394 s
Timestep : 726996, score : -4112.421223940866, Time : 22.635 s
Timestep : 735755, score : -4067.4101060676185, Time : 22.639 s
Timestep : 744514, score : -4086.097390798299, Time : 22.635 s
Timestep : 753273, score : -4073.0759048661275, Time : 22.647 s
Timestep : 762032, score : -4045.394893593533, Time : 22.596 s
Timestep : 770791, score : -4070.839572308032, Time : 22.58 s
Timestep : 779550, score : -4088.8732558390184, Time : 22.363 s
Timestep : 788309, score : -4113.60009261228, Time : 22.141 s
Timestep : 797068, score : -4109.770095177417, Time : 22.619 s
Timestep : 805827, score : -4121.374046934216, Time : 22.624 s
Timestep : 814586, score : -4125.264639643399, Time : 22.621 s
Timestep : 823345, score : -4111.322900365485, Time : 22.641 s
Timestep : 832104, score : -4107.203200412361, Time : 22.634 s
Timestep : 840863, score : -4146.558568364853, Time : 22.617 s
Timestep : 849622, score : -4092.7500435238762, Time : 22.503 s
Timestep : 858381, score : -4120.597625985814, Time : 22.626 s
Timestep : 867140, score : -4095.8268938897236, Time : 22.617 s
Timestep : 875899, score : -4116.719903995661, Time : 21.955 s
Starting local evaluation
Num Steps: 1000, Num episodes: 0
Num Steps: 2000, Num episodes: 0
Num Steps: 3000, Num episodes: 0
Num Steps: 4000, Num episodes: 0
Num Steps: 5000, Num episodes: 0
Num Steps: 6000, Num episodes: 0
Num Steps: 7000, Num episodes: 0
Num Steps: 8000, Num episodes: 0
Episode complete: 1 | Latest episode metrics: {'price_cost': 1.003515979160547, 'emmision_cost': 1.0067392431816873}
[-0.23628735] -0.2362873549203762
Average Price Cost: 1.003515979160547
Average Emmision Cost: 1.0067392431816873
Average of both costs: 1.0051276111711172
Total time taken by agent: 3.6495888642966747s
DONE!
