{'agent': 'DQN', 'action_selection': 'egreedy', 'seed': 1, 'episodes': 100, 'data_path': 'data/citylearn_challenge_2022_phase_1', 'dry_run': False, 'n_discrete': 9, 'update_target': 16, 'lr': 0.0007, 'batch_size': 2, 'adam_epsilon': 1e-05, 'epsilon_final': 0.04, 'run_id': 399}
{'Notes': 'This is a tuning run, executed on a single building.',
 'action_selection': 'egreedy',
 'adam_epsilon': 1e-05,
 'env': '<NormalizeObservation<OneHotHour<DiscreteSingle<CityLearnEnv '
        'instance>>>>',
 'final_exploration_rate': 0.02,
 'final_exploration_step': 1000,
 'gamma': 0.99,
 'initial_exploration_rate': 1,
 'learning_rate': 0.0007,
 'loss': 'mse',
 'minibatch_size': 2,
 'network': 'MLP(\n'
            '  (layers): Sequential(\n'
            '    (0): Linear(in_features=29, out_features=128, bias=True)\n'
            '    (1): ReLU()\n'
            '    (2): Linear(in_features=128, out_features=128, bias=True)\n'
            '    (3): ReLU()\n'
            '    (4): Linear(in_features=128, out_features=9, bias=True)\n'
            '  )\n'
            ')',
 'replay_buffer_size': 10000,
 'replay_start_size': 2,
 'seed': 1,
 'train_steps': 876000,
 'update_frequency': 1,
 'update_target_frequency': 16,
 'weight_scale': 1.4142135623730951}
Timestep : 8758, score : -8522.008672411452, Time : 20.774 s
Timestep : 17517, score : -6901.731957207463, Time : 20.949 s
Timestep : 26276, score : -5316.185870222638, Time : 21.499 s
Timestep : 35035, score : -5331.521778527254, Time : 21.01 s
Timestep : 43794, score : -5367.394009115553, Time : 21.164 s
Timestep : 52553, score : -4942.5185705342155, Time : 21.399 s
Timestep : 61312, score : -5126.380917614864, Time : 21.387 s
Timestep : 70071, score : -5048.747734444711, Time : 21.393 s
Timestep : 78830, score : -5262.215740196596, Time : 21.405 s
Timestep : 87589, score : -5137.196106767195, Time : 21.143 s
Timestep : 96348, score : -4737.389671060984, Time : 20.72 s
Timestep : 105107, score : -4440.339302629029, Time : 20.888 s
Timestep : 113866, score : -5122.8142567257455, Time : 20.982 s
Timestep : 122625, score : -4628.798737223056, Time : 20.757 s
Timestep : 131384, score : -4718.364581274203, Time : 20.939 s
Timestep : 140143, score : -4612.872650373058, Time : 21.36 s
Timestep : 148902, score : -4814.286563795598, Time : 20.802 s
Timestep : 157661, score : -4869.9444491125905, Time : 20.728 s
Timestep : 166420, score : -5347.543163424154, Time : 20.799 s
Timestep : 175179, score : -5409.145163173278, Time : 21.426 s
Timestep : 183938, score : -4543.0896668942005, Time : 20.962 s
Timestep : 192697, score : -4432.397676580033, Time : 20.808 s
Timestep : 201456, score : -4623.5373420491815, Time : 20.799 s
Timestep : 210215, score : -5070.872213985494, Time : 21.168 s
Timestep : 218974, score : -4815.853685943555, Time : 21.393 s
Timestep : 227733, score : -4543.07277338703, Time : 21.415 s
Timestep : 236492, score : -5146.463932540646, Time : 21.378 s
Timestep : 245251, score : -4993.435947789723, Time : 21.399 s
Timestep : 254010, score : -4934.90555863714, Time : 21.254 s
Timestep : 262769, score : -5574.708690134881, Time : 20.947 s
Timestep : 271528, score : -4544.783045184246, Time : 21.377 s
Timestep : 280287, score : -4802.832210817403, Time : 20.881 s
Timestep : 289046, score : -4640.4098598352575, Time : 20.771 s
Timestep : 297805, score : -4821.013960848359, Time : 21.194 s
Timestep : 306564, score : -5432.0810390170955, Time : 21.405 s
Timestep : 315323, score : -5285.667559228328, Time : 21.259 s
Timestep : 324082, score : -4637.8054500310245, Time : 20.704 s
Timestep : 332841, score : -4788.1938263546035, Time : 21.428 s
Timestep : 341600, score : -5319.805630008996, Time : 21.46 s
Timestep : 350359, score : -4497.242299127771, Time : 21.221 s
Timestep : 359118, score : -4678.4760329812125, Time : 20.807 s
Timestep : 367877, score : -5418.998391495232, Time : 20.781 s
Timestep : 376636, score : -4033.718125706102, Time : 21.212 s
Timestep : 385395, score : -4313.552185771317, Time : 20.881 s
Timestep : 394154, score : -4583.021775979738, Time : 21.224 s
Timestep : 402913, score : -4350.044958022685, Time : 21.2 s
Timestep : 411672, score : -3994.2608196368237, Time : 21.107 s
Timestep : 420431, score : -4456.285538988101, Time : 20.894 s
Timestep : 429190, score : -4066.957769072178, Time : 21.283 s
Timestep : 437949, score : -4194.818322119681, Time : 21.258 s
Timestep : 446708, score : -3578.4469952157524, Time : 21.264 s
Timestep : 455467, score : -3174.4162861213845, Time : 21.284 s
Timestep : 464226, score : -3398.982181481697, Time : 21.226 s
Timestep : 472985, score : -4285.718946918525, Time : 21.15 s
Timestep : 481744, score : -4418.108197197231, Time : 20.86 s
Timestep : 490503, score : -4296.975093460904, Time : 20.664 s
Timestep : 499262, score : -4061.8337636242213, Time : 20.832 s
Timestep : 508021, score : -4302.31295865323, Time : 21.277 s
Timestep : 516780, score : -3736.535485311266, Time : 21.212 s
Timestep : 525539, score : -3996.96934871914, Time : 21.384 s
Timestep : 534298, score : -3785.2374103125912, Time : 21.395 s
Timestep : 543057, score : -3220.4242854927725, Time : 21.4 s
Timestep : 551816, score : -4370.362338883919, Time : 21.253 s
Timestep : 560575, score : -3954.2743648221076, Time : 20.833 s
Timestep : 569334, score : -3031.723407473328, Time : 21.282 s
Timestep : 578093, score : -3752.0887325781223, Time : 21.272 s
Timestep : 586852, score : -4088.7355068780307, Time : 21.256 s
Timestep : 595611, score : -3875.417558909772, Time : 21.025 s
Timestep : 604370, score : -4184.822882674547, Time : 21.22 s
Timestep : 613129, score : -4315.683534205571, Time : 20.834 s
Timestep : 621888, score : -4010.429275546485, Time : 20.741 s
Timestep : 630647, score : -3861.3735698911187, Time : 20.803 s
Timestep : 639406, score : -3074.0290057290404, Time : 21.165 s
Timestep : 648165, score : -3584.5001369052625, Time : 21.173 s
Timestep : 656924, score : -3783.6180208680744, Time : 21.412 s
Timestep : 665683, score : -3737.603427377093, Time : 21.464 s
Timestep : 674442, score : -3783.1434615950857, Time : 21.34 s
Timestep : 683201, score : -4053.6900784651807, Time : 21.205 s
Timestep : 691960, score : -3699.7055828813754, Time : 20.715 s
Timestep : 700719, score : -4272.92544372569, Time : 20.788 s
Timestep : 709478, score : -4398.096738527209, Time : 20.992 s
Timestep : 718237, score : -4090.7402365644957, Time : 21.092 s
Timestep : 726996, score : -3817.044577730616, Time : 21.389 s
Timestep : 735755, score : -4081.8415210316452, Time : 21.393 s
Timestep : 744514, score : -3293.398935224235, Time : 21.387 s
Timestep : 753273, score : -3536.7245652609563, Time : 21.133 s
Timestep : 762032, score : -3637.6126169477648, Time : 20.834 s
Timestep : 770791, score : -3050.95845984263, Time : 21.28 s
Timestep : 779550, score : -3532.9253087467223, Time : 20.919 s
Timestep : 788309, score : -4017.5954204363807, Time : 20.914 s
Timestep : 797068, score : -3587.616334207909, Time : 20.715 s
Timestep : 805827, score : -4251.528570438226, Time : 21.02 s
Timestep : 814586, score : -3650.8467933998036, Time : 21.388 s
Timestep : 823345, score : -3513.2497777010576, Time : 21.447 s
Timestep : 832104, score : -3312.6978853618784, Time : 21.186 s
Timestep : 840863, score : -3694.2871796015825, Time : 20.968 s
Timestep : 849622, score : -3464.4389149486015, Time : 21.238 s
Timestep : 858381, score : -4088.026254978802, Time : 21.137 s
Timestep : 867140, score : -4004.7844745018083, Time : 21.209 s
Timestep : 875899, score : -4268.528442490104, Time : 21.199 s
Starting local evaluation
Num Steps: 1000, Num episodes: 0
Num Steps: 2000, Num episodes: 0
Num Steps: 3000, Num episodes: 0
Num Steps: 4000, Num episodes: 0
Num Steps: 5000, Num episodes: 0
Num Steps: 6000, Num episodes: 0
Num Steps: 7000, Num episodes: 0
Num Steps: 8000, Num episodes: 0
Episode complete: 1 | Latest episode metrics: {'price_cost': 0.9032345952617851, 'emmision_cost': 0.9865543401503865}
[-0.16011524] -0.16011523913713305
Average Price Cost: 0.9032345952617851
Average Emmision Cost: 0.9865543401503865
Average of both costs: 0.9448944677060858
Total time taken by agent: 2.528475193772465s
DONE!
