{'agent': 'DQN', 'action_selection': 'softmax', 'seed': 1, 'episodes': 100, 'data_path': 'data/citylearn_challenge_2022_phase_1', 'dry_run': False, 'n_discrete': 9, 'update_target': 8, 'lr': 0.1, 'batch_size': 1, 'adam_epsilon': 1e-07, 'epsilon_final': 0.02, 'run_id': 186}
{'Notes': 'This is a tuning run, executed on a single building.',
 'action_selection': 'softmax',
 'adam_epsilon': 1e-07,
 'env': '<NormalizeObservation<OneHotHour<DiscreteSingle<CityLearnEnv '
        'instance>>>>',
 'final_exploration_rate': 0.02,
 'final_exploration_step': 1000,
 'gamma': 0.99,
 'initial_exploration_rate': 1,
 'learning_rate': 0.1,
 'loss': 'mse',
 'minibatch_size': 1,
 'network': 'MLP(\n'
            '  (layers): Sequential(\n'
            '    (0): Linear(in_features=29, out_features=128, bias=True)\n'
            '    (1): ReLU()\n'
            '    (2): Linear(in_features=128, out_features=128, bias=True)\n'
            '    (3): ReLU()\n'
            '    (4): Linear(in_features=128, out_features=9, bias=True)\n'
            '  )\n'
            ')',
 'replay_buffer_size': 10000,
 'replay_start_size': 1,
 'seed': 1,
 'train_steps': 876000,
 'update_frequency': 1,
 'update_target_frequency': 8,
 'weight_scale': 1.4142135623730951}
Timestep : 8758, score : -4781.780509335949, Time : 22.857 s
Timestep : 17517, score : -4745.629257474357, Time : 22.95 s
Timestep : 26276, score : -5011.098549556831, Time : 22.963 s
Timestep : 35035, score : -5325.892605969129, Time : 22.977 s
Timestep : 43794, score : -5118.424689952197, Time : 22.603 s
Timestep : 52553, score : -5095.290921627151, Time : 23.008 s
Timestep : 61312, score : -5111.247832127643, Time : 23.021 s
Timestep : 70071, score : -5196.946817419448, Time : 23.003 s
Timestep : 78830, score : -5648.647595188901, Time : 23.267 s
Timestep : 87589, score : -5215.181546777472, Time : 23.451 s
Timestep : 96348, score : -5129.377418731601, Time : 23.022 s
Timestep : 105107, score : -5444.15205680675, Time : 23.064 s
Timestep : 113866, score : -5293.049864622211, Time : 23.04 s
Timestep : 122625, score : -5769.196156553255, Time : 23.094 s
Timestep : 131384, score : -5289.84196266644, Time : 23.005 s
Timestep : 140143, score : -4954.8353284801415, Time : 23.103 s
Timestep : 148902, score : -5132.3619606659995, Time : 23.067 s
Timestep : 157661, score : -5125.552962975955, Time : 23.053 s
Timestep : 166420, score : -5042.086057711771, Time : 23.085 s
Timestep : 175179, score : -5116.350452465966, Time : 23.079 s
Timestep : 183938, score : -5160.46306624655, Time : 23.485 s
Timestep : 192697, score : -5248.623494394502, Time : 23.165 s
Timestep : 201456, score : -5343.021426050356, Time : 23.131 s
Timestep : 210215, score : -6039.037364245305, Time : 23.077 s
Timestep : 218974, score : -5452.6777353183425, Time : 23.183 s
Timestep : 227733, score : -5924.183607002051, Time : 23.11 s
Timestep : 236492, score : -5633.030343138991, Time : 23.077 s
Timestep : 245251, score : -6084.726214537775, Time : 23.064 s
Timestep : 254010, score : -5931.439679485338, Time : 23.161 s
Timestep : 262769, score : -5811.207528195839, Time : 23.086 s
Timestep : 271528, score : -5834.501327861479, Time : 23.114 s
Timestep : 280287, score : -5656.4179381409485, Time : 23.1 s
Timestep : 289046, score : -5426.876350460952, Time : 23.634 s
Timestep : 297805, score : -5825.72826036092, Time : 23.283 s
Timestep : 306564, score : -5906.315916565276, Time : 23.094 s
Timestep : 315323, score : -5724.781995748941, Time : 23.081 s
Timestep : 324082, score : -5404.411773924512, Time : 23.142 s
Timestep : 332841, score : -6058.910707617091, Time : 23.084 s
Timestep : 341600, score : -5757.405770278914, Time : 23.159 s
Timestep : 350359, score : -5719.831034524745, Time : 23.072 s
Timestep : 359118, score : -5614.890002821252, Time : 23.085 s
Timestep : 367877, score : -6009.514600257069, Time : 22.747 s
Timestep : 376636, score : -5554.365549174894, Time : 22.633 s
Timestep : 385395, score : -6016.905783926748, Time : 22.789 s
Timestep : 394154, score : -5997.9244727319165, Time : 22.894 s
Timestep : 402913, score : -5809.116679578627, Time : 22.621 s
Timestep : 411672, score : -5880.259157576162, Time : 23.121 s
Timestep : 420431, score : -5827.30522303647, Time : 23.091 s
Timestep : 429190, score : -5865.257021363737, Time : 23.118 s
Timestep : 437949, score : -5701.072509332629, Time : 23.114 s
Timestep : 446708, score : -5590.036443496501, Time : 23.107 s
Timestep : 455467, score : -5274.406791752117, Time : 23.102 s
Timestep : 464226, score : -5368.98307448675, Time : 22.911 s
Timestep : 472985, score : -5516.4857538984215, Time : 22.457 s
Timestep : 481744, score : -5764.546140205843, Time : 22.494 s
Timestep : 490503, score : -5807.434814012522, Time : 22.65 s
Timestep : 499262, score : -5865.492820998261, Time : 22.89 s
Timestep : 508021, score : -6066.772185071284, Time : 22.59 s
Timestep : 516780, score : -5956.82549784219, Time : 22.443 s
Timestep : 525539, score : -5518.476896785927, Time : 22.478 s
Timestep : 534298, score : -5222.303769630991, Time : 22.463 s
Timestep : 543057, score : -5605.475584757427, Time : 22.498 s
Timestep : 551816, score : -6165.486320334443, Time : 22.473 s
Timestep : 560575, score : -5944.45277005565, Time : 22.485 s
Timestep : 569334, score : -5831.320018376602, Time : 22.446 s
Timestep : 578093, score : -5418.43402848205, Time : 22.895 s
Timestep : 586852, score : -5436.6034804007795, Time : 23.115 s
Timestep : 595611, score : -5649.741795724753, Time : 23.091 s
Timestep : 604370, score : -5464.6822176495625, Time : 23.212 s
Timestep : 613129, score : -5547.288265662064, Time : 23.32 s
Timestep : 621888, score : -5623.341254242303, Time : 23.154 s
Timestep : 630647, score : -5480.389250424021, Time : 23.168 s
Timestep : 639406, score : -5437.39586934392, Time : 23.129 s
Timestep : 648165, score : -5510.943630255089, Time : 23.167 s
Timestep : 656924, score : -5531.721923835954, Time : 23.137 s
Timestep : 665683, score : -5513.469677182293, Time : 23.13 s
Timestep : 674442, score : -5370.930199581926, Time : 23.138 s
Timestep : 683201, score : -5601.883104828099, Time : 23.117 s
Timestep : 691960, score : -5639.757515976904, Time : 23.155 s
Timestep : 700719, score : -5251.188459628174, Time : 23.324 s
Timestep : 709478, score : -5540.133996121032, Time : 23.61 s
Timestep : 718237, score : -5210.977743958851, Time : 22.719 s
Timestep : 726996, score : -5156.206439121073, Time : 22.691 s
Timestep : 735755, score : -5356.077432999737, Time : 23.121 s
Timestep : 744514, score : -4850.533160286286, Time : 23.127 s
Timestep : 753273, score : -5274.603499764133, Time : 23.127 s
Timestep : 762032, score : -5649.209119893523, Time : 23.089 s
Timestep : 770791, score : -5482.197719700314, Time : 23.128 s
Timestep : 779550, score : -5852.147512450756, Time : 23.085 s
Timestep : 788309, score : -5843.7569005325495, Time : 22.852 s
Timestep : 797068, score : -5603.827471716708, Time : 22.441 s
Timestep : 805827, score : -5720.160064024298, Time : 23.001 s
Timestep : 814586, score : -4935.769277193962, Time : 23.102 s
Timestep : 823345, score : -4411.295632270543, Time : 22.247 s
Timestep : 832104, score : -4043.3507241806074, Time : 22.301 s
Timestep : 840863, score : -4030.212545355229, Time : 22.114 s
Timestep : 849622, score : -4030.212545355229, Time : 21.604 s
Timestep : 858381, score : -4030.212545355229, Time : 21.32 s
Timestep : 867140, score : -4030.212545355229, Time : 21.721 s
Timestep : 875899, score : -4030.212545355229, Time : 22.004 s
Starting local evaluation
Num Steps: 1000, Num episodes: 0
Num Steps: 2000, Num episodes: 0
Num Steps: 3000, Num episodes: 0
Num Steps: 4000, Num episodes: 0
Num Steps: 5000, Num episodes: 0
Num Steps: 6000, Num episodes: 0
Num Steps: 7000, Num episodes: 0
Num Steps: 8000, Num episodes: 0
Episode complete: 1 | Latest episode metrics: {'price_cost': 1.0, 'emmision_cost': 1.0}
[-0.23006123] -0.23006122589809516
Average Price Cost: 1.0
Average Emmision Cost: 1.0
Average of both costs: 1.0
Total time taken by agent: 3.3881357928039506s
DONE!
