{'agent': 'DQN', 'action_selection': 'softmax', 'seed': 1, 'episodes': 100, 'data_path': 'data/citylearn_challenge_2022_phase_1', 'dry_run': False, 'n_discrete': 9, 'update_target': 16, 'lr': 0.003, 'batch_size': 256, 'adam_epsilon': 1e-09, 'epsilon_final': 0.02, 'run_id': 161}
{'Notes': 'This is a tuning run, executed on a single building.',
 'action_selection': 'softmax',
 'adam_epsilon': 1e-09,
 'env': '<NormalizeObservation<OneHotHour<DiscreteSingle<CityLearnEnv '
        'instance>>>>',
 'final_exploration_rate': 0.02,
 'final_exploration_step': 1000,
 'gamma': 0.99,
 'initial_exploration_rate': 1,
 'learning_rate': 0.003,
 'loss': 'mse',
 'minibatch_size': 256,
 'network': 'MLP(\n'
            '  (layers): Sequential(\n'
            '    (0): Linear(in_features=29, out_features=128, bias=True)\n'
            '    (1): ReLU()\n'
            '    (2): Linear(in_features=128, out_features=128, bias=True)\n'
            '    (3): ReLU()\n'
            '    (4): Linear(in_features=128, out_features=9, bias=True)\n'
            '  )\n'
            ')',
 'replay_buffer_size': 10000,
 'replay_start_size': 256,
 'seed': 1,
 'train_steps': 876000,
 'update_frequency': 1,
 'update_target_frequency': 16,
 'weight_scale': 1.4142135623730951}
Timestep : 8758, score : -7382.48350585709, Time : 35.701 s
Timestep : 17517, score : -5919.731980935394, Time : 37.941 s
Timestep : 26276, score : -5926.373234087223, Time : 37.803 s
Timestep : 35035, score : -5719.024863948609, Time : 37.628 s
Timestep : 43794, score : -4798.837865834852, Time : 35.942 s
Timestep : 52553, score : -4845.697998559946, Time : 35.415 s
Timestep : 61312, score : -5770.610634982309, Time : 35.544 s
Timestep : 70071, score : -5897.32773681097, Time : 35.62 s
Timestep : 78830, score : -6416.215124433118, Time : 35.596 s
Timestep : 87589, score : -6803.100139716524, Time : 35.495 s
Timestep : 96348, score : -5232.984713474201, Time : 37.87 s
Timestep : 105107, score : -5230.866708975664, Time : 36.201 s
Timestep : 113866, score : -8148.430044944587, Time : 35.371 s
Timestep : 122625, score : -7315.768679501023, Time : 35.573 s
Timestep : 131384, score : -5702.298599641377, Time : 36.113 s
Timestep : 140143, score : -4953.320115304086, Time : 36.866 s
Timestep : 148902, score : -4303.60508727585, Time : 35.476 s
Timestep : 157661, score : -3630.83483872356, Time : 35.384 s
Timestep : 166420, score : -3804.59776034097, Time : 35.413 s
Timestep : 175179, score : -4022.8843792553816, Time : 35.557 s
Timestep : 183938, score : -3727.1106829926866, Time : 34.471 s
Timestep : 192697, score : -3936.540301121844, Time : 30.973 s
Timestep : 201456, score : -4169.834576192108, Time : 30.991 s
Timestep : 210215, score : -3732.8297310043417, Time : 30.886 s
Timestep : 218974, score : -4598.701535151718, Time : 31.594 s
Timestep : 227733, score : -4441.483887722163, Time : 31.988 s
Timestep : 236492, score : -4178.751225538508, Time : 32.024 s
Timestep : 245251, score : -3552.042910818156, Time : 31.888 s
Timestep : 254010, score : -3767.4919036943757, Time : 31.964 s
Timestep : 262769, score : -3714.747748445865, Time : 31.894 s
Timestep : 271528, score : -3624.4167314276856, Time : 31.876 s
Timestep : 280287, score : -3747.5423236679344, Time : 31.896 s
Timestep : 289046, score : -3972.303120654804, Time : 31.971 s
Timestep : 297805, score : -3866.1342088073434, Time : 32.781 s
Timestep : 306564, score : -4064.685861830978, Time : 35.911 s
Timestep : 315323, score : -4056.603098368767, Time : 35.56 s
Timestep : 324082, score : -4039.3681522269653, Time : 35.64 s
Timestep : 332841, score : -4037.8783482994477, Time : 35.572 s
Timestep : 341600, score : -4132.318013912205, Time : 35.347 s
Timestep : 350359, score : -4055.0375916554185, Time : 35.15 s
Timestep : 359118, score : -4259.5765519179695, Time : 35.148 s
Timestep : 367877, score : -3523.7329795868864, Time : 35.04 s
Timestep : 376636, score : -3743.3391990616947, Time : 35.005 s
Timestep : 385395, score : -3545.9149478467443, Time : 35.064 s
Timestep : 394154, score : -3815.1648466004117, Time : 35.039 s
Timestep : 402913, score : -3729.1289830231835, Time : 34.984 s
Timestep : 411672, score : -3909.7829845745873, Time : 35.024 s
Timestep : 420431, score : -3644.436689790862, Time : 35.022 s
Timestep : 429190, score : -3810.646235191758, Time : 35.599 s
Timestep : 437949, score : -3665.903452110215, Time : 35.549 s
Timestep : 446708, score : -3647.5754993106966, Time : 36.268 s
Timestep : 455467, score : -3581.7887312580424, Time : 35.877 s
Timestep : 464226, score : -3546.893727578412, Time : 35.538 s
Timestep : 472985, score : -3812.936801211239, Time : 35.794 s
Timestep : 481744, score : -4019.385885391297, Time : 35.636 s
Timestep : 490503, score : -3702.9244021335035, Time : 35.62 s
Timestep : 499262, score : -3698.4808989733283, Time : 35.641 s
Timestep : 508021, score : -3958.004688666275, Time : 35.651 s
Timestep : 516780, score : -4177.644535826315, Time : 35.636 s
Timestep : 525539, score : -4299.102717963513, Time : 35.64 s
Timestep : 534298, score : -4101.473821179621, Time : 35.672 s
Timestep : 543057, score : -4397.700839600366, Time : 35.734 s
Timestep : 551816, score : -4357.631822081472, Time : 35.583 s
Timestep : 560575, score : -4202.923357192049, Time : 35.741 s
Timestep : 569334, score : -4064.1640775626292, Time : 35.645 s
Timestep : 578093, score : -4002.165576584899, Time : 35.567 s
Timestep : 586852, score : -4234.345195995236, Time : 35.619 s
Timestep : 595611, score : -4038.0010740138387, Time : 35.552 s
Timestep : 604370, score : -4032.6224709575326, Time : 35.596 s
Timestep : 613129, score : -3721.1854902386112, Time : 38.005 s
Timestep : 621888, score : -4090.6389559623785, Time : 38.168 s
Timestep : 630647, score : -4245.13826579813, Time : 31.947 s
Timestep : 639406, score : -4209.954740051442, Time : 31.052 s
Timestep : 648165, score : -3989.0016890615516, Time : 31.478 s
Timestep : 656924, score : -3687.595949427705, Time : 30.968 s
Timestep : 665683, score : -3880.0847821451316, Time : 31.845 s
Timestep : 674442, score : -4068.8979544660833, Time : 32.003 s
Timestep : 683201, score : -4046.5382410275342, Time : 31.989 s
Timestep : 691960, score : -4147.5158058158995, Time : 31.983 s
Timestep : 700719, score : -4072.517435235335, Time : 32.089 s
Timestep : 709478, score : -3976.542048095318, Time : 32.063 s
Timestep : 718237, score : -4083.4311878375374, Time : 32.007 s
Timestep : 726996, score : -3727.186582819646, Time : 36.002 s
Timestep : 735755, score : -4011.545457687025, Time : 30.965 s
Timestep : 744514, score : -4131.118717273261, Time : 33.342 s
Timestep : 753273, score : -4089.992320168094, Time : 34.45 s
Timestep : 762032, score : -4161.279645587696, Time : 31.432 s
Timestep : 770791, score : -4124.394889452873, Time : 32.804 s
Timestep : 779550, score : -4210.718178682291, Time : 37.143 s
Timestep : 788309, score : -4042.015294565499, Time : 35.56 s
Timestep : 797068, score : -4087.1133367716393, Time : 35.591 s
Timestep : 805827, score : -4029.7296217313997, Time : 36.199 s
Timestep : 814586, score : -4398.403752042403, Time : 31.154 s
Timestep : 823345, score : -4245.34601370772, Time : 31.095 s
Timestep : 832104, score : -4310.9030933156755, Time : 31.101 s
Timestep : 840863, score : -4308.999001097312, Time : 31.121 s
Timestep : 849622, score : -4191.998852387216, Time : 31.067 s
Timestep : 858381, score : -4287.55506051486, Time : 31.044 s
Timestep : 867140, score : -4440.975572890326, Time : 31.085 s
Timestep : 875899, score : -4258.1623316760815, Time : 31.079 s
Starting local evaluation
Num Steps: 1000, Num episodes: 0
Num Steps: 2000, Num episodes: 0
Num Steps: 3000, Num episodes: 0
Num Steps: 4000, Num episodes: 0
Num Steps: 5000, Num episodes: 0
Num Steps: 6000, Num episodes: 0
Num Steps: 7000, Num episodes: 0
Num Steps: 8000, Num episodes: 0
Episode complete: 1 | Latest episode metrics: {'price_cost': 0.9485030196776927, 'emmision_cost': 1.071995522127295}
[-0.23949479] -0.23949478995725626
Average Price Cost: 0.9485030196776927
Average Emmision Cost: 1.071995522127295
Average of both costs: 1.0102492709024937
Total time taken by agent: 4.394048888236284s
DONE!
