{'agent': 'DQN', 'action_selection': 'egreedy', 'seed': 1, 'episodes': 100, 'data_path': 'data/citylearn_challenge_2022_phase_1', 'dry_run': False, 'n_discrete': 9, 'update_target': 8, 'lr': 1e-05, 'batch_size': 128, 'adam_epsilon': 1e-10, 'epsilon_final': 0.01, 'run_id': 380}
{'Notes': 'This is a tuning run, executed on a single building.',
 'action_selection': 'egreedy',
 'adam_epsilon': 1e-10,
 'env': '<NormalizeObservation<OneHotHour<DiscreteSingle<CityLearnEnv '
        'instance>>>>',
 'final_exploration_rate': 0.02,
 'final_exploration_step': 1000,
 'gamma': 0.99,
 'initial_exploration_rate': 1,
 'learning_rate': 1e-05,
 'loss': 'mse',
 'minibatch_size': 128,
 'network': 'MLP(\n'
            '  (layers): Sequential(\n'
            '    (0): Linear(in_features=29, out_features=128, bias=True)\n'
            '    (1): ReLU()\n'
            '    (2): Linear(in_features=128, out_features=128, bias=True)\n'
            '    (3): ReLU()\n'
            '    (4): Linear(in_features=128, out_features=9, bias=True)\n'
            '  )\n'
            ')',
 'replay_buffer_size': 10000,
 'replay_start_size': 128,
 'seed': 1,
 'train_steps': 876000,
 'update_frequency': 1,
 'update_target_frequency': 8,
 'weight_scale': 1.4142135623730951}
Timestep : 8758, score : -5980.3859675430285, Time : 33.225 s
Timestep : 17517, score : -4551.120003088756, Time : 34.473 s
Timestep : 26276, score : -5163.020437006446, Time : 34.441 s
Timestep : 35035, score : -4905.864943836728, Time : 33.393 s
Timestep : 43794, score : -4444.008400158404, Time : 34.188 s
Timestep : 52553, score : -4771.223257536447, Time : 34.999 s
Timestep : 61312, score : -4758.3934961794, Time : 34.924 s
Timestep : 70071, score : -4693.524030002838, Time : 33.111 s
Timestep : 78830, score : -4676.414868491658, Time : 34.23 s
Timestep : 87589, score : -4745.907482654235, Time : 34.084 s
Timestep : 96348, score : -4495.569341286508, Time : 35.02 s
Timestep : 105107, score : -4531.078012212558, Time : 32.875 s
Timestep : 113866, score : -4521.594770012802, Time : 33.595 s
Timestep : 122625, score : -4530.085652767128, Time : 34.009 s
Timestep : 131384, score : -4449.688219859643, Time : 32.773 s
Timestep : 140143, score : -4552.818097250027, Time : 32.901 s
Timestep : 148902, score : -4296.638171354687, Time : 32.765 s
Timestep : 157661, score : -4309.456301429222, Time : 32.934 s
Timestep : 166420, score : -4400.443437690294, Time : 32.061 s
Timestep : 175179, score : -4310.856295397418, Time : 33.448 s
Timestep : 183938, score : -4409.153404985933, Time : 34.716 s
Timestep : 192697, score : -4474.240339548705, Time : 33.963 s
Timestep : 201456, score : -4508.639388917858, Time : 34.245 s
Timestep : 210215, score : -4380.410341677212, Time : 34.152 s
Timestep : 218974, score : -4431.554379719222, Time : 33.324 s
Timestep : 227733, score : -4026.413817772089, Time : 33.961 s
Timestep : 236492, score : -4254.547111467837, Time : 33.001 s
Timestep : 245251, score : -4358.7747101795685, Time : 33.496 s
Timestep : 254010, score : -4337.642183067655, Time : 32.518 s
Timestep : 262769, score : -4218.491663879482, Time : 33.457 s
Timestep : 271528, score : -4128.271231931372, Time : 33.975 s
Timestep : 280287, score : -3719.110093137322, Time : 33.833 s
Timestep : 289046, score : -3863.2293713048857, Time : 35.036 s
Timestep : 297805, score : -2964.3267593162163, Time : 34.998 s
Timestep : 306564, score : -3056.8690065762785, Time : 33.446 s
Timestep : 315323, score : -3156.8660135104146, Time : 33.733 s
Timestep : 324082, score : -2834.6461375637737, Time : 33.209 s
Timestep : 332841, score : -2967.1751345543016, Time : 33.398 s
Timestep : 341600, score : -2812.201569524157, Time : 34.382 s
Timestep : 350359, score : -2761.3769345498004, Time : 33.819 s
Timestep : 359118, score : -2705.2001919888717, Time : 33.278 s
Timestep : 367877, score : -2671.612907087925, Time : 34.522 s
Timestep : 376636, score : -2410.753226313769, Time : 33.614 s
Timestep : 385395, score : -2468.1938019723457, Time : 34.942 s
Timestep : 394154, score : -2315.8231062952254, Time : 34.731 s
Timestep : 402913, score : -2246.3545470165845, Time : 33.571 s
Timestep : 411672, score : -2443.360135510593, Time : 33.838 s
Timestep : 420431, score : -2399.5138892557297, Time : 34.044 s
Timestep : 429190, score : -2447.9332177741744, Time : 33.252 s
Timestep : 437949, score : -2369.8877052311145, Time : 33.193 s
Timestep : 446708, score : -2230.9400534143497, Time : 33.795 s
Timestep : 455467, score : -2340.77880195147, Time : 34.226 s
Timestep : 464226, score : -2340.262507898762, Time : 34.717 s
Timestep : 472985, score : -2259.0943057162513, Time : 32.486 s
Timestep : 481744, score : -2394.470638906496, Time : 34.567 s
Timestep : 490503, score : -2472.985821157723, Time : 34.473 s
Timestep : 499262, score : -2105.2864482715086, Time : 32.601 s
Timestep : 508021, score : -2270.893167257571, Time : 33.917 s
Timestep : 516780, score : -2284.9987709078996, Time : 34.811 s
Timestep : 525539, score : -2157.1897414664563, Time : 33.526 s
Timestep : 534298, score : -1846.3675687292416, Time : 33.669 s
Timestep : 543057, score : -1939.0753000134428, Time : 33.986 s
Timestep : 551816, score : -2120.981214485044, Time : 33.931 s
Timestep : 560575, score : -1827.743533659872, Time : 33.915 s
Timestep : 569334, score : -1881.4842191885982, Time : 34.217 s
Timestep : 578093, score : -1985.5446966501477, Time : 33.02 s
Timestep : 586852, score : -1649.4497312482272, Time : 34.473 s
Timestep : 595611, score : -1695.5547846758564, Time : 34.295 s
Timestep : 604370, score : -1611.497176834062, Time : 35.022 s
Timestep : 613129, score : -1891.0684478003823, Time : 34.354 s
Timestep : 621888, score : -1902.5136084613914, Time : 34.72 s
Timestep : 630647, score : -1692.87074495657, Time : 34.769 s
Timestep : 639406, score : -1604.7972330488556, Time : 32.865 s
Timestep : 648165, score : -1743.0353922446084, Time : 34.008 s
Timestep : 656924, score : -1494.651468266762, Time : 32.542 s
Timestep : 665683, score : -1702.074035849102, Time : 33.538 s
Timestep : 674442, score : -1504.9868721776002, Time : 33.691 s
Timestep : 683201, score : -1579.4002816411958, Time : 33.217 s
Timestep : 691960, score : -1511.4193376051553, Time : 32.861 s
Timestep : 700719, score : -1659.7865204818372, Time : 33.665 s
Timestep : 709478, score : -1560.0173868891143, Time : 34.947 s
Timestep : 718237, score : -1664.9472774055612, Time : 35.006 s
Timestep : 726996, score : -1839.1651318568329, Time : 34.867 s
Timestep : 735755, score : -1593.6904955120117, Time : 33.438 s
Timestep : 744514, score : -1525.3792552985542, Time : 33.004 s
Timestep : 753273, score : -1392.1592541744758, Time : 35.836 s
Timestep : 762032, score : -1635.0332335187413, Time : 35.712 s
Timestep : 770791, score : -1319.6567209293426, Time : 35.51 s
Timestep : 779550, score : -1558.3473900334502, Time : 35.155 s
Timestep : 788309, score : -1426.3195605187502, Time : 35.881 s
Timestep : 797068, score : -1734.707891598373, Time : 35.952 s
Timestep : 805827, score : -1646.087494851352, Time : 35.244 s
Timestep : 814586, score : -1394.0828885519004, Time : 36.094 s
Timestep : 823345, score : -1590.4633440466423, Time : 35.457 s
Timestep : 832104, score : -1586.7815573495172, Time : 35.532 s
Timestep : 840863, score : -1613.8333184853254, Time : 35.491 s
Timestep : 849622, score : -1623.2266264329955, Time : 35.48 s
Timestep : 858381, score : -1503.9262367395277, Time : 35.22 s
Timestep : 867140, score : -1672.7057428304397, Time : 34.957 s
Timestep : 875899, score : -1588.3489854801737, Time : 35.241 s
Starting local evaluation
Num Steps: 1000, Num episodes: 0
Num Steps: 2000, Num episodes: 0
Num Steps: 3000, Num episodes: 0
Num Steps: 4000, Num episodes: 0
Num Steps: 5000, Num episodes: 0
Num Steps: 6000, Num episodes: 0
Num Steps: 7000, Num episodes: 0
Num Steps: 8000, Num episodes: 0
Episode complete: 1 | Latest episode metrics: {'price_cost': 0.8594066497543438, 'emmision_cost': 0.9250982862969506}
[-0.0957976] -0.09579760149566258
Average Price Cost: 0.8594066497543438
Average Emmision Cost: 0.9250982862969506
Average of both costs: 0.8922524680256472
Total time taken by agent: 4.2587469335703645s
DONE!
