{'agent': 'DQN', 'action_selection': 'softmax', 'seed': 1, 'episodes': 100, 'data_path': 'data/citylearn_challenge_2022_phase_1', 'dry_run': False, 'n_discrete': 9, 'update_target': 32, 'lr': 0.003, 'batch_size': 16, 'adam_epsilon': 0.001, 'epsilon_final': 0.02, 'run_id': 11}
{'Notes': 'This is a tuning run, executed on a single building.',
 'action_selection': 'softmax',
 'adam_epsilon': 0.001,
 'env': '<NormalizeObservation<OneHotHour<DiscreteSingle<CityLearnEnv '
        'instance>>>>',
 'final_exploration_rate': 0.02,
 'final_exploration_step': 1000,
 'gamma': 0.99,
 'initial_exploration_rate': 1,
 'learning_rate': 0.003,
 'loss': 'mse',
 'minibatch_size': 16,
 'network': 'MLP(\n'
            '  (layers): Sequential(\n'
            '    (0): Linear(in_features=29, out_features=128, bias=True)\n'
            '    (1): ReLU()\n'
            '    (2): Linear(in_features=128, out_features=128, bias=True)\n'
            '    (3): ReLU()\n'
            '    (4): Linear(in_features=128, out_features=9, bias=True)\n'
            '  )\n'
            ')',
 'replay_buffer_size': 10000,
 'replay_start_size': 16,
 'seed': 1,
 'train_steps': 876000,
 'update_frequency': 1,
 'update_target_frequency': 32,
 'weight_scale': 1.4142135623730951}
Timestep : 8758, score : -7691.421563334952, Time : 22.103 s
Timestep : 17517, score : -7461.627035278856, Time : 21.956 s
Timestep : 26276, score : -7431.37283662807, Time : 22.057 s
Timestep : 35035, score : -8354.091213199848, Time : 21.904 s
Timestep : 43794, score : -8399.025393555668, Time : 21.536 s
Timestep : 52553, score : -9050.208401865122, Time : 21.496 s
Timestep : 61312, score : -9595.861377584522, Time : 22.062 s
Timestep : 70071, score : -8847.351474381474, Time : 21.512 s
Timestep : 78830, score : -9128.208577716603, Time : 21.932 s
Timestep : 87589, score : -9143.789243387597, Time : 21.727 s
Timestep : 96348, score : -8988.052267281833, Time : 21.293 s
Timestep : 105107, score : -9358.154532581917, Time : 21.133 s
Timestep : 113866, score : -8940.60794771547, Time : 21.506 s
Timestep : 122625, score : -9687.063403996872, Time : 21.46 s
Timestep : 131384, score : -9876.666001287507, Time : 21.294 s
Timestep : 140143, score : -10081.419584960531, Time : 21.212 s
Timestep : 148902, score : -9614.525089605726, Time : 21.306 s
Timestep : 157661, score : -9460.64505099268, Time : 21.785 s
Timestep : 166420, score : -9413.093879847118, Time : 22.179 s
Timestep : 175179, score : -10114.185405723052, Time : 22.142 s
Timestep : 183938, score : -10375.229292682976, Time : 21.898 s
Timestep : 192697, score : -10032.319248613669, Time : 21.947 s
Timestep : 201456, score : -9873.06486048708, Time : 21.426 s
Timestep : 210215, score : -10205.282611216418, Time : 21.89 s
Timestep : 218974, score : -10439.851367707277, Time : 21.474 s
Timestep : 227733, score : -10017.562713208448, Time : 21.153 s
Timestep : 236492, score : -10179.822906074263, Time : 21.148 s
Timestep : 245251, score : -10116.498715920796, Time : 22.291 s
Timestep : 254010, score : -10565.007461616915, Time : 22.562 s
Timestep : 262769, score : -10085.503670600665, Time : 22.289 s
Timestep : 271528, score : -10233.652640518412, Time : 21.444 s
Timestep : 280287, score : -10703.166240008039, Time : 21.167 s
Timestep : 289046, score : -10131.209913376719, Time : 21.63 s
Timestep : 297805, score : -10030.37585229201, Time : 21.667 s
Timestep : 306564, score : -10850.809673774289, Time : 22.168 s
Timestep : 315323, score : -11202.159082925646, Time : 22.652 s
Timestep : 324082, score : -10568.330520136893, Time : 22.366 s
Timestep : 332841, score : -10632.0992015644, Time : 22.022 s
Timestep : 341600, score : -10439.084229501503, Time : 21.591 s
Timestep : 350359, score : -10565.985731825538, Time : 21.227 s
Timestep : 359118, score : -11051.738080027775, Time : 21.728 s
Timestep : 367877, score : -10333.275912736426, Time : 21.594 s
Timestep : 376636, score : -10588.361267151966, Time : 21.251 s
Timestep : 385395, score : -10721.98200465765, Time : 21.158 s
Timestep : 394154, score : -10860.056370266087, Time : 20.977 s
Timestep : 402913, score : -10664.295096300018, Time : 21.078 s
Timestep : 411672, score : -10246.679675404215, Time : 21.239 s
Timestep : 420431, score : -10332.709112135024, Time : 21.105 s
Timestep : 429190, score : -10154.268473086951, Time : 20.957 s
Timestep : 437949, score : -10473.629029661432, Time : 21.197 s
Timestep : 446708, score : -10282.681767648042, Time : 21.247 s
Timestep : 455467, score : -10774.423898251407, Time : 21.293 s
Timestep : 464226, score : -11314.614966366935, Time : 21.683 s
Timestep : 472985, score : -10378.294191737732, Time : 21.013 s
Timestep : 481744, score : -10355.06725967658, Time : 20.902 s
Timestep : 490503, score : -10631.540937187034, Time : 20.892 s
Timestep : 499262, score : -10083.688091215212, Time : 21.763 s
Timestep : 508021, score : -10555.20609726882, Time : 22.768 s
Timestep : 516780, score : -10667.402833196364, Time : 22.074 s
Timestep : 525539, score : -10322.236557155004, Time : 21.291 s
Timestep : 534298, score : -10185.633112962954, Time : 21.297 s
Timestep : 543057, score : -11311.561164364874, Time : 21.527 s
Timestep : 551816, score : -10680.1161537593, Time : 20.993 s
Timestep : 560575, score : -10696.118370916578, Time : 21.267 s
Timestep : 569334, score : -10062.332647733652, Time : 21.515 s
Timestep : 578093, score : -9821.050412523517, Time : 21.217 s
Timestep : 586852, score : -10319.149051767847, Time : 20.98 s
Timestep : 595611, score : -10792.632094856468, Time : 20.914 s
Timestep : 604370, score : -11145.46574326561, Time : 21.127 s
Timestep : 613129, score : -10005.585316153709, Time : 21.231 s
Timestep : 621888, score : -10694.693520433808, Time : 20.957 s
Timestep : 630647, score : -10297.570863102825, Time : 21.186 s
Timestep : 639406, score : -10268.28686437798, Time : 21.188 s
Timestep : 648165, score : -9942.889655971623, Time : 21.052 s
Timestep : 656924, score : -10755.777306385877, Time : 21.228 s
Timestep : 665683, score : -10434.46035619553, Time : 21.135 s
Timestep : 674442, score : -10528.078567883931, Time : 20.829 s
Timestep : 683201, score : -10381.087166687706, Time : 20.913 s
Timestep : 691960, score : -10197.122859921074, Time : 21.148 s
Timestep : 700719, score : -10611.949150633722, Time : 21.426 s
Timestep : 709478, score : -9918.200496801554, Time : 21.548 s
Timestep : 718237, score : -9964.255452308134, Time : 20.987 s
Timestep : 726996, score : -10643.029028510762, Time : 20.915 s
Timestep : 735755, score : -10363.140141277952, Time : 20.871 s
Timestep : 744514, score : -9682.73770958968, Time : 20.862 s
Timestep : 753273, score : -9780.812844395216, Time : 21.341 s
Timestep : 762032, score : -9768.464513398038, Time : 22.667 s
Timestep : 770791, score : -9677.095776629896, Time : 21.597 s
Timestep : 779550, score : -9759.334424631466, Time : 21.659 s
Timestep : 788309, score : -10076.467812179268, Time : 21.164 s
Timestep : 797068, score : -9717.84499928409, Time : 20.849 s
Timestep : 805827, score : -10057.463715212216, Time : 21.055 s
Timestep : 814586, score : -9793.00283455573, Time : 21.039 s
Timestep : 823345, score : -10079.1649552343, Time : 21.111 s
Timestep : 832104, score : -9881.852829052164, Time : 21.115 s
Timestep : 840863, score : -9918.854748990649, Time : 20.927 s
Timestep : 849622, score : -8819.644366162902, Time : 21.676 s
Timestep : 858381, score : -8628.561293848587, Time : 21.097 s
Timestep : 867140, score : -9092.767853019948, Time : 20.941 s
Timestep : 875899, score : -9069.756691955801, Time : 20.816 s
Starting local evaluation
Num Steps: 1000, Num episodes: 0
Num Steps: 2000, Num episodes: 0
Num Steps: 3000, Num episodes: 0
Num Steps: 4000, Num episodes: 0
Num Steps: 5000, Num episodes: 0
Num Steps: 6000, Num episodes: 0
Num Steps: 7000, Num episodes: 0
Num Steps: 8000, Num episodes: 0
Episode complete: 1 | Latest episode metrics: {'price_cost': 1.3217984023272753, 'emmision_cost': 1.425262938149641}
[-0.68699467] -0.6869946734696695
Average Price Cost: 1.3217984023272753
Average Emmision Cost: 1.425262938149641
Average of both costs: 1.3735306702384582
Total time taken by agent: 3.6004264056682587s
DONE!
