{'agent': 'DQN', 'action_selection': 'softmax', 'seed': 1, 'episodes': 100, 'data_path': 'data/citylearn_challenge_2022_phase_1', 'dry_run': False, 'n_discrete': 9, 'update_target': 32, 'lr': 0.0003, 'batch_size': 8, 'adam_epsilon': 0.0001, 'epsilon_final': 0.02, 'run_id': 127}
{'Notes': 'This is a tuning run, executed on a single building.',
 'action_selection': 'softmax',
 'adam_epsilon': 0.0001,
 'env': '<NormalizeObservation<OneHotHour<DiscreteSingle<CityLearnEnv '
        'instance>>>>',
 'final_exploration_rate': 0.02,
 'final_exploration_step': 1000,
 'gamma': 0.99,
 'initial_exploration_rate': 1,
 'learning_rate': 0.0003,
 'loss': 'mse',
 'minibatch_size': 8,
 'network': 'MLP(\n'
            '  (layers): Sequential(\n'
            '    (0): Linear(in_features=29, out_features=128, bias=True)\n'
            '    (1): ReLU()\n'
            '    (2): Linear(in_features=128, out_features=128, bias=True)\n'
            '    (3): ReLU()\n'
            '    (4): Linear(in_features=128, out_features=9, bias=True)\n'
            '  )\n'
            ')',
 'replay_buffer_size': 10000,
 'replay_start_size': 8,
 'seed': 1,
 'train_steps': 876000,
 'update_frequency': 1,
 'update_target_frequency': 32,
 'weight_scale': 1.4142135623730951}
Timestep : 8758, score : -4993.032262031367, Time : 28.004 s
Timestep : 17517, score : -4137.8730921878305, Time : 28.444 s
Timestep : 26276, score : -3459.3034739130235, Time : 28.946 s
Timestep : 35035, score : -3719.5694951213954, Time : 28.876 s
Timestep : 43794, score : -3431.094303915772, Time : 27.991 s
Timestep : 52553, score : -3170.259051688976, Time : 27.977 s
Timestep : 61312, score : -2979.5517912262876, Time : 28.361 s
Timestep : 70071, score : -2358.5971146754746, Time : 27.92 s
Timestep : 78830, score : -2934.4018936885113, Time : 28.896 s
Timestep : 87589, score : -2332.0420630688604, Time : 28.968 s
Timestep : 96348, score : -2773.4445677785843, Time : 25.014 s
Timestep : 105107, score : -2879.437008115783, Time : 24.759 s
Timestep : 113866, score : -3188.4835245915747, Time : 23.134 s
Timestep : 122625, score : -2419.777606582764, Time : 25.287 s
Timestep : 131384, score : -2046.5362434450362, Time : 28.12 s
Timestep : 140143, score : -2368.4063443279592, Time : 28.263 s
Timestep : 148902, score : -2574.258040219225, Time : 28.653 s
Timestep : 157661, score : -2309.824070490693, Time : 28.513 s
Timestep : 166420, score : -2653.2509465320327, Time : 27.494 s
Timestep : 175179, score : -2156.4959482658014, Time : 23.118 s
Timestep : 183938, score : -2436.6890348379093, Time : 23.048 s
Timestep : 192697, score : -2569.8952923552424, Time : 23.005 s
Timestep : 201456, score : -2374.1745435163903, Time : 23.124 s
Timestep : 210215, score : -2302.3872944899194, Time : 23.088 s
Timestep : 218974, score : -2150.2369393216504, Time : 23.087 s
Timestep : 227733, score : -2300.1630430890073, Time : 28.233 s
Timestep : 236492, score : -2247.580025576026, Time : 27.876 s
Timestep : 245251, score : -2255.4537714536127, Time : 27.076 s
Timestep : 254010, score : -2336.607620690047, Time : 27.983 s
Timestep : 262769, score : -2519.2636007293186, Time : 28.494 s
Timestep : 271528, score : -2085.1981867795403, Time : 26.412 s
Timestep : 280287, score : -2133.05362867206, Time : 23.179 s
Timestep : 289046, score : -2195.429758325743, Time : 23.051 s
Timestep : 297805, score : -1934.391637469147, Time : 26.176 s
Timestep : 306564, score : -1818.6128123669478, Time : 28.62 s
Timestep : 315323, score : -1742.141535344097, Time : 26.917 s
Timestep : 324082, score : -1859.782221866917, Time : 24.966 s
Timestep : 332841, score : -1772.0163121095102, Time : 28.342 s
Timestep : 341600, score : -2055.998053258023, Time : 28.481 s
Timestep : 350359, score : -1953.6219598340685, Time : 23.636 s
Timestep : 359118, score : -1789.973534613644, Time : 27.234 s
Timestep : 367877, score : -2070.5683775538637, Time : 27.954 s
Timestep : 376636, score : -1761.580562240706, Time : 28.587 s
Timestep : 385395, score : -2022.895915430534, Time : 27.531 s
Timestep : 394154, score : -1682.6881335680664, Time : 28.935 s
Timestep : 402913, score : -1724.9048821098113, Time : 28.606 s
Timestep : 411672, score : -1775.600058840384, Time : 28.593 s
Timestep : 420431, score : -1689.935000488913, Time : 28.526 s
Timestep : 429190, score : -2089.124127491872, Time : 28.346 s
Timestep : 437949, score : -1636.9643681541493, Time : 27.565 s
Timestep : 446708, score : -1642.697040654166, Time : 27.113 s
Timestep : 455467, score : -2104.2911717883835, Time : 28.381 s
Timestep : 464226, score : -1816.9271640065417, Time : 28.217 s
Timestep : 472985, score : -1705.8765477726993, Time : 27.813 s
Timestep : 481744, score : -1645.1540498967806, Time : 27.143 s
Timestep : 490503, score : -1383.5889658783854, Time : 27.883 s
Timestep : 499262, score : -1448.2876585678023, Time : 28.633 s
Timestep : 508021, score : -1673.8964643588115, Time : 28.845 s
Timestep : 516780, score : -1413.8915769564046, Time : 28.727 s
Timestep : 525539, score : -1938.0704316220072, Time : 26.302 s
Timestep : 534298, score : -1428.8117443325755, Time : 27.94 s
Timestep : 543057, score : -1435.1148796869384, Time : 28.573 s
Timestep : 551816, score : -1687.8402279693692, Time : 24.232 s
Timestep : 560575, score : -1236.830161191785, Time : 29.026 s
Timestep : 569334, score : -1476.8406132982636, Time : 28.858 s
Timestep : 578093, score : -1410.521489273484, Time : 24.586 s
Timestep : 586852, score : -1556.0124072956678, Time : 28.731 s
Timestep : 595611, score : -1484.7669673350465, Time : 27.428 s
Timestep : 604370, score : -1535.5471015740477, Time : 27.181 s
Timestep : 613129, score : -1640.7928311746728, Time : 28.606 s
Timestep : 621888, score : -1370.7900928005402, Time : 28.897 s
Timestep : 630647, score : -1676.3520946132776, Time : 28.247 s
Timestep : 639406, score : -1631.1063502306642, Time : 26.865 s
Timestep : 648165, score : -1570.787278757809, Time : 28.144 s
Timestep : 656924, score : -1506.4333263060835, Time : 28.283 s
Timestep : 665683, score : -1560.6316467206052, Time : 27.435 s
Timestep : 674442, score : -1902.807664778462, Time : 28.593 s
DONE!
