{'agent': 'DQN', 'action_selection': 'softmax', 'seed': 1, 'episodes': 100, 'data_path': 'data/citylearn_challenge_2022_phase_1', 'dry_run': False, 'n_discrete': 9, 'update_target': 8, 'lr': 0.03, 'batch_size': 8, 'adam_epsilon': 1e-09, 'epsilon_final': 0.02, 'run_id': 135}
{'Notes': 'This is a tuning run, executed on a single building.',
 'action_selection': 'softmax',
 'adam_epsilon': 1e-09,
 'env': '<NormalizeObservation<OneHotHour<DiscreteSingle<CityLearnEnv '
        'instance>>>>',
 'final_exploration_rate': 0.02,
 'final_exploration_step': 1000,
 'gamma': 0.99,
 'initial_exploration_rate': 1,
 'learning_rate': 0.03,
 'loss': 'mse',
 'minibatch_size': 8,
 'network': 'MLP(\n'
            '  (layers): Sequential(\n'
            '    (0): Linear(in_features=29, out_features=128, bias=True)\n'
            '    (1): ReLU()\n'
            '    (2): Linear(in_features=128, out_features=128, bias=True)\n'
            '    (3): ReLU()\n'
            '    (4): Linear(in_features=128, out_features=9, bias=True)\n'
            '  )\n'
            ')',
 'replay_buffer_size': 10000,
 'replay_start_size': 8,
 'seed': 1,
 'train_steps': 876000,
 'update_frequency': 1,
 'update_target_frequency': 8,
 'weight_scale': 1.4142135623730951}
Timestep : 8758, score : -6930.103296793444, Time : 21.625 s
Timestep : 17517, score : -6732.434887242343, Time : 21.637 s
Timestep : 26276, score : -9590.299962984122, Time : 21.304 s
Timestep : 35035, score : -7123.411793382169, Time : 21.297 s
Timestep : 43794, score : -9088.481265859271, Time : 21.217 s
Timestep : 52553, score : -8289.370784758969, Time : 21.443 s
Timestep : 61312, score : -7260.015331803534, Time : 21.282 s
Timestep : 70071, score : -6538.982403523434, Time : 21.179 s
Timestep : 78830, score : -9188.976724072214, Time : 21.292 s
Timestep : 87589, score : -4355.859152819408, Time : 21.247 s
Timestep : 96348, score : -4091.553404976992, Time : 21.41 s
Timestep : 105107, score : -4242.219352339773, Time : 20.899 s
Timestep : 113866, score : -4161.514673243655, Time : 20.722 s
Timestep : 122625, score : -4072.4547162665112, Time : 20.763 s
Timestep : 131384, score : -4093.4100782159076, Time : 20.747 s
Timestep : 140143, score : -4083.4505605286977, Time : 21.121 s
Timestep : 148902, score : -4152.710285927547, Time : 20.751 s
Timestep : 157661, score : -4220.48987785443, Time : 20.705 s
Timestep : 166420, score : -4170.790618172759, Time : 20.873 s
Timestep : 175179, score : -4079.371431471227, Time : 20.794 s
Timestep : 183938, score : -4133.576515681489, Time : 20.885 s
Timestep : 192697, score : -4146.963775196491, Time : 20.832 s
Timestep : 201456, score : -4192.8405038653, Time : 20.844 s
Timestep : 210215, score : -4163.566843962675, Time : 20.827 s
Timestep : 218974, score : -4125.025090315758, Time : 20.893 s
Timestep : 227733, score : -4196.781671894161, Time : 21.01 s
Timestep : 236492, score : -4075.109449661715, Time : 21.302 s
Timestep : 245251, score : -4140.263263930945, Time : 20.861 s
Timestep : 254010, score : -4045.965549205808, Time : 20.856 s
Timestep : 262769, score : -4113.254197095899, Time : 20.92 s
Timestep : 271528, score : -4131.959261521144, Time : 20.863 s
Timestep : 280287, score : -4064.6761839906976, Time : 20.741 s
Timestep : 289046, score : -4147.445986983745, Time : 20.729 s
Timestep : 297805, score : -4070.846575804433, Time : 20.807 s
Timestep : 306564, score : -4061.4426456591173, Time : 20.732 s
Timestep : 315323, score : -4146.622609247832, Time : 20.734 s
Timestep : 324082, score : -4225.640961057768, Time : 20.757 s
Timestep : 332841, score : -4143.037005119404, Time : 20.921 s
Timestep : 341600, score : -4157.360979968129, Time : 20.893 s
Timestep : 350359, score : -4091.8689755996747, Time : 20.882 s
Timestep : 359118, score : -4203.834127498238, Time : 20.908 s
Timestep : 367877, score : -4135.708574609278, Time : 20.789 s
Timestep : 376636, score : -4101.752990742592, Time : 20.775 s
Timestep : 385395, score : -4083.317656861065, Time : 20.736 s
Timestep : 394154, score : -4075.580234972207, Time : 20.817 s
Timestep : 402913, score : -4104.295280457853, Time : 21.01 s
Timestep : 411672, score : -4136.198076834349, Time : 20.877 s
Timestep : 420431, score : -4090.708557975857, Time : 20.883 s
Timestep : 429190, score : -4160.902885002462, Time : 21.008 s
Timestep : 437949, score : -4132.0593816725595, Time : 20.853 s
Timestep : 446708, score : -4117.328441673337, Time : 20.889 s
Timestep : 455467, score : -4165.346775159618, Time : 20.802 s
Timestep : 464226, score : -4230.8613044800295, Time : 20.871 s
Timestep : 472985, score : -4161.429782239167, Time : 20.839 s
Timestep : 481744, score : -4084.011203703849, Time : 20.857 s
Timestep : 490503, score : -4168.5402691694035, Time : 20.871 s
Timestep : 499262, score : -4141.383411240211, Time : 20.886 s
Timestep : 508021, score : -4166.726979761763, Time : 20.833 s
Timestep : 516780, score : -4159.428792684717, Time : 20.829 s
Timestep : 525539, score : -4116.231127542822, Time : 20.825 s
Timestep : 534298, score : -4122.681515169708, Time : 20.736 s
Timestep : 543057, score : -4071.7627347609086, Time : 21.164 s
Timestep : 551816, score : -4132.3111322721525, Time : 20.906 s
Timestep : 560575, score : -4158.723967292724, Time : 20.842 s
Timestep : 569334, score : -4105.775823963253, Time : 21.004 s
Timestep : 578093, score : -4162.947013830213, Time : 20.775 s
Timestep : 586852, score : -4151.792693596712, Time : 20.88 s
Timestep : 595611, score : -4129.199398511468, Time : 20.793 s
Timestep : 604370, score : -4163.783632697916, Time : 20.793 s
Timestep : 613129, score : -4105.878730200377, Time : 20.756 s
Timestep : 621888, score : -4095.9669506148493, Time : 20.924 s
Timestep : 630647, score : -4058.376528767316, Time : 21.062 s
Timestep : 639406, score : -4137.094724984287, Time : 21.251 s
Timestep : 648165, score : -4145.928989232896, Time : 21.524 s
Timestep : 656924, score : -4114.375382767437, Time : 21.088 s
Timestep : 665683, score : -4103.026120796247, Time : 20.918 s
Timestep : 674442, score : -4057.7654804786725, Time : 20.843 s
Timestep : 683201, score : -4156.024605683429, Time : 20.734 s
Timestep : 691960, score : -4192.9067951994075, Time : 20.995 s
Timestep : 700719, score : -4137.363660858391, Time : 20.942 s
Timestep : 709478, score : -4216.4500504763855, Time : 20.9 s
Timestep : 718237, score : -4086.6526480795874, Time : 21.079 s
Timestep : 726996, score : -4157.134385495825, Time : 21.366 s
Timestep : 735755, score : -4070.2836375724582, Time : 21.387 s
Timestep : 744514, score : -4128.151664782694, Time : 21.508 s
Timestep : 753273, score : -4057.185704478441, Time : 21.488 s
Timestep : 762032, score : -4146.397070668085, Time : 21.571 s
Timestep : 770791, score : -4152.646518302528, Time : 21.595 s
Timestep : 779550, score : -4203.1891318247945, Time : 21.482 s
Timestep : 788309, score : -4140.00090938565, Time : 21.522 s
Timestep : 797068, score : -4198.15074483995, Time : 21.46 s
Timestep : 805827, score : -4161.677271556953, Time : 21.567 s
Timestep : 814586, score : -4121.158530558838, Time : 21.475 s
Timestep : 823345, score : -4101.761725397228, Time : 21.48 s
Timestep : 832104, score : -4095.571143650828, Time : 21.548 s
Timestep : 840863, score : -4091.5334203349485, Time : 21.008 s
Timestep : 849622, score : -4051.844974791078, Time : 20.988 s
Timestep : 858381, score : -4166.273980523838, Time : 20.802 s
Timestep : 867140, score : -4219.2035724389425, Time : 20.507 s
Timestep : 875899, score : -4069.112426241307, Time : 20.778 s
Starting local evaluation
Num Steps: 1000, Num episodes: 0
Num Steps: 2000, Num episodes: 0
Num Steps: 3000, Num episodes: 0
Num Steps: 4000, Num episodes: 0
Num Steps: 5000, Num episodes: 0
Num Steps: 6000, Num episodes: 0
Num Steps: 7000, Num episodes: 0
Num Steps: 8000, Num episodes: 0
Episode complete: 1 | Latest episode metrics: {'price_cost': 1.0011157784931732, 'emmision_cost': 1.001773687373151}
[-0.23182191] -0.2318219111486612
Average Price Cost: 1.0011157784931732
Average Emmision Cost: 1.001773687373151
Average of both costs: 1.0014447329331622
Total time taken by agent: 3.279032531194389s
DONE!
