{'agent': 'DQN', 'action_selection': 'egreedy', 'seed': 1, 'episodes': 100, 'data_path': 'data/citylearn_challenge_2022_phase_1', 'dry_run': False, 'n_discrete': 9, 'update_target': 8, 'lr': 0.07, 'batch_size': 128, 'adam_epsilon': 0.0001, 'epsilon_final': 0.04, 'run_id': 222}
{'Notes': 'This is a tuning run, executed on a single building.',
 'action_selection': 'egreedy',
 'adam_epsilon': 0.0001,
 'env': '<NormalizeObservation<OneHotHour<DiscreteSingle<CityLearnEnv '
        'instance>>>>',
 'final_exploration_rate': 0.02,
 'final_exploration_step': 1000,
 'gamma': 0.99,
 'initial_exploration_rate': 1,
 'learning_rate': 0.07,
 'loss': 'mse',
 'minibatch_size': 128,
 'network': 'MLP(\n'
            '  (layers): Sequential(\n'
            '    (0): Linear(in_features=29, out_features=128, bias=True)\n'
            '    (1): ReLU()\n'
            '    (2): Linear(in_features=128, out_features=128, bias=True)\n'
            '    (3): ReLU()\n'
            '    (4): Linear(in_features=128, out_features=9, bias=True)\n'
            '  )\n'
            ')',
 'replay_buffer_size': 10000,
 'replay_start_size': 128,
 'seed': 1,
 'train_steps': 876000,
 'update_frequency': 1,
 'update_target_frequency': 8,
 'weight_scale': 1.4142135623730951}
Timestep : 8758, score : -7353.590461211672, Time : 26.149 s
Timestep : 17517, score : -9452.26562927969, Time : 26.791 s
Timestep : 26276, score : -12194.231701636993, Time : 27.348 s
Timestep : 35035, score : -10913.846024509825, Time : 27.449 s
Timestep : 43794, score : -14198.125017051192, Time : 27.456 s
Timestep : 52553, score : -11576.402449368528, Time : 27.456 s
Timestep : 61312, score : -14874.829292159135, Time : 27.466 s
Timestep : 70071, score : -12732.018986557567, Time : 27.758 s
Timestep : 78830, score : -12680.451282138427, Time : 28.083 s
Timestep : 87589, score : -15681.746519839711, Time : 27.459 s
Timestep : 96348, score : -13724.150394565615, Time : 27.462 s
Timestep : 105107, score : -12690.724152699186, Time : 27.459 s
Timestep : 113866, score : -15178.715482465168, Time : 27.479 s
Timestep : 122625, score : -14362.006997233868, Time : 27.477 s
Timestep : 131384, score : -13110.832318731307, Time : 27.435 s
Timestep : 140143, score : -12980.388211170626, Time : 27.443 s
Timestep : 148902, score : -15047.651052282752, Time : 27.453 s
Timestep : 157661, score : -14092.376218261692, Time : 27.801 s
Timestep : 166420, score : -14332.359579326585, Time : 26.618 s
Timestep : 175179, score : -13773.430224832264, Time : 25.373 s
Timestep : 183938, score : -14791.695621442588, Time : 25.348 s
Timestep : 192697, score : -15399.32472031485, Time : 25.384 s
Timestep : 201456, score : -13276.638619477162, Time : 25.38 s
Timestep : 210215, score : -14589.72123924848, Time : 25.341 s
Timestep : 218974, score : -15941.718777878632, Time : 25.346 s
Timestep : 227733, score : -15184.512101134882, Time : 25.344 s
Timestep : 236492, score : -13307.447734705012, Time : 25.351 s
Timestep : 245251, score : -14149.249939306428, Time : 25.334 s
Timestep : 254010, score : -13583.467370836399, Time : 26.489 s
Timestep : 262769, score : -14131.545583280647, Time : 27.615 s
Timestep : 271528, score : -15368.476160966215, Time : 27.262 s
Timestep : 280287, score : -15089.390277489845, Time : 27.286 s
Timestep : 289046, score : -14675.581247825758, Time : 25.999 s
Timestep : 297805, score : -13343.19212219608, Time : 25.363 s
Timestep : 306564, score : -13958.268059758033, Time : 25.355 s
Timestep : 315323, score : -14033.352085131457, Time : 26.398 s
Timestep : 324082, score : -14723.106299386316, Time : 27.255 s
Timestep : 332841, score : -15456.709084683513, Time : 27.249 s
Timestep : 341600, score : -15204.24781158776, Time : 27.603 s
Timestep : 350359, score : -14734.096882054422, Time : 27.869 s
Timestep : 359118, score : -14211.147238906851, Time : 27.238 s
Timestep : 367877, score : -13892.541997538428, Time : 27.242 s
Timestep : 376636, score : -14352.868323892428, Time : 27.222 s
Timestep : 385395, score : -13825.058674578919, Time : 27.22 s
Timestep : 394154, score : -13593.103791237576, Time : 27.238 s
Timestep : 402913, score : -14296.944843001489, Time : 27.219 s
Timestep : 411672, score : -14466.105549289132, Time : 27.217 s
Timestep : 420431, score : -15487.12472534315, Time : 27.214 s
Timestep : 429190, score : -14729.786582503715, Time : 27.501 s
Timestep : 437949, score : -15595.258270026767, Time : 27.843 s
Timestep : 446708, score : -14853.34897253802, Time : 27.232 s
Timestep : 455467, score : -14732.908887925514, Time : 27.231 s
Timestep : 464226, score : -14281.779022988194, Time : 27.234 s
Timestep : 472985, score : -14445.312374218323, Time : 27.199 s
Timestep : 481744, score : -14439.046376396436, Time : 27.209 s
Timestep : 490503, score : -14358.928096410425, Time : 27.249 s
Timestep : 499262, score : -14160.6307327549, Time : 27.226 s
Timestep : 508021, score : -14408.070227334, Time : 27.229 s
Timestep : 516780, score : -14253.94098502153, Time : 27.57 s
Timestep : 525539, score : -15491.336265399077, Time : 27.88 s
Timestep : 534298, score : -14424.478104494978, Time : 27.269 s
Timestep : 543057, score : -13979.921446105433, Time : 27.273 s
Timestep : 551816, score : -13736.315858564994, Time : 27.251 s
Timestep : 560575, score : -15052.66545668403, Time : 27.266 s
Timestep : 569334, score : -14884.903943538025, Time : 27.28 s
Timestep : 578093, score : -15105.827289118155, Time : 27.257 s
Timestep : 586852, score : -15023.50579537137, Time : 27.306 s
Timestep : 595611, score : -15145.524979328482, Time : 27.269 s
Timestep : 604370, score : -15041.791086134443, Time : 27.574 s
Timestep : 613129, score : -15388.24197799468, Time : 27.88 s
Timestep : 621888, score : -14415.548221112345, Time : 27.276 s
Timestep : 630647, score : -14691.283936140666, Time : 27.286 s
Timestep : 639406, score : -14403.989625033413, Time : 27.287 s
Timestep : 648165, score : -14308.80277898701, Time : 27.286 s
Timestep : 656924, score : -14759.731957335796, Time : 27.27 s
Timestep : 665683, score : -14137.510750671572, Time : 27.292 s
Timestep : 674442, score : -14172.926826654046, Time : 27.269 s
Timestep : 683201, score : -14771.634492877944, Time : 27.271 s
Timestep : 691960, score : -14398.972247959813, Time : 27.554 s
Timestep : 700719, score : -14004.963225041778, Time : 27.927 s
Timestep : 709478, score : -14411.511056807693, Time : 27.28 s
Timestep : 718237, score : -14693.368497473843, Time : 27.302 s
Timestep : 726996, score : -15973.499297013113, Time : 27.287 s
Timestep : 735755, score : -14997.26053672559, Time : 27.283 s
Timestep : 744514, score : -15781.467211832758, Time : 27.304 s
Timestep : 753273, score : -14602.857932248218, Time : 27.28 s
Timestep : 762032, score : -14089.43992404647, Time : 27.194 s
Timestep : 770791, score : -15392.932327284976, Time : 26.349 s
Timestep : 779550, score : -14632.3156844927, Time : 25.936 s
Timestep : 788309, score : -15029.90217479528, Time : 27.604 s
Timestep : 797068, score : -15197.895868349544, Time : 26.954 s
Timestep : 805827, score : -14585.05871752194, Time : 26.946 s
Timestep : 814586, score : -14668.0740449406, Time : 26.941 s
Timestep : 823345, score : -15337.70646750275, Time : 26.939 s
Timestep : 832104, score : -16017.225837828162, Time : 26.941 s
Timestep : 840863, score : -15003.002098168712, Time : 26.928 s
Timestep : 849622, score : -14884.470570029764, Time : 26.933 s
Timestep : 858381, score : -14270.01473384854, Time : 26.948 s
Timestep : 867140, score : -14671.197300167289, Time : 26.975 s
Timestep : 875899, score : -14733.08231987532, Time : 27.629 s
Starting local evaluation
Num Steps: 1000, Num episodes: 0
Num Steps: 2000, Num episodes: 0
Num Steps: 3000, Num episodes: 0
Num Steps: 4000, Num episodes: 0
Num Steps: 5000, Num episodes: 0
Num Steps: 6000, Num episodes: 0
Num Steps: 7000, Num episodes: 0
Num Steps: 8000, Num episodes: 0
Episode complete: 1 | Latest episode metrics: {'price_cost': 1.0232497792257882, 'emmision_cost': 1.0265479790081975}
[-0.26061217] -0.260612167467499
Average Price Cost: 1.0232497792257882
Average Emmision Cost: 1.0265479790081975
Average of both costs: 1.0248988791169928
Total time taken by agent: 2.4717776286852313s
DONE!
