{'agent': 'DQN', 'action_selection': 'softmax', 'seed': 1, 'episodes': 100, 'data_path': 'data/citylearn_challenge_2022_phase_1', 'dry_run': False, 'n_discrete': 9, 'update_target': 4, 'lr': 0.003, 'batch_size': 4, 'adam_epsilon': 1e-07, 'epsilon_final': 0.02, 'run_id': 184}
{'Notes': 'This is a tuning run, executed on a single building.',
 'action_selection': 'softmax',
 'adam_epsilon': 1e-07,
 'env': '<NormalizeObservation<OneHotHour<DiscreteSingle<CityLearnEnv '
        'instance>>>>',
 'final_exploration_rate': 0.02,
 'final_exploration_step': 1000,
 'gamma': 0.99,
 'initial_exploration_rate': 1,
 'learning_rate': 0.003,
 'loss': 'mse',
 'minibatch_size': 4,
 'network': 'MLP(\n'
            '  (layers): Sequential(\n'
            '    (0): Linear(in_features=29, out_features=128, bias=True)\n'
            '    (1): ReLU()\n'
            '    (2): Linear(in_features=128, out_features=128, bias=True)\n'
            '    (3): ReLU()\n'
            '    (4): Linear(in_features=128, out_features=9, bias=True)\n'
            '  )\n'
            ')',
 'replay_buffer_size': 10000,
 'replay_start_size': 4,
 'seed': 1,
 'train_steps': 876000,
 'update_frequency': 1,
 'update_target_frequency': 4,
 'weight_scale': 1.4142135623730951}
Timestep : 8758, score : -5157.0367610943795, Time : 23.037 s
Timestep : 17517, score : -7443.441700265161, Time : 23.252 s
Timestep : 26276, score : -6643.167433020455, Time : 22.617 s
Timestep : 35035, score : -7531.052925064709, Time : 22.446 s
Timestep : 43794, score : -8836.426322232262, Time : 22.63 s
Timestep : 52553, score : -8947.04085271545, Time : 22.628 s
Timestep : 61312, score : -9903.187978203667, Time : 22.678 s
Timestep : 70071, score : -13107.48651106243, Time : 22.37 s
Timestep : 78830, score : -4443.456181315152, Time : 22.106 s
Timestep : 87589, score : -4395.026042954443, Time : 22.126 s
Timestep : 96348, score : -4865.235269086348, Time : 22.129 s
Timestep : 105107, score : -4923.15774225237, Time : 22.591 s
Timestep : 113866, score : -4572.557910316536, Time : 22.755 s
Timestep : 122625, score : -4771.610119085206, Time : 23.256 s
Timestep : 131384, score : -4508.620858842463, Time : 22.944 s
Timestep : 140143, score : -4537.2123499861045, Time : 22.767 s
Timestep : 148902, score : -4509.703209010331, Time : 22.74 s
Timestep : 157661, score : -4611.393318745686, Time : 22.761 s
Timestep : 166420, score : -4492.791231922252, Time : 22.746 s
Timestep : 175179, score : -4601.421266169666, Time : 22.744 s
Timestep : 183938, score : -4316.475188436423, Time : 22.717 s
Timestep : 192697, score : -4360.242228419898, Time : 22.718 s
Timestep : 201456, score : -4282.580874673004, Time : 22.724 s
Timestep : 210215, score : -4401.739548407917, Time : 22.727 s
Timestep : 218974, score : -4423.051596126126, Time : 22.723 s
Timestep : 227733, score : -4348.604337950615, Time : 23.234 s
Timestep : 236492, score : -4420.592209234281, Time : 22.689 s
Timestep : 245251, score : -4308.104284936591, Time : 22.371 s
Timestep : 254010, score : -4246.599449308502, Time : 22.491 s
Timestep : 262769, score : -4305.09734299712, Time : 22.435 s
Timestep : 271528, score : -4361.056545873551, Time : 22.405 s
Timestep : 280287, score : -4355.787433985068, Time : 22.442 s
Timestep : 289046, score : -4292.327291881811, Time : 22.417 s
Timestep : 297805, score : -4298.395190331532, Time : 22.435 s
Timestep : 306564, score : -4150.78070102763, Time : 22.422 s
Timestep : 315323, score : -4180.368175072857, Time : 22.418 s
Timestep : 324082, score : -4241.129894596903, Time : 22.408 s
Timestep : 332841, score : -4174.450048741375, Time : 22.892 s
Timestep : 341600, score : -4201.925799806981, Time : 22.655 s
Timestep : 350359, score : -4202.281118938146, Time : 22.405 s
Timestep : 359118, score : -4231.721727065189, Time : 22.409 s
Timestep : 367877, score : -4264.607301623939, Time : 22.392 s
Timestep : 376636, score : -4246.633266712917, Time : 22.405 s
Timestep : 385395, score : -4207.492323142855, Time : 22.412 s
Timestep : 394154, score : -4105.039918811439, Time : 22.846 s
Timestep : 402913, score : -4121.2290125578, Time : 22.933 s
Timestep : 411672, score : -4150.440642545378, Time : 22.13 s
Timestep : 420431, score : -4144.621540496562, Time : 22.122 s
Timestep : 429190, score : -4154.905515920633, Time : 22.1 s
Timestep : 437949, score : -4158.583427274047, Time : 22.507 s
Timestep : 446708, score : -4268.777819781826, Time : 22.342 s
Timestep : 455467, score : -4149.3736187921895, Time : 22.112 s
Timestep : 464226, score : -4272.669935082464, Time : 22.107 s
Timestep : 472985, score : -4148.180193935899, Time : 22.096 s
Timestep : 481744, score : -4121.889397613151, Time : 22.093 s
Timestep : 490503, score : -4136.175941629248, Time : 22.087 s
Timestep : 499262, score : -4201.971776494203, Time : 22.283 s
Timestep : 508021, score : -4286.544764012171, Time : 22.745 s
Timestep : 516780, score : -4173.962626845954, Time : 22.73 s
Timestep : 525539, score : -4183.3803819878085, Time : 22.743 s
Timestep : 534298, score : -4196.668343244033, Time : 22.745 s
Timestep : 543057, score : -4163.807376210956, Time : 23.016 s
Timestep : 551816, score : -4204.3235169010295, Time : 23.119 s
Timestep : 560575, score : -4175.535410193872, Time : 22.759 s
Timestep : 569334, score : -4222.964088579087, Time : 22.727 s
Timestep : 578093, score : -4113.501203780441, Time : 22.728 s
Timestep : 586852, score : -4201.888697062066, Time : 22.734 s
Timestep : 595611, score : -4198.125949305861, Time : 22.731 s
Timestep : 604370, score : -4224.543926388986, Time : 22.72 s
Timestep : 613129, score : -4109.333129586099, Time : 22.704 s
Timestep : 621888, score : -4129.147760545282, Time : 22.722 s
Timestep : 630647, score : -4157.810506034555, Time : 22.717 s
Timestep : 639406, score : -4148.378038327588, Time : 22.698 s
Timestep : 648165, score : -4131.574636628298, Time : 22.997 s
Timestep : 656924, score : -4158.288205304561, Time : 23.173 s
Timestep : 665683, score : -4145.473720392591, Time : 22.748 s
Timestep : 674442, score : -4186.108641884668, Time : 22.768 s
Timestep : 683201, score : -4084.6744118681236, Time : 22.73 s
Timestep : 691960, score : -4087.2654484858795, Time : 23.083 s
Timestep : 700719, score : -4099.033770156471, Time : 23.026 s
Timestep : 709478, score : -4134.5816942680685, Time : 22.95 s
Timestep : 718237, score : -4118.264843008859, Time : 22.818 s
Timestep : 726996, score : -4084.7258291816397, Time : 22.295 s
Timestep : 735755, score : -4099.9519051233365, Time : 22.779 s
Timestep : 744514, score : -4170.465500296472, Time : 22.811 s
Timestep : 753273, score : -4148.5651054060145, Time : 23.061 s
Timestep : 762032, score : -4069.170111765532, Time : 22.477 s
Timestep : 770791, score : -4072.9282368769927, Time : 22.087 s
Timestep : 779550, score : -4136.627503320022, Time : 22.125 s
Timestep : 788309, score : -4121.861816002085, Time : 22.115 s
Timestep : 797068, score : -4175.696904614015, Time : 22.102 s
Timestep : 805827, score : -4110.189885317726, Time : 22.11 s
Timestep : 814586, score : -4150.818300998217, Time : 22.136 s
Timestep : 823345, score : -4151.826306694566, Time : 22.766 s
Timestep : 832104, score : -4188.494398075534, Time : 22.792 s
Timestep : 840863, score : -4290.536983902013, Time : 22.759 s
Timestep : 849622, score : -4155.495125820307, Time : 22.737 s
Timestep : 858381, score : -4135.252195872745, Time : 22.957 s
Timestep : 867140, score : -4116.460394999856, Time : 23.206 s
Timestep : 875899, score : -4135.051355821226, Time : 22.814 s
Starting local evaluation
Num Steps: 1000, Num episodes: 0
Num Steps: 2000, Num episodes: 0
Num Steps: 3000, Num episodes: 0
Num Steps: 4000, Num episodes: 0
Num Steps: 5000, Num episodes: 0
Num Steps: 6000, Num episodes: 0
Num Steps: 7000, Num episodes: 0
Num Steps: 8000, Num episodes: 0
Episode complete: 1 | Latest episode metrics: {'price_cost': 1.0039664991046844, 'emmision_cost': 1.0045489670685328}
[-0.23528499] -0.23528499202105843
Average Price Cost: 1.0039664991046844
Average Emmision Cost: 1.0045489670685328
Average of both costs: 1.0042577330866087
Total time taken by agent: 3.640981080272468s
DONE!
