{'agent': 'DQN', 'action_selection': 'egreedy', 'seed': 1, 'episodes': 100, 'data_path': 'data/citylearn_challenge_2022_phase_1', 'dry_run': False, 'n_discrete': 9, 'update_target': 4, 'lr': 0.1, 'batch_size': 4, 'adam_epsilon': 1e-08, 'epsilon_final': 0.01, 'run_id': 233}
{'Notes': 'This is a tuning run, executed on a single building.',
 'action_selection': 'egreedy',
 'adam_epsilon': 1e-08,
 'env': '<NormalizeObservation<OneHotHour<DiscreteSingle<CityLearnEnv '
        'instance>>>>',
 'final_exploration_rate': 0.02,
 'final_exploration_step': 1000,
 'gamma': 0.99,
 'initial_exploration_rate': 1,
 'learning_rate': 0.1,
 'loss': 'mse',
 'minibatch_size': 4,
 'network': 'MLP(\n'
            '  (layers): Sequential(\n'
            '    (0): Linear(in_features=29, out_features=128, bias=True)\n'
            '    (1): ReLU()\n'
            '    (2): Linear(in_features=128, out_features=128, bias=True)\n'
            '    (3): ReLU()\n'
            '    (4): Linear(in_features=128, out_features=9, bias=True)\n'
            '  )\n'
            ')',
 'replay_buffer_size': 10000,
 'replay_start_size': 4,
 'seed': 1,
 'train_steps': 876000,
 'update_frequency': 1,
 'update_target_frequency': 4,
 'weight_scale': 1.4142135623730951}
Timestep : 8758, score : -7059.231301964173, Time : 21.761 s
Timestep : 17517, score : -7546.242334436931, Time : 21.99 s
Timestep : 26276, score : -6338.857801360617, Time : 22.709 s
Timestep : 35035, score : -6161.961904782947, Time : 22.64 s
Timestep : 43794, score : -6325.168234410026, Time : 22.079 s
Timestep : 52553, score : -6824.433813862415, Time : 22.032 s
Timestep : 61312, score : -8137.040831397899, Time : 22.029 s
Timestep : 70071, score : -6812.358477434987, Time : 22.079 s
Timestep : 78830, score : -8659.476365901093, Time : 22.044 s
Timestep : 87589, score : -7061.15204607803, Time : 22.047 s
Timestep : 96348, score : -6825.097758338961, Time : 22.068 s
Timestep : 105107, score : -4154.610356670251, Time : 22.064 s
Timestep : 113866, score : -4154.194709592877, Time : 21.797 s
Timestep : 122625, score : -4892.736094219988, Time : 21.543 s
Timestep : 131384, score : -4589.7529798872565, Time : 21.951 s
Timestep : 140143, score : -4749.368882645766, Time : 21.968 s
Timestep : 148902, score : -4516.974473824172, Time : 21.595 s
Timestep : 157661, score : -4553.423229950742, Time : 21.482 s
Timestep : 166420, score : -4536.368488450913, Time : 21.5 s
Timestep : 175179, score : -4573.699504479562, Time : 21.728 s
Timestep : 183938, score : -4556.0744971273525, Time : 23.134 s
Timestep : 192697, score : -4506.274192522658, Time : 22.355 s
Timestep : 201456, score : -4594.455260557501, Time : 21.673 s
Timestep : 210215, score : -4606.016560899472, Time : 21.92 s
Timestep : 218974, score : -4522.235789198341, Time : 21.486 s
Timestep : 227733, score : -4475.950371175451, Time : 21.532 s
Timestep : 236492, score : -4471.559048620431, Time : 21.552 s
Timestep : 245251, score : -4449.210453146516, Time : 21.5 s
Timestep : 254010, score : -4551.881570120837, Time : 21.518 s
Timestep : 262769, score : -4508.956805947615, Time : 21.48 s
Timestep : 271528, score : -4519.590385525866, Time : 21.498 s
Timestep : 280287, score : -4567.128582143603, Time : 21.513 s
Timestep : 289046, score : -4493.269380218728, Time : 21.825 s
Timestep : 297805, score : -4614.10826277305, Time : 23.14 s
Timestep : 306564, score : -4728.302032899373, Time : 22.644 s
Timestep : 315323, score : -4608.137412749027, Time : 22.259 s
Timestep : 324082, score : -4613.302857586561, Time : 21.912 s
Timestep : 332841, score : -4777.38339793394, Time : 21.902 s
Timestep : 341600, score : -4585.89383999203, Time : 22.068 s
Timestep : 350359, score : -4512.45751735699, Time : 21.704 s
Timestep : 359118, score : -4601.991252424108, Time : 21.85 s
Timestep : 367877, score : -4788.158516017167, Time : 21.764 s
Timestep : 376636, score : -4669.379130819143, Time : 21.934 s
Timestep : 385395, score : -4638.436168617016, Time : 21.989 s
Timestep : 394154, score : -4423.837613593234, Time : 21.497 s
Timestep : 402913, score : -4523.135800970165, Time : 21.657 s
Timestep : 411672, score : -4608.334559091629, Time : 23.1 s
Timestep : 420431, score : -4549.611543959036, Time : 22.554 s
Timestep : 429190, score : -4528.322957946948, Time : 22.123 s
Timestep : 437949, score : -4680.5076312827005, Time : 22.074 s
Timestep : 446708, score : -4689.776384878467, Time : 21.821 s
Timestep : 455467, score : -4459.516389609693, Time : 21.846 s
Timestep : 464226, score : -4524.209173939569, Time : 21.898 s
Timestep : 472985, score : -4625.023462252138, Time : 22.216 s
Timestep : 481744, score : -4597.86687734435, Time : 21.839 s
Timestep : 490503, score : -4614.841125963168, Time : 21.706 s
Timestep : 499262, score : -4466.220603356516, Time : 21.547 s
Timestep : 508021, score : -4630.547956210939, Time : 21.549 s
Timestep : 516780, score : -4483.329853318079, Time : 21.696 s
Timestep : 525539, score : -4619.677417201368, Time : 23.333 s
Timestep : 534298, score : -4729.863529657392, Time : 22.407 s
Timestep : 543057, score : -4661.87153511346, Time : 22.089 s
Timestep : 551816, score : -4597.320328834845, Time : 22.109 s
Timestep : 560575, score : -4540.8474373714125, Time : 22.095 s
Timestep : 569334, score : -4421.538805150805, Time : 21.819 s
Timestep : 578093, score : -4583.266016756563, Time : 21.793 s
Timestep : 586852, score : -4537.749797547614, Time : 22.076 s
Timestep : 595611, score : -4515.687693734726, Time : 21.814 s
Timestep : 604370, score : -4547.836972560181, Time : 21.641 s
Timestep : 613129, score : -4526.378376537381, Time : 21.601 s
Timestep : 621888, score : -4459.927379099099, Time : 22.036 s
Timestep : 630647, score : -4765.603671535297, Time : 22.869 s
Timestep : 639406, score : -4683.185854057228, Time : 23.694 s
Timestep : 648165, score : -4561.157383343234, Time : 22.189 s
Timestep : 656924, score : -4747.220560888207, Time : 21.97 s
Timestep : 665683, score : -4685.526390998304, Time : 22.268 s
Timestep : 674442, score : -4629.15652822089, Time : 22.448 s
Timestep : 683201, score : -4660.866072520061, Time : 21.917 s
Timestep : 691960, score : -4643.647419042332, Time : 21.755 s
Timestep : 700719, score : -4727.177617926529, Time : 21.835 s
Timestep : 709478, score : -4618.9576111588685, Time : 22.122 s
Timestep : 718237, score : -4677.193132313041, Time : 21.766 s
Timestep : 726996, score : -4754.613701942755, Time : 22.642 s
Timestep : 735755, score : -4699.535993171186, Time : 22.105 s
Timestep : 744514, score : -4486.014472997194, Time : 22.098 s
Timestep : 753273, score : -4529.69958053474, Time : 22.176 s
Timestep : 762032, score : -4589.21890127231, Time : 22.061 s
Timestep : 770791, score : -4509.273251654027, Time : 22.465 s
Timestep : 779550, score : -4596.415325587062, Time : 22.206 s
Timestep : 788309, score : -4473.981835087208, Time : 23.208 s
Timestep : 797068, score : -4600.021310615266, Time : 23.233 s
Timestep : 805827, score : -4641.65516422494, Time : 22.432 s
Timestep : 814586, score : -4865.535299386276, Time : 22.122 s
Timestep : 823345, score : -4565.951277285145, Time : 22.893 s
Timestep : 832104, score : -4678.206473126804, Time : 22.485 s
Timestep : 840863, score : -4681.774335971524, Time : 22.371 s
Timestep : 849622, score : -4601.467873832124, Time : 22.18 s
Timestep : 858381, score : -4557.662047525984, Time : 22.224 s
Timestep : 867140, score : -4677.391182852472, Time : 22.513 s
Timestep : 875899, score : -4738.100896090415, Time : 22.234 s
Starting local evaluation
Num Steps: 1000, Num episodes: 0
Num Steps: 2000, Num episodes: 0
Num Steps: 3000, Num episodes: 0
Num Steps: 4000, Num episodes: 0
Num Steps: 5000, Num episodes: 0
Num Steps: 6000, Num episodes: 0
Num Steps: 7000, Num episodes: 0
Num Steps: 8000, Num episodes: 0
Episode complete: 1 | Latest episode metrics: {'price_cost': 1.0200517443903658, 'emmision_cost': 1.0222928435006773}
[-0.25605414] -0.2560541417721822
Average Price Cost: 1.0200517443903658
Average Emmision Cost: 1.0222928435006773
Average of both costs: 1.0211722939455217
Total time taken by agent: 2.5853794715367258s
DONE!
