{'agent': 'DQN', 'action_selection': 'softmax', 'seed': 1, 'episodes': 100, 'data_path': 'data/citylearn_challenge_2022_phase_1', 'dry_run': False, 'n_discrete': 9, 'update_target': 8, 'lr': 0.003, 'batch_size': 16, 'adam_epsilon': 1e-06, 'epsilon_final': 0.02, 'run_id': 100}
{'Notes': 'This is a tuning run, executed on a single building.',
 'action_selection': 'softmax',
 'adam_epsilon': 1e-06,
 'env': '<NormalizeObservation<OneHotHour<DiscreteSingle<CityLearnEnv '
        'instance>>>>',
 'final_exploration_rate': 0.02,
 'final_exploration_step': 1000,
 'gamma': 0.99,
 'initial_exploration_rate': 1,
 'learning_rate': 0.003,
 'loss': 'mse',
 'minibatch_size': 16,
 'network': 'MLP(\n'
            '  (layers): Sequential(\n'
            '    (0): Linear(in_features=29, out_features=128, bias=True)\n'
            '    (1): ReLU()\n'
            '    (2): Linear(in_features=128, out_features=128, bias=True)\n'
            '    (3): ReLU()\n'
            '    (4): Linear(in_features=128, out_features=9, bias=True)\n'
            '  )\n'
            ')',
 'replay_buffer_size': 10000,
 'replay_start_size': 16,
 'seed': 1,
 'train_steps': 876000,
 'update_frequency': 1,
 'update_target_frequency': 8,
 'weight_scale': 1.4142135623730951}
Timestep : 8758, score : -8338.76497807997, Time : 23.231 s
Timestep : 17517, score : -10329.644893405915, Time : 22.472 s
Timestep : 26276, score : -7750.539227179484, Time : 22.521 s
Timestep : 35035, score : -10768.868044722738, Time : 22.619 s
Timestep : 43794, score : -12193.031011171697, Time : 22.358 s
Timestep : 52553, score : -5286.054565932049, Time : 22.588 s
Timestep : 61312, score : -4355.781424607529, Time : 22.935 s
Timestep : 70071, score : -4716.9179378612025, Time : 22.961 s
Timestep : 78830, score : -4639.041600516444, Time : 22.941 s
Timestep : 87589, score : -4480.735054714984, Time : 22.942 s
Timestep : 96348, score : -4410.637943336187, Time : 22.938 s
Timestep : 105107, score : -4407.018860224547, Time : 22.953 s
Timestep : 113866, score : -4408.567655069201, Time : 22.815 s
Timestep : 122625, score : -4431.740386478632, Time : 22.309 s
Timestep : 131384, score : -4326.361901928583, Time : 22.471 s
Timestep : 140143, score : -4286.999807021959, Time : 22.76 s
Timestep : 148902, score : -4285.903180693655, Time : 22.178 s
Timestep : 157661, score : -4170.631465941115, Time : 22.178 s
Timestep : 166420, score : -4220.327996434091, Time : 22.59 s
Timestep : 175179, score : -4203.940238940908, Time : 22.631 s
Timestep : 183938, score : -4163.843330509873, Time : 22.811 s
Timestep : 192697, score : -4285.23115632814, Time : 22.378 s
Timestep : 201456, score : -4173.132455853192, Time : 22.504 s
Timestep : 210215, score : -4166.264454971446, Time : 22.739 s
Timestep : 218974, score : -4271.61708649146, Time : 22.898 s
Timestep : 227733, score : -4205.910527539818, Time : 22.944 s
Timestep : 236492, score : -4208.341116040276, Time : 22.958 s
Timestep : 245251, score : -4256.797291789466, Time : 22.949 s
Timestep : 254010, score : -4129.4927098158805, Time : 22.936 s
Timestep : 262769, score : -4154.209213894239, Time : 22.952 s
Timestep : 271528, score : -4159.550185058179, Time : 22.923 s
Timestep : 280287, score : -4109.3355714631325, Time : 22.962 s
Timestep : 289046, score : -4071.113676568988, Time : 22.694 s
Timestep : 297805, score : -4152.069061854301, Time : 22.667 s
Timestep : 306564, score : -4107.147935589805, Time : 22.762 s
Timestep : 315323, score : -4096.748189446895, Time : 22.951 s
Timestep : 324082, score : -4113.43475267422, Time : 22.949 s
Timestep : 332841, score : -4107.314714179753, Time : 22.944 s
Timestep : 341600, score : -4077.778712702362, Time : 22.941 s
Timestep : 350359, score : -4105.475310722744, Time : 22.438 s
Timestep : 359118, score : -4148.265450043051, Time : 22.301 s
Timestep : 367877, score : -4134.145983470051, Time : 22.51 s
Timestep : 376636, score : -4180.76657048639, Time : 22.837 s
Timestep : 385395, score : -4155.751406942873, Time : 22.438 s
Timestep : 394154, score : -4099.983249311015, Time : 22.727 s
Timestep : 402913, score : -4126.174680368422, Time : 22.355 s
Timestep : 411672, score : -4140.661370181857, Time : 22.294 s
Timestep : 420431, score : -4188.663972588634, Time : 22.303 s
Timestep : 429190, score : -4119.233654988377, Time : 22.565 s
Timestep : 437949, score : -4075.002039215906, Time : 22.793 s
Timestep : 446708, score : -4225.2070287590905, Time : 22.813 s
Timestep : 455467, score : -4181.51751620826, Time : 22.289 s
Timestep : 464226, score : -4120.86820677566, Time : 22.211 s
Timestep : 472985, score : -4070.0790204232617, Time : 22.187 s
Timestep : 481744, score : -4115.104008612601, Time : 22.903 s
Timestep : 490503, score : -4118.8174614229065, Time : 22.963 s
Timestep : 499262, score : -4087.6161109855457, Time : 22.914 s
Timestep : 508021, score : -4087.197364469437, Time : 22.944 s
Timestep : 516780, score : -4096.850172241597, Time : 22.926 s
Timestep : 525539, score : -4134.805136447219, Time : 22.915 s
Timestep : 534298, score : -4132.80680504351, Time : 22.944 s
Timestep : 543057, score : -4182.766384079499, Time : 22.919 s
Timestep : 551816, score : -4157.388380063145, Time : 22.916 s
Timestep : 560575, score : -4168.916796275793, Time : 22.949 s
Timestep : 569334, score : -4158.383233444212, Time : 22.919 s
Timestep : 578093, score : -4141.7211061840935, Time : 22.924 s
Timestep : 586852, score : -4163.729937947734, Time : 22.965 s
Timestep : 595611, score : -4116.7050237519725, Time : 22.935 s
Timestep : 604370, score : -4096.3553746075195, Time : 22.945 s
Timestep : 613129, score : -4091.209162251471, Time : 22.96 s
Timestep : 621888, score : -4115.785605036683, Time : 22.927 s
Timestep : 630647, score : -4100.282236342697, Time : 22.948 s
Timestep : 639406, score : -4221.013405372767, Time : 22.955 s
Timestep : 648165, score : -4148.71214851868, Time : 22.96 s
Timestep : 656924, score : -4136.162921141746, Time : 22.964 s
Timestep : 665683, score : -4180.571901407471, Time : 22.952 s
Timestep : 674442, score : -4208.381407291075, Time : 22.928 s
Timestep : 683201, score : -4088.4505559981626, Time : 22.933 s
Timestep : 691960, score : -4099.072529991536, Time : 22.964 s
Timestep : 700719, score : -4078.9864460522367, Time : 22.978 s
Timestep : 709478, score : -4161.211312663654, Time : 22.938 s
Timestep : 718237, score : -4187.810460524081, Time : 22.928 s
Timestep : 726996, score : -4138.178832055448, Time : 22.938 s
Timestep : 735755, score : -4173.512066337658, Time : 22.916 s
Timestep : 744514, score : -4114.590693614824, Time : 22.968 s
Timestep : 753273, score : -4114.34949853961, Time : 22.987 s
Timestep : 762032, score : -4224.089861289976, Time : 22.938 s
Timestep : 770791, score : -4180.891288032202, Time : 22.927 s
Timestep : 779550, score : -4139.373436713038, Time : 22.934 s
Timestep : 788309, score : -4192.10637155865, Time : 22.938 s
Timestep : 797068, score : -4119.898535371249, Time : 22.92 s
Timestep : 805827, score : -4084.907040187536, Time : 22.927 s
Timestep : 814586, score : -4081.728682351677, Time : 22.985 s
Timestep : 823345, score : -4108.279218619136, Time : 22.968 s
Timestep : 832104, score : -4076.852636632888, Time : 22.947 s
Timestep : 840863, score : -4128.231123586564, Time : 22.385 s
Timestep : 849622, score : -4116.2261961786135, Time : 22.154 s
Timestep : 858381, score : -4154.83541734601, Time : 22.194 s
Timestep : 867140, score : -4125.018136916129, Time : 22.536 s
Timestep : 875899, score : -4129.782980546079, Time : 22.64 s
Starting local evaluation
Num Steps: 1000, Num episodes: 0
Num Steps: 2000, Num episodes: 0
Num Steps: 3000, Num episodes: 0
Num Steps: 4000, Num episodes: 0
Num Steps: 5000, Num episodes: 0
Num Steps: 6000, Num episodes: 0
Num Steps: 7000, Num episodes: 0
Num Steps: 8000, Num episodes: 0
Episode complete: 1 | Latest episode metrics: {'price_cost': 1.0036285748004974, 'emmision_cost': 1.0043129577806742}
[-0.23492928] -0.23492928349226205
Average Price Cost: 1.0036285748004974
Average Emmision Cost: 1.0043129577806742
Average of both costs: 1.003970766290586
Total time taken by agent: 3.6568157859146595s
DONE!
