{'agent': 'DQN', 'action_selection': 'egreedy', 'seed': 1, 'episodes': 100, 'data_path': 'data/citylearn_challenge_2022_phase_1', 'dry_run': False, 'n_discrete': 9, 'update_target': 4, 'lr': 0.01, 'batch_size': 16, 'adam_epsilon': 1e-05, 'epsilon_final': 0.02, 'run_id': 254}
{'Notes': 'This is a tuning run, executed on a single building.',
 'action_selection': 'egreedy',
 'adam_epsilon': 1e-05,
 'env': '<NormalizeObservation<OneHotHour<DiscreteSingle<CityLearnEnv '
        'instance>>>>',
 'final_exploration_rate': 0.02,
 'final_exploration_step': 1000,
 'gamma': 0.99,
 'initial_exploration_rate': 1,
 'learning_rate': 0.01,
 'loss': 'mse',
 'minibatch_size': 16,
 'network': 'MLP(\n'
            '  (layers): Sequential(\n'
            '    (0): Linear(in_features=29, out_features=128, bias=True)\n'
            '    (1): ReLU()\n'
            '    (2): Linear(in_features=128, out_features=128, bias=True)\n'
            '    (3): ReLU()\n'
            '    (4): Linear(in_features=128, out_features=9, bias=True)\n'
            '  )\n'
            ')',
 'replay_buffer_size': 10000,
 'replay_start_size': 16,
 'seed': 1,
 'train_steps': 876000,
 'update_frequency': 1,
 'update_target_frequency': 4,
 'weight_scale': 1.4142135623730951}
Timestep : 8758, score : -8281.524002414386, Time : 21.239 s
Timestep : 17517, score : -10169.611297024094, Time : 21.3 s
Timestep : 26276, score : -7142.425474959688, Time : 21.295 s
Timestep : 35035, score : -7889.062742444643, Time : 21.329 s
Timestep : 43794, score : -9292.108422806283, Time : 21.324 s
Timestep : 52553, score : -9858.462209222635, Time : 21.386 s
Timestep : 61312, score : -6350.553934150754, Time : 21.306 s
Timestep : 70071, score : -9290.678013250115, Time : 21.313 s
Timestep : 78830, score : -4804.860101442231, Time : 21.324 s
Timestep : 87589, score : -4488.8463270714565, Time : 21.316 s
Timestep : 96348, score : -4627.623204281001, Time : 21.31 s
Timestep : 105107, score : -4510.468364554836, Time : 21.339 s
Timestep : 113866, score : -4503.223059500946, Time : 21.339 s
Timestep : 122625, score : -4512.631612380414, Time : 21.329 s
Timestep : 131384, score : -4426.077935727866, Time : 21.364 s
Timestep : 140143, score : -4621.749821461184, Time : 21.387 s
Timestep : 148902, score : -4503.594077919988, Time : 21.391 s
Timestep : 157661, score : -4507.214741117699, Time : 21.401 s
Timestep : 166420, score : -4413.829004326282, Time : 21.403 s
Timestep : 175179, score : -4462.469422066963, Time : 21.394 s
Timestep : 183938, score : -4539.19224996437, Time : 21.376 s
Timestep : 192697, score : -4487.841526444448, Time : 21.735 s
Timestep : 201456, score : -4297.084963688074, Time : 21.96 s
Timestep : 210215, score : -4524.554958645327, Time : 21.855 s
Timestep : 218974, score : -4414.657791139005, Time : 22.063 s
Timestep : 227733, score : -4437.872720241809, Time : 22.072 s
Timestep : 236492, score : -4385.951977450313, Time : 22.054 s
Timestep : 245251, score : -4441.398465776263, Time : 22.067 s
Timestep : 254010, score : -4373.934852161823, Time : 22.06 s
Timestep : 262769, score : -4543.175960247201, Time : 22.04 s
Timestep : 271528, score : -4469.526294039009, Time : 21.322 s
Timestep : 280287, score : -4418.514082288748, Time : 21.307 s
Timestep : 289046, score : -4548.014647287695, Time : 21.297 s
Timestep : 297805, score : -4491.782894171221, Time : 21.306 s
Timestep : 306564, score : -4527.686539120419, Time : 21.296 s
Timestep : 315323, score : -4421.008800686715, Time : 21.288 s
Timestep : 324082, score : -4544.3572688739805, Time : 21.293 s
Timestep : 332841, score : -4621.101147863461, Time : 21.285 s
Timestep : 341600, score : -4559.108954625583, Time : 21.385 s
Timestep : 350359, score : -4502.263672757341, Time : 21.305 s
Timestep : 359118, score : -4503.566480207635, Time : 21.294 s
Timestep : 367877, score : -4543.391229751898, Time : 21.486 s
Timestep : 376636, score : -4626.074110300542, Time : 21.405 s
Timestep : 385395, score : -4588.030031004368, Time : 21.314 s
Timestep : 394154, score : -4483.789851164824, Time : 21.296 s
Timestep : 402913, score : -4396.713307950093, Time : 21.297 s
Timestep : 411672, score : -4649.631149358494, Time : 21.286 s
Timestep : 420431, score : -4557.42734436263, Time : 21.408 s
Timestep : 429190, score : -4620.954110123479, Time : 21.287 s
Timestep : 437949, score : -4534.898792231528, Time : 21.283 s
Timestep : 446708, score : -4493.166378706766, Time : 21.296 s
Timestep : 455467, score : -4564.079162503971, Time : 21.751 s
Timestep : 464226, score : -4546.564003597741, Time : 21.935 s
Timestep : 472985, score : -4560.174197209446, Time : 21.965 s
Timestep : 481744, score : -4659.698443894653, Time : 21.936 s
Timestep : 490503, score : -4491.994547170965, Time : 21.955 s
Timestep : 499262, score : -4468.664093517655, Time : 21.938 s
Timestep : 508021, score : -4506.156970163138, Time : 21.527 s
Timestep : 516780, score : -4525.106488967693, Time : 21.29 s
Timestep : 525539, score : -4475.161304735957, Time : 21.7 s
Timestep : 534298, score : -4560.128044573037, Time : 21.823 s
Timestep : 543057, score : -4504.510056917934, Time : 21.948 s
Timestep : 551816, score : -4454.703357034741, Time : 21.942 s
Timestep : 560575, score : -4470.587702614634, Time : 21.502 s
Timestep : 569334, score : -4523.882608161221, Time : 21.392 s
Timestep : 578093, score : -4506.095189930318, Time : 21.37 s
Timestep : 586852, score : -4659.96186627206, Time : 21.559 s
Timestep : 595611, score : -4512.1517578376515, Time : 21.944 s
Timestep : 604370, score : -4535.053952853574, Time : 21.949 s
Timestep : 613129, score : -4562.712837499945, Time : 21.945 s
Timestep : 621888, score : -4558.947738320945, Time : 21.947 s
Timestep : 630647, score : -4461.047907424072, Time : 21.949 s
Timestep : 639406, score : -4536.676596279169, Time : 21.951 s
Timestep : 648165, score : -4498.816937615542, Time : 21.855 s
Timestep : 656924, score : -4549.810927426821, Time : 21.943 s
Timestep : 665683, score : -4567.605592543288, Time : 21.957 s
Timestep : 674442, score : -4493.949623536813, Time : 21.775 s
Timestep : 683201, score : -4546.521910526237, Time : 21.867 s
Timestep : 691960, score : -4544.219857888675, Time : 21.96 s
Timestep : 700719, score : -4473.117850618815, Time : 21.948 s
Timestep : 709478, score : -4406.351989010727, Time : 21.882 s
Timestep : 718237, score : -4583.101008157624, Time : 21.886 s
Timestep : 726996, score : -4442.346427494107, Time : 21.376 s
Timestep : 735755, score : -4701.225226832932, Time : 21.383 s
Timestep : 744514, score : -4450.338466178073, Time : 21.366 s
Timestep : 753273, score : -4534.011125275312, Time : 21.683 s
Timestep : 762032, score : -4377.321939454792, Time : 21.946 s
Timestep : 770791, score : -4572.778740559152, Time : 21.945 s
Timestep : 779550, score : -4399.926683674945, Time : 21.706 s
Timestep : 788309, score : -4348.13337938991, Time : 21.39 s
Timestep : 797068, score : -4407.111893653317, Time : 21.376 s
Timestep : 805827, score : -4397.973142367235, Time : 21.375 s
Timestep : 814586, score : -4524.62572298749, Time : 21.366 s
Timestep : 823345, score : -4385.438322001632, Time : 21.36 s
Timestep : 832104, score : -4478.252770585386, Time : 21.376 s
Timestep : 840863, score : -4530.795640536962, Time : 21.367 s
Timestep : 849622, score : -4478.226950192271, Time : 21.709 s
Timestep : 858381, score : -4524.223508631258, Time : 21.643 s
Timestep : 867140, score : -4521.731641189574, Time : 21.284 s
Timestep : 875899, score : -4443.3926283767505, Time : 21.284 s
Starting local evaluation
Num Steps: 1000, Num episodes: 0
Num Steps: 2000, Num episodes: 0
Num Steps: 3000, Num episodes: 0
Num Steps: 4000, Num episodes: 0
Num Steps: 5000, Num episodes: 0
Num Steps: 6000, Num episodes: 0
Num Steps: 7000, Num episodes: 0
Num Steps: 8000, Num episodes: 0
Episode complete: 1 | Latest episode metrics: {'price_cost': 1.0280893237395559, 'emmision_cost': 1.0334893183408536}
[-0.26780574] -0.26780574337861857
Average Price Cost: 1.0280893237395559
Average Emmision Cost: 1.0334893183408536
Average of both costs: 1.0307893210402046
Total time taken by agent: 2.504564667120576s
DONE!
