{'agent': 'DQN', 'action_selection': 'egreedy', 'seed': 1, 'episodes': 100, 'data_path': 'data/citylearn_challenge_2022_phase_1', 'dry_run': False, 'n_discrete': 9, 'update_target': 4, 'lr': 0.003, 'batch_size': 16, 'adam_epsilon': 1e-06, 'epsilon_final': 0.1, 'run_id': 400}
{'Notes': 'This is a tuning run, executed on a single building.',
 'action_selection': 'egreedy',
 'adam_epsilon': 1e-06,
 'env': '<NormalizeObservation<OneHotHour<DiscreteSingle<CityLearnEnv '
        'instance>>>>',
 'final_exploration_rate': 0.02,
 'final_exploration_step': 1000,
 'gamma': 0.99,
 'initial_exploration_rate': 1,
 'learning_rate': 0.003,
 'loss': 'mse',
 'minibatch_size': 16,
 'network': 'MLP(\n'
            '  (layers): Sequential(\n'
            '    (0): Linear(in_features=29, out_features=128, bias=True)\n'
            '    (1): ReLU()\n'
            '    (2): Linear(in_features=128, out_features=128, bias=True)\n'
            '    (3): ReLU()\n'
            '    (4): Linear(in_features=128, out_features=9, bias=True)\n'
            '  )\n'
            ')',
 'replay_buffer_size': 10000,
 'replay_start_size': 16,
 'seed': 1,
 'train_steps': 876000,
 'update_frequency': 1,
 'update_target_frequency': 4,
 'weight_scale': 1.4142135623730951}
Timestep : 8758, score : -9333.160564858772, Time : 22.245 s
Timestep : 17517, score : -13342.567359710927, Time : 22.373 s
Timestep : 26276, score : -6510.115596384814, Time : 22.063 s
Timestep : 35035, score : -9049.336552965833, Time : 22.327 s
Timestep : 43794, score : -5525.2255413296225, Time : 22.335 s
Timestep : 52553, score : -4473.232586692466, Time : 22.33 s
Timestep : 61312, score : -4533.526710421225, Time : 22.325 s
Timestep : 70071, score : -4399.150373218494, Time : 22.036 s
Timestep : 78830, score : -4637.082920544228, Time : 22.145 s
Timestep : 87589, score : -4586.38870267701, Time : 22.327 s
Timestep : 96348, score : -4560.095978779165, Time : 22.071 s
Timestep : 105107, score : -4415.104036373465, Time : 22.193 s
Timestep : 113866, score : -4609.238489930896, Time : 22.199 s
Timestep : 122625, score : -4470.443462946831, Time : 22.206 s
Timestep : 131384, score : -4432.269487704878, Time : 22.171 s
Timestep : 140143, score : -4598.473715312226, Time : 22.372 s
Timestep : 148902, score : -4507.122616243927, Time : 21.738 s
Timestep : 157661, score : -4428.86950081159, Time : 21.85 s
Timestep : 166420, score : -4406.099445103115, Time : 22.236 s
Timestep : 175179, score : -4422.419378463557, Time : 22.24 s
Timestep : 183938, score : -4537.157382880658, Time : 22.243 s
Timestep : 192697, score : -4488.351841066411, Time : 22.248 s
Timestep : 201456, score : -4488.540028248361, Time : 21.997 s
Timestep : 210215, score : -4520.33683227413, Time : 22.137 s
Timestep : 218974, score : -4376.815839154093, Time : 22.076 s
Timestep : 227733, score : -4438.942185019521, Time : 22.245 s
Timestep : 236492, score : -4482.781162608328, Time : 21.925 s
Timestep : 245251, score : -4408.4924924274965, Time : 21.922 s
Timestep : 254010, score : -4545.802805838088, Time : 22.239 s
Timestep : 262769, score : -4589.04009448344, Time : 22.242 s
Timestep : 271528, score : -4455.9324694885, Time : 22.228 s
Timestep : 280287, score : -4419.2794759631215, Time : 22.239 s
Timestep : 289046, score : -4562.160047074227, Time : 22.215 s
Timestep : 297805, score : -4407.812327453314, Time : 22.215 s
Timestep : 306564, score : -4529.945090261666, Time : 22.209 s
Timestep : 315323, score : -4422.413734462956, Time : 22.211 s
Timestep : 324082, score : -4493.690904369025, Time : 21.855 s
Timestep : 332841, score : -4430.378960918082, Time : 22.214 s
Timestep : 341600, score : -4463.640741369134, Time : 22.19 s
Timestep : 350359, score : -4439.000152062188, Time : 22.21 s
Timestep : 359118, score : -4510.968582439615, Time : 22.221 s
Timestep : 367877, score : -4444.60540789683, Time : 22.025 s
Timestep : 376636, score : -4616.842313760222, Time : 22.209 s
Timestep : 385395, score : -4440.817870581901, Time : 22.214 s
Timestep : 394154, score : -4448.387174293777, Time : 22.208 s
Timestep : 402913, score : -4335.5940697876795, Time : 22.185 s
Timestep : 411672, score : -4654.595336414321, Time : 22.209 s
Timestep : 420431, score : -4583.488053673325, Time : 22.213 s
Timestep : 429190, score : -4534.100417006091, Time : 22.202 s
Timestep : 437949, score : -4487.765367010681, Time : 22.081 s
Timestep : 446708, score : -4402.542315196319, Time : 21.981 s
Timestep : 455467, score : -4475.905417968897, Time : 22.083 s
Timestep : 464226, score : -4547.60960943703, Time : 22.178 s
Timestep : 472985, score : -4504.928454350127, Time : 22.148 s
Timestep : 481744, score : -4500.812557382422, Time : 22.169 s
Timestep : 490503, score : -4426.672287114343, Time : 22.139 s
Timestep : 499262, score : -4378.2010302720155, Time : 22.165 s
Timestep : 508021, score : -4467.542586269585, Time : 21.827 s
Timestep : 516780, score : -4424.16385636889, Time : 22.113 s
Timestep : 525539, score : -4464.223045538791, Time : 22.179 s
Timestep : 534298, score : -4607.682942060201, Time : 22.168 s
Timestep : 543057, score : -4507.021391515533, Time : 22.192 s
Timestep : 551816, score : -4386.764055994718, Time : 22.135 s
Timestep : 560575, score : -4496.291421772359, Time : 22.182 s
Timestep : 569334, score : -4411.303735449357, Time : 22.164 s
Timestep : 578093, score : -4452.238520200743, Time : 22.178 s
Timestep : 586852, score : -4658.082444702653, Time : 22.101 s
Timestep : 595611, score : -4550.499892652413, Time : 22.187 s
Timestep : 604370, score : -4463.552393147169, Time : 22.158 s
Timestep : 613129, score : -4505.001631098246, Time : 22.155 s
Timestep : 621888, score : -4571.205353844358, Time : 22.022 s
Timestep : 630647, score : -4438.086626787583, Time : 22.189 s
Timestep : 639406, score : -4544.143433089281, Time : 22.099 s
Timestep : 648165, score : -4560.956680531061, Time : 22.154 s
Timestep : 656924, score : -4608.987498445815, Time : 22.597 s
Timestep : 665683, score : -4528.343524610653, Time : 22.548 s
Timestep : 674442, score : -4409.216149518761, Time : 22.359 s
Timestep : 683201, score : -4466.022788215807, Time : 21.829 s
Timestep : 691960, score : -4364.86725221519, Time : 21.842 s
Timestep : 700719, score : -4413.763174021064, Time : 22.14 s
Timestep : 709478, score : -4442.98918183372, Time : 22.198 s
Timestep : 718237, score : -4554.567477903707, Time : 22.264 s
Timestep : 726996, score : -4375.67992006187, Time : 22.003 s
Timestep : 735755, score : -4535.095648015296, Time : 22.152 s
Timestep : 744514, score : -4415.2887637553795, Time : 21.998 s
Timestep : 753273, score : -4536.157142156182, Time : 21.929 s
Timestep : 762032, score : -4380.899731619662, Time : 22.009 s
Timestep : 770791, score : -4533.481565025082, Time : 22.174 s
Timestep : 779550, score : -4403.454038287426, Time : 21.971 s
Timestep : 788309, score : -4436.602546890645, Time : 21.971 s
Timestep : 797068, score : -4470.016376062675, Time : 21.878 s
Timestep : 805827, score : -4374.121822845569, Time : 21.874 s
Timestep : 814586, score : -4526.25737584001, Time : 21.878 s
Timestep : 823345, score : -4512.994449786405, Time : 21.904 s
Timestep : 832104, score : -4555.322365430562, Time : 21.872 s
Timestep : 840863, score : -4564.623218105553, Time : 22.043 s
Timestep : 849622, score : -4428.4264407720475, Time : 22.294 s
Timestep : 858381, score : -4518.1301547860785, Time : 21.885 s
Timestep : 867140, score : -4454.898194099689, Time : 21.875 s
Timestep : 875899, score : -4472.894140818535, Time : 21.882 s
Starting local evaluation
Num Steps: 1000, Num episodes: 0
Num Steps: 2000, Num episodes: 0
Num Steps: 3000, Num episodes: 0
Num Steps: 4000, Num episodes: 0
Num Steps: 5000, Num episodes: 0
Num Steps: 6000, Num episodes: 0
Num Steps: 7000, Num episodes: 0
Num Steps: 8000, Num episodes: 0
Episode complete: 1 | Latest episode metrics: {'price_cost': 1.020179124022981, 'emmision_cost': 1.0239409608254981}
[-0.25710731] -0.2571073095411594
Average Price Cost: 1.020179124022981
Average Emmision Cost: 1.0239409608254981
Average of both costs: 1.0220600424242394
Total time taken by agent: 2.575030486099422s
DONE!
