{'agent': 'DQN', 'action_selection': 'egreedy', 'seed': 1, 'episodes': 100, 'data_path': 'data/citylearn_challenge_2022_phase_1', 'dry_run': False, 'n_discrete': 9, 'update_target': 16, 'lr': 0.1, 'batch_size': 8, 'adam_epsilon': 1e-07, 'epsilon_final': 0.01, 'run_id': 384}
{'Notes': 'This is a tuning run, executed on a single building.',
 'action_selection': 'egreedy',
 'adam_epsilon': 1e-07,
 'env': '<NormalizeObservation<OneHotHour<DiscreteSingle<CityLearnEnv '
        'instance>>>>',
 'final_exploration_rate': 0.02,
 'final_exploration_step': 1000,
 'gamma': 0.99,
 'initial_exploration_rate': 1,
 'learning_rate': 0.1,
 'loss': 'mse',
 'minibatch_size': 8,
 'network': 'MLP(\n'
            '  (layers): Sequential(\n'
            '    (0): Linear(in_features=29, out_features=128, bias=True)\n'
            '    (1): ReLU()\n'
            '    (2): Linear(in_features=128, out_features=128, bias=True)\n'
            '    (3): ReLU()\n'
            '    (4): Linear(in_features=128, out_features=9, bias=True)\n'
            '  )\n'
            ')',
 'replay_buffer_size': 10000,
 'replay_start_size': 8,
 'seed': 1,
 'train_steps': 876000,
 'update_frequency': 1,
 'update_target_frequency': 16,
 'weight_scale': 1.4142135623730951}
Timestep : 8758, score : -5375.71515141784, Time : 19.727 s
Timestep : 17517, score : -4517.30657831431, Time : 19.835 s
Timestep : 26276, score : -4628.372560129879, Time : 19.692 s
Timestep : 35035, score : -4378.617989109276, Time : 19.737 s
Timestep : 43794, score : -4454.392950419715, Time : 20.093 s
Timestep : 52553, score : -4590.040526074736, Time : 20.313 s
Timestep : 61312, score : -4489.91996092019, Time : 20.329 s
Timestep : 70071, score : -4542.677178935526, Time : 20.371 s
Timestep : 78830, score : -4580.307692150964, Time : 20.34 s
Timestep : 87589, score : -4640.656666093884, Time : 20.385 s
Timestep : 96348, score : -4654.534272595687, Time : 20.402 s
Timestep : 105107, score : -4614.704191961704, Time : 20.333 s
Timestep : 113866, score : -4624.910790139256, Time : 20.337 s
Timestep : 122625, score : -4496.692152416712, Time : 20.316 s
Timestep : 131384, score : -4472.29637941104, Time : 20.284 s
Timestep : 140143, score : -4596.8121087974, Time : 20.333 s
Timestep : 148902, score : -4469.988904544531, Time : 20.271 s
Timestep : 157661, score : -4625.381483100733, Time : 19.792 s
Timestep : 166420, score : -4596.716888175724, Time : 19.774 s
Timestep : 175179, score : -4570.804848953529, Time : 19.766 s
Timestep : 183938, score : -4516.332886645483, Time : 19.786 s
Timestep : 192697, score : -4571.13333700705, Time : 19.761 s
Timestep : 201456, score : -4605.003451365425, Time : 19.789 s
Timestep : 210215, score : -4580.551383288024, Time : 19.813 s
Timestep : 218974, score : -4420.9942177374905, Time : 19.764 s
Timestep : 227733, score : -4486.766659903718, Time : 19.745 s
Timestep : 236492, score : -4466.1966691253765, Time : 19.518 s
Timestep : 245251, score : -4563.579457732922, Time : 19.551 s
Timestep : 254010, score : -4748.551218105858, Time : 19.555 s
Timestep : 262769, score : -4580.433005808765, Time : 19.592 s
Timestep : 271528, score : -4533.934487537859, Time : 19.62 s
Timestep : 280287, score : -4682.240874800278, Time : 19.765 s
Timestep : 289046, score : -4471.169682032807, Time : 19.764 s
Timestep : 297805, score : -4516.368862805335, Time : 19.797 s
Timestep : 306564, score : -4505.61492346556, Time : 19.574 s
Timestep : 315323, score : -4636.735804769589, Time : 19.47 s
Timestep : 324082, score : -4564.177180508181, Time : 19.612 s
Timestep : 332841, score : -4501.735308653122, Time : 20.34 s
Timestep : 341600, score : -4552.164660719602, Time : 19.944 s
Timestep : 350359, score : -4560.035017372487, Time : 19.777 s
Timestep : 359118, score : -4588.647200816689, Time : 19.748 s
Timestep : 367877, score : -4533.607618912036, Time : 19.799 s
Timestep : 376636, score : -4563.201971074013, Time : 19.734 s
Timestep : 385395, score : -4657.603448010428, Time : 19.743 s
Timestep : 394154, score : -4502.847244498698, Time : 19.768 s
Timestep : 402913, score : -4489.114220534364, Time : 19.772 s
Timestep : 411672, score : -4548.5465706571995, Time : 19.776 s
Timestep : 420431, score : -4598.433311329718, Time : 19.778 s
Timestep : 429190, score : -4485.110613176046, Time : 19.814 s
Timestep : 437949, score : -4623.400804720266, Time : 19.817 s
Timestep : 446708, score : -4543.466130621178, Time : 19.895 s
Timestep : 455467, score : -4423.82950628121, Time : 19.911 s
Timestep : 464226, score : -4471.146187488368, Time : 20.065 s
Timestep : 472985, score : -4515.519279566972, Time : 19.993 s
Timestep : 481744, score : -4462.601630933961, Time : 19.913 s
Timestep : 490503, score : -4613.746497736574, Time : 19.922 s
Timestep : 499262, score : -4530.090226793109, Time : 19.917 s
Timestep : 508021, score : -4543.076863102411, Time : 19.846 s
Timestep : 516780, score : -4608.786148331972, Time : 19.827 s
Timestep : 525539, score : -4571.252781893505, Time : 19.893 s
Timestep : 534298, score : -4539.686439643527, Time : 19.84 s
Timestep : 543057, score : -4556.557153509377, Time : 19.911 s
Timestep : 551816, score : -4508.78452768494, Time : 19.86 s
Timestep : 560575, score : -4348.199275260238, Time : 19.849 s
Timestep : 569334, score : -4520.829123553893, Time : 19.856 s
Timestep : 578093, score : -4502.5408503333165, Time : 19.842 s
Timestep : 586852, score : -4535.258066346316, Time : 19.804 s
Timestep : 595611, score : -4552.178945923646, Time : 19.767 s
Timestep : 604370, score : -4450.082137545018, Time : 19.776 s
Timestep : 613129, score : -4588.509242238855, Time : 19.803 s
Timestep : 621888, score : -4499.888001325919, Time : 19.779 s
Timestep : 630647, score : -4598.458277454978, Time : 19.85 s
Timestep : 639406, score : -4560.687548444985, Time : 19.864 s
Timestep : 648165, score : -4481.095568298741, Time : 19.789 s
Timestep : 656924, score : -4520.533125630958, Time : 19.878 s
Timestep : 665683, score : -4601.866380365012, Time : 19.832 s
Timestep : 674442, score : -4556.988125702745, Time : 19.771 s
Timestep : 683201, score : -4556.863203509391, Time : 19.747 s
Timestep : 691960, score : -4626.127584328322, Time : 20.258 s
Timestep : 700719, score : -4628.417623331799, Time : 19.78 s
Timestep : 709478, score : -4536.253132424696, Time : 19.883 s
Timestep : 718237, score : -4517.4825440313725, Time : 20.327 s
Timestep : 726996, score : -4677.057229926257, Time : 19.963 s
Timestep : 735755, score : -4579.646181543736, Time : 19.764 s
Timestep : 744514, score : -4491.415431016969, Time : 19.743 s
Timestep : 753273, score : -4509.206857889338, Time : 19.858 s
Timestep : 762032, score : -4423.034480231305, Time : 19.728 s
Timestep : 770791, score : -4471.98849470148, Time : 20.061 s
Timestep : 779550, score : -4382.803954784205, Time : 19.47 s
Timestep : 788309, score : -4478.110916831909, Time : 19.848 s
Timestep : 797068, score : -4483.267359330697, Time : 19.745 s
Timestep : 805827, score : -4409.159929188347, Time : 19.684 s
Timestep : 814586, score : -4547.620485443069, Time : 19.636 s
Timestep : 823345, score : -4585.1038672383, Time : 19.916 s
Timestep : 832104, score : -4445.220304665534, Time : 19.945 s
Timestep : 840863, score : -4581.118412907614, Time : 20.011 s
Timestep : 849622, score : -4662.954954057379, Time : 20.071 s
Timestep : 858381, score : -4541.058771739161, Time : 20.043 s
Timestep : 867140, score : -4646.825081434945, Time : 20.035 s
Timestep : 875899, score : -4583.547398601731, Time : 20.03 s
Starting local evaluation
Num Steps: 1000, Num episodes: 0
Num Steps: 2000, Num episodes: 0
Num Steps: 3000, Num episodes: 0
Num Steps: 4000, Num episodes: 0
Num Steps: 5000, Num episodes: 0
Num Steps: 6000, Num episodes: 0
Num Steps: 7000, Num episodes: 0
Num Steps: 8000, Num episodes: 0
Episode complete: 1 | Latest episode metrics: {'price_cost': 1.018940532487975, 'emmision_cost': 1.0217433394158797}
[-0.25501801] -0.2550180103769667
Average Price Cost: 1.018940532487975
Average Emmision Cost: 1.0217433394158797
Average of both costs: 1.0203419359519272
Total time taken by agent: 2.192283710464835s
DONE!
