{'agent': 'UADQN', 'action_selection': 'softmax', 'seed': 1, 'episodes': 50, 'data_path': 'data/citylearn_challenge_2022_phase_1', 'dry_run': False, 'n_discrete': 9, 'update_target': 16, 'lr': 0.0001, 'batch_size': 4, 'adam_epsilon': 1e-05, 'epsilon_final': 0.02, 'run_id': 424}
{'Notes': 'This is a tuning run, executed on a single building.',
 'adam_epsilon': 1e-05,
 'aleatoric_factor': 0,
 'biased_aleatoric': False,
 'env': '<NormalizeObservation<OneHotHour<DiscreteSingle<CityLearnEnv '
        'instance>>>>',
 'epistemic_factor': 1,
 'gamma': 0.99,
 'learning_rate': 0.0001,
 'minibatch_size': 4,
 'n_quantiles': 20,
 'network': 'MLP(\n'
            '  (layers): Sequential(\n'
            '    (0): Linear(in_features=29, out_features=128, bias=True)\n'
            '    (1): ReLU()\n'
            '    (2): Linear(in_features=128, out_features=128, bias=True)\n'
            '    (3): ReLU()\n'
            '    (4): Linear(in_features=128, out_features=180, bias=True)\n'
            '  )\n'
            ')',
 'noise_scale': 1,
 'replay_buffer_size': 10000,
 'replay_start_size': 4,
 'seed': 1,
 'train_steps': 438000,
 'update_frequency': 1,
 'update_target_frequency': 16,
 'weight_scale': 1.4142135623730951}
Timestep : 8758, score : -7595.192845650046, Time : 76.013 s
Timestep : 17517, score : -3514.802711274431, Time : 75.955 s
Timestep : 26276, score : -2305.2613738150394, Time : 75.815 s
Timestep : 35035, score : -1941.041323457961, Time : 75.703 s
Timestep : 43794, score : -1593.6993741495535, Time : 76.153 s
Timestep : 52553, score : -1502.3062743595, Time : 76.271 s
Timestep : 61312, score : -1753.8431132074775, Time : 76.457 s
Timestep : 70071, score : -2383.804594522604, Time : 76.549 s
Timestep : 78830, score : -2214.2587513696635, Time : 76.44 s
Timestep : 87589, score : -2215.1827743712493, Time : 76.195 s
Timestep : 96348, score : -2233.1488397893936, Time : 76.152 s
Timestep : 105107, score : -2163.396008682874, Time : 76.131 s
Timestep : 113866, score : -1885.6192307451565, Time : 76.164 s
Timestep : 122625, score : -1987.691206606367, Time : 76.083 s
Timestep : 131384, score : -1774.8833921484475, Time : 76.079 s
Timestep : 140143, score : -2257.9779425666493, Time : 76.086 s
Timestep : 148902, score : -1657.389133335625, Time : 76.321 s
Timestep : 157661, score : -1643.8214386715917, Time : 76.109 s
Timestep : 166420, score : -1538.6594489724812, Time : 76.36 s
Timestep : 175179, score : -1799.2969182664256, Time : 76.582 s
Timestep : 183938, score : -1688.7273380849365, Time : 76.604 s
Timestep : 192697, score : -1673.7510801269382, Time : 76.599 s
Timestep : 201456, score : -1584.1871272561002, Time : 76.297 s
Timestep : 210215, score : -1337.298671820627, Time : 76.278 s
Timestep : 218974, score : -1179.493891711165, Time : 76.317 s
Timestep : 227733, score : -1526.3618209618435, Time : 76.249 s
Timestep : 236492, score : -1350.5809813071464, Time : 76.274 s
Timestep : 245251, score : -1343.652097016442, Time : 76.285 s
Timestep : 254010, score : -1639.974211152672, Time : 77.197 s
Timestep : 262769, score : -1540.5245547515806, Time : 76.251 s
Timestep : 271528, score : -1401.9637853847526, Time : 76.249 s
Timestep : 280287, score : -1138.4606538292428, Time : 76.214 s
Timestep : 289046, score : -1159.2969674866472, Time : 76.351 s
Timestep : 297805, score : -1260.8545600287034, Time : 76.44 s
Timestep : 306564, score : -1333.9406890080136, Time : 76.46 s
Timestep : 315323, score : -1136.1968979540106, Time : 76.537 s
Timestep : 324082, score : -1172.744698933122, Time : 76.557 s
Timestep : 332841, score : -1300.6581814891251, Time : 77.446 s
Timestep : 341600, score : -1080.0126715647348, Time : 78.646 s
Timestep : 350359, score : -1129.1227307016961, Time : 78.738 s
Timestep : 359118, score : -1145.9445450909698, Time : 81.095 s
Timestep : 367877, score : -930.2257593642571, Time : 79.003 s
Timestep : 376636, score : -944.2974152949464, Time : 78.384 s
Timestep : 385395, score : -1050.0897697117762, Time : 81.106 s
Timestep : 394154, score : -1353.955434625299, Time : 79.755 s
Timestep : 402913, score : -1173.5811897203675, Time : 81.902 s
Timestep : 411672, score : -1504.9912875784794, Time : 81.81 s
Timestep : 420431, score : -1222.4512897808308, Time : 79.08 s
Timestep : 429190, score : -1114.1614947601192, Time : 81.814 s
Timestep : 437949, score : -1082.0256128221517, Time : 81.825 s
Starting local evaluation
Num Steps: 1000, Num episodes: 0
Num Steps: 2000, Num episodes: 0
Num Steps: 3000, Num episodes: 0
Num Steps: 4000, Num episodes: 0
Num Steps: 5000, Num episodes: 0
Num Steps: 6000, Num episodes: 0
Num Steps: 7000, Num episodes: 0
Num Steps: 8000, Num episodes: 0
Episode complete: 1 | Latest episode metrics: {'price_cost': 0.8357300430310362, 'emmision_cost': 0.9138620248368385}
[-0.07399899] -0.07399898622826995
Average Price Cost: 0.8357300430310362
Average Emmision Cost: 0.9138620248368385
Average of both costs: 0.8747960339339373
Total time taken by agent: 13.003102362010395s
DONE!
