{'agent': 'UADQN', 'action_selection': 'softmax', 'seed': 1, 'episodes': 100, 'data_path': 'data/citylearn_challenge_2022_phase_1', 'dry_run': False, 'n_discrete': 9, 'update_target': 4, 'lr': 3e-05, 'batch_size': 16, 'adam_epsilon': 1e-10, 'epsilon_final': 0.02, 'run_id': 458}
{'Notes': 'This is a tuning run, executed on a single building.',
 'adam_epsilon': 1e-10,
 'aleatoric_factor': 0,
 'biased_aleatoric': False,
 'env': '<NormalizeObservation<OneHotHour<DiscreteSingle<CityLearnEnv '
        'instance>>>>',
 'epistemic_factor': 1,
 'gamma': 0.99,
 'learning_rate': 3e-05,
 'minibatch_size': 16,
 'n_quantiles': 20,
 'network': 'MLP(\n'
            '  (layers): Sequential(\n'
            '    (0): Linear(in_features=29, out_features=128, bias=True)\n'
            '    (1): ReLU()\n'
            '    (2): Linear(in_features=128, out_features=128, bias=True)\n'
            '    (3): ReLU()\n'
            '    (4): Linear(in_features=128, out_features=180, bias=True)\n'
            '  )\n'
            ')',
 'noise_scale': 1,
 'replay_buffer_size': 10000,
 'replay_start_size': 16,
 'seed': 1,
 'train_steps': 876000,
 'update_frequency': 1,
 'update_target_frequency': 4,
 'weight_scale': 1.4142135623730951}
Timestep : 8758, score : -6624.977103063866, Time : 75.021 s
Timestep : 17517, score : -4491.056328927742, Time : 77.693 s
Timestep : 26276, score : -3951.072456794587, Time : 77.129 s
Timestep : 35035, score : -2118.5700716966094, Time : 75.481 s
Timestep : 43794, score : -1765.1400470047083, Time : 78.123 s
Timestep : 52553, score : -1591.667138828343, Time : 77.618 s
Timestep : 61312, score : -1837.798170407681, Time : 76.413 s
Timestep : 70071, score : -1800.5488727835036, Time : 76.787 s
Timestep : 78830, score : -1693.6261874955671, Time : 78.091 s
Timestep : 87589, score : -1995.7855593408167, Time : 77.3 s
Timestep : 96348, score : -1667.9359953431704, Time : 76.155 s
Timestep : 105107, score : -1704.2074378872348, Time : 78.188 s
Timestep : 113866, score : -1684.1746366610168, Time : 78.161 s
Timestep : 122625, score : -2146.010421115425, Time : 75.384 s
Timestep : 131384, score : -2160.677167894697, Time : 78.826 s
Timestep : 140143, score : -1938.894775283261, Time : 77.94 s
Timestep : 148902, score : -1691.7209375735838, Time : 74.676 s
Timestep : 157661, score : -1775.1422915400635, Time : 78.622 s
Timestep : 166420, score : -1616.0284654016723, Time : 77.775 s
Timestep : 175179, score : -1459.8665363521286, Time : 77.045 s
Timestep : 183938, score : -1616.0920448730412, Time : 77.127 s
Timestep : 192697, score : -1433.9934346601658, Time : 77.942 s
Timestep : 201456, score : -1367.4468805284014, Time : 76.582 s
Timestep : 210215, score : -1583.2701003684197, Time : 72.821 s
Timestep : 218974, score : -1626.5538797653135, Time : 75.982 s
Timestep : 227733, score : -1472.0025559626229, Time : 76.704 s
Timestep : 236492, score : -1402.7383144722407, Time : 73.231 s
Timestep : 245251, score : -1337.3580936221406, Time : 75.915 s
Timestep : 254010, score : -1591.439504551563, Time : 76.79 s
Timestep : 262769, score : -1692.0776012246733, Time : 71.897 s
Timestep : 271528, score : -1368.7756287049851, Time : 72.478 s
Timestep : 280287, score : -1309.0479113775364, Time : 72.71 s
Timestep : 289046, score : -1366.9864812069864, Time : 72.376 s
Timestep : 297805, score : -1477.8234618628921, Time : 69.846 s
Timestep : 306564, score : -1484.7101467657812, Time : 72.82 s
Timestep : 315323, score : -1401.0701748606807, Time : 74.742 s
Timestep : 324082, score : -1331.0364259133676, Time : 70.442 s
Timestep : 332841, score : -1311.3686393595926, Time : 73.044 s
Timestep : 341600, score : -984.5067405413574, Time : 72.847 s
Timestep : 350359, score : -1138.5282966873929, Time : 70.48 s
Timestep : 359118, score : -1211.670589693189, Time : 72.273 s
Timestep : 367877, score : -996.1178841787478, Time : 73.289 s
Timestep : 376636, score : -1072.240379506402, Time : 73.845 s
Timestep : 385395, score : -1437.9029024381289, Time : 68.899 s
Timestep : 394154, score : -1283.2297266670757, Time : 66.806 s
Timestep : 402913, score : -1179.3574205537807, Time : 68.115 s
Timestep : 411672, score : -941.0409545244438, Time : 67.463 s
Timestep : 420431, score : -1029.1464592851844, Time : 68.321 s
Timestep : 429190, score : -1335.7706031578418, Time : 68.237 s
Timestep : 437949, score : -1138.6448446104032, Time : 66.337 s
Timestep : 446708, score : -933.5278232699493, Time : 65.6 s
Timestep : 455467, score : -937.2600390514708, Time : 65.6 s
Timestep : 464226, score : -1022.7957402083484, Time : 65.608 s
Timestep : 472985, score : -1186.4515453555596, Time : 65.748 s
Timestep : 481744, score : -764.2195652257215, Time : 67.51 s
Timestep : 490503, score : -760.3603450434384, Time : 65.496 s
Timestep : 499262, score : -848.5949019795371, Time : 65.465 s
Timestep : 508021, score : -1255.229534467273, Time : 65.506 s
Timestep : 516780, score : -1171.0299511366175, Time : 67.782 s
Timestep : 525539, score : -1127.0975111481157, Time : 68.091 s
Timestep : 534298, score : -931.2032993020839, Time : 68.109 s
Timestep : 543057, score : -1209.0261775420804, Time : 68.094 s
Timestep : 551816, score : -1381.6134750327874, Time : 68.226 s
Timestep : 560575, score : -1110.4820443250792, Time : 68.006 s
Timestep : 569334, score : -977.6712132929388, Time : 67.757 s
Timestep : 578093, score : -952.2283265932347, Time : 65.603 s
Timestep : 586852, score : -749.9490068973319, Time : 65.601 s
Timestep : 595611, score : -1062.8699362252664, Time : 65.7 s
Timestep : 604370, score : -917.609145629609, Time : 65.642 s
Timestep : 613129, score : -1118.4224089237805, Time : 65.607 s
Timestep : 621888, score : -1227.6586885245342, Time : 65.609 s
Timestep : 630647, score : -1153.6758494619098, Time : 65.693 s
Timestep : 639406, score : -1061.9839992627894, Time : 66.508 s
Timestep : 648165, score : -811.7799512377533, Time : 68.16 s
Timestep : 656924, score : -982.169321115507, Time : 68.171 s
Timestep : 665683, score : -1329.446642909461, Time : 68.166 s
Timestep : 674442, score : -1093.6576980053942, Time : 66.515 s
Timestep : 683201, score : -757.4565345642914, Time : 67.988 s
Timestep : 691960, score : -842.5719957871188, Time : 67.979 s
Timestep : 700719, score : -990.2297754304309, Time : 67.979 s
Timestep : 709478, score : -1038.5191196392116, Time : 67.234 s
Timestep : 718237, score : -1202.4065419112158, Time : 67.591 s
Timestep : 726996, score : -820.8843878533517, Time : 67.039 s
Timestep : 735755, score : -1032.5903723750089, Time : 65.625 s
Timestep : 744514, score : -991.131275106949, Time : 65.641 s
Timestep : 753273, score : -1052.429784672131, Time : 65.641 s
Timestep : 762032, score : -662.651932446548, Time : 65.539 s
Timestep : 770791, score : -636.4075405279, Time : 65.539 s
Timestep : 779550, score : -726.4010352671903, Time : 66.074 s
Timestep : 788309, score : -990.3115486435418, Time : 67.946 s
Timestep : 797068, score : -983.9248164079909, Time : 67.879 s
Timestep : 805827, score : -985.4822927003552, Time : 67.958 s
Timestep : 814586, score : -820.7782945449289, Time : 67.893 s
Timestep : 823345, score : -921.568111156841, Time : 67.868 s
Timestep : 832104, score : -775.9127799507987, Time : 67.948 s
Timestep : 840863, score : -659.6967515948054, Time : 67.896 s
Timestep : 849622, score : -789.8802968359378, Time : 67.897 s
Timestep : 858381, score : -873.1604389779568, Time : 67.921 s
Timestep : 867140, score : -644.5281907760364, Time : 67.996 s
Timestep : 875899, score : -879.1805537210603, Time : 67.998 s
Starting local evaluation
Num Steps: 1000, Num episodes: 0
Num Steps: 2000, Num episodes: 0
Num Steps: 3000, Num episodes: 0
Num Steps: 4000, Num episodes: 0
Num Steps: 5000, Num episodes: 0
Num Steps: 6000, Num episodes: 0
Num Steps: 7000, Num episodes: 0
Num Steps: 8000, Num episodes: 0
Episode complete: 1 | Latest episode metrics: {'price_cost': 0.7971688792241639, 'emmision_cost': 0.8924394828118939}
[-0.0366558] -0.0366558045622748
Average Price Cost: 0.7971688792241639
Average Emmision Cost: 0.8924394828118939
Average of both costs: 0.8448041810180289
Total time taken by agent: 10.733159083756618s
DONE!
