{'agent': 'DQN', 'action_selection': 'egreedy', 'seed': 1, 'episodes': 100, 'data_path': 'data/citylearn_challenge_2022_phase_1', 'dry_run': False, 'n_discrete': 9, 'update_target': 4, 'lr': 3e-05, 'batch_size': 64, 'adam_epsilon': 1e-05, 'epsilon_final': 0.06, 'run_id': 344}
{'Notes': 'This is a tuning run, executed on a single building.',
 'action_selection': 'egreedy',
 'adam_epsilon': 1e-05,
 'env': '<NormalizeObservation<OneHotHour<DiscreteSingle<CityLearnEnv '
        'instance>>>>',
 'final_exploration_rate': 0.02,
 'final_exploration_step': 1000,
 'gamma': 0.99,
 'initial_exploration_rate': 1,
 'learning_rate': 3e-05,
 'loss': 'mse',
 'minibatch_size': 64,
 'network': 'MLP(\n'
            '  (layers): Sequential(\n'
            '    (0): Linear(in_features=29, out_features=128, bias=True)\n'
            '    (1): ReLU()\n'
            '    (2): Linear(in_features=128, out_features=128, bias=True)\n'
            '    (3): ReLU()\n'
            '    (4): Linear(in_features=128, out_features=9, bias=True)\n'
            '  )\n'
            ')',
 'replay_buffer_size': 10000,
 'replay_start_size': 64,
 'seed': 1,
 'train_steps': 876000,
 'update_frequency': 1,
 'update_target_frequency': 4,
 'weight_scale': 1.4142135623730951}
Timestep : 8758, score : -5527.091405208179, Time : 25.104 s
Timestep : 17517, score : -5416.927139939187, Time : 25.707 s
Timestep : 26276, score : -5402.348430267331, Time : 25.499 s
Timestep : 35035, score : -2119.0428796193155, Time : 25.397 s
Timestep : 43794, score : -2539.445550477103, Time : 25.454 s
Timestep : 52553, score : -2103.598504730384, Time : 25.653 s
Timestep : 61312, score : -1472.875219384936, Time : 25.796 s
Timestep : 70071, score : -1765.193203741248, Time : 25.639 s
Timestep : 78830, score : -2291.556484892062, Time : 25.56 s
Timestep : 87589, score : -1981.1295448481396, Time : 25.616 s
Timestep : 96348, score : -2286.261195721483, Time : 25.562 s
Timestep : 105107, score : -1848.9200412148639, Time : 25.595 s
Timestep : 113866, score : -1740.6247375306266, Time : 25.836 s
Timestep : 122625, score : -1802.8827561208454, Time : 25.862 s
Timestep : 131384, score : -1736.1198400646244, Time : 25.794 s
Timestep : 140143, score : -1760.34068920734, Time : 25.567 s
Timestep : 148902, score : -2116.6885620754474, Time : 25.61 s
Timestep : 157661, score : -1731.2055066421453, Time : 25.802 s
Timestep : 166420, score : -1950.9965226298955, Time : 25.806 s
Timestep : 175179, score : -1432.8284055588592, Time : 25.784 s
Timestep : 183938, score : -1534.98913272543, Time : 25.737 s
Timestep : 192697, score : -1708.0454560036596, Time : 25.65 s
Timestep : 201456, score : -1541.1127490486542, Time : 25.556 s
Timestep : 210215, score : -1466.5502001708664, Time : 22.802 s
Timestep : 218974, score : -1428.1223058803298, Time : 24.877 s
Timestep : 227733, score : -1499.6083686626807, Time : 26.265 s
Timestep : 236492, score : -1375.7041359392751, Time : 26.157 s
Timestep : 245251, score : -1498.345988549132, Time : 25.98 s
Timestep : 254010, score : -1322.2314238541585, Time : 25.45 s
Timestep : 262769, score : -1720.0693130964937, Time : 20.468 s
Timestep : 271528, score : -1484.2144140966993, Time : 20.568 s
Timestep : 280287, score : -1655.425140025589, Time : 20.546 s
Timestep : 289046, score : -1586.2103140086692, Time : 20.464 s
Timestep : 297805, score : -1482.2271096655459, Time : 20.577 s
Timestep : 306564, score : -1526.4326177997573, Time : 24.329 s
Timestep : 315323, score : -1530.6888375031122, Time : 25.638 s
Timestep : 324082, score : -1890.0952733943996, Time : 25.826 s
Timestep : 332841, score : -1577.4210929470428, Time : 25.704 s
Timestep : 341600, score : -1661.256113589072, Time : 25.785 s
Timestep : 350359, score : -1436.958950398519, Time : 25.665 s
Timestep : 359118, score : -1756.0632870019472, Time : 25.654 s
Timestep : 367877, score : -1604.5725637192663, Time : 25.522 s
Timestep : 376636, score : -1829.2020632450294, Time : 25.681 s
Timestep : 385395, score : -1630.0549803588365, Time : 25.668 s
Timestep : 394154, score : -1553.2196646773082, Time : 25.656 s
Timestep : 402913, score : -1701.6237904473965, Time : 25.538 s
Timestep : 411672, score : -1604.1360600134649, Time : 25.542 s
Timestep : 420431, score : -1619.4177197576792, Time : 25.786 s
Timestep : 429190, score : -1465.8519286529918, Time : 25.796 s
Timestep : 437949, score : -1395.4560904691753, Time : 25.945 s
Timestep : 446708, score : -1627.9471373553679, Time : 25.834 s
Timestep : 455467, score : -1419.1002941029437, Time : 25.929 s
Timestep : 464226, score : -1814.443371536705, Time : 25.829 s
Timestep : 472985, score : -1511.2541984857817, Time : 25.84 s
Timestep : 481744, score : -1572.7798370458477, Time : 25.118 s
Timestep : 490503, score : -1622.7321141354041, Time : 20.585 s
Timestep : 499262, score : -1494.2091470178711, Time : 22.369 s
Timestep : 508021, score : -1617.805686810476, Time : 22.434 s
Timestep : 516780, score : -1425.584020973678, Time : 22.448 s
Timestep : 525539, score : -1745.0956563127984, Time : 21.437 s
Timestep : 534298, score : -1573.6660950158548, Time : 20.691 s
Timestep : 543057, score : -1456.3743071675126, Time : 20.665 s
Timestep : 551816, score : -1692.9360643930559, Time : 20.635 s
Timestep : 560575, score : -1714.4600010237918, Time : 20.764 s
Timestep : 569334, score : -1844.0272539891594, Time : 20.768 s
Timestep : 578093, score : -1703.5583043780935, Time : 20.899 s
Timestep : 586852, score : -1661.4436745257408, Time : 20.751 s
Timestep : 595611, score : -1603.8118460860132, Time : 20.546 s
Timestep : 604370, score : -1667.4191893829993, Time : 20.483 s
Timestep : 613129, score : -1648.2521096163255, Time : 20.388 s
Timestep : 621888, score : -1737.3976176828437, Time : 20.602 s
Timestep : 630647, score : -1716.2661328509275, Time : 20.693 s
Timestep : 639406, score : -1863.655060267687, Time : 20.616 s
Timestep : 648165, score : -1710.178284204594, Time : 20.696 s
Timestep : 656924, score : -1661.108194006636, Time : 20.733 s
Timestep : 665683, score : -1739.8655755014915, Time : 21.093 s
Timestep : 674442, score : -1700.7987760324322, Time : 20.414 s
Timestep : 683201, score : -1570.7952589656052, Time : 20.563 s
Timestep : 691960, score : -1855.0923279521812, Time : 20.491 s
Timestep : 700719, score : -1674.466780935094, Time : 20.531 s
Timestep : 709478, score : -1812.7057889995922, Time : 20.579 s
Timestep : 718237, score : -1641.1079918494506, Time : 20.628 s
Timestep : 726996, score : -1738.846963676653, Time : 20.504 s
Timestep : 735755, score : -1909.0598177890352, Time : 20.465 s
Timestep : 744514, score : -1896.1611855200317, Time : 20.879 s
Timestep : 753273, score : -1648.3630415574007, Time : 20.715 s
Timestep : 762032, score : -1714.9427858186682, Time : 20.515 s
Timestep : 770791, score : -1825.2685163149872, Time : 20.553 s
Timestep : 779550, score : -1670.938378844381, Time : 20.443 s
Timestep : 788309, score : -1772.2218097220466, Time : 20.451 s
Timestep : 797068, score : -1885.1204412484367, Time : 20.561 s
Timestep : 805827, score : -1669.4743612465973, Time : 20.756 s
Timestep : 814586, score : -1928.9557756251015, Time : 20.719 s
Timestep : 823345, score : -1768.4051443237404, Time : 20.698 s
Timestep : 832104, score : -1740.1968519430666, Time : 20.706 s
Timestep : 840863, score : -1854.8015989297128, Time : 20.614 s
Timestep : 849622, score : -1846.7693520877074, Time : 20.457 s
Timestep : 858381, score : -1902.8404789183114, Time : 20.521 s
Timestep : 867140, score : -2165.365798778046, Time : 20.494 s
Timestep : 875899, score : -1977.436338872023, Time : 20.61 s
Starting local evaluation
Num Steps: 1000, Num episodes: 0
Num Steps: 2000, Num episodes: 0
Num Steps: 3000, Num episodes: 0
Num Steps: 4000, Num episodes: 0
Num Steps: 5000, Num episodes: 0
Num Steps: 6000, Num episodes: 0
Num Steps: 7000, Num episodes: 0
Num Steps: 8000, Num episodes: 0
Episode complete: 1 | Latest episode metrics: {'price_cost': 0.8676774017970301, 'emmision_cost': 0.9512318319194698}
[-0.1165037] -0.11650369958257609
Average Price Cost: 0.8676774017970301
Average Emmision Cost: 0.9512318319194698
Average of both costs: 0.90945461685825
Total time taken by agent: 2.165670999325812s
DONE!
