{'agent': 'DQN', 'action_selection': 'egreedy', 'seed': 7, 'episodes': 100, 'data_path': 'data/citylearn_challenge_2022_phase_1', 'dry_run': False, 'n_discrete': 9, 'update_target': 16, 'lr': 7e-05, 'batch_size': 4, 'adam_epsilon': 1e-08, 'epsilon_final': 0.02, 'run_id': 17}
{'Notes': 'This is a tuning run, executed on a single building.',
 'action_selection': 'egreedy',
 'adam_epsilon': 1e-08,
 'env': '<NormalizeObservation<OneHotHour<DiscreteSingle<CityLearnEnv '
        'instance>>>>',
 'final_exploration_rate': 0.02,
 'final_exploration_step': 1000,
 'gamma': 0.99,
 'initial_exploration_rate': 1,
 'learning_rate': 7e-05,
 'loss': 'mse',
 'minibatch_size': 4,
 'network': 'MLP(\n'
            '  (layers): Sequential(\n'
            '    (0): Linear(in_features=29, out_features=128, bias=True)\n'
            '    (1): ReLU()\n'
            '    (2): Linear(in_features=128, out_features=128, bias=True)\n'
            '    (3): ReLU()\n'
            '    (4): Linear(in_features=128, out_features=9, bias=True)\n'
            '  )\n'
            ')',
 'replay_buffer_size': 10000,
 'replay_start_size': 4,
 'seed': 7,
 'train_steps': 876000,
 'update_frequency': 1,
 'update_target_frequency': 16,
 'weight_scale': 1.4142135623730951}
Timestep : 8758, score : -5676.021972274655, Time : 21.381 s
Timestep : 17517, score : -4362.407598031015, Time : 20.975 s
Timestep : 26276, score : -3425.435904458427, Time : 21.738 s
Timestep : 35035, score : -2616.40117876351, Time : 21.6 s
Timestep : 43794, score : -2589.101866778248, Time : 21.264 s
Timestep : 52553, score : -2735.7711753571202, Time : 21.333 s
Timestep : 61312, score : -2413.9921883632487, Time : 21.437 s
Timestep : 70071, score : -2503.1136682562355, Time : 21.265 s
Timestep : 78830, score : -2338.6063641413202, Time : 21.422 s
Timestep : 87589, score : -2328.8825829552807, Time : 21.496 s
Timestep : 96348, score : -2233.760268852333, Time : 21.528 s
Timestep : 105107, score : -2297.618486738468, Time : 21.768 s
Timestep : 113866, score : -2048.9233898464154, Time : 21.422 s
Timestep : 122625, score : -2160.487438860211, Time : 21.373 s
Timestep : 131384, score : -2131.337776353952, Time : 21.648 s
Timestep : 140143, score : -2356.9472740523706, Time : 21.225 s
Timestep : 148902, score : -2409.1931698363915, Time : 21.443 s
Timestep : 157661, score : -2433.542129611982, Time : 21.624 s
Timestep : 166420, score : -2406.6384098949493, Time : 21.626 s
Timestep : 175179, score : -2573.907085205424, Time : 21.742 s
Timestep : 183938, score : -2473.418873469156, Time : 21.365 s
Timestep : 192697, score : -2693.6226772384252, Time : 21.621 s
Timestep : 201456, score : -2315.9734074859152, Time : 21.364 s
Timestep : 210215, score : -2661.132164684893, Time : 21.613 s
Timestep : 218974, score : -2770.682097422068, Time : 21.705 s
Timestep : 227733, score : -2665.0493824321675, Time : 21.852 s
Timestep : 236492, score : -2981.3260608801866, Time : 21.24 s
Timestep : 245251, score : -3155.9147494646313, Time : 21.686 s
Timestep : 254010, score : -2929.4681421101427, Time : 21.9 s
Timestep : 262769, score : -3188.6057017344574, Time : 21.938 s
Timestep : 271528, score : -2816.451427256994, Time : 21.988 s
Timestep : 280287, score : -2055.985760267675, Time : 21.56 s
Timestep : 289046, score : -2392.9771437394156, Time : 21.744 s
Timestep : 297805, score : -2702.543528903645, Time : 21.607 s
Timestep : 306564, score : -2638.311571426173, Time : 21.512 s
Timestep : 315323, score : -2756.1591857205167, Time : 21.342 s
Timestep : 324082, score : -3211.315661677814, Time : 21.074 s
Timestep : 332841, score : -2322.6567896562556, Time : 21.645 s
Timestep : 341600, score : -2487.614187072235, Time : 21.919 s
Timestep : 350359, score : -2303.143592456412, Time : 21.395 s
Timestep : 359118, score : -2499.109845266197, Time : 21.465 s
Timestep : 367877, score : -2224.3862396775585, Time : 21.737 s
Timestep : 376636, score : -2397.5467530507003, Time : 21.697 s
Timestep : 385395, score : -2186.679874370404, Time : 21.632 s
Timestep : 394154, score : -1860.15397445915, Time : 21.317 s
Timestep : 402913, score : -2029.3863602869824, Time : 21.581 s
Timestep : 411672, score : -2039.0813538317743, Time : 21.738 s
Timestep : 420431, score : -2304.562979726732, Time : 21.712 s
Timestep : 429190, score : -2261.4626525817876, Time : 21.693 s
Timestep : 437949, score : -2414.6833855739533, Time : 21.597 s
Timestep : 446708, score : -2860.661838678112, Time : 21.443 s
Timestep : 455467, score : -2649.586465623287, Time : 21.589 s
Timestep : 464226, score : -2809.158185944485, Time : 21.967 s
Timestep : 472985, score : -2816.017789556019, Time : 21.668 s
Timestep : 481744, score : -1968.703317073252, Time : 21.702 s
Timestep : 490503, score : -2225.3554808095505, Time : 21.295 s
Timestep : 499262, score : -2734.5238322514997, Time : 21.275 s
Timestep : 508021, score : -3076.833054752904, Time : 21.525 s
Timestep : 516780, score : -2196.7235788099933, Time : 21.881 s
Timestep : 525539, score : -1973.2888808839598, Time : 21.847 s
Timestep : 534298, score : -2287.9430610526015, Time : 21.814 s
Timestep : 543057, score : -2277.4518463177083, Time : 21.444 s
Timestep : 551816, score : -2266.765406757091, Time : 21.395 s
Timestep : 560575, score : -2184.1655649296977, Time : 21.471 s
Timestep : 569334, score : -2388.1438631180063, Time : 21.201 s
Timestep : 578093, score : -2441.4314673566155, Time : 21.708 s
Timestep : 586852, score : -2737.4843807838843, Time : 21.676 s
Timestep : 595611, score : -2134.2010496832845, Time : 21.781 s
Timestep : 604370, score : -2052.2730681094326, Time : 21.865 s
Timestep : 613129, score : -2254.9030422786363, Time : 21.904 s
Timestep : 621888, score : -2669.994822891702, Time : 21.828 s
Timestep : 630647, score : -2181.3176607490022, Time : 21.48 s
Timestep : 639406, score : -2407.894068656031, Time : 21.856 s
Timestep : 648165, score : -2674.4652113737466, Time : 21.729 s
Timestep : 656924, score : -2334.2528541436695, Time : 21.734 s
Timestep : 665683, score : -2276.267723572055, Time : 21.319 s
Timestep : 674442, score : -2265.2153024630134, Time : 21.611 s
Timestep : 683201, score : -2321.8322701195757, Time : 21.6 s
Timestep : 691960, score : -2516.862280918591, Time : 21.723 s
Timestep : 700719, score : -2411.4457600337046, Time : 21.863 s
Timestep : 709478, score : -2788.638746565837, Time : 21.699 s
Timestep : 718237, score : -2587.9240101700125, Time : 21.727 s
Timestep : 726996, score : -2256.2326805943885, Time : 21.759 s
Timestep : 735755, score : -2105.465648014724, Time : 21.652 s
Timestep : 744514, score : -2216.727233717489, Time : 21.645 s
Timestep : 753273, score : -2292.7817180074526, Time : 21.374 s
Timestep : 762032, score : -2313.0350278209444, Time : 21.393 s
Timestep : 770791, score : -2249.571141641991, Time : 21.399 s
Timestep : 779550, score : -2411.6216381467675, Time : 21.71 s
Timestep : 788309, score : -2436.5726369580516, Time : 21.707 s
Timestep : 797068, score : -2661.0864433818497, Time : 21.535 s
Timestep : 805827, score : -2540.274100245675, Time : 21.772 s
Timestep : 814586, score : -2298.27603769046, Time : 21.741 s
Timestep : 823345, score : -2175.0186765846156, Time : 21.457 s
Timestep : 832104, score : -2480.543678787355, Time : 21.359 s
Timestep : 840863, score : -2097.754442467427, Time : 21.438 s
Timestep : 849622, score : -2239.040346926544, Time : 21.672 s
Timestep : 858381, score : -2177.386629388173, Time : 21.653 s
Timestep : 867140, score : -2314.4572239664913, Time : 21.686 s
Timestep : 875899, score : -2174.2539334248067, Time : 21.535 s
Starting local evaluation
Num Steps: 1000, Num episodes: 0
Num Steps: 2000, Num episodes: 0
Num Steps: 3000, Num episodes: 0
Num Steps: 4000, Num episodes: 0
Num Steps: 5000, Num episodes: 0
Num Steps: 6000, Num episodes: 0
Num Steps: 7000, Num episodes: 0
Num Steps: 8000, Num episodes: 0
Episode complete: 1 | Latest episode metrics: {'price_cost': 0.834565355330411, 'emmision_cost': 0.9693906762831102}
[-0.10598532] -0.10598532151272094
Average Price Cost: 0.834565355330411
Average Emmision Cost: 0.9693906762831102
Average of both costs: 0.9019780158067605
Total time taken by agent: 2.5680991914123297s
DONE!
