{'agent': 'DQN', 'action_selection': 'softmax', 'seed': 1, 'episodes': 100, 'data_path': 'data/citylearn_challenge_2022_phase_1', 'dry_run': False, 'n_discrete': 9, 'update_target': 16, 'lr': 0.0001, 'batch_size': 8, 'adam_epsilon': 1e-10, 'epsilon_final': 0.02, 'run_id': 155}
{'Notes': 'This is a tuning run, executed on a single building.',
 'action_selection': 'softmax',
 'adam_epsilon': 1e-10,
 'env': '<NormalizeObservation<OneHotHour<DiscreteSingle<CityLearnEnv '
        'instance>>>>',
 'final_exploration_rate': 0.02,
 'final_exploration_step': 1000,
 'gamma': 0.99,
 'initial_exploration_rate': 1,
 'learning_rate': 0.0001,
 'loss': 'mse',
 'minibatch_size': 8,
 'network': 'MLP(\n'
            '  (layers): Sequential(\n'
            '    (0): Linear(in_features=29, out_features=128, bias=True)\n'
            '    (1): ReLU()\n'
            '    (2): Linear(in_features=128, out_features=128, bias=True)\n'
            '    (3): ReLU()\n'
            '    (4): Linear(in_features=128, out_features=9, bias=True)\n'
            '  )\n'
            ')',
 'replay_buffer_size': 10000,
 'replay_start_size': 8,
 'seed': 1,
 'train_steps': 876000,
 'update_frequency': 1,
 'update_target_frequency': 16,
 'weight_scale': 1.4142135623730951}
Timestep : 8758, score : -5306.339510911566, Time : 23.646 s
Timestep : 17517, score : -4673.165407256602, Time : 27.068 s
Timestep : 26276, score : -4339.861874974711, Time : 27.858 s
Timestep : 35035, score : -4245.773853794744, Time : 27.666 s
Timestep : 43794, score : -4172.990977666719, Time : 26.623 s
Timestep : 52553, score : -4211.59153348711, Time : 25.657 s
Timestep : 61312, score : -4392.567204384512, Time : 26.124 s
Timestep : 70071, score : -4275.991338714404, Time : 26.53 s
Timestep : 78830, score : -4328.492436574685, Time : 25.74 s
Timestep : 87589, score : -4366.994121246302, Time : 27.84 s
Timestep : 96348, score : -4336.064275665747, Time : 27.293 s
Timestep : 105107, score : -4313.30478181169, Time : 27.187 s
Timestep : 113866, score : -4371.775830486396, Time : 28.82 s
Timestep : 122625, score : -4151.5529641354515, Time : 28.614 s
Timestep : 131384, score : -3860.0938244394783, Time : 28.837 s
Timestep : 140143, score : -3782.273425054809, Time : 28.384 s
Timestep : 148902, score : -3813.504894937767, Time : 27.909 s
Timestep : 157661, score : -3725.390859938183, Time : 29.311 s
Timestep : 166420, score : -3333.7621753060084, Time : 26.032 s
Timestep : 175179, score : -3528.55899089147, Time : 26.069 s
Timestep : 183938, score : -3635.944008516526, Time : 26.567 s
Timestep : 192697, score : -3526.9239929917094, Time : 25.587 s
Timestep : 201456, score : -3493.4118369907665, Time : 28.16 s
Timestep : 210215, score : -3753.2998176258116, Time : 28.907 s
Timestep : 218974, score : -3735.908579367242, Time : 26.707 s
Timestep : 227733, score : -3764.889147662121, Time : 25.025 s
Timestep : 236492, score : -3914.069645728363, Time : 28.414 s
Timestep : 245251, score : -3760.2749080971407, Time : 25.418 s
Timestep : 254010, score : -3395.81084255912, Time : 27.879 s
Timestep : 262769, score : -3390.43447502669, Time : 28.925 s
Timestep : 271528, score : -3372.884449109508, Time : 28.313 s
Timestep : 280287, score : -3372.8920534556673, Time : 25.753 s
Timestep : 289046, score : -3330.141147265793, Time : 24.248 s
Timestep : 297805, score : -2670.2550896579924, Time : 26.502 s
Timestep : 306564, score : -2584.368354665843, Time : 28.966 s
Timestep : 315323, score : -3228.850522765337, Time : 27.719 s
Timestep : 324082, score : -3044.896759902389, Time : 28.277 s
Timestep : 332841, score : -3239.799035734526, Time : 27.342 s
Timestep : 341600, score : -3117.700356401416, Time : 27.35 s
Timestep : 350359, score : -3561.178628046444, Time : 24.564 s
Timestep : 359118, score : -3192.0960578425584, Time : 27.249 s
Timestep : 367877, score : -3236.3893744353263, Time : 28.906 s
Timestep : 376636, score : -3368.4481959931145, Time : 27.227 s
Timestep : 385395, score : -3064.9723413770116, Time : 27.541 s
Timestep : 394154, score : -2663.363926315884, Time : 25.307 s
Timestep : 402913, score : -2855.009318983328, Time : 23.68 s
Timestep : 411672, score : -3129.862408233137, Time : 25.24 s
Timestep : 420431, score : -3163.0581925720035, Time : 26.429 s
Timestep : 429190, score : -2918.46688673264, Time : 28.914 s
Timestep : 437949, score : -2720.176690163935, Time : 26.485 s
Timestep : 446708, score : -3130.8353809659166, Time : 27.754 s
Timestep : 455467, score : -2698.606319782237, Time : 27.484 s
Timestep : 464226, score : -2692.1094881301105, Time : 25.944 s
Timestep : 472985, score : -2858.1804923381715, Time : 26.523 s
Timestep : 481744, score : -3056.878103427036, Time : 28.213 s
Timestep : 490503, score : -2918.81315712005, Time : 28.88 s
Timestep : 499262, score : -2969.0629806704383, Time : 26.567 s
Timestep : 508021, score : -2716.276981535513, Time : 28.191 s
Timestep : 516780, score : -2823.316235322418, Time : 26.996 s
Timestep : 525539, score : -3245.6969621425087, Time : 23.591 s
Timestep : 534298, score : -2997.828479163727, Time : 23.534 s
Timestep : 543057, score : -3293.596757118037, Time : 23.36 s
Timestep : 551816, score : -3338.016509704903, Time : 26.665 s
Timestep : 560575, score : -3179.291655789202, Time : 24.153 s
Timestep : 569334, score : -3144.387819191121, Time : 26.657 s
Timestep : 578093, score : -2933.8050409409043, Time : 23.955 s
Timestep : 586852, score : -2935.47862709724, Time : 23.345 s
Timestep : 595611, score : -2704.027608003613, Time : 23.375 s
Timestep : 604370, score : -2669.1437042296457, Time : 25.406 s
Timestep : 613129, score : -3100.8037155934435, Time : 26.062 s
Timestep : 621888, score : -2837.177395838109, Time : 28.356 s
Timestep : 630647, score : -3040.144481140567, Time : 26.129 s
Timestep : 639406, score : -3081.446172447133, Time : 27.913 s
Timestep : 648165, score : -2816.339029239869, Time : 25.625 s
Timestep : 656924, score : -2336.899715827385, Time : 29.093 s
Timestep : 665683, score : -2777.1595750192937, Time : 27.381 s
Timestep : 674442, score : -2809.4332807777973, Time : 28.321 s
DONE!
