{'agent': 'DQN', 'action_selection': 'egreedy', 'seed': 1, 'episodes': 100, 'data_path': 'data/citylearn_challenge_2022_phase_1', 'dry_run': False, 'n_discrete': 9, 'update_target': 16, 'lr': 0.07, 'batch_size': 128, 'adam_epsilon': 1e-08, 'epsilon_final': 0.03, 'run_id': 263}
{'Notes': 'This is a tuning run, executed on a single building.',
 'action_selection': 'egreedy',
 'adam_epsilon': 1e-08,
 'env': '<NormalizeObservation<OneHotHour<DiscreteSingle<CityLearnEnv '
        'instance>>>>',
 'final_exploration_rate': 0.02,
 'final_exploration_step': 1000,
 'gamma': 0.99,
 'initial_exploration_rate': 1,
 'learning_rate': 0.07,
 'loss': 'mse',
 'minibatch_size': 128,
 'network': 'MLP(\n'
            '  (layers): Sequential(\n'
            '    (0): Linear(in_features=29, out_features=128, bias=True)\n'
            '    (1): ReLU()\n'
            '    (2): Linear(in_features=128, out_features=128, bias=True)\n'
            '    (3): ReLU()\n'
            '    (4): Linear(in_features=128, out_features=9, bias=True)\n'
            '  )\n'
            ')',
 'replay_buffer_size': 10000,
 'replay_start_size': 128,
 'seed': 1,
 'train_steps': 876000,
 'update_frequency': 1,
 'update_target_frequency': 16,
 'weight_scale': 1.4142135623730951}
Timestep : 8758, score : -5774.866727523462, Time : 22.579 s
Timestep : 17517, score : -4537.470816850575, Time : 23.709 s
Timestep : 26276, score : -4583.599437576791, Time : 23.79 s
Timestep : 35035, score : -4488.6970545951335, Time : 23.738 s
Timestep : 43794, score : -4424.004581676243, Time : 23.419 s
Timestep : 52553, score : -4574.842119276902, Time : 23.42 s
Timestep : 61312, score : -4550.75499170777, Time : 23.491 s
Timestep : 70071, score : -4516.283380783076, Time : 23.837 s
Timestep : 78830, score : -4580.151851914314, Time : 23.531 s
Timestep : 87589, score : -4633.1008806157915, Time : 23.483 s
Timestep : 96348, score : -4447.880525661123, Time : 23.477 s
Timestep : 105107, score : -4532.578173688991, Time : 23.51 s
Timestep : 113866, score : -4566.248476322187, Time : 23.746 s
Timestep : 122625, score : -4500.597557976289, Time : 23.809 s
Timestep : 131384, score : -4529.26895218101, Time : 23.876 s
Timestep : 140143, score : -4551.8696379814355, Time : 23.88 s
Timestep : 148902, score : -4436.307083513035, Time : 23.85 s
Timestep : 157661, score : -4539.2837489912345, Time : 23.801 s
Timestep : 166420, score : -4484.12733761259, Time : 23.711 s
Timestep : 175179, score : -4393.669617899606, Time : 23.55 s
Timestep : 183938, score : -4466.728393137833, Time : 23.84 s
Timestep : 192697, score : -4522.833379925607, Time : 23.935 s
Timestep : 201456, score : -4534.492654894857, Time : 23.871 s
Timestep : 210215, score : -4518.206666720478, Time : 23.864 s
Timestep : 218974, score : -4599.351105711801, Time : 23.797 s
Timestep : 227733, score : -4452.650758109434, Time : 23.871 s
Timestep : 236492, score : -4482.555437592237, Time : 23.889 s
Timestep : 245251, score : -4564.30293094684, Time : 23.86 s
Timestep : 254010, score : -4378.239614975086, Time : 23.939 s
Timestep : 262769, score : -4615.755618878247, Time : 23.796 s
Timestep : 271528, score : -4470.506830692786, Time : 23.462 s
Timestep : 280287, score : -4422.811146084598, Time : 23.471 s
Timestep : 289046, score : -4615.34518090394, Time : 23.562 s
Timestep : 297805, score : -4603.347419364451, Time : 23.487 s
Timestep : 306564, score : -4709.487522589654, Time : 23.516 s
Timestep : 315323, score : -4525.210161101102, Time : 23.521 s
Timestep : 324082, score : -4589.616433815478, Time : 23.499 s
Timestep : 332841, score : -4475.270194428886, Time : 23.439 s
Timestep : 341600, score : -4518.773866494099, Time : 23.494 s
Timestep : 350359, score : -4509.822901289357, Time : 23.63 s
Timestep : 359118, score : -4555.283067472425, Time : 23.595 s
Timestep : 367877, score : -4612.909377403004, Time : 23.525 s
Timestep : 376636, score : -4432.88804580961, Time : 23.527 s
Timestep : 385395, score : -4512.510019436391, Time : 23.453 s
Timestep : 394154, score : -4458.5966036723985, Time : 23.443 s
Timestep : 402913, score : -4495.727374022274, Time : 23.426 s
Timestep : 411672, score : -4595.099721640727, Time : 23.415 s
Timestep : 420431, score : -4527.197639324149, Time : 23.441 s
Timestep : 429190, score : -4493.0806336574315, Time : 23.408 s
Timestep : 437949, score : -4575.147881812678, Time : 23.412 s
Timestep : 446708, score : -4555.0815859953, Time : 23.421 s
Timestep : 455467, score : -4447.312454869418, Time : 23.503 s
Timestep : 464226, score : -4490.348714220716, Time : 23.413 s
Timestep : 472985, score : -4518.448384561954, Time : 23.606 s
Timestep : 481744, score : -4550.109332998662, Time : 23.885 s
Timestep : 490503, score : -4748.814681561111, Time : 23.63 s
Timestep : 499262, score : -4325.173965219321, Time : 23.394 s
Timestep : 508021, score : -4535.154561193107, Time : 23.434 s
Timestep : 516780, score : -4528.887294765518, Time : 23.455 s
Timestep : 525539, score : -4472.815305165161, Time : 23.584 s
Timestep : 534298, score : -4472.993771653069, Time : 23.413 s
Timestep : 543057, score : -4422.782977822615, Time : 23.442 s
Timestep : 551816, score : -4517.78860781659, Time : 23.421 s
Timestep : 560575, score : -4366.015607570327, Time : 23.598 s
Timestep : 569334, score : -4349.745083545713, Time : 23.443 s
Timestep : 578093, score : -4572.304781576066, Time : 23.622 s
Timestep : 586852, score : -4473.370284658769, Time : 23.785 s
Timestep : 595611, score : -4434.512478018558, Time : 23.514 s
Timestep : 604370, score : -4432.382520235846, Time : 23.439 s
Timestep : 613129, score : -4607.722447221546, Time : 23.451 s
Timestep : 621888, score : -4473.14014231172, Time : 23.778 s
Timestep : 630647, score : -4463.232295777096, Time : 23.838 s
Timestep : 639406, score : -4589.864667098067, Time : 23.837 s
Timestep : 648165, score : -4467.9132020654215, Time : 23.83 s
Timestep : 656924, score : -4447.172270699666, Time : 23.843 s
Timestep : 665683, score : -4619.35154402387, Time : 23.697 s
Timestep : 674442, score : -4558.345138708042, Time : 23.486 s
Timestep : 683201, score : -4499.498609640083, Time : 23.632 s
Timestep : 691960, score : -4543.954783785535, Time : 23.457 s
Timestep : 700719, score : -4564.7370169082715, Time : 23.291 s
Timestep : 709478, score : -4513.775007750286, Time : 23.287 s
Timestep : 718237, score : -4541.0195525869785, Time : 23.55 s
Timestep : 726996, score : -4519.444011264859, Time : 23.893 s
Timestep : 735755, score : -4506.620692220895, Time : 23.839 s
Timestep : 744514, score : -4555.80496210829, Time : 23.797 s
Timestep : 753273, score : -4490.992311709939, Time : 23.885 s
Timestep : 762032, score : -4526.168787885836, Time : 23.878 s
Timestep : 770791, score : -4499.9381670442235, Time : 23.855 s
Timestep : 779550, score : -4547.721810758958, Time : 23.782 s
Timestep : 788309, score : -4513.1310998410045, Time : 23.855 s
Timestep : 797068, score : -4480.172866310371, Time : 23.838 s
Timestep : 805827, score : -4405.791595808609, Time : 23.874 s
Timestep : 814586, score : -4488.917656873731, Time : 23.741 s
Timestep : 823345, score : -4483.265255243896, Time : 23.672 s
Timestep : 832104, score : -4492.363054399757, Time : 23.697 s
Timestep : 840863, score : -4652.373956076248, Time : 23.642 s
Timestep : 849622, score : -4584.795621847181, Time : 23.462 s
Timestep : 858381, score : -4540.274822672858, Time : 23.462 s
Timestep : 867140, score : -4574.66815446355, Time : 23.593 s
Timestep : 875899, score : -4553.597444571002, Time : 23.642 s
Starting local evaluation
Num Steps: 1000, Num episodes: 0
Num Steps: 2000, Num episodes: 0
Num Steps: 3000, Num episodes: 0
Num Steps: 4000, Num episodes: 0
Num Steps: 5000, Num episodes: 0
Num Steps: 6000, Num episodes: 0
Num Steps: 7000, Num episodes: 0
Num Steps: 8000, Num episodes: 0
Episode complete: 1 | Latest episode metrics: {'price_cost': 1.0148216663877638, 'emmision_cost': 1.0152209616209278}
[-0.24853331] -0.2485333085370441
Average Price Cost: 1.0148216663877638
Average Emmision Cost: 1.0152209616209278
Average of both costs: 1.0150213140043458
Total time taken by agent: 2.213083505630493s
DONE!
