{'agent': 'DQN', 'action_selection': 'softmax', 'seed': 1, 'episodes': 100, 'data_path': 'data/citylearn_challenge_2022_phase_1', 'dry_run': False, 'n_discrete': 9, 'update_target': 32, 'lr': 3e-05, 'batch_size': 8, 'adam_epsilon': 0.0001, 'epsilon_final': 0.02, 'run_id': 136}
{'Notes': 'This is a tuning run, executed on a single building.',
 'action_selection': 'softmax',
 'adam_epsilon': 0.0001,
 'env': '<NormalizeObservation<OneHotHour<DiscreteSingle<CityLearnEnv '
        'instance>>>>',
 'final_exploration_rate': 0.02,
 'final_exploration_step': 1000,
 'gamma': 0.99,
 'initial_exploration_rate': 1,
 'learning_rate': 3e-05,
 'loss': 'mse',
 'minibatch_size': 8,
 'network': 'MLP(\n'
            '  (layers): Sequential(\n'
            '    (0): Linear(in_features=29, out_features=128, bias=True)\n'
            '    (1): ReLU()\n'
            '    (2): Linear(in_features=128, out_features=128, bias=True)\n'
            '    (3): ReLU()\n'
            '    (4): Linear(in_features=128, out_features=9, bias=True)\n'
            '  )\n'
            ')',
 'replay_buffer_size': 10000,
 'replay_start_size': 8,
 'seed': 1,
 'train_steps': 876000,
 'update_frequency': 1,
 'update_target_frequency': 32,
 'weight_scale': 1.4142135623730951}
Timestep : 8758, score : -6034.32962782777, Time : 20.637 s
Timestep : 17517, score : -4160.804058812006, Time : 20.426 s
Timestep : 26276, score : -4632.844997489272, Time : 20.023 s
Timestep : 35035, score : -4504.594403338997, Time : 20.082 s
Timestep : 43794, score : -4219.945054945914, Time : 20.07 s
Timestep : 52553, score : -4275.899136827706, Time : 20.524 s
Timestep : 61312, score : -4189.051790029189, Time : 20.915 s
Timestep : 70071, score : -4180.415096355049, Time : 20.72 s
Timestep : 78830, score : -4122.033856434195, Time : 20.359 s
Timestep : 87589, score : -4106.686308254866, Time : 20.419 s
Timestep : 96348, score : -4145.422022930419, Time : 20.404 s
Timestep : 105107, score : -4081.4181399209483, Time : 20.774 s
Timestep : 113866, score : -4110.329834945922, Time : 20.445 s
Timestep : 122625, score : -4187.019373408897, Time : 20.487 s
Timestep : 131384, score : -4193.542023494403, Time : 20.115 s
Timestep : 140143, score : -4203.175222059319, Time : 20.343 s
Timestep : 148902, score : -4222.438902602909, Time : 20.449 s
Timestep : 157661, score : -4206.661973664959, Time : 20.342 s
Timestep : 166420, score : -4268.080555969573, Time : 20.258 s
Timestep : 175179, score : -4206.326387393667, Time : 20.127 s
Timestep : 183938, score : -4163.867504992901, Time : 20.385 s
Timestep : 192697, score : -4162.484386809549, Time : 20.098 s
Timestep : 201456, score : -4114.413748539431, Time : 20.224 s
Timestep : 210215, score : -4292.181992689642, Time : 20.242 s
Timestep : 218974, score : -4214.856296535028, Time : 20.126 s
Timestep : 227733, score : -4386.88504294891, Time : 20.2 s
Timestep : 236492, score : -4244.767640006641, Time : 20.312 s
Timestep : 245251, score : -4346.674949854525, Time : 20.605 s
Timestep : 254010, score : -4311.900845594151, Time : 21.327 s
Timestep : 262769, score : -4319.409602402549, Time : 20.936 s
Timestep : 271528, score : -4317.584651075842, Time : 20.381 s
Timestep : 280287, score : -4254.656654092396, Time : 20.478 s
Timestep : 289046, score : -4288.246729345556, Time : 20.528 s
Timestep : 297805, score : -4255.4963982127665, Time : 20.841 s
Timestep : 306564, score : -4322.104537642008, Time : 20.697 s
Timestep : 315323, score : -4280.994238534389, Time : 20.155 s
Timestep : 324082, score : -4352.250906852802, Time : 20.298 s
Timestep : 332841, score : -4360.251767685491, Time : 20.227 s
Timestep : 341600, score : -4228.662682087655, Time : 20.216 s
Timestep : 350359, score : -4184.708590341179, Time : 20.695 s
Timestep : 359118, score : -4158.32533830349, Time : 20.971 s
Timestep : 367877, score : -4145.058933434455, Time : 20.291 s
Timestep : 376636, score : -4287.835705805948, Time : 20.193 s
Timestep : 385395, score : -4327.859631716929, Time : 20.232 s
Timestep : 394154, score : -4245.834247016377, Time : 20.147 s
Timestep : 402913, score : -4192.818094008981, Time : 20.732 s
Timestep : 411672, score : -4327.102316850243, Time : 20.786 s
Timestep : 420431, score : -4450.067203513376, Time : 20.802 s
Timestep : 429190, score : -4301.852851856529, Time : 20.737 s
Timestep : 437949, score : -4213.846364280238, Time : 20.719 s
Timestep : 446708, score : -4175.317559405303, Time : 20.636 s
Timestep : 455467, score : -4253.138615850738, Time : 20.989 s
Timestep : 464226, score : -4243.48480527979, Time : 21.022 s
Timestep : 472985, score : -4307.76738366895, Time : 20.982 s
Timestep : 481744, score : -4361.283821661287, Time : 20.652 s
Timestep : 490503, score : -4388.391843777528, Time : 20.994 s
Timestep : 499262, score : -4346.86767531131, Time : 20.74 s
Timestep : 508021, score : -4125.1291656463, Time : 20.711 s
Timestep : 516780, score : -4078.437573578005, Time : 20.803 s
Timestep : 525539, score : -4209.7778019096295, Time : 20.886 s
Timestep : 534298, score : -4302.6516429981275, Time : 20.906 s
Timestep : 543057, score : -4319.581158255605, Time : 20.513 s
Timestep : 551816, score : -3898.123537247913, Time : 20.884 s
Timestep : 560575, score : -3567.898549974343, Time : 20.774 s
Timestep : 569334, score : -3648.7531545617676, Time : 20.584 s
Timestep : 578093, score : -3974.9669291129394, Time : 20.158 s
Timestep : 586852, score : -3310.7075201452535, Time : 20.299 s
Timestep : 595611, score : -3111.3535432092904, Time : 20.236 s
Timestep : 604370, score : -2466.142182782438, Time : 20.716 s
Timestep : 613129, score : -1881.1009505966504, Time : 20.92 s
Timestep : 621888, score : -2203.8527303103183, Time : 20.905 s
Timestep : 630647, score : -2800.638174296153, Time : 20.792 s
Timestep : 639406, score : -2465.625555689825, Time : 20.616 s
Timestep : 648165, score : -2617.316274381621, Time : 20.809 s
Timestep : 656924, score : -2333.55229139133, Time : 21.165 s
Timestep : 665683, score : -2302.6096595654303, Time : 20.948 s
Timestep : 674442, score : -2279.5569850306783, Time : 20.864 s
DONE!
