{'agent': 'DQN', 'action_selection': 'egreedy', 'seed': 1, 'episodes': 100, 'data_path': 'data/citylearn_challenge_2022_phase_1', 'dry_run': False, 'n_discrete': 9, 'update_target': 32, 'lr': 0.0003, 'batch_size': 16, 'adam_epsilon': 1e-10, 'epsilon_final': 0.1, 'run_id': 290}
{'Notes': 'This is a tuning run, executed on a single building.',
 'action_selection': 'egreedy',
 'adam_epsilon': 1e-10,
 'env': '<NormalizeObservation<OneHotHour<DiscreteSingle<CityLearnEnv '
        'instance>>>>',
 'final_exploration_rate': 0.02,
 'final_exploration_step': 1000,
 'gamma': 0.99,
 'initial_exploration_rate': 1,
 'learning_rate': 0.0003,
 'loss': 'mse',
 'minibatch_size': 16,
 'network': 'MLP(\n'
            '  (layers): Sequential(\n'
            '    (0): Linear(in_features=29, out_features=128, bias=True)\n'
            '    (1): ReLU()\n'
            '    (2): Linear(in_features=128, out_features=128, bias=True)\n'
            '    (3): ReLU()\n'
            '    (4): Linear(in_features=128, out_features=9, bias=True)\n'
            '  )\n'
            ')',
 'replay_buffer_size': 10000,
 'replay_start_size': 16,
 'seed': 1,
 'train_steps': 876000,
 'update_frequency': 1,
 'update_target_frequency': 32,
 'weight_scale': 1.4142135623730951}
Timestep : 8758, score : -4044.0690856087313, Time : 21.651 s
Timestep : 17517, score : -3222.5986743900285, Time : 21.766 s
Timestep : 26276, score : -2111.7159968753404, Time : 21.746 s
Timestep : 35035, score : -1988.2671837334346, Time : 21.776 s
Timestep : 43794, score : -1887.977844469744, Time : 21.787 s
Timestep : 52553, score : -1744.3776526531146, Time : 21.736 s
Timestep : 61312, score : -2129.67723819628, Time : 21.695 s
Timestep : 70071, score : -2139.8654758991033, Time : 21.683 s
Timestep : 78830, score : -2229.089509512094, Time : 21.752 s
Timestep : 87589, score : -1728.4600526097056, Time : 21.727 s
Timestep : 96348, score : -1738.6364233142522, Time : 21.709 s
Timestep : 105107, score : -1680.4120814897178, Time : 21.763 s
Timestep : 113866, score : -2057.227184014657, Time : 21.639 s
Timestep : 122625, score : -1710.5255356217094, Time : 21.968 s
Timestep : 131384, score : -2026.1887538356532, Time : 21.97 s
Timestep : 140143, score : -1767.0124982631824, Time : 21.81 s
Timestep : 148902, score : -1839.9213009317464, Time : 21.786 s
Timestep : 157661, score : -1780.5049909015943, Time : 21.776 s
Timestep : 166420, score : -1949.5706393139262, Time : 21.69 s
Timestep : 175179, score : -1811.7602129527659, Time : 21.639 s
Timestep : 183938, score : -2061.1926279537875, Time : 21.793 s
Timestep : 192697, score : -1865.951602009387, Time : 21.661 s
Timestep : 201456, score : -1572.2079934673675, Time : 21.794 s
Timestep : 210215, score : -1630.2878266489424, Time : 21.779 s
Timestep : 218974, score : -1671.8565831110172, Time : 21.79 s
Timestep : 227733, score : -1427.4442370034812, Time : 21.792 s
Timestep : 236492, score : -1775.519523631694, Time : 21.79 s
Timestep : 245251, score : -1618.2716239861038, Time : 21.811 s
Timestep : 254010, score : -1783.151374588051, Time : 21.802 s
Timestep : 262769, score : -1899.329526133166, Time : 21.801 s
Timestep : 271528, score : -1464.0963351165701, Time : 21.861 s
Timestep : 280287, score : -1465.0778437508561, Time : 22.018 s
Timestep : 289046, score : -1612.1087340439262, Time : 21.944 s
Timestep : 297805, score : -1555.7407989709463, Time : 21.815 s
Timestep : 306564, score : -1786.6624700571701, Time : 21.858 s
Timestep : 315323, score : -1876.5447663518426, Time : 21.81 s
Timestep : 324082, score : -1831.1614534780674, Time : 21.783 s
Timestep : 332841, score : -1628.3581282815721, Time : 21.806 s
Timestep : 341600, score : -1873.5404690206342, Time : 21.807 s
Timestep : 350359, score : -1705.8027371162607, Time : 21.735 s
Timestep : 359118, score : -1636.0837527481199, Time : 21.795 s
Timestep : 367877, score : -1654.731195751956, Time : 21.804 s
Timestep : 376636, score : -1747.6609920141345, Time : 21.691 s
Timestep : 385395, score : -2055.492263269407, Time : 21.676 s
Timestep : 394154, score : -1682.4662828313012, Time : 21.816 s
Timestep : 402913, score : -1424.0105293656525, Time : 21.818 s
Timestep : 411672, score : -1707.6397335415531, Time : 21.651 s
Timestep : 420431, score : -1827.670275262586, Time : 21.742 s
Timestep : 429190, score : -1788.6243906161108, Time : 21.948 s
Timestep : 437949, score : -1844.217718379019, Time : 21.992 s
Timestep : 446708, score : -1907.2705636588216, Time : 21.704 s
Timestep : 455467, score : -2058.88143002367, Time : 21.779 s
Timestep : 464226, score : -1846.6773977241537, Time : 21.8 s
Timestep : 472985, score : -2050.194966397743, Time : 21.78 s
Timestep : 481744, score : -2042.4543473853555, Time : 21.773 s
Timestep : 490503, score : -1554.4627476276655, Time : 21.643 s
Timestep : 499262, score : -2136.5618971916992, Time : 21.345 s
Timestep : 508021, score : -1865.149493634497, Time : 21.798 s
Timestep : 516780, score : -1642.2338763836597, Time : 21.717 s
Timestep : 525539, score : -1600.5341163632402, Time : 21.784 s
Timestep : 534298, score : -1786.8996632634953, Time : 21.763 s
Timestep : 543057, score : -1741.204263159685, Time : 21.689 s
Timestep : 551816, score : -1679.9206037000695, Time : 21.719 s
Timestep : 560575, score : -1683.974210282584, Time : 21.745 s
Timestep : 569334, score : -1816.8139399730426, Time : 21.773 s
Timestep : 578093, score : -1729.9864505648438, Time : 21.821 s
Timestep : 586852, score : -2044.2789426534728, Time : 21.779 s
Timestep : 595611, score : -1943.904242079734, Time : 21.736 s
Timestep : 604370, score : -2156.6830217980605, Time : 21.669 s
Timestep : 613129, score : -1902.2139181270322, Time : 21.567 s
Timestep : 621888, score : -1713.4319964549795, Time : 21.794 s
Timestep : 630647, score : -1761.9271554916922, Time : 21.792 s
Timestep : 639406, score : -1609.6254599809472, Time : 21.796 s
Timestep : 648165, score : -1733.0173509399465, Time : 21.782 s
Timestep : 656924, score : -1701.4303995477676, Time : 21.788 s
Timestep : 665683, score : -1788.336889123646, Time : 21.685 s
Timestep : 674442, score : -1659.5968524247, Time : 21.763 s
Timestep : 683201, score : -1815.7033258220035, Time : 21.809 s
Timestep : 691960, score : -1698.3195215787564, Time : 21.786 s
Timestep : 700719, score : -1969.0402858227317, Time : 21.792 s
Timestep : 709478, score : -2054.1970672891766, Time : 21.791 s
Timestep : 718237, score : -2330.1566680233955, Time : 21.804 s
Timestep : 726996, score : -2079.5031365473114, Time : 21.778 s
Timestep : 735755, score : -2256.9207103080407, Time : 21.968 s
Timestep : 744514, score : -1979.9539755739097, Time : 21.73 s
Timestep : 753273, score : -1839.3198269147251, Time : 21.831 s
Timestep : 762032, score : -1712.0603614710562, Time : 21.747 s
Timestep : 770791, score : -1871.4308647972357, Time : 21.781 s
Timestep : 779550, score : -1838.6515208138444, Time : 21.786 s
Timestep : 788309, score : -1617.0222990691254, Time : 21.779 s
Timestep : 797068, score : -1840.7166969909158, Time : 21.767 s
Timestep : 805827, score : -1660.181558779237, Time : 21.81 s
Timestep : 814586, score : -1794.4105397968378, Time : 21.773 s
Timestep : 823345, score : -2030.644689395238, Time : 21.788 s
Timestep : 832104, score : -1697.4294780335913, Time : 21.853 s
Timestep : 840863, score : -1848.7909403539088, Time : 21.775 s
Timestep : 849622, score : -1817.1808878130105, Time : 21.771 s
Timestep : 858381, score : -1914.5237096464843, Time : 21.779 s
Timestep : 867140, score : -2049.759175511339, Time : 21.779 s
Timestep : 875899, score : -2304.683594271104, Time : 21.77 s
Starting local evaluation
Num Steps: 1000, Num episodes: 0
Num Steps: 2000, Num episodes: 0
Num Steps: 3000, Num episodes: 0
Num Steps: 4000, Num episodes: 0
Num Steps: 5000, Num episodes: 0
Num Steps: 6000, Num episodes: 0
Num Steps: 7000, Num episodes: 0
Num Steps: 8000, Num episodes: 0
Episode complete: 1 | Latest episode metrics: {'price_cost': 0.8717657084600109, 'emmision_cost': 0.9592634171928967}
[-0.12385846] -0.12385845685796472
Average Price Cost: 0.8717657084600109
Average Emmision Cost: 0.9592634171928967
Average of both costs: 0.9155145628264538
Total time taken by agent: 2.5111241072881967s
DONE!
