{'agent': 'DQN', 'action_selection': 'egreedy', 'seed': 1, 'episodes': 100, 'data_path': 'data/citylearn_challenge_2022_phase_1', 'dry_run': False, 'n_discrete': 9, 'update_target': 8, 'lr': 0.03, 'batch_size': 8, 'adam_epsilon': 1e-09, 'epsilon_final': 0.08, 'run_id': 243}
{'Notes': 'This is a tuning run, executed on a single building.',
 'action_selection': 'egreedy',
 'adam_epsilon': 1e-09,
 'env': '<NormalizeObservation<OneHotHour<DiscreteSingle<CityLearnEnv '
        'instance>>>>',
 'final_exploration_rate': 0.02,
 'final_exploration_step': 1000,
 'gamma': 0.99,
 'initial_exploration_rate': 1,
 'learning_rate': 0.03,
 'loss': 'mse',
 'minibatch_size': 8,
 'network': 'MLP(\n'
            '  (layers): Sequential(\n'
            '    (0): Linear(in_features=29, out_features=128, bias=True)\n'
            '    (1): ReLU()\n'
            '    (2): Linear(in_features=128, out_features=128, bias=True)\n'
            '    (3): ReLU()\n'
            '    (4): Linear(in_features=128, out_features=9, bias=True)\n'
            '  )\n'
            ')',
 'replay_buffer_size': 10000,
 'replay_start_size': 8,
 'seed': 1,
 'train_steps': 876000,
 'update_frequency': 1,
 'update_target_frequency': 8,
 'weight_scale': 1.4142135623730951}
Timestep : 8758, score : -6616.089234432395, Time : 21.334 s
Timestep : 17517, score : -5710.408001073549, Time : 22.031 s
Timestep : 26276, score : -5564.753007762978, Time : 22.04 s
Timestep : 35035, score : -6651.286653346098, Time : 22.077 s
Timestep : 43794, score : -6975.2661762949065, Time : 22.096 s
Timestep : 52553, score : -6633.843802405434, Time : 22.063 s
Timestep : 61312, score : -8315.711926110816, Time : 22.076 s
Timestep : 70071, score : -7771.594108312187, Time : 22.541 s
Timestep : 78830, score : -7613.19875049431, Time : 22.276 s
Timestep : 87589, score : -7899.952366446989, Time : 22.073 s
Timestep : 96348, score : -6966.782906212979, Time : 22.103 s
Timestep : 105107, score : -7688.14168807301, Time : 22.036 s
Timestep : 113866, score : -8480.867795539787, Time : 22.095 s
Timestep : 122625, score : -7812.831145707314, Time : 22.088 s
Timestep : 131384, score : -8528.246647425374, Time : 22.094 s
Timestep : 140143, score : -8478.531735422395, Time : 22.101 s
Timestep : 148902, score : -8357.480958114407, Time : 22.1 s
Timestep : 157661, score : -7896.656083968657, Time : 22.313 s
Timestep : 166420, score : -8566.490042096731, Time : 22.529 s
Timestep : 175179, score : -8299.03710841728, Time : 22.097 s
Timestep : 183938, score : -8951.265023371656, Time : 22.095 s
Timestep : 192697, score : -7903.775278253976, Time : 22.106 s
Timestep : 201456, score : -8505.825517079706, Time : 22.107 s
Timestep : 210215, score : -8936.606759229413, Time : 22.116 s
Timestep : 218974, score : -9378.03755818792, Time : 22.104 s
Timestep : 227733, score : -8627.798938551641, Time : 22.004 s
Timestep : 236492, score : -9438.015436293004, Time : 21.96 s
Timestep : 245251, score : -8940.065648114149, Time : 22.104 s
Timestep : 254010, score : -8700.812664311103, Time : 22.54 s
Timestep : 262769, score : -9231.77363220221, Time : 21.982 s
Timestep : 271528, score : -8625.257403468204, Time : 22.086 s
Timestep : 280287, score : -8806.498232469152, Time : 22.082 s
Timestep : 289046, score : -9164.40718373155, Time : 22.105 s
Timestep : 297805, score : -9255.153676094982, Time : 22.099 s
Timestep : 306564, score : -9252.72861791568, Time : 22.092 s
Timestep : 315323, score : -8478.40004425375, Time : 22.106 s
Timestep : 324082, score : -8925.897249104411, Time : 21.937 s
Timestep : 332841, score : -9505.0488952335, Time : 22.102 s
Timestep : 341600, score : -8899.058884968515, Time : 22.301 s
Timestep : 350359, score : -8813.946644185213, Time : 22.552 s
Timestep : 359118, score : -8514.2926825295, Time : 22.201 s
Timestep : 367877, score : -8896.117699514827, Time : 22.097 s
Timestep : 376636, score : -9174.746351320253, Time : 22.104 s
Timestep : 385395, score : -9107.309990169859, Time : 22.125 s
Timestep : 394154, score : -9258.122997377446, Time : 22.106 s
Timestep : 402913, score : -8519.567516214418, Time : 22.099 s
Timestep : 411672, score : -8761.026987704936, Time : 22.076 s
Timestep : 420431, score : -9353.543346910694, Time : 22.006 s
Timestep : 429190, score : -9327.481782658011, Time : 21.623 s
Timestep : 437949, score : -8890.288070164112, Time : 22.453 s
Timestep : 446708, score : -9227.509945678808, Time : 22.409 s
Timestep : 455467, score : -8295.71587976886, Time : 22.321 s
Timestep : 464226, score : -9225.271670128452, Time : 21.87 s
Timestep : 472985, score : -9647.83899448975, Time : 22.036 s
Timestep : 481744, score : -8967.87115860873, Time : 22.103 s
Timestep : 490503, score : -8583.325233986558, Time : 22.063 s
Timestep : 499262, score : -9321.969142638874, Time : 22.101 s
Timestep : 508021, score : -8998.948199743732, Time : 22.125 s
Timestep : 516780, score : -9612.447023042972, Time : 22.112 s
Timestep : 525539, score : -8929.964972077432, Time : 22.196 s
Timestep : 534298, score : -9065.47607641849, Time : 22.493 s
Timestep : 543057, score : -8682.579645362297, Time : 22.21 s
Timestep : 551816, score : -9444.556675764063, Time : 21.835 s
Timestep : 560575, score : -8744.188052877464, Time : 22.101 s
Timestep : 569334, score : -8851.855126745024, Time : 22.104 s
Timestep : 578093, score : -8834.915746850616, Time : 22.092 s
Timestep : 586852, score : -9488.604175442437, Time : 22.076 s
Timestep : 595611, score : -9319.518658942572, Time : 21.803 s
Timestep : 604370, score : -9069.549021506595, Time : 21.829 s
Timestep : 613129, score : -8973.024499307066, Time : 21.552 s
Timestep : 621888, score : -9443.992339264922, Time : 21.882 s
Timestep : 630647, score : -9236.554479033599, Time : 22.284 s
Timestep : 639406, score : -9180.042055221988, Time : 22.033 s
Timestep : 648165, score : -9389.682006852701, Time : 21.917 s
Timestep : 656924, score : -9702.084265505342, Time : 22.052 s
Timestep : 665683, score : -9204.868583107367, Time : 22.067 s
Timestep : 674442, score : -9178.304937601002, Time : 22.058 s
Timestep : 683201, score : -8864.318388614876, Time : 22.058 s
Timestep : 691960, score : -9447.444764297645, Time : 22.054 s
Timestep : 700719, score : -9368.653456209184, Time : 22.061 s
Timestep : 709478, score : -9702.983197125213, Time : 22.21 s
Timestep : 718237, score : -9184.17738954039, Time : 22.307 s
Timestep : 726996, score : -9706.596927045568, Time : 22.206 s
Timestep : 735755, score : -9300.66766625941, Time : 22.047 s
Timestep : 744514, score : -9411.26842481822, Time : 22.059 s
Timestep : 753273, score : -9127.621964572463, Time : 21.687 s
Timestep : 762032, score : -9161.427216200354, Time : 21.866 s
Timestep : 770791, score : -9687.0029196705, Time : 22.051 s
Timestep : 779550, score : -9219.74289798169, Time : 22.047 s
Timestep : 788309, score : -9312.87760735376, Time : 22.042 s
Timestep : 797068, score : -9499.10786788883, Time : 21.924 s
Timestep : 805827, score : -9358.165293549027, Time : 22.281 s
Timestep : 814586, score : -9490.22815905053, Time : 22.347 s
Timestep : 823345, score : -9299.521078786027, Time : 21.83 s
Timestep : 832104, score : -8584.026082824479, Time : 21.792 s
Timestep : 840863, score : -8967.262437433266, Time : 21.81 s
Timestep : 849622, score : -9525.749273589608, Time : 21.783 s
Timestep : 858381, score : -8905.153585315711, Time : 21.792 s
Timestep : 867140, score : -9412.309576310712, Time : 21.79 s
Timestep : 875899, score : -9715.316859361788, Time : 21.777 s
Starting local evaluation
Num Steps: 1000, Num episodes: 0
Num Steps: 2000, Num episodes: 0
Num Steps: 3000, Num episodes: 0
Num Steps: 4000, Num episodes: 0
Num Steps: 5000, Num episodes: 0
Num Steps: 6000, Num episodes: 0
Num Steps: 7000, Num episodes: 0
Num Steps: 8000, Num episodes: 0
Episode complete: 1 | Latest episode metrics: {'price_cost': 1.0117829549016841, 'emmision_cost': 1.011514789514634}
[-0.244401] -0.24440099923839098
Average Price Cost: 1.0117829549016841
Average Emmision Cost: 1.011514789514634
Average of both costs: 1.0116488722081591
Total time taken by agent: 2.513477784494171s
DONE!
