{'agent': 'DQN', 'action_selection': 'softmax', 'seed': 1, 'episodes': 100, 'data_path': 'data/citylearn_challenge_2022_phase_1', 'dry_run': False, 'n_discrete': 9, 'update_target': 8, 'lr': 1e-05, 'batch_size': 1, 'adam_epsilon': 0.0001, 'epsilon_final': 0.02, 'run_id': 29}
{'Notes': 'This is a tuning run, executed on a single building.',
 'action_selection': 'softmax',
 'adam_epsilon': 0.0001,
 'env': '<NormalizeObservation<OneHotHour<DiscreteSingle<CityLearnEnv '
        'instance>>>>',
 'final_exploration_rate': 0.02,
 'final_exploration_step': 1000,
 'gamma': 0.99,
 'initial_exploration_rate': 1,
 'learning_rate': 1e-05,
 'loss': 'mse',
 'minibatch_size': 1,
 'network': 'MLP(\n'
            '  (layers): Sequential(\n'
            '    (0): Linear(in_features=29, out_features=128, bias=True)\n'
            '    (1): ReLU()\n'
            '    (2): Linear(in_features=128, out_features=128, bias=True)\n'
            '    (3): ReLU()\n'
            '    (4): Linear(in_features=128, out_features=9, bias=True)\n'
            '  )\n'
            ')',
 'replay_buffer_size': 10000,
 'replay_start_size': 1,
 'seed': 1,
 'train_steps': 876000,
 'update_frequency': 1,
 'update_target_frequency': 8,
 'weight_scale': 1.4142135623730951}
Timestep : 8758, score : -12732.326567190888, Time : 22.883 s
Timestep : 17517, score : -6604.891010197258, Time : 22.67 s
Timestep : 26276, score : -4905.543668209022, Time : 22.669 s
Timestep : 35035, score : -4855.224055101542, Time : 22.753 s
Timestep : 43794, score : -4840.386636871292, Time : 23.081 s
Timestep : 52553, score : -4621.681658530055, Time : 22.899 s
Timestep : 61312, score : -4806.988782964094, Time : 22.803 s
Timestep : 70071, score : -4667.9427399396955, Time : 22.798 s
Timestep : 78830, score : -4434.641047812678, Time : 22.671 s
Timestep : 87589, score : -4428.218184312253, Time : 22.749 s
Timestep : 96348, score : -4378.072810776444, Time : 22.909 s
Timestep : 105107, score : -4381.776187360665, Time : 23.091 s
Timestep : 113866, score : -4324.810904952959, Time : 22.865 s
Timestep : 122625, score : -4327.6255598863645, Time : 22.399 s
Timestep : 131384, score : -4277.065575494809, Time : 22.748 s
Timestep : 140143, score : -4394.91725597941, Time : 22.795 s
Timestep : 148902, score : -4337.516621378629, Time : 22.772 s
Timestep : 157661, score : -4385.954103581054, Time : 22.952 s
Timestep : 166420, score : -4381.013480338646, Time : 23.074 s
Timestep : 175179, score : -4279.974611227313, Time : 22.854 s
Timestep : 183938, score : -4380.828262432857, Time : 22.792 s
Timestep : 192697, score : -4341.3447821101, Time : 22.768 s
Timestep : 201456, score : -4494.55905294363, Time : 22.787 s
Timestep : 210215, score : -4349.54647328463, Time : 22.815 s
Timestep : 218974, score : -4319.377972103102, Time : 23.019 s
Timestep : 227733, score : -4235.311501239805, Time : 22.942 s
Timestep : 236492, score : -4268.295045399485, Time : 22.776 s
Timestep : 245251, score : -4343.42249514666, Time : 22.768 s
Timestep : 254010, score : -4355.12301762859, Time : 22.786 s
Timestep : 262769, score : -4333.240532436786, Time : 22.767 s
Timestep : 271528, score : -4294.651864999352, Time : 22.745 s
Timestep : 280287, score : -4355.030238096981, Time : 22.357 s
Timestep : 289046, score : -4328.556628385006, Time : 22.434 s
Timestep : 297805, score : -4303.3269443902245, Time : 22.757 s
Timestep : 306564, score : -4320.509682995646, Time : 22.759 s
Timestep : 315323, score : -4208.876331542997, Time : 22.746 s
Timestep : 324082, score : -4354.401999057649, Time : 22.774 s
Timestep : 332841, score : -4251.687402149109, Time : 22.783 s
Timestep : 341600, score : -4198.796563079028, Time : 23.048 s
Timestep : 350359, score : -4157.569891740946, Time : 22.872 s
Timestep : 359118, score : -4173.0675796767755, Time : 22.753 s
Timestep : 367877, score : -4175.590508106543, Time : 22.75 s
Timestep : 376636, score : -4180.8592588504835, Time : 22.749 s
Timestep : 385395, score : -4127.43382827696, Time : 22.741 s
Timestep : 394154, score : -4230.017477424262, Time : 22.926 s
Timestep : 402913, score : -4199.571949047415, Time : 23.087 s
Timestep : 411672, score : -4211.885969070165, Time : 22.899 s
Timestep : 420431, score : -4213.639006385027, Time : 22.774 s
Timestep : 429190, score : -4158.057941423176, Time : 22.743 s
Timestep : 437949, score : -4255.778953814326, Time : 22.77 s
Timestep : 446708, score : -4172.18227822092, Time : 22.671 s
Timestep : 455467, score : -4164.30521152672, Time : 22.553 s
Timestep : 464226, score : -4150.5089256106, Time : 23.037 s
Timestep : 472985, score : -4130.613202789245, Time : 22.797 s
Timestep : 481744, score : -4101.020777576981, Time : 22.731 s
Timestep : 490503, score : -4119.679597546725, Time : 22.657 s
Timestep : 499262, score : -4178.093592190562, Time : 22.055 s
Timestep : 508021, score : -4210.741495279042, Time : 22.089 s
Timestep : 516780, score : -4170.494516981213, Time : 22.727 s
Timestep : 525539, score : -4155.455869707657, Time : 22.909 s
Timestep : 534298, score : -4137.291454111604, Time : 22.674 s
Timestep : 543057, score : -4078.218460862903, Time : 22.481 s
Timestep : 551816, score : -4060.7154533019348, Time : 22.516 s
Timestep : 560575, score : -4129.342614981724, Time : 22.649 s
Timestep : 569334, score : -4079.571169131814, Time : 22.764 s
Timestep : 578093, score : -4106.133878936438, Time : 22.95 s
Timestep : 586852, score : -4141.887105052738, Time : 22.934 s
Timestep : 595611, score : -4127.057523501484, Time : 22.775 s
Timestep : 604370, score : -4131.622524646184, Time : 22.764 s
Timestep : 613129, score : -4113.936462187587, Time : 22.723 s
Timestep : 621888, score : -4061.5300835793896, Time : 22.73 s
Timestep : 630647, score : -4050.3938438793703, Time : 22.758 s
Timestep : 639406, score : -4037.6125937005563, Time : 22.987 s
Timestep : 648165, score : -4078.6536066209956, Time : 22.839 s
Timestep : 656924, score : -4073.4602531096025, Time : 22.771 s
Timestep : 665683, score : -4091.103099768123, Time : 22.777 s
Timestep : 674442, score : -4084.8044222550525, Time : 22.501 s
Timestep : 683201, score : -4045.8014623424096, Time : 22.685 s
Timestep : 691960, score : -4045.210527581541, Time : 22.854 s
Timestep : 700719, score : -4108.0240977754875, Time : 23.046 s
Timestep : 709478, score : -4065.430114408402, Time : 22.893 s
Timestep : 718237, score : -4044.216444601683, Time : 22.74 s
Timestep : 726996, score : -4059.650235613255, Time : 22.753 s
Timestep : 735755, score : -4063.0167644297762, Time : 22.768 s
Timestep : 744514, score : -4093.378353818698, Time : 22.773 s
Timestep : 753273, score : -4132.773464118203, Time : 22.974 s
Timestep : 762032, score : -4055.727743377356, Time : 22.854 s
Timestep : 770791, score : -4050.464789783029, Time : 22.768 s
Timestep : 779550, score : -4145.145765205292, Time : 22.74 s
Timestep : 788309, score : -4078.6710966130777, Time : 22.735 s
Timestep : 797068, score : -4063.3192086270137, Time : 22.708 s
Timestep : 805827, score : -4071.881058772473, Time : 22.761 s
Timestep : 814586, score : -4080.225906272797, Time : 22.959 s
Timestep : 823345, score : -4089.59952060823, Time : 22.981 s
Timestep : 832104, score : -4081.6447552489844, Time : 22.753 s
Timestep : 840863, score : -4078.986518142192, Time : 22.646 s
Timestep : 849622, score : -4076.142525990872, Time : 22.628 s
Timestep : 858381, score : -4065.572511543898, Time : 22.652 s
Timestep : 867140, score : -4060.5285065224452, Time : 22.594 s
Timestep : 875899, score : -4083.9139377376123, Time : 22.628 s
Starting local evaluation
Num Steps: 1000, Num episodes: 0
Num Steps: 2000, Num episodes: 0
Num Steps: 3000, Num episodes: 0
Num Steps: 4000, Num episodes: 0
Num Steps: 5000, Num episodes: 0
Num Steps: 6000, Num episodes: 0
Num Steps: 7000, Num episodes: 0
Num Steps: 8000, Num episodes: 0
Episode complete: 1 | Latest episode metrics: {'price_cost': 1.0014734821185063, 'emmision_cost': 1.002884528283066}
[-0.23270599] -0.23270598935402162
Average Price Cost: 1.0014734821185063
Average Emmision Cost: 1.002884528283066
Average of both costs: 1.0021790052007862
Total time taken by agent: 3.7355321468785405s
DONE!
