{'agent': 'DQN', 'action_selection': 'softmax', 'seed': 1, 'episodes': 100, 'data_path': 'data/citylearn_challenge_2022_phase_1', 'dry_run': False, 'n_discrete': 9, 'update_target': 32, 'lr': 7e-05, 'batch_size': 16, 'adam_epsilon': 1e-05, 'epsilon_final': 0.02, 'run_id': 87}
{'Notes': 'This is a tuning run, executed on a single building.',
 'action_selection': 'softmax',
 'adam_epsilon': 1e-05,
 'env': '<NormalizeObservation<OneHotHour<DiscreteSingle<CityLearnEnv '
        'instance>>>>',
 'final_exploration_rate': 0.02,
 'final_exploration_step': 1000,
 'gamma': 0.99,
 'initial_exploration_rate': 1,
 'learning_rate': 7e-05,
 'loss': 'mse',
 'minibatch_size': 16,
 'network': 'MLP(\n'
            '  (layers): Sequential(\n'
            '    (0): Linear(in_features=29, out_features=128, bias=True)\n'
            '    (1): ReLU()\n'
            '    (2): Linear(in_features=128, out_features=128, bias=True)\n'
            '    (3): ReLU()\n'
            '    (4): Linear(in_features=128, out_features=9, bias=True)\n'
            '  )\n'
            ')',
 'replay_buffer_size': 10000,
 'replay_start_size': 16,
 'seed': 1,
 'train_steps': 876000,
 'update_frequency': 1,
 'update_target_frequency': 32,
 'weight_scale': 1.4142135623730951}
Timestep : 8758, score : -5443.924742856616, Time : 26.07 s
Timestep : 17517, score : -4770.390059194207, Time : 25.906 s
Timestep : 26276, score : -4652.159420608616, Time : 25.814 s
Timestep : 35035, score : -4412.737997505028, Time : 23.247 s
Timestep : 43794, score : -4251.233627010093, Time : 22.349 s
Timestep : 52553, score : -4459.954053255526, Time : 25.76 s
Timestep : 61312, score : -3929.958793116297, Time : 26.661 s
Timestep : 70071, score : -3783.763519989123, Time : 22.568 s
Timestep : 78830, score : -2801.9328600282606, Time : 22.232 s
Timestep : 87589, score : -3164.2914189742005, Time : 20.656 s
Timestep : 96348, score : -3056.6185601495963, Time : 20.875 s
Timestep : 105107, score : -2751.0124159313564, Time : 23.076 s
Timestep : 113866, score : -2794.2894959006517, Time : 26.729 s
Timestep : 122625, score : -2701.588089818979, Time : 26.737 s
Timestep : 131384, score : -2809.767295043246, Time : 26.349 s
Timestep : 140143, score : -2359.316455148306, Time : 26.329 s
Timestep : 148902, score : -2171.700241386221, Time : 26.651 s
Timestep : 157661, score : -2598.1786408614425, Time : 26.833 s
Timestep : 166420, score : -2989.813523992343, Time : 26.911 s
Timestep : 175179, score : -2693.874773815536, Time : 26.499 s
Timestep : 183938, score : -2319.6316020663653, Time : 26.201 s
Timestep : 192697, score : -2867.7162732510187, Time : 26.162 s
Timestep : 201456, score : -2887.0079237621103, Time : 26.739 s
Timestep : 210215, score : -3108.748125661077, Time : 26.795 s
Timestep : 218974, score : -2806.769253823353, Time : 26.857 s
Timestep : 227733, score : -2857.5773605987924, Time : 26.272 s
Timestep : 236492, score : -2660.324182070588, Time : 26.193 s
Timestep : 245251, score : -2855.4230439665553, Time : 25.096 s
Timestep : 254010, score : -2660.7161461497453, Time : 23.302 s
Timestep : 262769, score : -2944.8994101414282, Time : 26.787 s
Timestep : 271528, score : -2455.713117351552, Time : 26.681 s
Timestep : 280287, score : -2562.147527301364, Time : 22.284 s
Timestep : 289046, score : -2506.3319117556384, Time : 22.245 s
Timestep : 297805, score : -2571.0309519622533, Time : 22.234 s
Timestep : 306564, score : -2806.871002885542, Time : 22.59 s
Timestep : 315323, score : -2663.915243115189, Time : 24.097 s
Timestep : 324082, score : -2733.347612782527, Time : 22.683 s
Timestep : 332841, score : -2526.2330924468406, Time : 24.858 s
Timestep : 341600, score : -2345.049947402469, Time : 26.206 s
Timestep : 350359, score : -2519.043530041148, Time : 26.213 s
Timestep : 359118, score : -2048.892489130565, Time : 26.696 s
Timestep : 367877, score : -2178.8263037078577, Time : 26.64 s
Timestep : 376636, score : -2222.2719515281788, Time : 26.913 s
Timestep : 385395, score : -2362.6856751276937, Time : 26.437 s
Timestep : 394154, score : -2493.5607535514573, Time : 26.377 s
Timestep : 402913, score : -2704.6801668481494, Time : 26.397 s
Timestep : 411672, score : -2942.1741204562422, Time : 26.74 s
Timestep : 420431, score : -2568.253178419458, Time : 26.6 s
Timestep : 429190, score : -2465.6058181801636, Time : 26.737 s
Timestep : 437949, score : -2085.758772241912, Time : 26.211 s
Timestep : 446708, score : -2582.8418776608596, Time : 26.177 s
Timestep : 455467, score : -2313.460179337795, Time : 26.464 s
Timestep : 464226, score : -2086.8476471299364, Time : 26.961 s
Timestep : 472985, score : -2342.217575014365, Time : 26.436 s
Timestep : 481744, score : -2342.1318366804917, Time : 26.599 s
Timestep : 490503, score : -2572.5113521501917, Time : 26.195 s
Timestep : 499262, score : -2259.8264313177497, Time : 26.179 s
Timestep : 508021, score : -2704.732637334877, Time : 26.716 s
Timestep : 516780, score : -2455.3289070655155, Time : 26.704 s
Timestep : 525539, score : -2420.246601566265, Time : 26.823 s
Timestep : 534298, score : -2119.997856268572, Time : 26.418 s
Timestep : 543057, score : -2681.5961435777426, Time : 26.162 s
Timestep : 551816, score : -2558.02682095443, Time : 26.26 s
Timestep : 560575, score : -2600.2517885335546, Time : 26.838 s
Timestep : 569334, score : -2348.859419033717, Time : 26.675 s
Timestep : 578093, score : -2308.2211332576408, Time : 26.827 s
Timestep : 586852, score : -2394.7510043583607, Time : 26.323 s
Timestep : 595611, score : -2289.5838558714895, Time : 24.984 s
Timestep : 604370, score : -2588.9950845833664, Time : 21.153 s
Timestep : 613129, score : -2290.072310242831, Time : 21.091 s
Timestep : 621888, score : -2654.8980585142563, Time : 20.963 s
Timestep : 630647, score : -2480.13512198886, Time : 21.284 s
Timestep : 639406, score : -2542.843562943657, Time : 22.603 s
Timestep : 648165, score : -2858.045053645299, Time : 22.307 s
Timestep : 656924, score : -2719.4728275813104, Time : 22.344 s
Timestep : 665683, score : -2943.309112575167, Time : 22.359 s
Timestep : 674442, score : -2601.0654322800983, Time : 22.61 s
Timestep : 683201, score : -2539.5270849586523, Time : 22.556 s
Timestep : 691960, score : -2228.782751864899, Time : 22.688 s
Timestep : 700719, score : -2460.660179793049, Time : 22.5 s
Timestep : 709478, score : -2289.3489742442325, Time : 22.316 s
Timestep : 718237, score : -2465.7532899363723, Time : 22.289 s
Timestep : 726996, score : -2498.047643038706, Time : 22.472 s
Timestep : 735755, score : -2267.989326405135, Time : 22.597 s
Timestep : 744514, score : -2459.3890040368133, Time : 24.984 s
Timestep : 753273, score : -2116.3238389275793, Time : 26.802 s
Timestep : 762032, score : -2476.137243817473, Time : 26.119 s
Timestep : 770791, score : -2477.1712906628672, Time : 24.112 s
Timestep : 779550, score : -2633.9957822726865, Time : 22.375 s
Timestep : 788309, score : -2445.849625741859, Time : 22.599 s
Timestep : 797068, score : -2555.577987820172, Time : 22.334 s
Timestep : 805827, score : -2202.9572858799074, Time : 22.452 s
Timestep : 814586, score : -2191.8137001369905, Time : 24.97 s
Timestep : 823345, score : -2390.028912439273, Time : 25.163 s
Timestep : 832104, score : -2192.22620596239, Time : 25.176 s
Timestep : 840863, score : -2366.1788217150897, Time : 25.167 s
Timestep : 849622, score : -1963.6354007933114, Time : 25.189 s
Timestep : 858381, score : -2042.1594709956844, Time : 25.03 s
Timestep : 867140, score : -2280.0195226527576, Time : 24.599 s
Timestep : 875899, score : -2085.7157859399013, Time : 24.632 s
Starting local evaluation
Num Steps: 1000, Num episodes: 0
Num Steps: 2000, Num episodes: 0
Num Steps: 3000, Num episodes: 0
Num Steps: 4000, Num episodes: 0
Num Steps: 5000, Num episodes: 0
Num Steps: 6000, Num episodes: 0
Num Steps: 7000, Num episodes: 0
Num Steps: 8000, Num episodes: 0
Episode complete: 1 | Latest episode metrics: {'price_cost': 0.8984403214462887, 'emmision_cost': 0.9490471721930636}
[-0.13493285] -0.1349328485275695
Average Price Cost: 0.8984403214462887
Average Emmision Cost: 0.9490471721930636
Average of both costs: 0.9237437468196761
Total time taken by agent: 3.870987029513344s
DONE!
