{'agent': 'DQN', 'action_selection': 'egreedy', 'seed': 1, 'episodes': 100, 'data_path': 'data/citylearn_challenge_2022_phase_1', 'dry_run': False, 'n_discrete': 9, 'update_target': 16, 'lr': 0.03, 'batch_size': 256, 'adam_epsilon': 1e-07, 'epsilon_final': 0.1, 'run_id': 390}
{'Notes': 'This is a tuning run, executed on a single building.',
 'action_selection': 'egreedy',
 'adam_epsilon': 1e-07,
 'env': '<NormalizeObservation<OneHotHour<DiscreteSingle<CityLearnEnv '
        'instance>>>>',
 'final_exploration_rate': 0.02,
 'final_exploration_step': 1000,
 'gamma': 0.99,
 'initial_exploration_rate': 1,
 'learning_rate': 0.03,
 'loss': 'mse',
 'minibatch_size': 256,
 'network': 'MLP(\n'
            '  (layers): Sequential(\n'
            '    (0): Linear(in_features=29, out_features=128, bias=True)\n'
            '    (1): ReLU()\n'
            '    (2): Linear(in_features=128, out_features=128, bias=True)\n'
            '    (3): ReLU()\n'
            '    (4): Linear(in_features=128, out_features=9, bias=True)\n'
            '  )\n'
            ')',
 'replay_buffer_size': 10000,
 'replay_start_size': 256,
 'seed': 1,
 'train_steps': 876000,
 'update_frequency': 1,
 'update_target_frequency': 16,
 'weight_scale': 1.4142135623730951}
Timestep : 8758, score : -11002.890700413336, Time : 27.426 s
Timestep : 17517, score : -12278.831052900903, Time : 30.056 s
Timestep : 26276, score : -14612.645619063172, Time : 30.592 s
Timestep : 35035, score : -14812.178252862213, Time : 30.528 s
Timestep : 43794, score : -13346.383302734597, Time : 29.567 s
Timestep : 52553, score : -15417.456959994335, Time : 30.547 s
Timestep : 61312, score : -15947.666236811478, Time : 30.606 s
Timestep : 70071, score : -15830.759191008561, Time : 30.452 s
Timestep : 78830, score : -14747.386398270683, Time : 30.301 s
Timestep : 87589, score : -14595.495624635194, Time : 30.403 s
Timestep : 96348, score : -15218.472728448054, Time : 30.44 s
Timestep : 105107, score : -15206.79531983126, Time : 30.478 s
Timestep : 113866, score : -16662.726602330826, Time : 29.713 s
Timestep : 122625, score : -16065.522635171379, Time : 29.699 s
Timestep : 131384, score : -15909.047595385535, Time : 30.445 s
Timestep : 140143, score : -15915.116496976465, Time : 30.541 s
Timestep : 148902, score : -15962.017017003687, Time : 28.573 s
Timestep : 157661, score : -16484.346619526463, Time : 29.939 s
Timestep : 166420, score : -16063.869044299077, Time : 30.231 s
Timestep : 175179, score : -15520.395448300944, Time : 29.496 s
Timestep : 183938, score : -15898.899883093502, Time : 30.175 s
Timestep : 192697, score : -16097.478469120993, Time : 29.72 s
Timestep : 201456, score : -15777.184553288345, Time : 30.469 s
Timestep : 210215, score : -14852.542046906034, Time : 30.133 s
Timestep : 218974, score : -15379.805997862786, Time : 29.814 s
Timestep : 227733, score : -11820.813468063323, Time : 29.695 s
Timestep : 236492, score : -12329.160704930022, Time : 30.562 s
Timestep : 245251, score : -10401.35371383166, Time : 30.512 s
Timestep : 254010, score : -10449.924472670842, Time : 30.462 s
Timestep : 262769, score : -9016.266317231886, Time : 30.173 s
Timestep : 271528, score : -4646.754087283654, Time : 29.536 s
Timestep : 280287, score : -4915.931754385267, Time : 29.678 s
Timestep : 289046, score : -4548.072167328937, Time : 29.594 s
Timestep : 297805, score : -4497.659990814893, Time : 29.085 s
Timestep : 306564, score : -4504.192879547743, Time : 28.875 s
Timestep : 315323, score : -4463.765155490866, Time : 30.269 s
Timestep : 324082, score : -4567.791095072782, Time : 28.884 s
Timestep : 332841, score : -4564.884240617423, Time : 29.251 s
Timestep : 341600, score : -4524.4224932299985, Time : 30.395 s
Timestep : 350359, score : -4589.162403676106, Time : 30.46 s
Timestep : 359118, score : -4599.0386782758, Time : 30.531 s
Timestep : 367877, score : -4414.179343021853, Time : 30.504 s
Timestep : 376636, score : -4380.934486351354, Time : 30.513 s
Timestep : 385395, score : -4495.440534496127, Time : 30.527 s
Timestep : 394154, score : -4423.9041451992525, Time : 30.323 s
Timestep : 402913, score : -4360.9443741900905, Time : 28.677 s
Timestep : 411672, score : -4601.490826947062, Time : 30.539 s
Timestep : 420431, score : -4595.427777723788, Time : 30.481 s
Timestep : 429190, score : -4598.740906701802, Time : 30.257 s
Timestep : 437949, score : -4448.787579938216, Time : 30.405 s
Timestep : 446708, score : -4506.993305332406, Time : 30.487 s
Timestep : 455467, score : -4514.8015804005845, Time : 30.491 s
Timestep : 464226, score : -4570.517232682934, Time : 30.484 s
Timestep : 472985, score : -4580.53424081477, Time : 30.534 s
Timestep : 481744, score : -4541.070880096318, Time : 30.518 s
Timestep : 490503, score : -4562.472101320891, Time : 30.522 s
Timestep : 499262, score : -4482.593858688051, Time : 30.468 s
Timestep : 508021, score : -4590.473314131406, Time : 30.491 s
Timestep : 516780, score : -4441.875197953923, Time : 30.447 s
Timestep : 525539, score : -4664.712571160315, Time : 30.477 s
Timestep : 534298, score : -4472.0544205544575, Time : 29.952 s
Timestep : 543057, score : -4540.510271248786, Time : 30.197 s
Timestep : 551816, score : -4573.214390553912, Time : 30.521 s
Timestep : 560575, score : -4452.823589422187, Time : 30.536 s
Timestep : 569334, score : -4503.308140710142, Time : 30.146 s
Timestep : 578093, score : -4484.152333512349, Time : 30.49 s
Timestep : 586852, score : -4626.526553618634, Time : 30.461 s
Timestep : 595611, score : -4589.282921188889, Time : 30.462 s
Timestep : 604370, score : -4502.260390925483, Time : 30.464 s
Timestep : 613129, score : -4572.048724602355, Time : 30.439 s
Timestep : 621888, score : -4399.365213697805, Time : 30.457 s
Timestep : 630647, score : -4487.698674113868, Time : 30.465 s
Timestep : 639406, score : -4494.5258284187, Time : 29.623 s
Timestep : 648165, score : -4419.400927047274, Time : 29.037 s
Timestep : 656924, score : -4577.546448351262, Time : 30.483 s
Timestep : 665683, score : -4644.297902096136, Time : 30.483 s
Timestep : 674442, score : -4526.973532782315, Time : 29.672 s
Timestep : 683201, score : -4589.81389624477, Time : 29.717 s
Timestep : 691960, score : -4592.717472229531, Time : 30.338 s
Timestep : 700719, score : -4726.808137580199, Time : 30.338 s
Timestep : 709478, score : -4473.927119636355, Time : 30.336 s
Timestep : 718237, score : -4437.829863757739, Time : 30.365 s
Timestep : 726996, score : -4503.119881471066, Time : 30.331 s
Timestep : 735755, score : -4545.903599694284, Time : 29.621 s
Timestep : 744514, score : -4390.858742396726, Time : 30.336 s
Timestep : 753273, score : -4587.135197131807, Time : 30.4 s
Timestep : 762032, score : -4358.014113678975, Time : 30.351 s
Timestep : 770791, score : -4349.725627509324, Time : 30.396 s
Timestep : 779550, score : -4371.026927271887, Time : 30.386 s
Timestep : 788309, score : -4406.4816221198125, Time : 30.383 s
Timestep : 797068, score : -4288.163982293947, Time : 30.369 s
Timestep : 805827, score : -4488.471540592058, Time : 30.326 s
Timestep : 814586, score : -4520.227433961263, Time : 30.359 s
Timestep : 823345, score : -4496.91735366176, Time : 30.342 s
Timestep : 832104, score : -4441.92820303273, Time : 30.332 s
Timestep : 840863, score : -4590.499375068961, Time : 30.356 s
Timestep : 849622, score : -4667.842618776398, Time : 29.642 s
Timestep : 858381, score : -4608.790034982754, Time : 29.973 s
Timestep : 867140, score : -4502.350174552208, Time : 30.465 s
Timestep : 875899, score : -4639.406914621504, Time : 30.478 s
Starting local evaluation
Num Steps: 1000, Num episodes: 0
Num Steps: 2000, Num episodes: 0
Num Steps: 3000, Num episodes: 0
Num Steps: 4000, Num episodes: 0
Num Steps: 5000, Num episodes: 0
Num Steps: 6000, Num episodes: 0
Num Steps: 7000, Num episodes: 0
Num Steps: 8000, Num episodes: 0
Episode complete: 1 | Latest episode metrics: {'price_cost': 1.0227932658807943, 'emmision_cost': 1.024963463102346}
[-0.25938554] -0.2593855387425438
Average Price Cost: 1.0227932658807943
Average Emmision Cost: 1.024963463102346
Average of both costs: 1.02387836449157
Total time taken by agent: 2.5403726464137435s
DONE!
