{'agent': 'DQN', 'action_selection': 'softmax', 'seed': 1, 'episodes': 100, 'data_path': 'data/citylearn_challenge_2022_phase_1', 'dry_run': False, 'n_discrete': 9, 'update_target': 4, 'lr': 0.0003, 'batch_size': 128, 'adam_epsilon': 1e-05, 'epsilon_final': 0.02, 'run_id': 118}
{'Notes': 'This is a tuning run, executed on a single building.',
 'action_selection': 'softmax',
 'adam_epsilon': 1e-05,
 'env': '<NormalizeObservation<OneHotHour<DiscreteSingle<CityLearnEnv '
        'instance>>>>',
 'final_exploration_rate': 0.02,
 'final_exploration_step': 1000,
 'gamma': 0.99,
 'initial_exploration_rate': 1,
 'learning_rate': 0.0003,
 'loss': 'mse',
 'minibatch_size': 128,
 'network': 'MLP(\n'
            '  (layers): Sequential(\n'
            '    (0): Linear(in_features=29, out_features=128, bias=True)\n'
            '    (1): ReLU()\n'
            '    (2): Linear(in_features=128, out_features=128, bias=True)\n'
            '    (3): ReLU()\n'
            '    (4): Linear(in_features=128, out_features=9, bias=True)\n'
            '  )\n'
            ')',
 'replay_buffer_size': 10000,
 'replay_start_size': 128,
 'seed': 1,
 'train_steps': 876000,
 'update_frequency': 1,
 'update_target_frequency': 4,
 'weight_scale': 1.4142135623730951}
Timestep : 8758, score : -5219.255086661389, Time : 26.623 s
Timestep : 17517, score : -4652.455182326521, Time : 28.137 s
Timestep : 26276, score : -3799.1524193404766, Time : 28.734 s
Timestep : 35035, score : -3491.5534887673857, Time : 28.672 s
Timestep : 43794, score : -3154.746724813158, Time : 28.63 s
Timestep : 52553, score : -2992.192169843969, Time : 28.622 s
Timestep : 61312, score : -2506.1410078006156, Time : 28.666 s
Timestep : 70071, score : -2790.2967797186284, Time : 28.711 s
Timestep : 78830, score : -2857.283043374846, Time : 28.67 s
Timestep : 87589, score : -2465.921464805797, Time : 28.649 s
Timestep : 96348, score : -2420.1430909144256, Time : 28.646 s
Timestep : 105107, score : -2275.6058252792864, Time : 28.638 s
Timestep : 113866, score : -2013.6296062578622, Time : 28.605 s
Timestep : 122625, score : -1819.9253543482919, Time : 28.433 s
Timestep : 131384, score : -1891.4728443644708, Time : 28.582 s
Timestep : 140143, score : -1653.1995292842366, Time : 28.576 s
Timestep : 148902, score : -1577.513589126902, Time : 28.52 s
Timestep : 157661, score : -1760.8775992610317, Time : 28.183 s
Timestep : 166420, score : -1876.2751195573073, Time : 28.098 s
Timestep : 175179, score : -1816.0333742482471, Time : 28.209 s
Timestep : 183938, score : -1447.8760860206385, Time : 28.363 s
Timestep : 192697, score : -1489.464240856265, Time : 28.612 s
Timestep : 201456, score : -2067.579858276051, Time : 28.644 s
Timestep : 210215, score : -1302.9374253063288, Time : 28.604 s
Timestep : 218974, score : -1266.1843527837482, Time : 28.594 s
Timestep : 227733, score : -1372.0232624555065, Time : 28.557 s
Timestep : 236492, score : -1496.70326776398, Time : 28.642 s
Timestep : 245251, score : -1073.9431032568973, Time : 28.574 s
Timestep : 254010, score : -1083.7421132978343, Time : 28.693 s
Timestep : 262769, score : -1085.6045874601405, Time : 28.69 s
Timestep : 271528, score : -1114.2620474184223, Time : 27.75 s
Timestep : 280287, score : -980.8412431497418, Time : 28.119 s
Timestep : 289046, score : -1145.412644432654, Time : 31.893 s
Timestep : 297805, score : -1174.9559534431028, Time : 32.035 s
Timestep : 306564, score : -954.0886316533142, Time : 30.809 s
Timestep : 315323, score : -1070.4765920362552, Time : 28.523 s
Timestep : 324082, score : -1127.396144022263, Time : 28.525 s
Timestep : 332841, score : -1057.462227730808, Time : 28.561 s
Timestep : 341600, score : -1245.2826825327065, Time : 28.552 s
Timestep : 350359, score : -1105.4750207932957, Time : 28.318 s
Timestep : 359118, score : -1034.9817198312667, Time : 28.525 s
Timestep : 367877, score : -923.8955718910147, Time : 28.338 s
Timestep : 376636, score : -1293.1648247631674, Time : 28.59 s
Timestep : 385395, score : -902.0517546870105, Time : 28.548 s
Timestep : 394154, score : -747.4203659920313, Time : 28.437 s
Timestep : 402913, score : -950.9337392181915, Time : 27.632 s
Timestep : 411672, score : -873.356079905614, Time : 28.459 s
Timestep : 420431, score : -780.1632634733396, Time : 28.93 s
Timestep : 429190, score : -669.661617636244, Time : 32.462 s
Timestep : 437949, score : -841.245053326973, Time : 29.95 s
Timestep : 446708, score : -819.9949459396594, Time : 32.071 s
Timestep : 455467, score : -926.7805961810809, Time : 32.06 s
Timestep : 464226, score : -1145.1152929718664, Time : 32.431 s
Timestep : 472985, score : -1030.5954130143218, Time : 31.233 s
Timestep : 481744, score : -798.2602084710088, Time : 27.836 s
Timestep : 490503, score : -771.9226268112543, Time : 28.387 s
Timestep : 499262, score : -793.5442964772519, Time : 28.485 s
Timestep : 508021, score : -1001.9883812442713, Time : 28.537 s
Timestep : 516780, score : -913.2253181955602, Time : 28.472 s
Timestep : 525539, score : -842.6896893699013, Time : 28.621 s
Timestep : 534298, score : -1069.878102230461, Time : 28.488 s
Timestep : 543057, score : -844.432196535432, Time : 28.535 s
Timestep : 551816, score : -822.0831606821448, Time : 29.018 s
Timestep : 560575, score : -834.1856105773186, Time : 28.556 s
Timestep : 569334, score : -935.0319158768107, Time : 28.532 s
Timestep : 578093, score : -781.4727655520255, Time : 28.56 s
Timestep : 586852, score : -766.4473033079703, Time : 28.547 s
Timestep : 595611, score : -846.8537528121669, Time : 28.489 s
Timestep : 604370, score : -705.1763902067032, Time : 28.57 s
Timestep : 613129, score : -670.3690781423647, Time : 28.56 s
Timestep : 621888, score : -809.689299787191, Time : 29.166 s
Timestep : 630647, score : -605.344350431842, Time : 28.853 s
Timestep : 639406, score : -732.0585625444364, Time : 28.398 s
Timestep : 648165, score : -767.7848402753298, Time : 28.447 s
Timestep : 656924, score : -989.5899161564012, Time : 28.407 s
Timestep : 665683, score : -683.6532912669063, Time : 28.453 s
Timestep : 674442, score : -604.6890031725925, Time : 28.484 s
Timestep : 683201, score : -675.47366994599, Time : 28.449 s
Timestep : 691960, score : -686.8054755239573, Time : 28.474 s
Timestep : 700719, score : -888.4539043652185, Time : 28.531 s
Timestep : 709478, score : -742.5470271867525, Time : 28.545 s
Timestep : 718237, score : -798.0184090083058, Time : 28.51 s
Timestep : 726996, score : -703.804207117093, Time : 28.548 s
Timestep : 735755, score : -843.4362095711112, Time : 28.533 s
Timestep : 744514, score : -891.8527376882557, Time : 28.551 s
Timestep : 753273, score : -805.3729745208111, Time : 28.539 s
Timestep : 762032, score : -685.3928340389684, Time : 28.576 s
Timestep : 770791, score : -764.0475470817473, Time : 29.207 s
Timestep : 779550, score : -793.2371727361169, Time : 30.621 s
Timestep : 788309, score : -624.2853854478162, Time : 28.485 s
Timestep : 797068, score : -842.5546294334636, Time : 28.242 s
Timestep : 805827, score : -628.9845070734445, Time : 28.574 s
Timestep : 814586, score : -645.9555984994222, Time : 28.563 s
Timestep : 823345, score : -654.9689080167154, Time : 28.367 s
Timestep : 832104, score : -631.2427548902633, Time : 28.505 s
Timestep : 840863, score : -669.289364060649, Time : 28.461 s
Timestep : 849622, score : -695.8010000301583, Time : 28.475 s
Timestep : 858381, score : -602.7563732103736, Time : 28.492 s
Timestep : 867140, score : -594.0434598748398, Time : 28.482 s
Timestep : 875899, score : -745.6149653090688, Time : 28.489 s
Starting local evaluation
Num Steps: 1000, Num episodes: 0
Num Steps: 2000, Num episodes: 0
Num Steps: 3000, Num episodes: 0
Num Steps: 4000, Num episodes: 0
Num Steps: 5000, Num episodes: 0
Num Steps: 6000, Num episodes: 0
Num Steps: 7000, Num episodes: 0
Num Steps: 8000, Num episodes: 0
Episode complete: 1 | Latest episode metrics: {'price_cost': 0.8029392151558665, 'emmision_cost': 0.9168995059521595}
[-0.0547728] -0.054772803019283146
Average Price Cost: 0.8029392151558665
Average Emmision Cost: 0.9168995059521595
Average of both costs: 0.859919360554013
Total time taken by agent: 4.076505787670612s
DONE!
