{'agent': 'DQN', 'action_selection': 'egreedy', 'seed': 1, 'episodes': 100, 'data_path': 'data/citylearn_challenge_2022_phase_1', 'dry_run': False, 'n_discrete': 9, 'update_target': 16, 'lr': 0.007, 'batch_size': 16, 'adam_epsilon': 0.001, 'epsilon_final': 0.03, 'run_id': 331}
{'Notes': 'This is a tuning run, executed on a single building.',
 'action_selection': 'egreedy',
 'adam_epsilon': 0.001,
 'env': '<NormalizeObservation<OneHotHour<DiscreteSingle<CityLearnEnv '
        'instance>>>>',
 'final_exploration_rate': 0.02,
 'final_exploration_step': 1000,
 'gamma': 0.99,
 'initial_exploration_rate': 1,
 'learning_rate': 0.007,
 'loss': 'mse',
 'minibatch_size': 16,
 'network': 'MLP(\n'
            '  (layers): Sequential(\n'
            '    (0): Linear(in_features=29, out_features=128, bias=True)\n'
            '    (1): ReLU()\n'
            '    (2): Linear(in_features=128, out_features=128, bias=True)\n'
            '    (3): ReLU()\n'
            '    (4): Linear(in_features=128, out_features=9, bias=True)\n'
            '  )\n'
            ')',
 'replay_buffer_size': 10000,
 'replay_start_size': 16,
 'seed': 1,
 'train_steps': 876000,
 'update_frequency': 1,
 'update_target_frequency': 16,
 'weight_scale': 1.4142135623730951}
Timestep : 8758, score : -7044.825464721493, Time : 22.067 s
Timestep : 17517, score : -9871.025923303823, Time : 21.693 s
Timestep : 26276, score : -7503.818352636255, Time : 22.04 s
Timestep : 35035, score : -10051.985095103228, Time : 22.273 s
Timestep : 43794, score : -7344.033087826523, Time : 22.264 s
Timestep : 52553, score : -10497.953355305362, Time : 22.241 s
Timestep : 61312, score : -7802.24389452576, Time : 22.167 s
Timestep : 70071, score : -9885.545789329874, Time : 21.977 s
Timestep : 78830, score : -9413.564331045585, Time : 22.044 s
Timestep : 87589, score : -9078.136174526793, Time : 22.301 s
Timestep : 96348, score : -9408.072200413633, Time : 22.311 s
Timestep : 105107, score : -8695.734870176253, Time : 21.714 s
Timestep : 113866, score : -10168.358263827424, Time : 22.135 s
Timestep : 122625, score : -8578.750706031875, Time : 22.175 s
Timestep : 131384, score : -8509.66101294641, Time : 22.612 s
Timestep : 140143, score : -9359.250966819585, Time : 22.337 s
Timestep : 148902, score : -9392.627309763717, Time : 22.266 s
Timestep : 157661, score : -9738.833095720925, Time : 22.231 s
Timestep : 166420, score : -9430.32861271422, Time : 22.327 s
Timestep : 175179, score : -10295.740751021032, Time : 22.299 s
Timestep : 183938, score : -10031.7779444872, Time : 22.329 s
Timestep : 192697, score : -10122.600220395281, Time : 21.764 s
Timestep : 201456, score : -9466.866292964733, Time : 22.076 s
Timestep : 210215, score : -9710.337155926187, Time : 21.711 s
Timestep : 218974, score : -10139.710697773568, Time : 21.864 s
Timestep : 227733, score : -9236.501979965513, Time : 22.258 s
Timestep : 236492, score : -9643.309593534635, Time : 22.069 s
Timestep : 245251, score : -8965.550944358954, Time : 22.917 s
Timestep : 254010, score : -9107.813945232498, Time : 21.932 s
Timestep : 262769, score : -9515.371916212986, Time : 22.277 s
Timestep : 271528, score : -9487.552799188139, Time : 22.079 s
Timestep : 280287, score : -9470.884568190231, Time : 21.605 s
Timestep : 289046, score : -9727.395258267134, Time : 21.744 s
Timestep : 297805, score : -9338.121085337087, Time : 21.752 s
Timestep : 306564, score : -9723.765295377185, Time : 21.486 s
Timestep : 315323, score : -9477.743217357158, Time : 22.001 s
Timestep : 324082, score : -9600.795269459748, Time : 22.257 s
Timestep : 332841, score : -9304.024733051381, Time : 21.956 s
Timestep : 341600, score : -9198.975504135247, Time : 21.639 s
Timestep : 350359, score : -9435.992356673683, Time : 21.633 s
Timestep : 359118, score : -9048.920079026051, Time : 21.631 s
Timestep : 367877, score : -8837.001268985405, Time : 21.406 s
Timestep : 376636, score : -9186.478030560778, Time : 21.682 s
Timestep : 385395, score : -9685.546966373528, Time : 21.62 s
Timestep : 394154, score : -9181.758477277617, Time : 22.119 s
Timestep : 402913, score : -9242.184279461115, Time : 21.869 s
Timestep : 411672, score : -9154.792909085547, Time : 21.897 s
Timestep : 420431, score : -8999.378125951538, Time : 22.352 s
Timestep : 429190, score : -8960.42400195519, Time : 22.26 s
Timestep : 437949, score : -9152.631837631721, Time : 21.917 s
Timestep : 446708, score : -9162.595086985923, Time : 21.723 s
Timestep : 455467, score : -8999.090559073564, Time : 22.032 s
Timestep : 464226, score : -9341.971624790254, Time : 22.328 s
Timestep : 472985, score : -9034.35006325043, Time : 21.743 s
Timestep : 481744, score : -8506.989842957584, Time : 22.004 s
Timestep : 490503, score : -8565.681873090827, Time : 22.168 s
Timestep : 499262, score : -8678.704457223372, Time : 22.182 s
Timestep : 508021, score : -8119.775843980286, Time : 21.739 s
Timestep : 516780, score : -8260.400885050447, Time : 22.115 s
Timestep : 525539, score : -8440.784527193318, Time : 22.327 s
Timestep : 534298, score : -8278.920581634578, Time : 22.252 s
Timestep : 543057, score : -8159.148883488218, Time : 22.004 s
Timestep : 551816, score : -7614.17020427536, Time : 22.021 s
Timestep : 560575, score : -8079.619134102017, Time : 21.798 s
Timestep : 569334, score : -8127.883835570494, Time : 22.226 s
Timestep : 578093, score : -7994.042797016125, Time : 22.313 s
Timestep : 586852, score : -8124.230969536657, Time : 22.239 s
Timestep : 595611, score : -8105.8177289796295, Time : 22.296 s
Timestep : 604370, score : -7698.0513774323335, Time : 22.095 s
Timestep : 613129, score : -7813.4625096858945, Time : 22.661 s
Timestep : 621888, score : -7561.716342034939, Time : 22.294 s
Timestep : 630647, score : -7320.800342607341, Time : 21.502 s
Timestep : 639406, score : -7626.582617208507, Time : 21.989 s
Timestep : 648165, score : -7573.782708359096, Time : 22.309 s
Timestep : 656924, score : -7479.045905084611, Time : 22.014 s
Timestep : 665683, score : -7466.626846491039, Time : 21.433 s
Timestep : 674442, score : -7444.011943524092, Time : 22.14 s
Timestep : 683201, score : -7138.388851050899, Time : 22.325 s
Timestep : 691960, score : -7282.253658111502, Time : 21.906 s
Timestep : 700719, score : -7397.488816844372, Time : 21.711 s
Timestep : 709478, score : -7196.069321719959, Time : 22.275 s
Timestep : 718237, score : -6951.777929538337, Time : 21.783 s
Timestep : 726996, score : -7181.689174436586, Time : 21.746 s
Timestep : 735755, score : -7319.781463987034, Time : 22.023 s
Timestep : 744514, score : -7026.8464982547885, Time : 21.645 s
Timestep : 753273, score : -6790.505540497979, Time : 21.653 s
Timestep : 762032, score : -6881.245788016571, Time : 22.064 s
Timestep : 770791, score : -7062.475484186041, Time : 21.922 s
Timestep : 779550, score : -6969.02370687158, Time : 21.845 s
Timestep : 788309, score : -6682.915684061198, Time : 21.859 s
Timestep : 797068, score : -6733.443271953176, Time : 22.332 s
Timestep : 805827, score : -6622.685016929012, Time : 22.221 s
Timestep : 814586, score : -6859.738197184488, Time : 22.293 s
Timestep : 823345, score : -6999.906692341465, Time : 22.234 s
Timestep : 832104, score : -7076.776202679233, Time : 22.296 s
Timestep : 840863, score : -6806.597619440552, Time : 22.042 s
Timestep : 849622, score : -7013.283988738811, Time : 22.831 s
Timestep : 858381, score : -6581.092305548285, Time : 22.376 s
Timestep : 867140, score : -6549.243301661758, Time : 21.943 s
Timestep : 875899, score : -6625.757408727499, Time : 22.192 s
Starting local evaluation
Num Steps: 1000, Num episodes: 0
Num Steps: 2000, Num episodes: 0
Num Steps: 3000, Num episodes: 0
Num Steps: 4000, Num episodes: 0
Num Steps: 5000, Num episodes: 0
Num Steps: 6000, Num episodes: 0
Num Steps: 7000, Num episodes: 0
Num Steps: 8000, Num episodes: 0
Episode complete: 1 | Latest episode metrics: {'price_cost': 1.0202566681133327, 'emmision_cost': 1.023964263914794}
[-0.25717075] -0.25717074668405976
Average Price Cost: 1.0202566681133327
Average Emmision Cost: 1.023964263914794
Average of both costs: 1.0221104660140634
Total time taken by agent: 2.5528411127161235s
DONE!
