{'agent': 'DQN', 'action_selection': 'egreedy', 'seed': 1, 'episodes': 100, 'data_path': 'data/citylearn_challenge_2022_phase_1', 'dry_run': False, 'n_discrete': 9, 'update_target': 4, 'lr': 0.01, 'batch_size': 2, 'adam_epsilon': 1e-10, 'epsilon_final': 0.02, 'run_id': 274}
{'Notes': 'This is a tuning run, executed on a single building.',
 'action_selection': 'egreedy',
 'adam_epsilon': 1e-10,
 'env': '<NormalizeObservation<OneHotHour<DiscreteSingle<CityLearnEnv '
        'instance>>>>',
 'final_exploration_rate': 0.02,
 'final_exploration_step': 1000,
 'gamma': 0.99,
 'initial_exploration_rate': 1,
 'learning_rate': 0.01,
 'loss': 'mse',
 'minibatch_size': 2,
 'network': 'MLP(\n'
            '  (layers): Sequential(\n'
            '    (0): Linear(in_features=29, out_features=128, bias=True)\n'
            '    (1): ReLU()\n'
            '    (2): Linear(in_features=128, out_features=128, bias=True)\n'
            '    (3): ReLU()\n'
            '    (4): Linear(in_features=128, out_features=9, bias=True)\n'
            '  )\n'
            ')',
 'replay_buffer_size': 10000,
 'replay_start_size': 2,
 'seed': 1,
 'train_steps': 876000,
 'update_frequency': 1,
 'update_target_frequency': 4,
 'weight_scale': 1.4142135623730951}
Timestep : 8758, score : -6008.628754109843, Time : 21.656 s
Timestep : 17517, score : -5321.102532158868, Time : 21.5 s
Timestep : 26276, score : -5330.915287870244, Time : 21.39 s
Timestep : 35035, score : -5449.1503470427415, Time : 21.533 s
Timestep : 43794, score : -5289.167623446585, Time : 21.591 s
Timestep : 52553, score : -6620.589820630397, Time : 21.761 s
Timestep : 61312, score : -6136.673241816374, Time : 21.749 s
Timestep : 70071, score : -7189.854182626848, Time : 21.686 s
Timestep : 78830, score : -4670.775717486074, Time : 21.785 s
Timestep : 87589, score : -4605.551902442618, Time : 21.773 s
Timestep : 96348, score : -4546.1047227563395, Time : 21.663 s
Timestep : 105107, score : -4477.740326394705, Time : 21.426 s
Timestep : 113866, score : -4499.542153803079, Time : 21.441 s
Timestep : 122625, score : -4346.053888448892, Time : 21.554 s
Timestep : 131384, score : -4516.496574514924, Time : 21.558 s
Timestep : 140143, score : -4480.396023924841, Time : 22.155 s
Timestep : 148902, score : -4539.626883694349, Time : 21.706 s
Timestep : 157661, score : -4551.035378230183, Time : 21.55 s
Timestep : 166420, score : -4447.091366746841, Time : 21.698 s
Timestep : 175179, score : -4369.76530541238, Time : 21.654 s
Timestep : 183938, score : -4547.498360899655, Time : 21.501 s
Timestep : 192697, score : -4535.020821987098, Time : 21.348 s
Timestep : 201456, score : -4444.712494549298, Time : 21.522 s
Timestep : 210215, score : -4546.307476880407, Time : 21.58 s
Timestep : 218974, score : -4526.164266917302, Time : 21.761 s
Timestep : 227733, score : -4412.728454236363, Time : 21.72 s
Timestep : 236492, score : -4503.222496040544, Time : 21.726 s
Timestep : 245251, score : -4471.739601148205, Time : 21.498 s
Timestep : 254010, score : -4433.866558182432, Time : 21.225 s
Timestep : 262769, score : -4577.19638983233, Time : 21.985 s
Timestep : 271528, score : -4520.752229336096, Time : 21.787 s
Timestep : 280287, score : -4387.775258646725, Time : 21.369 s
Timestep : 289046, score : -4490.626944912394, Time : 21.686 s
Timestep : 297805, score : -4493.020784086926, Time : 21.747 s
Timestep : 306564, score : -4553.9430950651, Time : 21.195 s
Timestep : 315323, score : -4429.296645990951, Time : 21.685 s
Timestep : 324082, score : -4490.53143793848, Time : 21.319 s
Timestep : 332841, score : -4393.669129162474, Time : 21.497 s
Timestep : 341600, score : -4525.1692080776265, Time : 21.746 s
Timestep : 350359, score : -4400.185860535508, Time : 21.751 s
Timestep : 359118, score : -4631.404732655181, Time : 21.771 s
Timestep : 367877, score : -4392.241508854, Time : 21.665 s
Timestep : 376636, score : -4472.092802652536, Time : 21.451 s
Timestep : 385395, score : -4543.46893614289, Time : 21.741 s
Timestep : 394154, score : -4510.287034926383, Time : 21.525 s
Timestep : 402913, score : -4469.466385200067, Time : 21.217 s
Timestep : 411672, score : -4555.399758257976, Time : 21.265 s
Timestep : 420431, score : -4461.665832170314, Time : 21.681 s
Timestep : 429190, score : -4636.255452643993, Time : 21.628 s
Timestep : 437949, score : -4491.714213919273, Time : 21.442 s
Timestep : 446708, score : -4655.796297804831, Time : 21.666 s
Timestep : 455467, score : -4453.497737390368, Time : 21.781 s
Timestep : 464226, score : -4567.056824179323, Time : 21.484 s
Timestep : 472985, score : -4485.823597541457, Time : 21.527 s
Timestep : 481744, score : -4535.916933362751, Time : 21.484 s
Timestep : 490503, score : -4609.772186977236, Time : 21.75 s
Timestep : 499262, score : -4468.275748870714, Time : 21.495 s
Timestep : 508021, score : -4413.072275215207, Time : 21.603 s
Timestep : 516780, score : -4497.723486219911, Time : 21.582 s
Timestep : 525539, score : -4513.692784821062, Time : 21.222 s
Timestep : 534298, score : -4526.139396622224, Time : 21.212 s
Timestep : 543057, score : -4410.453931170894, Time : 21.404 s
Timestep : 551816, score : -4459.62277835366, Time : 21.776 s
Timestep : 560575, score : -4487.958858121216, Time : 21.403 s
Timestep : 569334, score : -4526.365894706367, Time : 21.489 s
Timestep : 578093, score : -4465.527847249905, Time : 21.407 s
Timestep : 586852, score : -4588.118413162796, Time : 21.508 s
Timestep : 595611, score : -4536.620145209745, Time : 21.669 s
Timestep : 604370, score : -4493.5764186553715, Time : 21.621 s
Timestep : 613129, score : -4525.8643186803965, Time : 21.859 s
Timestep : 621888, score : -4438.265043291525, Time : 21.463 s
Timestep : 630647, score : -4409.2615811316355, Time : 21.825 s
Timestep : 639406, score : -4591.963448942086, Time : 22.024 s
Timestep : 648165, score : -4551.396803707263, Time : 21.29 s
Timestep : 656924, score : -4479.271003860427, Time : 21.528 s
Timestep : 665683, score : -4631.885488053231, Time : 21.779 s
Timestep : 674442, score : -4450.076748578256, Time : 21.784 s
Timestep : 683201, score : -4603.74178774879, Time : 21.686 s
Timestep : 691960, score : -4528.6650137430115, Time : 21.738 s
Timestep : 700719, score : -4546.908406631468, Time : 21.655 s
Timestep : 709478, score : -4539.265692496119, Time : 21.652 s
Timestep : 718237, score : -4514.122680828354, Time : 21.679 s
Timestep : 726996, score : -4437.279751851602, Time : 21.38 s
Timestep : 735755, score : -4448.6723365498765, Time : 21.697 s
Timestep : 744514, score : -4584.5749091789185, Time : 21.653 s
Timestep : 753273, score : -4567.068372409238, Time : 21.752 s
Timestep : 762032, score : -4440.719410183869, Time : 21.219 s
Timestep : 770791, score : -4483.827842431521, Time : 21.203 s
Timestep : 779550, score : -4324.775188462721, Time : 21.528 s
Timestep : 788309, score : -4429.99520990756, Time : 21.612 s
Timestep : 797068, score : -4463.735088029207, Time : 21.834 s
Timestep : 805827, score : -4378.523561702488, Time : 21.706 s
Timestep : 814586, score : -4510.571678507404, Time : 21.81 s
Timestep : 823345, score : -4558.642054968892, Time : 21.737 s
Timestep : 832104, score : -4454.566551485477, Time : 21.567 s
Timestep : 840863, score : -4510.883621330751, Time : 21.678 s
Timestep : 849622, score : -4617.351139402395, Time : 21.423 s
Timestep : 858381, score : -4629.879772011569, Time : 21.617 s
Timestep : 867140, score : -4599.776839233731, Time : 21.767 s
Timestep : 875899, score : -4439.827543647407, Time : 21.873 s
Starting local evaluation
Num Steps: 1000, Num episodes: 0
Num Steps: 2000, Num episodes: 0
Num Steps: 3000, Num episodes: 0
Num Steps: 4000, Num episodes: 0
Num Steps: 5000, Num episodes: 0
Num Steps: 6000, Num episodes: 0
Num Steps: 7000, Num episodes: 0
Num Steps: 8000, Num episodes: 0
Episode complete: 1 | Latest episode metrics: {'price_cost': 1.0126627870956277, 'emmision_cost': 1.0135279383340017}
[-0.24615162] -0.24615161568165767
Average Price Cost: 1.0126627870956277
Average Emmision Cost: 1.0135279383340017
Average of both costs: 1.0130953627148147
Total time taken by agent: 2.6033518176991493s
DONE!
