{'agent': 'DQN', 'action_selection': 'egreedy', 'seed': 1, 'episodes': 100, 'data_path': 'data/citylearn_challenge_2022_phase_1', 'dry_run': False, 'n_discrete': 9, 'update_target': 32, 'lr': 0.0003, 'batch_size': 256, 'adam_epsilon': 0.001, 'epsilon_final': 0.01, 'run_id': 375}
{'Notes': 'This is a tuning run, executed on a single building.',
 'action_selection': 'egreedy',
 'adam_epsilon': 0.001,
 'env': '<NormalizeObservation<OneHotHour<DiscreteSingle<CityLearnEnv '
        'instance>>>>',
 'final_exploration_rate': 0.02,
 'final_exploration_step': 1000,
 'gamma': 0.99,
 'initial_exploration_rate': 1,
 'learning_rate': 0.0003,
 'loss': 'mse',
 'minibatch_size': 256,
 'network': 'MLP(\n'
            '  (layers): Sequential(\n'
            '    (0): Linear(in_features=29, out_features=128, bias=True)\n'
            '    (1): ReLU()\n'
            '    (2): Linear(in_features=128, out_features=128, bias=True)\n'
            '    (3): ReLU()\n'
            '    (4): Linear(in_features=128, out_features=9, bias=True)\n'
            '  )\n'
            ')',
 'replay_buffer_size': 10000,
 'replay_start_size': 256,
 'seed': 1,
 'train_steps': 876000,
 'update_frequency': 1,
 'update_target_frequency': 32,
 'weight_scale': 1.4142135623730951}
Timestep : 8758, score : -4281.506168262407, Time : 28.565 s
Timestep : 17517, score : -2033.2651863040228, Time : 30.262 s
Timestep : 26276, score : -2383.355989156553, Time : 30.354 s
Timestep : 35035, score : -2131.9773459491844, Time : 30.379 s
Timestep : 43794, score : -2308.7117724351847, Time : 30.296 s
Timestep : 52553, score : -1985.761075136048, Time : 30.375 s
Timestep : 61312, score : -2187.458054648974, Time : 30.354 s
Timestep : 70071, score : -2187.1412181186315, Time : 30.363 s
Timestep : 78830, score : -2237.8140235976025, Time : 30.347 s
Timestep : 87589, score : -2202.3350338479213, Time : 30.81 s
Timestep : 96348, score : -2262.723229530995, Time : 30.823 s
Timestep : 105107, score : -2897.859104250354, Time : 30.8 s
Timestep : 113866, score : -2134.7488980519847, Time : 30.183 s
Timestep : 122625, score : -2163.560278945981, Time : 28.479 s
Timestep : 131384, score : -2111.7915733782866, Time : 28.428 s
Timestep : 140143, score : -2269.2085811866273, Time : 30.282 s
Timestep : 148902, score : -2058.5936396336474, Time : 30.75 s
Timestep : 157661, score : -2241.712445152487, Time : 30.786 s
Timestep : 166420, score : -2199.8712698645686, Time : 30.781 s
Timestep : 175179, score : -2373.478874723689, Time : 30.759 s
Timestep : 183938, score : -1996.9691548442497, Time : 30.782 s
Timestep : 192697, score : -2093.185139398469, Time : 30.756 s
Timestep : 201456, score : -2548.0788124963, Time : 30.753 s
Timestep : 210215, score : -2299.657032892137, Time : 30.777 s
Timestep : 218974, score : -2602.662921048497, Time : 30.674 s
Timestep : 227733, score : -2203.9590902903874, Time : 30.773 s
Timestep : 236492, score : -2459.5812693613407, Time : 30.756 s
Timestep : 245251, score : -2605.0848807848815, Time : 30.739 s
Timestep : 254010, score : -2382.649817399244, Time : 30.771 s
Timestep : 262769, score : -2183.901569557638, Time : 30.767 s
Timestep : 271528, score : -2541.3095528001722, Time : 30.761 s
Timestep : 280287, score : -2445.347593258164, Time : 30.762 s
Timestep : 289046, score : -2576.720908115414, Time : 30.738 s
Timestep : 297805, score : -2715.3259565045882, Time : 30.728 s
Timestep : 306564, score : -2515.1085853458208, Time : 30.725 s
Timestep : 315323, score : -2224.7756381316867, Time : 30.718 s
Timestep : 324082, score : -2527.8081864591513, Time : 30.734 s
Timestep : 332841, score : -2403.497534661583, Time : 30.74 s
Timestep : 341600, score : -2288.3855669994664, Time : 30.768 s
Timestep : 350359, score : -2508.8106667916, Time : 30.746 s
Timestep : 359118, score : -2376.663815757798, Time : 30.584 s
Timestep : 367877, score : -2614.2826803045173, Time : 28.892 s
Timestep : 376636, score : -2410.187316057534, Time : 28.724 s
Timestep : 385395, score : -2761.015994171874, Time : 29.762 s
Timestep : 394154, score : -2645.995567915874, Time : 30.225 s
Timestep : 402913, score : -2220.4437894018774, Time : 30.335 s
Timestep : 411672, score : -2524.642226097785, Time : 30.322 s
Timestep : 420431, score : -2453.741014187137, Time : 30.326 s
Timestep : 429190, score : -2896.5857004528225, Time : 30.247 s
Timestep : 437949, score : -2375.855752725649, Time : 30.359 s
Timestep : 446708, score : -2639.4113824980886, Time : 30.335 s
Timestep : 455467, score : -2579.049783380964, Time : 28.975 s
Timestep : 464226, score : -2645.6772661612194, Time : 29.165 s
Timestep : 472985, score : -2704.8699093398463, Time : 30.03 s
Timestep : 481744, score : -2563.3620933937054, Time : 29.973 s
Timestep : 490503, score : -2597.9434957168705, Time : 28.288 s
Timestep : 499262, score : -2464.9106035349832, Time : 28.076 s
Timestep : 508021, score : -2764.943123557401, Time : 28.684 s
Timestep : 516780, score : -2920.151328266278, Time : 28.541 s
Timestep : 525539, score : -2747.9390692200104, Time : 29.248 s
Timestep : 534298, score : -2537.625718755444, Time : 29.953 s
Timestep : 543057, score : -2861.0353534320893, Time : 29.967 s
Timestep : 551816, score : -2583.8497209869383, Time : 29.022 s
Timestep : 560575, score : -2778.423251017841, Time : 28.457 s
Timestep : 569334, score : -2872.498476712295, Time : 30.378 s
Timestep : 578093, score : -2896.7762808093394, Time : 30.347 s
Timestep : 586852, score : -2652.423046437587, Time : 30.372 s
Timestep : 595611, score : -2866.4838223398256, Time : 30.365 s
Timestep : 604370, score : -2507.216785359342, Time : 30.374 s
Timestep : 613129, score : -2806.3111788977694, Time : 30.36 s
Timestep : 621888, score : -2850.063479670818, Time : 30.383 s
Timestep : 630647, score : -2671.568119857955, Time : 29.68 s
Timestep : 639406, score : -2920.071663794486, Time : 29.276 s
Timestep : 648165, score : -2877.485303927824, Time : 29.251 s
Timestep : 656924, score : -3221.942602568801, Time : 28.115 s
Timestep : 665683, score : -2783.2835733147367, Time : 27.979 s
Timestep : 674442, score : -3053.5878245713247, Time : 28.013 s
Timestep : 683201, score : -2804.510200157092, Time : 27.767 s
Timestep : 691960, score : -3074.6215349253325, Time : 28.26 s
Timestep : 700719, score : -3249.7005155859806, Time : 29.775 s
Timestep : 709478, score : -3080.943399151118, Time : 30.352 s
Timestep : 718237, score : -3006.142180322, Time : 30.199 s
Timestep : 726996, score : -3365.866148235422, Time : 30.949 s
Timestep : 735755, score : -3152.7818551685923, Time : 30.172 s
Timestep : 744514, score : -3028.7425547479943, Time : 29.889 s
Timestep : 753273, score : -2978.5731733290304, Time : 29.31 s
Timestep : 762032, score : -2907.2203685974528, Time : 28.793 s
Timestep : 770791, score : -2652.3105467879504, Time : 28.78 s
Timestep : 779550, score : -2655.6348120930197, Time : 28.686 s
Timestep : 788309, score : -2943.8855842778867, Time : 28.378 s
Timestep : 797068, score : -2821.997384447517, Time : 27.414 s
Timestep : 805827, score : -3034.759946046659, Time : 28.634 s
Timestep : 814586, score : -2927.345947907219, Time : 26.909 s
Timestep : 823345, score : -2941.7697016647144, Time : 28.639 s
Timestep : 832104, score : -2968.1397651918523, Time : 28.703 s
Timestep : 840863, score : -3022.2937831848685, Time : 28.583 s
Timestep : 849622, score : -2776.055558798631, Time : 28.711 s
Timestep : 858381, score : -2853.2831204897084, Time : 28.609 s
Timestep : 867140, score : -2894.4790703615, Time : 28.645 s
Timestep : 875899, score : -2707.2086411167693, Time : 27.939 s
Starting local evaluation
Num Steps: 1000, Num episodes: 0
Num Steps: 2000, Num episodes: 0
Num Steps: 3000, Num episodes: 0
Num Steps: 4000, Num episodes: 0
Num Steps: 5000, Num episodes: 0
Num Steps: 6000, Num episodes: 0
Num Steps: 7000, Num episodes: 0
Num Steps: 8000, Num episodes: 0
Episode complete: 1 | Latest episode metrics: {'price_cost': 0.8957524915763503, 'emmision_cost': 1.0005979335968904}
[-0.16359808] -0.1635980808230189
Average Price Cost: 0.8957524915763503
Average Emmision Cost: 1.0005979335968904
Average of both costs: 0.9481752125866203
Total time taken by agent: 2.4576408764114603s
DONE!
