{'agent': 'DQN', 'action_selection': 'softmax', 'seed': 1, 'episodes': 100, 'data_path': 'data/citylearn_challenge_2022_phase_1', 'dry_run': False, 'n_discrete': 9, 'update_target': 16, 'lr': 1e-05, 'batch_size': 1, 'adam_epsilon': 0.0001, 'epsilon_final': 0.02, 'run_id': 175}
{'Notes': 'This is a tuning run, executed on a single building.',
 'action_selection': 'softmax',
 'adam_epsilon': 0.0001,
 'env': '<NormalizeObservation<OneHotHour<DiscreteSingle<CityLearnEnv '
        'instance>>>>',
 'final_exploration_rate': 0.02,
 'final_exploration_step': 1000,
 'gamma': 0.99,
 'initial_exploration_rate': 1,
 'learning_rate': 1e-05,
 'loss': 'mse',
 'minibatch_size': 1,
 'network': 'MLP(\n'
            '  (layers): Sequential(\n'
            '    (0): Linear(in_features=29, out_features=128, bias=True)\n'
            '    (1): ReLU()\n'
            '    (2): Linear(in_features=128, out_features=128, bias=True)\n'
            '    (3): ReLU()\n'
            '    (4): Linear(in_features=128, out_features=9, bias=True)\n'
            '  )\n'
            ')',
 'replay_buffer_size': 10000,
 'replay_start_size': 1,
 'seed': 1,
 'train_steps': 876000,
 'update_frequency': 1,
 'update_target_frequency': 16,
 'weight_scale': 1.4142135623730951}
Timestep : 8758, score : -12732.326567190888, Time : 22.846 s
Timestep : 17517, score : -6604.891010197258, Time : 23.018 s
Timestep : 26276, score : -4905.543668209022, Time : 23.022 s
Timestep : 35035, score : -4860.875229244499, Time : 23.073 s
Timestep : 43794, score : -4840.386636871292, Time : 23.083 s
Timestep : 52553, score : -4629.106228321238, Time : 23.018 s
Timestep : 61312, score : -4800.323517240031, Time : 23.0 s
Timestep : 70071, score : -4670.88809554922, Time : 23.017 s
Timestep : 78830, score : -4442.194380916335, Time : 22.738 s
Timestep : 87589, score : -4424.721739457367, Time : 22.284 s
Timestep : 96348, score : -4392.01893519648, Time : 22.935 s
Timestep : 105107, score : -4392.8010191176145, Time : 24.046 s
Timestep : 113866, score : -4324.592389363126, Time : 22.662 s
Timestep : 122625, score : -4322.322668319015, Time : 22.378 s
Timestep : 131384, score : -4292.624001981138, Time : 22.452 s
Timestep : 140143, score : -4403.802459179802, Time : 22.273 s
Timestep : 148902, score : -4346.252470856911, Time : 22.312 s
Timestep : 157661, score : -4417.036849475844, Time : 22.308 s
Timestep : 166420, score : -4384.467987534968, Time : 22.353 s
Timestep : 175179, score : -4335.063931094861, Time : 22.529 s
Timestep : 183938, score : -4415.318314413918, Time : 23.051 s
Timestep : 192697, score : -4371.945781626942, Time : 22.979 s
Timestep : 201456, score : -4503.209556383459, Time : 23.043 s
Timestep : 210215, score : -4344.6454568406625, Time : 23.045 s
Timestep : 218974, score : -4334.139982792927, Time : 22.449 s
Timestep : 227733, score : -4236.330966669513, Time : 22.31 s
Timestep : 236492, score : -4296.5617423741205, Time : 22.279 s
Timestep : 245251, score : -4321.7525515606685, Time : 22.859 s
Timestep : 254010, score : -4366.884842823638, Time : 24.109 s
Timestep : 262769, score : -4344.542476016475, Time : 22.985 s
Timestep : 271528, score : -4285.120440525381, Time : 22.379 s
Timestep : 280287, score : -4332.52498813477, Time : 22.234 s
Timestep : 289046, score : -4307.376591229258, Time : 22.241 s
Timestep : 297805, score : -4301.84222687353, Time : 22.231 s
Timestep : 306564, score : -4315.1995742837025, Time : 22.569 s
Timestep : 315323, score : -4199.846029480366, Time : 22.232 s
Timestep : 324082, score : -4337.449071080802, Time : 22.094 s
Timestep : 332841, score : -4252.270890352695, Time : 22.071 s
Timestep : 341600, score : -4202.167578761844, Time : 22.13 s
Timestep : 350359, score : -4157.927893926768, Time : 22.264 s
Timestep : 359118, score : -4168.881123640953, Time : 23.396 s
Timestep : 367877, score : -4167.811115851073, Time : 23.681 s
Timestep : 376636, score : -4175.621613224415, Time : 22.254 s
Timestep : 385395, score : -4124.51294677463, Time : 22.485 s
Timestep : 394154, score : -4229.981290013908, Time : 22.686 s
Timestep : 402913, score : -4173.772115362255, Time : 22.961 s
Timestep : 411672, score : -4214.153526110022, Time : 22.936 s
Timestep : 420431, score : -4217.129422088532, Time : 22.932 s
Timestep : 429190, score : -4156.139877808659, Time : 22.772 s
Timestep : 437949, score : -4248.444760223298, Time : 22.247 s
Timestep : 446708, score : -4168.925562461285, Time : 22.85 s
Timestep : 455467, score : -4133.623939616053, Time : 22.939 s
Timestep : 464226, score : -4149.369374518661, Time : 22.638 s
Timestep : 472985, score : -4111.906206609128, Time : 23.843 s
Timestep : 481744, score : -4096.5789785994275, Time : 23.03 s
Timestep : 490503, score : -4123.283423097251, Time : 22.86 s
Timestep : 499262, score : -4203.464079880534, Time : 22.808 s
Timestep : 508021, score : -4214.103788835375, Time : 22.953 s
Timestep : 516780, score : -4180.439293911128, Time : 22.889 s
Timestep : 525539, score : -4158.841209304897, Time : 22.767 s
Timestep : 534298, score : -4132.707940434484, Time : 22.642 s
Timestep : 543057, score : -4090.8929465761466, Time : 22.873 s
Timestep : 551816, score : -4060.7858497997804, Time : 22.845 s
Timestep : 560575, score : -4125.460984335659, Time : 22.373 s
Timestep : 569334, score : -4085.6231352625473, Time : 22.977 s
Timestep : 578093, score : -4111.074927022128, Time : 23.083 s
Timestep : 586852, score : -4148.930100293277, Time : 23.758 s
Timestep : 595611, score : -4114.85099716243, Time : 22.975 s
Timestep : 604370, score : -4124.011864629647, Time : 22.379 s
Timestep : 613129, score : -4110.082367943047, Time : 22.205 s
Timestep : 621888, score : -4059.3768580084725, Time : 22.69 s
Timestep : 630647, score : -4050.3938438793703, Time : 22.915 s
Timestep : 639406, score : -4034.0029344758077, Time : 22.925 s
Timestep : 648165, score : -4074.635173526971, Time : 22.957 s
Timestep : 656924, score : -4064.045539846091, Time : 22.999 s
Timestep : 665683, score : -4091.1030998910574, Time : 22.826 s
Timestep : 674442, score : -4084.8044222550525, Time : 22.953 s
Timestep : 683201, score : -4043.9581741591974, Time : 22.967 s
Timestep : 691960, score : -4045.784081367223, Time : 23.788 s
Timestep : 700719, score : -4100.353804593353, Time : 23.009 s
Timestep : 709478, score : -4064.1378751596494, Time : 22.591 s
Timestep : 718237, score : -4033.751256485848, Time : 22.815 s
Timestep : 726996, score : -4059.650235613255, Time : 22.218 s
Timestep : 735755, score : -4056.944009867875, Time : 22.229 s
Timestep : 744514, score : -4075.830051317258, Time : 22.37 s
Timestep : 753273, score : -4130.685337570569, Time : 22.758 s
Timestep : 762032, score : -4051.190140833525, Time : 22.776 s
Timestep : 770791, score : -4049.8136389305873, Time : 22.843 s
Timestep : 779550, score : -4130.897669216065, Time : 22.893 s
Timestep : 788309, score : -4081.50186439362, Time : 22.526 s
Timestep : 797068, score : -4054.746534814505, Time : 22.794 s
Timestep : 805827, score : -4062.2867450317426, Time : 22.608 s
Timestep : 814586, score : -4065.192246933846, Time : 22.33 s
Timestep : 823345, score : -4089.7008599931432, Time : 22.824 s
Timestep : 832104, score : -4080.5779575156776, Time : 22.999 s
Timestep : 840863, score : -4080.243968119292, Time : 23.736 s
Timestep : 849622, score : -4073.1221373876615, Time : 23.257 s
Timestep : 858381, score : -4067.844698478846, Time : 22.25 s
Timestep : 867140, score : -4050.466698889999, Time : 22.588 s
Timestep : 875899, score : -4074.1763532361074, Time : 22.806 s
Starting local evaluation
Num Steps: 1000, Num episodes: 0
Num Steps: 2000, Num episodes: 0
Num Steps: 3000, Num episodes: 0
Num Steps: 4000, Num episodes: 0
Num Steps: 5000, Num episodes: 0
Num Steps: 6000, Num episodes: 0
Num Steps: 7000, Num episodes: 0
Num Steps: 8000, Num episodes: 0
Episode complete: 1 | Latest episode metrics: {'price_cost': 1.0014734821185063, 'emmision_cost': 1.002884528283066}
[-0.23270599] -0.23270598935402162
Average Price Cost: 1.0014734821185063
Average Emmision Cost: 1.002884528283066
Average of both costs: 1.0021790052007862
Total time taken by agent: 3.7300843582488596s
DONE!
