{'agent': 'DQN', 'action_selection': 'softmax', 'seed': 1, 'episodes': 100, 'data_path': 'data/citylearn_challenge_2022_phase_1', 'dry_run': False, 'n_discrete': 9, 'update_target': 32, 'lr': 0.001, 'batch_size': 32, 'adam_epsilon': 1e-10, 'epsilon_final': 0.02, 'run_id': 137}
{'Notes': 'This is a tuning run, executed on a single building.',
 'action_selection': 'softmax',
 'adam_epsilon': 1e-10,
 'env': '<NormalizeObservation<OneHotHour<DiscreteSingle<CityLearnEnv '
        'instance>>>>',
 'final_exploration_rate': 0.02,
 'final_exploration_step': 1000,
 'gamma': 0.99,
 'initial_exploration_rate': 1,
 'learning_rate': 0.001,
 'loss': 'mse',
 'minibatch_size': 32,
 'network': 'MLP(\n'
            '  (layers): Sequential(\n'
            '    (0): Linear(in_features=29, out_features=128, bias=True)\n'
            '    (1): ReLU()\n'
            '    (2): Linear(in_features=128, out_features=128, bias=True)\n'
            '    (3): ReLU()\n'
            '    (4): Linear(in_features=128, out_features=9, bias=True)\n'
            '  )\n'
            ')',
 'replay_buffer_size': 10000,
 'replay_start_size': 32,
 'seed': 1,
 'train_steps': 876000,
 'update_frequency': 1,
 'update_target_frequency': 32,
 'weight_scale': 1.4142135623730951}
Timestep : 8758, score : -5312.61444387534, Time : 22.345 s
Timestep : 17517, score : -4684.810257599747, Time : 22.478 s
Timestep : 26276, score : -3903.5834047700337, Time : 22.82 s
Timestep : 35035, score : -3771.7128382878873, Time : 22.802 s
Timestep : 43794, score : -3020.2745105272916, Time : 22.966 s
Timestep : 52553, score : -2943.076200532174, Time : 22.991 s
Timestep : 61312, score : -2866.8541011138877, Time : 23.052 s
Timestep : 70071, score : -2538.979356862794, Time : 23.07 s
Timestep : 78830, score : -2815.567469084548, Time : 22.932 s
Timestep : 87589, score : -2741.980125266855, Time : 22.493 s
Timestep : 96348, score : -2791.931227656052, Time : 22.79 s
Timestep : 105107, score : -2451.7745656553016, Time : 23.091 s
Timestep : 113866, score : -2668.2595459776057, Time : 23.131 s
Timestep : 122625, score : -2272.569492403287, Time : 22.673 s
Timestep : 131384, score : -2020.6340163778805, Time : 22.451 s
Timestep : 140143, score : -2538.301453409338, Time : 23.169 s
Timestep : 148902, score : -2279.800829883927, Time : 23.166 s
Timestep : 157661, score : -2399.5813159041863, Time : 23.152 s
Timestep : 166420, score : -2455.1739473255875, Time : 23.16 s
Timestep : 175179, score : -2712.5079342841927, Time : 23.25 s
Timestep : 183938, score : -2710.3266825047613, Time : 23.237 s
Timestep : 192697, score : -2726.5979845321563, Time : 23.233 s
Timestep : 201456, score : -2704.373305973044, Time : 23.228 s
Timestep : 210215, score : -2300.1973774370563, Time : 23.178 s
Timestep : 218974, score : -2227.4315538883966, Time : 23.133 s
Timestep : 227733, score : -2288.5292275204847, Time : 22.58 s
Timestep : 236492, score : -2504.1374911346065, Time : 22.667 s
Timestep : 245251, score : -2167.4202204926296, Time : 22.677 s
Timestep : 254010, score : -2086.1366159597237, Time : 22.661 s
Timestep : 262769, score : -1959.0156398560794, Time : 22.822 s
Timestep : 271528, score : -2121.3156185222615, Time : 23.203 s
Timestep : 280287, score : -2162.216356745368, Time : 23.208 s
Timestep : 289046, score : -1900.2047198883083, Time : 23.158 s
Timestep : 297805, score : -2060.7884145605203, Time : 23.194 s
Timestep : 306564, score : -1945.2255551548005, Time : 23.234 s
Timestep : 315323, score : -1671.060554718948, Time : 23.178 s
Timestep : 324082, score : -1808.2381308766198, Time : 23.156 s
Timestep : 332841, score : -2470.1978457972, Time : 23.281 s
Timestep : 341600, score : -2274.1699950736074, Time : 23.233 s
Timestep : 350359, score : -2304.616245374462, Time : 23.209 s
Timestep : 359118, score : -2154.409469942242, Time : 23.18 s
Timestep : 367877, score : -2224.477066531399, Time : 23.206 s
Timestep : 376636, score : -1850.542897574749, Time : 23.152 s
Timestep : 385395, score : -2250.6405046574364, Time : 23.2 s
Timestep : 394154, score : -2252.172636620817, Time : 23.197 s
Timestep : 402913, score : -1971.688615766383, Time : 23.186 s
Timestep : 411672, score : -1981.3075511348143, Time : 23.177 s
Timestep : 420431, score : -2082.562655052665, Time : 23.109 s
Timestep : 429190, score : -2004.282133087836, Time : 22.607 s
Timestep : 437949, score : -1801.91259586651, Time : 22.526 s
Timestep : 446708, score : -1894.2506694712501, Time : 22.907 s
Timestep : 455467, score : -2027.4683667985082, Time : 23.2 s
Timestep : 464226, score : -2405.401834922639, Time : 23.239 s
Timestep : 472985, score : -2310.0850962390687, Time : 22.749 s
Timestep : 481744, score : -1917.151618506672, Time : 22.938 s
Timestep : 490503, score : -1902.815322509763, Time : 23.154 s
Timestep : 499262, score : -1639.366096765807, Time : 23.139 s
Timestep : 508021, score : -1701.0185312002723, Time : 23.171 s
Timestep : 516780, score : -1682.826078145721, Time : 23.169 s
Timestep : 525539, score : -2216.6865670075204, Time : 23.219 s
Timestep : 534298, score : -1979.375651452181, Time : 23.197 s
Timestep : 543057, score : -2135.67599152193, Time : 23.244 s
Timestep : 551816, score : -2101.7101895920496, Time : 23.201 s
Timestep : 560575, score : -1677.0633935976366, Time : 23.17 s
Timestep : 569334, score : -2313.479226181662, Time : 23.233 s
Timestep : 578093, score : -2409.2153714933374, Time : 23.213 s
Timestep : 586852, score : -2086.3969744010537, Time : 23.205 s
Timestep : 595611, score : -1935.3492510358628, Time : 23.201 s
Timestep : 604370, score : -1782.7399047386134, Time : 23.168 s
Timestep : 613129, score : -1572.7818362410762, Time : 23.192 s
Timestep : 621888, score : -1872.4386186790362, Time : 23.22 s
Timestep : 630647, score : -1975.7855249713612, Time : 23.221 s
Timestep : 639406, score : -1877.4796222338919, Time : 23.216 s
Timestep : 648165, score : -2043.0592719468114, Time : 22.918 s
Timestep : 656924, score : -1968.365612773021, Time : 22.412 s
Timestep : 665683, score : -1740.290767985658, Time : 22.308 s
Timestep : 674442, score : -1644.7603856983187, Time : 22.33 s
Timestep : 683201, score : -1992.7178167865204, Time : 22.36 s
Timestep : 691960, score : -1652.9368033455976, Time : 22.338 s
Timestep : 700719, score : -1703.3608542864968, Time : 22.748 s
Timestep : 709478, score : -1760.5304973143357, Time : 22.949 s
Timestep : 718237, score : -1691.8602484811854, Time : 22.945 s
Timestep : 726996, score : -1929.3876784139138, Time : 22.977 s
Timestep : 735755, score : -1673.3952145262447, Time : 22.912 s
Timestep : 744514, score : -1619.9771942121733, Time : 22.905 s
Timestep : 753273, score : -1943.6248974392947, Time : 22.965 s
Timestep : 762032, score : -1705.4950646090147, Time : 22.921 s
Timestep : 770791, score : -1844.260379978703, Time : 22.938 s
Timestep : 779550, score : -1627.3391260476492, Time : 22.92 s
Timestep : 788309, score : -1546.912021388911, Time : 22.865 s
Timestep : 797068, score : -1426.0878381200891, Time : 22.858 s
Timestep : 805827, score : -1597.6532452967076, Time : 22.902 s
Timestep : 814586, score : -1570.465464905632, Time : 22.895 s
Timestep : 823345, score : -1798.867333838978, Time : 22.894 s
Timestep : 832104, score : -1638.268963767594, Time : 22.865 s
Timestep : 840863, score : -1688.8992422519077, Time : 22.887 s
Timestep : 849622, score : -2098.63180378612, Time : 22.928 s
Timestep : 858381, score : -1835.6486899422307, Time : 22.89 s
Timestep : 867140, score : -1687.8023207336955, Time : 22.895 s
Timestep : 875899, score : -1527.8078874994826, Time : 22.836 s
Starting local evaluation
Num Steps: 1000, Num episodes: 0
Num Steps: 2000, Num episodes: 0
Num Steps: 3000, Num episodes: 0
Num Steps: 4000, Num episodes: 0
Num Steps: 5000, Num episodes: 0
Num Steps: 6000, Num episodes: 0
Num Steps: 7000, Num episodes: 0
Num Steps: 8000, Num episodes: 0
Episode complete: 1 | Latest episode metrics: {'price_cost': 0.844999642492342, 'emmision_cost': 0.9632345183052565}
[-0.10904409] -0.1090440859787817
Average Price Cost: 0.844999642492342
Average Emmision Cost: 0.9632345183052565
Average of both costs: 0.9041170803987992
Total time taken by agent: 3.9662982366862707s
DONE!
