{'agent': 'DQN', 'action_selection': 'egreedy', 'seed': 1, 'episodes': 100, 'data_path': 'data/citylearn_challenge_2022_phase_1', 'dry_run': False, 'n_discrete': 9, 'update_target': 8, 'lr': 0.07, 'batch_size': 32, 'adam_epsilon': 1e-05, 'epsilon_final': 0.1, 'run_id': 365}
{'Notes': 'This is a tuning run, executed on a single building.',
 'action_selection': 'egreedy',
 'adam_epsilon': 1e-05,
 'env': '<NormalizeObservation<OneHotHour<DiscreteSingle<CityLearnEnv '
        'instance>>>>',
 'final_exploration_rate': 0.02,
 'final_exploration_step': 1000,
 'gamma': 0.99,
 'initial_exploration_rate': 1,
 'learning_rate': 0.07,
 'loss': 'mse',
 'minibatch_size': 32,
 'network': 'MLP(\n'
            '  (layers): Sequential(\n'
            '    (0): Linear(in_features=29, out_features=128, bias=True)\n'
            '    (1): ReLU()\n'
            '    (2): Linear(in_features=128, out_features=128, bias=True)\n'
            '    (3): ReLU()\n'
            '    (4): Linear(in_features=128, out_features=9, bias=True)\n'
            '  )\n'
            ')',
 'replay_buffer_size': 10000,
 'replay_start_size': 32,
 'seed': 1,
 'train_steps': 876000,
 'update_frequency': 1,
 'update_target_frequency': 8,
 'weight_scale': 1.4142135623730951}
Timestep : 8758, score : -7650.361094970329, Time : 21.612 s
Timestep : 17517, score : -8217.4073234143, Time : 21.986 s
Timestep : 26276, score : -8381.575642560172, Time : 22.393 s
Timestep : 35035, score : -8896.539240097518, Time : 22.567 s
Timestep : 43794, score : -9907.039637817186, Time : 22.584 s
Timestep : 52553, score : -9622.41282832461, Time : 22.385 s
Timestep : 61312, score : -11216.853215845375, Time : 22.034 s
Timestep : 70071, score : -10415.13543111844, Time : 22.63 s
Timestep : 78830, score : -10702.282666075422, Time : 22.558 s
Timestep : 87589, score : -10866.956074823109, Time : 22.644 s
Timestep : 96348, score : -13142.506310716184, Time : 22.475 s
Timestep : 105107, score : -11294.676663358943, Time : 22.337 s
Timestep : 113866, score : -10962.14152799292, Time : 22.611 s
Timestep : 122625, score : -11763.705070935612, Time : 22.21 s
Timestep : 131384, score : -11743.57181930366, Time : 22.487 s
Timestep : 140143, score : -11521.346771848112, Time : 22.644 s
Timestep : 148902, score : -11047.315461125414, Time : 22.624 s
Timestep : 157661, score : -10934.530242931294, Time : 22.634 s
Timestep : 166420, score : -12504.137071886857, Time : 22.657 s
Timestep : 175179, score : -10649.527167491571, Time : 22.512 s
Timestep : 183938, score : -12566.216001110413, Time : 21.918 s
Timestep : 192697, score : -12106.278951760265, Time : 21.951 s
Timestep : 201456, score : -11312.650590318139, Time : 22.346 s
Timestep : 210215, score : -11659.08038493467, Time : 22.507 s
Timestep : 218974, score : -12509.345059332605, Time : 22.646 s
Timestep : 227733, score : -11463.391332755687, Time : 22.626 s
Timestep : 236492, score : -11385.297904037201, Time : 22.643 s
Timestep : 245251, score : -11378.22824915249, Time : 22.606 s
Timestep : 254010, score : -12479.52803745211, Time : 22.634 s
Timestep : 262769, score : -11560.465987002342, Time : 22.646 s
Timestep : 271528, score : -11265.53293981032, Time : 22.633 s
Timestep : 280287, score : -11887.531759258665, Time : 22.639 s
Timestep : 289046, score : -11064.856221165835, Time : 22.636 s
Timestep : 297805, score : -12427.51303065948, Time : 22.08 s
Timestep : 306564, score : -11910.053831248893, Time : 22.098 s
Timestep : 315323, score : -11810.67946265571, Time : 22.625 s
Timestep : 324082, score : -12213.152111612799, Time : 22.625 s
Timestep : 332841, score : -11920.541909152089, Time : 22.583 s
Timestep : 341600, score : -12052.928774630258, Time : 22.612 s
Timestep : 350359, score : -12648.227269157898, Time : 22.344 s
Timestep : 359118, score : -11864.262845560675, Time : 22.373 s
Timestep : 367877, score : -12411.416997665045, Time : 22.615 s
Timestep : 376636, score : -11666.94196467947, Time : 22.627 s
Timestep : 385395, score : -11618.757020633508, Time : 22.615 s
Timestep : 394154, score : -11660.847086465408, Time : 22.172 s
Timestep : 402913, score : -11349.374114366787, Time : 22.117 s
Timestep : 411672, score : -11709.576863764349, Time : 22.604 s
Timestep : 420431, score : -12120.61718479605, Time : 22.603 s
Timestep : 429190, score : -12439.034099204539, Time : 22.64 s
Timestep : 437949, score : -11764.312309501256, Time : 22.604 s
Timestep : 446708, score : -11559.099648527124, Time : 22.61 s
Timestep : 455467, score : -11926.058645101177, Time : 22.306 s
Timestep : 464226, score : -12268.621949115026, Time : 22.593 s
Timestep : 472985, score : -12035.184928968778, Time : 22.605 s
Timestep : 481744, score : -12011.420071915913, Time : 22.607 s
Timestep : 490503, score : -11483.397614656627, Time : 22.391 s
Timestep : 499262, score : -11992.221223382294, Time : 22.612 s
Timestep : 508021, score : -12358.910024926765, Time : 22.615 s
Timestep : 516780, score : -12131.01895627359, Time : 22.598 s
Timestep : 525539, score : -12154.096481139262, Time : 22.297 s
Timestep : 534298, score : -11578.748401685923, Time : 22.587 s
Timestep : 543057, score : -12293.179410898854, Time : 22.621 s
Timestep : 551816, score : -12239.315685714791, Time : 22.607 s
Timestep : 560575, score : -11969.017684396502, Time : 22.102 s
Timestep : 569334, score : -12195.7616553861, Time : 22.057 s
Timestep : 578093, score : -12850.766063996154, Time : 21.917 s
Timestep : 586852, score : -11416.641124829024, Time : 22.282 s
Timestep : 595611, score : -11628.476505649931, Time : 22.613 s
Timestep : 604370, score : -11307.628134888248, Time : 22.612 s
Timestep : 613129, score : -11297.044469934743, Time : 22.408 s
Timestep : 621888, score : -11734.416005333253, Time : 21.919 s
Timestep : 630647, score : -12220.751529410525, Time : 21.925 s
Timestep : 639406, score : -12177.46064493293, Time : 21.911 s
Timestep : 648165, score : -11700.619947986983, Time : 22.039 s
Timestep : 656924, score : -11816.434085832443, Time : 22.624 s
Timestep : 665683, score : -12610.215043052682, Time : 22.648 s
Timestep : 674442, score : -11564.218435784642, Time : 22.623 s
Timestep : 683201, score : -12264.056991555568, Time : 22.635 s
Timestep : 691960, score : -12257.740584363419, Time : 22.639 s
Timestep : 700719, score : -12447.838515189316, Time : 22.641 s
Timestep : 709478, score : -11562.969124738127, Time : 22.651 s
Timestep : 718237, score : -11635.245425021334, Time : 22.656 s
Timestep : 726996, score : -11643.238340887547, Time : 22.646 s
Timestep : 735755, score : -10955.057221315641, Time : 22.636 s
Timestep : 744514, score : -12027.880654226377, Time : 22.24 s
Timestep : 753273, score : -12025.749146500442, Time : 22.24 s
Timestep : 762032, score : -11288.50024603559, Time : 22.635 s
Timestep : 770791, score : -12143.208158345427, Time : 22.578 s
Timestep : 779550, score : -11643.660467047666, Time : 22.652 s
Timestep : 788309, score : -12014.620109795069, Time : 22.642 s
Timestep : 797068, score : -11244.29391390791, Time : 22.649 s
Timestep : 805827, score : -11919.513137247646, Time : 22.65 s
Timestep : 814586, score : -12198.558737934654, Time : 22.232 s
Timestep : 823345, score : -11213.96164371907, Time : 22.465 s
Timestep : 832104, score : -11806.023015248502, Time : 22.636 s
Timestep : 840863, score : -12405.57079478231, Time : 22.633 s
Timestep : 849622, score : -11425.694627978402, Time : 22.64 s
Timestep : 858381, score : -12209.568682819518, Time : 22.626 s
Timestep : 867140, score : -11618.190744779567, Time : 22.636 s
Timestep : 875899, score : -12102.254361125364, Time : 22.635 s
Starting local evaluation
Num Steps: 1000, Num episodes: 0
Num Steps: 2000, Num episodes: 0
Num Steps: 3000, Num episodes: 0
Num Steps: 4000, Num episodes: 0
Num Steps: 5000, Num episodes: 0
Num Steps: 6000, Num episodes: 0
Num Steps: 7000, Num episodes: 0
Num Steps: 8000, Num episodes: 0
Episode complete: 1 | Latest episode metrics: {'price_cost': 1.0046888463301031, 'emmision_cost': 1.0052019343468288}
[-0.23613288] -0.23613287651534273
Average Price Cost: 1.0046888463301031
Average Emmision Cost: 1.0052019343468288
Average of both costs: 1.004945390338466
Total time taken by agent: 2.542146414052695s
DONE!
