{'agent': 'DQN', 'action_selection': 'egreedy', 'seed': 1, 'episodes': 100, 'data_path': 'data/citylearn_challenge_2022_phase_1', 'dry_run': False, 'n_discrete': 9, 'update_target': 4, 'lr': 0.01, 'batch_size': 64, 'adam_epsilon': 1e-10, 'epsilon_final': 0.1, 'run_id': 370}
{'Notes': 'This is a tuning run, executed on a single building.',
 'action_selection': 'egreedy',
 'adam_epsilon': 1e-10,
 'env': '<NormalizeObservation<OneHotHour<DiscreteSingle<CityLearnEnv '
        'instance>>>>',
 'final_exploration_rate': 0.02,
 'final_exploration_step': 1000,
 'gamma': 0.99,
 'initial_exploration_rate': 1,
 'learning_rate': 0.01,
 'loss': 'mse',
 'minibatch_size': 64,
 'network': 'MLP(\n'
            '  (layers): Sequential(\n'
            '    (0): Linear(in_features=29, out_features=128, bias=True)\n'
            '    (1): ReLU()\n'
            '    (2): Linear(in_features=128, out_features=128, bias=True)\n'
            '    (3): ReLU()\n'
            '    (4): Linear(in_features=128, out_features=9, bias=True)\n'
            '  )\n'
            ')',
 'replay_buffer_size': 10000,
 'replay_start_size': 64,
 'seed': 1,
 'train_steps': 876000,
 'update_frequency': 1,
 'update_target_frequency': 4,
 'weight_scale': 1.4142135623730951}
Timestep : 8758, score : -8510.1228262472, Time : 23.132 s
Timestep : 17517, score : -6515.167659232306, Time : 23.708 s
Timestep : 26276, score : -8143.360998602147, Time : 23.537 s
Timestep : 35035, score : -7058.938716859935, Time : 23.169 s
Timestep : 43794, score : -8027.679870274456, Time : 23.311 s
Timestep : 52553, score : -8730.056521111139, Time : 23.424 s
Timestep : 61312, score : -8674.55630880795, Time : 23.115 s
Timestep : 70071, score : -8707.33098071444, Time : 23.081 s
Timestep : 78830, score : -10131.7085140782, Time : 23.232 s
Timestep : 87589, score : -9963.904380639899, Time : 23.624 s
Timestep : 96348, score : -10904.619275508754, Time : 23.634 s
Timestep : 105107, score : -11617.995267792605, Time : 23.674 s
Timestep : 113866, score : -10777.0506603736, Time : 23.283 s
Timestep : 122625, score : -11795.51989674347, Time : 23.013 s
Timestep : 131384, score : -11865.066754817613, Time : 23.129 s
Timestep : 140143, score : -12043.582649202377, Time : 23.366 s
Timestep : 148902, score : -12341.409259739798, Time : 23.52 s
Timestep : 157661, score : -12701.37512659689, Time : 23.139 s
Timestep : 166420, score : -13863.416360681425, Time : 23.318 s
Timestep : 175179, score : -12563.06953431145, Time : 23.111 s
Timestep : 183938, score : -12701.17975418277, Time : 22.881 s
Timestep : 192697, score : -13331.14073960355, Time : 22.929 s
Timestep : 201456, score : -13424.741476276075, Time : 23.008 s
Timestep : 210215, score : -13365.099309383964, Time : 23.211 s
Timestep : 218974, score : -12702.873301665895, Time : 23.179 s
Timestep : 227733, score : -13195.29913978868, Time : 23.147 s
Timestep : 236492, score : -13347.994277584672, Time : 23.102 s
Timestep : 245251, score : -13635.402925172122, Time : 23.147 s
Timestep : 254010, score : -13954.390166747806, Time : 23.124 s
Timestep : 262769, score : -13923.056640013587, Time : 23.326 s
Timestep : 271528, score : -13453.014704707144, Time : 23.395 s
Timestep : 280287, score : -13287.070146631566, Time : 23.82 s
Timestep : 289046, score : -13026.260893358267, Time : 23.786 s
Timestep : 297805, score : -13910.71214384395, Time : 23.733 s
Timestep : 306564, score : -14264.099339516208, Time : 23.725 s
Timestep : 315323, score : -13425.104596869816, Time : 23.739 s
Timestep : 324082, score : -12654.739642635759, Time : 23.455 s
Timestep : 332841, score : -13586.704683654003, Time : 23.484 s
Timestep : 341600, score : -13442.438994540746, Time : 23.769 s
Timestep : 350359, score : -13166.43525021863, Time : 23.761 s
Timestep : 359118, score : -13128.438736237775, Time : 23.723 s
Timestep : 367877, score : -13265.090020695192, Time : 23.754 s
Timestep : 376636, score : -13387.574582274625, Time : 23.757 s
Timestep : 385395, score : -12736.928660752252, Time : 23.739 s
Timestep : 394154, score : -13268.415668358117, Time : 23.729 s
Timestep : 402913, score : -13739.753522252897, Time : 23.732 s
Timestep : 411672, score : -13449.980578762596, Time : 23.72 s
Timestep : 420431, score : -13208.285315488392, Time : 23.721 s
Timestep : 429190, score : -13262.374229840076, Time : 23.67 s
Timestep : 437949, score : -13247.615284181622, Time : 23.299 s
Timestep : 446708, score : -13168.907882093132, Time : 23.124 s
Timestep : 455467, score : -13436.560562368111, Time : 23.583 s
Timestep : 464226, score : -13187.227364595748, Time : 22.973 s
Timestep : 472985, score : -12636.405867145448, Time : 22.987 s
Timestep : 481744, score : -12568.894620509775, Time : 22.976 s
Timestep : 490503, score : -12393.711403752459, Time : 23.674 s
Timestep : 499262, score : -12393.510585806478, Time : 23.689 s
Timestep : 508021, score : -13172.886442990464, Time : 23.316 s
Timestep : 516780, score : -12286.603826644976, Time : 23.675 s
Timestep : 525539, score : -12742.193478209789, Time : 23.189 s
Timestep : 534298, score : -12371.715425157876, Time : 23.671 s
Timestep : 543057, score : -12475.40771451949, Time : 23.654 s
Timestep : 551816, score : -12797.235122716782, Time : 23.187 s
Timestep : 560575, score : -12088.942740281229, Time : 22.895 s
Timestep : 569334, score : -12544.40758682457, Time : 23.184 s
Timestep : 578093, score : -12188.78224033858, Time : 23.377 s
Timestep : 586852, score : -12424.011050618908, Time : 23.654 s
Timestep : 595611, score : -11724.327692822932, Time : 23.67 s
Timestep : 604370, score : -9808.97125249097, Time : 23.423 s
Timestep : 613129, score : -8718.011519785461, Time : 23.649 s
Timestep : 621888, score : -8745.66497087912, Time : 23.66 s
Timestep : 630647, score : -8540.609391842765, Time : 23.667 s
Timestep : 639406, score : -8223.73729630516, Time : 23.67 s
Timestep : 648165, score : -8846.311995339885, Time : 23.677 s
Timestep : 656924, score : -8035.340221700681, Time : 23.686 s
Timestep : 665683, score : -8281.428971204863, Time : 23.674 s
Timestep : 674442, score : -7841.039781469764, Time : 23.544 s
Timestep : 683201, score : -8103.146977587559, Time : 23.533 s
Timestep : 691960, score : -8190.0586696266255, Time : 22.936 s
Timestep : 700719, score : -7913.667472641828, Time : 23.522 s
Timestep : 709478, score : -7956.717274848284, Time : 23.659 s
Timestep : 718237, score : -7634.657431623578, Time : 23.687 s
Timestep : 726996, score : -7976.2028327901935, Time : 23.579 s
Timestep : 735755, score : -7964.649004296749, Time : 23.583 s
Timestep : 744514, score : -7938.721582442668, Time : 23.437 s
Timestep : 753273, score : -8057.347897004991, Time : 22.95 s
Timestep : 762032, score : -7614.787366999852, Time : 22.952 s
Timestep : 770791, score : -7644.846782593479, Time : 22.965 s
Timestep : 779550, score : -8051.437531703516, Time : 23.232 s
Timestep : 788309, score : -7372.6360679868085, Time : 23.611 s
Timestep : 797068, score : -7662.5491106920235, Time : 23.65 s
Timestep : 805827, score : -7620.505324677055, Time : 23.69 s
Timestep : 814586, score : -7982.555864557071, Time : 23.376 s
Timestep : 823345, score : -7444.8770889938605, Time : 23.559 s
Timestep : 832104, score : -7770.473616833828, Time : 23.669 s
Timestep : 840863, score : -7729.24028904576, Time : 23.662 s
Timestep : 849622, score : -7934.378322069097, Time : 23.681 s
Timestep : 858381, score : -7349.587024520923, Time : 23.655 s
Timestep : 867140, score : -7674.797612630209, Time : 23.564 s
Timestep : 875899, score : -7817.064696273999, Time : 22.939 s
Starting local evaluation
Num Steps: 1000, Num episodes: 0
Num Steps: 2000, Num episodes: 0
Num Steps: 3000, Num episodes: 0
Num Steps: 4000, Num episodes: 0
Num Steps: 5000, Num episodes: 0
Num Steps: 6000, Num episodes: 0
Num Steps: 7000, Num episodes: 0
Num Steps: 8000, Num episodes: 0
Episode complete: 1 | Latest episode metrics: {'price_cost': 1.0265788005537342, 'emmision_cost': 1.0314519114265797}
[-0.2656366] -0.26563659703122267
Average Price Cost: 1.0265788005537342
Average Emmision Cost: 1.0314519114265797
Average of both costs: 1.029015355990157
Total time taken by agent: 2.5689367295708507s
DONE!
