{'agent': 'DQN', 'action_selection': 'softmax', 'seed': 1, 'episodes': 100, 'data_path': 'data/citylearn_challenge_2022_phase_1', 'dry_run': False, 'n_discrete': 9, 'update_target': 8, 'lr': 1e-05, 'batch_size': 1, 'adam_epsilon': 1e-08, 'epsilon_final': 0.02, 'run_id': 92}
{'Notes': 'This is a tuning run, executed on a single building.',
 'action_selection': 'softmax',
 'adam_epsilon': 1e-08,
 'env': '<NormalizeObservation<OneHotHour<DiscreteSingle<CityLearnEnv '
        'instance>>>>',
 'final_exploration_rate': 0.02,
 'final_exploration_step': 1000,
 'gamma': 0.99,
 'initial_exploration_rate': 1,
 'learning_rate': 1e-05,
 'loss': 'mse',
 'minibatch_size': 1,
 'network': 'MLP(\n'
            '  (layers): Sequential(\n'
            '    (0): Linear(in_features=29, out_features=128, bias=True)\n'
            '    (1): ReLU()\n'
            '    (2): Linear(in_features=128, out_features=128, bias=True)\n'
            '    (3): ReLU()\n'
            '    (4): Linear(in_features=128, out_features=9, bias=True)\n'
            '  )\n'
            ')',
 'replay_buffer_size': 10000,
 'replay_start_size': 1,
 'seed': 1,
 'train_steps': 876000,
 'update_frequency': 1,
 'update_target_frequency': 8,
 'weight_scale': 1.4142135623730951}
Timestep : 8758, score : -12744.308355674337, Time : 22.408 s
Timestep : 17517, score : -6607.919266613579, Time : 22.467 s
Timestep : 26276, score : -4901.844975576183, Time : 22.645 s
Timestep : 35035, score : -4855.051192512183, Time : 22.279 s
Timestep : 43794, score : -4842.387190523936, Time : 22.134 s
Timestep : 52553, score : -4626.873717516108, Time : 22.114 s
Timestep : 61312, score : -4786.149202808185, Time : 22.764 s
Timestep : 70071, score : -4678.795964923134, Time : 22.776 s
Timestep : 78830, score : -4437.695258651773, Time : 22.738 s
Timestep : 87589, score : -4422.87963797283, Time : 22.741 s
Timestep : 96348, score : -4391.265215112158, Time : 22.765 s
Timestep : 105107, score : -4381.425495276606, Time : 22.827 s
Timestep : 113866, score : -4317.8014805869025, Time : 22.843 s
Timestep : 122625, score : -4316.786343475251, Time : 22.916 s
Timestep : 131384, score : -4273.068559809966, Time : 22.555 s
Timestep : 140143, score : -4383.681930866471, Time : 22.743 s
Timestep : 148902, score : -4354.1471875825955, Time : 22.602 s
Timestep : 157661, score : -4404.6217122715025, Time : 22.836 s
Timestep : 166420, score : -4385.696638967289, Time : 22.834 s
Timestep : 175179, score : -4315.590946325479, Time : 22.832 s
Timestep : 183938, score : -4405.9263924392, Time : 22.578 s
Timestep : 192697, score : -4365.863834287942, Time : 22.185 s
Timestep : 201456, score : -4525.015502621798, Time : 22.21 s
Timestep : 210215, score : -4346.467536022334, Time : 22.186 s
Timestep : 218974, score : -4327.117314256175, Time : 22.346 s
Timestep : 227733, score : -4231.88082559724, Time : 22.458 s
Timestep : 236492, score : -4274.930832797108, Time : 22.737 s
Timestep : 245251, score : -4323.463125591545, Time : 22.85 s
Timestep : 254010, score : -4352.550669168966, Time : 22.859 s
Timestep : 262769, score : -4341.023769528983, Time : 22.836 s
Timestep : 271528, score : -4287.489813319786, Time : 22.837 s
Timestep : 280287, score : -4315.194324081211, Time : 22.445 s
Timestep : 289046, score : -4321.537584563164, Time : 22.221 s
Timestep : 297805, score : -4308.132957837457, Time : 22.329 s
Timestep : 306564, score : -4311.59825672899, Time : 22.696 s
Timestep : 315323, score : -4209.98155984786, Time : 22.369 s
Timestep : 324082, score : -4352.129451203538, Time : 22.892 s
Timestep : 332841, score : -4244.198366825847, Time : 22.894 s
Timestep : 341600, score : -4186.032055822579, Time : 22.868 s
Timestep : 350359, score : -4164.300922898023, Time : 22.828 s
Timestep : 359118, score : -4164.442653385369, Time : 22.474 s
Timestep : 367877, score : -4167.2620209375455, Time : 22.173 s
Timestep : 376636, score : -4176.774239321618, Time : 22.169 s
Timestep : 385395, score : -4119.693695624737, Time : 22.183 s
Timestep : 394154, score : -4225.816938062577, Time : 22.377 s
Timestep : 402913, score : -4169.124770355789, Time : 22.857 s
Timestep : 411672, score : -4199.176415604918, Time : 22.862 s
Timestep : 420431, score : -4200.033257966308, Time : 22.85 s
Timestep : 429190, score : -4146.296711610077, Time : 22.835 s
Timestep : 437949, score : -4253.51827462521, Time : 22.85 s
Timestep : 446708, score : -4166.079789226322, Time : 22.845 s
Timestep : 455467, score : -4142.288495255081, Time : 22.785 s
Timestep : 464226, score : -4150.660683383612, Time : 22.803 s
Timestep : 472985, score : -4125.777269569604, Time : 22.744 s
Timestep : 481744, score : -4097.250705798535, Time : 22.364 s
Timestep : 490503, score : -4124.8796463063045, Time : 22.78 s
Timestep : 499262, score : -4203.315530163614, Time : 22.79 s
Timestep : 508021, score : -4216.614748818247, Time : 22.77 s
Timestep : 516780, score : -4199.993635562627, Time : 22.741 s
Timestep : 525539, score : -4170.436227930157, Time : 22.72 s
Timestep : 534298, score : -4139.177920123009, Time : 22.756 s
Timestep : 543057, score : -4083.978056108026, Time : 22.75 s
Timestep : 551816, score : -4060.7154533019348, Time : 22.336 s
Timestep : 560575, score : -4116.28480105233, Time : 22.115 s
Timestep : 569334, score : -4079.5712603269203, Time : 22.1 s
Timestep : 578093, score : -4107.4091413816495, Time : 22.09 s
Timestep : 586852, score : -4133.406174523203, Time : 22.743 s
Timestep : 595611, score : -4118.862655070989, Time : 22.761 s
Timestep : 604370, score : -4125.629427072665, Time : 22.854 s
Timestep : 613129, score : -4113.397704785137, Time : 22.7 s
Timestep : 621888, score : -4056.976325241296, Time : 22.495 s
Timestep : 630647, score : -4045.846466412215, Time : 22.739 s
Timestep : 639406, score : -4034.0029344758077, Time : 22.745 s
Timestep : 648165, score : -4069.2504269754572, Time : 22.774 s
Timestep : 656924, score : -4064.045539846091, Time : 22.784 s
Timestep : 665683, score : -4090.953361519685, Time : 22.778 s
Timestep : 674442, score : -4084.8044222550525, Time : 22.37 s
Timestep : 683201, score : -4050.9047410389467, Time : 22.375 s
Timestep : 691960, score : -4049.783934382169, Time : 22.214 s
Timestep : 700719, score : -4116.262760614423, Time : 22.238 s
Timestep : 709478, score : -4064.1378751596494, Time : 22.57 s
Timestep : 718237, score : -4038.4854333302064, Time : 22.678 s
Timestep : 726996, score : -4057.856277426152, Time : 22.694 s
Timestep : 735755, score : -4056.3862125551386, Time : 22.148 s
Timestep : 744514, score : -4073.8131739342643, Time : 22.524 s
Timestep : 753273, score : -4115.2555442127195, Time : 22.634 s
Timestep : 762032, score : -4044.5245139798208, Time : 22.179 s
Timestep : 770791, score : -4049.8913888385578, Time : 22.661 s
Timestep : 779550, score : -4130.276674290566, Time : 22.665 s
Timestep : 788309, score : -4076.782682855992, Time : 22.675 s
Timestep : 797068, score : -4054.746534814505, Time : 22.659 s
Timestep : 805827, score : -4063.7975272139593, Time : 22.679 s
Timestep : 814586, score : -4065.2350943287893, Time : 22.261 s
Timestep : 823345, score : -4079.999392076774, Time : 22.704 s
Timestep : 832104, score : -4078.648859028777, Time : 22.724 s
Timestep : 840863, score : -4085.0404541468306, Time : 22.27 s
Timestep : 849622, score : -4081.2765916189237, Time : 22.657 s
Timestep : 858381, score : -4065.5725117823167, Time : 22.527 s
Timestep : 867140, score : -4059.9482487192436, Time : 22.664 s
Timestep : 875899, score : -4083.572864761023, Time : 22.653 s
Starting local evaluation
Num Steps: 1000, Num episodes: 0
Num Steps: 2000, Num episodes: 0
Num Steps: 3000, Num episodes: 0
Num Steps: 4000, Num episodes: 0
Num Steps: 5000, Num episodes: 0
Num Steps: 6000, Num episodes: 0
Num Steps: 7000, Num episodes: 0
Num Steps: 8000, Num episodes: 0
Episode complete: 1 | Latest episode metrics: {'price_cost': 1.0016194529139062, 'emmision_cost': 1.0032068135872032}
[-0.23298953] -0.23298952630980732
Average Price Cost: 1.0016194529139062
Average Emmision Cost: 1.0032068135872032
Average of both costs: 1.0024131332505548
Total time taken by agent: 3.7127339029684663s
DONE!
