{'agent': 'DQN', 'action_selection': 'softmax', 'seed': 1, 'episodes': 100, 'data_path': 'data/citylearn_challenge_2022_phase_1', 'dry_run': False, 'n_discrete': 9, 'update_target': 32, 'lr': 0.01, 'batch_size': 4, 'adam_epsilon': 1e-05, 'epsilon_final': 0.02, 'run_id': 95}
{'Notes': 'This is a tuning run, executed on a single building.',
 'action_selection': 'softmax',
 'adam_epsilon': 1e-05,
 'env': '<NormalizeObservation<OneHotHour<DiscreteSingle<CityLearnEnv '
        'instance>>>>',
 'final_exploration_rate': 0.02,
 'final_exploration_step': 1000,
 'gamma': 0.99,
 'initial_exploration_rate': 1,
 'learning_rate': 0.01,
 'loss': 'mse',
 'minibatch_size': 4,
 'network': 'MLP(\n'
            '  (layers): Sequential(\n'
            '    (0): Linear(in_features=29, out_features=128, bias=True)\n'
            '    (1): ReLU()\n'
            '    (2): Linear(in_features=128, out_features=128, bias=True)\n'
            '    (3): ReLU()\n'
            '    (4): Linear(in_features=128, out_features=9, bias=True)\n'
            '  )\n'
            ')',
 'replay_buffer_size': 10000,
 'replay_start_size': 4,
 'seed': 1,
 'train_steps': 876000,
 'update_frequency': 1,
 'update_target_frequency': 32,
 'weight_scale': 1.4142135623730951}
Timestep : 8758, score : -6297.506567461955, Time : 28.094 s
Timestep : 17517, score : -6219.385648664043, Time : 28.152 s
Timestep : 26276, score : -6602.46581779416, Time : 29.432 s
Timestep : 35035, score : -6558.496022713909, Time : 27.998 s
Timestep : 43794, score : -6147.199578215324, Time : 28.5 s
Timestep : 52553, score : -6628.804915225512, Time : 29.066 s
Timestep : 61312, score : -6134.613486298738, Time : 29.443 s
Timestep : 70071, score : -6509.588956928186, Time : 29.262 s
Timestep : 78830, score : -6729.011949331805, Time : 29.592 s
Timestep : 87589, score : -6852.91417613221, Time : 28.031 s
Timestep : 96348, score : -6547.064469275327, Time : 28.114 s
Timestep : 105107, score : -7086.239379081322, Time : 25.856 s
Timestep : 113866, score : -6555.13107105119, Time : 25.282 s
Timestep : 122625, score : -6679.801509821002, Time : 25.715 s
Timestep : 131384, score : -6316.102349349356, Time : 27.764 s
Timestep : 140143, score : -6658.14690270662, Time : 24.447 s
Timestep : 148902, score : -6553.958322651524, Time : 26.38 s
Timestep : 157661, score : -6631.349187930129, Time : 28.959 s
Timestep : 166420, score : -6363.333855565201, Time : 29.832 s
Timestep : 175179, score : -6557.604435986446, Time : 29.174 s
Timestep : 183938, score : -6630.549531244978, Time : 23.855 s
Timestep : 192697, score : -6358.628581625788, Time : 23.846 s
Timestep : 201456, score : -6625.399797439139, Time : 23.861 s
Timestep : 210215, score : -6481.140679196367, Time : 23.903 s
Timestep : 218974, score : -6423.089779472706, Time : 23.601 s
Timestep : 227733, score : -6695.409758217313, Time : 23.555 s
Timestep : 236492, score : -6749.295558401296, Time : 23.58 s
Timestep : 245251, score : -6519.089413068752, Time : 23.549 s
Timestep : 254010, score : -6542.047470619043, Time : 23.525 s
Timestep : 262769, score : -6611.5462240983325, Time : 23.575 s
Timestep : 271528, score : -6946.264000552663, Time : 23.561 s
Timestep : 280287, score : -6965.539423419119, Time : 23.593 s
Timestep : 289046, score : -6896.551442533411, Time : 23.586 s
Timestep : 297805, score : -7027.180837653184, Time : 23.538 s
Timestep : 306564, score : -7264.251864781632, Time : 28.969 s
Timestep : 315323, score : -7451.30451818314, Time : 29.401 s
Timestep : 324082, score : -7171.827489773292, Time : 29.736 s
Timestep : 332841, score : -7394.313151248643, Time : 29.378 s
Timestep : 341600, score : -6834.865257846264, Time : 28.286 s
Timestep : 350359, score : -7039.720999906887, Time : 29.696 s
Timestep : 359118, score : -6566.183102363284, Time : 29.007 s
Timestep : 367877, score : -6706.919152317641, Time : 28.377 s
Timestep : 376636, score : -6876.689069962667, Time : 29.508 s
Timestep : 385395, score : -6622.934464844948, Time : 29.582 s
Timestep : 394154, score : -6736.678800743175, Time : 28.104 s
Timestep : 402913, score : -7637.58479063597, Time : 28.172 s
Timestep : 411672, score : -7274.5636689422245, Time : 28.745 s
Timestep : 420431, score : -7185.159169521139, Time : 23.84 s
Timestep : 429190, score : -7276.251635630106, Time : 23.773 s
Timestep : 437949, score : -6828.282687265571, Time : 23.785 s
Timestep : 446708, score : -6852.040352784301, Time : 23.789 s
Timestep : 455467, score : -7267.360466412298, Time : 23.817 s
Timestep : 464226, score : -6617.295423700547, Time : 23.841 s
Timestep : 472985, score : -7170.358438209427, Time : 23.767 s
Timestep : 481744, score : -7436.700456065781, Time : 23.815 s
Timestep : 490503, score : -6710.8939316227625, Time : 23.749 s
Timestep : 499262, score : -6841.711053711828, Time : 23.67 s
Timestep : 508021, score : -7031.836531192079, Time : 23.695 s
Timestep : 516780, score : -7555.340823673032, Time : 24.13 s
Timestep : 525539, score : -7086.672180124631, Time : 23.733 s
Timestep : 534298, score : -6999.578687209898, Time : 23.651 s
Timestep : 543057, score : -7216.399097490212, Time : 23.502 s
Timestep : 551816, score : -7288.217865450919, Time : 24.501 s
Timestep : 560575, score : -7188.578970086441, Time : 27.862 s
Timestep : 569334, score : -6910.317834255082, Time : 24.553 s
Timestep : 578093, score : -7031.637790143985, Time : 23.322 s
Timestep : 586852, score : -7342.990400642506, Time : 23.347 s
Timestep : 595611, score : -7044.7575324072095, Time : 23.321 s
Timestep : 604370, score : -7223.683341699958, Time : 23.356 s
Timestep : 613129, score : -7363.649902836609, Time : 23.515 s
Timestep : 621888, score : -6845.614646626782, Time : 23.355 s
Timestep : 630647, score : -7169.7120035200205, Time : 23.366 s
Timestep : 639406, score : -6772.361686786244, Time : 23.398 s
Timestep : 648165, score : -7042.034273221303, Time : 23.388 s
Timestep : 656924, score : -7325.756409837784, Time : 23.633 s
Timestep : 665683, score : -7062.307391342969, Time : 24.502 s
Timestep : 674442, score : -7278.204166402022, Time : 29.399 s
Timestep : 683201, score : -7207.771620194966, Time : 26.283 s
Timestep : 691960, score : -7095.893940078706, Time : 23.595 s
Timestep : 700719, score : -7264.004015081591, Time : 23.616 s
Timestep : 709478, score : -7102.400161712867, Time : 23.426 s
Timestep : 718237, score : -7155.141676363186, Time : 23.514 s
Timestep : 726996, score : -7489.2796349843775, Time : 23.624 s
Timestep : 735755, score : -6791.632271029142, Time : 23.635 s
Timestep : 744514, score : -7188.1155171188, Time : 24.918 s
Timestep : 753273, score : -7273.809104350992, Time : 28.092 s
Timestep : 762032, score : -6996.292066438851, Time : 23.571 s
Timestep : 770791, score : -7078.564237055514, Time : 24.205 s
Timestep : 779550, score : -7361.93735581488, Time : 23.445 s
Timestep : 788309, score : -7232.842547818349, Time : 23.494 s
Timestep : 797068, score : -7161.660129782584, Time : 23.416 s
Timestep : 805827, score : -7076.755092392559, Time : 23.565 s
Timestep : 814586, score : -7245.532282208005, Time : 23.686 s
Timestep : 823345, score : -7382.412407922515, Time : 23.736 s
Timestep : 832104, score : -7390.254756568305, Time : 23.642 s
Timestep : 840863, score : -7190.217717613472, Time : 23.748 s
Timestep : 849622, score : -7085.793079615105, Time : 23.665 s
Timestep : 858381, score : -7333.56160963334, Time : 26.598 s
Timestep : 867140, score : -7758.028811391705, Time : 27.962 s
Timestep : 875899, score : -7562.111436774867, Time : 29.347 s
Starting local evaluation
Num Steps: 1000, Num episodes: 0
Num Steps: 2000, Num episodes: 0
Num Steps: 3000, Num episodes: 0
Num Steps: 4000, Num episodes: 0
Num Steps: 5000, Num episodes: 0
Num Steps: 6000, Num episodes: 0
Num Steps: 7000, Num episodes: 0
Num Steps: 8000, Num episodes: 0
Episode complete: 1 | Latest episode metrics: {'price_cost': 1.0006745291063845, 'emmision_cost': 1.0009661428316559}
[-0.23106307] -0.23106307175943513
Average Price Cost: 1.0006745291063845
Average Emmision Cost: 1.0009661428316559
Average of both costs: 1.0008203359690202
Total time taken by agent: 6.511364842765033s
DONE!
