{'agent': 'UADQN', 'action_selection': 'softmax', 'seed': 1, 'episodes': 50, 'data_path': 'data/citylearn_challenge_2022_phase_1', 'dry_run': False, 'n_discrete': 9, 'update_target': 16, 'lr': 0.0001, 'batch_size': 256, 'adam_epsilon': 1e-05, 'epsilon_final': 0.02, 'run_id': 455}
{'Notes': 'This is a tuning run, executed on a single building.',
 'adam_epsilon': 1e-05,
 'aleatoric_factor': 0,
 'biased_aleatoric': False,
 'env': '<NormalizeObservation<OneHotHour<DiscreteSingle<CityLearnEnv '
        'instance>>>>',
 'epistemic_factor': 1,
 'gamma': 0.99,
 'learning_rate': 0.0001,
 'minibatch_size': 256,
 'n_quantiles': 20,
 'network': 'MLP(\n'
            '  (layers): Sequential(\n'
            '    (0): Linear(in_features=29, out_features=128, bias=True)\n'
            '    (1): ReLU()\n'
            '    (2): Linear(in_features=128, out_features=128, bias=True)\n'
            '    (3): ReLU()\n'
            '    (4): Linear(in_features=128, out_features=180, bias=True)\n'
            '  )\n'
            ')',
 'noise_scale': 1,
 'replay_buffer_size': 10000,
 'replay_start_size': 256,
 'seed': 1,
 'train_steps': 438000,
 'update_frequency': 1,
 'update_target_frequency': 16,
 'weight_scale': 1.4142135623730951}
Timestep : 8758, score : -4752.395977816152, Time : 91.842 s
Timestep : 17517, score : -4024.1966027689923, Time : 95.761 s
Timestep : 26276, score : -2714.103021020681, Time : 93.577 s
Timestep : 35035, score : -2330.3597293979983, Time : 96.417 s
Timestep : 43794, score : -1707.6105735421006, Time : 96.196 s
Timestep : 52553, score : -1582.557852146012, Time : 95.68 s
Timestep : 61312, score : -1348.618148322479, Time : 96.679 s
Timestep : 70071, score : -1189.8078697009769, Time : 95.951 s
Timestep : 78830, score : -1263.994892998162, Time : 95.819 s
Timestep : 87589, score : -1102.3465830281202, Time : 96.96 s
Timestep : 96348, score : -1153.416650081781, Time : 95.306 s
Timestep : 105107, score : -1256.1047558246937, Time : 97.53 s
Timestep : 113866, score : -1036.9856013788667, Time : 92.771 s
Timestep : 122625, score : -1152.3194759295147, Time : 91.492 s
Timestep : 131384, score : -1123.285296616872, Time : 91.659 s
Timestep : 140143, score : -1187.7256792949338, Time : 93.822 s
Timestep : 148902, score : -1377.2205985656765, Time : 94.928 s
Timestep : 157661, score : -1130.9760652762197, Time : 94.993 s
Timestep : 166420, score : -1188.2052522052836, Time : 96.693 s
Timestep : 175179, score : -1219.6794634291728, Time : 98.728 s
Timestep : 183938, score : -1077.612296603882, Time : 98.382 s
Timestep : 192697, score : -1209.4175120883447, Time : 96.806 s
Timestep : 201456, score : -1275.0056189054449, Time : 98.653 s
Timestep : 210215, score : -1392.2805629193608, Time : 96.922 s
Timestep : 218974, score : -1169.0930416847405, Time : 98.56 s
Timestep : 227733, score : -1266.9721031922672, Time : 97.271 s
Timestep : 236492, score : -1153.1844081220042, Time : 98.148 s
Timestep : 245251, score : -1198.5336272039276, Time : 98.579 s
Timestep : 254010, score : -1135.287107790151, Time : 96.668 s
Timestep : 262769, score : -1109.0337752600026, Time : 96.939 s
Timestep : 271528, score : -989.6497508161992, Time : 96.581 s
Timestep : 280287, score : -1085.7990115059365, Time : 98.923 s
Timestep : 289046, score : -1066.1915148734406, Time : 98.799 s
Timestep : 297805, score : -1129.8087084938597, Time : 97.006 s
Timestep : 306564, score : -1001.8322039537888, Time : 98.801 s
Timestep : 315323, score : -988.7328159895551, Time : 97.16 s
Timestep : 324082, score : -1048.3422918163997, Time : 98.784 s
Timestep : 332841, score : -947.3946462145832, Time : 97.655 s
Timestep : 341600, score : -1102.0506811545056, Time : 95.94 s
Timestep : 350359, score : -1087.9329813702789, Time : 96.884 s
Timestep : 359118, score : -1021.0289316962298, Time : 96.604 s
Timestep : 367877, score : -1016.9137402252818, Time : 98.371 s
Timestep : 376636, score : -1159.3609296370123, Time : 96.506 s
Timestep : 385395, score : -991.0697958931851, Time : 98.38 s
Timestep : 394154, score : -1061.7740120936942, Time : 97.373 s
Timestep : 402913, score : -955.4354333409865, Time : 96.744 s
Timestep : 411672, score : -1052.6003568473097, Time : 96.914 s
Timestep : 420431, score : -1042.4340192850505, Time : 93.698 s
Timestep : 429190, score : -870.04558502094, Time : 96.7 s
Timestep : 437949, score : -982.8491618556727, Time : 96.546 s
Starting local evaluation
Num Steps: 1000, Num episodes: 0
Num Steps: 2000, Num episodes: 0
Num Steps: 3000, Num episodes: 0
Num Steps: 4000, Num episodes: 0
Num Steps: 5000, Num episodes: 0
Num Steps: 6000, Num episodes: 0
Num Steps: 7000, Num episodes: 0
Num Steps: 8000, Num episodes: 0
Episode complete: 1 | Latest episode metrics: {'price_cost': 0.7923874200562386, 'emmision_cost': 0.9152123555112122}
[-0.04701528] -0.04701527983498807
Average Price Cost: 0.7923874200562386
Average Emmision Cost: 0.9152123555112122
Average of both costs: 0.8537998877837254
Total time taken by agent: 12.443313956493512s
DONE!
