{'agent': 'DQN', 'action_selection': 'egreedy', 'seed': 1, 'episodes': 100, 'data_path': 'data/citylearn_challenge_2022_phase_1', 'dry_run': False, 'n_discrete': 9, 'update_target': 16, 'lr': 0.1, 'batch_size': 16, 'adam_epsilon': 1e-08, 'epsilon_final': 0.04, 'run_id': 242}
{'Notes': 'This is a tuning run, executed on a single building.',
 'action_selection': 'egreedy',
 'adam_epsilon': 1e-08,
 'env': '<NormalizeObservation<OneHotHour<DiscreteSingle<CityLearnEnv '
        'instance>>>>',
 'final_exploration_rate': 0.02,
 'final_exploration_step': 1000,
 'gamma': 0.99,
 'initial_exploration_rate': 1,
 'learning_rate': 0.1,
 'loss': 'mse',
 'minibatch_size': 16,
 'network': 'MLP(\n'
            '  (layers): Sequential(\n'
            '    (0): Linear(in_features=29, out_features=128, bias=True)\n'
            '    (1): ReLU()\n'
            '    (2): Linear(in_features=128, out_features=128, bias=True)\n'
            '    (3): ReLU()\n'
            '    (4): Linear(in_features=128, out_features=9, bias=True)\n'
            '  )\n'
            ')',
 'replay_buffer_size': 10000,
 'replay_start_size': 16,
 'seed': 1,
 'train_steps': 876000,
 'update_frequency': 1,
 'update_target_frequency': 16,
 'weight_scale': 1.4142135623730951}
Timestep : 8758, score : -5508.646871633318, Time : 21.551 s
Timestep : 17517, score : -4548.382213086268, Time : 21.797 s
Timestep : 26276, score : -4565.63354671307, Time : 21.778 s
Timestep : 35035, score : -4470.654631544283, Time : 21.822 s
Timestep : 43794, score : -4494.630017488642, Time : 21.827 s
Timestep : 52553, score : -4524.695279923646, Time : 21.397 s
Timestep : 61312, score : -4538.631385571702, Time : 21.279 s
Timestep : 70071, score : -4379.8722293506435, Time : 21.29 s
Timestep : 78830, score : -4756.253242175939, Time : 21.287 s
Timestep : 87589, score : -4610.670288528694, Time : 21.307 s
Timestep : 96348, score : -4628.482489773451, Time : 21.308 s
Timestep : 105107, score : -4510.050807455002, Time : 21.314 s
Timestep : 113866, score : -4575.112824296026, Time : 21.289 s
Timestep : 122625, score : -4483.083836996375, Time : 21.304 s
Timestep : 131384, score : -4495.591500585346, Time : 21.286 s
Timestep : 140143, score : -4636.374591936852, Time : 21.281 s
Timestep : 148902, score : -4456.177525817795, Time : 21.29 s
Timestep : 157661, score : -4616.325393485444, Time : 21.258 s
Timestep : 166420, score : -4518.977392804256, Time : 21.293 s
Timestep : 175179, score : -4500.123861711851, Time : 21.306 s
Timestep : 183938, score : -4534.917096484831, Time : 21.279 s
Timestep : 192697, score : -4545.202379561408, Time : 21.288 s
Timestep : 201456, score : -4495.153395737667, Time : 21.329 s
Timestep : 210215, score : -4509.193033487914, Time : 21.267 s
Timestep : 218974, score : -4422.210126390128, Time : 21.296 s
Timestep : 227733, score : -4457.079361301177, Time : 21.646 s
Timestep : 236492, score : -4463.540111381473, Time : 21.792 s
Timestep : 245251, score : -4438.411922163708, Time : 21.651 s
Timestep : 254010, score : -4537.246801582543, Time : 21.93 s
Timestep : 262769, score : -4546.182590928656, Time : 22.002 s
Timestep : 271528, score : -4461.792413139163, Time : 21.986 s
Timestep : 280287, score : -4406.587449284649, Time : 21.984 s
Timestep : 289046, score : -4593.034539555578, Time : 21.989 s
Timestep : 297805, score : -4549.670889183326, Time : 21.985 s
Timestep : 306564, score : -4582.323083026713, Time : 21.981 s
Timestep : 315323, score : -4542.859046921978, Time : 21.993 s
Timestep : 324082, score : -4595.272764119698, Time : 22.0 s
Timestep : 332841, score : -4633.850314664567, Time : 21.531 s
Timestep : 341600, score : -4590.210889099544, Time : 21.33 s
Timestep : 350359, score : -4521.153796150844, Time : 21.291 s
Timestep : 359118, score : -4510.435421326576, Time : 21.317 s
Timestep : 367877, score : -4465.95406414094, Time : 21.311 s
Timestep : 376636, score : -4582.368359125481, Time : 21.307 s
Timestep : 385395, score : -4663.269636064215, Time : 21.311 s
Timestep : 394154, score : -4479.229277517094, Time : 21.283 s
Timestep : 402913, score : -4379.03681067322, Time : 21.313 s
Timestep : 411672, score : -4846.7166190328135, Time : 21.408 s
Timestep : 420431, score : -4602.8138938679185, Time : 21.823 s
Timestep : 429190, score : -4614.021679763944, Time : 21.506 s
Timestep : 437949, score : -4513.254050714968, Time : 21.273 s
Timestep : 446708, score : -4543.51913167171, Time : 21.64 s
Timestep : 455467, score : -4570.912120324938, Time : 21.804 s
Timestep : 464226, score : -4579.232621080155, Time : 21.844 s
Timestep : 472985, score : -4601.712455197616, Time : 21.822 s
Timestep : 481744, score : -4756.979598705104, Time : 21.804 s
Timestep : 490503, score : -4489.452186241193, Time : 21.836 s
Timestep : 499262, score : -4460.845454758455, Time : 21.812 s
Timestep : 508021, score : -4546.916859964636, Time : 21.835 s
Timestep : 516780, score : -4563.172798371321, Time : 21.832 s
Timestep : 525539, score : -4580.832837346388, Time : 21.829 s
Timestep : 534298, score : -4605.419302669732, Time : 21.81 s
Timestep : 543057, score : -4502.066653618036, Time : 21.83 s
Timestep : 551816, score : -4402.61850451809, Time : 21.826 s
Timestep : 560575, score : -4515.540002168535, Time : 21.83 s
Timestep : 569334, score : -4539.802993407851, Time : 21.837 s
Timestep : 578093, score : -4518.443857389881, Time : 21.82 s
Timestep : 586852, score : -4666.290424006904, Time : 21.819 s
Timestep : 595611, score : -4563.9573571527435, Time : 21.817 s
Timestep : 604370, score : -4519.242299809499, Time : 21.816 s
Timestep : 613129, score : -4606.0109189948125, Time : 21.827 s
Timestep : 621888, score : -4551.986950035585, Time : 21.317 s
Timestep : 630647, score : -4492.0540249262995, Time : 21.302 s
Timestep : 639406, score : -4560.629918719555, Time : 21.28 s
Timestep : 648165, score : -4505.397824000946, Time : 21.292 s
Timestep : 656924, score : -4600.74171194472, Time : 21.279 s
Timestep : 665683, score : -4582.4376691071375, Time : 21.287 s
Timestep : 674442, score : -4470.208844360459, Time : 21.299 s
Timestep : 683201, score : -4557.36981508453, Time : 21.378 s
Timestep : 691960, score : -4529.432237518398, Time : 21.176 s
Timestep : 700719, score : -4514.7163620241045, Time : 21.61 s
Timestep : 709478, score : -4480.570618365338, Time : 21.999 s
Timestep : 718237, score : -4511.486325846432, Time : 21.981 s
Timestep : 726996, score : -4455.390959743789, Time : 21.98 s
Timestep : 735755, score : -4644.310713367915, Time : 21.985 s
Timestep : 744514, score : -4535.598209713964, Time : 21.987 s
Timestep : 753273, score : -4549.579275680153, Time : 22.013 s
Timestep : 762032, score : -4394.672377576499, Time : 21.977 s
Timestep : 770791, score : -4595.292775657406, Time : 21.696 s
Timestep : 779550, score : -4433.882540746505, Time : 21.96 s
Timestep : 788309, score : -4586.698977521533, Time : 21.987 s
Timestep : 797068, score : -4466.581797528692, Time : 21.99 s
Timestep : 805827, score : -4489.610155523202, Time : 22.006 s
Timestep : 814586, score : -4551.903791032644, Time : 21.985 s
Timestep : 823345, score : -4591.270112873899, Time : 21.982 s
Timestep : 832104, score : -4723.887789463071, Time : 21.518 s
Timestep : 840863, score : -4672.149246580346, Time : 21.988 s
Timestep : 849622, score : -4457.287791225506, Time : 21.983 s
Timestep : 858381, score : -4553.886051942973, Time : 21.978 s
Timestep : 867140, score : -4576.02058944109, Time : 21.977 s
Timestep : 875899, score : -4461.555926063476, Time : 21.985 s
Starting local evaluation
Num Steps: 1000, Num episodes: 0
Num Steps: 2000, Num episodes: 0
Num Steps: 3000, Num episodes: 0
Num Steps: 4000, Num episodes: 0
Num Steps: 5000, Num episodes: 0
Num Steps: 6000, Num episodes: 0
Num Steps: 7000, Num episodes: 0
Num Steps: 8000, Num episodes: 0
Episode complete: 1 | Latest episode metrics: {'price_cost': 1.0105415624570244, 'emmision_cost': 1.0138187702179025}
[-0.24496349] -0.24496349243086876
Average Price Cost: 1.0105415624570244
Average Emmision Cost: 1.0138187702179025
Average of both costs: 1.0121801663374634
Total time taken by agent: 2.538447600789368s
DONE!
