{'agent': 'DQN', 'action_selection': 'egreedy', 'seed': 1, 'episodes': 100, 'data_path': 'data/citylearn_challenge_2022_phase_1', 'dry_run': False, 'n_discrete': 9, 'update_target': 16, 'lr': 0.1, 'batch_size': 4, 'adam_epsilon': 0.001, 'epsilon_final': 0.01, 'run_id': 280}
{'Notes': 'This is a tuning run, executed on a single building.',
 'action_selection': 'egreedy',
 'adam_epsilon': 0.001,
 'env': '<NormalizeObservation<OneHotHour<DiscreteSingle<CityLearnEnv '
        'instance>>>>',
 'final_exploration_rate': 0.02,
 'final_exploration_step': 1000,
 'gamma': 0.99,
 'initial_exploration_rate': 1,
 'learning_rate': 0.1,
 'loss': 'mse',
 'minibatch_size': 4,
 'network': 'MLP(\n'
            '  (layers): Sequential(\n'
            '    (0): Linear(in_features=29, out_features=128, bias=True)\n'
            '    (1): ReLU()\n'
            '    (2): Linear(in_features=128, out_features=128, bias=True)\n'
            '    (3): ReLU()\n'
            '    (4): Linear(in_features=128, out_features=9, bias=True)\n'
            '  )\n'
            ')',
 'replay_buffer_size': 10000,
 'replay_start_size': 4,
 'seed': 1,
 'train_steps': 876000,
 'update_frequency': 1,
 'update_target_frequency': 16,
 'weight_scale': 1.4142135623730951}
Timestep : 8758, score : -5613.508876900567, Time : 22.092 s
Timestep : 17517, score : -4547.412416092382, Time : 22.351 s
Timestep : 26276, score : -4668.967913617758, Time : 23.681 s
Timestep : 35035, score : -4478.336608764628, Time : 23.757 s
Timestep : 43794, score : -4493.875161265401, Time : 23.82 s
Timestep : 52553, score : -4599.261047852604, Time : 23.805 s
Timestep : 61312, score : -4539.105683821632, Time : 23.885 s
Timestep : 70071, score : -4555.485923694825, Time : 23.862 s
Timestep : 78830, score : -4544.684192212211, Time : 23.162 s
Timestep : 87589, score : -4657.661870507785, Time : 23.775 s
Timestep : 96348, score : -4544.8164547653, Time : 23.874 s
Timestep : 105107, score : -4577.011046941887, Time : 23.851 s
Timestep : 113866, score : -4495.902259204915, Time : 22.543 s
Timestep : 122625, score : -4675.373290550342, Time : 23.719 s
Timestep : 131384, score : -4601.576945201872, Time : 23.693 s
Timestep : 140143, score : -4709.862168052612, Time : 23.723 s
Timestep : 148902, score : -4615.737044291018, Time : 23.808 s
Timestep : 157661, score : -4630.3947845765215, Time : 23.924 s
Timestep : 166420, score : -4497.771231839812, Time : 24.036 s
Timestep : 175179, score : -4650.195473286236, Time : 23.995 s
Timestep : 183938, score : -4509.0831777541025, Time : 23.923 s
Timestep : 192697, score : -4579.534901175095, Time : 23.951 s
Timestep : 201456, score : -4602.904871777428, Time : 23.871 s
Timestep : 210215, score : -4622.824325261085, Time : 23.918 s
Timestep : 218974, score : -4469.877044549125, Time : 24.05 s
Timestep : 227733, score : -4440.3488009641005, Time : 23.979 s
Timestep : 236492, score : -4464.774637076451, Time : 23.735 s
Timestep : 245251, score : -4486.206616529642, Time : 23.659 s
Timestep : 254010, score : -4532.6600618022785, Time : 23.865 s
Timestep : 262769, score : -4497.218654940283, Time : 23.834 s
Timestep : 271528, score : -4516.8368132611795, Time : 23.996 s
Timestep : 280287, score : -4638.825071384577, Time : 21.754 s
Timestep : 289046, score : -4514.810480746819, Time : 20.421 s
Timestep : 297805, score : -4546.8230854043795, Time : 18.983 s
Timestep : 306564, score : -4604.185345257429, Time : 18.9 s
Timestep : 315323, score : -4541.766033442138, Time : 20.723 s
Timestep : 324082, score : -4584.558139227709, Time : 23.862 s
Timestep : 332841, score : -4602.4804888455255, Time : 21.119 s
Timestep : 341600, score : -4541.177133479534, Time : 23.085 s
Timestep : 350359, score : -4520.17674337831, Time : 24.013 s
Timestep : 359118, score : -4716.637661046261, Time : 23.317 s
Timestep : 367877, score : -4758.597225660371, Time : 20.523 s
Timestep : 376636, score : -4586.5573675183405, Time : 20.886 s
Timestep : 385395, score : -4593.720117100776, Time : 24.044 s
Timestep : 394154, score : -4534.52280443479, Time : 24.061 s
Timestep : 402913, score : -4579.579613105772, Time : 24.16 s
Timestep : 411672, score : -4697.145081787632, Time : 23.991 s
Timestep : 420431, score : -4653.741742593498, Time : 22.745 s
Timestep : 429190, score : -4611.142315308127, Time : 20.342 s
Timestep : 437949, score : -4678.660502089566, Time : 20.348 s
Timestep : 446708, score : -4740.614759524848, Time : 20.501 s
Timestep : 455467, score : -4471.188580786256, Time : 19.455 s
Timestep : 464226, score : -4497.675953614904, Time : 19.053 s
Timestep : 472985, score : -4477.328631787939, Time : 21.82 s
Timestep : 481744, score : -4621.947880500375, Time : 20.104 s
Timestep : 490503, score : -4650.399565847503, Time : 24.481 s
Timestep : 499262, score : -4578.895128858654, Time : 23.791 s
Timestep : 508021, score : -4537.226581325202, Time : 24.326 s
Timestep : 516780, score : -4462.483547176613, Time : 23.641 s
Timestep : 525539, score : -4530.774926225102, Time : 22.997 s
Timestep : 534298, score : -4507.578555242537, Time : 21.983 s
Timestep : 543057, score : -4642.818778237241, Time : 22.514 s
Timestep : 551816, score : -4564.733591840981, Time : 19.82 s
Timestep : 560575, score : -4565.558304232924, Time : 20.348 s
Timestep : 569334, score : -4507.221565864427, Time : 20.503 s
Timestep : 578093, score : -4631.7993526336795, Time : 21.101 s
Timestep : 586852, score : -4524.7418721601425, Time : 24.463 s
Timestep : 595611, score : -4513.352407620361, Time : 23.772 s
Timestep : 604370, score : -4542.052570296713, Time : 23.63 s
Timestep : 613129, score : -4520.973415126471, Time : 23.7 s
Timestep : 621888, score : -4487.368738939433, Time : 23.702 s
Timestep : 630647, score : -4605.5834583392425, Time : 23.771 s
Timestep : 639406, score : -4711.354150734289, Time : 23.784 s
Timestep : 648165, score : -4604.611263695551, Time : 23.421 s
Timestep : 656924, score : -4588.345774101472, Time : 23.64 s
Timestep : 665683, score : -4608.15873611081, Time : 23.695 s
Timestep : 674442, score : -4670.750574358928, Time : 23.796 s
Timestep : 683201, score : -4628.5536368856265, Time : 23.877 s
Timestep : 691960, score : -4626.106002533255, Time : 23.809 s
Timestep : 700719, score : -4744.001324772282, Time : 23.888 s
Timestep : 709478, score : -4773.425393191428, Time : 23.904 s
Timestep : 718237, score : -4471.289330435713, Time : 23.85 s
Timestep : 726996, score : -4515.5976213248505, Time : 23.806 s
Timestep : 735755, score : -4470.824747788982, Time : 23.697 s
Timestep : 744514, score : -4633.795640278055, Time : 22.626 s
Timestep : 753273, score : -4643.787814241048, Time : 20.229 s
Timestep : 762032, score : -4654.83706059822, Time : 23.855 s
Timestep : 770791, score : -4789.713269515807, Time : 23.943 s
Timestep : 779550, score : -4569.77969340366, Time : 23.911 s
Timestep : 788309, score : -4497.608303816436, Time : 23.887 s
Timestep : 797068, score : -4457.51160428804, Time : 23.874 s
Timestep : 805827, score : -4465.161324893503, Time : 23.996 s
Timestep : 814586, score : -4804.001932871906, Time : 24.117 s
Timestep : 823345, score : -4691.962574910867, Time : 23.817 s
Timestep : 832104, score : -4665.693995268739, Time : 23.967 s
Timestep : 840863, score : -4768.060343305027, Time : 23.722 s
Timestep : 849622, score : -4699.707182097627, Time : 23.823 s
Timestep : 858381, score : -4662.286961671198, Time : 23.873 s
Timestep : 867140, score : -4711.096364274184, Time : 23.887 s
Timestep : 875899, score : -4617.928576071237, Time : 23.965 s
Starting local evaluation
Num Steps: 1000, Num episodes: 0
Num Steps: 2000, Num episodes: 0
Num Steps: 3000, Num episodes: 0
Num Steps: 4000, Num episodes: 0
Num Steps: 5000, Num episodes: 0
Num Steps: 6000, Num episodes: 0
Num Steps: 7000, Num episodes: 0
Num Steps: 8000, Num episodes: 0
Episode complete: 1 | Latest episode metrics: {'price_cost': 1.0139849346361776, 'emmision_cost': 1.015830320542865}
[-0.24835622] -0.2483562226061071
Average Price Cost: 1.0139849346361776
Average Emmision Cost: 1.015830320542865
Average of both costs: 1.0149076275895212
Total time taken by agent: 2.6549774054437876s
DONE!
