{'agent': 'DQN', 'action_selection': 'softmax', 'seed': 1, 'episodes': 100, 'data_path': 'data/citylearn_challenge_2022_phase_1', 'dry_run': False, 'n_discrete': 9, 'update_target': 32, 'lr': 0.0001, 'batch_size': 256, 'adam_epsilon': 0.001, 'epsilon_final': 0.02, 'run_id': 145}
{'Notes': 'This is a tuning run, executed on a single building.',
 'action_selection': 'softmax',
 'adam_epsilon': 0.001,
 'env': '<NormalizeObservation<OneHotHour<DiscreteSingle<CityLearnEnv '
        'instance>>>>',
 'final_exploration_rate': 0.02,
 'final_exploration_step': 1000,
 'gamma': 0.99,
 'initial_exploration_rate': 1,
 'learning_rate': 0.0001,
 'loss': 'mse',
 'minibatch_size': 256,
 'network': 'MLP(\n'
            '  (layers): Sequential(\n'
            '    (0): Linear(in_features=29, out_features=128, bias=True)\n'
            '    (1): ReLU()\n'
            '    (2): Linear(in_features=128, out_features=128, bias=True)\n'
            '    (3): ReLU()\n'
            '    (4): Linear(in_features=128, out_features=9, bias=True)\n'
            '  )\n'
            ')',
 'replay_buffer_size': 10000,
 'replay_start_size': 256,
 'seed': 1,
 'train_steps': 876000,
 'update_frequency': 1,
 'update_target_frequency': 32,
 'weight_scale': 1.4142135623730951}
Timestep : 8758, score : -4903.869698055234, Time : 28.532 s
Timestep : 17517, score : -3712.230818261305, Time : 30.764 s
Timestep : 26276, score : -2953.808345550933, Time : 30.751 s
Timestep : 35035, score : -3274.590648567566, Time : 30.856 s
Timestep : 43794, score : -2287.129155589646, Time : 30.912 s
Timestep : 52553, score : -2408.5245383019646, Time : 30.881 s
Timestep : 61312, score : -2391.3548062224, Time : 30.895 s
Timestep : 70071, score : -1900.8465784404252, Time : 30.954 s
Timestep : 78830, score : -1893.5463117433537, Time : 30.892 s
Timestep : 87589, score : -1947.1276772627025, Time : 29.979 s
Timestep : 96348, score : -2026.8798300747585, Time : 29.017 s
Timestep : 105107, score : -2145.4842416310275, Time : 30.853 s
Timestep : 113866, score : -1804.7048136698577, Time : 30.884 s
Timestep : 122625, score : -1778.1650125016022, Time : 30.861 s
Timestep : 131384, score : -1696.317941633315, Time : 30.829 s
Timestep : 140143, score : -1864.7399341207492, Time : 30.786 s
Timestep : 148902, score : -1907.4940683155146, Time : 30.869 s
Timestep : 157661, score : -1493.008469094144, Time : 30.608 s
Timestep : 166420, score : -1676.0472503922938, Time : 30.938 s
Timestep : 175179, score : -1874.4915514381428, Time : 30.536 s
Timestep : 183938, score : -1591.5951254399552, Time : 31.248 s
Timestep : 192697, score : -1806.5258360507723, Time : 31.247 s
Timestep : 201456, score : -1671.284814131941, Time : 31.263 s
Timestep : 210215, score : -1461.8838765716937, Time : 31.226 s
Timestep : 218974, score : -1581.184226301295, Time : 30.841 s
Timestep : 227733, score : -1411.8598263578315, Time : 31.246 s
Timestep : 236492, score : -1367.8808238673519, Time : 31.311 s
Timestep : 245251, score : -1479.667522771313, Time : 29.976 s
Timestep : 254010, score : -1404.6123037615616, Time : 31.253 s
Timestep : 262769, score : -1464.9738392478612, Time : 30.813 s
Timestep : 271528, score : -1614.4347106500354, Time : 31.278 s
Timestep : 280287, score : -1679.0464197888796, Time : 31.131 s
Timestep : 289046, score : -1645.9256208066654, Time : 31.096 s
Timestep : 297805, score : -1494.333508304815, Time : 31.26 s
Timestep : 306564, score : -1450.64201471259, Time : 30.961 s
Timestep : 315323, score : -1269.753330296633, Time : 30.473 s
Timestep : 324082, score : -1443.9486305660394, Time : 31.197 s
Timestep : 332841, score : -1411.3495959719003, Time : 31.286 s
Timestep : 341600, score : -1555.576667758898, Time : 31.271 s
Timestep : 350359, score : -1358.3458610216912, Time : 31.256 s
Timestep : 359118, score : -1367.5302152971562, Time : 31.301 s
Timestep : 367877, score : -1196.6176889380731, Time : 30.973 s
Timestep : 376636, score : -1339.9681789528404, Time : 30.931 s
Timestep : 385395, score : -1341.7017925296968, Time : 29.282 s
Timestep : 394154, score : -1537.391818039614, Time : 30.41 s
Timestep : 402913, score : -1366.0398691990704, Time : 30.661 s
Timestep : 411672, score : -1365.5559823841613, Time : 30.032 s
Timestep : 420431, score : -1341.2124958234199, Time : 29.357 s
Timestep : 429190, score : -1275.3700450175966, Time : 30.211 s
Timestep : 437949, score : -1280.7253438006446, Time : 30.734 s
Timestep : 446708, score : -1257.1644751258718, Time : 30.706 s
Timestep : 455467, score : -1241.0227375533723, Time : 31.292 s
Timestep : 464226, score : -1336.5314181566064, Time : 30.622 s
Timestep : 472985, score : -1223.3329452958715, Time : 30.899 s
Timestep : 481744, score : -1276.4122450996947, Time : 30.074 s
Timestep : 490503, score : -1251.519136315008, Time : 30.923 s
Timestep : 499262, score : -1268.5710688319814, Time : 30.901 s
Timestep : 508021, score : -1337.7351856648165, Time : 30.42 s
Timestep : 516780, score : -1233.4479377458629, Time : 29.669 s
Timestep : 525539, score : -1314.0590045193967, Time : 31.277 s
Timestep : 534298, score : -1211.8606908056245, Time : 31.248 s
Timestep : 543057, score : -1213.1461757310026, Time : 31.254 s
Timestep : 551816, score : -1147.7989173236128, Time : 31.216 s
Timestep : 560575, score : -1200.9661092108872, Time : 31.224 s
Timestep : 569334, score : -1166.8688355528575, Time : 31.242 s
Timestep : 578093, score : -1182.235701092548, Time : 30.838 s
Timestep : 586852, score : -1158.4406310884806, Time : 30.188 s
Timestep : 595611, score : -1225.123300598265, Time : 30.938 s
Timestep : 604370, score : -1040.4966687246051, Time : 30.924 s
Timestep : 613129, score : -1164.0751753279183, Time : 30.957 s
Timestep : 621888, score : -974.1647182144516, Time : 30.95 s
Timestep : 630647, score : -1155.0951419568446, Time : 30.926 s
Timestep : 639406, score : -1128.3584862546122, Time : 29.631 s
Timestep : 648165, score : -1132.5102410868567, Time : 29.639 s
Timestep : 656924, score : -1067.0413398639648, Time : 30.887 s
Timestep : 665683, score : -1079.0209227626037, Time : 30.938 s
Timestep : 674442, score : -1069.2622020291456, Time : 30.737 s
Timestep : 683201, score : -995.65426431995, Time : 30.901 s
Timestep : 691960, score : -1013.598209079064, Time : 30.914 s
Timestep : 700719, score : -1183.61560420561, Time : 30.882 s
Timestep : 709478, score : -1030.6772041165095, Time : 30.859 s
Timestep : 718237, score : -1140.447945969092, Time : 29.114 s
Timestep : 726996, score : -1177.4012304230419, Time : 28.963 s
Timestep : 735755, score : -1042.6978371643054, Time : 29.008 s
Timestep : 744514, score : -1147.3139273126435, Time : 30.327 s
Timestep : 753273, score : -1079.1404201577243, Time : 30.978 s
Timestep : 762032, score : -1066.391633448453, Time : 30.89 s
Timestep : 770791, score : -1209.6974958924984, Time : 30.958 s
Timestep : 779550, score : -1089.498055796983, Time : 30.932 s
Timestep : 788309, score : -972.346031494264, Time : 30.872 s
Timestep : 797068, score : -1098.5006586581294, Time : 30.917 s
Timestep : 805827, score : -1123.311966976762, Time : 30.889 s
Timestep : 814586, score : -1109.9365900249977, Time : 30.911 s
Timestep : 823345, score : -947.0937248596747, Time : 30.909 s
Timestep : 832104, score : -1029.693112924957, Time : 30.895 s
Timestep : 840863, score : -1015.5260334629857, Time : 29.391 s
Timestep : 849622, score : -1028.2066562507825, Time : 29.82 s
Timestep : 858381, score : -1055.7619366834697, Time : 29.772 s
Timestep : 867140, score : -1068.2579516165715, Time : 29.724 s
Timestep : 875899, score : -1105.6903414386616, Time : 29.706 s
Starting local evaluation
Num Steps: 1000, Num episodes: 0
Num Steps: 2000, Num episodes: 0
Num Steps: 3000, Num episodes: 0
Num Steps: 4000, Num episodes: 0
Num Steps: 5000, Num episodes: 0
Num Steps: 6000, Num episodes: 0
Num Steps: 7000, Num episodes: 0
Num Steps: 8000, Num episodes: 0
Episode complete: 1 | Latest episode metrics: {'price_cost': 0.8299657346722759, 'emmision_cost': 0.921061224572686}
[-0.07454821] -0.07454821114472941
Average Price Cost: 0.8299657346722759
Average Emmision Cost: 0.921061224572686
Average of both costs: 0.8755134796224809
Total time taken by agent: 3.8685006226878613s
DONE!
