{'agent': 'UADQN', 'action_selection': 'softmax', 'seed': 9, 'episodes': 50, 'data_path': 'data/citylearn_challenge_2022_phase_1', 'dry_run': False, 'n_discrete': 9, 'update_target': 4, 'lr': 0.0003, 'batch_size': 128, 'adam_epsilon': 1e-07, 'epsilon_final': 0.02, 'run_id': 29}
{'Notes': 'This is a tuning run, executed on a single building.',
 'adam_epsilon': 1e-07,
 'aleatoric_factor': 0,
 'biased_aleatoric': False,
 'env': '<NormalizeObservation<OneHotHour<DiscreteSingle<CityLearnEnv '
        'instance>>>>',
 'epistemic_factor': 1,
 'gamma': 0.99,
 'learning_rate': 0.0003,
 'minibatch_size': 128,
 'n_quantiles': 20,
 'network': 'MLP(\n'
            '  (layers): Sequential(\n'
            '    (0): Linear(in_features=29, out_features=128, bias=True)\n'
            '    (1): ReLU()\n'
            '    (2): Linear(in_features=128, out_features=128, bias=True)\n'
            '    (3): ReLU()\n'
            '    (4): Linear(in_features=128, out_features=180, bias=True)\n'
            '  )\n'
            ')',
 'noise_scale': 1,
 'replay_buffer_size': 10000,
 'replay_start_size': 128,
 'seed': 9,
 'train_steps': 438000,
 'update_frequency': 1,
 'update_target_frequency': 4,
 'weight_scale': 1.4142135623730951}
Timestep : 8758, score : -4116.9702311117, Time : 108.043 s
Timestep : 17517, score : -2659.0719752562727, Time : 107.872 s
Timestep : 26276, score : -1886.9191513286496, Time : 107.564 s
Timestep : 35035, score : -1846.8423428132373, Time : 108.224 s
Timestep : 43794, score : -1611.0917094732285, Time : 108.233 s
Timestep : 52553, score : -1265.7658379581117, Time : 108.219 s
Timestep : 61312, score : -1332.0402008290694, Time : 108.255 s
Timestep : 70071, score : -1243.7020046623074, Time : 108.596 s
Timestep : 78830, score : -1492.4776716361812, Time : 108.459 s
Timestep : 87589, score : -1241.0370261280623, Time : 108.538 s
Timestep : 96348, score : -1378.6281255642243, Time : 109.147 s
Timestep : 105107, score : -1395.6661152940069, Time : 108.864 s
Timestep : 113866, score : -1432.5482013749715, Time : 108.612 s
Timestep : 122625, score : -1295.1840563506412, Time : 108.16 s
Timestep : 131384, score : -1165.1613910303276, Time : 107.717 s
Timestep : 140143, score : -1058.5940892932995, Time : 108.517 s
Timestep : 148902, score : -1050.168656357826, Time : 108.355 s
Timestep : 157661, score : -1162.3664832075883, Time : 108.433 s
Timestep : 166420, score : -1179.6524326745712, Time : 108.79 s
Timestep : 175179, score : -1017.0228926692216, Time : 108.333 s
Timestep : 183938, score : -948.5274267061905, Time : 109.131 s
Timestep : 192697, score : -1080.804900964169, Time : 111.639 s
Timestep : 201456, score : -1004.4273781203956, Time : 116.377 s
Timestep : 210215, score : -1067.8792749960267, Time : 112.749 s
Timestep : 218974, score : -873.9895889900217, Time : 108.752 s
Timestep : 227733, score : -944.2655079461692, Time : 108.909 s
Timestep : 236492, score : -943.1960351302114, Time : 108.505 s
Timestep : 245251, score : -960.9176117594179, Time : 108.541 s
Timestep : 254010, score : -1001.2553694701346, Time : 108.465 s
Timestep : 262769, score : -983.290575192339, Time : 108.948 s
Timestep : 271528, score : -889.489874453313, Time : 108.728 s
Timestep : 280287, score : -977.1516493545205, Time : 107.785 s
Timestep : 289046, score : -932.3221558828664, Time : 108.315 s
Timestep : 297805, score : -1011.8946342326526, Time : 108.898 s
Timestep : 306564, score : -1007.3845723709383, Time : 108.588 s
Timestep : 315323, score : -1009.854314866272, Time : 109.638 s
Timestep : 324082, score : -933.5063153284427, Time : 111.5 s
Timestep : 332841, score : -939.3478959193744, Time : 110.698 s
Timestep : 341600, score : -932.142014785466, Time : 108.53 s
Timestep : 350359, score : -942.6893302793906, Time : 108.25 s
Timestep : 359118, score : -1009.9173259735398, Time : 108.358 s
Timestep : 367877, score : -855.6848963222292, Time : 108.501 s
Timestep : 376636, score : -906.2365219767962, Time : 107.698 s
Timestep : 385395, score : -890.0352998276067, Time : 107.669 s
Timestep : 394154, score : -896.4400482127967, Time : 108.572 s
Timestep : 402913, score : -1054.3198011173226, Time : 108.536 s
Timestep : 411672, score : -990.3775337375992, Time : 107.839 s
Timestep : 420431, score : -985.4885977714148, Time : 108.308 s
Timestep : 429190, score : -1092.777142551291, Time : 108.424 s
Timestep : 437949, score : -1034.0535687692754, Time : 108.437 s
Starting local evaluation
Num Steps: 1000, Num episodes: 0
Num Steps: 2000, Num episodes: 0
Num Steps: 3000, Num episodes: 0
Num Steps: 4000, Num episodes: 0
Num Steps: 5000, Num episodes: 0
Num Steps: 6000, Num episodes: 0
Num Steps: 7000, Num episodes: 0
Num Steps: 8000, Num episodes: 0
Episode complete: 1 | Latest episode metrics: {'price_cost': 0.8251643601220671, 'emmision_cost': 0.9004364136943885}
[-0.05931302] -0.059313018053763815
Average Price Cost: 0.8251643601220671
Average Emmision Cost: 0.9004364136943885
Average of both costs: 0.8628003869082278
Total time taken by agent: 16.61833598371595s
DONE!
