{'agent': 'DQN', 'action_selection': 'egreedy', 'seed': 1, 'episodes': 100, 'data_path': 'data/citylearn_challenge_2022_phase_1', 'dry_run': False, 'n_discrete': 9, 'update_target': 16, 'lr': 0.1, 'batch_size': 8, 'adam_epsilon': 1e-05, 'epsilon_final': 0.03, 'run_id': 220}
{'Notes': 'This is a tuning run, executed on a single building.',
 'action_selection': 'egreedy',
 'adam_epsilon': 1e-05,
 'env': '<NormalizeObservation<OneHotHour<DiscreteSingle<CityLearnEnv '
        'instance>>>>',
 'final_exploration_rate': 0.02,
 'final_exploration_step': 1000,
 'gamma': 0.99,
 'initial_exploration_rate': 1,
 'learning_rate': 0.1,
 'loss': 'mse',
 'minibatch_size': 8,
 'network': 'MLP(\n'
            '  (layers): Sequential(\n'
            '    (0): Linear(in_features=29, out_features=128, bias=True)\n'
            '    (1): ReLU()\n'
            '    (2): Linear(in_features=128, out_features=128, bias=True)\n'
            '    (3): ReLU()\n'
            '    (4): Linear(in_features=128, out_features=9, bias=True)\n'
            '  )\n'
            ')',
 'replay_buffer_size': 10000,
 'replay_start_size': 8,
 'seed': 1,
 'train_steps': 876000,
 'update_frequency': 1,
 'update_target_frequency': 16,
 'weight_scale': 1.4142135623730951}
Timestep : 8758, score : -5513.503755672151, Time : 20.094 s
Timestep : 17517, score : -4524.558839220161, Time : 19.68 s
Timestep : 26276, score : -4616.709085228766, Time : 19.863 s
Timestep : 35035, score : -4457.541533513373, Time : 19.548 s
Timestep : 43794, score : -4490.282502652524, Time : 19.621 s
Timestep : 52553, score : -4553.920507609291, Time : 19.492 s
Timestep : 61312, score : -4514.208668613253, Time : 19.589 s
Timestep : 70071, score : -4532.177479629783, Time : 19.99 s
Timestep : 78830, score : -4619.26879321356, Time : 19.694 s
Timestep : 87589, score : -4635.644184433302, Time : 19.575 s
Timestep : 96348, score : -4676.61715025609, Time : 19.642 s
Timestep : 105107, score : -4590.892778554378, Time : 19.841 s
Timestep : 113866, score : -4494.363064690871, Time : 19.691 s
Timestep : 122625, score : -4500.712837294122, Time : 19.609 s
Timestep : 131384, score : -4449.663199459581, Time : 19.498 s
Timestep : 140143, score : -4574.261210632889, Time : 19.36 s
Timestep : 148902, score : -4507.26929834616, Time : 19.378 s
Timestep : 157661, score : -4715.662244527048, Time : 19.347 s
Timestep : 166420, score : -4525.053615779994, Time : 19.391 s
Timestep : 175179, score : -4580.01117586848, Time : 19.257 s
Timestep : 183938, score : -4506.514785731124, Time : 19.158 s
Timestep : 192697, score : -4556.6003156305815, Time : 19.056 s
Timestep : 201456, score : -4586.4361877314805, Time : 19.094 s
Timestep : 210215, score : -4554.402587052813, Time : 19.295 s
Timestep : 218974, score : -4413.008486964653, Time : 19.223 s
Timestep : 227733, score : -4526.726527176012, Time : 18.916 s
Timestep : 236492, score : -4483.276266825764, Time : 19.085 s
Timestep : 245251, score : -4582.201798214024, Time : 19.032 s
Timestep : 254010, score : -4652.480090219906, Time : 19.134 s
Timestep : 262769, score : -4527.13013961949, Time : 19.218 s
Timestep : 271528, score : -4628.989177076059, Time : 19.166 s
Timestep : 280287, score : -4579.300005172758, Time : 19.2 s
Timestep : 289046, score : -4448.860135242838, Time : 19.149 s
Timestep : 297805, score : -4540.4685277504905, Time : 19.099 s
Timestep : 306564, score : -4542.996821832872, Time : 19.25 s
Timestep : 315323, score : -4617.8321229120775, Time : 19.405 s
Timestep : 324082, score : -4484.520555579482, Time : 19.692 s
Timestep : 332841, score : -4465.727123955337, Time : 19.955 s
Timestep : 341600, score : -4558.262396633072, Time : 19.641 s
Timestep : 350359, score : -4544.448737559287, Time : 19.124 s
Timestep : 359118, score : -4584.141544168262, Time : 19.107 s
Timestep : 367877, score : -4560.997275481845, Time : 19.665 s
Timestep : 376636, score : -4581.927354380867, Time : 19.473 s
Timestep : 385395, score : -4585.519298421597, Time : 19.22 s
Timestep : 394154, score : -4426.233365890017, Time : 19.652 s
Timestep : 402913, score : -4506.898271152662, Time : 19.421 s
Timestep : 411672, score : -4596.660996787628, Time : 19.419 s
Timestep : 420431, score : -4628.575874883361, Time : 19.36 s
Timestep : 429190, score : -4451.77362723407, Time : 19.386 s
Timestep : 437949, score : -4635.14147603829, Time : 19.088 s
Timestep : 446708, score : -4577.5016295364185, Time : 19.017 s
Timestep : 455467, score : -4451.32863532324, Time : 19.059 s
Timestep : 464226, score : -4483.735954385047, Time : 18.972 s
Timestep : 472985, score : -4543.740167596756, Time : 18.95 s
Timestep : 481744, score : -4474.731766559562, Time : 18.917 s
Timestep : 490503, score : -4636.626993027894, Time : 19.371 s
Timestep : 499262, score : -4545.962541587098, Time : 19.044 s
Timestep : 508021, score : -4498.148559210269, Time : 18.921 s
Timestep : 516780, score : -4547.6584386176255, Time : 19.136 s
Timestep : 525539, score : -4628.308049870102, Time : 19.841 s
Timestep : 534298, score : -4539.312928575004, Time : 19.386 s
Timestep : 543057, score : -4533.320731097279, Time : 19.314 s
Timestep : 551816, score : -4514.03989276514, Time : 19.151 s
Timestep : 560575, score : -4315.753567894368, Time : 19.182 s
Timestep : 569334, score : -4544.761455679341, Time : 19.184 s
Timestep : 578093, score : -4595.951795719477, Time : 19.475 s
Timestep : 586852, score : -4636.365795542442, Time : 19.517 s
Timestep : 595611, score : -4576.102743322452, Time : 19.074 s
Timestep : 604370, score : -4512.380812310061, Time : 19.042 s
Timestep : 613129, score : -4555.183285239531, Time : 18.999 s
Timestep : 621888, score : -4469.9401721483155, Time : 19.113 s
Timestep : 630647, score : -4593.376657558983, Time : 19.737 s
Timestep : 639406, score : -4514.863114104985, Time : 19.444 s
Timestep : 648165, score : -4478.322182179807, Time : 19.959 s
Timestep : 656924, score : -4529.631738492666, Time : 19.781 s
Timestep : 665683, score : -4626.2879511182255, Time : 19.792 s
Timestep : 674442, score : -4541.270704985043, Time : 19.752 s
Timestep : 683201, score : -4544.3690376858285, Time : 19.488 s
Timestep : 691960, score : -4857.095106826542, Time : 19.768 s
Timestep : 700719, score : -4780.248556777282, Time : 19.746 s
Timestep : 709478, score : -4582.078324411443, Time : 19.517 s
Timestep : 718237, score : -4487.3914128359465, Time : 19.549 s
Timestep : 726996, score : -4610.421753953589, Time : 19.447 s
Timestep : 735755, score : -4550.245605511038, Time : 20.162 s
Timestep : 744514, score : -4443.002153573936, Time : 19.867 s
Timestep : 753273, score : -4526.646507918282, Time : 19.739 s
Timestep : 762032, score : -4463.031622467985, Time : 19.566 s
Timestep : 770791, score : -4502.666729874705, Time : 19.581 s
Timestep : 779550, score : -4424.810834357893, Time : 19.332 s
Timestep : 788309, score : -4569.382577815471, Time : 19.45 s
Timestep : 797068, score : -4640.481888459442, Time : 19.742 s
Timestep : 805827, score : -4449.4859819416015, Time : 19.864 s
Timestep : 814586, score : -4564.322898724029, Time : 19.7 s
Timestep : 823345, score : -4552.986082077638, Time : 19.785 s
Timestep : 832104, score : -4473.570525271265, Time : 19.912 s
Timestep : 840863, score : -4634.230797200842, Time : 20.274 s
Timestep : 849622, score : -4652.390908246307, Time : 20.468 s
Timestep : 858381, score : -4538.791371381289, Time : 20.755 s
Timestep : 867140, score : -4523.491547808895, Time : 20.201 s
Timestep : 875899, score : -4587.750175781926, Time : 20.585 s
Starting local evaluation
Num Steps: 1000, Num episodes: 0
Num Steps: 2000, Num episodes: 0
Num Steps: 3000, Num episodes: 0
Num Steps: 4000, Num episodes: 0
Num Steps: 5000, Num episodes: 0
Num Steps: 6000, Num episodes: 0
Num Steps: 7000, Num episodes: 0
Num Steps: 8000, Num episodes: 0
Episode complete: 1 | Latest episode metrics: {'price_cost': 1.01627114198818, 'emmision_cost': 1.018508189798636}
[-0.25140007] -0.25140006746150045
Average Price Cost: 1.01627114198818
Average Emmision Cost: 1.018508189798636
Average of both costs: 1.017389665893408
Total time taken by agent: 2.3979005464352667s
DONE!
