{'agent': 'DQN', 'action_selection': 'egreedy', 'seed': 1, 'episodes': 100, 'data_path': 'data/citylearn_challenge_2022_phase_1', 'dry_run': False, 'n_discrete': 9, 'update_target': 8, 'lr': 0.01, 'batch_size': 8, 'adam_epsilon': 1e-08, 'epsilon_final': 0.01, 'run_id': 277}
{'Notes': 'This is a tuning run, executed on a single building.',
 'action_selection': 'egreedy',
 'adam_epsilon': 1e-08,
 'env': '<NormalizeObservation<OneHotHour<DiscreteSingle<CityLearnEnv '
        'instance>>>>',
 'final_exploration_rate': 0.02,
 'final_exploration_step': 1000,
 'gamma': 0.99,
 'initial_exploration_rate': 1,
 'learning_rate': 0.01,
 'loss': 'mse',
 'minibatch_size': 8,
 'network': 'MLP(\n'
            '  (layers): Sequential(\n'
            '    (0): Linear(in_features=29, out_features=128, bias=True)\n'
            '    (1): ReLU()\n'
            '    (2): Linear(in_features=128, out_features=128, bias=True)\n'
            '    (3): ReLU()\n'
            '    (4): Linear(in_features=128, out_features=9, bias=True)\n'
            '  )\n'
            ')',
 'replay_buffer_size': 10000,
 'replay_start_size': 8,
 'seed': 1,
 'train_steps': 876000,
 'update_frequency': 1,
 'update_target_frequency': 8,
 'weight_scale': 1.4142135623730951}
Timestep : 8758, score : -6422.150665713125, Time : 21.562 s
Timestep : 17517, score : -7133.821223208055, Time : 21.556 s
Timestep : 26276, score : -5949.005622954952, Time : 21.637 s
Timestep : 35035, score : -6743.4945610191935, Time : 22.345 s
Timestep : 43794, score : -6196.874873449167, Time : 22.192 s
Timestep : 52553, score : -8390.837651625814, Time : 22.236 s
Timestep : 61312, score : -8019.727964216872, Time : 22.218 s
Timestep : 70071, score : -6573.869716513465, Time : 22.085 s
Timestep : 78830, score : -7168.886817819555, Time : 22.431 s
Timestep : 87589, score : -7481.7647316323855, Time : 22.244 s
Timestep : 96348, score : -8176.54753101783, Time : 22.213 s
Timestep : 105107, score : -8197.431172551383, Time : 22.254 s
Timestep : 113866, score : -7764.95019534629, Time : 22.272 s
Timestep : 122625, score : -8396.18482175123, Time : 21.727 s
Timestep : 131384, score : -8885.102248352618, Time : 22.555 s
Timestep : 140143, score : -9277.901414505119, Time : 22.258 s
Timestep : 148902, score : -9324.749293606219, Time : 23.059 s
Timestep : 157661, score : -8793.589083664498, Time : 22.661 s
Timestep : 166420, score : -8240.087077023563, Time : 21.879 s
Timestep : 175179, score : -9540.345956142606, Time : 22.177 s
Timestep : 183938, score : -8607.479631377995, Time : 22.257 s
Timestep : 192697, score : -8883.334292874555, Time : 22.049 s
Timestep : 201456, score : -8674.80649255871, Time : 22.078 s
Timestep : 210215, score : -8664.400143056671, Time : 22.278 s
Timestep : 218974, score : -8116.809161424782, Time : 22.084 s
Timestep : 227733, score : -9303.562608425229, Time : 22.566 s
Timestep : 236492, score : -9378.381385228044, Time : 21.84 s
Timestep : 245251, score : -9127.428911950075, Time : 22.259 s
Timestep : 254010, score : -8539.315771405425, Time : 22.413 s
Timestep : 262769, score : -9537.87137262689, Time : 23.312 s
Timestep : 271528, score : -8943.550723850261, Time : 22.385 s
Timestep : 280287, score : -8992.456712823318, Time : 22.292 s
Timestep : 289046, score : -8703.922606991633, Time : 22.264 s
Timestep : 297805, score : -8947.049522325193, Time : 21.981 s
Timestep : 306564, score : -9484.103471804789, Time : 22.11 s
Timestep : 315323, score : -8810.42907730132, Time : 22.103 s
Timestep : 324082, score : -8594.20335423472, Time : 22.591 s
Timestep : 332841, score : -9269.925009665894, Time : 22.276 s
Timestep : 341600, score : -8949.03609053744, Time : 22.261 s
Timestep : 350359, score : -8738.971958752052, Time : 22.185 s
Timestep : 359118, score : -9469.082155998942, Time : 22.345 s
Timestep : 367877, score : -9139.151115768662, Time : 23.114 s
Timestep : 376636, score : -9515.98760643434, Time : 23.652 s
Timestep : 385395, score : -9248.8510766533, Time : 22.418 s
Timestep : 394154, score : -8912.644010739925, Time : 21.634 s
Timestep : 402913, score : -9410.461856204114, Time : 21.751 s
Timestep : 411672, score : -9388.461003724675, Time : 22.027 s
Timestep : 420431, score : -9042.625287917239, Time : 22.221 s
Timestep : 429190, score : -9170.382961204174, Time : 22.466 s
Timestep : 437949, score : -9472.687053031477, Time : 22.038 s
Timestep : 446708, score : -8857.31388057582, Time : 21.667 s
Timestep : 455467, score : -8521.774476534716, Time : 21.685 s
Timestep : 464226, score : -8521.104060806872, Time : 21.721 s
Timestep : 472985, score : -9416.818548450261, Time : 21.488 s
Timestep : 481744, score : -9424.769066010325, Time : 22.912 s
Timestep : 490503, score : -9797.653924217011, Time : 23.207 s
Timestep : 499262, score : -9266.471467389172, Time : 22.193 s
Timestep : 508021, score : -9675.432583263406, Time : 21.947 s
Timestep : 516780, score : -9797.77978076812, Time : 22.339 s
Timestep : 525539, score : -9596.607638418733, Time : 22.522 s
Timestep : 534298, score : -9403.297279906415, Time : 22.371 s
Timestep : 543057, score : -9316.544854584921, Time : 22.393 s
Timestep : 551816, score : -9438.49492195842, Time : 22.385 s
Timestep : 560575, score : -9219.83459906609, Time : 22.379 s
Timestep : 569334, score : -9287.748620299113, Time : 22.051 s
Timestep : 578093, score : -9166.749455001162, Time : 22.348 s
Timestep : 586852, score : -9150.68004747809, Time : 22.294 s
Timestep : 595611, score : -9483.902743895029, Time : 23.369 s
Timestep : 604370, score : -9609.53596394739, Time : 22.775 s
Timestep : 613129, score : -9135.938049021366, Time : 22.223 s
Timestep : 621888, score : -9504.825641118412, Time : 22.498 s
Timestep : 630647, score : -9659.827256189456, Time : 22.081 s
Timestep : 639406, score : -9359.066740228034, Time : 21.654 s
Timestep : 648165, score : -9635.488178394342, Time : 22.132 s
Timestep : 656924, score : -9283.166543269224, Time : 22.244 s
Timestep : 665683, score : -8947.982818834978, Time : 21.609 s
Timestep : 674442, score : -9481.509673232486, Time : 22.197 s
Timestep : 683201, score : -9071.64903336014, Time : 22.135 s
Timestep : 691960, score : -8899.759925346385, Time : 22.314 s
Timestep : 700719, score : -8739.01424989468, Time : 22.34 s
Timestep : 709478, score : -8567.366297411645, Time : 21.949 s
Timestep : 718237, score : -8980.332781000441, Time : 22.412 s
Timestep : 726996, score : -8336.803599134073, Time : 22.194 s
Timestep : 735755, score : -9325.396677378361, Time : 22.243 s
Timestep : 744514, score : -9047.751873855741, Time : 22.391 s
Timestep : 753273, score : -9252.114729661327, Time : 23.448 s
Timestep : 762032, score : -9096.60240501503, Time : 22.339 s
Timestep : 770791, score : -8764.642752170097, Time : 21.858 s
Timestep : 779550, score : -9085.548935657978, Time : 21.655 s
Timestep : 788309, score : -9898.747409658812, Time : 22.233 s
Timestep : 797068, score : -9321.754627058632, Time : 22.162 s
Timestep : 805827, score : -9355.753808091933, Time : 22.232 s
Timestep : 814586, score : -10038.07941049109, Time : 22.325 s
Timestep : 823345, score : -9504.165994937095, Time : 22.356 s
Timestep : 832104, score : -9098.840736931656, Time : 22.333 s
Timestep : 840863, score : -9021.881091792908, Time : 22.363 s
Timestep : 849622, score : -9174.089488834288, Time : 21.887 s
Timestep : 858381, score : -9020.769248748344, Time : 22.01 s
Timestep : 867140, score : -9024.632745396491, Time : 23.136 s
Timestep : 875899, score : -9773.311104005508, Time : 23.049 s
Starting local evaluation
Num Steps: 1000, Num episodes: 0
Num Steps: 2000, Num episodes: 0
Num Steps: 3000, Num episodes: 0
Num Steps: 4000, Num episodes: 0
Num Steps: 5000, Num episodes: 0
Num Steps: 6000, Num episodes: 0
Num Steps: 7000, Num episodes: 0
Num Steps: 8000, Num episodes: 0
Episode complete: 1 | Latest episode metrics: {'price_cost': 1.1210666103446945, 'emmision_cost': 1.165503811840147}
[-0.40521731] -0.4052173141436354
Average Price Cost: 1.1210666103446945
Average Emmision Cost: 1.165503811840147
Average of both costs: 1.1432852110924208
Total time taken by agent: 2.6004212028346956s
DONE!
