{'agent': 'DQN', 'action_selection': 'egreedy', 'seed': 1, 'episodes': 100, 'data_path': 'data/citylearn_challenge_2022_phase_1', 'dry_run': False, 'n_discrete': 9, 'update_target': 8, 'lr': 1e-05, 'batch_size': 8, 'adam_epsilon': 1e-08, 'epsilon_final': 0.02, 'run_id': 253}
{'Notes': 'This is a tuning run, executed on a single building.',
 'action_selection': 'egreedy',
 'adam_epsilon': 1e-08,
 'env': '<NormalizeObservation<OneHotHour<DiscreteSingle<CityLearnEnv '
        'instance>>>>',
 'final_exploration_rate': 0.02,
 'final_exploration_step': 1000,
 'gamma': 0.99,
 'initial_exploration_rate': 1,
 'learning_rate': 1e-05,
 'loss': 'mse',
 'minibatch_size': 8,
 'network': 'MLP(\n'
            '  (layers): Sequential(\n'
            '    (0): Linear(in_features=29, out_features=128, bias=True)\n'
            '    (1): ReLU()\n'
            '    (2): Linear(in_features=128, out_features=128, bias=True)\n'
            '    (3): ReLU()\n'
            '    (4): Linear(in_features=128, out_features=9, bias=True)\n'
            '  )\n'
            ')',
 'replay_buffer_size': 10000,
 'replay_start_size': 8,
 'seed': 1,
 'train_steps': 876000,
 'update_frequency': 1,
 'update_target_frequency': 8,
 'weight_scale': 1.4142135623730951}
Timestep : 8758, score : -6366.835441658695, Time : 20.054 s
Timestep : 17517, score : -5090.667155153496, Time : 20.085 s
Timestep : 26276, score : -5266.7978410575015, Time : 20.114 s
Timestep : 35035, score : -5226.131337018014, Time : 20.007 s
Timestep : 43794, score : -4733.299120308278, Time : 20.002 s
Timestep : 52553, score : -5312.770124259201, Time : 20.248 s
Timestep : 61312, score : -5216.7428958727105, Time : 20.132 s
Timestep : 70071, score : -4663.300274350127, Time : 20.193 s
Timestep : 78830, score : -4868.526385282545, Time : 19.941 s
Timestep : 87589, score : -4888.961363790004, Time : 20.03 s
Timestep : 96348, score : -4979.038403603627, Time : 20.177 s
Timestep : 105107, score : -4602.85781931263, Time : 20.342 s
Timestep : 113866, score : -4722.509459429799, Time : 20.21 s
Timestep : 122625, score : -4462.88748525866, Time : 20.089 s
Timestep : 131384, score : -4694.2646159875, Time : 20.254 s
Timestep : 140143, score : -4659.594976135908, Time : 20.27 s
Timestep : 148902, score : -4761.391769274094, Time : 20.172 s
Timestep : 157661, score : -4519.119019948324, Time : 20.222 s
Timestep : 166420, score : -4623.480760258113, Time : 20.359 s
Timestep : 175179, score : -4773.649542384694, Time : 20.19 s
Timestep : 183938, score : -4778.645554030227, Time : 19.925 s
Timestep : 192697, score : -4602.642334220145, Time : 20.118 s
Timestep : 201456, score : -4717.76767592915, Time : 19.869 s
Timestep : 210215, score : -4575.966792494437, Time : 20.338 s
Timestep : 218974, score : -4640.391865854064, Time : 20.262 s
Timestep : 227733, score : -4539.676816362335, Time : 20.134 s
Timestep : 236492, score : -4877.389008132188, Time : 19.958 s
Timestep : 245251, score : -4578.309806056699, Time : 20.174 s
Timestep : 254010, score : -4855.543014852403, Time : 19.951 s
Timestep : 262769, score : -4554.630084708246, Time : 20.181 s
Timestep : 271528, score : -4837.003356008863, Time : 20.243 s
Timestep : 280287, score : -4562.641580892057, Time : 19.836 s
Timestep : 289046, score : -4696.589917175035, Time : 19.932 s
Timestep : 297805, score : -4606.39766978976, Time : 20.119 s
Timestep : 306564, score : -4516.085352854367, Time : 19.978 s
Timestep : 315323, score : -4670.0623945215775, Time : 20.104 s
Timestep : 324082, score : -4463.585411907552, Time : 19.926 s
Timestep : 332841, score : -4530.934644999055, Time : 20.021 s
Timestep : 341600, score : -4671.593584666407, Time : 19.956 s
Timestep : 350359, score : -4558.645181551023, Time : 20.094 s
Timestep : 359118, score : -4724.0317855043395, Time : 19.9 s
Timestep : 367877, score : -4622.855626362289, Time : 19.908 s
Timestep : 376636, score : -4558.551829190372, Time : 20.445 s
Timestep : 385395, score : -4604.9190048812015, Time : 20.222 s
Timestep : 394154, score : -4474.48917626348, Time : 19.989 s
Timestep : 402913, score : -4521.659645743348, Time : 19.977 s
Timestep : 411672, score : -4591.098579131445, Time : 20.045 s
Timestep : 420431, score : -4600.17371334802, Time : 20.286 s
Timestep : 429190, score : -4555.287904066412, Time : 20.0 s
Timestep : 437949, score : -4687.993150039954, Time : 20.207 s
Timestep : 446708, score : -4533.623599685176, Time : 20.27 s
Timestep : 455467, score : -4573.927742634696, Time : 20.052 s
Timestep : 464226, score : -4485.0061145677755, Time : 19.863 s
Timestep : 472985, score : -4545.30414366108, Time : 20.075 s
Timestep : 481744, score : -4464.20928891786, Time : 19.817 s
Timestep : 490503, score : -4592.480849811254, Time : 19.879 s
Timestep : 499262, score : -4528.7644573547, Time : 20.048 s
Timestep : 508021, score : -4547.124631991639, Time : 20.105 s
Timestep : 516780, score : -4603.168155993597, Time : 20.117 s
Timestep : 525539, score : -4608.3557161105855, Time : 20.316 s
Timestep : 534298, score : -4721.361206701869, Time : 20.08 s
Timestep : 543057, score : -4486.098170155106, Time : 20.232 s
Timestep : 551816, score : -4502.379478358111, Time : 20.257 s
Timestep : 560575, score : -4323.489253622858, Time : 20.248 s
Timestep : 569334, score : -4521.19008633311, Time : 20.174 s
Timestep : 578093, score : -4618.897506008769, Time : 20.13 s
Timestep : 586852, score : -4518.608533286868, Time : 19.949 s
Timestep : 595611, score : -4567.227292867799, Time : 20.095 s
Timestep : 604370, score : -4472.028918363532, Time : 19.952 s
Timestep : 613129, score : -4580.225447276054, Time : 20.296 s
Timestep : 621888, score : -4470.66694311281, Time : 20.058 s
Timestep : 630647, score : -4592.3103040516435, Time : 20.138 s
Timestep : 639406, score : -4549.999095705716, Time : 20.028 s
Timestep : 648165, score : -4454.569030136248, Time : 20.002 s
Timestep : 656924, score : -4667.486010507593, Time : 20.199 s
Timestep : 665683, score : -4641.855312685395, Time : 20.15 s
Timestep : 674442, score : -4472.471599304496, Time : 20.209 s
Timestep : 683201, score : -4492.2190702468215, Time : 20.129 s
Timestep : 691960, score : -4589.0951433902665, Time : 19.942 s
Timestep : 700719, score : -4604.511132827058, Time : 20.161 s
Timestep : 709478, score : -4495.680497299327, Time : 20.125 s
Timestep : 718237, score : -4486.985249165824, Time : 20.123 s
Timestep : 726996, score : -4633.06689043474, Time : 20.204 s
Timestep : 735755, score : -4606.525500608055, Time : 20.24 s
Timestep : 744514, score : -4453.873291522643, Time : 19.999 s
Timestep : 753273, score : -4503.478429061739, Time : 20.022 s
Timestep : 762032, score : -4441.271473598783, Time : 19.921 s
Timestep : 770791, score : -4433.435673779371, Time : 20.164 s
Timestep : 779550, score : -4445.5079682454525, Time : 19.875 s
Timestep : 788309, score : -4460.652200545563, Time : 20.149 s
Timestep : 797068, score : -4491.54764490333, Time : 20.075 s
Timestep : 805827, score : -4399.192385381466, Time : 20.089 s
Timestep : 814586, score : -4513.168528191192, Time : 20.229 s
Timestep : 823345, score : -4646.162291503424, Time : 20.133 s
Timestep : 832104, score : -4432.295061388431, Time : 20.116 s
Timestep : 840863, score : -4509.56721339692, Time : 19.972 s
Timestep : 849622, score : -4704.586750568269, Time : 19.919 s
Timestep : 858381, score : -4524.4680192995875, Time : 20.068 s
Timestep : 867140, score : -4514.846573576244, Time : 20.035 s
Timestep : 875899, score : -4527.391603786571, Time : 20.089 s
Starting local evaluation
Num Steps: 1000, Num episodes: 0
Num Steps: 2000, Num episodes: 0
Num Steps: 3000, Num episodes: 0
Num Steps: 4000, Num episodes: 0
Num Steps: 5000, Num episodes: 0
Num Steps: 6000, Num episodes: 0
Num Steps: 7000, Num episodes: 0
Num Steps: 8000, Num episodes: 0
Episode complete: 1 | Latest episode metrics: {'price_cost': 1.0175753159807865, 'emmision_cost': 1.0202179130729983}
[-0.2532438] -0.2532437961869069
Average Price Cost: 1.0175753159807865
Average Emmision Cost: 1.0202179130729983
Average of both costs: 1.0188966145268923
Total time taken by agent: 2.311089741997421s
DONE!
