{'agent': 'DQN', 'action_selection': 'egreedy', 'seed': 1, 'episodes': 100, 'data_path': 'data/citylearn_challenge_2022_phase_1', 'dry_run': False, 'n_discrete': 9, 'update_target': 32, 'lr': 1e-05, 'batch_size': 64, 'adam_epsilon': 0.001, 'epsilon_final': 0.04, 'run_id': 216}
{'Notes': 'This is a tuning run, executed on a single building.',
 'action_selection': 'egreedy',
 'adam_epsilon': 0.001,
 'env': '<NormalizeObservation<OneHotHour<DiscreteSingle<CityLearnEnv '
        'instance>>>>',
 'final_exploration_rate': 0.02,
 'final_exploration_step': 1000,
 'gamma': 0.99,
 'initial_exploration_rate': 1,
 'learning_rate': 1e-05,
 'loss': 'mse',
 'minibatch_size': 64,
 'network': 'MLP(\n'
            '  (layers): Sequential(\n'
            '    (0): Linear(in_features=29, out_features=128, bias=True)\n'
            '    (1): ReLU()\n'
            '    (2): Linear(in_features=128, out_features=128, bias=True)\n'
            '    (3): ReLU()\n'
            '    (4): Linear(in_features=128, out_features=9, bias=True)\n'
            '  )\n'
            ')',
 'replay_buffer_size': 10000,
 'replay_start_size': 64,
 'seed': 1,
 'train_steps': 876000,
 'update_frequency': 1,
 'update_target_frequency': 32,
 'weight_scale': 1.4142135623730951}
Timestep : 8758, score : -5954.748195554508, Time : 26.903 s
Timestep : 17517, score : -4674.8952602556965, Time : 27.399 s
Timestep : 26276, score : -4471.197717987379, Time : 26.917 s
Timestep : 35035, score : -3182.572797463683, Time : 26.944 s
Timestep : 43794, score : -2256.936364419671, Time : 26.956 s
Timestep : 52553, score : -1868.4411037924292, Time : 26.912 s
Timestep : 61312, score : -1638.1763756947767, Time : 26.928 s
Timestep : 70071, score : -1675.5450013469963, Time : 26.978 s
Timestep : 78830, score : -2052.0561447821383, Time : 27.042 s
Timestep : 87589, score : -2426.770597856099, Time : 27.183 s
Timestep : 96348, score : -2950.2166114307765, Time : 27.152 s
Timestep : 105107, score : -3004.8279336021806, Time : 26.944 s
Timestep : 113866, score : -3543.789541757207, Time : 27.489 s
Timestep : 122625, score : -3874.9584618784866, Time : 27.178 s
Timestep : 131384, score : -4187.135842271688, Time : 27.422 s
Timestep : 140143, score : -4096.451166800485, Time : 27.394 s
Timestep : 148902, score : -4046.58166274034, Time : 27.403 s
Timestep : 157661, score : -3983.135923891168, Time : 27.401 s
Timestep : 166420, score : -4046.523436661417, Time : 27.409 s
Timestep : 175179, score : -4048.31206640217, Time : 27.409 s
Timestep : 183938, score : -4089.7653570045077, Time : 27.388 s
Timestep : 192697, score : -3969.09357107729, Time : 27.435 s
Timestep : 201456, score : -4034.739696106437, Time : 27.486 s
Timestep : 210215, score : -3838.0783450870804, Time : 27.408 s
Timestep : 218974, score : -3895.234715975428, Time : 27.529 s
Timestep : 227733, score : -3939.1300418689643, Time : 27.023 s
Timestep : 236492, score : -3897.4789612219465, Time : 27.026 s
Timestep : 245251, score : -3978.9615303925966, Time : 27.248 s
Timestep : 254010, score : -3929.7245959095453, Time : 27.275 s
Timestep : 262769, score : -3990.3717752514203, Time : 27.265 s
Timestep : 271528, score : -4013.7306917121896, Time : 27.36 s
Timestep : 280287, score : -3840.1694020928408, Time : 27.795 s
Timestep : 289046, score : -3737.1296430486545, Time : 27.36 s
Timestep : 297805, score : -3830.8257872235554, Time : 27.231 s
Timestep : 306564, score : -3711.651678141585, Time : 27.422 s
Timestep : 315323, score : -4047.1999144429865, Time : 27.415 s
Timestep : 324082, score : -3606.4786660912505, Time : 27.512 s
Timestep : 332841, score : -3850.997853005334, Time : 27.453 s
Timestep : 341600, score : -3720.876297161478, Time : 27.761 s
Timestep : 350359, score : -3854.15593086803, Time : 27.755 s
Timestep : 359118, score : -3932.566628929024, Time : 27.721 s
Timestep : 367877, score : -3607.872591958876, Time : 27.29 s
Timestep : 376636, score : -3582.1612344129535, Time : 27.207 s
Timestep : 385395, score : -3444.719177930645, Time : 27.307 s
Timestep : 394154, score : -3425.843209513143, Time : 27.774 s
Timestep : 402913, score : -3253.631269568894, Time : 27.296 s
Timestep : 411672, score : -3127.155165260221, Time : 27.633 s
Timestep : 420431, score : -3236.781353262537, Time : 27.328 s
Timestep : 429190, score : -3004.244445689219, Time : 26.928 s
Timestep : 437949, score : -3082.479287771732, Time : 26.929 s
Timestep : 446708, score : -3248.511393812296, Time : 26.985 s
Timestep : 455467, score : -3138.572198239519, Time : 27.306 s
Timestep : 464226, score : -3373.1858888144197, Time : 26.918 s
Timestep : 472985, score : -3163.7780838334147, Time : 26.947 s
Timestep : 481744, score : -3160.0904803132435, Time : 23.103 s
Timestep : 490503, score : -3213.1631631450473, Time : 21.938 s
Timestep : 499262, score : -2988.785119747401, Time : 22.122 s
Timestep : 508021, score : -3124.6290508601523, Time : 23.939 s
Timestep : 516780, score : -3169.647774467703, Time : 29.96 s
Timestep : 525539, score : -3150.4326962298655, Time : 31.654 s
Timestep : 534298, score : -3049.0764778180164, Time : 31.855 s
Timestep : 543057, score : -2972.831451581442, Time : 31.775 s
Timestep : 551816, score : -3418.3175945760304, Time : 31.766 s
Timestep : 560575, score : -3350.031152023672, Time : 31.764 s
Timestep : 569334, score : -2970.5462256530845, Time : 31.755 s
Timestep : 578093, score : -3220.9264039177215, Time : 32.146 s
Timestep : 586852, score : -3181.030406453754, Time : 32.436 s
Timestep : 595611, score : -3147.771515730419, Time : 32.387 s
Timestep : 604370, score : -3310.640325928689, Time : 32.319 s
Timestep : 613129, score : -3375.2455519866344, Time : 32.612 s
Timestep : 621888, score : -3060.05594155821, Time : 32.521 s
Timestep : 630647, score : -3179.394272268837, Time : 32.451 s
Timestep : 639406, score : -3235.6783204649983, Time : 32.605 s
Timestep : 648165, score : -3290.862013161386, Time : 32.623 s
Timestep : 656924, score : -3222.0544951794327, Time : 32.527 s
Timestep : 665683, score : -3291.6604610340582, Time : 32.453 s
Timestep : 674442, score : -3154.406966712154, Time : 32.376 s
Timestep : 683201, score : -3272.0963735941477, Time : 32.168 s
Timestep : 691960, score : -3154.641522692764, Time : 31.924 s
Timestep : 700719, score : -3309.5859037843984, Time : 31.71 s
Timestep : 709478, score : -3169.730581927768, Time : 32.133 s
Timestep : 718237, score : -3297.2639775580537, Time : 32.468 s
Timestep : 726996, score : -3145.8858597231592, Time : 32.476 s
Timestep : 735755, score : -3482.428562393179, Time : 31.727 s
Timestep : 744514, score : -3377.1854603914835, Time : 31.62 s
Timestep : 753273, score : -3309.3322684942978, Time : 31.559 s
Timestep : 762032, score : -3338.742987196674, Time : 31.608 s
Timestep : 770791, score : -3477.5652763328253, Time : 31.764 s
Timestep : 779550, score : -3569.3527913470352, Time : 31.77 s
Timestep : 788309, score : -3522.4783818811557, Time : 31.76 s
Timestep : 797068, score : -3503.84916198218, Time : 32.332 s
Timestep : 805827, score : -3370.563195248341, Time : 31.999 s
Timestep : 814586, score : -3764.514545078171, Time : 31.642 s
Timestep : 823345, score : -3431.0727684449885, Time : 31.442 s
Timestep : 832104, score : -3665.382373434695, Time : 31.618 s
Timestep : 840863, score : -3779.080995699813, Time : 31.578 s
Timestep : 849622, score : -3748.991485423423, Time : 31.577 s
Timestep : 858381, score : -3692.6447750150546, Time : 31.756 s
Timestep : 867140, score : -3901.6348526899965, Time : 31.77 s
Timestep : 875899, score : -3831.8694427394184, Time : 31.829 s
Starting local evaluation
Num Steps: 1000, Num episodes: 0
Num Steps: 2000, Num episodes: 0
Num Steps: 3000, Num episodes: 0
Num Steps: 4000, Num episodes: 0
Num Steps: 5000, Num episodes: 0
Num Steps: 6000, Num episodes: 0
Num Steps: 7000, Num episodes: 0
Num Steps: 8000, Num episodes: 0
Episode complete: 1 | Latest episode metrics: {'price_cost': 0.9194397674172846, 'emmision_cost': 1.037242605560873}
[-0.20038119] -0.20038118891877676
Average Price Cost: 0.9194397674172846
Average Emmision Cost: 1.037242605560873
Average of both costs: 0.9783411864890788
Total time taken by agent: 4.085176958222291s
DONE!
