{'agent': 'DQN', 'action_selection': 'softmax', 'seed': 1, 'episodes': 100, 'data_path': 'data/citylearn_challenge_2022_phase_1', 'dry_run': False, 'n_discrete': 9, 'update_target': 4, 'lr': 0.007, 'batch_size': 64, 'adam_epsilon': 1e-07, 'epsilon_final': 0.02, 'run_id': 150}
{'Notes': 'This is a tuning run, executed on a single building.',
 'action_selection': 'softmax',
 'adam_epsilon': 1e-07,
 'env': '<NormalizeObservation<OneHotHour<DiscreteSingle<CityLearnEnv '
        'instance>>>>',
 'final_exploration_rate': 0.02,
 'final_exploration_step': 1000,
 'gamma': 0.99,
 'initial_exploration_rate': 1,
 'learning_rate': 0.007,
 'loss': 'mse',
 'minibatch_size': 64,
 'network': 'MLP(\n'
            '  (layers): Sequential(\n'
            '    (0): Linear(in_features=29, out_features=128, bias=True)\n'
            '    (1): ReLU()\n'
            '    (2): Linear(in_features=128, out_features=128, bias=True)\n'
            '    (3): ReLU()\n'
            '    (4): Linear(in_features=128, out_features=9, bias=True)\n'
            '  )\n'
            ')',
 'replay_buffer_size': 10000,
 'replay_start_size': 64,
 'seed': 1,
 'train_steps': 876000,
 'update_frequency': 1,
 'update_target_frequency': 4,
 'weight_scale': 1.4142135623730951}
Timestep : 8758, score : -8424.985906135553, Time : 24.775 s
Timestep : 17517, score : -12303.488332029083, Time : 24.764 s
Timestep : 26276, score : -6392.592673711275, Time : 24.717 s
Timestep : 35035, score : -10235.445610073933, Time : 24.214 s
Timestep : 43794, score : -8509.012518061936, Time : 24.716 s
Timestep : 52553, score : -8671.587277507788, Time : 24.791 s
Timestep : 61312, score : -5097.130662498908, Time : 24.985 s
Timestep : 70071, score : -9786.710652972833, Time : 24.337 s
Timestep : 78830, score : -4666.949114076939, Time : 24.072 s
Timestep : 87589, score : -4361.748092622409, Time : 24.409 s
Timestep : 96348, score : -4335.31185843554, Time : 24.739 s
Timestep : 105107, score : -4149.380795001431, Time : 24.783 s
Timestep : 113866, score : -4122.840678029141, Time : 24.309 s
Timestep : 122625, score : -4185.728371078876, Time : 24.608 s
Timestep : 131384, score : -4139.614734036295, Time : 24.608 s
Timestep : 140143, score : -4225.382906708313, Time : 24.613 s
Timestep : 148902, score : -4125.086536893068, Time : 24.536 s
Timestep : 157661, score : -4125.278517333238, Time : 24.537 s
Timestep : 166420, score : -4116.861262447579, Time : 24.507 s
Timestep : 175179, score : -4233.419415120108, Time : 24.522 s
Timestep : 183938, score : -4104.371905980079, Time : 24.521 s
Timestep : 192697, score : -4138.769417648582, Time : 24.544 s
Timestep : 201456, score : -4167.502271670295, Time : 24.729 s
Timestep : 210215, score : -4117.387528327672, Time : 24.616 s
Timestep : 218974, score : -4111.870751661627, Time : 24.637 s
Timestep : 227733, score : -4134.243390065996, Time : 24.907 s
Timestep : 236492, score : -4164.41457289402, Time : 24.952 s
Timestep : 245251, score : -4179.283977826213, Time : 24.638 s
Timestep : 254010, score : -4106.098883354483, Time : 24.568 s
Timestep : 262769, score : -4052.988034715323, Time : 24.636 s
Timestep : 271528, score : -4050.3005292316957, Time : 24.633 s
Timestep : 280287, score : -4052.0233568599506, Time : 24.621 s
Timestep : 289046, score : -4107.232241485646, Time : 24.593 s
Timestep : 297805, score : -4209.821874458838, Time : 24.606 s
Timestep : 306564, score : -4085.236034741072, Time : 24.602 s
Timestep : 315323, score : -4040.5637673487945, Time : 24.609 s
Timestep : 324082, score : -4201.408113697922, Time : 24.606 s
Timestep : 332841, score : -4226.352253969206, Time : 24.602 s
Timestep : 341600, score : -4213.6334544507845, Time : 24.641 s
Timestep : 350359, score : -4152.3588370433135, Time : 24.648 s
Timestep : 359118, score : -4119.885050670622, Time : 24.787 s
Timestep : 367877, score : -4202.27869277024, Time : 24.944 s
Timestep : 376636, score : -4106.4656673720165, Time : 24.773 s
Timestep : 385395, score : -4092.5964768914564, Time : 24.748 s
Timestep : 394154, score : -4092.7433750102355, Time : 24.627 s
Timestep : 402913, score : -4115.10998689328, Time : 24.642 s
Timestep : 411672, score : -4082.6659021725936, Time : 24.527 s
Timestep : 420431, score : -4122.833846849768, Time : 24.304 s
Timestep : 429190, score : -4161.776753752754, Time : 24.372 s
Timestep : 437949, score : -4069.4437955528556, Time : 24.514 s
Timestep : 446708, score : -4153.8687602442515, Time : 24.412 s
Timestep : 455467, score : -4147.771833347069, Time : 24.455 s
Timestep : 464226, score : -4124.901332241861, Time : 24.037 s
Timestep : 472985, score : -4105.2235189987405, Time : 24.428 s
Timestep : 481744, score : -4080.212157247035, Time : 24.134 s
Timestep : 490503, score : -4167.547732082574, Time : 24.004 s
Timestep : 499262, score : -4141.960098664655, Time : 24.192 s
Timestep : 508021, score : -4066.644793440966, Time : 24.649 s
Timestep : 516780, score : -4104.913841522677, Time : 24.613 s
Timestep : 525539, score : -4073.5352997145674, Time : 24.56 s
Timestep : 534298, score : -4180.950820538594, Time : 24.576 s
Timestep : 543057, score : -4139.947549841745, Time : 24.563 s
Timestep : 551816, score : -4102.2525995452015, Time : 24.555 s
Timestep : 560575, score : -4200.742311057082, Time : 24.596 s
Timestep : 569334, score : -4190.141308294056, Time : 24.378 s
Timestep : 578093, score : -4167.605154828547, Time : 24.54 s
Timestep : 586852, score : -4099.45218225327, Time : 24.517 s
Timestep : 595611, score : -4091.945368466346, Time : 24.569 s
Timestep : 604370, score : -4161.883848344471, Time : 24.429 s
Timestep : 613129, score : -4131.079061546741, Time : 24.563 s
Timestep : 621888, score : -4110.290623094334, Time : 24.64 s
Timestep : 630647, score : -4122.016112521669, Time : 24.918 s
Timestep : 639406, score : -4100.02096625921, Time : 24.619 s
Timestep : 648165, score : -4127.121273392258, Time : 24.654 s
Timestep : 656924, score : -4064.106506525917, Time : 24.193 s
Timestep : 665683, score : -4172.021271021484, Time : 24.222 s
Timestep : 674442, score : -4147.597514365014, Time : 24.498 s
Timestep : 683201, score : -4096.978142110078, Time : 24.607 s
Timestep : 691960, score : -4035.9504263004346, Time : 24.581 s
Timestep : 700719, score : -4046.566216742067, Time : 24.625 s
Timestep : 709478, score : -4109.952042417048, Time : 24.375 s
Timestep : 718237, score : -4071.765720581083, Time : 24.617 s
Timestep : 726996, score : -4069.0059686726017, Time : 24.631 s
Timestep : 735755, score : -4108.293363366189, Time : 24.614 s
Timestep : 744514, score : -4074.2743599316163, Time : 24.57 s
Timestep : 753273, score : -4126.427320101677, Time : 24.563 s
Timestep : 762032, score : -4057.18049499896, Time : 24.669 s
Timestep : 770791, score : -4139.662957408378, Time : 24.955 s
Timestep : 779550, score : -4148.776735118969, Time : 24.738 s
Timestep : 788309, score : -4203.231027082918, Time : 24.618 s
Timestep : 797068, score : -4141.545147863595, Time : 24.658 s
Timestep : 805827, score : -4152.968352244614, Time : 24.662 s
Timestep : 814586, score : -4117.3711747614725, Time : 24.498 s
Timestep : 823345, score : -4072.067677784158, Time : 24.621 s
Timestep : 832104, score : -4110.810324722348, Time : 24.64 s
Timestep : 840863, score : -4123.5565686201735, Time : 24.692 s
Timestep : 849622, score : -4164.0528747117205, Time : 24.669 s
Timestep : 858381, score : -4180.679464252113, Time : 24.638 s
Timestep : 867140, score : -4257.986532404466, Time : 24.534 s
Timestep : 875899, score : -4122.189559826074, Time : 24.66 s
Starting local evaluation
Num Steps: 1000, Num episodes: 0
Num Steps: 2000, Num episodes: 0
Num Steps: 3000, Num episodes: 0
Num Steps: 4000, Num episodes: 0
Num Steps: 5000, Num episodes: 0
Num Steps: 6000, Num episodes: 0
Num Steps: 7000, Num episodes: 0
Num Steps: 8000, Num episodes: 0
Episode complete: 1 | Latest episode metrics: {'price_cost': 1.0017478025403341, 'emmision_cost': 1.0020079704437208}
[-0.2323651] -0.2323651001871067
Average Price Cost: 1.0017478025403341
Average Emmision Cost: 1.0020079704437208
Average of both costs: 1.0018778864920275
Total time taken by agent: 3.9310409361496568s
DONE!
