{'agent': 'DQN', 'action_selection': 'softmax', 'seed': 1, 'episodes': 100, 'data_path': 'data/citylearn_challenge_2022_phase_1', 'dry_run': False, 'n_discrete': 9, 'update_target': 16, 'lr': 0.0007, 'batch_size': 1, 'adam_epsilon': 0.0001, 'epsilon_final': 0.02, 'run_id': 38}
{'Notes': 'This is a tuning run, executed on a single building.',
 'action_selection': 'softmax',
 'adam_epsilon': 0.0001,
 'env': '<NormalizeObservation<OneHotHour<DiscreteSingle<CityLearnEnv '
        'instance>>>>',
 'final_exploration_rate': 0.02,
 'final_exploration_step': 1000,
 'gamma': 0.99,
 'initial_exploration_rate': 1,
 'learning_rate': 0.0007,
 'loss': 'mse',
 'minibatch_size': 1,
 'network': 'MLP(\n'
            '  (layers): Sequential(\n'
            '    (0): Linear(in_features=29, out_features=128, bias=True)\n'
            '    (1): ReLU()\n'
            '    (2): Linear(in_features=128, out_features=128, bias=True)\n'
            '    (3): ReLU()\n'
            '    (4): Linear(in_features=128, out_features=9, bias=True)\n'
            '  )\n'
            ')',
 'replay_buffer_size': 10000,
 'replay_start_size': 1,
 'seed': 1,
 'train_steps': 876000,
 'update_frequency': 1,
 'update_target_frequency': 16,
 'weight_scale': 1.4142135623730951}
Timestep : 8758, score : -4273.019340808882, Time : 20.293 s
Timestep : 17517, score : -5967.490856743374, Time : 20.961 s
Timestep : 26276, score : -6806.623307700647, Time : 20.794 s
Timestep : 35035, score : -7538.328842001996, Time : 20.913 s
Timestep : 43794, score : -7141.364882258145, Time : 21.244 s
Timestep : 52553, score : -7178.722463662751, Time : 21.167 s
Timestep : 61312, score : -6428.646981051264, Time : 21.057 s
Timestep : 70071, score : -6448.55295843615, Time : 20.922 s
Timestep : 78830, score : -6345.513515502811, Time : 20.89 s
Timestep : 87589, score : -5921.17843104669, Time : 21.373 s
Timestep : 96348, score : -5794.965154266247, Time : 22.0 s
Timestep : 105107, score : -5622.749180231316, Time : 21.203 s
Timestep : 113866, score : -5745.045125505843, Time : 20.956 s
Timestep : 122625, score : -6462.706252371921, Time : 20.95 s
Timestep : 131384, score : -6127.031075911858, Time : 20.947 s
Timestep : 140143, score : -6700.473918343807, Time : 21.071 s
Timestep : 148902, score : -6700.996636036463, Time : 21.359 s
Timestep : 157661, score : -5679.966615073055, Time : 21.285 s
Timestep : 166420, score : -6499.464154727248, Time : 21.067 s
Timestep : 175179, score : -5623.092865557439, Time : 21.038 s
Timestep : 183938, score : -5758.101110413743, Time : 21.147 s
Timestep : 192697, score : -5695.315638041313, Time : 21.032 s
Timestep : 201456, score : -5727.924777818873, Time : 21.311 s
Timestep : 210215, score : -6163.588877013259, Time : 21.471 s
Timestep : 218974, score : -5755.731891450501, Time : 21.097 s
Timestep : 227733, score : -5809.004208755563, Time : 21.008 s
Timestep : 236492, score : -5009.602881571467, Time : 21.066 s
Timestep : 245251, score : -5349.815089997981, Time : 20.988 s
Timestep : 254010, score : -5669.03149741274, Time : 21.373 s
Timestep : 262769, score : -5731.317451846324, Time : 21.391 s
Timestep : 271528, score : -4939.368938962376, Time : 20.986 s
Timestep : 280287, score : -5645.478737104015, Time : 20.619 s
Timestep : 289046, score : -4859.306155403057, Time : 20.618 s
Timestep : 297805, score : -6858.0814670411855, Time : 20.863 s
Timestep : 306564, score : -5819.476468373163, Time : 21.273 s
Timestep : 315323, score : -6166.745777868156, Time : 21.103 s
Timestep : 324082, score : -5447.329918352683, Time : 20.647 s
Timestep : 332841, score : -5615.643374468695, Time : 20.53 s
Timestep : 341600, score : -5708.613122588635, Time : 20.664 s
Timestep : 350359, score : -5096.681941061659, Time : 20.839 s
Timestep : 359118, score : -4579.950447669093, Time : 21.172 s
Timestep : 367877, score : -5228.476942715963, Time : 21.03 s
Timestep : 376636, score : -5006.838286484039, Time : 20.59 s
Timestep : 385395, score : -4537.478817331983, Time : 20.743 s
Timestep : 394154, score : -4576.861355403351, Time : 20.629 s
Timestep : 402913, score : -4511.6546639972, Time : 20.828 s
Timestep : 411672, score : -4810.919088411989, Time : 21.167 s
Timestep : 420431, score : -5144.394554612489, Time : 20.89 s
Timestep : 429190, score : -5347.517920230894, Time : 20.536 s
Timestep : 437949, score : -5384.327194570127, Time : 20.649 s
Timestep : 446708, score : -5307.1403638728225, Time : 20.397 s
Timestep : 455467, score : -5091.325246242181, Time : 21.031 s
Timestep : 464226, score : -4930.370158505073, Time : 20.769 s
Timestep : 472985, score : -4798.004652131378, Time : 20.247 s
Timestep : 481744, score : -5301.896914555091, Time : 20.175 s
Timestep : 490503, score : -5376.761764537285, Time : 20.087 s
Timestep : 499262, score : -5224.437775751256, Time : 20.411 s
Timestep : 508021, score : -5044.534878987033, Time : 20.574 s
Timestep : 516780, score : -4883.074882878485, Time : 21.047 s
Timestep : 525539, score : -5972.432057215861, Time : 20.802 s
Timestep : 534298, score : -5198.781441901141, Time : 20.599 s
Timestep : 543057, score : -5180.045998652262, Time : 20.63 s
Timestep : 551816, score : -5277.223835020588, Time : 20.531 s
Timestep : 560575, score : -5524.057880936452, Time : 20.972 s
Timestep : 569334, score : -5451.2500636106415, Time : 21.148 s
Timestep : 578093, score : -5274.310801663698, Time : 20.871 s
Timestep : 586852, score : -5229.4894543462, Time : 20.673 s
Timestep : 595611, score : -5160.580244525714, Time : 20.599 s
Timestep : 604370, score : -4808.539798805519, Time : 20.585 s
Timestep : 613129, score : -5371.306923369673, Time : 21.07 s
Timestep : 621888, score : -5710.661377767756, Time : 22.086 s
Timestep : 630647, score : -4791.801461387804, Time : 21.839 s
Timestep : 639406, score : -5553.561782183082, Time : 21.731 s
Timestep : 648165, score : -5724.949491079809, Time : 21.562 s
Timestep : 656924, score : -5742.874394992046, Time : 21.436 s
Timestep : 665683, score : -9569.574533361665, Time : 21.969 s
Timestep : 674442, score : -8736.171729788723, Time : 21.979 s
Timestep : 683201, score : -4015.7159085879393, Time : 21.134 s
Timestep : 691960, score : -4375.823946142482, Time : 20.892 s
Timestep : 700719, score : -4438.227367816056, Time : 21.379 s
Timestep : 709478, score : -4256.635645160248, Time : 21.786 s
Timestep : 718237, score : -4432.1425843097095, Time : 22.024 s
Timestep : 726996, score : -4734.086057105946, Time : 21.466 s
Timestep : 735755, score : -4617.699228836602, Time : 21.573 s
Timestep : 744514, score : -4411.5234834238945, Time : 21.674 s
Timestep : 753273, score : -4264.350308410081, Time : 21.59 s
Timestep : 762032, score : -4357.57449361289, Time : 21.278 s
Timestep : 770791, score : -4313.62094167227, Time : 22.039 s
Timestep : 779550, score : -4723.698166765113, Time : 22.013 s
Timestep : 788309, score : -4736.816180404654, Time : 21.63 s
Timestep : 797068, score : -4844.798097214109, Time : 21.565 s
Timestep : 805827, score : -5024.172336579679, Time : 21.586 s
Timestep : 814586, score : -4722.507416450724, Time : 21.986 s
Timestep : 823345, score : -4839.463092311664, Time : 22.033 s
Timestep : 832104, score : -4358.914412175334, Time : 21.16 s
Timestep : 840863, score : -4725.827922160766, Time : 21.449 s
Timestep : 849622, score : -4955.977313874202, Time : 21.698 s
Timestep : 858381, score : -5340.891426128917, Time : 21.601 s
Timestep : 867140, score : -5506.277777613519, Time : 21.929 s
Timestep : 875899, score : -5082.632614799804, Time : 21.707 s
Starting local evaluation
Num Steps: 1000, Num episodes: 0
Num Steps: 2000, Num episodes: 0
Num Steps: 3000, Num episodes: 0
Num Steps: 4000, Num episodes: 0
Num Steps: 5000, Num episodes: 0
Num Steps: 6000, Num episodes: 0
Num Steps: 7000, Num episodes: 0
Num Steps: 8000, Num episodes: 0
Episode complete: 1 | Latest episode metrics: {'price_cost': 0.9136437414208486, 'emmision_cost': 1.045125996386699}
[-0.2013134] -0.20131339937223586
Average Price Cost: 0.9136437414208486
Average Emmision Cost: 1.045125996386699
Average of both costs: 0.9793848689037739
Total time taken by agent: 3.5535451038740575s
DONE!
