{'agent': 'DQN', 'action_selection': 'softmax', 'seed': 1, 'episodes': 100, 'data_path': 'data/citylearn_challenge_2022_phase_1', 'dry_run': False, 'n_discrete': 9, 'update_target': 8, 'lr': 0.1, 'batch_size': 2, 'adam_epsilon': 0.001, 'epsilon_final': 0.02, 'run_id': 48}
{'Notes': 'This is a tuning run, executed on a single building.',
 'action_selection': 'softmax',
 'adam_epsilon': 0.001,
 'env': '<NormalizeObservation<OneHotHour<DiscreteSingle<CityLearnEnv '
        'instance>>>>',
 'final_exploration_rate': 0.02,
 'final_exploration_step': 1000,
 'gamma': 0.99,
 'initial_exploration_rate': 1,
 'learning_rate': 0.1,
 'loss': 'mse',
 'minibatch_size': 2,
 'network': 'MLP(\n'
            '  (layers): Sequential(\n'
            '    (0): Linear(in_features=29, out_features=128, bias=True)\n'
            '    (1): ReLU()\n'
            '    (2): Linear(in_features=128, out_features=128, bias=True)\n'
            '    (3): ReLU()\n'
            '    (4): Linear(in_features=128, out_features=9, bias=True)\n'
            '  )\n'
            ')',
 'replay_buffer_size': 10000,
 'replay_start_size': 2,
 'seed': 1,
 'train_steps': 876000,
 'update_frequency': 1,
 'update_target_frequency': 8,
 'weight_scale': 1.4142135623730951}
Timestep : 8758, score : -5633.298860692259, Time : 22.808 s
Timestep : 17517, score : -5863.421309367084, Time : 22.642 s
Timestep : 26276, score : -6139.739445023079, Time : 23.119 s
Timestep : 35035, score : -5902.482338580216, Time : 22.526 s
Timestep : 43794, score : -5713.879197488917, Time : 22.907 s
Timestep : 52553, score : -6552.9599481396435, Time : 23.016 s
Timestep : 61312, score : -5806.732271913352, Time : 23.183 s
Timestep : 70071, score : -5767.868642478206, Time : 22.469 s
Timestep : 78830, score : -7119.0735132021655, Time : 23.067 s
Timestep : 87589, score : -5571.115349656509, Time : 22.798 s
Timestep : 96348, score : -5916.104079527853, Time : 23.188 s
Timestep : 105107, score : -11005.099630359982, Time : 22.929 s
Timestep : 113866, score : -7474.353365974879, Time : 22.694 s
Timestep : 122625, score : -5111.750994094909, Time : 22.5 s
Timestep : 131384, score : -4063.32005848494, Time : 22.912 s
Timestep : 140143, score : -4076.886229492171, Time : 22.169 s
Timestep : 148902, score : -4089.677433495788, Time : 22.373 s
Timestep : 157661, score : -4030.212545355229, Time : 22.811 s
Timestep : 166420, score : -4030.212545355229, Time : 22.967 s
Timestep : 175179, score : -4030.212545355229, Time : 22.804 s
Timestep : 183938, score : -4030.212545355229, Time : 22.98 s
Timestep : 192697, score : -4030.212545355229, Time : 23.094 s
Timestep : 201456, score : -4253.900304572104, Time : 22.726 s
Timestep : 210215, score : -4030.212545355229, Time : 22.176 s
Timestep : 218974, score : -4030.212545355229, Time : 22.356 s
Timestep : 227733, score : -4030.212545355229, Time : 22.435 s
Timestep : 236492, score : -4173.471751158504, Time : 22.391 s
Timestep : 245251, score : -4087.9956191344245, Time : 22.164 s
Timestep : 254010, score : -4035.0989892086072, Time : 22.445 s
Timestep : 262769, score : -4030.212545355229, Time : 22.439 s
Timestep : 271528, score : -4030.212545355229, Time : 22.402 s
Timestep : 280287, score : -4030.212545355229, Time : 22.176 s
Timestep : 289046, score : -4030.212545355229, Time : 22.447 s
Timestep : 297805, score : -4030.212545355229, Time : 22.51 s
Timestep : 306564, score : -4030.212545355229, Time : 22.386 s
Timestep : 315323, score : -4030.212545355229, Time : 22.147 s
Timestep : 324082, score : -4030.212545355229, Time : 22.449 s
Timestep : 332841, score : -4030.212545355229, Time : 22.418 s
Timestep : 341600, score : -4030.212545355229, Time : 22.396 s
Timestep : 350359, score : -4030.212545355229, Time : 22.425 s
Timestep : 359118, score : -4030.212545355229, Time : 22.906 s
Timestep : 367877, score : -4030.212545355229, Time : 22.792 s
Timestep : 376636, score : -4030.212545355229, Time : 22.648 s
Timestep : 385395, score : -4030.212545355229, Time : 22.672 s
Timestep : 394154, score : -4030.212545355229, Time : 22.447 s
Timestep : 402913, score : -4030.212545355229, Time : 22.421 s
Timestep : 411672, score : -4030.212545355229, Time : 22.377 s
Timestep : 420431, score : -4030.212545355229, Time : 22.152 s
Timestep : 429190, score : -4030.212545355229, Time : 22.314 s
Timestep : 437949, score : -4030.212545355229, Time : 22.552 s
Timestep : 446708, score : -4030.212545355229, Time : 22.433 s
Timestep : 455467, score : -4030.212545355229, Time : 22.421 s
Timestep : 464226, score : -4030.212545355229, Time : 22.96 s
Timestep : 472985, score : -4030.212545355229, Time : 22.689 s
Timestep : 481744, score : -4030.212545355229, Time : 23.0 s
Timestep : 490503, score : -4030.212545355229, Time : 22.451 s
Timestep : 499262, score : -4030.212545355229, Time : 22.33 s
Timestep : 508021, score : -4030.212545355229, Time : 23.078 s
Timestep : 516780, score : -4030.212545355229, Time : 22.401 s
Timestep : 525539, score : -4030.212545355229, Time : 22.161 s
Timestep : 534298, score : -4030.212545355229, Time : 22.325 s
Timestep : 543057, score : -4030.212545355229, Time : 22.421 s
Timestep : 551816, score : -4030.212545355229, Time : 22.349 s
Timestep : 560575, score : -4030.212545355229, Time : 22.154 s
Timestep : 569334, score : -4030.212545355229, Time : 22.569 s
Timestep : 578093, score : -4030.212545355229, Time : 23.05 s
Timestep : 586852, score : -4030.212545355229, Time : 22.684 s
Timestep : 595611, score : -4030.212545355229, Time : 22.672 s
Timestep : 604370, score : -4030.212545355229, Time : 22.663 s
Timestep : 613129, score : -4030.212545355229, Time : 22.703 s
Timestep : 621888, score : -4030.212545355229, Time : 22.317 s
Timestep : 630647, score : -4030.212545355229, Time : 22.127 s
Timestep : 639406, score : -4030.212545355229, Time : 22.296 s
Timestep : 648165, score : -4030.212545355229, Time : 22.405 s
Timestep : 656924, score : -4030.212545355229, Time : 22.603 s
Timestep : 665683, score : -4030.212545355229, Time : 22.76 s
Timestep : 674442, score : -4030.212545355229, Time : 22.494 s
Timestep : 683201, score : -4030.212545355229, Time : 22.465 s
Timestep : 691960, score : -4030.212545355229, Time : 22.969 s
Timestep : 700719, score : -4030.212545355229, Time : 22.396 s
Timestep : 709478, score : -4030.212545355229, Time : 22.713 s
Timestep : 718237, score : -4030.212545355229, Time : 22.835 s
Timestep : 726996, score : -4030.212545355229, Time : 22.382 s
Timestep : 735755, score : -4030.212545355229, Time : 22.451 s
Timestep : 744514, score : -4030.212545355229, Time : 22.959 s
Timestep : 753273, score : -4030.212545355229, Time : 22.912 s
Timestep : 762032, score : -4030.212545355229, Time : 23.001 s
Timestep : 770791, score : -4030.212545355229, Time : 22.425 s
Timestep : 779550, score : -4030.212545355229, Time : 22.636 s
Timestep : 788309, score : -4030.212545355229, Time : 22.441 s
Timestep : 797068, score : -4030.212545355229, Time : 22.546 s
Timestep : 805827, score : -4030.212545355229, Time : 22.097 s
Timestep : 814586, score : -4030.212545355229, Time : 22.34 s
Timestep : 823345, score : -4030.212545355229, Time : 22.417 s
Timestep : 832104, score : -4030.212545355229, Time : 22.363 s
Timestep : 840863, score : -4030.212545355229, Time : 22.118 s
Timestep : 849622, score : -4030.212545355229, Time : 22.313 s
Timestep : 858381, score : -4030.212545355229, Time : 22.736 s
Timestep : 867140, score : -4030.212545355229, Time : 22.377 s
Timestep : 875899, score : -4030.212545355229, Time : 22.117 s
Starting local evaluation
Num Steps: 1000, Num episodes: 0
Num Steps: 2000, Num episodes: 0
Num Steps: 3000, Num episodes: 0
Num Steps: 4000, Num episodes: 0
Num Steps: 5000, Num episodes: 0
Num Steps: 6000, Num episodes: 0
Num Steps: 7000, Num episodes: 0
Num Steps: 8000, Num episodes: 0
Episode complete: 1 | Latest episode metrics: {'price_cost': 1.0, 'emmision_cost': 1.0}
[-0.23006123] -0.23006122589809516
Average Price Cost: 1.0
Average Emmision Cost: 1.0
Average of both costs: 1.0
Total time taken by agent: 3.948965067975223s
DONE!
