{'agent': 'DQN', 'action_selection': 'softmax', 'seed': 1, 'episodes': 100, 'data_path': 'data/citylearn_challenge_2022_phase_1', 'dry_run': False, 'n_discrete': 9, 'update_target': 32, 'lr': 7e-05, 'batch_size': 2, 'adam_epsilon': 0.001, 'epsilon_final': 0.02, 'run_id': 55}
{'Notes': 'This is a tuning run, executed on a single building.',
 'action_selection': 'softmax',
 'adam_epsilon': 0.001,
 'env': '<NormalizeObservation<OneHotHour<DiscreteSingle<CityLearnEnv '
        'instance>>>>',
 'final_exploration_rate': 0.02,
 'final_exploration_step': 1000,
 'gamma': 0.99,
 'initial_exploration_rate': 1,
 'learning_rate': 7e-05,
 'loss': 'mse',
 'minibatch_size': 2,
 'network': 'MLP(\n'
            '  (layers): Sequential(\n'
            '    (0): Linear(in_features=29, out_features=128, bias=True)\n'
            '    (1): ReLU()\n'
            '    (2): Linear(in_features=128, out_features=128, bias=True)\n'
            '    (3): ReLU()\n'
            '    (4): Linear(in_features=128, out_features=9, bias=True)\n'
            '  )\n'
            ')',
 'replay_buffer_size': 10000,
 'replay_start_size': 2,
 'seed': 1,
 'train_steps': 876000,
 'update_frequency': 1,
 'update_target_frequency': 32,
 'weight_scale': 1.4142135623730951}
Timestep : 8758, score : -6030.557036826649, Time : 22.003 s
Timestep : 17517, score : -4109.145544270432, Time : 22.184 s
Timestep : 26276, score : -4190.481501043221, Time : 22.548 s
Timestep : 35035, score : -4809.419427890243, Time : 22.656 s
Timestep : 43794, score : -4179.501635393855, Time : 22.393 s
Timestep : 52553, score : -4173.851382111112, Time : 22.332 s
Timestep : 61312, score : -4207.14938584101, Time : 22.325 s
Timestep : 70071, score : -4191.305855484126, Time : 22.296 s
Timestep : 78830, score : -4118.00537501779, Time : 22.129 s
Timestep : 87589, score : -4074.1767051233037, Time : 22.666 s
Timestep : 96348, score : -4088.9515702625795, Time : 22.309 s
Timestep : 105107, score : -4095.060809255956, Time : 21.689 s
Timestep : 113866, score : -4071.695492715953, Time : 22.109 s
Timestep : 122625, score : -4099.0087573411, Time : 22.378 s
Timestep : 131384, score : -4182.547316274053, Time : 22.348 s
Timestep : 140143, score : -4139.471202931862, Time : 22.353 s
Timestep : 148902, score : -4182.01372840759, Time : 22.59 s
Timestep : 157661, score : -4425.425630497659, Time : 22.669 s
Timestep : 166420, score : -4462.492479874316, Time : 22.481 s
Timestep : 175179, score : -4234.34470029865, Time : 22.356 s
Timestep : 183938, score : -4110.167004866249, Time : 22.385 s
Timestep : 192697, score : -4240.033031042112, Time : 22.365 s
Timestep : 201456, score : -4185.593833530045, Time : 22.202 s
Timestep : 210215, score : -4342.829242538384, Time : 22.078 s
Timestep : 218974, score : -4328.404036805296, Time : 22.696 s
Timestep : 227733, score : -4280.372712924684, Time : 22.571 s
Timestep : 236492, score : -4296.889214262745, Time : 22.315 s
Timestep : 245251, score : -4250.9893022956385, Time : 22.373 s
Timestep : 254010, score : -4241.9198218948, Time : 22.372 s
Timestep : 262769, score : -4410.871459820337, Time : 22.341 s
Timestep : 271528, score : -4318.6202428344695, Time : 22.522 s
Timestep : 280287, score : -4602.502367793029, Time : 22.694 s
Timestep : 289046, score : -4293.193733994296, Time : 22.507 s
Timestep : 297805, score : -4360.960491873819, Time : 22.368 s
Timestep : 306564, score : -4262.104734513356, Time : 22.366 s
Timestep : 315323, score : -4274.418209413445, Time : 22.418 s
Timestep : 324082, score : -4372.107027217193, Time : 22.38 s
Timestep : 332841, score : -4460.197635281744, Time : 22.659 s
Timestep : 341600, score : -4314.910672501108, Time : 22.729 s
Timestep : 350359, score : -4437.388073333568, Time : 22.422 s
Timestep : 359118, score : -4443.569250890432, Time : 22.35 s
Timestep : 367877, score : -4504.43125005535, Time : 22.37 s
Timestep : 376636, score : -4349.010587198107, Time : 22.423 s
Timestep : 385395, score : -3887.301696243492, Time : 22.501 s
Timestep : 394154, score : -3390.866681524698, Time : 22.772 s
Timestep : 402913, score : -3156.027140694816, Time : 22.709 s
Timestep : 411672, score : -3612.095838578447, Time : 22.465 s
Timestep : 420431, score : -3223.6217457880557, Time : 22.44 s
Timestep : 429190, score : -3157.2255039395823, Time : 22.468 s
Timestep : 437949, score : -3229.5055655617325, Time : 22.397 s
Timestep : 446708, score : -3201.958308576548, Time : 22.41 s
Timestep : 455467, score : -3802.659724356796, Time : 22.424 s
Timestep : 464226, score : -3514.610677541612, Time : 22.721 s
Timestep : 472985, score : -3061.286682648264, Time : 22.768 s
Timestep : 481744, score : -3247.6001260138873, Time : 22.519 s
Timestep : 490503, score : -3379.965704231785, Time : 22.403 s
Timestep : 499262, score : -3675.204353010078, Time : 22.385 s
Timestep : 508021, score : -3201.375671705304, Time : 22.466 s
Timestep : 516780, score : -3335.307162211073, Time : 22.388 s
Timestep : 525539, score : -3134.2208191571117, Time : 22.388 s
Timestep : 534298, score : -3869.14577023164, Time : 22.562 s
Timestep : 543057, score : -3611.826849989273, Time : 22.763 s
Timestep : 551816, score : -3039.359380498441, Time : 22.564 s
Timestep : 560575, score : -3206.0630588514323, Time : 22.4 s
Timestep : 569334, score : -3604.310277245386, Time : 22.359 s
Timestep : 578093, score : -2920.346466243529, Time : 22.417 s
Timestep : 586852, score : -2817.7201475536276, Time : 22.476 s
Timestep : 595611, score : -2850.3079225060355, Time : 22.744 s
Timestep : 604370, score : -3107.388457224617, Time : 22.786 s
Timestep : 613129, score : -2772.1469131330523, Time : 22.473 s
Timestep : 621888, score : -3103.0966206878948, Time : 22.432 s
Timestep : 630647, score : -2958.9491104528133, Time : 22.464 s
Timestep : 639406, score : -3115.866589622834, Time : 22.465 s
Timestep : 648165, score : -3152.898170560162, Time : 22.545 s
Timestep : 656924, score : -2999.933680127171, Time : 22.829 s
Timestep : 665683, score : -3109.1103762577113, Time : 22.767 s
Timestep : 674442, score : -2625.2727440863673, Time : 22.537 s
Timestep : 683201, score : -3664.6926035773067, Time : 22.44 s
Timestep : 691960, score : -3270.559328116389, Time : 22.461 s
Timestep : 700719, score : -3742.5997172337084, Time : 22.406 s
Timestep : 709478, score : -3703.075525904802, Time : 22.595 s
Timestep : 718237, score : -3437.3448274560797, Time : 22.796 s
Timestep : 726996, score : -3445.418273065501, Time : 22.613 s
Timestep : 735755, score : -3327.8074524917465, Time : 22.43 s
Timestep : 744514, score : -3328.821351274295, Time : 22.434 s
Timestep : 753273, score : -3118.8875450655178, Time : 22.49 s
Timestep : 762032, score : -2987.5057664846827, Time : 22.45 s
Timestep : 770791, score : -2872.068637508113, Time : 22.733 s
Timestep : 779550, score : -2532.3975183576404, Time : 22.855 s
Timestep : 788309, score : -2763.7875583839195, Time : 22.557 s
Timestep : 797068, score : -2867.408549167012, Time : 22.456 s
Timestep : 805827, score : -3400.9137828091916, Time : 22.416 s
Timestep : 814586, score : -3305.1539695126994, Time : 22.423 s
Timestep : 823345, score : -2751.8218812190753, Time : 22.488 s
Timestep : 832104, score : -2551.4062208518444, Time : 22.784 s
Timestep : 840863, score : -3221.1444591650798, Time : 22.736 s
Timestep : 849622, score : -2874.4525751024776, Time : 22.58 s
Timestep : 858381, score : -3357.8161237838503, Time : 22.419 s
Timestep : 867140, score : -2664.352805045928, Time : 22.48 s
Timestep : 875899, score : -2664.68293248993, Time : 22.453 s
Starting local evaluation
Num Steps: 1000, Num episodes: 0
Num Steps: 2000, Num episodes: 0
Num Steps: 3000, Num episodes: 0
Num Steps: 4000, Num episodes: 0
Num Steps: 5000, Num episodes: 0
Num Steps: 6000, Num episodes: 0
Num Steps: 7000, Num episodes: 0
Num Steps: 8000, Num episodes: 0
Episode complete: 1 | Latest episode metrics: {'price_cost': 0.9266173555628503, 'emmision_cost': 0.964834635392378}
[-0.16229876] -0.16229875917830874
Average Price Cost: 0.9266173555628503
Average Emmision Cost: 0.964834635392378
Average of both costs: 0.9457259954776142
Total time taken by agent: 3.774192670825869s
DONE!
