{'agent': 'DQN', 'action_selection': 'egreedy', 'seed': 1, 'episodes': 100, 'data_path': 'data/citylearn_challenge_2022_phase_1', 'dry_run': False, 'n_discrete': 9, 'update_target': 32, 'lr': 0.007, 'batch_size': 1, 'adam_epsilon': 1e-05, 'epsilon_final': 0.03, 'run_id': 282}
{'Notes': 'This is a tuning run, executed on a single building.',
 'action_selection': 'egreedy',
 'adam_epsilon': 1e-05,
 'env': '<NormalizeObservation<OneHotHour<DiscreteSingle<CityLearnEnv '
        'instance>>>>',
 'final_exploration_rate': 0.02,
 'final_exploration_step': 1000,
 'gamma': 0.99,
 'initial_exploration_rate': 1,
 'learning_rate': 0.007,
 'loss': 'mse',
 'minibatch_size': 1,
 'network': 'MLP(\n'
            '  (layers): Sequential(\n'
            '    (0): Linear(in_features=29, out_features=128, bias=True)\n'
            '    (1): ReLU()\n'
            '    (2): Linear(in_features=128, out_features=128, bias=True)\n'
            '    (3): ReLU()\n'
            '    (4): Linear(in_features=128, out_features=9, bias=True)\n'
            '  )\n'
            ')',
 'replay_buffer_size': 10000,
 'replay_start_size': 1,
 'seed': 1,
 'train_steps': 876000,
 'update_frequency': 1,
 'update_target_frequency': 32,
 'weight_scale': 1.4142135623730951}
Timestep : 8758, score : -6181.565089397511, Time : 20.42 s
Timestep : 17517, score : -5107.613314004528, Time : 20.965 s
Timestep : 26276, score : -5312.243435164826, Time : 21.084 s
Timestep : 35035, score : -5352.98491035428, Time : 21.126 s
Timestep : 43794, score : -5524.4409218210785, Time : 21.121 s
Timestep : 52553, score : -5571.76180747457, Time : 21.115 s
Timestep : 61312, score : -5750.0852356826945, Time : 21.133 s
Timestep : 70071, score : -5442.612296664811, Time : 21.132 s
Timestep : 78830, score : -5908.939937458519, Time : 21.127 s
Timestep : 87589, score : -5724.243127597219, Time : 21.143 s
Timestep : 96348, score : -5539.492708254562, Time : 21.145 s
Timestep : 105107, score : -5832.098275921686, Time : 20.922 s
Timestep : 113866, score : -5932.700214191369, Time : 20.978 s
Timestep : 122625, score : -5934.813853046653, Time : 21.165 s
Timestep : 131384, score : -5914.138180680369, Time : 21.133 s
Timestep : 140143, score : -5667.501871389832, Time : 21.148 s
Timestep : 148902, score : -6002.174541415559, Time : 21.133 s
Timestep : 157661, score : -5810.649098152167, Time : 21.148 s
Timestep : 166420, score : -5885.715802587016, Time : 21.156 s
Timestep : 175179, score : -5870.149964155444, Time : 21.157 s
Timestep : 183938, score : -5899.031543247038, Time : 21.16 s
Timestep : 192697, score : -5760.011128431259, Time : 21.149 s
Timestep : 201456, score : -5950.612024261529, Time : 21.146 s
Timestep : 210215, score : -5758.809817614761, Time : 21.143 s
Timestep : 218974, score : -5697.34736078282, Time : 21.151 s
Timestep : 227733, score : -5657.4363604347745, Time : 20.532 s
Timestep : 236492, score : -5564.053145700047, Time : 21.046 s
Timestep : 245251, score : -5278.502258986962, Time : 21.163 s
Timestep : 254010, score : -5653.031651720667, Time : 21.159 s
Timestep : 262769, score : -5758.0980282906785, Time : 21.165 s
Timestep : 271528, score : -5818.15879613327, Time : 21.17 s
Timestep : 280287, score : -5782.165462650431, Time : 20.762 s
Timestep : 289046, score : -5781.979377189957, Time : 20.941 s
Timestep : 297805, score : -5573.7890124444675, Time : 20.497 s
Timestep : 306564, score : -5946.246109972621, Time : 20.508 s
Timestep : 315323, score : -5899.855774769516, Time : 20.486 s
Timestep : 324082, score : -5418.10882851007, Time : 21.023 s
Timestep : 332841, score : -5916.723747786513, Time : 21.152 s
Timestep : 341600, score : -6087.870570401072, Time : 21.128 s
Timestep : 350359, score : -6088.094386889854, Time : 21.14 s
Timestep : 359118, score : -6005.588709679461, Time : 21.155 s
Timestep : 367877, score : -5664.442387660762, Time : 20.857 s
Timestep : 376636, score : -5719.660636856599, Time : 20.696 s
Timestep : 385395, score : -5769.417457145551, Time : 20.546 s
Timestep : 394154, score : -5764.833722033029, Time : 20.491 s
Timestep : 402913, score : -5817.772694682542, Time : 20.484 s
Timestep : 411672, score : -6193.189070071472, Time : 20.508 s
Timestep : 420431, score : -5907.887743883213, Time : 20.496 s
Timestep : 429190, score : -6108.559109947804, Time : 20.481 s
Timestep : 437949, score : -6038.764099368855, Time : 20.514 s
Timestep : 446708, score : -5834.098894748633, Time : 20.932 s
Timestep : 455467, score : -5798.741083067987, Time : 20.555 s
Timestep : 464226, score : -5546.256200050964, Time : 20.518 s
Timestep : 472985, score : -5848.431853453541, Time : 20.584 s
Timestep : 481744, score : -5780.292201460601, Time : 21.145 s
Timestep : 490503, score : -5867.221139203903, Time : 21.113 s
Timestep : 499262, score : -5748.526433720166, Time : 20.751 s
Timestep : 508021, score : -6021.454775677907, Time : 21.171 s
Timestep : 516780, score : -5885.319470893621, Time : 21.152 s
Timestep : 525539, score : -5665.744685041209, Time : 21.153 s
Timestep : 534298, score : -5790.31642002138, Time : 21.152 s
Timestep : 543057, score : -5901.886115271045, Time : 21.143 s
Timestep : 551816, score : -5726.258415314354, Time : 20.92 s
Timestep : 560575, score : -5913.381351862154, Time : 20.507 s
Timestep : 569334, score : -6064.695744862664, Time : 20.496 s
Timestep : 578093, score : -5942.009419663475, Time : 20.796 s
Timestep : 586852, score : -6014.508547281061, Time : 20.871 s
Timestep : 595611, score : -6111.235984627696, Time : 20.508 s
Timestep : 604370, score : -5769.592605737416, Time : 20.498 s
Timestep : 613129, score : -6217.2946083512215, Time : 20.513 s
Timestep : 621888, score : -5879.025645162736, Time : 20.871 s
Timestep : 630647, score : -6011.525141779886, Time : 20.569 s
Timestep : 639406, score : -6715.742262905143, Time : 21.024 s
Timestep : 648165, score : -6780.469122287381, Time : 21.212 s
Timestep : 656924, score : -6587.042168478743, Time : 21.192 s
Timestep : 665683, score : -6206.098044818558, Time : 21.121 s
Timestep : 674442, score : -6250.029816019844, Time : 20.52 s
Timestep : 683201, score : -6071.072963977655, Time : 20.536 s
Timestep : 691960, score : -6364.173386937109, Time : 20.658 s
Timestep : 700719, score : -6111.99566116331, Time : 21.134 s
Timestep : 709478, score : -5569.361988909455, Time : 21.137 s
Timestep : 718237, score : -6237.828686657667, Time : 20.93 s
Timestep : 726996, score : -6321.70230544552, Time : 20.843 s
Timestep : 735755, score : -6707.192293829081, Time : 20.724 s
Timestep : 744514, score : -6443.267586411792, Time : 21.112 s
Timestep : 753273, score : -5977.045975812784, Time : 20.973 s
Timestep : 762032, score : -5943.999342513343, Time : 20.531 s
Timestep : 770791, score : -6145.143065062424, Time : 21.101 s
Timestep : 779550, score : -6187.046736702439, Time : 21.118 s
Timestep : 788309, score : -6202.786377889875, Time : 21.179 s
Timestep : 797068, score : -5723.7978678209765, Time : 21.175 s
Timestep : 805827, score : -6010.574411510192, Time : 21.16 s
Timestep : 814586, score : -6375.650587407785, Time : 20.677 s
Timestep : 823345, score : -6105.266802703642, Time : 20.501 s
Timestep : 832104, score : -6085.752175710426, Time : 20.495 s
Timestep : 840863, score : -6289.339187399397, Time : 20.515 s
Timestep : 849622, score : -6074.107154970552, Time : 20.49 s
Timestep : 858381, score : -6826.546047077194, Time : 20.474 s
Timestep : 867140, score : -6217.868125616951, Time : 20.475 s
Timestep : 875899, score : -6092.572229701749, Time : 20.47 s
Starting local evaluation
Num Steps: 1000, Num episodes: 0
Num Steps: 2000, Num episodes: 0
Num Steps: 3000, Num episodes: 0
Num Steps: 4000, Num episodes: 0
Num Steps: 5000, Num episodes: 0
Num Steps: 6000, Num episodes: 0
Num Steps: 7000, Num episodes: 0
Num Steps: 8000, Num episodes: 0
Episode complete: 1 | Latest episode metrics: {'price_cost': 1.0185701694100269, 'emmision_cost': 1.0231269867333783}
[-0.25559626] -0.2555962598934122
Average Price Cost: 1.0185701694100269
Average Emmision Cost: 1.0231269867333783
Average of both costs: 1.0208485780717025
Total time taken by agent: 2.5224283919669688s
DONE!
