{'agent': 'DQN', 'action_selection': 'egreedy', 'seed': 1, 'episodes': 100, 'data_path': 'data/citylearn_challenge_2022_phase_1', 'dry_run': False, 'n_discrete': 9, 'update_target': 4, 'lr': 0.0001, 'batch_size': 1, 'adam_epsilon': 0.0001, 'epsilon_final': 0.06, 'run_id': 367}
{'Notes': 'This is a tuning run, executed on a single building.',
 'action_selection': 'egreedy',
 'adam_epsilon': 0.0001,
 'env': '<NormalizeObservation<OneHotHour<DiscreteSingle<CityLearnEnv '
        'instance>>>>',
 'final_exploration_rate': 0.02,
 'final_exploration_step': 1000,
 'gamma': 0.99,
 'initial_exploration_rate': 1,
 'learning_rate': 0.0001,
 'loss': 'mse',
 'minibatch_size': 1,
 'network': 'MLP(\n'
            '  (layers): Sequential(\n'
            '    (0): Linear(in_features=29, out_features=128, bias=True)\n'
            '    (1): ReLU()\n'
            '    (2): Linear(in_features=128, out_features=128, bias=True)\n'
            '    (3): ReLU()\n'
            '    (4): Linear(in_features=128, out_features=9, bias=True)\n'
            '  )\n'
            ')',
 'replay_buffer_size': 10000,
 'replay_start_size': 1,
 'seed': 1,
 'train_steps': 876000,
 'update_frequency': 1,
 'update_target_frequency': 4,
 'weight_scale': 1.4142135623730951}
Timestep : 8758, score : -6103.844959329144, Time : 21.18 s
Timestep : 17517, score : -4583.793941456272, Time : 21.252 s
Timestep : 26276, score : -5680.938509562431, Time : 21.379 s
Timestep : 35035, score : -4757.941623630031, Time : 21.144 s
Timestep : 43794, score : -4575.310529374896, Time : 21.131 s
Timestep : 52553, score : -4773.115428009449, Time : 21.431 s
Timestep : 61312, score : -4604.7756076328515, Time : 21.356 s
Timestep : 70071, score : -4524.490499637701, Time : 21.694 s
Timestep : 78830, score : -4784.703066286544, Time : 21.695 s
Timestep : 87589, score : -5022.2051079155935, Time : 21.69 s
Timestep : 96348, score : -4657.613140411704, Time : 21.692 s
Timestep : 105107, score : -4172.576831785147, Time : 21.702 s
Timestep : 113866, score : -3383.5171951270895, Time : 21.673 s
Timestep : 122625, score : -3022.743763666047, Time : 21.29 s
Timestep : 131384, score : -2220.432624644862, Time : 21.714 s
Timestep : 140143, score : -2981.539816022996, Time : 21.785 s
Timestep : 148902, score : -2267.8576500610507, Time : 21.743 s
Timestep : 157661, score : -1876.1331840786443, Time : 21.722 s
Timestep : 166420, score : -2093.3524719705165, Time : 21.661 s
Timestep : 175179, score : -3127.5809417757555, Time : 21.203 s
Timestep : 183938, score : -2368.406569554849, Time : 21.567 s
Timestep : 192697, score : -2998.3955788985186, Time : 21.706 s
Timestep : 201456, score : -1950.706355587652, Time : 21.775 s
Timestep : 210215, score : -2313.575310518878, Time : 21.779 s
Timestep : 218974, score : -2496.4018874784524, Time : 21.793 s
Timestep : 227733, score : -2023.3077753838443, Time : 21.479 s
Timestep : 236492, score : -1907.9344098500733, Time : 21.058 s
Timestep : 245251, score : -2604.121027698886, Time : 21.64 s
Timestep : 254010, score : -2970.4571463702305, Time : 21.212 s
Timestep : 262769, score : -3093.869954599446, Time : 21.241 s
Timestep : 271528, score : -3360.9272951811145, Time : 21.221 s
Timestep : 280287, score : -2320.9266646426695, Time : 22.11 s
Timestep : 289046, score : -2034.1005700251117, Time : 21.919 s
Timestep : 297805, score : -2277.900790526677, Time : 21.664 s
Timestep : 306564, score : -1802.7043720481743, Time : 21.69 s
Timestep : 315323, score : -2559.7767730881023, Time : 21.491 s
Timestep : 324082, score : -2758.3236484364897, Time : 21.181 s
Timestep : 332841, score : -2273.6006932790915, Time : 21.167 s
Timestep : 341600, score : -2396.9822546758514, Time : 21.171 s
Timestep : 350359, score : -1510.69623018711, Time : 21.169 s
Timestep : 359118, score : -1476.518774485172, Time : 21.239 s
Timestep : 367877, score : -1956.942834577203, Time : 21.223 s
Timestep : 376636, score : -1540.2024937568058, Time : 21.392 s
Timestep : 385395, score : -1991.2739139516198, Time : 21.268 s
Timestep : 394154, score : -1460.052644330106, Time : 21.797 s
Timestep : 402913, score : -1908.6795244661917, Time : 21.808 s
Timestep : 411672, score : -1701.120837475377, Time : 21.773 s
Timestep : 420431, score : -2022.6669363032852, Time : 21.821 s
Timestep : 429190, score : -1821.2550420970947, Time : 21.164 s
Timestep : 437949, score : -1495.5246496612817, Time : 21.515 s
Timestep : 446708, score : -1492.401254155353, Time : 21.956 s
Timestep : 455467, score : -1544.1634153765917, Time : 21.195 s
Timestep : 464226, score : -1774.083785208204, Time : 21.062 s
Timestep : 472985, score : -2060.9715282382967, Time : 21.548 s
Timestep : 481744, score : -1978.0069160350831, Time : 21.149 s
Timestep : 490503, score : -1859.640221698297, Time : 21.683 s
Timestep : 499262, score : -1611.8121431786858, Time : 21.72 s
Timestep : 508021, score : -2586.587459794042, Time : 21.572 s
Timestep : 516780, score : -1525.4030596973898, Time : 21.154 s
Timestep : 525539, score : -1852.58528319982, Time : 21.176 s
Timestep : 534298, score : -1810.3918978461443, Time : 21.587 s
Timestep : 543057, score : -1538.9423063695722, Time : 21.705 s
Timestep : 551816, score : -2170.5732558766977, Time : 21.7 s
Timestep : 560575, score : -1615.3602120580908, Time : 21.701 s
Timestep : 569334, score : -1754.714843482041, Time : 21.333 s
Timestep : 578093, score : -1864.678759516406, Time : 21.716 s
Timestep : 586852, score : -1871.655980932439, Time : 21.868 s
Timestep : 595611, score : -1644.6661059918843, Time : 22.102 s
Timestep : 604370, score : -2142.988639330055, Time : 21.987 s
Timestep : 613129, score : -2214.711056332133, Time : 21.807 s
Timestep : 621888, score : -2258.276846286637, Time : 21.8 s
Timestep : 630647, score : -1924.3379653109296, Time : 21.52 s
Timestep : 639406, score : -2216.3512291123916, Time : 21.599 s
Timestep : 648165, score : -2749.0370441132254, Time : 21.07 s
Timestep : 656924, score : -1531.2423051594087, Time : 21.072 s
Timestep : 665683, score : -1895.7901259939244, Time : 21.555 s
Timestep : 674442, score : -1792.4062452013895, Time : 21.663 s
Timestep : 683201, score : -1643.0771023151756, Time : 21.709 s
Timestep : 691960, score : -1141.7476518652693, Time : 21.708 s
Timestep : 700719, score : -1484.5122363892733, Time : 21.694 s
Timestep : 709478, score : -1341.2709935854946, Time : 21.26 s
Timestep : 718237, score : -1221.4038932180993, Time : 21.116 s
Timestep : 726996, score : -1634.259275929333, Time : 21.822 s
Timestep : 735755, score : -1548.3383643699635, Time : 21.82 s
Timestep : 744514, score : -1031.641996608305, Time : 21.554 s
Timestep : 753273, score : -1516.1767417355732, Time : 21.979 s
Timestep : 762032, score : -1624.862699623176, Time : 21.873 s
Timestep : 770791, score : -1875.1665429666464, Time : 21.546 s
Timestep : 779550, score : -1811.3118630985555, Time : 21.71 s
Timestep : 788309, score : -1906.9581021814665, Time : 21.416 s
Timestep : 797068, score : -1418.0966611777258, Time : 21.703 s
Timestep : 805827, score : -1707.0200625809666, Time : 21.63 s
Timestep : 814586, score : -1865.1298612115497, Time : 21.818 s
Timestep : 823345, score : -2023.105802536389, Time : 21.398 s
Timestep : 832104, score : -2078.9774578593497, Time : 21.591 s
Timestep : 840863, score : -1661.4153091383923, Time : 21.837 s
Timestep : 849622, score : -1877.9645820474543, Time : 21.544 s
Timestep : 858381, score : -1865.56631584368, Time : 21.149 s
Timestep : 867140, score : -2067.1106667687127, Time : 21.243 s
Timestep : 875899, score : -2581.7244557601225, Time : 21.145 s
Starting local evaluation
Num Steps: 1000, Num episodes: 0
Num Steps: 2000, Num episodes: 0
Num Steps: 3000, Num episodes: 0
Num Steps: 4000, Num episodes: 0
Num Steps: 5000, Num episodes: 0
Num Steps: 6000, Num episodes: 0
Num Steps: 7000, Num episodes: 0
Num Steps: 8000, Num episodes: 0
Episode complete: 1 | Latest episode metrics: {'price_cost': 0.8805262169893111, 'emmision_cost': 0.9471831577519911}
[-0.12235233] -0.12235232511724407
Average Price Cost: 0.8805262169893111
Average Emmision Cost: 0.9471831577519911
Average of both costs: 0.9138546873706511
Total time taken by agent: 2.552148750051856s
DONE!
