{'agent': 'DQN', 'action_selection': 'egreedy', 'seed': 1, 'episodes': 100, 'data_path': 'data/citylearn_challenge_2022_phase_1', 'dry_run': False, 'n_discrete': 9, 'update_target': 16, 'lr': 0.07, 'batch_size': 64, 'adam_epsilon': 1e-07, 'epsilon_final': 0.08, 'run_id': 323}
{'Notes': 'This is a tuning run, executed on a single building.',
 'action_selection': 'egreedy',
 'adam_epsilon': 1e-07,
 'env': '<NormalizeObservation<OneHotHour<DiscreteSingle<CityLearnEnv '
        'instance>>>>',
 'final_exploration_rate': 0.02,
 'final_exploration_step': 1000,
 'gamma': 0.99,
 'initial_exploration_rate': 1,
 'learning_rate': 0.07,
 'loss': 'mse',
 'minibatch_size': 64,
 'network': 'MLP(\n'
            '  (layers): Sequential(\n'
            '    (0): Linear(in_features=29, out_features=128, bias=True)\n'
            '    (1): ReLU()\n'
            '    (2): Linear(in_features=128, out_features=128, bias=True)\n'
            '    (3): ReLU()\n'
            '    (4): Linear(in_features=128, out_features=9, bias=True)\n'
            '  )\n'
            ')',
 'replay_buffer_size': 10000,
 'replay_start_size': 64,
 'seed': 1,
 'train_steps': 876000,
 'update_frequency': 1,
 'update_target_frequency': 16,
 'weight_scale': 1.4142135623730951}
Timestep : 8758, score : -5623.198982601432, Time : 21.904 s
Timestep : 17517, score : -4753.013051431073, Time : 22.564 s
Timestep : 26276, score : -4557.0329576771765, Time : 22.742 s
Timestep : 35035, score : -4415.0936579382105, Time : 22.48 s
Timestep : 43794, score : -4488.396903581364, Time : 22.855 s
Timestep : 52553, score : -4546.166438950138, Time : 22.852 s
Timestep : 61312, score : -4473.140646065964, Time : 22.854 s
Timestep : 70071, score : -4519.938292087434, Time : 22.828 s
Timestep : 78830, score : -4656.162925530603, Time : 22.643 s
Timestep : 87589, score : -4511.33049346591, Time : 22.687 s
Timestep : 96348, score : -4481.395174127916, Time : 22.832 s
Timestep : 105107, score : -4556.754129413937, Time : 22.824 s
Timestep : 113866, score : -4505.833663111, Time : 22.875 s
Timestep : 122625, score : -4429.69685312119, Time : 22.851 s
Timestep : 131384, score : -4445.138581075196, Time : 22.841 s
Timestep : 140143, score : -4465.716372757597, Time : 22.861 s
Timestep : 148902, score : -4530.562447046308, Time : 22.833 s
Timestep : 157661, score : -4469.143092488317, Time : 22.844 s
Timestep : 166420, score : -4422.450871748646, Time : 22.845 s
Timestep : 175179, score : -4463.364323320711, Time : 22.849 s
Timestep : 183938, score : -4526.359083854972, Time : 22.857 s
Timestep : 192697, score : -4528.346777302591, Time : 22.855 s
Timestep : 201456, score : -4509.0063052302285, Time : 22.843 s
Timestep : 210215, score : -4501.329357911323, Time : 22.853 s
Timestep : 218974, score : -4460.885925969487, Time : 22.85 s
Timestep : 227733, score : -4348.264290233521, Time : 22.873 s
Timestep : 236492, score : -4455.000315508718, Time : 22.862 s
Timestep : 245251, score : -4481.663653892843, Time : 22.855 s
Timestep : 254010, score : -4499.06680375096, Time : 24.383 s
Timestep : 262769, score : -4604.644716556562, Time : 22.844 s
Timestep : 271528, score : -4495.256588529126, Time : 22.845 s
Timestep : 280287, score : -4389.091611755459, Time : 22.837 s
Timestep : 289046, score : -4514.225911197631, Time : 22.826 s
Timestep : 297805, score : -4451.0007053123845, Time : 22.838 s
Timestep : 306564, score : -4523.145055762754, Time : 22.829 s
Timestep : 315323, score : -4574.814283067739, Time : 22.83 s
Timestep : 324082, score : -4547.112441828387, Time : 22.849 s
Timestep : 332841, score : -4666.9375997403695, Time : 22.838 s
Timestep : 341600, score : -4618.171201605728, Time : 22.842 s
Timestep : 350359, score : -4491.549833999394, Time : 22.861 s
Timestep : 359118, score : -4684.984860570083, Time : 22.842 s
Timestep : 367877, score : -4603.6238622715755, Time : 22.866 s
Timestep : 376636, score : -4584.524584033905, Time : 22.857 s
Timestep : 385395, score : -4607.482481715648, Time : 22.864 s
Timestep : 394154, score : -4504.996234731196, Time : 22.854 s
Timestep : 402913, score : -4548.903305718122, Time : 22.853 s
Timestep : 411672, score : -4534.0246211992635, Time : 22.867 s
Timestep : 420431, score : -4528.591833229555, Time : 22.849 s
Timestep : 429190, score : -4561.785655557556, Time : 22.849 s
Timestep : 437949, score : -4462.207205481274, Time : 22.839 s
Timestep : 446708, score : -4544.610266362695, Time : 22.836 s
Timestep : 455467, score : -4534.86753620152, Time : 22.847 s
Timestep : 464226, score : -4665.622653002531, Time : 22.822 s
Timestep : 472985, score : -4546.749864262907, Time : 22.841 s
Timestep : 481744, score : -4631.572270974895, Time : 22.848 s
Timestep : 490503, score : -4629.6037581204, Time : 22.841 s
Timestep : 499262, score : -4501.067519728007, Time : 22.834 s
Timestep : 508021, score : -4480.054511772381, Time : 22.85 s
Timestep : 516780, score : -4486.610612229822, Time : 22.844 s
Timestep : 525539, score : -4562.763264499052, Time : 22.831 s
Timestep : 534298, score : -4635.173004819459, Time : 22.815 s
Timestep : 543057, score : -4352.770683144598, Time : 22.83 s
Timestep : 551816, score : -4436.1041954638495, Time : 22.837 s
Timestep : 560575, score : -4584.721638737159, Time : 22.81 s
Timestep : 569334, score : -4531.0872297821625, Time : 22.804 s
Timestep : 578093, score : -4519.740370501211, Time : 22.833 s
Timestep : 586852, score : -4492.449840971647, Time : 22.816 s
Timestep : 595611, score : -4569.512678217565, Time : 22.825 s
Timestep : 604370, score : -4535.780864534041, Time : 22.809 s
Timestep : 613129, score : -4528.170031809626, Time : 22.823 s
Timestep : 621888, score : -4590.19450963792, Time : 22.822 s
Timestep : 630647, score : -4483.520280497993, Time : 22.833 s
Timestep : 639406, score : -4492.543643118843, Time : 22.83 s
Timestep : 648165, score : -4587.35598600973, Time : 22.843 s
Timestep : 656924, score : -4622.857194795652, Time : 22.835 s
Timestep : 665683, score : -4529.849925072311, Time : 22.843 s
Timestep : 674442, score : -4516.865117549343, Time : 22.825 s
Timestep : 683201, score : -4459.449291144876, Time : 22.824 s
Timestep : 691960, score : -4666.466538977722, Time : 22.831 s
Timestep : 700719, score : -4564.912538099015, Time : 22.817 s
Timestep : 709478, score : -4515.932090650691, Time : 22.821 s
Timestep : 718237, score : -4474.01182701104, Time : 22.841 s
Timestep : 726996, score : -4525.568725019606, Time : 22.835 s
Timestep : 735755, score : -4571.948091998143, Time : 22.851 s
Timestep : 744514, score : -4610.42782036346, Time : 22.839 s
Timestep : 753273, score : -4480.843193502544, Time : 22.851 s
Timestep : 762032, score : -4442.764182981526, Time : 22.844 s
Timestep : 770791, score : -4507.134846040935, Time : 22.827 s
Timestep : 779550, score : -4535.357314573048, Time : 22.822 s
Timestep : 788309, score : -4488.155456959648, Time : 22.834 s
Timestep : 797068, score : -4615.450589486776, Time : 22.83 s
Timestep : 805827, score : -4488.624047933408, Time : 22.826 s
Timestep : 814586, score : -4547.719713949977, Time : 22.818 s
Timestep : 823345, score : -4590.068104045378, Time : 22.817 s
Timestep : 832104, score : -4533.18341397625, Time : 22.831 s
Timestep : 840863, score : -4630.1422369754, Time : 22.824 s
Timestep : 849622, score : -4460.378348534374, Time : 22.836 s
Timestep : 858381, score : -4556.256228296115, Time : 22.819 s
Timestep : 867140, score : -4461.024569411209, Time : 22.828 s
Timestep : 875899, score : -4540.485380408267, Time : 22.819 s
Starting local evaluation
Num Steps: 1000, Num episodes: 0
Num Steps: 2000, Num episodes: 0
Num Steps: 3000, Num episodes: 0
Num Steps: 4000, Num episodes: 0
Num Steps: 5000, Num episodes: 0
Num Steps: 6000, Num episodes: 0
Num Steps: 7000, Num episodes: 0
Num Steps: 8000, Num episodes: 0
Episode complete: 1 | Latest episode metrics: {'price_cost': 1.0268240367591808, 'emmision_cost': 1.0316712237102579}
[-0.26592306] -0.2659230562607726
Average Price Cost: 1.0268240367591808
Average Emmision Cost: 1.0316712237102579
Average of both costs: 1.0292476302347193
Total time taken by agent: 2.507519875653088s
DONE!
