{'agent': 'DQN', 'action_selection': 'egreedy', 'seed': 1, 'episodes': 100, 'data_path': 'data/citylearn_challenge_2022_phase_1', 'dry_run': False, 'n_discrete': 9, 'update_target': 32, 'lr': 0.07, 'batch_size': 32, 'adam_epsilon': 1e-09, 'epsilon_final': 0.02, 'run_id': 318}
{'Notes': 'This is a tuning run, executed on a single building.',
 'action_selection': 'egreedy',
 'adam_epsilon': 1e-09,
 'env': '<NormalizeObservation<OneHotHour<DiscreteSingle<CityLearnEnv '
        'instance>>>>',
 'final_exploration_rate': 0.02,
 'final_exploration_step': 1000,
 'gamma': 0.99,
 'initial_exploration_rate': 1,
 'learning_rate': 0.07,
 'loss': 'mse',
 'minibatch_size': 32,
 'network': 'MLP(\n'
            '  (layers): Sequential(\n'
            '    (0): Linear(in_features=29, out_features=128, bias=True)\n'
            '    (1): ReLU()\n'
            '    (2): Linear(in_features=128, out_features=128, bias=True)\n'
            '    (3): ReLU()\n'
            '    (4): Linear(in_features=128, out_features=9, bias=True)\n'
            '  )\n'
            ')',
 'replay_buffer_size': 10000,
 'replay_start_size': 32,
 'seed': 1,
 'train_steps': 876000,
 'update_frequency': 1,
 'update_target_frequency': 32,
 'weight_scale': 1.4142135623730951}
Timestep : 8758, score : -5908.987859834015, Time : 23.577 s
Timestep : 17517, score : -4522.640234115141, Time : 25.355 s
Timestep : 26276, score : -4603.745824044017, Time : 23.989 s
Timestep : 35035, score : -4474.103013831569, Time : 22.797 s
Timestep : 43794, score : -4522.770034016488, Time : 23.495 s
Timestep : 52553, score : -4569.411332429649, Time : 25.987 s
Timestep : 61312, score : -4497.765634862153, Time : 24.805 s
Timestep : 70071, score : -4618.6602884506865, Time : 22.134 s
Timestep : 78830, score : -4597.32376278835, Time : 22.441 s
Timestep : 87589, score : -4546.016891570209, Time : 26.544 s
Timestep : 96348, score : -4467.738844671665, Time : 24.812 s
Timestep : 105107, score : -4481.003841428697, Time : 22.147 s
Timestep : 113866, score : -4600.456234717189, Time : 24.885 s
Timestep : 122625, score : -4412.0640096994175, Time : 27.141 s
Timestep : 131384, score : -4480.238010959147, Time : 27.65 s
Timestep : 140143, score : -4581.39391842988, Time : 27.654 s
Timestep : 148902, score : -4639.5565740739985, Time : 25.905 s
Timestep : 157661, score : -4504.2486338572635, Time : 23.751 s
Timestep : 166420, score : -4419.452792351163, Time : 22.131 s
Timestep : 175179, score : -4530.333132566331, Time : 23.089 s
Timestep : 183938, score : -4490.070609331044, Time : 27.541 s
Timestep : 192697, score : -4577.147334456822, Time : 27.55 s
Timestep : 201456, score : -4553.364845961361, Time : 27.8 s
Timestep : 210215, score : -4509.663667572109, Time : 27.791 s
Timestep : 218974, score : -4490.365125015756, Time : 27.347 s
Timestep : 227733, score : -4451.934571045829, Time : 27.264 s
Timestep : 236492, score : -4387.68393900097, Time : 27.225 s
Timestep : 245251, score : -4459.73533893263, Time : 27.627 s
Timestep : 254010, score : -4411.909994731104, Time : 28.78 s
Timestep : 262769, score : -4536.880320073484, Time : 27.584 s
Timestep : 271528, score : -4531.406125554262, Time : 27.764 s
Timestep : 280287, score : -4369.70828032252, Time : 27.461 s
Timestep : 289046, score : -4551.596348887688, Time : 27.605 s
Timestep : 297805, score : -4469.296610200225, Time : 26.696 s
Timestep : 306564, score : -4538.410032267129, Time : 27.619 s
Timestep : 315323, score : -4565.614840119524, Time : 27.563 s
Timestep : 324082, score : -4472.131875860883, Time : 27.447 s
Timestep : 332841, score : -4650.414608372288, Time : 25.535 s
Timestep : 341600, score : -4491.432391865557, Time : 24.775 s
Timestep : 350359, score : -4513.238740167959, Time : 26.743 s
Timestep : 359118, score : -4485.379853296472, Time : 27.131 s
Timestep : 367877, score : -4666.689322971186, Time : 27.145 s
Timestep : 376636, score : -4434.449626467569, Time : 26.62 s
Timestep : 385395, score : -4547.597755023657, Time : 26.949 s
Timestep : 394154, score : -4507.9969258805795, Time : 26.7 s
Timestep : 402913, score : -4490.249185917346, Time : 26.781 s
Timestep : 411672, score : -4459.020169326483, Time : 26.977 s
Timestep : 420431, score : -4522.59696078804, Time : 27.025 s
Timestep : 429190, score : -4501.643381261645, Time : 27.355 s
Timestep : 437949, score : -4586.957254317967, Time : 26.293 s
Timestep : 446708, score : -4519.367920735298, Time : 27.15 s
Timestep : 455467, score : -4549.541827199428, Time : 27.139 s
Timestep : 464226, score : -4547.704419979273, Time : 26.7 s
Timestep : 472985, score : -4649.707018920599, Time : 22.789 s
Timestep : 481744, score : -4474.331786965398, Time : 25.678 s
Timestep : 490503, score : -4704.826962075575, Time : 27.125 s
Timestep : 499262, score : -4623.53661972555, Time : 26.098 s
Timestep : 508021, score : -4581.322847375093, Time : 23.998 s
Timestep : 516780, score : -4523.525135278149, Time : 22.334 s
Timestep : 525539, score : -4497.090863907157, Time : 23.908 s
Timestep : 534298, score : -4562.792526500678, Time : 27.092 s
Timestep : 543057, score : -4552.422836656595, Time : 26.987 s
Timestep : 551816, score : -4469.5863965930475, Time : 26.709 s
Timestep : 560575, score : -4475.796070184006, Time : 22.428 s
Timestep : 569334, score : -4507.1634612394555, Time : 23.426 s
Timestep : 578093, score : -4473.80511643496, Time : 27.034 s
Timestep : 586852, score : -4523.194648544217, Time : 27.098 s
Timestep : 595611, score : -4580.703251100524, Time : 27.507 s
Timestep : 604370, score : -4499.74766039048, Time : 26.032 s
Timestep : 613129, score : -4652.745689806907, Time : 26.098 s
Timestep : 621888, score : -4439.664759841195, Time : 21.999 s
Timestep : 630647, score : -4583.907073867886, Time : 23.608 s
Timestep : 639406, score : -4581.476172575174, Time : 21.927 s
Timestep : 648165, score : -4503.991892236358, Time : 22.015 s
Timestep : 656924, score : -4563.742605029984, Time : 21.789 s
Timestep : 665683, score : -4602.393318394228, Time : 21.467 s
Timestep : 674442, score : -4567.975561554922, Time : 21.414 s
Timestep : 683201, score : -4489.513742529234, Time : 21.589 s
Timestep : 691960, score : -4601.323280033219, Time : 24.897 s
Timestep : 700719, score : -4527.726647693111, Time : 21.379 s
Timestep : 709478, score : -4609.144069315313, Time : 22.612 s
Timestep : 718237, score : -4384.301801256908, Time : 21.368 s
Timestep : 726996, score : -4432.934261740564, Time : 21.384 s
Timestep : 735755, score : -4451.959301438561, Time : 21.375 s
Timestep : 744514, score : -4580.456406760408, Time : 21.367 s
Timestep : 753273, score : -4552.429923297284, Time : 21.394 s
Timestep : 762032, score : -4471.1082447174995, Time : 21.387 s
Timestep : 770791, score : -4430.2926546241215, Time : 21.365 s
Timestep : 779550, score : -4380.580699281214, Time : 24.732 s
Timestep : 788309, score : -4539.184701811435, Time : 25.698 s
Timestep : 797068, score : -4466.864176913543, Time : 22.657 s
Timestep : 805827, score : -4460.4944078059925, Time : 21.654 s
Timestep : 814586, score : -4581.400867500721, Time : 21.642 s
Timestep : 823345, score : -4445.781053682236, Time : 23.625 s
Timestep : 832104, score : -4489.485486723046, Time : 25.809 s
Timestep : 840863, score : -4513.800783319428, Time : 26.123 s
Timestep : 849622, score : -4599.912131828634, Time : 21.652 s
Timestep : 858381, score : -4580.41868185818, Time : 21.693 s
Timestep : 867140, score : -4508.980145794718, Time : 23.572 s
Timestep : 875899, score : -4520.719528940885, Time : 24.827 s
Starting local evaluation
Num Steps: 1000, Num episodes: 0
Num Steps: 2000, Num episodes: 0
Num Steps: 3000, Num episodes: 0
Num Steps: 4000, Num episodes: 0
Num Steps: 5000, Num episodes: 0
Num Steps: 6000, Num episodes: 0
Num Steps: 7000, Num episodes: 0
Num Steps: 8000, Num episodes: 0
Episode complete: 1 | Latest episode metrics: {'price_cost': 1.0210912299447796, 'emmision_cost': 1.0241404283561215}
[-0.25780949] -0.25780948921235347
Average Price Cost: 1.0210912299447796
Average Emmision Cost: 1.0241404283561215
Average of both costs: 1.0226158291504506
Total time taken by agent: 2.468634262739215s
DONE!
