{'agent': 'DQN', 'action_selection': 'softmax', 'seed': 1, 'episodes': 100, 'data_path': 'data/citylearn_challenge_2022_phase_1', 'dry_run': False, 'n_discrete': 9, 'update_target': 32, 'lr': 0.07, 'batch_size': 2, 'adam_epsilon': 1e-06, 'epsilon_final': 0.02, 'run_id': 70}
{'Notes': 'This is a tuning run, executed on a single building.',
 'action_selection': 'softmax',
 'adam_epsilon': 1e-06,
 'env': '<NormalizeObservation<OneHotHour<DiscreteSingle<CityLearnEnv '
        'instance>>>>',
 'final_exploration_rate': 0.02,
 'final_exploration_step': 1000,
 'gamma': 0.99,
 'initial_exploration_rate': 1,
 'learning_rate': 0.07,
 'loss': 'mse',
 'minibatch_size': 2,
 'network': 'MLP(\n'
            '  (layers): Sequential(\n'
            '    (0): Linear(in_features=29, out_features=128, bias=True)\n'
            '    (1): ReLU()\n'
            '    (2): Linear(in_features=128, out_features=128, bias=True)\n'
            '    (3): ReLU()\n'
            '    (4): Linear(in_features=128, out_features=9, bias=True)\n'
            '  )\n'
            ')',
 'replay_buffer_size': 10000,
 'replay_start_size': 2,
 'seed': 1,
 'train_steps': 876000,
 'update_frequency': 1,
 'update_target_frequency': 32,
 'weight_scale': 1.4142135623730951}
Timestep : 8758, score : -4580.466253359249, Time : 21.183 s
Timestep : 17517, score : -4138.812734249543, Time : 21.081 s
Timestep : 26276, score : -4124.4834385899885, Time : 20.743 s
Timestep : 35035, score : -4053.5351653922407, Time : 20.669 s
Timestep : 43794, score : -4040.6553601345804, Time : 20.657 s
Timestep : 52553, score : -4033.5272789796873, Time : 20.63 s
Timestep : 61312, score : -4034.178657611279, Time : 20.591 s
Timestep : 70071, score : -4367.596351436718, Time : 20.721 s
Timestep : 78830, score : -4315.947013632773, Time : 20.58 s
Timestep : 87589, score : -4213.6225624172075, Time : 20.41 s
Timestep : 96348, score : -4288.137081422989, Time : 20.533 s
Timestep : 105107, score : -4309.924973578571, Time : 20.484 s
Timestep : 113866, score : -4250.375347621186, Time : 20.512 s
Timestep : 122625, score : -4209.254275727348, Time : 20.528 s
Timestep : 131384, score : -4264.070364678657, Time : 20.457 s
Timestep : 140143, score : -4127.858966072468, Time : 20.406 s
Timestep : 148902, score : -4105.856827346986, Time : 20.564 s
Timestep : 157661, score : -4355.20491272994, Time : 20.522 s
Timestep : 166420, score : -4369.5123028176895, Time : 20.484 s
Timestep : 175179, score : -4199.514951140998, Time : 20.759 s
Timestep : 183938, score : -4137.162104064628, Time : 20.431 s
Timestep : 192697, score : -4108.434204209043, Time : 20.707 s
Timestep : 201456, score : -4223.300852339278, Time : 21.296 s
Timestep : 210215, score : -4073.483142701356, Time : 20.992 s
Timestep : 218974, score : -4221.057594473154, Time : 20.772 s
Timestep : 227733, score : -4167.449582949659, Time : 20.754 s
Timestep : 236492, score : -4077.042784479825, Time : 20.592 s
Timestep : 245251, score : -4239.770690482488, Time : 20.629 s
Timestep : 254010, score : -4195.062472253179, Time : 20.563 s
Timestep : 262769, score : -4142.895933532534, Time : 20.573 s
Timestep : 271528, score : -4126.453827055084, Time : 20.656 s
Timestep : 280287, score : -4123.73473215141, Time : 20.533 s
Timestep : 289046, score : -4190.801103645383, Time : 20.521 s
Timestep : 297805, score : -4231.7129926694615, Time : 20.505 s
Timestep : 306564, score : -4160.733378622128, Time : 20.527 s
Timestep : 315323, score : -4313.5346245871915, Time : 20.576 s
Timestep : 324082, score : -4177.629195356189, Time : 20.726 s
Timestep : 332841, score : -4231.754916221282, Time : 20.574 s
Timestep : 341600, score : -4258.930287221825, Time : 20.475 s
Timestep : 350359, score : -4145.637610367528, Time : 20.544 s
Timestep : 359118, score : -4275.914887321094, Time : 20.525 s
Timestep : 367877, score : -4272.970314751408, Time : 20.51 s
Timestep : 376636, score : -4067.8569015463872, Time : 20.548 s
Timestep : 385395, score : -4208.292797071772, Time : 20.515 s
Timestep : 394154, score : -4217.6046702390595, Time : 20.482 s
Timestep : 402913, score : -4154.374166706024, Time : 20.525 s
Timestep : 411672, score : -4119.935499760235, Time : 20.488 s
Timestep : 420431, score : -4277.433752936689, Time : 20.616 s
Timestep : 429190, score : -4210.68799335268, Time : 20.656 s
Timestep : 437949, score : -4263.8970076464175, Time : 20.583 s
Timestep : 446708, score : -4101.275526601268, Time : 20.56 s
Timestep : 455467, score : -4143.646879955457, Time : 20.658 s
Timestep : 464226, score : -4206.751279270422, Time : 20.525 s
Timestep : 472985, score : -4161.623493270396, Time : 20.45 s
Timestep : 481744, score : -4141.676580074622, Time : 20.454 s
Timestep : 490503, score : -4228.697448471008, Time : 20.472 s
Timestep : 499262, score : -4144.025807704922, Time : 20.5 s
Timestep : 508021, score : -4125.171558608679, Time : 20.472 s
Timestep : 516780, score : -4346.768463401735, Time : 20.485 s
Timestep : 525539, score : -4248.145382021932, Time : 20.484 s
Timestep : 534298, score : -4221.588247488631, Time : 20.576 s
Timestep : 543057, score : -4262.772978446825, Time : 20.553 s
Timestep : 551816, score : -4228.670405014796, Time : 20.51 s
Timestep : 560575, score : -4117.232197204052, Time : 20.556 s
Timestep : 569334, score : -4185.449015803082, Time : 20.484 s
Timestep : 578093, score : -4209.749790677481, Time : 20.416 s
Timestep : 586852, score : -4261.527897642372, Time : 20.566 s
Timestep : 595611, score : -4104.499307797669, Time : 20.9 s
Timestep : 604370, score : -4232.778359908058, Time : 20.694 s
Timestep : 613129, score : -4165.317985397254, Time : 20.521 s
Timestep : 621888, score : -4188.375928021298, Time : 20.597 s
Timestep : 630647, score : -4070.013019253878, Time : 20.59 s
Timestep : 639406, score : -4329.102203780232, Time : 20.866 s
Timestep : 648165, score : -4228.80089338441, Time : 20.755 s
Timestep : 656924, score : -4126.605447673617, Time : 20.465 s
Timestep : 665683, score : -4154.995821291028, Time : 20.565 s
Timestep : 674442, score : -4156.013831493823, Time : 20.67 s
Timestep : 683201, score : -4145.617848703085, Time : 20.616 s
Timestep : 691960, score : -4149.625476025074, Time : 20.549 s
Timestep : 700719, score : -4183.332266768819, Time : 20.469 s
Timestep : 709478, score : -4105.299408966122, Time : 20.584 s
Timestep : 718237, score : -4264.340183915017, Time : 20.461 s
Timestep : 726996, score : -4061.359725376038, Time : 20.471 s
Timestep : 735755, score : -4178.595504867291, Time : 20.558 s
Timestep : 744514, score : -4260.22454120536, Time : 20.531 s
Timestep : 753273, score : -4141.114986875473, Time : 20.498 s
Timestep : 762032, score : -4148.498886517627, Time : 20.558 s
Timestep : 770791, score : -4163.286963998602, Time : 20.694 s
Timestep : 779550, score : -4208.368996635458, Time : 20.572 s
Timestep : 788309, score : -4198.573615399568, Time : 20.593 s
Timestep : 797068, score : -4146.885409281967, Time : 20.587 s
Timestep : 805827, score : -4065.3085201283975, Time : 20.49 s
Timestep : 814586, score : -4040.390096788673, Time : 20.737 s
Timestep : 823345, score : -4120.648867463024, Time : 20.666 s
Timestep : 832104, score : -4197.4433047710045, Time : 20.568 s
Timestep : 840863, score : -4203.8887770616275, Time : 20.527 s
Timestep : 849622, score : -4166.472235475347, Time : 20.561 s
Timestep : 858381, score : -4132.429477347905, Time : 20.532 s
Timestep : 867140, score : -4227.809295689134, Time : 20.521 s
Timestep : 875899, score : -4158.380658836482, Time : 20.512 s
Starting local evaluation
Num Steps: 1000, Num episodes: 0
Num Steps: 2000, Num episodes: 0
Num Steps: 3000, Num episodes: 0
Num Steps: 4000, Num episodes: 0
Num Steps: 5000, Num episodes: 0
Num Steps: 6000, Num episodes: 0
Num Steps: 7000, Num episodes: 0
Num Steps: 8000, Num episodes: 0
Episode complete: 1 | Latest episode metrics: {'price_cost': 1.0006778195445993, 'emmision_cost': 1.0009218167504088}
[-0.23103905] -0.23103905153578788
Average Price Cost: 1.0006778195445993
Average Emmision Cost: 1.0009218167504088
Average of both costs: 1.0007998181475042
Total time taken by agent: 3.2562632909975946s
DONE!
