{'agent': 'DQN', 'action_selection': 'softmax', 'seed': 1, 'episodes': 100, 'data_path': 'data/citylearn_challenge_2022_phase_1', 'dry_run': False, 'n_discrete': 9, 'update_target': 32, 'lr': 0.003, 'batch_size': 2, 'adam_epsilon': 0.001, 'epsilon_final': 0.02, 'run_id': 75}
{'Notes': 'This is a tuning run, executed on a single building.',
 'action_selection': 'softmax',
 'adam_epsilon': 0.001,
 'env': '<NormalizeObservation<OneHotHour<DiscreteSingle<CityLearnEnv '
        'instance>>>>',
 'final_exploration_rate': 0.02,
 'final_exploration_step': 1000,
 'gamma': 0.99,
 'initial_exploration_rate': 1,
 'learning_rate': 0.003,
 'loss': 'mse',
 'minibatch_size': 2,
 'network': 'MLP(\n'
            '  (layers): Sequential(\n'
            '    (0): Linear(in_features=29, out_features=128, bias=True)\n'
            '    (1): ReLU()\n'
            '    (2): Linear(in_features=128, out_features=128, bias=True)\n'
            '    (3): ReLU()\n'
            '    (4): Linear(in_features=128, out_features=9, bias=True)\n'
            '  )\n'
            ')',
 'replay_buffer_size': 10000,
 'replay_start_size': 2,
 'seed': 1,
 'train_steps': 876000,
 'update_frequency': 1,
 'update_target_frequency': 32,
 'weight_scale': 1.4142135623730951}
Timestep : 8758, score : -5842.4982278108655, Time : 22.963 s
Timestep : 17517, score : -5261.4817264552985, Time : 22.87 s
Timestep : 26276, score : -5493.26296582169, Time : 22.754 s
Timestep : 35035, score : -5794.471170439996, Time : 22.805 s
Timestep : 43794, score : -5675.454249743634, Time : 22.926 s
Timestep : 52553, score : -6063.689891942035, Time : 22.947 s
Timestep : 61312, score : -6238.128083010044, Time : 23.199 s
Timestep : 70071, score : -5737.222363382025, Time : 22.914 s
Timestep : 78830, score : -5897.666917781957, Time : 22.776 s
Timestep : 87589, score : -5726.908408990857, Time : 22.851 s
Timestep : 96348, score : -5667.251342341333, Time : 23.063 s
Timestep : 105107, score : -5912.189402951888, Time : 23.057 s
Timestep : 113866, score : -5703.184330163829, Time : 22.868 s
Timestep : 122625, score : -5755.548714515055, Time : 22.878 s
Timestep : 131384, score : -5874.990344812308, Time : 22.795 s
Timestep : 140143, score : -5829.2080024255265, Time : 22.86 s
Timestep : 148902, score : -6190.584265612837, Time : 23.051 s
Timestep : 157661, score : -6369.973596498399, Time : 23.14 s
Timestep : 166420, score : -5693.682902855246, Time : 22.558 s
Timestep : 175179, score : -6137.687661345713, Time : 22.528 s
Timestep : 183938, score : -6333.737434242299, Time : 22.608 s
Timestep : 192697, score : -5943.896377156503, Time : 22.774 s
Timestep : 201456, score : -5722.1720184929, Time : 23.153 s
Timestep : 210215, score : -6097.921171189781, Time : 23.312 s
Timestep : 218974, score : -6504.449727636325, Time : 23.069 s
Timestep : 227733, score : -6050.416989024059, Time : 22.827 s
Timestep : 236492, score : -5911.268932063045, Time : 22.905 s
Timestep : 245251, score : -6169.977651601104, Time : 22.945 s
Timestep : 254010, score : -6556.513871943724, Time : 23.228 s
Timestep : 262769, score : -6599.827161805544, Time : 23.251 s
Timestep : 271528, score : -6351.73455467583, Time : 23.017 s
Timestep : 280287, score : -6006.715120955632, Time : 22.817 s
Timestep : 289046, score : -6211.180276610379, Time : 22.847 s
Timestep : 297805, score : -5806.7741507086685, Time : 22.996 s
Timestep : 306564, score : -6001.04718273264, Time : 23.275 s
Timestep : 315323, score : -6264.005892255722, Time : 23.223 s
Timestep : 324082, score : -6681.735728675179, Time : 22.997 s
Timestep : 332841, score : -6153.744622446087, Time : 22.943 s
Timestep : 341600, score : -6468.717306142236, Time : 22.817 s
Timestep : 350359, score : -6448.550775458018, Time : 23.059 s
Timestep : 359118, score : -6372.6800032873, Time : 23.328 s
Timestep : 367877, score : -6110.9461910825485, Time : 23.115 s
Timestep : 376636, score : -5853.6410931770515, Time : 22.902 s
Timestep : 385395, score : -6307.317998338054, Time : 22.784 s
Timestep : 394154, score : -6418.99308974031, Time : 22.887 s
Timestep : 402913, score : -6129.138252529272, Time : 23.116 s
Timestep : 411672, score : -5801.677646354685, Time : 23.292 s
Timestep : 420431, score : -6071.383221738113, Time : 23.099 s
Timestep : 429190, score : -6029.127332955977, Time : 22.875 s
Timestep : 437949, score : -6171.213042222458, Time : 22.824 s
Timestep : 446708, score : -5997.713276578535, Time : 22.913 s
Timestep : 455467, score : -5883.069990428892, Time : 23.191 s
Timestep : 464226, score : -6265.256989896836, Time : 23.341 s
Timestep : 472985, score : -6345.508911184879, Time : 23.043 s
Timestep : 481744, score : -5885.5589531476435, Time : 22.879 s
Timestep : 490503, score : -6007.70455147585, Time : 22.881 s
Timestep : 499262, score : -6151.880713570659, Time : 23.007 s
Timestep : 508021, score : -6925.485233906802, Time : 23.068 s
Timestep : 516780, score : -6425.42217060308, Time : 23.127 s
Timestep : 525539, score : -5738.6955155763135, Time : 23.042 s
Timestep : 534298, score : -6486.960503382681, Time : 22.837 s
Timestep : 543057, score : -5923.417258443224, Time : 22.926 s
Timestep : 551816, score : -6192.8560257637, Time : 23.079 s
Timestep : 560575, score : -6627.1186317728425, Time : 23.308 s
Timestep : 569334, score : -6579.249375830506, Time : 23.092 s
Timestep : 578093, score : -6604.580118021302, Time : 23.008 s
Timestep : 586852, score : -6765.16313439708, Time : 22.898 s
Timestep : 595611, score : -6691.6385086138325, Time : 22.813 s
Timestep : 604370, score : -6735.433129038967, Time : 23.096 s
Timestep : 613129, score : -6708.835562016262, Time : 23.324 s
Timestep : 621888, score : -6906.725031912589, Time : 23.103 s
Timestep : 630647, score : -6807.894888956638, Time : 22.784 s
Timestep : 639406, score : -6251.932727134641, Time : 22.495 s
Timestep : 648165, score : -6275.25899575025, Time : 22.915 s
Timestep : 656924, score : -6629.629872048856, Time : 23.139 s
Timestep : 665683, score : -7132.945189910082, Time : 23.261 s
Timestep : 674442, score : -6501.707018543108, Time : 23.144 s
Timestep : 683201, score : -6830.991216652474, Time : 22.734 s
Timestep : 691960, score : -6738.35197330665, Time : 22.425 s
Timestep : 700719, score : -6333.755054203051, Time : 22.619 s
Timestep : 709478, score : -6542.552599667484, Time : 22.779 s
Timestep : 718237, score : -6670.4496306390065, Time : 22.846 s
Timestep : 726996, score : -6621.22969981315, Time : 23.105 s
Timestep : 735755, score : -6463.950127103206, Time : 22.57 s
Timestep : 744514, score : -6301.249459409693, Time : 22.849 s
Timestep : 753273, score : -6725.0991717878205, Time : 23.017 s
Timestep : 762032, score : -6416.073027829669, Time : 23.154 s
Timestep : 770791, score : -5965.842524219217, Time : 23.183 s
Timestep : 779550, score : -6149.455669346644, Time : 23.064 s
Timestep : 788309, score : -6446.570402006182, Time : 22.41 s
Timestep : 797068, score : -6633.347387461603, Time : 22.741 s
Timestep : 805827, score : -6875.613356848509, Time : 22.993 s
Timestep : 814586, score : -6465.259122386022, Time : 23.306 s
Timestep : 823345, score : -6746.840002556997, Time : 22.657 s
Timestep : 832104, score : -7718.413147637228, Time : 22.452 s
Timestep : 840863, score : -6439.5097945564485, Time : 22.652 s
Timestep : 849622, score : -6999.317677100218, Time : 22.855 s
Timestep : 858381, score : -6696.0382098275295, Time : 23.075 s
Timestep : 867140, score : -7146.078829357779, Time : 23.217 s
Timestep : 875899, score : -7411.688577272958, Time : 23.034 s
Starting local evaluation
Num Steps: 1000, Num episodes: 0
Num Steps: 2000, Num episodes: 0
Num Steps: 3000, Num episodes: 0
Num Steps: 4000, Num episodes: 0
Num Steps: 5000, Num episodes: 0
Num Steps: 6000, Num episodes: 0
Num Steps: 7000, Num episodes: 0
Num Steps: 8000, Num episodes: 0
Episode complete: 1 | Latest episode metrics: {'price_cost': 1.3365735007418795, 'emmision_cost': 1.5250769498918217}
[-0.7553025] -0.7553025034845169
Average Price Cost: 1.3365735007418795
Average Emmision Cost: 1.5250769498918217
Average of both costs: 1.4308252253168505
Total time taken by agent: 4.31479729199782s
DONE!
