{'agent': 'DQN', 'action_selection': 'softmax', 'seed': 2, 'episodes': 100, 'data_path': 'data/citylearn_challenge_2022_phase_1', 'dry_run': False, 'n_discrete': 9, 'update_target': 4, 'lr': 0.0003, 'batch_size': 128, 'adam_epsilon': 1e-05, 'epsilon_final': 0.02, 'run_id': 2}
{'Notes': 'This is a tuning run, executed on a single building.',
 'action_selection': 'softmax',
 'adam_epsilon': 1e-05,
 'env': '<NormalizeObservation<OneHotHour<DiscreteSingle<CityLearnEnv '
        'instance>>>>',
 'final_exploration_rate': 0.02,
 'final_exploration_step': 1000,
 'gamma': 0.99,
 'initial_exploration_rate': 1,
 'learning_rate': 0.0003,
 'loss': 'mse',
 'minibatch_size': 128,
 'network': 'MLP(\n'
            '  (layers): Sequential(\n'
            '    (0): Linear(in_features=29, out_features=128, bias=True)\n'
            '    (1): ReLU()\n'
            '    (2): Linear(in_features=128, out_features=128, bias=True)\n'
            '    (3): ReLU()\n'
            '    (4): Linear(in_features=128, out_features=9, bias=True)\n'
            '  )\n'
            ')',
 'replay_buffer_size': 10000,
 'replay_start_size': 128,
 'seed': 2,
 'train_steps': 876000,
 'update_frequency': 1,
 'update_target_frequency': 4,
 'weight_scale': 1.4142135623730951}
Timestep : 8758, score : -4963.8256389446615, Time : 26.283 s
Timestep : 17517, score : -3780.2405584966327, Time : 28.66 s
Timestep : 26276, score : -2484.1766340806207, Time : 29.159 s
Timestep : 35035, score : -2677.9979945190717, Time : 29.16 s
Timestep : 43794, score : -2292.756365955953, Time : 29.159 s
Timestep : 52553, score : -2777.6346183272835, Time : 29.147 s
Timestep : 61312, score : -2102.916333801142, Time : 29.187 s
Timestep : 70071, score : -2424.822760056617, Time : 29.169 s
Timestep : 78830, score : -1969.4303745903599, Time : 29.164 s
Timestep : 87589, score : -1993.3811979386082, Time : 29.12 s
Timestep : 96348, score : -1994.0753283204504, Time : 29.113 s
Timestep : 105107, score : -1911.844366235222, Time : 29.126 s
Timestep : 113866, score : -1637.3571914134372, Time : 28.914 s
Timestep : 122625, score : -1775.7939828100207, Time : 28.232 s
Timestep : 131384, score : -1866.937796820217, Time : 27.089 s
Timestep : 140143, score : -2034.7344201738306, Time : 27.131 s
Timestep : 148902, score : -1893.0864324441936, Time : 27.149 s
Timestep : 157661, score : -1759.3954762236972, Time : 27.18 s
Timestep : 166420, score : -1683.7300090941426, Time : 27.174 s
Timestep : 175179, score : -1505.9331297597673, Time : 27.51 s
Timestep : 183938, score : -1635.3488898871292, Time : 29.149 s
Timestep : 192697, score : -1516.807943711785, Time : 29.17 s
Timestep : 201456, score : -1474.4999674117134, Time : 28.76 s
Timestep : 210215, score : -1598.4501925853838, Time : 27.295 s
Timestep : 218974, score : -1548.0696087007236, Time : 28.936 s
Timestep : 227733, score : -1525.4666327240702, Time : 27.158 s
Timestep : 236492, score : -1441.5008347446856, Time : 27.155 s
Timestep : 245251, score : -1486.7584186403838, Time : 27.148 s
Timestep : 254010, score : -1356.5921964415174, Time : 27.134 s
Timestep : 262769, score : -1455.1427149729861, Time : 27.165 s
Timestep : 271528, score : -1313.8571323657234, Time : 27.911 s
Timestep : 280287, score : -1300.3595064932306, Time : 28.109 s
Timestep : 289046, score : -1408.4466649648093, Time : 27.129 s
Timestep : 297805, score : -1261.8062698373396, Time : 28.239 s
Timestep : 306564, score : -1344.496201721282, Time : 29.03 s
Timestep : 315323, score : -1270.9988330875349, Time : 28.394 s
Timestep : 324082, score : -1340.6493078384374, Time : 27.144 s
Timestep : 332841, score : -1249.7763230863784, Time : 27.122 s
Timestep : 341600, score : -1232.4058534049254, Time : 28.353 s
Timestep : 350359, score : -1225.4001841864374, Time : 28.513 s
Timestep : 359118, score : -1315.1093120632286, Time : 28.445 s
Timestep : 367877, score : -1281.33901512975, Time : 27.324 s
Timestep : 376636, score : -1329.4436906695191, Time : 29.169 s
Timestep : 385395, score : -1248.6438449824054, Time : 29.145 s
Timestep : 394154, score : -1116.1847478591662, Time : 29.195 s
Timestep : 402913, score : -1284.5028820231382, Time : 29.17 s
Timestep : 411672, score : -1218.6056849353772, Time : 29.031 s
Timestep : 420431, score : -1136.592652131134, Time : 27.219 s
Timestep : 429190, score : -1202.7960196647618, Time : 27.211 s
Timestep : 437949, score : -1031.3419656937767, Time : 27.812 s
Timestep : 446708, score : -1113.5469194616016, Time : 29.182 s
Timestep : 455467, score : -1114.7708554899145, Time : 29.165 s
Timestep : 464226, score : -1165.3644153105852, Time : 29.191 s
Timestep : 472985, score : -1173.0932112236333, Time : 29.186 s
Timestep : 481744, score : -1073.4854900867504, Time : 29.167 s
Timestep : 490503, score : -1127.8404042476614, Time : 29.181 s
Timestep : 499262, score : -1104.388186564931, Time : 29.167 s
Timestep : 508021, score : -1124.1902297747147, Time : 29.174 s
Timestep : 516780, score : -1034.7899652191263, Time : 27.356 s
Timestep : 525539, score : -1098.4663415211544, Time : 28.813 s
Timestep : 534298, score : -1133.2544085103145, Time : 29.104 s
Timestep : 543057, score : -1068.3973539092403, Time : 29.171 s
Timestep : 551816, score : -1067.692769958434, Time : 29.158 s
Timestep : 560575, score : -977.370627190714, Time : 29.129 s
Timestep : 569334, score : -1027.777609347162, Time : 29.166 s
Timestep : 578093, score : -1125.2899759079155, Time : 29.182 s
Timestep : 586852, score : -1093.9419552462932, Time : 29.145 s
Timestep : 595611, score : -1055.1014059700829, Time : 29.177 s
Timestep : 604370, score : -1044.2684284781863, Time : 29.14 s
Timestep : 613129, score : -989.0713345541444, Time : 29.12 s
Timestep : 621888, score : -1040.607291045395, Time : 29.189 s
Timestep : 630647, score : -1028.8704078647133, Time : 29.17 s
Timestep : 639406, score : -1071.6837670018722, Time : 27.796 s
Timestep : 648165, score : -1044.3086382902984, Time : 27.202 s
Timestep : 656924, score : -1042.4221598285076, Time : 27.176 s
Timestep : 665683, score : -996.669226097205, Time : 28.18 s
Timestep : 674442, score : -1029.81630646743, Time : 29.143 s
Timestep : 683201, score : -1061.696099344903, Time : 29.128 s
Timestep : 691960, score : -973.4798315784719, Time : 29.139 s
Timestep : 700719, score : -1050.588707526942, Time : 29.132 s
Timestep : 709478, score : -937.1427415574726, Time : 27.814 s
Timestep : 718237, score : -977.8399471442972, Time : 28.425 s
Timestep : 726996, score : -1079.6085916345764, Time : 27.198 s
Timestep : 735755, score : -979.7795562323008, Time : 28.937 s
Timestep : 744514, score : -963.684591714089, Time : 29.092 s
Timestep : 753273, score : -936.304631804378, Time : 29.12 s
Timestep : 762032, score : -960.3737090027716, Time : 28.474 s
Timestep : 770791, score : -1030.6268790767353, Time : 28.541 s
Timestep : 779550, score : -1015.4363591701549, Time : 28.759 s
Timestep : 788309, score : -991.5006074381818, Time : 27.162 s
Timestep : 797068, score : -1042.4648703572166, Time : 27.166 s
Timestep : 805827, score : -980.4503020632837, Time : 27.827 s
Timestep : 814586, score : -958.7384395508852, Time : 28.054 s
Timestep : 823345, score : -955.271748912317, Time : 27.19 s
Timestep : 832104, score : -949.9760110865172, Time : 27.184 s
Timestep : 840863, score : -964.970445881394, Time : 28.468 s
Timestep : 849622, score : -946.1835893637326, Time : 27.081 s
Timestep : 858381, score : -1035.8285036266607, Time : 27.055 s
Timestep : 867140, score : -933.9719384198834, Time : 26.946 s
Timestep : 875899, score : -866.0839610102412, Time : 26.656 s
Starting local evaluation
Num Steps: 1000, Num episodes: 0
Num Steps: 2000, Num episodes: 0
Num Steps: 3000, Num episodes: 0
Num Steps: 4000, Num episodes: 0
Num Steps: 5000, Num episodes: 0
Num Steps: 6000, Num episodes: 0
Num Steps: 7000, Num episodes: 0
Num Steps: 8000, Num episodes: 0
Episode complete: 1 | Latest episode metrics: {'price_cost': 0.8331263396180354, 'emmision_cost': 0.918809654334774}
[-0.0752467] -0.07524669827968879
Average Price Cost: 0.8331263396180354
Average Emmision Cost: 0.918809654334774
Average of both costs: 0.8759679969764047
Total time taken by agent: 3.8895946100819856s
DONE!
