{'agent': 'DQN', 'action_selection': 'egreedy', 'seed': 1, 'episodes': 100, 'data_path': 'data/citylearn_challenge_2022_phase_1', 'dry_run': False, 'n_discrete': 9, 'update_target': 4, 'lr': 0.01, 'batch_size': 64, 'adam_epsilon': 0.001, 'epsilon_final': 0.08, 'run_id': 312}
{'Notes': 'This is a tuning run, executed on a single building.',
 'action_selection': 'egreedy',
 'adam_epsilon': 0.001,
 'env': '<NormalizeObservation<OneHotHour<DiscreteSingle<CityLearnEnv '
        'instance>>>>',
 'final_exploration_rate': 0.02,
 'final_exploration_step': 1000,
 'gamma': 0.99,
 'initial_exploration_rate': 1,
 'learning_rate': 0.01,
 'loss': 'mse',
 'minibatch_size': 64,
 'network': 'MLP(\n'
            '  (layers): Sequential(\n'
            '    (0): Linear(in_features=29, out_features=128, bias=True)\n'
            '    (1): ReLU()\n'
            '    (2): Linear(in_features=128, out_features=128, bias=True)\n'
            '    (3): ReLU()\n'
            '    (4): Linear(in_features=128, out_features=9, bias=True)\n'
            '  )\n'
            ')',
 'replay_buffer_size': 10000,
 'replay_start_size': 64,
 'seed': 1,
 'train_steps': 876000,
 'update_frequency': 1,
 'update_target_frequency': 4,
 'weight_scale': 1.4142135623730951}
Timestep : 8758, score : -7691.232719504696, Time : 28.611 s
Timestep : 17517, score : -5878.763217100321, Time : 29.196 s
Timestep : 26276, score : -6849.937145854608, Time : 26.438 s
Timestep : 35035, score : -7562.124827482185, Time : 25.461 s
Timestep : 43794, score : -7225.753579907425, Time : 27.435 s
Timestep : 52553, score : -7386.539187323258, Time : 24.331 s
Timestep : 61312, score : -8514.053543446193, Time : 24.105 s
Timestep : 70071, score : -8540.856414337788, Time : 28.382 s
Timestep : 78830, score : -9279.19412370243, Time : 28.014 s
Timestep : 87589, score : -9897.24776924462, Time : 23.681 s
Timestep : 96348, score : -10198.67923359276, Time : 24.964 s
Timestep : 105107, score : -11240.363502049237, Time : 27.798 s
Timestep : 113866, score : -10435.76907524935, Time : 27.998 s
Timestep : 122625, score : -10591.087445439029, Time : 27.796 s
Timestep : 131384, score : -11855.219119154688, Time : 27.792 s
Timestep : 140143, score : -11145.068005514288, Time : 27.824 s
Timestep : 148902, score : -11571.319860880103, Time : 27.798 s
Timestep : 157661, score : -12585.451296770902, Time : 28.939 s
Timestep : 166420, score : -11082.191761669703, Time : 29.326 s
Timestep : 175179, score : -12875.828495591442, Time : 28.674 s
Timestep : 183938, score : -12226.028962905591, Time : 29.162 s
Timestep : 192697, score : -11425.897219067352, Time : 27.948 s
Timestep : 201456, score : -12398.910164333007, Time : 29.155 s
Timestep : 210215, score : -12255.53902200064, Time : 29.026 s
Timestep : 218974, score : -12523.016278493524, Time : 29.32 s
Timestep : 227733, score : -12013.581752122489, Time : 28.057 s
Timestep : 236492, score : -13072.370244344114, Time : 27.689 s
Timestep : 245251, score : -12929.897481872205, Time : 28.291 s
Timestep : 254010, score : -13077.23870247422, Time : 31.086 s
Timestep : 262769, score : -12753.061888428201, Time : 29.186 s
Timestep : 271528, score : -13356.44666270919, Time : 29.251 s
Timestep : 280287, score : -12964.690448738405, Time : 27.55 s
Timestep : 289046, score : -12293.62753717287, Time : 24.63 s
Timestep : 297805, score : -13123.69239144407, Time : 28.618 s
Timestep : 306564, score : -12370.01148447641, Time : 27.992 s
Timestep : 315323, score : -13732.835889511422, Time : 29.047 s
Timestep : 324082, score : -13599.227565140056, Time : 29.174 s
Timestep : 332841, score : -13385.91067819838, Time : 27.701 s
Timestep : 341600, score : -13398.16229143909, Time : 28.766 s
Timestep : 350359, score : -12716.096025075603, Time : 27.98 s
Timestep : 359118, score : -13557.496275229452, Time : 27.513 s
Timestep : 367877, score : -14069.543335444716, Time : 23.608 s
Timestep : 376636, score : -13456.211309259408, Time : 26.421 s
Timestep : 385395, score : -13512.785662483308, Time : 27.93 s
Timestep : 394154, score : -13723.30052669582, Time : 23.561 s
Timestep : 402913, score : -13074.01499161977, Time : 25.786 s
Timestep : 411672, score : -13317.608223081741, Time : 24.484 s
Timestep : 420431, score : -13600.121309363196, Time : 28.247 s
Timestep : 429190, score : -13187.87592891819, Time : 23.662 s
Timestep : 437949, score : -13181.871564420784, Time : 23.641 s
Timestep : 446708, score : -13541.764183597406, Time : 23.608 s
Timestep : 455467, score : -14082.115046739782, Time : 27.628 s
Timestep : 464226, score : -14343.849044739283, Time : 27.564 s
Timestep : 472985, score : -13659.106455324822, Time : 25.425 s
Timestep : 481744, score : -13521.998026627814, Time : 24.491 s
Timestep : 490503, score : -13819.798192273956, Time : 23.874 s
Timestep : 499262, score : -13582.876408010881, Time : 28.643 s
Timestep : 508021, score : -13254.611921392963, Time : 28.09 s
Timestep : 516780, score : -13336.55245362912, Time : 29.344 s
Timestep : 525539, score : -14218.593058612081, Time : 29.338 s
Timestep : 534298, score : -14440.781171882874, Time : 29.284 s
Timestep : 543057, score : -13806.454145965894, Time : 28.902 s
Timestep : 551816, score : -13654.070952566108, Time : 27.149 s
Timestep : 560575, score : -13539.713050747945, Time : 29.298 s
Timestep : 569334, score : -14123.394090245434, Time : 29.054 s
Timestep : 578093, score : -13538.443190079372, Time : 29.327 s
Timestep : 586852, score : -14114.80028012158, Time : 29.017 s
Timestep : 595611, score : -13275.234277468087, Time : 28.104 s
Timestep : 604370, score : -12534.097456915973, Time : 27.823 s
Timestep : 613129, score : -13022.568188938152, Time : 28.944 s
Timestep : 621888, score : -12958.501970992656, Time : 28.793 s
Timestep : 630647, score : -13276.364998220582, Time : 29.193 s
Timestep : 639406, score : -13657.638306866123, Time : 29.003 s
Timestep : 648165, score : -14211.577207244613, Time : 27.818 s
Timestep : 656924, score : -12204.759125667722, Time : 28.389 s
Timestep : 665683, score : -13650.097116543358, Time : 27.543 s
Timestep : 674442, score : -12920.277511264692, Time : 27.763 s
Timestep : 683201, score : -13117.5447429056, Time : 28.607 s
Timestep : 691960, score : -13124.37343449147, Time : 28.288 s
Timestep : 700719, score : -12688.35200575205, Time : 29.361 s
Timestep : 709478, score : -14121.288037120568, Time : 29.337 s
Timestep : 718237, score : -13507.129514572327, Time : 27.857 s
Timestep : 726996, score : -13421.334725207606, Time : 28.826 s
Timestep : 735755, score : -13203.358136668176, Time : 29.271 s
Timestep : 744514, score : -12866.244099553165, Time : 25.219 s
Timestep : 753273, score : -14184.922597479512, Time : 28.039 s
Timestep : 762032, score : -13350.130019694989, Time : 28.377 s
Timestep : 770791, score : -14041.980738176033, Time : 29.168 s
Timestep : 779550, score : -13689.840609325169, Time : 29.328 s
Timestep : 788309, score : -13897.782630714239, Time : 29.337 s
Timestep : 797068, score : -13716.514435284786, Time : 27.941 s
Timestep : 805827, score : -13459.963546125262, Time : 28.535 s
Timestep : 814586, score : -13768.501025365971, Time : 28.255 s
Timestep : 823345, score : -13729.77684390913, Time : 26.843 s
Timestep : 832104, score : -13772.453409973306, Time : 23.814 s
Timestep : 840863, score : -13960.570230674348, Time : 23.82 s
Timestep : 849622, score : -13231.090877397219, Time : 23.78 s
Timestep : 858381, score : -13303.151739191759, Time : 26.233 s
Timestep : 867140, score : -12669.851949343225, Time : 28.131 s
Timestep : 875899, score : -12392.276098438451, Time : 29.345 s
Starting local evaluation
Num Steps: 1000, Num episodes: 0
Num Steps: 2000, Num episodes: 0
Num Steps: 3000, Num episodes: 0
Num Steps: 4000, Num episodes: 0
Num Steps: 5000, Num episodes: 0
Num Steps: 6000, Num episodes: 0
Num Steps: 7000, Num episodes: 0
Num Steps: 8000, Num episodes: 0
Episode complete: 1 | Latest episode metrics: {'price_cost': 1.0063094042669514, 'emmision_cost': 1.0071385389104635}
[-0.23831313] -0.23831312711509647
Average Price Cost: 1.0063094042669514
Average Emmision Cost: 1.0071385389104635
Average of both costs: 1.0067239715887073
Total time taken by agent: 3.1535239471122622s
DONE!
