{'agent': 'DQN', 'action_selection': 'softmax', 'seed': 1, 'episodes': 100, 'data_path': 'data/citylearn_challenge_2022_phase_1', 'dry_run': False, 'n_discrete': 9, 'update_target': 16, 'lr': 1e-05, 'batch_size': 32, 'adam_epsilon': 0.0001, 'epsilon_final': 0.02, 'run_id': 33}
{'Notes': 'This is a tuning run, executed on a single building.',
 'action_selection': 'softmax',
 'adam_epsilon': 0.0001,
 'env': '<NormalizeObservation<OneHotHour<DiscreteSingle<CityLearnEnv '
        'instance>>>>',
 'final_exploration_rate': 0.02,
 'final_exploration_step': 1000,
 'gamma': 0.99,
 'initial_exploration_rate': 1,
 'learning_rate': 1e-05,
 'loss': 'mse',
 'minibatch_size': 32,
 'network': 'MLP(\n'
            '  (layers): Sequential(\n'
            '    (0): Linear(in_features=29, out_features=128, bias=True)\n'
            '    (1): ReLU()\n'
            '    (2): Linear(in_features=128, out_features=128, bias=True)\n'
            '    (3): ReLU()\n'
            '    (4): Linear(in_features=128, out_features=9, bias=True)\n'
            '  )\n'
            ')',
 'replay_buffer_size': 10000,
 'replay_start_size': 32,
 'seed': 1,
 'train_steps': 876000,
 'update_frequency': 1,
 'update_target_frequency': 16,
 'weight_scale': 1.4142135623730951}
Timestep : 8758, score : -7111.375227057448, Time : 21.407 s
Timestep : 17517, score : -4337.573438795662, Time : 21.175 s
Timestep : 26276, score : -4139.583635111718, Time : 21.074 s
Timestep : 35035, score : -4237.950493108743, Time : 21.282 s
Timestep : 43794, score : -4415.92381295134, Time : 21.407 s
Timestep : 52553, score : -4318.885789153603, Time : 21.356 s
Timestep : 61312, score : -4378.81158888471, Time : 21.32 s
Timestep : 70071, score : -4236.493539485527, Time : 21.154 s
Timestep : 78830, score : -4236.110659973143, Time : 21.119 s
Timestep : 87589, score : -4204.6582042473165, Time : 21.154 s
Timestep : 96348, score : -4157.0252630742325, Time : 21.115 s
Timestep : 105107, score : -4173.379581400572, Time : 21.093 s
Timestep : 113866, score : -4146.033192032395, Time : 21.106 s
Timestep : 122625, score : -4098.5490921301825, Time : 21.335 s
Timestep : 131384, score : -4115.504549294157, Time : 21.246 s
Timestep : 140143, score : -4105.903385532467, Time : 21.285 s
Timestep : 148902, score : -4107.409493888175, Time : 21.307 s
Timestep : 157661, score : -4123.812913437752, Time : 20.94 s
Timestep : 166420, score : -4115.013937493233, Time : 21.246 s
Timestep : 175179, score : -4099.35523102952, Time : 21.901 s
Timestep : 183938, score : -4113.884936377828, Time : 21.892 s
Timestep : 192697, score : -4115.979945871193, Time : 21.552 s
Timestep : 201456, score : -4264.685511102463, Time : 21.285 s
Timestep : 210215, score : -4250.701804322569, Time : 21.19 s
Timestep : 218974, score : -4320.449276922649, Time : 21.803 s
Timestep : 227733, score : -4454.568293450007, Time : 21.559 s
Timestep : 236492, score : -4501.290795212335, Time : 20.986 s
Timestep : 245251, score : -4496.848921448298, Time : 20.882 s
Timestep : 254010, score : -4324.718989568879, Time : 21.112 s
Timestep : 262769, score : -4264.326171043707, Time : 21.052 s
Timestep : 271528, score : -4231.1647499822575, Time : 21.039 s
Timestep : 280287, score : -4348.841501301533, Time : 20.968 s
Timestep : 289046, score : -4418.808847773267, Time : 21.075 s
Timestep : 297805, score : -4217.455619604705, Time : 21.179 s
Timestep : 306564, score : -4243.170153518586, Time : 21.358 s
Timestep : 315323, score : -4285.234694743558, Time : 20.89 s
Timestep : 324082, score : -4264.500644618209, Time : 21.091 s
Timestep : 332841, score : -4437.512348867051, Time : 21.151 s
Timestep : 341600, score : -4245.254233176733, Time : 21.236 s
Timestep : 350359, score : -4178.700714197155, Time : 21.185 s
Timestep : 359118, score : -4156.202927946491, Time : 21.102 s
Timestep : 367877, score : -4187.349811369, Time : 21.058 s
Timestep : 376636, score : -4152.167681085324, Time : 21.154 s
Timestep : 385395, score : -4155.481791691302, Time : 21.946 s
Timestep : 394154, score : -4204.040273195627, Time : 21.622 s
Timestep : 402913, score : -4217.763353260307, Time : 21.202 s
Timestep : 411672, score : -4296.530188627919, Time : 21.057 s
Timestep : 420431, score : -4341.4846868750465, Time : 21.275 s
Timestep : 429190, score : -4338.991166622756, Time : 20.855 s
Timestep : 437949, score : -4326.826348398725, Time : 21.048 s
Timestep : 446708, score : -4292.581833207019, Time : 21.675 s
Timestep : 455467, score : -4275.65835277029, Time : 21.777 s
Timestep : 464226, score : -4435.76016380373, Time : 21.769 s
Timestep : 472985, score : -4493.052305265941, Time : 21.294 s
Timestep : 481744, score : -4385.710119987518, Time : 21.362 s
Timestep : 490503, score : -4263.9125825831725, Time : 21.371 s
Timestep : 499262, score : -4431.9721014171955, Time : 21.357 s
Timestep : 508021, score : -4377.377877194813, Time : 21.094 s
Timestep : 516780, score : -4437.916016491217, Time : 21.03 s
Timestep : 525539, score : -4428.999530344532, Time : 21.375 s
Timestep : 534298, score : -4162.166467920848, Time : 21.73 s
Timestep : 543057, score : -4253.475008630572, Time : 21.473 s
Timestep : 551816, score : -4378.427919342794, Time : 21.778 s
Timestep : 560575, score : -4330.3804924028955, Time : 21.705 s
Timestep : 569334, score : -4310.009395261557, Time : 20.966 s
Timestep : 578093, score : -4333.496857063918, Time : 21.504 s
Timestep : 586852, score : -4311.235563823866, Time : 21.733 s
Timestep : 595611, score : -4303.791380405804, Time : 21.676 s
Timestep : 604370, score : -4218.879352459131, Time : 21.754 s
Timestep : 613129, score : -4204.002988488952, Time : 21.873 s
Timestep : 621888, score : -4092.088507678156, Time : 21.88 s
Timestep : 630647, score : -4052.835595046665, Time : 21.617 s
Timestep : 639406, score : -4071.692049872974, Time : 20.943 s
Timestep : 648165, score : -3940.037146177987, Time : 21.367 s
Timestep : 656924, score : -3847.8967615230067, Time : 21.716 s
Timestep : 665683, score : -3885.8585681813565, Time : 21.338 s
Timestep : 674442, score : -4046.4503781488893, Time : 21.41 s
Timestep : 683201, score : -3960.748667319218, Time : 21.474 s
Timestep : 691960, score : -3806.5278453857463, Time : 21.298 s
Timestep : 700719, score : -3287.753048955725, Time : 21.625 s
Timestep : 709478, score : -3282.6516283133824, Time : 21.463 s
Timestep : 718237, score : -3247.132900224795, Time : 21.227 s
Timestep : 726996, score : -2963.134232409793, Time : 21.285 s
Timestep : 735755, score : -2280.4275890621648, Time : 21.382 s
Timestep : 744514, score : -2446.6248057673947, Time : 21.35 s
Timestep : 753273, score : -2440.149192650133, Time : 21.49 s
Timestep : 762032, score : -2217.9920165193325, Time : 21.86 s
Timestep : 770791, score : -2736.947143860307, Time : 21.819 s
Timestep : 779550, score : -2736.296827355778, Time : 21.779 s
Timestep : 788309, score : -2533.4291772858996, Time : 21.849 s
Timestep : 797068, score : -2347.9435017783253, Time : 21.632 s
Timestep : 805827, score : -2372.1195355448, Time : 21.271 s
Timestep : 814586, score : -2354.4931763200148, Time : 21.255 s
Timestep : 823345, score : -2481.0052640943613, Time : 21.843 s
Timestep : 832104, score : -2357.555032601842, Time : 21.225 s
Timestep : 840863, score : -2733.3570231478952, Time : 21.467 s
Timestep : 849622, score : -2886.766501272825, Time : 21.72 s
Timestep : 858381, score : -2440.42946813468, Time : 21.313 s
Timestep : 867140, score : -2165.735030082782, Time : 21.953 s
Timestep : 875899, score : -2135.3213325066317, Time : 22.09 s
Starting local evaluation
Num Steps: 1000, Num episodes: 0
Num Steps: 2000, Num episodes: 0
Num Steps: 3000, Num episodes: 0
Num Steps: 4000, Num episodes: 0
Num Steps: 5000, Num episodes: 0
Num Steps: 6000, Num episodes: 0
Num Steps: 7000, Num episodes: 0
Num Steps: 8000, Num episodes: 0
Episode complete: 1 | Latest episode metrics: {'price_cost': 0.93367133705876, 'emmision_cost': 0.9864261539391834}
[-0.17954757] -0.1795475724108846
Average Price Cost: 0.93367133705876
Average Emmision Cost: 0.9864261539391834
Average of both costs: 0.9600487454989717
Total time taken by agent: 3.3601241037249565s
DONE!
