{'agent': 'DQN', 'action_selection': 'softmax', 'seed': 1, 'episodes': 100, 'data_path': 'data/citylearn_challenge_2022_phase_1', 'dry_run': False, 'n_discrete': 9, 'update_target': 32, 'lr': 0.07, 'batch_size': 64, 'adam_epsilon': 1e-07, 'epsilon_final': 0.02, 'run_id': 16}
{'Notes': 'This is a tuning run, executed on a single building.',
 'action_selection': 'softmax',
 'adam_epsilon': 1e-07,
 'env': '<NormalizeObservation<OneHotHour<DiscreteSingle<CityLearnEnv '
        'instance>>>>',
 'final_exploration_rate': 0.02,
 'final_exploration_step': 1000,
 'gamma': 0.99,
 'initial_exploration_rate': 1,
 'learning_rate': 0.07,
 'loss': 'mse',
 'minibatch_size': 64,
 'network': 'MLP(\n'
            '  (layers): Sequential(\n'
            '    (0): Linear(in_features=29, out_features=128, bias=True)\n'
            '    (1): ReLU()\n'
            '    (2): Linear(in_features=128, out_features=128, bias=True)\n'
            '    (3): ReLU()\n'
            '    (4): Linear(in_features=128, out_features=9, bias=True)\n'
            '  )\n'
            ')',
 'replay_buffer_size': 10000,
 'replay_start_size': 64,
 'seed': 1,
 'train_steps': 876000,
 'update_frequency': 1,
 'update_target_frequency': 32,
 'weight_scale': 1.4142135623730951}
Timestep : 8758, score : -4830.159806399519, Time : 23.436 s
Timestep : 17517, score : -4178.608948646026, Time : 24.021 s
Timestep : 26276, score : -4171.153802224813, Time : 24.269 s
Timestep : 35035, score : -4090.968688396184, Time : 24.27 s
Timestep : 43794, score : -4192.044743691949, Time : 24.26 s
Timestep : 52553, score : -4085.3367065465136, Time : 24.182 s
Timestep : 61312, score : -4132.771234383254, Time : 24.081 s
Timestep : 70071, score : -4091.7310881720914, Time : 24.138 s
Timestep : 78830, score : -4120.5924339706835, Time : 24.141 s
Timestep : 87589, score : -4117.516309008846, Time : 24.276 s
Timestep : 96348, score : -4127.130068675993, Time : 24.199 s
Timestep : 105107, score : -4095.722377448721, Time : 23.703 s
Timestep : 113866, score : -4042.155703415541, Time : 23.726 s
Timestep : 122625, score : -4030.212545355229, Time : 24.282 s
Timestep : 131384, score : -4104.764883143274, Time : 24.111 s
Timestep : 140143, score : -4050.0662486156507, Time : 24.298 s
Timestep : 148902, score : -4030.212545355229, Time : 24.118 s
Timestep : 157661, score : -4030.212545355229, Time : 24.099 s
Timestep : 166420, score : -4030.212545355229, Time : 24.226 s
Timestep : 175179, score : -4030.212545355229, Time : 24.293 s
Timestep : 183938, score : -4030.212545355229, Time : 24.263 s
Timestep : 192697, score : -4030.212545355229, Time : 24.28 s
Timestep : 201456, score : -4030.212545355229, Time : 24.308 s
Timestep : 210215, score : -4030.212545355229, Time : 24.111 s
Timestep : 218974, score : -4030.212545355229, Time : 24.276 s
Timestep : 227733, score : -4030.212545355229, Time : 24.102 s
Timestep : 236492, score : -4030.212545355229, Time : 24.305 s
Timestep : 245251, score : -4030.212545355229, Time : 24.156 s
Timestep : 254010, score : -4030.212545355229, Time : 24.132 s
Timestep : 262769, score : -4030.212545355229, Time : 24.293 s
Timestep : 271528, score : -4030.212545355229, Time : 24.065 s
Timestep : 280287, score : -4030.212545355229, Time : 24.243 s
Timestep : 289046, score : -4030.212545355229, Time : 24.097 s
Timestep : 297805, score : -4030.212545355229, Time : 24.286 s
Timestep : 306564, score : -4030.212545355229, Time : 24.293 s
Timestep : 315323, score : -4030.212545355229, Time : 24.28 s
Timestep : 324082, score : -4030.212545355229, Time : 24.286 s
Timestep : 332841, score : -4030.212545355229, Time : 24.233 s
Timestep : 341600, score : -4030.212545355229, Time : 24.345 s
Timestep : 350359, score : -4030.212545355229, Time : 24.29 s
Timestep : 359118, score : -4030.212545355229, Time : 23.949 s
Timestep : 367877, score : -4030.212545355229, Time : 23.763 s
Timestep : 376636, score : -4030.212545355229, Time : 24.207 s
Timestep : 385395, score : -4030.212545355229, Time : 24.207 s
Timestep : 394154, score : -4030.212545355229, Time : 24.215 s
Timestep : 402913, score : -4030.212545355229, Time : 24.144 s
Timestep : 411672, score : -4030.212545355229, Time : 24.245 s
Timestep : 420431, score : -4030.212545355229, Time : 24.267 s
Timestep : 429190, score : -4030.212545355229, Time : 24.089 s
Timestep : 437949, score : -4030.212545355229, Time : 24.154 s
Timestep : 446708, score : -4030.212545355229, Time : 24.249 s
Timestep : 455467, score : -4030.212545355229, Time : 24.086 s
Timestep : 464226, score : -4030.212545355229, Time : 24.238 s
Timestep : 472985, score : -4030.212545355229, Time : 24.102 s
Timestep : 481744, score : -4030.212545355229, Time : 24.268 s
Timestep : 490503, score : -4030.212545355229, Time : 23.981 s
Timestep : 499262, score : -4030.212545355229, Time : 24.246 s
Timestep : 508021, score : -4030.212545355229, Time : 24.038 s
Timestep : 516780, score : -4030.212545355229, Time : 23.349 s
Timestep : 525539, score : -4030.212545355229, Time : 24.102 s
Timestep : 534298, score : -4030.212545355229, Time : 24.253 s
Timestep : 543057, score : -4030.212545355229, Time : 24.221 s
Timestep : 551816, score : -4030.212545355229, Time : 24.223 s
Timestep : 560575, score : -4030.212545355229, Time : 24.241 s
Timestep : 569334, score : -4030.212545355229, Time : 24.243 s
Timestep : 578093, score : -4030.212545355229, Time : 24.293 s
Timestep : 586852, score : -4030.212545355229, Time : 24.283 s
Timestep : 595611, score : -4030.212545355229, Time : 24.295 s
Timestep : 604370, score : -4030.212545355229, Time : 24.273 s
Timestep : 613129, score : -4030.212545355229, Time : 24.282 s
Timestep : 621888, score : -4047.4321344140044, Time : 24.163 s
Timestep : 630647, score : -4030.212545355229, Time : 24.293 s
Timestep : 639406, score : -4030.212545355229, Time : 24.196 s
Timestep : 648165, score : -4030.212545355229, Time : 24.348 s
Timestep : 656924, score : -4030.212545355229, Time : 24.301 s
Timestep : 665683, score : -4030.212545355229, Time : 24.295 s
Timestep : 674442, score : -4030.212545355229, Time : 24.292 s
Timestep : 683201, score : -4030.212545355229, Time : 24.146 s
Timestep : 691960, score : -4030.212545355229, Time : 24.169 s
Timestep : 700719, score : -4030.212545355229, Time : 24.305 s
Timestep : 709478, score : -4030.212545355229, Time : 24.278 s
Timestep : 718237, score : -4030.212545355229, Time : 24.265 s
Timestep : 726996, score : -4030.212545355229, Time : 24.317 s
Timestep : 735755, score : -4030.212545355229, Time : 24.285 s
Timestep : 744514, score : -4030.212545355229, Time : 24.286 s
Timestep : 753273, score : -4030.212545355229, Time : 24.332 s
Timestep : 762032, score : -4030.212545355229, Time : 24.268 s
Timestep : 770791, score : -4030.212545355229, Time : 24.246 s
Timestep : 779550, score : -4030.212545355229, Time : 24.274 s
Timestep : 788309, score : -4030.212545355229, Time : 24.246 s
Timestep : 797068, score : -4030.212545355229, Time : 24.277 s
Timestep : 805827, score : -4030.212545355229, Time : 24.277 s
Timestep : 814586, score : -4030.212545355229, Time : 24.292 s
Timestep : 823345, score : -4030.212545355229, Time : 24.301 s
Timestep : 832104, score : -4030.212545355229, Time : 23.719 s
Timestep : 840863, score : -4030.212545355229, Time : 23.467 s
Timestep : 849622, score : -4030.212545355229, Time : 23.517 s
Timestep : 858381, score : -4030.212545355229, Time : 23.46 s
Timestep : 867140, score : -4030.212545355229, Time : 23.44 s
Timestep : 875899, score : -4030.212545355229, Time : 23.389 s
Starting local evaluation
Num Steps: 1000, Num episodes: 0
Num Steps: 2000, Num episodes: 0
Num Steps: 3000, Num episodes: 0
Num Steps: 4000, Num episodes: 0
Num Steps: 5000, Num episodes: 0
Num Steps: 6000, Num episodes: 0
Num Steps: 7000, Num episodes: 0
Num Steps: 8000, Num episodes: 0
Episode complete: 1 | Latest episode metrics: {'price_cost': 1.0, 'emmision_cost': 1.0}
[-0.23006123] -0.23006122589809516
Average Price Cost: 1.0
Average Emmision Cost: 1.0
Average of both costs: 1.0
Total time taken by agent: 3.7084709373302758s
DONE!
