{'agent': 'DQN', 'action_selection': 'egreedy', 'seed': 1, 'episodes': 100, 'data_path': 'data/citylearn_challenge_2022_phase_1', 'dry_run': False, 'n_discrete': 9, 'update_target': 4, 'lr': 0.01, 'batch_size': 4, 'adam_epsilon': 1e-09, 'epsilon_final': 0.01, 'run_id': 368}
{'Notes': 'This is a tuning run, executed on a single building.',
 'action_selection': 'egreedy',
 'adam_epsilon': 1e-09,
 'env': '<NormalizeObservation<OneHotHour<DiscreteSingle<CityLearnEnv '
        'instance>>>>',
 'final_exploration_rate': 0.02,
 'final_exploration_step': 1000,
 'gamma': 0.99,
 'initial_exploration_rate': 1,
 'learning_rate': 0.01,
 'loss': 'mse',
 'minibatch_size': 4,
 'network': 'MLP(\n'
            '  (layers): Sequential(\n'
            '    (0): Linear(in_features=29, out_features=128, bias=True)\n'
            '    (1): ReLU()\n'
            '    (2): Linear(in_features=128, out_features=128, bias=True)\n'
            '    (3): ReLU()\n'
            '    (4): Linear(in_features=128, out_features=9, bias=True)\n'
            '  )\n'
            ')',
 'replay_buffer_size': 10000,
 'replay_start_size': 4,
 'seed': 1,
 'train_steps': 876000,
 'update_frequency': 1,
 'update_target_frequency': 4,
 'weight_scale': 1.4142135623730951}
Timestep : 8758, score : -6353.92340245466, Time : 21.485 s
Timestep : 17517, score : -6510.133454245661, Time : 21.594 s
Timestep : 26276, score : -6207.630136955209, Time : 21.881 s
Timestep : 35035, score : -7321.733056997837, Time : 21.987 s
Timestep : 43794, score : -8359.619738204594, Time : 22.057 s
Timestep : 52553, score : -6664.465681557456, Time : 22.009 s
Timestep : 61312, score : -7749.2199907787435, Time : 21.688 s
Timestep : 70071, score : -6016.805733042682, Time : 21.912 s
Timestep : 78830, score : -6835.974148145484, Time : 22.076 s
Timestep : 87589, score : -6452.521540281508, Time : 22.097 s
Timestep : 96348, score : -6594.726036327862, Time : 22.092 s
Timestep : 105107, score : -6775.417842652372, Time : 22.078 s
Timestep : 113866, score : -7113.708770782141, Time : 22.09 s
Timestep : 122625, score : -7041.329724600335, Time : 22.105 s
Timestep : 131384, score : -6570.203400125247, Time : 22.056 s
Timestep : 140143, score : -6190.684976540419, Time : 22.291 s
Timestep : 148902, score : -5604.738619860756, Time : 22.466 s
Timestep : 157661, score : -6213.050592990621, Time : 22.132 s
Timestep : 166420, score : -5875.564242571549, Time : 22.071 s
Timestep : 175179, score : -6515.7181241521175, Time : 22.083 s
Timestep : 183938, score : -6274.347096087833, Time : 22.076 s
Timestep : 192697, score : -5957.630245599808, Time : 22.071 s
Timestep : 201456, score : -6266.399769021926, Time : 22.083 s
Timestep : 210215, score : -6399.810415571745, Time : 22.093 s
Timestep : 218974, score : -6078.529165675311, Time : 22.087 s
Timestep : 227733, score : -6144.898848638477, Time : 22.088 s
Timestep : 236492, score : -6451.508805329242, Time : 22.384 s
Timestep : 245251, score : -6313.38979015025, Time : 22.457 s
Timestep : 254010, score : -6203.005651256099, Time : 22.13 s
Timestep : 262769, score : -6413.009615083094, Time : 22.142 s
Timestep : 271528, score : -6174.655756756809, Time : 22.107 s
Timestep : 280287, score : -6568.7773812738305, Time : 22.111 s
Timestep : 289046, score : -6279.393269258915, Time : 22.107 s
Timestep : 297805, score : -6190.782315525728, Time : 22.104 s
Timestep : 306564, score : -6314.139043563424, Time : 22.1 s
Timestep : 315323, score : -6069.917921176471, Time : 22.09 s
Timestep : 324082, score : -6371.715113004349, Time : 22.086 s
Timestep : 332841, score : -6344.866308107885, Time : 22.537 s
Timestep : 341600, score : -6170.884895997384, Time : 22.294 s
Timestep : 350359, score : -6204.960385730868, Time : 22.108 s
Timestep : 359118, score : -5976.7710676094575, Time : 22.103 s
Timestep : 367877, score : -6297.81773421503, Time : 22.091 s
Timestep : 376636, score : -6228.522084288212, Time : 22.109 s
Timestep : 385395, score : -6406.120517340634, Time : 22.111 s
Timestep : 394154, score : -6021.503367366648, Time : 22.101 s
Timestep : 402913, score : -6310.7967637033, Time : 21.888 s
Timestep : 411672, score : -6374.470963038286, Time : 22.046 s
Timestep : 420431, score : -6560.683706233074, Time : 22.176 s
Timestep : 429190, score : -6305.048151371026, Time : 22.526 s
Timestep : 437949, score : -6341.222222948825, Time : 22.253 s
Timestep : 446708, score : -6436.867019879312, Time : 21.841 s
Timestep : 455467, score : -6847.768868789688, Time : 21.513 s
Timestep : 464226, score : -6749.601217103729, Time : 21.795 s
Timestep : 472985, score : -6352.171103880188, Time : 22.097 s
Timestep : 481744, score : -6253.9493948335585, Time : 21.642 s
Timestep : 490503, score : -6394.710214722509, Time : 21.76 s
Timestep : 499262, score : -6585.472132318959, Time : 21.651 s
Timestep : 508021, score : -6384.769277781394, Time : 22.176 s
Timestep : 516780, score : -6606.24105905593, Time : 22.1 s
Timestep : 525539, score : -6709.769127693406, Time : 22.504 s
Timestep : 534298, score : -6392.351866059267, Time : 22.182 s
Timestep : 543057, score : -6729.329594438808, Time : 21.808 s
Timestep : 551816, score : -6327.05425887779, Time : 22.102 s
Timestep : 560575, score : -6791.785596243644, Time : 22.094 s
Timestep : 569334, score : -6412.17679333876, Time : 22.114 s
Timestep : 578093, score : -6929.945103882699, Time : 22.096 s
Timestep : 586852, score : -6126.640082521626, Time : 22.096 s
Timestep : 595611, score : -6669.25011534433, Time : 22.116 s
Timestep : 604370, score : -6417.436333117821, Time : 22.1 s
Timestep : 613129, score : -6706.073183924964, Time : 22.253 s
Timestep : 621888, score : -6251.656867899688, Time : 22.512 s
Timestep : 630647, score : -6272.284141344513, Time : 22.214 s
Timestep : 639406, score : -6264.325627590646, Time : 22.104 s
Timestep : 648165, score : -6898.534317300568, Time : 22.098 s
Timestep : 656924, score : -6593.534823092006, Time : 22.095 s
Timestep : 665683, score : -6369.26169128521, Time : 22.11 s
Timestep : 674442, score : -6827.141656659805, Time : 22.038 s
Timestep : 683201, score : -6790.861534932483, Time : 21.752 s
Timestep : 691960, score : -6708.824952689494, Time : 21.269 s
Timestep : 700719, score : -6637.299343517079, Time : 21.827 s
Timestep : 709478, score : -6627.571813365052, Time : 21.998 s
Timestep : 718237, score : -6721.473252128333, Time : 22.111 s
Timestep : 726996, score : -7159.750781689523, Time : 21.842 s
Timestep : 735755, score : -6676.9237591415, Time : 21.656 s
Timestep : 744514, score : -7241.681582967663, Time : 21.834 s
Timestep : 753273, score : -7048.814451578146, Time : 21.856 s
Timestep : 762032, score : -6981.23407512992, Time : 21.837 s
Timestep : 770791, score : -6889.424203416478, Time : 21.817 s
Timestep : 779550, score : -6379.377823657327, Time : 21.821 s
Timestep : 788309, score : -6741.858663256891, Time : 21.827 s
Timestep : 797068, score : -6865.669375061436, Time : 21.816 s
Timestep : 805827, score : -6869.324263499053, Time : 22.126 s
Timestep : 814586, score : -6820.9299983097735, Time : 22.102 s
Timestep : 823345, score : -6587.189300714017, Time : 21.803 s
Timestep : 832104, score : -7085.169362374421, Time : 21.821 s
Timestep : 840863, score : -6966.918666919955, Time : 21.806 s
Timestep : 849622, score : -6994.050968978816, Time : 21.787 s
Timestep : 858381, score : -6968.11541322009, Time : 21.747 s
Timestep : 867140, score : -6897.911276948551, Time : 21.732 s
Timestep : 875899, score : -6482.802140459215, Time : 21.722 s
Starting local evaluation
Num Steps: 1000, Num episodes: 0
Num Steps: 2000, Num episodes: 0
Num Steps: 3000, Num episodes: 0
Num Steps: 4000, Num episodes: 0
Num Steps: 5000, Num episodes: 0
Num Steps: 6000, Num episodes: 0
Num Steps: 7000, Num episodes: 0
Num Steps: 8000, Num episodes: 0
Episode complete: 1 | Latest episode metrics: {'price_cost': 1.4898559192196785, 'emmision_cost': 1.5620607351710696}
[-0.87534725] -0.8753472452828409
Average Price Cost: 1.4898559192196785
Average Emmision Cost: 1.5620607351710696
Average of both costs: 1.525958327195374
Total time taken by agent: 2.5075211877119727s
DONE!
