{'agent': 'DQN', 'action_selection': 'egreedy', 'seed': 1, 'episodes': 100, 'data_path': 'data/citylearn_challenge_2022_phase_1', 'dry_run': False, 'n_discrete': 9, 'update_target': 4, 'lr': 0.003, 'batch_size': 4, 'adam_epsilon': 0.0001, 'epsilon_final': 0.03, 'run_id': 324}
{'Notes': 'This is a tuning run, executed on a single building.',
 'action_selection': 'egreedy',
 'adam_epsilon': 0.0001,
 'env': '<NormalizeObservation<OneHotHour<DiscreteSingle<CityLearnEnv '
        'instance>>>>',
 'final_exploration_rate': 0.02,
 'final_exploration_step': 1000,
 'gamma': 0.99,
 'initial_exploration_rate': 1,
 'learning_rate': 0.003,
 'loss': 'mse',
 'minibatch_size': 4,
 'network': 'MLP(\n'
            '  (layers): Sequential(\n'
            '    (0): Linear(in_features=29, out_features=128, bias=True)\n'
            '    (1): ReLU()\n'
            '    (2): Linear(in_features=128, out_features=128, bias=True)\n'
            '    (3): ReLU()\n'
            '    (4): Linear(in_features=128, out_features=9, bias=True)\n'
            '  )\n'
            ')',
 'replay_buffer_size': 10000,
 'replay_start_size': 4,
 'seed': 1,
 'train_steps': 876000,
 'update_frequency': 1,
 'update_target_frequency': 4,
 'weight_scale': 1.4142135623730951}
Timestep : 8758, score : -7124.875141908793, Time : 19.181 s
Timestep : 17517, score : -10922.605943119226, Time : 19.331 s
Timestep : 26276, score : -9050.104185183998, Time : 19.324 s
Timestep : 35035, score : -8987.41901307457, Time : 19.362 s
Timestep : 43794, score : -8466.505687397585, Time : 19.405 s
Timestep : 52553, score : -9003.382786453149, Time : 19.391 s
Timestep : 61312, score : -4833.306192311837, Time : 19.405 s
Timestep : 70071, score : -4315.602459495334, Time : 19.417 s
Timestep : 78830, score : -4486.076105658809, Time : 19.429 s
Timestep : 87589, score : -4553.174489914818, Time : 19.65 s
Timestep : 96348, score : -4465.061806182406, Time : 19.855 s
Timestep : 105107, score : -4585.774600198056, Time : 19.786 s
Timestep : 113866, score : -4538.916760445951, Time : 19.843 s
Timestep : 122625, score : -4410.429909321858, Time : 19.874 s
Timestep : 131384, score : -4439.278381416021, Time : 19.694 s
Timestep : 140143, score : -4526.781728529284, Time : 19.553 s
Timestep : 148902, score : -4474.139701967506, Time : 19.836 s
Timestep : 157661, score : -4435.383842884825, Time : 19.872 s
Timestep : 166420, score : -4548.450845610729, Time : 19.943 s
Timestep : 175179, score : -4543.626233812218, Time : 19.889 s
Timestep : 183938, score : -4530.163892240642, Time : 19.885 s
Timestep : 192697, score : -4482.412193133874, Time : 19.836 s
Timestep : 201456, score : -4513.920324582985, Time : 19.857 s
Timestep : 210215, score : -4478.783637754066, Time : 19.864 s
Timestep : 218974, score : -4424.617188086646, Time : 19.856 s
Timestep : 227733, score : -4467.431269624649, Time : 19.86 s
Timestep : 236492, score : -4480.581381610973, Time : 19.821 s
Timestep : 245251, score : -4444.308512990741, Time : 19.885 s
Timestep : 254010, score : -4436.775252913154, Time : 19.884 s
Timestep : 262769, score : -4433.047948782361, Time : 19.872 s
Timestep : 271528, score : -4397.8192566627695, Time : 19.858 s
Timestep : 280287, score : -4583.715575793205, Time : 19.77 s
Timestep : 289046, score : -4455.135135251476, Time : 19.756 s
Timestep : 297805, score : -4535.988246805413, Time : 19.777 s
Timestep : 306564, score : -4446.722201589291, Time : 19.775 s
Timestep : 315323, score : -4497.414011434099, Time : 19.816 s
Timestep : 324082, score : -4563.1382359214185, Time : 19.839 s
Timestep : 332841, score : -4638.299942818849, Time : 19.799 s
Timestep : 341600, score : -4506.914601170836, Time : 19.807 s
Timestep : 350359, score : -4412.511719034432, Time : 19.817 s
Timestep : 359118, score : -4439.853099308821, Time : 19.835 s
Timestep : 367877, score : -4506.490557240701, Time : 19.81 s
Timestep : 376636, score : -4506.112197113485, Time : 19.775 s
Timestep : 385395, score : -4498.040619757288, Time : 19.793 s
Timestep : 394154, score : -4359.5950385028555, Time : 19.739 s
Timestep : 402913, score : -4461.819603992073, Time : 19.776 s
Timestep : 411672, score : -4470.988781328575, Time : 19.783 s
Timestep : 420431, score : -4435.9313551560335, Time : 19.794 s
Timestep : 429190, score : -4568.999248025037, Time : 19.629 s
Timestep : 437949, score : -4568.465813101648, Time : 19.723 s
Timestep : 446708, score : -4612.601048828481, Time : 19.788 s
Timestep : 455467, score : -4443.096294177143, Time : 19.797 s
Timestep : 464226, score : -4459.477485628246, Time : 19.779 s
Timestep : 472985, score : -4488.925517207856, Time : 19.817 s
Timestep : 481744, score : -4553.103764608459, Time : 19.802 s
Timestep : 490503, score : -4641.014961028384, Time : 19.812 s
Timestep : 499262, score : -4447.436121494888, Time : 19.81 s
Timestep : 508021, score : -4548.559930939606, Time : 19.86 s
Timestep : 516780, score : -4288.607220308302, Time : 19.694 s
Timestep : 525539, score : -4505.682483321434, Time : 19.87 s
Timestep : 534298, score : -4447.699869070624, Time : 19.845 s
Timestep : 543057, score : -4473.726402955974, Time : 19.74 s
Timestep : 551816, score : -4371.675126343878, Time : 19.861 s
Timestep : 560575, score : -4488.842164052097, Time : 19.855 s
Timestep : 569334, score : -4460.237748821644, Time : 19.819 s
Timestep : 578093, score : -4626.643550795881, Time : 19.752 s
Timestep : 586852, score : -4405.0312764443515, Time : 19.811 s
Timestep : 595611, score : -4405.784163118413, Time : 19.764 s
Timestep : 604370, score : -4562.051008888782, Time : 19.522 s
Timestep : 613129, score : -4488.184595571278, Time : 19.832 s
Timestep : 621888, score : -4472.657016997604, Time : 19.81 s
Timestep : 630647, score : -4525.52145650555, Time : 19.453 s
Timestep : 639406, score : -4519.087546182243, Time : 19.767 s
Timestep : 648165, score : -4518.634229493706, Time : 19.795 s
Timestep : 656924, score : -4464.449631416617, Time : 19.806 s
Timestep : 665683, score : -4428.421758844081, Time : 19.813 s
Timestep : 674442, score : -4527.513898776291, Time : 19.83 s
Timestep : 683201, score : -4461.342837669799, Time : 19.8 s
Timestep : 691960, score : -4519.508773996873, Time : 19.341 s
Timestep : 700719, score : -4635.07537865956, Time : 19.388 s
Timestep : 709478, score : -4484.478226905136, Time : 19.528 s
Timestep : 718237, score : -4457.911062973464, Time : 19.453 s
Timestep : 726996, score : -4553.281945926516, Time : 19.386 s
Timestep : 735755, score : -4482.566306113644, Time : 19.472 s
Timestep : 744514, score : -4538.4653345555125, Time : 19.79 s
Timestep : 753273, score : -4555.253307698673, Time : 19.824 s
Timestep : 762032, score : -4566.80396615286, Time : 19.833 s
Timestep : 770791, score : -4412.938441991137, Time : 19.705 s
Timestep : 779550, score : -4584.878165469883, Time : 20.457 s
Timestep : 788309, score : -4488.870657732157, Time : 20.939 s
Timestep : 797068, score : -4463.95501340591, Time : 20.541 s
Timestep : 805827, score : -4465.14172982928, Time : 20.031 s
Timestep : 814586, score : -4540.328938820894, Time : 19.754 s
Timestep : 823345, score : -4502.774597827607, Time : 19.454 s
Timestep : 832104, score : -4549.647533097916, Time : 19.386 s
Timestep : 840863, score : -4669.151934650174, Time : 19.661 s
Timestep : 849622, score : -4585.410151770251, Time : 19.846 s
Timestep : 858381, score : -4574.496892258641, Time : 19.791 s
Timestep : 867140, score : -4550.4725372153625, Time : 19.62 s
Timestep : 875899, score : -4510.9986711045785, Time : 19.598 s
Starting local evaluation
Num Steps: 1000, Num episodes: 0
Num Steps: 2000, Num episodes: 0
Num Steps: 3000, Num episodes: 0
Num Steps: 4000, Num episodes: 0
Num Steps: 5000, Num episodes: 0
Num Steps: 6000, Num episodes: 0
Num Steps: 7000, Num episodes: 0
Num Steps: 8000, Num episodes: 0
Episode complete: 1 | Latest episode metrics: {'price_cost': 1.0143803976904788, 'emmision_cost': 1.0160626741515306}
[-0.24874665] -0.2487466546518741
Average Price Cost: 1.0143803976904788
Average Emmision Cost: 1.0160626741515306
Average of both costs: 1.0152215359210048
Total time taken by agent: 2.228836487978697s
DONE!
