{'agent': 'UADQN', 'action_selection': 'softmax', 'seed': 1, 'episodes': 50, 'data_path': 'data/citylearn_challenge_2022_phase_1', 'dry_run': False, 'n_discrete': 9, 'update_target': 32, 'lr': 0.0001, 'batch_size': 32, 'adam_epsilon': 1e-05, 'epsilon_final': 0.02, 'run_id': 456}
{'Notes': 'This is a tuning run, executed on a single building.',
 'adam_epsilon': 1e-05,
 'aleatoric_factor': 0,
 'biased_aleatoric': False,
 'env': '<NormalizeObservation<OneHotHour<DiscreteSingle<CityLearnEnv '
        'instance>>>>',
 'epistemic_factor': 1,
 'gamma': 0.99,
 'learning_rate': 0.0001,
 'minibatch_size': 32,
 'n_quantiles': 20,
 'network': 'MLP(\n'
            '  (layers): Sequential(\n'
            '    (0): Linear(in_features=29, out_features=128, bias=True)\n'
            '    (1): ReLU()\n'
            '    (2): Linear(in_features=128, out_features=128, bias=True)\n'
            '    (3): ReLU()\n'
            '    (4): Linear(in_features=128, out_features=180, bias=True)\n'
            '  )\n'
            ')',
 'noise_scale': 1,
 'replay_buffer_size': 10000,
 'replay_start_size': 32,
 'seed': 1,
 'train_steps': 438000,
 'update_frequency': 1,
 'update_target_frequency': 32,
 'weight_scale': 1.4142135623730951}
Timestep : 8758, score : -4852.6750284413865, Time : 70.145 s
Timestep : 17517, score : -4115.583594178228, Time : 71.024 s
Timestep : 26276, score : -4382.85704148878, Time : 71.187 s
Timestep : 35035, score : -4132.166985860167, Time : 71.205 s
Timestep : 43794, score : -4371.460273460863, Time : 71.317 s
Timestep : 52553, score : -4388.441208933276, Time : 71.564 s
Timestep : 61312, score : -4453.451095553493, Time : 71.916 s
Timestep : 70071, score : -4298.976427725429, Time : 72.077 s
Timestep : 78830, score : -4300.8913780522125, Time : 72.149 s
Timestep : 87589, score : -3681.126450385229, Time : 72.144 s
Timestep : 96348, score : -3187.927314143424, Time : 72.16 s
Timestep : 105107, score : -2690.0646507351485, Time : 73.534 s
Timestep : 113866, score : -1848.1465547728876, Time : 72.973 s
Timestep : 122625, score : -2262.4181347281265, Time : 71.562 s
Timestep : 131384, score : -1866.1476764502295, Time : 71.568 s
Timestep : 140143, score : -1703.1646191065956, Time : 71.553 s
Timestep : 148902, score : -1730.185329285945, Time : 71.542 s
Timestep : 157661, score : -1596.347772526351, Time : 71.495 s
Timestep : 166420, score : -1394.8746579995204, Time : 71.608 s
Timestep : 175179, score : -1594.8629947901063, Time : 71.592 s
Timestep : 183938, score : -1428.2201548798766, Time : 71.565 s
Timestep : 192697, score : -1656.8819766694505, Time : 71.548 s
Timestep : 201456, score : -1409.162133557984, Time : 71.512 s
Timestep : 210215, score : -1527.7123280284286, Time : 71.608 s
Timestep : 218974, score : -1540.9299427755468, Time : 73.991 s
Timestep : 227733, score : -1300.8377097116609, Time : 73.984 s
Timestep : 236492, score : -1516.8789810785383, Time : 74.024 s
Timestep : 245251, score : -1096.0495207221538, Time : 74.041 s
Timestep : 254010, score : -1426.3416277731594, Time : 73.96 s
Timestep : 262769, score : -918.3997474827629, Time : 72.167 s
Timestep : 271528, score : -721.6074851486192, Time : 71.551 s
Timestep : 280287, score : -812.4734367640049, Time : 71.526 s
Timestep : 289046, score : -926.710266623908, Time : 71.518 s
Timestep : 297805, score : -1050.5482106742274, Time : 71.527 s
Timestep : 306564, score : -1013.7603158675192, Time : 71.528 s
Timestep : 315323, score : -1137.342193834047, Time : 71.554 s
Timestep : 324082, score : -1202.5751063423522, Time : 71.542 s
Timestep : 332841, score : -1278.841971616639, Time : 71.505 s
Timestep : 341600, score : -1324.3135049245611, Time : 72.78 s
Timestep : 350359, score : -1136.638883193962, Time : 72.164 s
Timestep : 359118, score : -858.085967652296, Time : 73.443 s
Timestep : 367877, score : -985.9333343090984, Time : 73.679 s
Timestep : 376636, score : -849.8898867704265, Time : 73.668 s
Timestep : 385395, score : -705.3935705986278, Time : 73.419 s
Timestep : 394154, score : -871.1516395664803, Time : 72.778 s
Timestep : 402913, score : -888.4361932992033, Time : 73.535 s
Timestep : 411672, score : -918.5539564411447, Time : 73.74 s
Timestep : 420431, score : -1024.149559159021, Time : 71.887 s
Timestep : 429190, score : -1263.5273550182465, Time : 71.448 s
Timestep : 437949, score : -1285.692212347196, Time : 71.104 s
Starting local evaluation
Num Steps: 1000, Num episodes: 0
Num Steps: 2000, Num episodes: 0
Num Steps: 3000, Num episodes: 0
Num Steps: 4000, Num episodes: 0
Num Steps: 5000, Num episodes: 0
Num Steps: 6000, Num episodes: 0
Num Steps: 7000, Num episodes: 0
Num Steps: 8000, Num episodes: 0
Episode complete: 1 | Latest episode metrics: {'price_cost': 0.846270561876822, 'emmision_cost': 0.9133980421632732}
[-0.08048124] -0.08048124020512716
Average Price Cost: 0.846270561876822
Average Emmision Cost: 0.9133980421632732
Average of both costs: 0.8798343020200476
Total time taken by agent: 11.402039570384659s
DONE!
