{'agent': 'DQN', 'action_selection': 'softmax', 'seed': 1, 'episodes': 100, 'data_path': 'data/citylearn_challenge_2022_phase_1', 'dry_run': False, 'n_discrete': 9, 'update_target': 32, 'lr': 7e-05, 'batch_size': 128, 'adam_epsilon': 1e-09, 'epsilon_final': 0.02, 'run_id': 24}
{'Notes': 'This is a tuning run, executed on a single building.',
 'action_selection': 'softmax',
 'adam_epsilon': 1e-09,
 'env': '<NormalizeObservation<OneHotHour<DiscreteSingle<CityLearnEnv '
        'instance>>>>',
 'final_exploration_rate': 0.02,
 'final_exploration_step': 1000,
 'gamma': 0.99,
 'initial_exploration_rate': 1,
 'learning_rate': 7e-05,
 'loss': 'mse',
 'minibatch_size': 128,
 'network': 'MLP(\n'
            '  (layers): Sequential(\n'
            '    (0): Linear(in_features=29, out_features=128, bias=True)\n'
            '    (1): ReLU()\n'
            '    (2): Linear(in_features=128, out_features=128, bias=True)\n'
            '    (3): ReLU()\n'
            '    (4): Linear(in_features=128, out_features=9, bias=True)\n'
            '  )\n'
            ')',
 'replay_buffer_size': 10000,
 'replay_start_size': 128,
 'seed': 1,
 'train_steps': 876000,
 'update_frequency': 1,
 'update_target_frequency': 32,
 'weight_scale': 1.4142135623730951}
Timestep : 8758, score : -4999.059592244288, Time : 25.878 s
Timestep : 17517, score : -4467.664618832438, Time : 26.317 s
Timestep : 26276, score : -4444.2216667433095, Time : 27.09 s
Timestep : 35035, score : -4432.8953172636975, Time : 28.542 s
Timestep : 43794, score : -4288.731244889466, Time : 28.34 s
Timestep : 52553, score : -4180.560886588326, Time : 28.381 s
Timestep : 61312, score : -3807.0736631392792, Time : 28.296 s
Timestep : 70071, score : -3031.3866701469815, Time : 28.439 s
Timestep : 78830, score : -2770.046310181293, Time : 28.511 s
Timestep : 87589, score : -2767.9781381896755, Time : 28.355 s
Timestep : 96348, score : -2613.99880025888, Time : 27.812 s
Timestep : 105107, score : -2596.9610849944, Time : 28.197 s
Timestep : 113866, score : -2196.5515592678275, Time : 28.053 s
Timestep : 122625, score : -2319.2694967197313, Time : 26.501 s
Timestep : 131384, score : -2350.907455526205, Time : 28.05 s
Timestep : 140143, score : -1996.2621759181202, Time : 26.502 s
Timestep : 148902, score : -2231.3727752503764, Time : 28.259 s
Timestep : 157661, score : -2174.769514691041, Time : 28.237 s
Timestep : 166420, score : -1972.0705893925915, Time : 28.712 s
Timestep : 175179, score : -2395.878259944453, Time : 28.955 s
Timestep : 183938, score : -2329.394030362164, Time : 28.393 s
Timestep : 192697, score : -2534.841447259256, Time : 27.299 s
Timestep : 201456, score : -2657.332857278554, Time : 26.684 s
Timestep : 210215, score : -2656.0283708826464, Time : 27.21 s
Timestep : 218974, score : -2373.8750216267363, Time : 28.615 s
Timestep : 227733, score : -2563.9300934610364, Time : 27.346 s
Timestep : 236492, score : -2658.5437632404646, Time : 28.799 s
Timestep : 245251, score : -2528.026819135528, Time : 28.992 s
Timestep : 254010, score : -2638.9272060634976, Time : 28.87 s
Timestep : 262769, score : -2513.0621144533216, Time : 28.764 s
Timestep : 271528, score : -2444.438414515491, Time : 29.017 s
Timestep : 280287, score : -2379.9634706991783, Time : 28.702 s
Timestep : 289046, score : -2553.202514735327, Time : 28.885 s
Timestep : 297805, score : -2680.964218444855, Time : 29.328 s
Timestep : 306564, score : -2163.094149599856, Time : 28.629 s
Timestep : 315323, score : -2621.6810777169158, Time : 29.018 s
Timestep : 324082, score : -2376.450641554271, Time : 28.796 s
Timestep : 332841, score : -2346.606473537133, Time : 28.745 s
Timestep : 341600, score : -2455.637968321593, Time : 29.111 s
Timestep : 350359, score : -2367.190102792607, Time : 28.641 s
Timestep : 359118, score : -2391.277810943917, Time : 28.952 s
Timestep : 367877, score : -2132.731442527409, Time : 28.88 s
Timestep : 376636, score : -2309.764302230702, Time : 28.818 s
Timestep : 385395, score : -2052.282561225147, Time : 28.694 s
Timestep : 394154, score : -2377.137638937478, Time : 28.773 s
Timestep : 402913, score : -2116.0007983406686, Time : 29.182 s
Timestep : 411672, score : -2127.062376163987, Time : 28.906 s
Timestep : 420431, score : -2214.4445450705534, Time : 28.506 s
Timestep : 429190, score : -2303.6635079023254, Time : 28.532 s
Timestep : 437949, score : -1843.750447592669, Time : 28.519 s
Timestep : 446708, score : -2149.771131780144, Time : 29.028 s
Timestep : 455467, score : -2068.378643637203, Time : 29.26 s
Timestep : 464226, score : -2341.8823202529748, Time : 28.604 s
Timestep : 472985, score : -2211.036432871042, Time : 28.517 s
Timestep : 481744, score : -2070.1541012475063, Time : 28.493 s
Timestep : 490503, score : -1949.6224214870308, Time : 28.544 s
Timestep : 499262, score : -2142.341316013393, Time : 29.429 s
Timestep : 508021, score : -2128.3328090024006, Time : 28.97 s
Timestep : 516780, score : -2087.4919062228437, Time : 28.55 s
Timestep : 525539, score : -1816.5906157609134, Time : 28.548 s
Timestep : 534298, score : -1968.0815951184195, Time : 28.497 s
Timestep : 543057, score : -1854.019831143698, Time : 27.267 s
Timestep : 551816, score : -1833.025985510816, Time : 28.407 s
Timestep : 560575, score : -1882.2545292603609, Time : 28.015 s
Timestep : 569334, score : -1793.606133765803, Time : 28.06 s
Timestep : 578093, score : -1773.8574529162433, Time : 26.591 s
Timestep : 586852, score : -1989.496972991532, Time : 26.735 s
Timestep : 595611, score : -1984.1171233769564, Time : 27.917 s
Timestep : 604370, score : -2030.574106716289, Time : 29.051 s
Timestep : 613129, score : -1955.7360777557187, Time : 28.728 s
Timestep : 621888, score : -2012.712010670657, Time : 28.514 s
Timestep : 630647, score : -1933.024888114218, Time : 28.56 s
Timestep : 639406, score : -2007.2021495454537, Time : 28.994 s
Timestep : 648165, score : -1903.9782769970188, Time : 28.843 s
Timestep : 656924, score : -1907.6476813922927, Time : 28.973 s
Timestep : 665683, score : -2261.1097195700568, Time : 28.642 s
Timestep : 674442, score : -2250.591446480743, Time : 28.547 s
Timestep : 683201, score : -2154.767792233528, Time : 28.875 s
Timestep : 691960, score : -1825.181095609354, Time : 28.835 s
Timestep : 700719, score : -1991.819956150517, Time : 28.718 s
Timestep : 709478, score : -2279.2206243267574, Time : 28.928 s
Timestep : 718237, score : -2072.7236098071735, Time : 28.535 s
Timestep : 726996, score : -1941.3387985651207, Time : 28.811 s
Timestep : 735755, score : -2131.190546475613, Time : 28.905 s
Timestep : 744514, score : -1885.155264383211, Time : 28.535 s
Timestep : 753273, score : -2065.4300076721993, Time : 28.82 s
Timestep : 762032, score : -1917.3933414294443, Time : 28.908 s
Timestep : 770791, score : -1952.2313333179627, Time : 28.699 s
Timestep : 779550, score : -2098.712842875364, Time : 28.084 s
Timestep : 788309, score : -2271.7701872848265, Time : 26.636 s
Timestep : 797068, score : -2246.387732603555, Time : 26.587 s
Timestep : 805827, score : -1928.5813037634653, Time : 26.855 s
Timestep : 814586, score : -2136.904254673311, Time : 26.942 s
Timestep : 823345, score : -1984.2260119532293, Time : 26.893 s
Timestep : 832104, score : -2081.3105764800857, Time : 26.91 s
Timestep : 840863, score : -2018.5917258821719, Time : 26.573 s
Timestep : 849622, score : -1891.808408819401, Time : 26.578 s
Timestep : 858381, score : -2110.2786939275393, Time : 28.118 s
Timestep : 867140, score : -2062.2517805603857, Time : 29.097 s
Timestep : 875899, score : -2142.8935745400668, Time : 29.009 s
Starting local evaluation
Num Steps: 1000, Num episodes: 0
Num Steps: 2000, Num episodes: 0
Num Steps: 3000, Num episodes: 0
Num Steps: 4000, Num episodes: 0
Num Steps: 5000, Num episodes: 0
Num Steps: 6000, Num episodes: 0
Num Steps: 7000, Num episodes: 0
Num Steps: 8000, Num episodes: 0
Episode complete: 1 | Latest episode metrics: {'price_cost': 0.8757543843922387, 'emmision_cost': 0.9231034593135009}
[-0.10509949] -0.10509949224612514
Average Price Cost: 0.8757543843922387
Average Emmision Cost: 0.9231034593135009
Average of both costs: 0.8994289218528698
Total time taken by agent: 3.894956601317972s
DONE!
