{'agent': 'DQN', 'action_selection': 'softmax', 'seed': 1, 'episodes': 100, 'data_path': 'data/citylearn_challenge_2022_phase_1', 'dry_run': False, 'n_discrete': 9, 'update_target': 8, 'lr': 0.1, 'batch_size': 2, 'adam_epsilon': 1e-07, 'epsilon_final': 0.02, 'run_id': 104}
{'Notes': 'This is a tuning run, executed on a single building.',
 'action_selection': 'softmax',
 'adam_epsilon': 1e-07,
 'env': '<NormalizeObservation<OneHotHour<DiscreteSingle<CityLearnEnv '
        'instance>>>>',
 'final_exploration_rate': 0.02,
 'final_exploration_step': 1000,
 'gamma': 0.99,
 'initial_exploration_rate': 1,
 'learning_rate': 0.1,
 'loss': 'mse',
 'minibatch_size': 2,
 'network': 'MLP(\n'
            '  (layers): Sequential(\n'
            '    (0): Linear(in_features=29, out_features=128, bias=True)\n'
            '    (1): ReLU()\n'
            '    (2): Linear(in_features=128, out_features=128, bias=True)\n'
            '    (3): ReLU()\n'
            '    (4): Linear(in_features=128, out_features=9, bias=True)\n'
            '  )\n'
            ')',
 'replay_buffer_size': 10000,
 'replay_start_size': 2,
 'seed': 1,
 'train_steps': 876000,
 'update_frequency': 1,
 'update_target_frequency': 8,
 'weight_scale': 1.4142135623730951}
Timestep : 8758, score : -4727.181677108078, Time : 21.891 s
Timestep : 17517, score : -4224.025087307586, Time : 22.191 s
Timestep : 26276, score : -4223.955707696645, Time : 22.365 s
Timestep : 35035, score : -4378.20609984445, Time : 22.395 s
Timestep : 43794, score : -4059.133069745061, Time : 21.845 s
Timestep : 52553, score : -4114.851283424912, Time : 21.764 s
Timestep : 61312, score : -4149.890221680893, Time : 22.061 s
Timestep : 70071, score : -4152.096063241741, Time : 22.461 s
Timestep : 78830, score : -4312.276560707396, Time : 22.447 s
Timestep : 87589, score : -4313.657741203351, Time : 22.177 s
Timestep : 96348, score : -4223.567118278428, Time : 22.513 s
Timestep : 105107, score : -4333.177555018483, Time : 22.845 s
Timestep : 113866, score : -4267.976299705362, Time : 22.587 s
Timestep : 122625, score : -4222.5414699627145, Time : 22.475 s
Timestep : 131384, score : -4312.63183623951, Time : 22.462 s
Timestep : 140143, score : -4155.745150913863, Time : 22.171 s
Timestep : 148902, score : -4126.266496830998, Time : 21.792 s
Timestep : 157661, score : -4309.411887640046, Time : 22.392 s
Timestep : 166420, score : -4261.810048840387, Time : 22.069 s
Timestep : 175179, score : -4166.445564055262, Time : 21.867 s
Timestep : 183938, score : -4181.882654776826, Time : 21.976 s
Timestep : 192697, score : -4451.8181131420715, Time : 22.446 s
Timestep : 201456, score : -4230.695089057466, Time : 22.442 s
Timestep : 210215, score : -4182.36161321812, Time : 22.802 s
Timestep : 218974, score : -4220.389405083406, Time : 22.662 s
Timestep : 227733, score : -4216.552359182766, Time : 22.468 s
Timestep : 236492, score : -4126.130129577039, Time : 22.431 s
Timestep : 245251, score : -4191.0120243126585, Time : 22.449 s
Timestep : 254010, score : -4310.433675116976, Time : 21.972 s
Timestep : 262769, score : -4196.923689705698, Time : 21.715 s
Timestep : 271528, score : -4274.406760168058, Time : 21.669 s
Timestep : 280287, score : -4212.309480797878, Time : 21.7 s
Timestep : 289046, score : -4238.26958701518, Time : 22.248 s
Timestep : 297805, score : -4135.5686663756205, Time : 22.014 s
Timestep : 306564, score : -4205.246090337081, Time : 22.43 s
Timestep : 315323, score : -4407.09388211256, Time : 22.79 s
Timestep : 324082, score : -4339.962594900659, Time : 22.782 s
Timestep : 332841, score : -4260.3765067257045, Time : 22.502 s
Timestep : 341600, score : -4176.824201828247, Time : 22.458 s
Timestep : 350359, score : -4153.316195099993, Time : 22.472 s
Timestep : 359118, score : -4271.661273547361, Time : 22.464 s
Timestep : 367877, score : -4265.162374776235, Time : 22.461 s
Timestep : 376636, score : -4074.616367322771, Time : 22.478 s
Timestep : 385395, score : -4158.128383217758, Time : 22.476 s
Timestep : 394154, score : -4203.119740132621, Time : 22.468 s
Timestep : 402913, score : -4113.045905345032, Time : 22.472 s
Timestep : 411672, score : -4203.20878275056, Time : 22.465 s
Timestep : 420431, score : -4164.585150751664, Time : 22.799 s
Timestep : 429190, score : -4240.806877878873, Time : 22.743 s
Timestep : 437949, score : -4286.112347183895, Time : 22.482 s
Timestep : 446708, score : -4175.609270138113, Time : 22.472 s
Timestep : 455467, score : -4151.413116026932, Time : 22.465 s
Timestep : 464226, score : -4166.522385129152, Time : 22.477 s
Timestep : 472985, score : -4235.8823385289, Time : 22.45 s
Timestep : 481744, score : -4120.779859585135, Time : 22.381 s
Timestep : 490503, score : -4170.115151183127, Time : 22.432 s
Timestep : 499262, score : -4171.472956653131, Time : 22.458 s
Timestep : 508021, score : -4203.443075563206, Time : 22.455 s
Timestep : 516780, score : -4296.712551087403, Time : 22.471 s
Timestep : 525539, score : -4318.602549855976, Time : 22.832 s
Timestep : 534298, score : -4308.906218015967, Time : 22.68 s
Timestep : 543057, score : -4302.643701584806, Time : 22.465 s
Timestep : 551816, score : -4244.613061019598, Time : 22.466 s
Timestep : 560575, score : -4118.250062412961, Time : 22.463 s
Timestep : 569334, score : -4401.913474609522, Time : 22.487 s
Timestep : 578093, score : -4124.536944383668, Time : 22.449 s
Timestep : 586852, score : -4396.411880084692, Time : 22.475 s
Timestep : 595611, score : -4139.464833577542, Time : 22.446 s
Timestep : 604370, score : -4247.105912586121, Time : 22.474 s
Timestep : 613129, score : -4145.523733799724, Time : 22.457 s
Timestep : 621888, score : -4137.939309763984, Time : 22.466 s
Timestep : 630647, score : -4039.210074176459, Time : 22.819 s
Timestep : 639406, score : -4428.187651998436, Time : 22.69 s
Timestep : 648165, score : -4185.992336808151, Time : 22.451 s
Timestep : 656924, score : -4210.19056232032, Time : 22.456 s
Timestep : 665683, score : -4142.947912058706, Time : 22.478 s
Timestep : 674442, score : -4101.362130171998, Time : 22.499 s
Timestep : 683201, score : -4159.306055144785, Time : 22.483 s
Timestep : 691960, score : -4169.724652117962, Time : 22.478 s
Timestep : 700719, score : -4195.9150439933, Time : 22.467 s
Timestep : 709478, score : -4244.091355801938, Time : 22.459 s
Timestep : 718237, score : -4391.811733122406, Time : 22.49 s
Timestep : 726996, score : -4139.469086225057, Time : 22.477 s
Timestep : 735755, score : -4276.635914344719, Time : 22.872 s
Timestep : 744514, score : -4191.658048970072, Time : 22.691 s
Timestep : 753273, score : -4128.564390456682, Time : 22.461 s
Timestep : 762032, score : -4073.0527416117548, Time : 22.444 s
Timestep : 770791, score : -4250.64104953807, Time : 22.478 s
Timestep : 779550, score : -4213.568691727152, Time : 22.459 s
Timestep : 788309, score : -4209.031397686718, Time : 22.473 s
Timestep : 797068, score : -4213.709683300374, Time : 22.406 s
Timestep : 805827, score : -4136.7525557702465, Time : 21.741 s
Timestep : 814586, score : -4198.604215846775, Time : 21.588 s
Timestep : 823345, score : -4266.516267654864, Time : 21.555 s
Timestep : 832104, score : -4364.199492953165, Time : 21.545 s
Timestep : 840863, score : -4186.607045925019, Time : 21.864 s
Timestep : 849622, score : -4135.543840302766, Time : 21.784 s
Timestep : 858381, score : -4291.637386077462, Time : 21.547 s
Timestep : 867140, score : -4291.5689060496225, Time : 21.573 s
Timestep : 875899, score : -4176.489118968515, Time : 21.535 s
Starting local evaluation
Num Steps: 1000, Num episodes: 0
Num Steps: 2000, Num episodes: 0
Num Steps: 3000, Num episodes: 0
Num Steps: 4000, Num episodes: 0
Num Steps: 5000, Num episodes: 0
Num Steps: 6000, Num episodes: 0
Num Steps: 7000, Num episodes: 0
Num Steps: 8000, Num episodes: 0
Episode complete: 1 | Latest episode metrics: {'price_cost': 1.0034701379369195, 'emmision_cost': 1.0039506500936086}
[-0.23461416] -0.23461416438428187
Average Price Cost: 1.0034701379369195
Average Emmision Cost: 1.0039506500936086
Average of both costs: 1.003710394015264
Total time taken by agent: 3.6561417846241966s
DONE!
