{'agent': 'DQN', 'action_selection': 'egreedy', 'seed': 1, 'episodes': 100, 'data_path': 'data/citylearn_challenge_2022_phase_1', 'dry_run': False, 'n_discrete': 9, 'update_target': 32, 'lr': 0.0007, 'batch_size': 32, 'adam_epsilon': 0.001, 'epsilon_final': 0.1, 'run_id': 362}
{'Notes': 'This is a tuning run, executed on a single building.',
 'action_selection': 'egreedy',
 'adam_epsilon': 0.001,
 'env': '<NormalizeObservation<OneHotHour<DiscreteSingle<CityLearnEnv '
        'instance>>>>',
 'final_exploration_rate': 0.02,
 'final_exploration_step': 1000,
 'gamma': 0.99,
 'initial_exploration_rate': 1,
 'learning_rate': 0.0007,
 'loss': 'mse',
 'minibatch_size': 32,
 'network': 'MLP(\n'
            '  (layers): Sequential(\n'
            '    (0): Linear(in_features=29, out_features=128, bias=True)\n'
            '    (1): ReLU()\n'
            '    (2): Linear(in_features=128, out_features=128, bias=True)\n'
            '    (3): ReLU()\n'
            '    (4): Linear(in_features=128, out_features=9, bias=True)\n'
            '  )\n'
            ')',
 'replay_buffer_size': 10000,
 'replay_start_size': 32,
 'seed': 1,
 'train_steps': 876000,
 'update_frequency': 1,
 'update_target_frequency': 32,
 'weight_scale': 1.4142135623730951}
Timestep : 8758, score : -4689.038062393622, Time : 21.658 s
Timestep : 17517, score : -3325.237778051087, Time : 21.927 s
Timestep : 26276, score : -3113.673136952595, Time : 21.84 s
Timestep : 35035, score : -2668.3528382927325, Time : 21.918 s
Timestep : 43794, score : -2764.635984319757, Time : 21.998 s
Timestep : 52553, score : -2670.977273473938, Time : 21.492 s
Timestep : 61312, score : -2562.896214541426, Time : 21.603 s
Timestep : 70071, score : -2893.4173929217213, Time : 22.016 s
Timestep : 78830, score : -2375.36270399802, Time : 22.017 s
Timestep : 87589, score : -2526.823479413477, Time : 22.034 s
Timestep : 96348, score : -2160.4648500469775, Time : 21.938 s
Timestep : 105107, score : -2116.8728962535097, Time : 21.994 s
Timestep : 113866, score : -2335.7670713515545, Time : 22.039 s
Timestep : 122625, score : -1885.405706662481, Time : 22.066 s
Timestep : 131384, score : -2174.869616273121, Time : 22.013 s
Timestep : 140143, score : -2254.0960864452936, Time : 22.051 s
Timestep : 148902, score : -2207.9361106643046, Time : 21.661 s
Timestep : 157661, score : -2154.871716747555, Time : 21.722 s
Timestep : 166420, score : -2009.315178565128, Time : 22.046 s
Timestep : 175179, score : -2200.903084508289, Time : 22.036 s
Timestep : 183938, score : -2105.4999084803567, Time : 22.05 s
Timestep : 192697, score : -2218.135284169024, Time : 22.038 s
Timestep : 201456, score : -2398.3794386581576, Time : 22.041 s
Timestep : 210215, score : -2224.571820036421, Time : 22.029 s
Timestep : 218974, score : -2138.4509231197007, Time : 21.946 s
Timestep : 227733, score : -2047.3122627825069, Time : 21.708 s
Timestep : 236492, score : -2102.866829773673, Time : 22.039 s
Timestep : 245251, score : -2000.3336273745226, Time : 22.031 s
Timestep : 254010, score : -1934.8668037534517, Time : 22.044 s
Timestep : 262769, score : -2075.214060211816, Time : 22.052 s
Timestep : 271528, score : -2095.4413038103667, Time : 22.027 s
Timestep : 280287, score : -1761.9809948470502, Time : 22.039 s
Timestep : 289046, score : -2356.7601677179046, Time : 22.018 s
Timestep : 297805, score : -1827.564441729599, Time : 21.828 s
Timestep : 306564, score : -2004.327809651033, Time : 21.356 s
Timestep : 315323, score : -2211.3728487233457, Time : 21.348 s
Timestep : 324082, score : -2078.5600304667896, Time : 21.46 s
Timestep : 332841, score : -2061.561943740613, Time : 21.731 s
Timestep : 341600, score : -2014.6094773668156, Time : 21.492 s
Timestep : 350359, score : -2131.16162319039, Time : 21.401 s
Timestep : 359118, score : -1994.9082317918364, Time : 21.389 s
Timestep : 367877, score : -2039.2862897817104, Time : 21.719 s
Timestep : 376636, score : -2150.566501528636, Time : 22.059 s
Timestep : 385395, score : -1875.5139696842816, Time : 22.101 s
Timestep : 394154, score : -1631.0299532178615, Time : 22.104 s
Timestep : 402913, score : -1924.7406466889952, Time : 22.123 s
Timestep : 411672, score : -1656.6721557404671, Time : 22.111 s
Timestep : 420431, score : -1970.7349675070436, Time : 22.112 s
Timestep : 429190, score : -2307.6118386034213, Time : 22.122 s
Timestep : 437949, score : -2424.2170599761157, Time : 22.115 s
Timestep : 446708, score : -2201.5895625035337, Time : 22.108 s
Timestep : 455467, score : -2350.208339171746, Time : 22.133 s
Timestep : 464226, score : -2456.2235725223145, Time : 22.098 s
Timestep : 472985, score : -2395.2109561301477, Time : 21.714 s
Timestep : 481744, score : -2105.9724681892258, Time : 22.011 s
Timestep : 490503, score : -2195.178520771471, Time : 22.002 s
Timestep : 499262, score : -1871.4582574312226, Time : 22.004 s
Timestep : 508021, score : -2370.1030392386456, Time : 21.965 s
Timestep : 516780, score : -2017.060752955993, Time : 21.974 s
Timestep : 525539, score : -1969.3039813470386, Time : 21.991 s
Timestep : 534298, score : -2048.111818813515, Time : 21.972 s
Timestep : 543057, score : -2145.4255377140653, Time : 21.954 s
Timestep : 551816, score : -2147.894779956696, Time : 21.971 s
Timestep : 560575, score : -1911.4544032730919, Time : 21.952 s
Timestep : 569334, score : -2374.8940572387364, Time : 21.968 s
Timestep : 578093, score : -2272.406036726461, Time : 21.954 s
Timestep : 586852, score : -2393.8287831796624, Time : 21.543 s
Timestep : 595611, score : -2383.7174638037395, Time : 21.641 s
Timestep : 604370, score : -2128.059069868439, Time : 21.967 s
Timestep : 613129, score : -2286.931381817354, Time : 21.952 s
Timestep : 621888, score : -1915.7933029830747, Time : 21.97 s
Timestep : 630647, score : -2098.8051722271193, Time : 21.957 s
Timestep : 639406, score : -2090.3755162700836, Time : 21.96 s
Timestep : 648165, score : -2358.690867971207, Time : 21.986 s
Timestep : 656924, score : -2491.9540125627827, Time : 21.985 s
Timestep : 665683, score : -2086.4777600425004, Time : 21.983 s
Timestep : 674442, score : -1814.9910880839743, Time : 22.015 s
Timestep : 683201, score : -2044.361699415167, Time : 22.014 s
Timestep : 691960, score : -2045.8236349448853, Time : 21.908 s
Timestep : 700719, score : -2456.505374127795, Time : 22.016 s
Timestep : 709478, score : -2248.589096172509, Time : 21.665 s
Timestep : 718237, score : -2065.754056979975, Time : 22.107 s
Timestep : 726996, score : -1882.5687444432697, Time : 22.137 s
Timestep : 735755, score : -2035.7419512004417, Time : 22.127 s
Timestep : 744514, score : -2060.315479484125, Time : 22.114 s
Timestep : 753273, score : -2083.1204909071384, Time : 22.062 s
Timestep : 762032, score : -1659.0151855810836, Time : 22.015 s
Timestep : 770791, score : -1987.4230507028115, Time : 21.869 s
Timestep : 779550, score : -1545.3218512058083, Time : 22.116 s
Timestep : 788309, score : -1817.1669868275349, Time : 22.128 s
Timestep : 797068, score : -1765.3855718195264, Time : 22.121 s
Timestep : 805827, score : -2046.7359082873736, Time : 21.973 s
Timestep : 814586, score : -2084.9289580595505, Time : 22.043 s
Timestep : 823345, score : -2120.365511020791, Time : 22.029 s
Timestep : 832104, score : -2014.0927679002343, Time : 22.003 s
Timestep : 840863, score : -2121.010939021042, Time : 22.003 s
Timestep : 849622, score : -1831.0728127820475, Time : 22.011 s
Timestep : 858381, score : -2132.6142588317452, Time : 21.593 s
Timestep : 867140, score : -1918.8824850054516, Time : 21.958 s
Timestep : 875899, score : -1847.9559328267642, Time : 21.894 s
Starting local evaluation
Num Steps: 1000, Num episodes: 0
Num Steps: 2000, Num episodes: 0
Num Steps: 3000, Num episodes: 0
Num Steps: 4000, Num episodes: 0
Num Steps: 5000, Num episodes: 0
Num Steps: 6000, Num episodes: 0
Num Steps: 7000, Num episodes: 0
Num Steps: 8000, Num episodes: 0
Episode complete: 1 | Latest episode metrics: {'price_cost': 0.8796550511928385, 'emmision_cost': 0.9828611829215681}
[-0.14282532] -0.14282531530219844
Average Price Cost: 0.8796550511928385
Average Emmision Cost: 0.9828611829215681
Average of both costs: 0.9312581170572033
Total time taken by agent: 2.524131629616022s
DONE!
