{'agent': 'DQN', 'action_selection': 'softmax', 'seed': 1, 'episodes': 100, 'data_path': 'data/citylearn_challenge_2022_phase_1', 'dry_run': False, 'n_discrete': 9, 'update_target': 8, 'lr': 0.0007, 'batch_size': 128, 'adam_epsilon': 1e-10, 'epsilon_final': 0.02, 'run_id': 117}
{'Notes': 'This is a tuning run, executed on a single building.',
 'action_selection': 'softmax',
 'adam_epsilon': 1e-10,
 'env': '<NormalizeObservation<OneHotHour<DiscreteSingle<CityLearnEnv '
        'instance>>>>',
 'final_exploration_rate': 0.02,
 'final_exploration_step': 1000,
 'gamma': 0.99,
 'initial_exploration_rate': 1,
 'learning_rate': 0.0007,
 'loss': 'mse',
 'minibatch_size': 128,
 'network': 'MLP(\n'
            '  (layers): Sequential(\n'
            '    (0): Linear(in_features=29, out_features=128, bias=True)\n'
            '    (1): ReLU()\n'
            '    (2): Linear(in_features=128, out_features=128, bias=True)\n'
            '    (3): ReLU()\n'
            '    (4): Linear(in_features=128, out_features=9, bias=True)\n'
            '  )\n'
            ')',
 'replay_buffer_size': 10000,
 'replay_start_size': 128,
 'seed': 1,
 'train_steps': 876000,
 'update_frequency': 1,
 'update_target_frequency': 8,
 'weight_scale': 1.4142135623730951}
Timestep : 8758, score : -6049.2092480970605, Time : 27.405 s
Timestep : 17517, score : -4945.870735753822, Time : 28.523 s
Timestep : 26276, score : -4212.368631477468, Time : 29.341 s
Timestep : 35035, score : -3141.6660846962186, Time : 28.603 s
Timestep : 43794, score : -3131.208045234118, Time : 28.574 s
Timestep : 52553, score : -3273.0046904814953, Time : 28.61 s
Timestep : 61312, score : -2934.5633352645964, Time : 28.659 s
Timestep : 70071, score : -2596.6136138524744, Time : 28.542 s
Timestep : 78830, score : -2323.543724197458, Time : 28.538 s
Timestep : 87589, score : -2167.316758107674, Time : 28.522 s
Timestep : 96348, score : -2194.9737596656487, Time : 28.543 s
Timestep : 105107, score : -1818.359730252676, Time : 29.091 s
Timestep : 113866, score : -2195.8651021744663, Time : 28.955 s
Timestep : 122625, score : -2161.6679182364896, Time : 28.514 s
Timestep : 131384, score : -2200.9460808950535, Time : 28.53 s
Timestep : 140143, score : -2140.688824925368, Time : 28.538 s
Timestep : 148902, score : -1899.815520498858, Time : 28.465 s
Timestep : 157661, score : -1658.3727983184654, Time : 27.866 s
Timestep : 166420, score : -1691.0293233928096, Time : 28.343 s
Timestep : 175179, score : -1755.6777989436232, Time : 28.291 s
Timestep : 183938, score : -1886.2154873960244, Time : 28.526 s
Timestep : 192697, score : -1604.5865418933827, Time : 28.734 s
Timestep : 201456, score : -1718.1704688258033, Time : 27.957 s
Timestep : 210215, score : -1586.9285571093933, Time : 28.331 s
Timestep : 218974, score : -1649.8058751969656, Time : 28.313 s
Timestep : 227733, score : -1406.7274522026564, Time : 27.051 s
Timestep : 236492, score : -1647.3293219891639, Time : 27.588 s
Timestep : 245251, score : -1552.598594802228, Time : 28.359 s
Timestep : 254010, score : -1321.5515607408743, Time : 28.374 s
Timestep : 262769, score : -1484.1708601766295, Time : 28.34 s
Timestep : 271528, score : -1461.1171817346622, Time : 28.888 s
Timestep : 280287, score : -1321.352477616354, Time : 28.704 s
Timestep : 289046, score : -1291.7602730004874, Time : 28.304 s
Timestep : 297805, score : -1371.778524819616, Time : 28.328 s
Timestep : 306564, score : -1176.5229468627658, Time : 28.063 s
Timestep : 315323, score : -1321.6772698648565, Time : 28.318 s
Timestep : 324082, score : -1197.525209332147, Time : 28.271 s
Timestep : 332841, score : -1161.765078342316, Time : 28.285 s
Timestep : 341600, score : -1346.417720134792, Time : 28.328 s
Timestep : 350359, score : -1394.8892212027713, Time : 28.55 s
Timestep : 359118, score : -1458.5956519169558, Time : 29.141 s
Timestep : 367877, score : -1369.899220103238, Time : 28.296 s
Timestep : 376636, score : -1475.6094244877168, Time : 28.347 s
Timestep : 385395, score : -1265.942530369808, Time : 28.354 s
Timestep : 394154, score : -1262.868068467389, Time : 27.196 s
Timestep : 402913, score : -1154.4196678779845, Time : 26.454 s
Timestep : 411672, score : -1097.1021392189723, Time : 26.461 s
Timestep : 420431, score : -1098.3437594718125, Time : 26.468 s
Timestep : 429190, score : -885.789567196538, Time : 26.442 s
Timestep : 437949, score : -865.3014367479627, Time : 26.701 s
Timestep : 446708, score : -899.1311247072008, Time : 28.286 s
Timestep : 455467, score : -980.431955856533, Time : 28.337 s
Timestep : 464226, score : -1014.3334448450769, Time : 28.315 s
Timestep : 472985, score : -905.4462411713612, Time : 27.385 s
Timestep : 481744, score : -891.1375611240801, Time : 28.194 s
Timestep : 490503, score : -830.8058900430624, Time : 28.044 s
Timestep : 499262, score : -969.823934123182, Time : 27.956 s
Timestep : 508021, score : -888.777529588464, Time : 27.994 s
Timestep : 516780, score : -964.5661185537028, Time : 27.971 s
Timestep : 525539, score : -934.5388653743576, Time : 28.566 s
Timestep : 534298, score : -787.9382666366437, Time : 28.142 s
Timestep : 543057, score : -935.5771663772903, Time : 27.959 s
Timestep : 551816, score : -964.7270005344908, Time : 27.945 s
Timestep : 560575, score : -1012.9098982513678, Time : 27.372 s
Timestep : 569334, score : -935.7848018096556, Time : 27.133 s
Timestep : 578093, score : -1008.7587549525342, Time : 27.955 s
Timestep : 586852, score : -1038.6828209168307, Time : 27.972 s
Timestep : 595611, score : -853.2482532169233, Time : 27.959 s
Timestep : 604370, score : -972.9734540592908, Time : 29.037 s
Timestep : 613129, score : -936.2339546503645, Time : 33.32 s
Timestep : 621888, score : -931.1326825301658, Time : 31.882 s
Timestep : 630647, score : -940.5201274104911, Time : 31.849 s
Timestep : 639406, score : -926.7992492818303, Time : 31.824 s
Timestep : 648165, score : -1124.6772434857703, Time : 31.792 s
Timestep : 656924, score : -1082.6489815162058, Time : 31.291 s
Timestep : 665683, score : -964.7048154286604, Time : 31.121 s
Timestep : 674442, score : -946.1904992432828, Time : 31.174 s
Timestep : 683201, score : -1045.4688261289411, Time : 31.433 s
Timestep : 691960, score : -992.3304496407072, Time : 32.576 s
Timestep : 700719, score : -956.1954227238457, Time : 31.378 s
Timestep : 709478, score : -857.8405819749023, Time : 30.781 s
Timestep : 718237, score : -886.5937720047805, Time : 29.273 s
Timestep : 726996, score : -888.9899539020407, Time : 29.39 s
Timestep : 735755, score : -933.8156558288756, Time : 29.361 s
Timestep : 744514, score : -1075.460339781319, Time : 29.379 s
Timestep : 753273, score : -958.3310939063813, Time : 29.099 s
Timestep : 762032, score : -1038.009173120212, Time : 27.998 s
Timestep : 770791, score : -922.1947528803285, Time : 29.564 s
Timestep : 779550, score : -872.3725644524238, Time : 29.285 s
Timestep : 788309, score : -970.374338270587, Time : 29.441 s
Timestep : 797068, score : -955.0754864004703, Time : 29.737 s
Timestep : 805827, score : -1047.8726218586817, Time : 30.541 s
Timestep : 814586, score : -1021.8908117948595, Time : 27.012 s
Timestep : 823345, score : -987.380611730885, Time : 25.403 s
Timestep : 832104, score : -953.8793208785646, Time : 25.421 s
Timestep : 840863, score : -992.6643997488572, Time : 25.417 s
Timestep : 849622, score : -955.0692623409268, Time : 25.586 s
Timestep : 858381, score : -871.9946929783619, Time : 27.851 s
Timestep : 867140, score : -952.8747528634558, Time : 27.455 s
Timestep : 875899, score : -806.2286963648658, Time : 27.235 s
Starting local evaluation
Num Steps: 1000, Num episodes: 0
Num Steps: 2000, Num episodes: 0
Num Steps: 3000, Num episodes: 0
Num Steps: 4000, Num episodes: 0
Num Steps: 5000, Num episodes: 0
Num Steps: 6000, Num episodes: 0
Num Steps: 7000, Num episodes: 0
Num Steps: 8000, Num episodes: 0
Episode complete: 1 | Latest episode metrics: {'price_cost': 0.8188731539145222, 'emmision_cost': 0.93198852388795}
[-0.07388] -0.07387999946340669
Average Price Cost: 0.8188731539145222
Average Emmision Cost: 0.93198852388795
Average of both costs: 0.8754308389012361
Total time taken by agent: 3.9021152374480153s
DONE!
