{'agent': 'DQN', 'action_selection': 'softmax', 'seed': 1, 'episodes': 100, 'data_path': 'data/citylearn_challenge_2022_phase_1', 'dry_run': False, 'n_discrete': 9, 'update_target': 32, 'lr': 0.03, 'batch_size': 128, 'adam_epsilon': 1e-08, 'epsilon_final': 0.02, 'run_id': 128}
{'Notes': 'This is a tuning run, executed on a single building.',
 'action_selection': 'softmax',
 'adam_epsilon': 1e-08,
 'env': '<NormalizeObservation<OneHotHour<DiscreteSingle<CityLearnEnv '
        'instance>>>>',
 'final_exploration_rate': 0.02,
 'final_exploration_step': 1000,
 'gamma': 0.99,
 'initial_exploration_rate': 1,
 'learning_rate': 0.03,
 'loss': 'mse',
 'minibatch_size': 128,
 'network': 'MLP(\n'
            '  (layers): Sequential(\n'
            '    (0): Linear(in_features=29, out_features=128, bias=True)\n'
            '    (1): ReLU()\n'
            '    (2): Linear(in_features=128, out_features=128, bias=True)\n'
            '    (3): ReLU()\n'
            '    (4): Linear(in_features=128, out_features=9, bias=True)\n'
            '  )\n'
            ')',
 'replay_buffer_size': 10000,
 'replay_start_size': 128,
 'seed': 1,
 'train_steps': 876000,
 'update_frequency': 1,
 'update_target_frequency': 32,
 'weight_scale': 1.4142135623730951}
Timestep : 8758, score : -5661.230899835966, Time : 26.447 s
Timestep : 17517, score : -4466.092192490032, Time : 27.396 s
Timestep : 26276, score : -4231.146154494403, Time : 27.873 s
Timestep : 35035, score : -4123.795833518176, Time : 27.944 s
Timestep : 43794, score : -4073.1314383832796, Time : 27.971 s
Timestep : 52553, score : -4066.4523963782995, Time : 27.948 s
Timestep : 61312, score : -4075.77102035415, Time : 27.996 s
Timestep : 70071, score : -4118.447883279441, Time : 27.966 s
Timestep : 78830, score : -4076.1875142859353, Time : 27.989 s
Timestep : 87589, score : -4096.588813839859, Time : 27.975 s
Timestep : 96348, score : -4088.9531708894356, Time : 27.099 s
Timestep : 105107, score : -4083.634725668846, Time : 27.05 s
Timestep : 113866, score : -4160.128983210219, Time : 27.942 s
Timestep : 122625, score : -4141.716416168405, Time : 27.951 s
Timestep : 131384, score : -4204.549710204272, Time : 27.925 s
Timestep : 140143, score : -4085.4800072362705, Time : 27.95 s
Timestep : 148902, score : -4056.7527101090236, Time : 27.944 s
Timestep : 157661, score : -4152.642692049412, Time : 27.938 s
Timestep : 166420, score : -4069.8917307866795, Time : 27.957 s
Timestep : 175179, score : -4126.775671928262, Time : 27.964 s
Timestep : 183938, score : -4078.4248020876257, Time : 27.928 s
Timestep : 192697, score : -4082.91561249402, Time : 27.961 s
Timestep : 201456, score : -4249.218873416452, Time : 27.961 s
Timestep : 210215, score : -4201.2754462411685, Time : 27.952 s
Timestep : 218974, score : -4112.8613673536165, Time : 27.948 s
Timestep : 227733, score : -4105.587225397496, Time : 27.971 s
Timestep : 236492, score : -4100.891698834399, Time : 27.938 s
Timestep : 245251, score : -4088.5931423505826, Time : 27.946 s
Timestep : 254010, score : -4053.9715499779268, Time : 27.948 s
Timestep : 262769, score : -4039.641838091804, Time : 27.87 s
Timestep : 271528, score : -4101.542776363582, Time : 27.545 s
Timestep : 280287, score : -4145.9730269614665, Time : 27.124 s
Timestep : 289046, score : -4060.6610481789394, Time : 26.321 s
Timestep : 297805, score : -4072.6077775903104, Time : 27.809 s
Timestep : 306564, score : -4061.3439816137834, Time : 27.963 s
Timestep : 315323, score : -4067.817508821754, Time : 26.816 s
Timestep : 324082, score : -4123.510693696706, Time : 26.111 s
Timestep : 332841, score : -4172.703330365388, Time : 26.337 s
Timestep : 341600, score : -4162.7583972880675, Time : 27.932 s
Timestep : 350359, score : -4196.111059549643, Time : 27.934 s
Timestep : 359118, score : -4220.908380118621, Time : 27.927 s
Timestep : 367877, score : -4088.6179546382336, Time : 27.946 s
Timestep : 376636, score : -4126.777160118712, Time : 27.942 s
Timestep : 385395, score : -4118.832111687778, Time : 27.952 s
Timestep : 394154, score : -4062.4369623376115, Time : 27.173 s
Timestep : 402913, score : -4038.804909666447, Time : 27.998 s
Timestep : 411672, score : -4178.779958769126, Time : 27.978 s
Timestep : 420431, score : -4121.010623431372, Time : 27.976 s
Timestep : 429190, score : -4079.6760023398383, Time : 28.011 s
Timestep : 437949, score : -4108.072814136889, Time : 27.995 s
Timestep : 446708, score : -4127.947242322873, Time : 28.005 s
Timestep : 455467, score : -4084.81212959197, Time : 28.008 s
Timestep : 464226, score : -4108.675763060717, Time : 28.001 s
Timestep : 472985, score : -4069.5743388881965, Time : 27.984 s
Timestep : 481744, score : -4145.290143717924, Time : 27.98 s
Timestep : 490503, score : -4095.290160998149, Time : 27.42 s
Timestep : 499262, score : -4103.218292688049, Time : 27.967 s
Timestep : 508021, score : -4104.220472292887, Time : 27.959 s
Timestep : 516780, score : -4143.292351656972, Time : 27.94 s
Timestep : 525539, score : -4112.262523590034, Time : 27.945 s
Timestep : 534298, score : -4116.70983166658, Time : 27.959 s
Timestep : 543057, score : -4071.5735966241045, Time : 27.98 s
Timestep : 551816, score : -4065.1837450949533, Time : 27.983 s
Timestep : 560575, score : -4047.3502562543435, Time : 27.682 s
Timestep : 569334, score : -4138.9276461502595, Time : 27.97 s
Timestep : 578093, score : -4125.90480587809, Time : 27.659 s
Timestep : 586852, score : -4229.311082099011, Time : 26.376 s
Timestep : 595611, score : -4195.157090208406, Time : 27.669 s
Timestep : 604370, score : -4201.013399028598, Time : 27.926 s
Timestep : 613129, score : -4196.527828085964, Time : 27.949 s
Timestep : 621888, score : -4122.12992997226, Time : 27.912 s
Timestep : 630647, score : -4134.928640791593, Time : 27.93 s
Timestep : 639406, score : -4142.4661550181045, Time : 27.975 s
Timestep : 648165, score : -4203.118914779654, Time : 27.927 s
Timestep : 656924, score : -4132.855791577516, Time : 27.953 s
Timestep : 665683, score : -4059.6079863062187, Time : 27.954 s
Timestep : 674442, score : -4068.5834254654183, Time : 27.951 s
Timestep : 683201, score : -4082.006768917112, Time : 27.939 s
Timestep : 691960, score : -4122.1568802305555, Time : 27.996 s
Timestep : 700719, score : -4163.235216242174, Time : 27.982 s
Timestep : 709478, score : -4083.5383190674766, Time : 27.96 s
Timestep : 718237, score : -4072.9319501895516, Time : 27.972 s
Timestep : 726996, score : -4038.316283603577, Time : 27.989 s
Timestep : 735755, score : -4030.212545355229, Time : 26.451 s
Timestep : 744514, score : -4112.752281959081, Time : 27.401 s
Timestep : 753273, score : -4106.28536041957, Time : 27.964 s
Timestep : 762032, score : -4169.207501867233, Time : 27.991 s
Timestep : 770791, score : -4184.118428082118, Time : 27.96 s
Timestep : 779550, score : -4164.049847429065, Time : 27.951 s
Timestep : 788309, score : -4105.442404658912, Time : 27.973 s
Timestep : 797068, score : -4188.960769825062, Time : 27.979 s
Timestep : 805827, score : -4226.535458356288, Time : 28.013 s
Timestep : 814586, score : -4073.3954413648753, Time : 27.979 s
Timestep : 823345, score : -4067.7774928895815, Time : 27.968 s
Timestep : 832104, score : -4152.706160358532, Time : 27.986 s
Timestep : 840863, score : -4256.388889302878, Time : 27.653 s
Timestep : 849622, score : -4109.354819089553, Time : 26.798 s
Timestep : 858381, score : -4152.357516827484, Time : 27.992 s
Timestep : 867140, score : -4108.474417096499, Time : 26.143 s
Timestep : 875899, score : -4070.7520449696167, Time : 26.87 s
Starting local evaluation
Num Steps: 1000, Num episodes: 0
Num Steps: 2000, Num episodes: 0
Num Steps: 3000, Num episodes: 0
Num Steps: 4000, Num episodes: 0
Num Steps: 5000, Num episodes: 0
Num Steps: 6000, Num episodes: 0
Num Steps: 7000, Num episodes: 0
Num Steps: 8000, Num episodes: 0
Episode complete: 1 | Latest episode metrics: {'price_cost': 1.0038524624840233, 'emmision_cost': 1.0044337265149217}
[-0.23514397] -0.23514397067861817
Average Price Cost: 1.0038524624840233
Average Emmision Cost: 1.0044337265149217
Average of both costs: 1.0041430944994725
Total time taken by agent: 3.6819727271795273s
DONE!
