{'agent': 'UADQN', 'action_selection': 'softmax', 'seed': 1, 'episodes': 50, 'data_path': 'data/citylearn_challenge_2022_phase_1', 'dry_run': False, 'n_discrete': 9, 'update_target': 32, 'lr': 0.007, 'batch_size': 2, 'adam_epsilon': 1e-09, 'epsilon_final': 0.02, 'run_id': 474}
{'Notes': 'This is a tuning run, executed on a single building.',
 'adam_epsilon': 1e-09,
 'aleatoric_factor': 0,
 'biased_aleatoric': False,
 'env': '<NormalizeObservation<OneHotHour<DiscreteSingle<CityLearnEnv '
        'instance>>>>',
 'epistemic_factor': 1,
 'gamma': 0.99,
 'learning_rate': 0.007,
 'minibatch_size': 2,
 'n_quantiles': 20,
 'network': 'MLP(\n'
            '  (layers): Sequential(\n'
            '    (0): Linear(in_features=29, out_features=128, bias=True)\n'
            '    (1): ReLU()\n'
            '    (2): Linear(in_features=128, out_features=128, bias=True)\n'
            '    (3): ReLU()\n'
            '    (4): Linear(in_features=128, out_features=180, bias=True)\n'
            '  )\n'
            ')',
 'noise_scale': 1,
 'replay_buffer_size': 10000,
 'replay_start_size': 2,
 'seed': 1,
 'train_steps': 438000,
 'update_frequency': 1,
 'update_target_frequency': 32,
 'weight_scale': 1.4142135623730951}
Timestep : 8758, score : -10661.336720638632, Time : 70.555 s
Timestep : 17517, score : -12972.823882986675, Time : 71.093 s
Timestep : 26276, score : -12756.004210669947, Time : 70.758 s
Timestep : 35035, score : -13375.824208763457, Time : 71.163 s
Timestep : 43794, score : -12464.86031851494, Time : 71.128 s
Timestep : 52553, score : -11727.995917527325, Time : 70.969 s
Timestep : 61312, score : -12318.30023003924, Time : 72.023 s
Timestep : 70071, score : -12116.442504001505, Time : 72.373 s
Timestep : 78830, score : -12111.264350251193, Time : 72.239 s
Timestep : 87589, score : -13315.261908169854, Time : 72.368 s
Timestep : 96348, score : -12502.269561469278, Time : 71.944 s
Timestep : 105107, score : -12510.801968102067, Time : 71.522 s
Timestep : 113866, score : -11500.73227997648, Time : 71.708 s
Timestep : 122625, score : -12788.867178511646, Time : 72.573 s
Timestep : 131384, score : -12619.384171003854, Time : 72.616 s
Timestep : 140143, score : -12908.349110241194, Time : 72.318 s
Timestep : 148902, score : -11641.104904119835, Time : 72.134 s
Timestep : 157661, score : -11735.59696029863, Time : 72.202 s
Timestep : 166420, score : -12240.752636507012, Time : 72.465 s
Timestep : 175179, score : -11895.02321410284, Time : 72.543 s
Timestep : 183938, score : -12181.469132297367, Time : 72.533 s
Timestep : 192697, score : -11249.224826493293, Time : 72.284 s
Timestep : 201456, score : -12057.158555627451, Time : 72.133 s
Timestep : 210215, score : -11924.474593689622, Time : 72.356 s
Timestep : 218974, score : -11779.645629392355, Time : 71.561 s
Timestep : 227733, score : -12300.997126090064, Time : 71.553 s
Timestep : 236492, score : -11933.42715328667, Time : 71.414 s
Timestep : 245251, score : -12617.905826623697, Time : 72.255 s
Timestep : 254010, score : -11874.656456878249, Time : 72.112 s
Timestep : 262769, score : -11286.928266394258, Time : 72.043 s
Timestep : 271528, score : -11975.824249513622, Time : 72.006 s
Timestep : 280287, score : -11969.407239021588, Time : 72.303 s
Timestep : 289046, score : -12157.73061017484, Time : 72.484 s
Timestep : 297805, score : -11960.90245563467, Time : 71.13 s
Timestep : 306564, score : -11885.097584537696, Time : 70.745 s
Timestep : 315323, score : -12196.559442068567, Time : 70.689 s
Timestep : 324082, score : -11641.75041124146, Time : 70.717 s
Timestep : 332841, score : -11622.11451665203, Time : 70.708 s
Timestep : 341600, score : -11658.00976779405, Time : 70.743 s
Timestep : 350359, score : -11928.965290082575, Time : 70.708 s
Timestep : 359118, score : -12243.75401264141, Time : 70.761 s
Timestep : 367877, score : -12128.667215425245, Time : 70.65 s
Timestep : 376636, score : -11211.867981961113, Time : 70.708 s
Timestep : 385395, score : -12874.005524172986, Time : 70.668 s
Timestep : 394154, score : -11853.205053322949, Time : 70.708 s
Timestep : 402913, score : -11979.501904618723, Time : 70.706 s
Timestep : 411672, score : -12365.712305162815, Time : 70.693 s
Timestep : 420431, score : -11611.574385316344, Time : 70.735 s
Timestep : 429190, score : -12077.724964251116, Time : 70.653 s
Timestep : 437949, score : -12266.571860541197, Time : 70.637 s
Starting local evaluation
Num Steps: 1000, Num episodes: 0
Num Steps: 2000, Num episodes: 0
Num Steps: 3000, Num episodes: 0
Num Steps: 4000, Num episodes: 0
Num Steps: 5000, Num episodes: 0
Num Steps: 6000, Num episodes: 0
Num Steps: 7000, Num episodes: 0
Num Steps: 8000, Num episodes: 0
Episode complete: 1 | Latest episode metrics: {'price_cost': 1.009483365896912, 'emmision_cost': 1.0109969357549937}
[-0.24262186] -0.24262185549056764
Average Price Cost: 1.009483365896912
Average Emmision Cost: 1.0109969357549937
Average of both costs: 1.0102401508259529
Total time taken by agent: 11.435186119517311s
DONE!
