{'agent': 'DQN', 'action_selection': 'egreedy', 'seed': 1, 'episodes': 100, 'data_path': 'data/citylearn_challenge_2022_phase_1', 'dry_run': False, 'n_discrete': 9, 'update_target': 32, 'lr': 3e-05, 'batch_size': 32, 'adam_epsilon': 0.0001, 'epsilon_final': 0.01, 'run_id': 321}
{'Notes': 'This is a tuning run, executed on a single building.',
 'action_selection': 'egreedy',
 'adam_epsilon': 0.0001,
 'env': '<NormalizeObservation<OneHotHour<DiscreteSingle<CityLearnEnv '
        'instance>>>>',
 'final_exploration_rate': 0.02,
 'final_exploration_step': 1000,
 'gamma': 0.99,
 'initial_exploration_rate': 1,
 'learning_rate': 3e-05,
 'loss': 'mse',
 'minibatch_size': 32,
 'network': 'MLP(\n'
            '  (layers): Sequential(\n'
            '    (0): Linear(in_features=29, out_features=128, bias=True)\n'
            '    (1): ReLU()\n'
            '    (2): Linear(in_features=128, out_features=128, bias=True)\n'
            '    (3): ReLU()\n'
            '    (4): Linear(in_features=128, out_features=9, bias=True)\n'
            '  )\n'
            ')',
 'replay_buffer_size': 10000,
 'replay_start_size': 32,
 'seed': 1,
 'train_steps': 876000,
 'update_frequency': 1,
 'update_target_frequency': 32,
 'weight_scale': 1.4142135623730951}
Timestep : 8758, score : -6003.747723640365, Time : 20.147 s
Timestep : 17517, score : -5252.240184086331, Time : 20.669 s
Timestep : 26276, score : -4284.659546098817, Time : 20.669 s
Timestep : 35035, score : -4400.39699086333, Time : 20.732 s
Timestep : 43794, score : -3919.058989002515, Time : 20.577 s
Timestep : 52553, score : -3549.074743300487, Time : 20.561 s
Timestep : 61312, score : -3162.244349970366, Time : 21.119 s
Timestep : 70071, score : -2304.862182636214, Time : 20.431 s
Timestep : 78830, score : -1882.8655567825044, Time : 20.209 s
Timestep : 87589, score : -1718.4837105063343, Time : 20.187 s
Timestep : 96348, score : -1458.8527513286535, Time : 20.182 s
Timestep : 105107, score : -1498.0068171796738, Time : 20.208 s
Timestep : 113866, score : -1641.658267137951, Time : 20.246 s
Timestep : 122625, score : -1443.3498856135361, Time : 20.27 s
Timestep : 131384, score : -1534.713300489177, Time : 20.61 s
Timestep : 140143, score : -1876.2281117793718, Time : 20.021 s
Timestep : 148902, score : -1584.8459360070192, Time : 20.059 s
Timestep : 157661, score : -1527.0215110552235, Time : 19.941 s
Timestep : 166420, score : -1652.7939145743858, Time : 20.686 s
Timestep : 175179, score : -1639.5127163068828, Time : 20.658 s
Timestep : 183938, score : -1856.644184034245, Time : 20.195 s
Timestep : 192697, score : -1704.3486847702661, Time : 20.071 s
Timestep : 201456, score : -1557.7216026904061, Time : 20.228 s
Timestep : 210215, score : -1713.2668457016262, Time : 20.141 s
Timestep : 218974, score : -1454.760446179389, Time : 20.152 s
Timestep : 227733, score : -1762.1432354547833, Time : 20.133 s
Timestep : 236492, score : -1683.718159444099, Time : 20.142 s
Timestep : 245251, score : -1766.7461259161164, Time : 20.397 s
Timestep : 254010, score : -1850.0312822301385, Time : 20.279 s
Timestep : 262769, score : -1994.691260561056, Time : 20.631 s
Timestep : 271528, score : -1882.5074947883186, Time : 20.538 s
Timestep : 280287, score : -1883.117629235494, Time : 20.058 s
Timestep : 289046, score : -1884.9175715869824, Time : 20.129 s
Timestep : 297805, score : -1720.0819428205941, Time : 20.27 s
Timestep : 306564, score : -1982.856014591729, Time : 20.047 s
Timestep : 315323, score : -1877.5512337943983, Time : 20.113 s
Timestep : 324082, score : -1864.9811017973261, Time : 20.462 s
Timestep : 332841, score : -1966.1425081646885, Time : 20.595 s
Timestep : 341600, score : -1749.3797182704948, Time : 19.933 s
Timestep : 350359, score : -1832.6533797297452, Time : 20.001 s
Timestep : 359118, score : -1941.4550976954115, Time : 20.626 s
Timestep : 367877, score : -1968.122438133234, Time : 20.574 s
Timestep : 376636, score : -1771.2315803421334, Time : 20.303 s
Timestep : 385395, score : -1925.047520692904, Time : 20.561 s
Timestep : 394154, score : -1983.418602234031, Time : 20.132 s
Timestep : 402913, score : -1892.5179773513082, Time : 20.584 s
Timestep : 411672, score : -1930.4270227617671, Time : 20.434 s
Timestep : 420431, score : -1775.4879362290667, Time : 20.424 s
Timestep : 429190, score : -1683.934797216265, Time : 20.37 s
Timestep : 437949, score : -1972.5164894467266, Time : 20.202 s
Timestep : 446708, score : -1761.3032245712675, Time : 20.321 s
Timestep : 455467, score : -1967.4142098076118, Time : 20.593 s
Timestep : 464226, score : -2066.9763026101864, Time : 20.265 s
Timestep : 472985, score : -2177.7061174884293, Time : 20.119 s
Timestep : 481744, score : -1917.909774272368, Time : 20.57 s
Timestep : 490503, score : -1940.029673837682, Time : 20.391 s
Timestep : 499262, score : -1981.231883874534, Time : 20.45 s
Timestep : 508021, score : -1916.0496923638093, Time : 19.894 s
Timestep : 516780, score : -1956.0700516070137, Time : 20.575 s
Timestep : 525539, score : -1822.4533584120363, Time : 20.561 s
Timestep : 534298, score : -1960.9540572860387, Time : 20.411 s
Timestep : 543057, score : -1843.2640812227473, Time : 20.156 s
Timestep : 551816, score : -1784.3404523200697, Time : 20.369 s
Timestep : 560575, score : -1758.231780641203, Time : 20.432 s
Timestep : 569334, score : -1831.95633825197, Time : 20.47 s
Timestep : 578093, score : -1782.6411307198578, Time : 19.577 s
Timestep : 586852, score : -1917.7865691732732, Time : 19.525 s
Timestep : 595611, score : -2081.3374792825416, Time : 19.865 s
Timestep : 604370, score : -1923.3371469840818, Time : 20.222 s
Timestep : 613129, score : -1946.9005440523615, Time : 20.078 s
Timestep : 621888, score : -1752.448997521491, Time : 19.523 s
Timestep : 630647, score : -1891.2571601343689, Time : 19.535 s
Timestep : 639406, score : -1955.823076877608, Time : 19.535 s
Timestep : 648165, score : -1886.520394089719, Time : 19.538 s
Timestep : 656924, score : -2020.3800743917163, Time : 19.541 s
Timestep : 665683, score : -1845.2872692262608, Time : 19.537 s
Timestep : 674442, score : -1907.2830950597127, Time : 19.566 s
Timestep : 683201, score : -1986.0648276749416, Time : 19.56 s
Timestep : 691960, score : -1775.779567077443, Time : 19.544 s
Timestep : 700719, score : -1811.295217696039, Time : 19.592 s
Timestep : 709478, score : -1857.6505780534644, Time : 19.676 s
Timestep : 718237, score : -1931.5720652374257, Time : 19.611 s
Timestep : 726996, score : -1789.691660688477, Time : 19.677 s
Timestep : 735755, score : -1903.5056913667431, Time : 20.301 s
Timestep : 744514, score : -2032.4334485258441, Time : 20.753 s
Timestep : 753273, score : -1717.5073614388893, Time : 20.815 s
Timestep : 762032, score : -1909.1156786432548, Time : 20.617 s
Timestep : 770791, score : -1853.9063319398847, Time : 20.575 s
Timestep : 779550, score : -1632.271440479235, Time : 20.705 s
Timestep : 788309, score : -1718.3610161647957, Time : 20.443 s
Timestep : 797068, score : -1772.9441072007467, Time : 20.216 s
Timestep : 805827, score : -1647.7264760397666, Time : 20.205 s
Timestep : 814586, score : -1688.3711073721352, Time : 20.232 s
Timestep : 823345, score : -1776.5016935584426, Time : 20.108 s
Timestep : 832104, score : -1688.9748437227972, Time : 20.101 s
Timestep : 840863, score : -1610.428580469481, Time : 20.118 s
Timestep : 849622, score : -1650.4031276947644, Time : 20.114 s
Timestep : 858381, score : -1794.2636080602242, Time : 20.098 s
Timestep : 867140, score : -1684.8635125945148, Time : 20.078 s
Timestep : 875899, score : -1960.7770591948938, Time : 19.809 s
Starting local evaluation
Num Steps: 1000, Num episodes: 0
Num Steps: 2000, Num episodes: 0
Num Steps: 3000, Num episodes: 0
Num Steps: 4000, Num episodes: 0
Num Steps: 5000, Num episodes: 0
Num Steps: 6000, Num episodes: 0
Num Steps: 7000, Num episodes: 0
Num Steps: 8000, Num episodes: 0
Episode complete: 1 | Latest episode metrics: {'price_cost': 0.8293825509588609, 'emmision_cost': 0.9664747965410654}
[-0.10094465] -0.10094465205439099
Average Price Cost: 0.8293825509588609
Average Emmision Cost: 0.9664747965410654
Average of both costs: 0.8979286737499632
Total time taken by agent: 2.1310522188432515s
DONE!
