{'agent': 'DQN', 'action_selection': 'egreedy', 'seed': 1, 'episodes': 100, 'data_path': 'data/citylearn_challenge_2022_phase_1', 'dry_run': False, 'n_discrete': 9, 'update_target': 8, 'lr': 0.0001, 'batch_size': 1, 'adam_epsilon': 1e-07, 'epsilon_final': 0.08, 'run_id': 278}
{'Notes': 'This is a tuning run, executed on a single building.',
 'action_selection': 'egreedy',
 'adam_epsilon': 1e-07,
 'env': '<NormalizeObservation<OneHotHour<DiscreteSingle<CityLearnEnv '
        'instance>>>>',
 'final_exploration_rate': 0.02,
 'final_exploration_step': 1000,
 'gamma': 0.99,
 'initial_exploration_rate': 1,
 'learning_rate': 0.0001,
 'loss': 'mse',
 'minibatch_size': 1,
 'network': 'MLP(\n'
            '  (layers): Sequential(\n'
            '    (0): Linear(in_features=29, out_features=128, bias=True)\n'
            '    (1): ReLU()\n'
            '    (2): Linear(in_features=128, out_features=128, bias=True)\n'
            '    (3): ReLU()\n'
            '    (4): Linear(in_features=128, out_features=9, bias=True)\n'
            '  )\n'
            ')',
 'replay_buffer_size': 10000,
 'replay_start_size': 1,
 'seed': 1,
 'train_steps': 876000,
 'update_frequency': 1,
 'update_target_frequency': 8,
 'weight_scale': 1.4142135623730951}
Timestep : 8758, score : -6711.878504826949, Time : 20.783 s
Timestep : 17517, score : -4792.727449025406, Time : 20.828 s
Timestep : 26276, score : -5946.925473412877, Time : 20.837 s
Timestep : 35035, score : -4945.975418293296, Time : 20.887 s
Timestep : 43794, score : -4719.088920601134, Time : 20.875 s
Timestep : 52553, score : -4924.733367594337, Time : 21.128 s
Timestep : 61312, score : -4690.705815451598, Time : 21.519 s
Timestep : 70071, score : -4565.446703196183, Time : 21.521 s
Timestep : 78830, score : -4849.65859417578, Time : 21.533 s
Timestep : 87589, score : -5153.031586893907, Time : 21.525 s
Timestep : 96348, score : -4522.738385662349, Time : 21.525 s
Timestep : 105107, score : -4938.116395279838, Time : 21.547 s
Timestep : 113866, score : -4094.0538325777743, Time : 21.539 s
Timestep : 122625, score : -3384.360260742629, Time : 21.559 s
Timestep : 131384, score : -3693.879688703295, Time : 21.524 s
Timestep : 140143, score : -3913.4724738882214, Time : 21.06 s
Timestep : 148902, score : -3407.2372879998584, Time : 21.13 s
Timestep : 157661, score : -2701.1958069934335, Time : 21.54 s
Timestep : 166420, score : -1497.516786511318, Time : 21.535 s
Timestep : 175179, score : -2442.218017979787, Time : 21.544 s
Timestep : 183938, score : -1577.8073396507243, Time : 21.544 s
Timestep : 192697, score : -2585.912269382534, Time : 21.539 s
Timestep : 201456, score : -1873.0597056069673, Time : 21.443 s
Timestep : 210215, score : -1790.762872127263, Time : 21.216 s
Timestep : 218974, score : -2723.3183917802817, Time : 20.905 s
Timestep : 227733, score : -1679.8293520548905, Time : 20.909 s
Timestep : 236492, score : -1272.9381411270733, Time : 21.304 s
Timestep : 245251, score : -2281.565924782335, Time : 21.534 s
Timestep : 254010, score : -2309.0863292082504, Time : 21.562 s
Timestep : 262769, score : -2004.6675122970773, Time : 20.906 s
Timestep : 271528, score : -1770.0105255407107, Time : 20.907 s
Timestep : 280287, score : -2000.7529520565004, Time : 21.292 s
Timestep : 289046, score : -1404.5064375672519, Time : 21.542 s
Timestep : 297805, score : -1883.4980966741277, Time : 21.553 s
Timestep : 306564, score : -1484.0378626695892, Time : 21.531 s
Timestep : 315323, score : -1993.6693967863248, Time : 21.473 s
Timestep : 324082, score : -1844.1494769574638, Time : 21.39 s
Timestep : 332841, score : -1980.983502120689, Time : 20.896 s
Timestep : 341600, score : -2011.150587978802, Time : 20.881 s
Timestep : 350359, score : -1913.4801814786915, Time : 20.909 s
Timestep : 359118, score : -1988.8393391868158, Time : 21.347 s
Timestep : 367877, score : -2367.0804555964714, Time : 21.354 s
Timestep : 376636, score : -1847.8375586586335, Time : 20.996 s
Timestep : 385395, score : -1450.8952566394873, Time : 20.984 s
Timestep : 394154, score : -1559.3998008100607, Time : 21.024 s
Timestep : 402913, score : -1498.153845809662, Time : 21.534 s
Timestep : 411672, score : -1244.1426115480426, Time : 21.528 s
Timestep : 420431, score : -1525.4753233889642, Time : 21.546 s
Timestep : 429190, score : -1537.5446282031771, Time : 21.46 s
Timestep : 437949, score : -1932.944428682822, Time : 21.52 s
Timestep : 446708, score : -1199.2206423321331, Time : 21.54 s
Timestep : 455467, score : -1047.0493707217101, Time : 21.542 s
Timestep : 464226, score : -1613.1151259581384, Time : 21.398 s
Timestep : 472985, score : -1498.0239395203826, Time : 20.919 s
Timestep : 481744, score : -1755.259529438481, Time : 20.903 s
Timestep : 490503, score : -1578.1524436089967, Time : 21.469 s
Timestep : 499262, score : -1343.3689907607913, Time : 21.538 s
Timestep : 508021, score : -2057.6074238425645, Time : 21.723 s
Timestep : 516780, score : -1321.0445389550005, Time : 21.618 s
Timestep : 525539, score : -1816.7739573878061, Time : 21.706 s
Timestep : 534298, score : -1367.6846411603328, Time : 21.682 s
Timestep : 543057, score : -1481.7317951987643, Time : 21.675 s
Timestep : 551816, score : -1731.5127448160492, Time : 21.588 s
Timestep : 560575, score : -1643.5784185349767, Time : 21.641 s
Timestep : 569334, score : -1576.7196131063974, Time : 21.667 s
Timestep : 578093, score : -1788.4279123540764, Time : 21.664 s
Timestep : 586852, score : -1367.515484453208, Time : 21.657 s
Timestep : 595611, score : -1139.085100211465, Time : 21.672 s
Timestep : 604370, score : -1676.2051078274671, Time : 21.641 s
Timestep : 613129, score : -2320.862950372655, Time : 21.648 s
Timestep : 621888, score : -1824.0179145724105, Time : 21.649 s
Timestep : 630647, score : -1580.3325172079785, Time : 21.668 s
Timestep : 639406, score : -1330.0786848686694, Time : 21.321 s
Timestep : 648165, score : -2527.852414243418, Time : 21.397 s
Timestep : 656924, score : -1698.0143402241229, Time : 21.536 s
Timestep : 665683, score : -1976.7041776615952, Time : 21.649 s
Timestep : 674442, score : -1878.3347465194965, Time : 21.678 s
Timestep : 683201, score : -1713.0341958864883, Time : 21.663 s
Timestep : 691960, score : -1728.537487910391, Time : 21.67 s
Timestep : 700719, score : -1689.4321818833996, Time : 21.449 s
Timestep : 709478, score : -1472.1268556791183, Time : 20.997 s
Timestep : 718237, score : -1126.1849196839175, Time : 20.994 s
Timestep : 726996, score : -1300.9351643554692, Time : 20.986 s
Timestep : 735755, score : -1093.2639453773736, Time : 21.032 s
Timestep : 744514, score : -1110.0731820687943, Time : 21.036 s
Timestep : 753273, score : -1401.2051055361371, Time : 21.554 s
Timestep : 762032, score : -1288.392800081434, Time : 21.383 s
Timestep : 770791, score : -917.765833993355, Time : 21.249 s
Timestep : 779550, score : -1256.8728637530294, Time : 21.413 s
Timestep : 788309, score : -1432.8625876067963, Time : 21.544 s
Timestep : 797068, score : -1371.6704270008777, Time : 21.481 s
Timestep : 805827, score : -1551.4768225245934, Time : 20.905 s
Timestep : 814586, score : -1452.9905900354788, Time : 21.319 s
Timestep : 823345, score : -1400.785825871426, Time : 21.124 s
Timestep : 832104, score : -1274.4125672316004, Time : 20.911 s
Timestep : 840863, score : -1243.1720754916605, Time : 20.927 s
Timestep : 849622, score : -1530.8621119580057, Time : 20.914 s
Timestep : 858381, score : -1336.1897894800932, Time : 20.917 s
Timestep : 867140, score : -1541.625004484813, Time : 21.255 s
Timestep : 875899, score : -1619.8324638285267, Time : 21.549 s
Starting local evaluation
Num Steps: 1000, Num episodes: 0
Num Steps: 2000, Num episodes: 0
Num Steps: 3000, Num episodes: 0
Num Steps: 4000, Num episodes: 0
Num Steps: 5000, Num episodes: 0
Num Steps: 6000, Num episodes: 0
Num Steps: 7000, Num episodes: 0
Num Steps: 8000, Num episodes: 0
Episode complete: 1 | Latest episode metrics: {'price_cost': 0.8541514182747035, 'emmision_cost': 0.9292824982961464}
[-0.09489585] -0.09489584663512325
Average Price Cost: 0.8541514182747035
Average Emmision Cost: 0.9292824982961464
Average of both costs: 0.891716958285425
Total time taken by agent: 2.5459982524625957s
DONE!
