{'agent': 'DQN', 'action_selection': 'softmax', 'seed': 1, 'episodes': 100, 'data_path': 'data/citylearn_challenge_2022_phase_1', 'dry_run': False, 'n_discrete': 9, 'update_target': 8, 'lr': 3e-05, 'batch_size': 64, 'adam_epsilon': 0.001, 'epsilon_final': 0.02, 'run_id': 109}
{'Notes': 'This is a tuning run, executed on a single building.',
 'action_selection': 'softmax',
 'adam_epsilon': 0.001,
 'env': '<NormalizeObservation<OneHotHour<DiscreteSingle<CityLearnEnv '
        'instance>>>>',
 'final_exploration_rate': 0.02,
 'final_exploration_step': 1000,
 'gamma': 0.99,
 'initial_exploration_rate': 1,
 'learning_rate': 3e-05,
 'loss': 'mse',
 'minibatch_size': 64,
 'network': 'MLP(\n'
            '  (layers): Sequential(\n'
            '    (0): Linear(in_features=29, out_features=128, bias=True)\n'
            '    (1): ReLU()\n'
            '    (2): Linear(in_features=128, out_features=128, bias=True)\n'
            '    (3): ReLU()\n'
            '    (4): Linear(in_features=128, out_features=9, bias=True)\n'
            '  )\n'
            ')',
 'replay_buffer_size': 10000,
 'replay_start_size': 64,
 'seed': 1,
 'train_steps': 876000,
 'update_frequency': 1,
 'update_target_frequency': 8,
 'weight_scale': 1.4142135623730951}
Timestep : 8758, score : -5398.978834285779, Time : 23.74 s
Timestep : 17517, score : -5138.538869599724, Time : 21.867 s
Timestep : 26276, score : -4373.94177060519, Time : 21.931 s
Timestep : 35035, score : -4628.002432561552, Time : 21.403 s
Timestep : 43794, score : -4530.478986460861, Time : 24.757 s
Timestep : 52553, score : -4318.682404536201, Time : 22.197 s
Timestep : 61312, score : -4410.333883718195, Time : 21.971 s
Timestep : 70071, score : -4365.758568225807, Time : 21.952 s
Timestep : 78830, score : -4269.70322709941, Time : 21.807 s
Timestep : 87589, score : -4271.964383163402, Time : 21.856 s
Timestep : 96348, score : -4230.580790258391, Time : 21.937 s
Timestep : 105107, score : -4064.410055682092, Time : 24.516 s
Timestep : 113866, score : -3901.2996809309407, Time : 22.476 s
Timestep : 122625, score : -4001.433931038162, Time : 24.61 s
Timestep : 131384, score : -3584.3537266294297, Time : 21.999 s
Timestep : 140143, score : -3526.141199750273, Time : 22.121 s
Timestep : 148902, score : -3217.2158811780682, Time : 22.257 s
Timestep : 157661, score : -3517.0792535929068, Time : 24.683 s
Timestep : 166420, score : -3539.1600029863475, Time : 22.82 s
Timestep : 175179, score : -3064.4092252255214, Time : 22.745 s
Timestep : 183938, score : -3147.2291134258558, Time : 25.615 s
Timestep : 192697, score : -2814.211320976523, Time : 27.036 s
Timestep : 201456, score : -2592.606005929789, Time : 25.98 s
Timestep : 210215, score : -2271.06199125087, Time : 22.692 s
Timestep : 218974, score : -2639.9036764824123, Time : 21.991 s
Timestep : 227733, score : -2410.5323871510627, Time : 22.156 s
Timestep : 236492, score : -2307.8502426852065, Time : 23.31 s
Timestep : 245251, score : -2107.110557144071, Time : 22.228 s
Timestep : 254010, score : -2490.0769819589623, Time : 21.975 s
Timestep : 262769, score : -2536.477230272285, Time : 22.184 s
Timestep : 271528, score : -1708.0830898223503, Time : 24.549 s
Timestep : 280287, score : -2384.0549063354556, Time : 22.266 s
Timestep : 289046, score : -1959.2169483632024, Time : 22.335 s
Timestep : 297805, score : -2354.048063165188, Time : 22.137 s
Timestep : 306564, score : -2485.883036547719, Time : 21.968 s
Timestep : 315323, score : -2856.0094604365586, Time : 22.638 s
Timestep : 324082, score : -2297.6392653205257, Time : 21.942 s
Timestep : 332841, score : -2512.9700252011244, Time : 21.962 s
Timestep : 341600, score : -2627.7727789021155, Time : 22.041 s
Timestep : 350359, score : -2924.6011919679877, Time : 22.001 s
Timestep : 359118, score : -2566.119010213908, Time : 22.469 s
Timestep : 367877, score : -2431.759764130533, Time : 24.494 s
Timestep : 376636, score : -2426.0483779640927, Time : 25.218 s
Timestep : 385395, score : -2117.9517571763427, Time : 24.665 s
Timestep : 394154, score : -2216.6477163052477, Time : 24.47 s
Timestep : 402913, score : -1909.8074369097885, Time : 22.058 s
Timestep : 411672, score : -1989.3681184649759, Time : 22.145 s
Timestep : 420431, score : -2324.724105151632, Time : 22.077 s
Timestep : 429190, score : -2495.3895151523466, Time : 22.057 s
Timestep : 437949, score : -2649.915001650603, Time : 22.595 s
Timestep : 446708, score : -2541.28153965206, Time : 25.258 s
Timestep : 455467, score : -2958.915202700562, Time : 24.495 s
Timestep : 464226, score : -2921.724161645121, Time : 25.708 s
Timestep : 472985, score : -3068.999647689896, Time : 24.335 s
Timestep : 481744, score : -2746.0492838592327, Time : 22.001 s
Timestep : 490503, score : -2888.0640587167873, Time : 21.978 s
Timestep : 499262, score : -2474.8996552906756, Time : 21.933 s
Timestep : 508021, score : -2358.729600774386, Time : 21.998 s
Timestep : 516780, score : -2361.712114418886, Time : 22.093 s
Timestep : 525539, score : -2187.6572259147943, Time : 22.138 s
Timestep : 534298, score : -2229.1709968744835, Time : 22.029 s
Timestep : 543057, score : -2377.4202057874354, Time : 21.985 s
Timestep : 551816, score : -2552.148632969038, Time : 22.253 s
Timestep : 560575, score : -2292.523675065633, Time : 22.384 s
Timestep : 569334, score : -2304.1058555415657, Time : 22.311 s
Timestep : 578093, score : -2404.8382488130155, Time : 21.947 s
Timestep : 586852, score : -2255.5931104676856, Time : 21.893 s
Timestep : 595611, score : -2300.022257209086, Time : 21.873 s
Timestep : 604370, score : -2274.697295712802, Time : 22.67 s
Timestep : 613129, score : -2387.381548292382, Time : 22.587 s
Timestep : 621888, score : -2523.774641887081, Time : 21.913 s
Timestep : 630647, score : -2271.3449702146754, Time : 21.913 s
Timestep : 639406, score : -1933.4464327211317, Time : 22.038 s
Timestep : 648165, score : -2142.6795277624915, Time : 22.341 s
Timestep : 656924, score : -2053.6981752735155, Time : 22.103 s
Timestep : 665683, score : -2250.482305922502, Time : 22.014 s
Timestep : 674442, score : -2347.690888499288, Time : 21.946 s
Timestep : 683201, score : -2210.915367398673, Time : 21.904 s
Timestep : 691960, score : -2103.1183456590225, Time : 21.954 s
Timestep : 700719, score : -1842.1394217189227, Time : 21.98 s
Timestep : 709478, score : -1845.0820990846987, Time : 22.269 s
Timestep : 718237, score : -2097.638963332429, Time : 21.926 s
Timestep : 726996, score : -2166.2452018790937, Time : 21.916 s
Timestep : 735755, score : -2398.6398285462346, Time : 22.273 s
Timestep : 744514, score : -2439.6287378177803, Time : 22.317 s
Timestep : 753273, score : -2335.4400694662763, Time : 22.037 s
Timestep : 762032, score : -2027.6929205861234, Time : 22.144 s
Timestep : 770791, score : -2317.9814520953514, Time : 21.935 s
Timestep : 779550, score : -2166.275228440092, Time : 25.085 s
Timestep : 788309, score : -2677.997312936728, Time : 23.698 s
Timestep : 797068, score : -2204.3546775924333, Time : 21.979 s
Timestep : 805827, score : -2310.742995034234, Time : 25.407 s
Timestep : 814586, score : -2766.4596233606862, Time : 21.886 s
Timestep : 823345, score : -2621.0655402906414, Time : 23.207 s
Timestep : 832104, score : -2423.4525871770456, Time : 22.284 s
Timestep : 840863, score : -2750.6704942027864, Time : 22.186 s
Timestep : 849622, score : -2432.688436684228, Time : 22.196 s
Timestep : 858381, score : -2335.0743596531975, Time : 22.015 s
Timestep : 867140, score : -2350.7064473622595, Time : 22.892 s
Timestep : 875899, score : -2199.3252123652783, Time : 21.997 s
Starting local evaluation
Num Steps: 1000, Num episodes: 0
Num Steps: 2000, Num episodes: 0
Num Steps: 3000, Num episodes: 0
Num Steps: 4000, Num episodes: 0
Num Steps: 5000, Num episodes: 0
Num Steps: 6000, Num episodes: 0
Num Steps: 7000, Num episodes: 0
Num Steps: 8000, Num episodes: 0
Episode complete: 1 | Latest episode metrics: {'price_cost': 0.9002322328671915, 'emmision_cost': 0.943946022311231}
[-0.13307434] -0.13307433601130955
Average Price Cost: 0.9002322328671915
Average Emmision Cost: 0.943946022311231
Average of both costs: 0.9220891275892112
Total time taken by agent: 3.2927021151408553s
DONE!
