{'agent': 'DQN', 'action_selection': 'egreedy', 'seed': 1, 'episodes': 100, 'data_path': 'data/citylearn_challenge_2022_phase_1', 'dry_run': False, 'n_discrete': 9, 'update_target': 4, 'lr': 0.0007, 'batch_size': 16, 'adam_epsilon': 1e-05, 'epsilon_final': 0.04, 'run_id': 247}
{'Notes': 'This is a tuning run, executed on a single building.',
 'action_selection': 'egreedy',
 'adam_epsilon': 1e-05,
 'env': '<NormalizeObservation<OneHotHour<DiscreteSingle<CityLearnEnv '
        'instance>>>>',
 'final_exploration_rate': 0.02,
 'final_exploration_step': 1000,
 'gamma': 0.99,
 'initial_exploration_rate': 1,
 'learning_rate': 0.0007,
 'loss': 'mse',
 'minibatch_size': 16,
 'network': 'MLP(\n'
            '  (layers): Sequential(\n'
            '    (0): Linear(in_features=29, out_features=128, bias=True)\n'
            '    (1): ReLU()\n'
            '    (2): Linear(in_features=128, out_features=128, bias=True)\n'
            '    (3): ReLU()\n'
            '    (4): Linear(in_features=128, out_features=9, bias=True)\n'
            '  )\n'
            ')',
 'replay_buffer_size': 10000,
 'replay_start_size': 16,
 'seed': 1,
 'train_steps': 876000,
 'update_frequency': 1,
 'update_target_frequency': 4,
 'weight_scale': 1.4142135623730951}
Timestep : 8758, score : -9651.17543772934, Time : 22.1 s
Timestep : 17517, score : -4974.389949550867, Time : 22.419 s
Timestep : 26276, score : -6023.978798390948, Time : 22.176 s
Timestep : 35035, score : -6230.187148014404, Time : 22.481 s
Timestep : 43794, score : -5613.243645722076, Time : 22.492 s
Timestep : 52553, score : -6497.849829969957, Time : 22.468 s
Timestep : 61312, score : -5175.138284161192, Time : 22.485 s
Timestep : 70071, score : -5140.476978202729, Time : 22.493 s
Timestep : 78830, score : -5230.186231196771, Time : 22.476 s
Timestep : 87589, score : -4833.540380717095, Time : 22.482 s
Timestep : 96348, score : -4683.43323677071, Time : 22.217 s
Timestep : 105107, score : -4538.728586625919, Time : 21.836 s
Timestep : 113866, score : -4575.683355590125, Time : 21.961 s
Timestep : 122625, score : -4385.0049659514625, Time : 21.828 s
Timestep : 131384, score : -3983.3654717105237, Time : 22.179 s
Timestep : 140143, score : -4259.7867265463865, Time : 22.493 s
Timestep : 148902, score : -3886.0075514325, Time : 22.483 s
Timestep : 157661, score : -3844.808604992606, Time : 22.475 s
Timestep : 166420, score : -3608.779714007658, Time : 22.467 s
Timestep : 175179, score : -3305.7395616005233, Time : 22.452 s
Timestep : 183938, score : -3597.8957764448423, Time : 22.456 s
Timestep : 192697, score : -3400.051503075243, Time : 21.881 s
Timestep : 201456, score : -3432.166519737948, Time : 21.762 s
Timestep : 210215, score : -3051.656419475519, Time : 21.901 s
Timestep : 218974, score : -3541.2148473200214, Time : 22.436 s
Timestep : 227733, score : -3520.777366852926, Time : 22.464 s
Timestep : 236492, score : -3353.6587116256414, Time : 21.953 s
Timestep : 245251, score : -2819.72348767487, Time : 21.697 s
Timestep : 254010, score : -3005.1073049709958, Time : 21.711 s
Timestep : 262769, score : -2968.4876751831325, Time : 22.31 s
Timestep : 271528, score : -2867.780206759722, Time : 22.465 s
Timestep : 280287, score : -2730.541704743897, Time : 22.349 s
Timestep : 289046, score : -2323.8594465977803, Time : 22.455 s
Timestep : 297805, score : -2737.5162948881916, Time : 22.489 s
Timestep : 306564, score : -2781.4497664504015, Time : 22.499 s
Timestep : 315323, score : -2578.567236393923, Time : 22.511 s
Timestep : 324082, score : -2959.195942636259, Time : 22.461 s
Timestep : 332841, score : -2482.8749377157365, Time : 22.478 s
Timestep : 341600, score : -2238.849846694182, Time : 22.489 s
Timestep : 350359, score : -2137.2575801739295, Time : 22.374 s
Timestep : 359118, score : -2358.493962088396, Time : 22.463 s
Timestep : 367877, score : -2387.1657912906085, Time : 22.491 s
Timestep : 376636, score : -2135.713117053878, Time : 22.488 s
Timestep : 385395, score : -1915.6176664585073, Time : 22.412 s
Timestep : 394154, score : -1888.5924625096668, Time : 21.943 s
Timestep : 402913, score : -2043.7423788290762, Time : 21.718 s
Timestep : 411672, score : -1988.3963228648354, Time : 21.837 s
Timestep : 420431, score : -2073.701098091813, Time : 22.295 s
Timestep : 429190, score : -2231.8177304001, Time : 21.856 s
Timestep : 437949, score : -1656.7085641291633, Time : 21.985 s
Timestep : 446708, score : -1786.9531429354392, Time : 21.846 s
Timestep : 455467, score : -1509.3246617021796, Time : 22.119 s
Timestep : 464226, score : -1939.5122604833741, Time : 22.477 s
Timestep : 472985, score : -1541.5455078461237, Time : 22.516 s
Timestep : 481744, score : -1821.542058758234, Time : 22.501 s
Timestep : 490503, score : -1690.4581071454159, Time : 22.496 s
Timestep : 499262, score : -1752.8544076452963, Time : 22.064 s
Timestep : 508021, score : -1729.7013659818622, Time : 21.82 s
Timestep : 516780, score : -1626.7402245329286, Time : 21.835 s
Timestep : 525539, score : -1619.4005068693368, Time : 22.283 s
Timestep : 534298, score : -1810.8575094046828, Time : 22.339 s
Timestep : 543057, score : -1975.863906901126, Time : 22.507 s
Timestep : 551816, score : -1959.5281450415787, Time : 22.474 s
Timestep : 560575, score : -2108.949239241687, Time : 22.391 s
Timestep : 569334, score : -1861.757851479255, Time : 21.986 s
Timestep : 578093, score : -1982.3175735236437, Time : 22.291 s
Timestep : 586852, score : -2380.2724572441366, Time : 22.285 s
Timestep : 595611, score : -2299.7143999535183, Time : 22.2 s
Timestep : 604370, score : -2481.8451115561475, Time : 22.06 s
Timestep : 613129, score : -1849.5308215532277, Time : 22.295 s
Timestep : 621888, score : -2263.5717270418827, Time : 22.382 s
Timestep : 630647, score : -2293.58815415579, Time : 21.884 s
Timestep : 639406, score : -2025.2800168155518, Time : 22.229 s
Timestep : 648165, score : -2372.589156469243, Time : 21.847 s
Timestep : 656924, score : -2131.1646455394366, Time : 21.961 s
Timestep : 665683, score : -2017.4201015007275, Time : 21.712 s
Timestep : 674442, score : -1882.6264283742348, Time : 21.774 s
Timestep : 683201, score : -2066.612013235019, Time : 21.785 s
Timestep : 691960, score : -1871.261140059476, Time : 21.76 s
Timestep : 700719, score : -2274.822844161914, Time : 21.787 s
Timestep : 709478, score : -2124.7722960938263, Time : 21.811 s
Timestep : 718237, score : -2381.0493066294875, Time : 21.795 s
Timestep : 726996, score : -2230.2159708535182, Time : 21.964 s
Timestep : 735755, score : -2287.8783374826016, Time : 22.47 s
Timestep : 744514, score : -2444.34050423585, Time : 22.319 s
Timestep : 753273, score : -2333.303746992402, Time : 22.377 s
Timestep : 762032, score : -2326.8450452429533, Time : 22.345 s
Timestep : 770791, score : -2388.8318732091284, Time : 21.761 s
Timestep : 779550, score : -2155.2719583003345, Time : 21.804 s
Timestep : 788309, score : -1995.0759618627199, Time : 22.086 s
Timestep : 797068, score : -2489.855676648229, Time : 22.476 s
Timestep : 805827, score : -2496.899989902813, Time : 22.475 s
Timestep : 814586, score : -2288.238183275942, Time : 22.209 s
Timestep : 823345, score : -2070.269528560835, Time : 22.155 s
Timestep : 832104, score : -1964.6432297395368, Time : 22.499 s
Timestep : 840863, score : -1915.0824477327697, Time : 22.487 s
Timestep : 849622, score : -2004.0222131435585, Time : 22.472 s
Timestep : 858381, score : -1910.8900861975562, Time : 22.487 s
Timestep : 867140, score : -2130.1195951609698, Time : 22.443 s
Timestep : 875899, score : -1905.4122402164357, Time : 22.037 s
Starting local evaluation
Num Steps: 1000, Num episodes: 0
Num Steps: 2000, Num episodes: 0
Num Steps: 3000, Num episodes: 0
Num Steps: 4000, Num episodes: 0
Num Steps: 5000, Num episodes: 0
Num Steps: 6000, Num episodes: 0
Num Steps: 7000, Num episodes: 0
Num Steps: 8000, Num episodes: 0
Episode complete: 1 | Latest episode metrics: {'price_cost': 0.918717431891995, 'emmision_cost': 1.0018916396032487}
[-0.17907967] -0.17907966563991878
Average Price Cost: 0.918717431891995
Average Emmision Cost: 1.0018916396032487
Average of both costs: 0.9603045357476219
Total time taken by agent: 2.5624164743348956s
DONE!
