{'agent': 'DQN', 'action_selection': 'egreedy', 'seed': 1, 'episodes': 100, 'data_path': 'data/citylearn_challenge_2022_phase_1', 'dry_run': False, 'n_discrete': 9, 'update_target': 4, 'lr': 0.0003, 'batch_size': 128, 'adam_epsilon': 1e-10, 'epsilon_final': 0.03, 'run_id': 207}
{'Notes': 'This is a tuning run, executed on a single building.',
 'action_selection': 'egreedy',
 'adam_epsilon': 1e-10,
 'env': '<NormalizeObservation<OneHotHour<DiscreteSingle<CityLearnEnv '
        'instance>>>>',
 'final_exploration_rate': 0.02,
 'final_exploration_step': 1000,
 'gamma': 0.99,
 'initial_exploration_rate': 1,
 'learning_rate': 0.0003,
 'loss': 'mse',
 'minibatch_size': 128,
 'network': 'MLP(\n'
            '  (layers): Sequential(\n'
            '    (0): Linear(in_features=29, out_features=128, bias=True)\n'
            '    (1): ReLU()\n'
            '    (2): Linear(in_features=128, out_features=128, bias=True)\n'
            '    (3): ReLU()\n'
            '    (4): Linear(in_features=128, out_features=9, bias=True)\n'
            '  )\n'
            ')',
 'replay_buffer_size': 10000,
 'replay_start_size': 128,
 'seed': 1,
 'train_steps': 876000,
 'update_frequency': 1,
 'update_target_frequency': 4,
 'weight_scale': 1.4142135623730951}
Timestep : 8758, score : -5093.807617304585, Time : 28.404 s
Timestep : 17517, score : -3112.6155291088216, Time : 31.676 s
Timestep : 26276, score : -2572.473263818043, Time : 30.702 s
Timestep : 35035, score : -2749.0750553179823, Time : 30.638 s
Timestep : 43794, score : -2214.0408851051034, Time : 31.076 s
Timestep : 52553, score : -2753.0908087860444, Time : 29.067 s
Timestep : 61312, score : -2602.9644197274756, Time : 32.342 s
Timestep : 70071, score : -2594.2265213064675, Time : 32.739 s
Timestep : 78830, score : -2359.673382617839, Time : 33.637 s
Timestep : 87589, score : -2244.976786702202, Time : 33.709 s
Timestep : 96348, score : -2139.7431352788844, Time : 26.499 s
Timestep : 105107, score : -2219.8009759949346, Time : 32.752 s
Timestep : 113866, score : -2351.382866536689, Time : 32.117 s
Timestep : 122625, score : -2470.651020822843, Time : 33.625 s
Timestep : 131384, score : -2196.3452416241926, Time : 32.357 s
Timestep : 140143, score : -2155.0804492275056, Time : 28.107 s
Timestep : 148902, score : -2131.9609277628188, Time : 33.198 s
Timestep : 157661, score : -2441.8782178039255, Time : 33.894 s
Timestep : 166420, score : -2357.4355945440766, Time : 33.171 s
Timestep : 175179, score : -2465.0612616984, Time : 29.546 s
Timestep : 183938, score : -2384.2393743249413, Time : 31.703 s
Timestep : 192697, score : -2458.8891773686337, Time : 33.571 s
Timestep : 201456, score : -2576.3238237717014, Time : 32.677 s
Timestep : 210215, score : -2225.1868139586877, Time : 33.969 s
Timestep : 218974, score : -2326.6642624571687, Time : 33.791 s
Timestep : 227733, score : -2273.221904964681, Time : 32.405 s
Timestep : 236492, score : -2274.797037889628, Time : 32.044 s
Timestep : 245251, score : -2469.301464859076, Time : 32.646 s
Timestep : 254010, score : -2530.03439434788, Time : 32.496 s
Timestep : 262769, score : -2227.832611289603, Time : 31.889 s
Timestep : 271528, score : -2402.7676506404823, Time : 28.062 s
Timestep : 280287, score : -2115.3825177703548, Time : 33.316 s
Timestep : 289046, score : -2303.84059403048, Time : 32.606 s
Timestep : 297805, score : -2255.505295972296, Time : 30.629 s
Timestep : 306564, score : -2355.991878111876, Time : 33.188 s
Timestep : 315323, score : -2290.8738720375404, Time : 32.942 s
Timestep : 324082, score : -2249.6943844594352, Time : 32.944 s
Timestep : 332841, score : -2254.0825481652573, Time : 33.333 s
Timestep : 341600, score : -2412.9953020554094, Time : 34.346 s
Timestep : 350359, score : -2347.330843193369, Time : 31.362 s
Timestep : 359118, score : -2111.3881008642784, Time : 31.204 s
Timestep : 367877, score : -2437.8546170167683, Time : 29.487 s
Timestep : 376636, score : -2355.8022801087063, Time : 27.229 s
Timestep : 385395, score : -2510.6958667354484, Time : 27.027 s
Timestep : 394154, score : -2227.387495780975, Time : 26.974 s
Timestep : 402913, score : -2159.508926754497, Time : 27.167 s
Timestep : 411672, score : -2411.1045772655925, Time : 27.793 s
Timestep : 420431, score : -2405.9525438804703, Time : 27.526 s
Timestep : 429190, score : -2635.452737908723, Time : 27.174 s
Timestep : 437949, score : -2010.4304181456391, Time : 27.43 s
Timestep : 446708, score : -2400.101333032624, Time : 27.459 s
Timestep : 455467, score : -2228.0621517671098, Time : 26.867 s
Timestep : 464226, score : -2442.105234388524, Time : 31.229 s
Timestep : 472985, score : -1801.5286509063153, Time : 33.329 s
Timestep : 481744, score : -2066.1401064595266, Time : 32.402 s
Timestep : 490503, score : -2524.891234146693, Time : 27.877 s
Timestep : 499262, score : -2143.4580735574273, Time : 30.132 s
Timestep : 508021, score : -2213.9079436080356, Time : 29.436 s
Timestep : 516780, score : -2340.528580604019, Time : 27.464 s
Timestep : 525539, score : -2115.031865527184, Time : 27.979 s
Timestep : 534298, score : -2163.6849948516174, Time : 29.141 s
Timestep : 543057, score : -2088.8017196201545, Time : 27.473 s
Timestep : 551816, score : -2400.0905169387406, Time : 28.233 s
Timestep : 560575, score : -2179.462410433014, Time : 27.58 s
Timestep : 569334, score : -2002.5956729543686, Time : 27.629 s
Timestep : 578093, score : -2377.910998738167, Time : 27.471 s
Timestep : 586852, score : -2313.6356793076557, Time : 28.241 s
Timestep : 595611, score : -2231.482326091762, Time : 28.669 s
Timestep : 604370, score : -2199.4390486170596, Time : 30.253 s
Timestep : 613129, score : -2433.0427138016385, Time : 30.334 s
Timestep : 621888, score : -2217.673964269954, Time : 27.036 s
Timestep : 630647, score : -2097.7287894878245, Time : 26.374 s
Timestep : 639406, score : -2313.457431267452, Time : 26.678 s
Timestep : 648165, score : -2162.5758089570154, Time : 26.888 s
Timestep : 656924, score : -1966.9498466240766, Time : 26.896 s
Timestep : 665683, score : -1988.4048884606746, Time : 26.891 s
Timestep : 674442, score : -2094.0508413397765, Time : 28.15 s
Timestep : 683201, score : -2340.5742188104487, Time : 29.849 s
Timestep : 691960, score : -2259.4362315986364, Time : 30.301 s
Timestep : 700719, score : -2215.796806046652, Time : 32.011 s
Timestep : 709478, score : -2334.877912995318, Time : 31.711 s
Timestep : 718237, score : -2410.7861534815456, Time : 32.256 s
Timestep : 726996, score : -2141.9040493790817, Time : 33.076 s
Timestep : 735755, score : -2309.453489596868, Time : 30.903 s
Timestep : 744514, score : -2434.7629783094453, Time : 29.325 s
Timestep : 753273, score : -1977.636337891483, Time : 27.561 s
Timestep : 762032, score : -2316.6281898430607, Time : 34.073 s
Timestep : 770791, score : -2063.0793417736713, Time : 32.614 s
Timestep : 779550, score : -2165.443951020745, Time : 31.392 s
Timestep : 788309, score : -1892.7751702678215, Time : 29.964 s
Timestep : 797068, score : -2423.8529081022425, Time : 27.877 s
Timestep : 805827, score : -2264.0305747356324, Time : 26.395 s
Timestep : 814586, score : -2382.8210489824705, Time : 28.481 s
Timestep : 823345, score : -2454.4484387955454, Time : 27.203 s
Timestep : 832104, score : -2238.9460707607504, Time : 29.539 s
Timestep : 840863, score : -2717.245369239041, Time : 28.491 s
Timestep : 849622, score : -2422.913877633313, Time : 27.758 s
Timestep : 858381, score : -2377.139441495441, Time : 27.006 s
Timestep : 867140, score : -2692.4528673377645, Time : 27.05 s
Timestep : 875899, score : -2593.8849182010454, Time : 27.025 s
Starting local evaluation
Num Steps: 1000, Num episodes: 0
Num Steps: 2000, Num episodes: 0
Num Steps: 3000, Num episodes: 0
Num Steps: 4000, Num episodes: 0
Num Steps: 5000, Num episodes: 0
Num Steps: 6000, Num episodes: 0
Num Steps: 7000, Num episodes: 0
Num Steps: 8000, Num episodes: 0
Episode complete: 1 | Latest episode metrics: {'price_cost': 0.8890693613959301, 'emmision_cost': 0.9788698098432917}
[-0.14650643] -0.14650643271331606
Average Price Cost: 0.8890693613959301
Average Emmision Cost: 0.9788698098432917
Average of both costs: 0.9339695856196109
Total time taken by agent: 2.4709933755220845s
DONE!
