{'agent': 'DQN', 'action_selection': 'egreedy', 'seed': 1, 'episodes': 100, 'data_path': 'data/citylearn_challenge_2022_phase_1', 'dry_run': False, 'n_discrete': 9, 'update_target': 32, 'lr': 0.0007, 'batch_size': 128, 'adam_epsilon': 1e-06, 'epsilon_final': 0.03, 'run_id': 224}
{'Notes': 'This is a tuning run, executed on a single building.',
 'action_selection': 'egreedy',
 'adam_epsilon': 1e-06,
 'env': '<NormalizeObservation<OneHotHour<DiscreteSingle<CityLearnEnv '
        'instance>>>>',
 'final_exploration_rate': 0.02,
 'final_exploration_step': 1000,
 'gamma': 0.99,
 'initial_exploration_rate': 1,
 'learning_rate': 0.0007,
 'loss': 'mse',
 'minibatch_size': 128,
 'network': 'MLP(\n'
            '  (layers): Sequential(\n'
            '    (0): Linear(in_features=29, out_features=128, bias=True)\n'
            '    (1): ReLU()\n'
            '    (2): Linear(in_features=128, out_features=128, bias=True)\n'
            '    (3): ReLU()\n'
            '    (4): Linear(in_features=128, out_features=9, bias=True)\n'
            '  )\n'
            ')',
 'replay_buffer_size': 10000,
 'replay_start_size': 128,
 'seed': 1,
 'train_steps': 876000,
 'update_frequency': 1,
 'update_target_frequency': 32,
 'weight_scale': 1.4142135623730951}
Timestep : 8758, score : -5034.673892724139, Time : 21.799 s
Timestep : 17517, score : -3782.5235366716734, Time : 23.12 s
Timestep : 26276, score : -3046.128465432259, Time : 22.864 s
Timestep : 35035, score : -2739.423734755328, Time : 22.918 s
Timestep : 43794, score : -3026.7964047291607, Time : 23.349 s
Timestep : 52553, score : -3094.436252264335, Time : 22.723 s
Timestep : 61312, score : -3167.626949782978, Time : 22.735 s
Timestep : 70071, score : -3663.4978989300143, Time : 22.717 s
Timestep : 78830, score : -3218.7735502093856, Time : 22.87 s
Timestep : 87589, score : -3541.4669985296496, Time : 23.261 s
Timestep : 96348, score : -3106.524666966201, Time : 23.306 s
Timestep : 105107, score : -3108.0206204870774, Time : 23.203 s
Timestep : 113866, score : -3320.139023627533, Time : 23.203 s
Timestep : 122625, score : -3150.6196193248325, Time : 23.265 s
Timestep : 131384, score : -3414.010891742262, Time : 23.335 s
Timestep : 140143, score : -3102.780986952668, Time : 23.292 s
Timestep : 148902, score : -3004.437754881874, Time : 23.251 s
Timestep : 157661, score : -3450.0073636919988, Time : 23.344 s
Timestep : 166420, score : -2881.122045259879, Time : 23.177 s
Timestep : 175179, score : -3256.15703326113, Time : 23.239 s
Timestep : 183938, score : -2996.799219659253, Time : 23.223 s
Timestep : 192697, score : -2863.7691445984674, Time : 23.328 s
Timestep : 201456, score : -2928.2575257194258, Time : 23.345 s
Timestep : 210215, score : -3163.7709284029697, Time : 23.228 s
Timestep : 218974, score : -3148.0442616675427, Time : 23.294 s
Timestep : 227733, score : -2818.1443739091774, Time : 23.222 s
Timestep : 236492, score : -3344.258046350602, Time : 23.238 s
Timestep : 245251, score : -3033.580687722497, Time : 23.333 s
Timestep : 254010, score : -2912.8156012862455, Time : 23.419 s
Timestep : 262769, score : -3178.2527879227273, Time : 23.338 s
Timestep : 271528, score : -2961.3243657700514, Time : 23.068 s
Timestep : 280287, score : -3059.161135728369, Time : 23.125 s
Timestep : 289046, score : -2912.723245446992, Time : 23.53 s
Timestep : 297805, score : -3160.2319258391653, Time : 23.125 s
Timestep : 306564, score : -3302.833280988576, Time : 23.308 s
Timestep : 315323, score : -3251.2477786710515, Time : 23.244 s
Timestep : 324082, score : -2819.5705453537666, Time : 23.135 s
Timestep : 332841, score : -2952.221903990794, Time : 23.184 s
Timestep : 341600, score : -2900.9338961033645, Time : 22.708 s
Timestep : 350359, score : -3117.07365910885, Time : 23.012 s
Timestep : 359118, score : -2776.63288268233, Time : 22.757 s
Timestep : 367877, score : -2972.0875186767225, Time : 23.223 s
Timestep : 376636, score : -2910.623970255212, Time : 23.17 s
Timestep : 385395, score : -3011.689689271283, Time : 23.133 s
Timestep : 394154, score : -2843.4045896764874, Time : 23.172 s
Timestep : 402913, score : -2693.4927264990547, Time : 23.184 s
Timestep : 411672, score : -2786.2630386814126, Time : 23.223 s
Timestep : 420431, score : -2555.5541688738303, Time : 23.162 s
Timestep : 429190, score : -2888.6277471323992, Time : 23.422 s
Timestep : 437949, score : -2641.3713390011835, Time : 23.07 s
Timestep : 446708, score : -2966.140770700251, Time : 22.983 s
Timestep : 455467, score : -2536.8231716759183, Time : 23.265 s
Timestep : 464226, score : -2643.3935904708487, Time : 23.135 s
Timestep : 472985, score : -2584.0036341098166, Time : 23.138 s
Timestep : 481744, score : -2726.3524632164335, Time : 23.126 s
Timestep : 490503, score : -3241.6131804667675, Time : 23.147 s
Timestep : 499262, score : -2624.018248886525, Time : 23.171 s
Timestep : 508021, score : -2889.8589680197474, Time : 23.198 s
Timestep : 516780, score : -2670.128399132591, Time : 22.833 s
Timestep : 525539, score : -2822.63732544324, Time : 22.745 s
Timestep : 534298, score : -3045.920016387623, Time : 23.244 s
Timestep : 543057, score : -2643.3308957477857, Time : 22.966 s
Timestep : 551816, score : -3043.807810522645, Time : 22.584 s
Timestep : 560575, score : -2547.058544399595, Time : 22.651 s
Timestep : 569334, score : -2378.0700336150185, Time : 22.618 s
Timestep : 578093, score : -2762.444462537562, Time : 22.612 s
Timestep : 586852, score : -2829.5995673809957, Time : 22.706 s
Timestep : 595611, score : -2462.1579069013533, Time : 22.623 s
Timestep : 604370, score : -2661.0987687934685, Time : 22.814 s
Timestep : 613129, score : -2921.6928018324834, Time : 23.347 s
Timestep : 621888, score : -3002.805605927162, Time : 23.163 s
Timestep : 630647, score : -3016.698075170818, Time : 23.274 s
Timestep : 639406, score : -2869.8323450372845, Time : 23.975 s
Timestep : 648165, score : -2743.860048020986, Time : 24.048 s
Timestep : 656924, score : -2685.519927362824, Time : 23.893 s
Timestep : 665683, score : -2765.724328840297, Time : 23.998 s
Timestep : 674442, score : -2770.8824075594457, Time : 23.853 s
Timestep : 683201, score : -2577.2327918232913, Time : 24.136 s
Timestep : 691960, score : -2489.873317269681, Time : 24.189 s
Timestep : 700719, score : -2473.6755743546673, Time : 24.164 s
Timestep : 709478, score : -2761.9617880907026, Time : 24.07 s
Timestep : 718237, score : -2766.2104793129547, Time : 24.04 s
Timestep : 726996, score : -2978.5004914605815, Time : 24.049 s
Timestep : 735755, score : -2932.025507576953, Time : 23.92 s
Timestep : 744514, score : -2691.8029713605792, Time : 23.995 s
Timestep : 753273, score : -3004.609891223983, Time : 23.925 s
Timestep : 762032, score : -3157.233681883459, Time : 24.011 s
Timestep : 770791, score : -2677.590847921121, Time : 24.062 s
Timestep : 779550, score : -2744.752079819009, Time : 24.032 s
Timestep : 788309, score : -3069.2320283603913, Time : 24.107 s
Timestep : 797068, score : -2975.484041132062, Time : 22.924 s
Timestep : 805827, score : -2930.1313794044836, Time : 22.739 s
Timestep : 814586, score : -3208.821090167272, Time : 22.885 s
Timestep : 823345, score : -2928.973153662315, Time : 23.243 s
Timestep : 832104, score : -2777.503112033737, Time : 23.308 s
Timestep : 840863, score : -3042.084885183751, Time : 23.92 s
Timestep : 849622, score : -2725.768885924903, Time : 23.888 s
Timestep : 858381, score : -3240.6060515975405, Time : 24.029 s
Timestep : 867140, score : -3264.0554479741986, Time : 24.08 s
Timestep : 875899, score : -3587.9502788104874, Time : 24.041 s
Starting local evaluation
Num Steps: 1000, Num episodes: 0
Num Steps: 2000, Num episodes: 0
Num Steps: 3000, Num episodes: 0
Num Steps: 4000, Num episodes: 0
Num Steps: 5000, Num episodes: 0
Num Steps: 6000, Num episodes: 0
Num Steps: 7000, Num episodes: 0
Num Steps: 8000, Num episodes: 0
Episode complete: 1 | Latest episode metrics: {'price_cost': 0.9131864914247037, 'emmision_cost': 1.0079642184171516}
[-0.17911435] -0.1791143473339585
Average Price Cost: 0.9131864914247037
Average Emmision Cost: 1.0079642184171516
Average of both costs: 0.9605753549209276
Total time taken by agent: 2.229114016517997s
DONE!
