{'agent': 'DQN', 'action_selection': 'egreedy', 'seed': 1, 'episodes': 100, 'data_path': 'data/citylearn_challenge_2022_phase_1', 'dry_run': False, 'n_discrete': 9, 'update_target': 32, 'lr': 0.003, 'batch_size': 256, 'adam_epsilon': 0.0001, 'epsilon_final': 0.03, 'run_id': 284}
{'Notes': 'This is a tuning run, executed on a single building.',
 'action_selection': 'egreedy',
 'adam_epsilon': 0.0001,
 'env': '<NormalizeObservation<OneHotHour<DiscreteSingle<CityLearnEnv '
        'instance>>>>',
 'final_exploration_rate': 0.02,
 'final_exploration_step': 1000,
 'gamma': 0.99,
 'initial_exploration_rate': 1,
 'learning_rate': 0.003,
 'loss': 'mse',
 'minibatch_size': 256,
 'network': 'MLP(\n'
            '  (layers): Sequential(\n'
            '    (0): Linear(in_features=29, out_features=128, bias=True)\n'
            '    (1): ReLU()\n'
            '    (2): Linear(in_features=128, out_features=128, bias=True)\n'
            '    (3): ReLU()\n'
            '    (4): Linear(in_features=128, out_features=9, bias=True)\n'
            '  )\n'
            ')',
 'replay_buffer_size': 10000,
 'replay_start_size': 256,
 'seed': 1,
 'train_steps': 876000,
 'update_frequency': 1,
 'update_target_frequency': 32,
 'weight_scale': 1.4142135623730951}
Timestep : 8758, score : -8127.024020624245, Time : 34.604 s
Timestep : 17517, score : -13582.656670613062, Time : 35.365 s
Timestep : 26276, score : -10884.786359290549, Time : 35.492 s
Timestep : 35035, score : -10061.861295872266, Time : 35.515 s
Timestep : 43794, score : -9708.410308817998, Time : 35.562 s
Timestep : 52553, score : -10393.840025279696, Time : 35.531 s
Timestep : 61312, score : -9764.244221321613, Time : 36.251 s
Timestep : 70071, score : -11519.242996884044, Time : 36.093 s
Timestep : 78830, score : -13938.622737419806, Time : 35.411 s
Timestep : 87589, score : -12881.927221331658, Time : 35.387 s
Timestep : 96348, score : -12201.406605619384, Time : 35.422 s
Timestep : 105107, score : -12419.252443202742, Time : 35.462 s
Timestep : 113866, score : -12688.430117866956, Time : 35.844 s
Timestep : 122625, score : -12323.14659766169, Time : 35.561 s
Timestep : 131384, score : -12744.034147395927, Time : 35.669 s
Timestep : 140143, score : -12056.639573831257, Time : 35.991 s
Timestep : 148902, score : -10999.407608439331, Time : 37.007 s
Timestep : 157661, score : -9672.779884729302, Time : 36.935 s
Timestep : 166420, score : -9233.11906017417, Time : 36.899 s
Timestep : 175179, score : -7927.922856563615, Time : 35.805 s
Timestep : 183938, score : -8174.949437468778, Time : 35.161 s
Timestep : 192697, score : -8672.433998854482, Time : 34.476 s
Timestep : 201456, score : -7211.210610740192, Time : 31.768 s
Timestep : 210215, score : -7586.9573077194655, Time : 33.102 s
Timestep : 218974, score : -6917.334547536404, Time : 37.018 s
Timestep : 227733, score : -6488.674697451555, Time : 37.841 s
Timestep : 236492, score : -5755.270020531403, Time : 37.939 s
Timestep : 245251, score : -5828.150988390349, Time : 37.937 s
Timestep : 254010, score : -5472.996961490164, Time : 37.928 s
Timestep : 262769, score : -5279.189106791426, Time : 37.875 s
Timestep : 271528, score : -4981.689490866411, Time : 37.534 s
Timestep : 280287, score : -4440.319437914441, Time : 37.939 s
Timestep : 289046, score : -4303.757097156049, Time : 36.501 s
Timestep : 297805, score : -4748.497665604838, Time : 35.71 s
Timestep : 306564, score : -4193.737769214858, Time : 36.305 s
Timestep : 315323, score : -3610.132968153266, Time : 36.709 s
Timestep : 324082, score : -4386.916916428512, Time : 35.985 s
Timestep : 332841, score : -4500.174408107443, Time : 35.914 s
Timestep : 341600, score : -4097.829473346268, Time : 37.085 s
Timestep : 350359, score : -4399.206820843232, Time : 37.272 s
Timestep : 359118, score : -4504.566083703685, Time : 37.309 s
Timestep : 367877, score : -3908.0624442703847, Time : 37.267 s
Timestep : 376636, score : -4287.698877787494, Time : 37.105 s
Timestep : 385395, score : -4097.16907234781, Time : 36.187 s
Timestep : 394154, score : -4229.305730863853, Time : 37.221 s
Timestep : 402913, score : -4436.594471187709, Time : 37.722 s
Timestep : 411672, score : -3805.2516905747725, Time : 37.857 s
Timestep : 420431, score : -4236.466686909815, Time : 37.285 s
Timestep : 429190, score : -3938.8530017456796, Time : 36.679 s
Timestep : 437949, score : -3956.421641249006, Time : 36.847 s
Timestep : 446708, score : -3698.6481907422713, Time : 37.227 s
Timestep : 455467, score : -3772.065338790242, Time : 37.232 s
Timestep : 464226, score : -3449.6960349693345, Time : 36.711 s
Timestep : 472985, score : -3571.2955635869002, Time : 35.588 s
Timestep : 481744, score : -3533.431853887072, Time : 35.51 s
Timestep : 490503, score : -4236.314097661088, Time : 35.697 s
Timestep : 499262, score : -3349.134800970467, Time : 37.198 s
Timestep : 508021, score : -3394.109436577448, Time : 37.082 s
Timestep : 516780, score : -3452.601765733765, Time : 36.269 s
Timestep : 525539, score : -3736.504024332651, Time : 35.715 s
Timestep : 534298, score : -3900.112826532364, Time : 37.412 s
Timestep : 543057, score : -2990.938804102858, Time : 36.447 s
Timestep : 551816, score : -2896.6738568101136, Time : 35.468 s
Timestep : 560575, score : -3147.483705442195, Time : 36.882 s
Timestep : 569334, score : -3325.0730090526195, Time : 36.607 s
Timestep : 578093, score : -3586.954489811629, Time : 37.375 s
Timestep : 586852, score : -3348.8615177467727, Time : 36.759 s
Timestep : 595611, score : -3224.6248137934745, Time : 35.582 s
Timestep : 604370, score : -3128.3237776359165, Time : 35.702 s
Timestep : 613129, score : -2938.954871552327, Time : 35.971 s
Timestep : 621888, score : -2831.7511438555375, Time : 37.36 s
Timestep : 630647, score : -2890.842204364162, Time : 37.036 s
Timestep : 639406, score : -2391.8203699894075, Time : 37.476 s
Timestep : 648165, score : -2451.7338524442384, Time : 37.042 s
Timestep : 656924, score : -2839.3306683579285, Time : 36.708 s
Timestep : 665683, score : -3566.3551259651576, Time : 37.411 s
Timestep : 674442, score : -3303.366204642487, Time : 37.097 s
Timestep : 683201, score : -3445.921338682325, Time : 37.35 s
Timestep : 691960, score : -2986.916032306879, Time : 35.65 s
Timestep : 700719, score : -3040.0983693579037, Time : 35.565 s
Timestep : 709478, score : -2800.357280472672, Time : 36.55 s
Timestep : 718237, score : -2782.5036144574697, Time : 36.987 s
Timestep : 726996, score : -2853.5789220357256, Time : 36.838 s
Timestep : 735755, score : -2550.9111762932152, Time : 36.396 s
Timestep : 744514, score : -2772.3090754314617, Time : 36.806 s
Timestep : 753273, score : -2652.430235108317, Time : 37.29 s
Timestep : 762032, score : -3259.4369300379476, Time : 35.954 s
Timestep : 770791, score : -2965.203397541045, Time : 34.252 s
Timestep : 779550, score : -2759.40153153523, Time : 34.361 s
Timestep : 788309, score : -2684.097306765878, Time : 37.206 s
Timestep : 797068, score : -2472.8086428528477, Time : 37.07 s
Timestep : 805827, score : -2238.023476557253, Time : 37.388 s
Timestep : 814586, score : -2273.2065963086498, Time : 37.213 s
Timestep : 823345, score : -2258.6105712716526, Time : 37.37 s
Timestep : 832104, score : -2261.1796126445115, Time : 36.536 s
Timestep : 840863, score : -2615.739771695138, Time : 35.859 s
Timestep : 849622, score : -2837.601577697511, Time : 35.392 s
Timestep : 858381, score : -2630.833135858673, Time : 35.901 s
Timestep : 867140, score : -2994.2301179746864, Time : 35.79 s
Timestep : 875899, score : -2871.249981725501, Time : 35.793 s
Starting local evaluation
Num Steps: 1000, Num episodes: 0
Num Steps: 2000, Num episodes: 0
Num Steps: 3000, Num episodes: 0
Num Steps: 4000, Num episodes: 0
Num Steps: 5000, Num episodes: 0
Num Steps: 6000, Num episodes: 0
Num Steps: 7000, Num episodes: 0
Num Steps: 8000, Num episodes: 0
Episode complete: 1 | Latest episode metrics: {'price_cost': 0.8797235177365409, 'emmision_cost': 0.9816759768143724}
[-0.14217055] -0.14217054687663272
Average Price Cost: 0.8797235177365409
Average Emmision Cost: 0.9816759768143724
Average of both costs: 0.9306997472754566
Total time taken by agent: 4.097002193360822s
DONE!
