{'agent': 'DQN', 'action_selection': 'softmax', 'seed': 1, 'episodes': 100, 'data_path': 'data/citylearn_challenge_2022_phase_1', 'dry_run': False, 'n_discrete': 9, 'update_target': 16, 'lr': 0.0001, 'batch_size': 64, 'adam_epsilon': 1e-08, 'epsilon_final': 0.02, 'run_id': 106}
{'Notes': 'This is a tuning run, executed on a single building.',
 'action_selection': 'softmax',
 'adam_epsilon': 1e-08,
 'env': '<NormalizeObservation<OneHotHour<DiscreteSingle<CityLearnEnv '
        'instance>>>>',
 'final_exploration_rate': 0.02,
 'final_exploration_step': 1000,
 'gamma': 0.99,
 'initial_exploration_rate': 1,
 'learning_rate': 0.0001,
 'loss': 'mse',
 'minibatch_size': 64,
 'network': 'MLP(\n'
            '  (layers): Sequential(\n'
            '    (0): Linear(in_features=29, out_features=128, bias=True)\n'
            '    (1): ReLU()\n'
            '    (2): Linear(in_features=128, out_features=128, bias=True)\n'
            '    (3): ReLU()\n'
            '    (4): Linear(in_features=128, out_features=9, bias=True)\n'
            '  )\n'
            ')',
 'replay_buffer_size': 10000,
 'replay_start_size': 64,
 'seed': 1,
 'train_steps': 876000,
 'update_frequency': 1,
 'update_target_frequency': 16,
 'weight_scale': 1.4142135623730951}
Timestep : 8758, score : -5215.364192033914, Time : 24.372 s
Timestep : 17517, score : -4184.701701456128, Time : 24.292 s
Timestep : 26276, score : -3157.9849520972057, Time : 25.086 s
Timestep : 35035, score : -2231.4679622246476, Time : 25.261 s
Timestep : 43794, score : -2453.135963995097, Time : 24.986 s
Timestep : 52553, score : -2130.0874503006053, Time : 25.763 s
Timestep : 61312, score : -2470.841981168982, Time : 26.073 s
Timestep : 70071, score : -2077.128867051826, Time : 25.24 s
Timestep : 78830, score : -2584.06646591358, Time : 25.16 s
Timestep : 87589, score : -2119.8401145336975, Time : 25.189 s
Timestep : 96348, score : -2452.055200248986, Time : 25.086 s
Timestep : 105107, score : -1775.2552072101098, Time : 25.112 s
Timestep : 113866, score : -1955.4683683574258, Time : 25.369 s
Timestep : 122625, score : -2041.2323909159313, Time : 25.376 s
Timestep : 131384, score : -2021.6705032154277, Time : 25.166 s
Timestep : 140143, score : -1877.5570980827833, Time : 25.27 s
Timestep : 148902, score : -1985.5343025843904, Time : 25.791 s
Timestep : 157661, score : -1921.9213836744602, Time : 26.659 s
Timestep : 166420, score : -2380.310484986083, Time : 25.148 s
Timestep : 175179, score : -1950.9350226311071, Time : 25.16 s
Timestep : 183938, score : -1936.9295654727903, Time : 25.382 s
Timestep : 192697, score : -1844.153509450407, Time : 25.464 s
Timestep : 201456, score : -2021.8009109532286, Time : 25.5 s
Timestep : 210215, score : -1964.457837049762, Time : 24.93 s
Timestep : 218974, score : -2199.7441090452776, Time : 24.725 s
Timestep : 227733, score : -1766.1072699192737, Time : 24.914 s
Timestep : 236492, score : -1581.4696586152131, Time : 25.408 s
Timestep : 245251, score : -1413.8817501359445, Time : 25.442 s
Timestep : 254010, score : -1660.479324994405, Time : 26.301 s
Timestep : 262769, score : -1716.7484629614337, Time : 25.57 s
Timestep : 271528, score : -1707.7964602677675, Time : 25.292 s
Timestep : 280287, score : -1945.1057082506159, Time : 25.348 s
Timestep : 289046, score : -1697.2711408777686, Time : 25.211 s
Timestep : 297805, score : -1898.7517922777042, Time : 25.172 s
Timestep : 306564, score : -1914.6355267596955, Time : 24.912 s
Timestep : 315323, score : -1667.6190947492432, Time : 25.163 s
Timestep : 324082, score : -1710.4739484791207, Time : 25.238 s
Timestep : 332841, score : -1687.8547319500067, Time : 25.254 s
Timestep : 341600, score : -1596.7782311997435, Time : 25.283 s
Timestep : 350359, score : -1682.7331320056983, Time : 25.281 s
Timestep : 359118, score : -1734.3740880495898, Time : 25.251 s
Timestep : 367877, score : -1585.1675679422478, Time : 25.253 s
Timestep : 376636, score : -1656.449505739758, Time : 25.239 s
Timestep : 385395, score : -1622.6696076230437, Time : 25.854 s
Timestep : 394154, score : -1760.2582809261803, Time : 26.041 s
Timestep : 402913, score : -1800.2621370441339, Time : 25.051 s
Timestep : 411672, score : -1612.1319345371157, Time : 25.214 s
Timestep : 420431, score : -1600.5139914478932, Time : 25.185 s
Timestep : 429190, score : -1571.3605641878967, Time : 25.213 s
Timestep : 437949, score : -1702.5682151043147, Time : 25.2 s
Timestep : 446708, score : -1578.5858419358556, Time : 25.221 s
Timestep : 455467, score : -1907.2946268746455, Time : 25.224 s
Timestep : 464226, score : -1787.922925430612, Time : 25.149 s
Timestep : 472985, score : -1706.5902565436263, Time : 25.162 s
Timestep : 481744, score : -1782.0221985308744, Time : 25.373 s
Timestep : 490503, score : -1761.0260069354263, Time : 26.412 s
Timestep : 499262, score : -1815.6444560771633, Time : 25.023 s
Timestep : 508021, score : -1684.6552949558536, Time : 25.244 s
Timestep : 516780, score : -1763.8916535048338, Time : 25.219 s
Timestep : 525539, score : -1681.1529141620558, Time : 25.213 s
Timestep : 534298, score : -1519.4997315372166, Time : 25.214 s
Timestep : 543057, score : -1753.2786881508364, Time : 25.19 s
Timestep : 551816, score : -1694.484131309, Time : 25.12 s
Timestep : 560575, score : -1549.2999615611334, Time : 25.205 s
Timestep : 569334, score : -1624.1816296971228, Time : 25.183 s
Timestep : 578093, score : -1727.3816313150164, Time : 25.294 s
Timestep : 586852, score : -1697.8190269724291, Time : 26.441 s
Timestep : 595611, score : -1858.8492934115056, Time : 25.189 s
Timestep : 604370, score : -1577.0721273075615, Time : 25.171 s
Timestep : 613129, score : -1603.8470729638648, Time : 25.198 s
Timestep : 621888, score : -1770.8712031243194, Time : 25.168 s
Timestep : 630647, score : -1577.0669560807582, Time : 25.195 s
Timestep : 639406, score : -1822.5916618546762, Time : 25.202 s
Timestep : 648165, score : -1833.3456680767995, Time : 25.182 s
Timestep : 656924, score : -1715.0003100822505, Time : 25.156 s
Timestep : 665683, score : -1550.3827267068264, Time : 25.192 s
Timestep : 674442, score : -1461.2267383997387, Time : 25.019 s
Timestep : 683201, score : -1483.2291021037672, Time : 26.241 s
Timestep : 691960, score : -1291.9593366473273, Time : 25.79 s
Timestep : 700719, score : -1407.9503373571497, Time : 25.202 s
Timestep : 709478, score : -1451.786688823675, Time : 24.88 s
Timestep : 718237, score : -1693.1777560760092, Time : 25.245 s
Timestep : 726996, score : -1639.8378946713929, Time : 25.228 s
Timestep : 735755, score : -1415.995243279991, Time : 24.807 s
Timestep : 744514, score : -1709.3154988831666, Time : 25.186 s
Timestep : 753273, score : -1627.504890998156, Time : 25.2 s
Timestep : 762032, score : -1484.746129642037, Time : 25.084 s
Timestep : 770791, score : -1594.9472492578498, Time : 24.755 s
Timestep : 779550, score : -1593.6912493703712, Time : 25.747 s
Timestep : 788309, score : -1539.6978776457545, Time : 26.222 s
Timestep : 797068, score : -1437.5753451104101, Time : 25.237 s
Timestep : 805827, score : -1257.7431320810865, Time : 25.323 s
Timestep : 814586, score : -1507.3029333837912, Time : 25.259 s
Timestep : 823345, score : -1459.603584292956, Time : 25.213 s
Timestep : 832104, score : -1671.1236505128036, Time : 25.231 s
Timestep : 840863, score : -1528.6174793124956, Time : 24.599 s
Timestep : 849622, score : -1510.171225038619, Time : 24.535 s
Timestep : 858381, score : -1314.0811220626056, Time : 24.701 s
Timestep : 867140, score : -1452.207266100013, Time : 25.332 s
Timestep : 875899, score : -1499.9062211367127, Time : 25.359 s
Starting local evaluation
Num Steps: 1000, Num episodes: 0
Num Steps: 2000, Num episodes: 0
Num Steps: 3000, Num episodes: 0
Num Steps: 4000, Num episodes: 0
Num Steps: 5000, Num episodes: 0
Num Steps: 6000, Num episodes: 0
Num Steps: 7000, Num episodes: 0
Num Steps: 8000, Num episodes: 0
Episode complete: 1 | Latest episode metrics: {'price_cost': 0.8454448557786007, 'emmision_cost': 0.9207719243218151}
[-0.08429875] -0.08429874679116109
Average Price Cost: 0.8454448557786007
Average Emmision Cost: 0.9207719243218151
Average of both costs: 0.8831083900502079
Total time taken by agent: 3.9682538106571883s
DONE!
