{'agent': 'DQN', 'action_selection': 'softmax', 'seed': 1, 'episodes': 100, 'data_path': 'data/citylearn_challenge_2022_phase_1', 'dry_run': False, 'n_discrete': 9, 'update_target': 16, 'lr': 0.0007, 'batch_size': 1, 'adam_epsilon': 0.001, 'epsilon_final': 0.02, 'run_id': 151}
{'Notes': 'This is a tuning run, executed on a single building.',
 'action_selection': 'softmax',
 'adam_epsilon': 0.001,
 'env': '<NormalizeObservation<OneHotHour<DiscreteSingle<CityLearnEnv '
        'instance>>>>',
 'final_exploration_rate': 0.02,
 'final_exploration_step': 1000,
 'gamma': 0.99,
 'initial_exploration_rate': 1,
 'learning_rate': 0.0007,
 'loss': 'mse',
 'minibatch_size': 1,
 'network': 'MLP(\n'
            '  (layers): Sequential(\n'
            '    (0): Linear(in_features=29, out_features=128, bias=True)\n'
            '    (1): ReLU()\n'
            '    (2): Linear(in_features=128, out_features=128, bias=True)\n'
            '    (3): ReLU()\n'
            '    (4): Linear(in_features=128, out_features=9, bias=True)\n'
            '  )\n'
            ')',
 'replay_buffer_size': 10000,
 'replay_start_size': 1,
 'seed': 1,
 'train_steps': 876000,
 'update_frequency': 1,
 'update_target_frequency': 16,
 'weight_scale': 1.4142135623730951}
Timestep : 8758, score : -4594.02261338933, Time : 22.214 s
Timestep : 17517, score : -5481.585450577622, Time : 22.363 s
Timestep : 26276, score : -7819.647760463558, Time : 23.059 s
Timestep : 35035, score : -6811.796012769293, Time : 23.182 s
Timestep : 43794, score : -7164.586232160596, Time : 23.269 s
Timestep : 52553, score : -8410.859503722939, Time : 23.207 s
Timestep : 61312, score : -7112.843968404777, Time : 23.305 s
Timestep : 70071, score : -6009.739875928572, Time : 23.246 s
Timestep : 78830, score : -6173.136042443017, Time : 23.313 s
Timestep : 87589, score : -6888.6192990478885, Time : 23.298 s
Timestep : 96348, score : -6346.547319021847, Time : 24.314 s
Timestep : 105107, score : -6702.844605824357, Time : 23.558 s
Timestep : 113866, score : -6687.106611657262, Time : 22.863 s
Timestep : 122625, score : -5558.465599694595, Time : 22.705 s
Timestep : 131384, score : -5702.070439004834, Time : 22.994 s
Timestep : 140143, score : -6779.784787310549, Time : 23.034 s
Timestep : 148902, score : -6176.1197793264, Time : 22.701 s
Timestep : 157661, score : -6821.231975108341, Time : 22.903 s
Timestep : 166420, score : -5973.749591430955, Time : 22.714 s
Timestep : 175179, score : -6037.192781800317, Time : 22.647 s
Timestep : 183938, score : -5747.322718430849, Time : 22.724 s
Timestep : 192697, score : -5545.058750030847, Time : 22.741 s
Timestep : 201456, score : -5586.140374275186, Time : 22.752 s
Timestep : 210215, score : -6274.973368607374, Time : 22.901 s
Timestep : 218974, score : -6138.3912660804635, Time : 22.868 s
Timestep : 227733, score : -5772.329495481943, Time : 23.133 s
Timestep : 236492, score : -6496.3511935570805, Time : 23.633 s
Timestep : 245251, score : -5721.526898800308, Time : 24.33 s
Timestep : 254010, score : -6654.573721069872, Time : 23.273 s
Timestep : 262769, score : -6401.85736086141, Time : 23.217 s
Timestep : 271528, score : -5993.651554475029, Time : 23.414 s
Timestep : 280287, score : -5770.087702717778, Time : 23.3 s
Timestep : 289046, score : -6390.727353311871, Time : 23.315 s
Timestep : 297805, score : -6192.563532963075, Time : 22.962 s
Timestep : 306564, score : -6265.719572103262, Time : 22.754 s
Timestep : 315323, score : -5639.589304502544, Time : 22.845 s
Timestep : 324082, score : -5067.697475642344, Time : 22.769 s
Timestep : 332841, score : -5724.114331237535, Time : 22.731 s
Timestep : 341600, score : -5926.155512612808, Time : 23.279 s
Timestep : 350359, score : -5327.393008150888, Time : 24.106 s
Timestep : 359118, score : -5524.6348009285575, Time : 23.729 s
Timestep : 367877, score : -5825.224263189157, Time : 23.112 s
Timestep : 376636, score : -5761.45591540719, Time : 22.738 s
Timestep : 385395, score : -6002.019720574986, Time : 22.722 s
Timestep : 394154, score : -5446.49040148221, Time : 23.321 s
Timestep : 402913, score : -5467.296087854687, Time : 22.676 s
Timestep : 411672, score : -6202.3985941432475, Time : 23.307 s
Timestep : 420431, score : -5635.951394835516, Time : 23.383 s
Timestep : 429190, score : -5455.563623704627, Time : 23.295 s
Timestep : 437949, score : -5547.567952809302, Time : 22.651 s
Timestep : 446708, score : -5175.127753054636, Time : 22.656 s
Timestep : 455467, score : -5691.314757653861, Time : 23.692 s
Timestep : 464226, score : -4551.755491014133, Time : 24.342 s
Timestep : 472985, score : -4976.312488543714, Time : 23.197 s
Timestep : 481744, score : -5117.238069133033, Time : 22.919 s
Timestep : 490503, score : -6069.552466884983, Time : 22.765 s
Timestep : 499262, score : -5035.604722646618, Time : 22.848 s
Timestep : 508021, score : -5184.9422086237755, Time : 22.774 s
Timestep : 516780, score : -5157.300362856549, Time : 22.781 s
Timestep : 525539, score : -5550.143728723619, Time : 23.356 s
Timestep : 534298, score : -5311.253293216534, Time : 22.937 s
Timestep : 543057, score : -4664.084516894145, Time : 22.898 s
Timestep : 551816, score : -4613.513350868394, Time : 22.745 s
Timestep : 560575, score : -4970.996759258123, Time : 23.259 s
Timestep : 569334, score : -5019.125076301774, Time : 24.229 s
Timestep : 578093, score : -5485.223331480898, Time : 23.013 s
Timestep : 586852, score : -6363.250108198292, Time : 22.66 s
Timestep : 595611, score : -5098.6527599518595, Time : 22.956 s
Timestep : 604370, score : -5070.562729607598, Time : 22.688 s
Timestep : 613129, score : -4895.397552837108, Time : 22.89 s
Timestep : 621888, score : -5287.583134985325, Time : 22.945 s
Timestep : 630647, score : -5000.887130935123, Time : 22.862 s
Timestep : 639406, score : -4953.644654916978, Time : 22.732 s
Timestep : 648165, score : -4728.934004001931, Time : 23.151 s
Timestep : 656924, score : -5198.747131571712, Time : 23.16 s
Timestep : 665683, score : -5781.198004031859, Time : 22.749 s
Timestep : 674442, score : -5473.1274163132475, Time : 24.326 s
Timestep : 683201, score : -6039.92064571791, Time : 23.629 s
Timestep : 691960, score : -5416.515770476224, Time : 22.873 s
Timestep : 700719, score : -5073.611132408638, Time : 22.769 s
Timestep : 709478, score : -6028.415034114805, Time : 23.004 s
Timestep : 718237, score : -5094.202272822527, Time : 22.771 s
Timestep : 726996, score : -4603.739187848667, Time : 22.954 s
Timestep : 735755, score : -5341.519886153896, Time : 22.9 s
Timestep : 744514, score : -5553.4545530055475, Time : 22.77 s
Timestep : 753273, score : -4993.472998450772, Time : 22.788 s
Timestep : 762032, score : -4151.798545215657, Time : 23.041 s
Timestep : 770791, score : -4682.405401749449, Time : 22.615 s
Timestep : 779550, score : -4966.549515692168, Time : 22.822 s
Timestep : 788309, score : -4824.016051247163, Time : 22.89 s
Timestep : 797068, score : -4827.162374507094, Time : 22.932 s
Timestep : 805827, score : -4127.650959644961, Time : 23.49 s
Timestep : 814586, score : -3830.7226584247837, Time : 23.405 s
Timestep : 823345, score : -4424.459413033299, Time : 24.701 s
Timestep : 832104, score : -4491.5329200883425, Time : 23.337 s
Timestep : 840863, score : -4239.405840291583, Time : 22.77 s
Timestep : 849622, score : -4394.308485518239, Time : 23.08 s
Timestep : 858381, score : -4526.866589926605, Time : 23.287 s
Timestep : 867140, score : -4820.081547798429, Time : 22.75 s
Timestep : 875899, score : -4905.538858894171, Time : 22.59 s
Starting local evaluation
Num Steps: 1000, Num episodes: 0
Num Steps: 2000, Num episodes: 0
Num Steps: 3000, Num episodes: 0
Num Steps: 4000, Num episodes: 0
Num Steps: 5000, Num episodes: 0
Num Steps: 6000, Num episodes: 0
Num Steps: 7000, Num episodes: 0
Num Steps: 8000, Num episodes: 0
Episode complete: 1 | Latest episode metrics: {'price_cost': 1.0008170795811802, 'emmision_cost': 1.1271627581307384}
[-0.30554435] -0.30554434504370515
Average Price Cost: 1.0008170795811802
Average Emmision Cost: 1.1271627581307384
Average of both costs: 1.0639899188559592
Total time taken by agent: 4.397059423848987s
DONE!
