{'agent': 'DQN', 'action_selection': 'egreedy', 'seed': 1, 'episodes': 100, 'data_path': 'data/citylearn_challenge_2022_phase_1', 'dry_run': False, 'n_discrete': 9, 'update_target': 16, 'lr': 0.007, 'batch_size': 1, 'adam_epsilon': 1e-09, 'epsilon_final': 0.1, 'run_id': 251}
{'Notes': 'This is a tuning run, executed on a single building.',
 'action_selection': 'egreedy',
 'adam_epsilon': 1e-09,
 'env': '<NormalizeObservation<OneHotHour<DiscreteSingle<CityLearnEnv '
        'instance>>>>',
 'final_exploration_rate': 0.02,
 'final_exploration_step': 1000,
 'gamma': 0.99,
 'initial_exploration_rate': 1,
 'learning_rate': 0.007,
 'loss': 'mse',
 'minibatch_size': 1,
 'network': 'MLP(\n'
            '  (layers): Sequential(\n'
            '    (0): Linear(in_features=29, out_features=128, bias=True)\n'
            '    (1): ReLU()\n'
            '    (2): Linear(in_features=128, out_features=128, bias=True)\n'
            '    (3): ReLU()\n'
            '    (4): Linear(in_features=128, out_features=9, bias=True)\n'
            '  )\n'
            ')',
 'replay_buffer_size': 10000,
 'replay_start_size': 1,
 'seed': 1,
 'train_steps': 876000,
 'update_frequency': 1,
 'update_target_frequency': 16,
 'weight_scale': 1.4142135623730951}
Timestep : 8758, score : -5929.15279261049, Time : 20.664 s
Timestep : 17517, score : -4989.126792385621, Time : 21.943 s
Timestep : 26276, score : -5309.090973565195, Time : 23.913 s
Timestep : 35035, score : -5478.554758563245, Time : 23.907 s
Timestep : 43794, score : -5323.063925431023, Time : 23.836 s
Timestep : 52553, score : -5565.016418568863, Time : 23.904 s
Timestep : 61312, score : -5654.176772274106, Time : 23.826 s
Timestep : 70071, score : -5503.2445593515, Time : 24.047 s
Timestep : 78830, score : -5594.77354599729, Time : 23.959 s
Timestep : 87589, score : -5309.676971655805, Time : 21.513 s
Timestep : 96348, score : -5326.029967553011, Time : 18.885 s
Timestep : 105107, score : -5714.239544516808, Time : 18.797 s
Timestep : 113866, score : -5537.924437844456, Time : 18.854 s
Timestep : 122625, score : -6497.319270792563, Time : 19.246 s
Timestep : 131384, score : -7614.420750222427, Time : 19.244 s
Timestep : 140143, score : -6925.499456489604, Time : 19.027 s
Timestep : 148902, score : -5513.421940322922, Time : 18.872 s
Timestep : 157661, score : -5570.6240447224845, Time : 18.669 s
Timestep : 166420, score : -6147.955168257147, Time : 18.627 s
Timestep : 175179, score : -6204.113304176746, Time : 18.692 s
Timestep : 183938, score : -5572.397631629632, Time : 18.842 s
Timestep : 192697, score : -5424.84541276042, Time : 18.971 s
Timestep : 201456, score : -5733.49040703733, Time : 18.939 s
Timestep : 210215, score : -5390.494960414508, Time : 19.417 s
Timestep : 218974, score : -5286.104469865939, Time : 19.326 s
Timestep : 227733, score : -7466.706169022393, Time : 18.937 s
Timestep : 236492, score : -5275.23526242972, Time : 18.815 s
Timestep : 245251, score : -4538.339465857862, Time : 19.425 s
Timestep : 254010, score : -4463.416386410623, Time : 23.602 s
Timestep : 262769, score : -4509.449749972118, Time : 24.818 s
Timestep : 271528, score : -4438.001624727069, Time : 23.838 s
Timestep : 280287, score : -4433.451901414344, Time : 23.992 s
Timestep : 289046, score : -4418.866391925447, Time : 22.156 s
Timestep : 297805, score : -4413.027923574118, Time : 20.488 s
Timestep : 306564, score : -4590.841673748946, Time : 22.714 s
Timestep : 315323, score : -4620.237320335305, Time : 24.02 s
Timestep : 324082, score : -4442.425703668108, Time : 24.054 s
Timestep : 332841, score : -4551.928106761916, Time : 24.02 s
Timestep : 341600, score : -4713.686115684366, Time : 23.951 s
Timestep : 350359, score : -4422.072851038916, Time : 24.063 s
Timestep : 359118, score : -4517.357401525049, Time : 24.161 s
Timestep : 367877, score : -4559.479975237657, Time : 24.651 s
Timestep : 376636, score : -4535.237376279576, Time : 23.243 s
Timestep : 385395, score : -4600.952014622191, Time : 20.231 s
Timestep : 394154, score : -4473.965448988049, Time : 22.07 s
Timestep : 402913, score : -4442.528967705934, Time : 23.865 s
Timestep : 411672, score : -4514.431281295983, Time : 23.941 s
Timestep : 420431, score : -4519.612932839809, Time : 24.034 s
Timestep : 429190, score : -4629.775324425573, Time : 23.893 s
Timestep : 437949, score : -4398.602521659253, Time : 24.005 s
Timestep : 446708, score : -4440.503842092148, Time : 23.883 s
Timestep : 455467, score : -4502.228233491449, Time : 23.763 s
Timestep : 464226, score : -4472.188610882877, Time : 23.903 s
Timestep : 472985, score : -4582.910498832731, Time : 24.142 s
Timestep : 481744, score : -4511.519535643427, Time : 23.75 s
Timestep : 490503, score : -4602.731784062373, Time : 23.928 s
Timestep : 499262, score : -4423.888679162046, Time : 24.032 s
Timestep : 508021, score : -4394.3869745092525, Time : 24.088 s
Timestep : 516780, score : -4512.49758379432, Time : 24.01 s
Timestep : 525539, score : -4539.318195880769, Time : 24.029 s
Timestep : 534298, score : -4416.641807240812, Time : 24.058 s
Timestep : 543057, score : -4535.593704506202, Time : 23.924 s
Timestep : 551816, score : -4572.7386962821765, Time : 23.908 s
Timestep : 560575, score : -4503.890059064521, Time : 23.699 s
Timestep : 569334, score : -4518.022152138321, Time : 23.804 s
Timestep : 578093, score : -4473.310258003956, Time : 22.066 s
Timestep : 586852, score : -4513.594261336519, Time : 20.398 s
Timestep : 595611, score : -4431.840083376883, Time : 18.844 s
Timestep : 604370, score : -4554.777871986298, Time : 20.991 s
Timestep : 613129, score : -4397.015406930266, Time : 23.687 s
Timestep : 621888, score : -4475.068276387785, Time : 23.905 s
Timestep : 630647, score : -4469.407248695876, Time : 23.77 s
Timestep : 639406, score : -4530.9659645440115, Time : 24.148 s
Timestep : 648165, score : -4445.986213073513, Time : 23.94 s
Timestep : 656924, score : -4575.6421336292115, Time : 23.997 s
Timestep : 665683, score : -4581.169054703234, Time : 23.969 s
Timestep : 674442, score : -4592.697344405024, Time : 23.796 s
Timestep : 683201, score : -4485.295238574414, Time : 23.669 s
Timestep : 691960, score : -4426.24827684593, Time : 24.087 s
Timestep : 700719, score : -4450.636779785302, Time : 24.46 s
Timestep : 709478, score : -4414.536750532134, Time : 23.956 s
Timestep : 718237, score : -4385.626505278124, Time : 23.761 s
Timestep : 726996, score : -4464.646644339344, Time : 24.025 s
Timestep : 735755, score : -4361.445266044146, Time : 23.993 s
Timestep : 744514, score : -4482.831993058702, Time : 24.107 s
Timestep : 753273, score : -4512.120852287, Time : 23.883 s
Timestep : 762032, score : -4497.961423097557, Time : 23.952 s
Timestep : 770791, score : -4338.7746159186645, Time : 23.885 s
Timestep : 779550, score : -4438.980945251329, Time : 23.988 s
Timestep : 788309, score : -4490.018299623771, Time : 23.788 s
Timestep : 797068, score : -4445.1274906084, Time : 23.957 s
Timestep : 805827, score : -4391.660633092193, Time : 23.934 s
Timestep : 814586, score : -4624.296618178865, Time : 24.014 s
Timestep : 823345, score : -4472.317138647108, Time : 24.199 s
Timestep : 832104, score : -4337.286092206283, Time : 24.565 s
Timestep : 840863, score : -4497.380283314182, Time : 24.501 s
Timestep : 849622, score : -4489.05957545634, Time : 24.971 s
Timestep : 858381, score : -4504.757316054223, Time : 24.883 s
Timestep : 867140, score : -4550.363079081668, Time : 24.49 s
Timestep : 875899, score : -4584.869728832651, Time : 24.061 s
Starting local evaluation
Num Steps: 1000, Num episodes: 0
Num Steps: 2000, Num episodes: 0
Num Steps: 3000, Num episodes: 0
Num Steps: 4000, Num episodes: 0
Num Steps: 5000, Num episodes: 0
Num Steps: 6000, Num episodes: 0
Num Steps: 7000, Num episodes: 0
Num Steps: 8000, Num episodes: 0
Episode complete: 1 | Latest episode metrics: {'price_cost': 1.0199166159673352, 'emmision_cost': 1.0237171855841107}
[-0.25680715] -0.25680714941446314
Average Price Cost: 1.0199166159673352
Average Emmision Cost: 1.0237171855841107
Average of both costs: 1.021816900775723
Total time taken by agent: 2.6667316434904933s
DONE!
