{'agent': 'DQN', 'action_selection': 'softmax', 'seed': 1, 'episodes': 100, 'data_path': 'data/citylearn_challenge_2022_phase_1', 'dry_run': False, 'n_discrete': 9, 'update_target': 4, 'lr': 7e-05, 'batch_size': 128, 'adam_epsilon': 0.0001, 'epsilon_final': 0.02, 'run_id': 187}
{'Notes': 'This is a tuning run, executed on a single building.',
 'action_selection': 'softmax',
 'adam_epsilon': 0.0001,
 'env': '<NormalizeObservation<OneHotHour<DiscreteSingle<CityLearnEnv '
        'instance>>>>',
 'final_exploration_rate': 0.02,
 'final_exploration_step': 1000,
 'gamma': 0.99,
 'initial_exploration_rate': 1,
 'learning_rate': 7e-05,
 'loss': 'mse',
 'minibatch_size': 128,
 'network': 'MLP(\n'
            '  (layers): Sequential(\n'
            '    (0): Linear(in_features=29, out_features=128, bias=True)\n'
            '    (1): ReLU()\n'
            '    (2): Linear(in_features=128, out_features=128, bias=True)\n'
            '    (3): ReLU()\n'
            '    (4): Linear(in_features=128, out_features=9, bias=True)\n'
            '  )\n'
            ')',
 'replay_buffer_size': 10000,
 'replay_start_size': 128,
 'seed': 1,
 'train_steps': 876000,
 'update_frequency': 1,
 'update_target_frequency': 4,
 'weight_scale': 1.4142135623730951}
Timestep : 8758, score : -5088.337360012418, Time : 25.399 s
Timestep : 17517, score : -4431.433216500474, Time : 26.129 s
Timestep : 26276, score : -4487.3142482721305, Time : 27.518 s
Timestep : 35035, score : -4455.029930277524, Time : 28.051 s
Timestep : 43794, score : -4275.914155263366, Time : 27.695 s
Timestep : 52553, score : -4349.488352198066, Time : 28.111 s
Timestep : 61312, score : -4309.273592842888, Time : 28.137 s
Timestep : 70071, score : -4197.199022793284, Time : 28.091 s
Timestep : 78830, score : -4061.456333881506, Time : 28.148 s
Timestep : 87589, score : -3452.0177882336575, Time : 28.193 s
Timestep : 96348, score : -3315.5331016305427, Time : 28.172 s
Timestep : 105107, score : -3289.958735174456, Time : 28.154 s
Timestep : 113866, score : -2582.5595922221255, Time : 28.207 s
Timestep : 122625, score : -2306.715372919949, Time : 28.229 s
Timestep : 131384, score : -2017.2795221988636, Time : 28.226 s
Timestep : 140143, score : -2233.905541694985, Time : 27.961 s
Timestep : 148902, score : -2270.0104948021763, Time : 28.206 s
Timestep : 157661, score : -2472.3768993330013, Time : 28.191 s
Timestep : 166420, score : -2615.209761971346, Time : 28.22 s
Timestep : 175179, score : -2868.155757698609, Time : 28.184 s
Timestep : 183938, score : -2551.3258937396167, Time : 27.609 s
Timestep : 192697, score : -2183.1065822153178, Time : 28.213 s
Timestep : 201456, score : -2379.586572909873, Time : 28.229 s
Timestep : 210215, score : -2371.987575278181, Time : 28.2 s
Timestep : 218974, score : -2159.875938641635, Time : 28.198 s
Timestep : 227733, score : -2579.048609862657, Time : 28.2 s
Timestep : 236492, score : -2817.686448332068, Time : 28.16 s
Timestep : 245251, score : -2509.6079788148927, Time : 28.176 s
Timestep : 254010, score : -2650.3701645271212, Time : 28.19 s
Timestep : 262769, score : -2406.6211533500755, Time : 28.178 s
Timestep : 271528, score : -2487.062355676113, Time : 28.262 s
Timestep : 280287, score : -2243.75371896071, Time : 28.201 s
Timestep : 289046, score : -2308.9274313244096, Time : 28.232 s
Timestep : 297805, score : -2350.697694256698, Time : 28.237 s
Timestep : 306564, score : -2392.654848551174, Time : 28.096 s
Timestep : 315323, score : -2370.841059903876, Time : 26.83 s
Timestep : 324082, score : -2083.725839925959, Time : 28.555 s
Timestep : 332841, score : -2025.1588222489518, Time : 28.356 s
Timestep : 341600, score : -1992.376551625115, Time : 28.556 s
Timestep : 350359, score : -1943.9547993445594, Time : 28.583 s
Timestep : 359118, score : -2117.302199213329, Time : 27.562 s
Timestep : 367877, score : -2180.5854043356667, Time : 28.533 s
Timestep : 376636, score : -2370.6784129564476, Time : 28.567 s
Timestep : 385395, score : -2305.0901032976253, Time : 28.555 s
Timestep : 394154, score : -2487.283662261587, Time : 28.557 s
Timestep : 402913, score : -2296.379252634433, Time : 28.055 s
Timestep : 411672, score : -2204.7964953214687, Time : 28.441 s
Timestep : 420431, score : -2357.2036103692662, Time : 28.526 s
Timestep : 429190, score : -2304.5264075149607, Time : 28.556 s
Timestep : 437949, score : -2169.205044605682, Time : 28.539 s
Timestep : 446708, score : -1917.292998644436, Time : 28.572 s
Timestep : 455467, score : -1967.562506272836, Time : 28.547 s
Timestep : 464226, score : -1958.1419816960406, Time : 28.552 s
Timestep : 472985, score : -2118.4628479823295, Time : 28.524 s
Timestep : 481744, score : -2021.7056047706428, Time : 27.749 s
Timestep : 490503, score : -1930.7920388720522, Time : 28.121 s
Timestep : 499262, score : -2069.20233014159, Time : 27.608 s
Timestep : 508021, score : -2227.508131806535, Time : 27.322 s
Timestep : 516780, score : -2149.1152371028, Time : 28.168 s
Timestep : 525539, score : -1895.0072363245126, Time : 27.766 s
Timestep : 534298, score : -2129.660819541925, Time : 27.892 s
Timestep : 543057, score : -2050.0350073449954, Time : 27.917 s
Timestep : 551816, score : -1951.5015741416428, Time : 27.933 s
Timestep : 560575, score : -1910.0300009453495, Time : 27.91 s
Timestep : 569334, score : -2194.2944062089373, Time : 27.896 s
Timestep : 578093, score : -2116.202249847309, Time : 27.909 s
Timestep : 586852, score : -2247.755930409563, Time : 27.888 s
Timestep : 595611, score : -2223.6306046371174, Time : 27.762 s
Timestep : 604370, score : -2194.462161377509, Time : 28.205 s
Timestep : 613129, score : -2213.295393354696, Time : 28.143 s
Timestep : 621888, score : -2209.7752605790447, Time : 28.184 s
Timestep : 630647, score : -2191.7178437296097, Time : 28.156 s
Timestep : 639406, score : -2218.942597162386, Time : 28.172 s
Timestep : 648165, score : -2487.6906555713504, Time : 27.592 s
Timestep : 656924, score : -2321.3016478829086, Time : 26.278 s
Timestep : 665683, score : -2305.2457270387386, Time : 26.248 s
Timestep : 674442, score : -2500.0834222736594, Time : 26.289 s
Timestep : 683201, score : -2376.689699329232, Time : 26.321 s
Timestep : 691960, score : -2243.1390129658685, Time : 27.858 s
Timestep : 700719, score : -2158.475044685314, Time : 26.439 s
Timestep : 709478, score : -2264.233882492903, Time : 26.289 s
Timestep : 718237, score : -2188.574319543579, Time : 27.024 s
Timestep : 726996, score : -2100.719795190731, Time : 27.863 s
Timestep : 735755, score : -2174.881907576666, Time : 26.892 s
Timestep : 744514, score : -2219.4819596709276, Time : 27.806 s
Timestep : 753273, score : -2206.973014219926, Time : 28.176 s
Timestep : 762032, score : -2217.9721554722637, Time : 28.15 s
Timestep : 770791, score : -2041.4293723646988, Time : 28.158 s
Timestep : 779550, score : -2243.4694531642162, Time : 28.159 s
Timestep : 788309, score : -2101.4355634961976, Time : 28.148 s
Timestep : 797068, score : -2203.7627721708122, Time : 28.193 s
Timestep : 805827, score : -2151.673568768456, Time : 28.16 s
Timestep : 814586, score : -2242.652063092115, Time : 28.131 s
Timestep : 823345, score : -2255.6280909815396, Time : 27.764 s
Timestep : 832104, score : -2345.8229657369375, Time : 27.585 s
Timestep : 840863, score : -2388.094022355712, Time : 27.499 s
Timestep : 849622, score : -2276.1557660830003, Time : 27.501 s
Timestep : 858381, score : -2122.619823019282, Time : 27.46 s
Timestep : 867140, score : -2396.7940900098038, Time : 27.452 s
Timestep : 875899, score : -2327.6348568618996, Time : 27.426 s
Starting local evaluation
Num Steps: 1000, Num episodes: 0
Num Steps: 2000, Num episodes: 0
Num Steps: 3000, Num episodes: 0
Num Steps: 4000, Num episodes: 0
Num Steps: 5000, Num episodes: 0
Num Steps: 6000, Num episodes: 0
Num Steps: 7000, Num episodes: 0
Num Steps: 8000, Num episodes: 0
Episode complete: 1 | Latest episode metrics: {'price_cost': 0.8955256046670454, 'emmision_cost': 0.9364055160345994}
[-0.12561276] -0.1256127557952886
Average Price Cost: 0.8955256046670454
Average Emmision Cost: 0.9364055160345994
Average of both costs: 0.9159655603508224
Total time taken by agent: 3.7248217643937096s
DONE!
