{'agent': 'DQN', 'action_selection': 'softmax', 'seed': 1, 'episodes': 100, 'data_path': 'data/citylearn_challenge_2022_phase_1', 'dry_run': False, 'n_discrete': 9, 'update_target': 16, 'lr': 0.01, 'batch_size': 128, 'adam_epsilon': 1e-09, 'epsilon_final': 0.02, 'run_id': 168}
{'Notes': 'This is a tuning run, executed on a single building.',
 'action_selection': 'softmax',
 'adam_epsilon': 1e-09,
 'env': '<NormalizeObservation<OneHotHour<DiscreteSingle<CityLearnEnv '
        'instance>>>>',
 'final_exploration_rate': 0.02,
 'final_exploration_step': 1000,
 'gamma': 0.99,
 'initial_exploration_rate': 1,
 'learning_rate': 0.01,
 'loss': 'mse',
 'minibatch_size': 128,
 'network': 'MLP(\n'
            '  (layers): Sequential(\n'
            '    (0): Linear(in_features=29, out_features=128, bias=True)\n'
            '    (1): ReLU()\n'
            '    (2): Linear(in_features=128, out_features=128, bias=True)\n'
            '    (3): ReLU()\n'
            '    (4): Linear(in_features=128, out_features=9, bias=True)\n'
            '  )\n'
            ')',
 'replay_buffer_size': 10000,
 'replay_start_size': 128,
 'seed': 1,
 'train_steps': 876000,
 'update_frequency': 1,
 'update_target_frequency': 16,
 'weight_scale': 1.4142135623730951}
Timestep : 8758, score : -8932.11664649933, Time : 24.494 s
Timestep : 17517, score : -10421.027856061191, Time : 25.209 s
Timestep : 26276, score : -10057.136869358743, Time : 25.253 s
Timestep : 35035, score : -9741.61808827892, Time : 25.342 s
Timestep : 43794, score : -12926.575043178163, Time : 25.373 s
Timestep : 52553, score : -12694.790144076454, Time : 24.331 s
Timestep : 61312, score : -12940.635647749601, Time : 24.269 s
Timestep : 70071, score : -14015.811123340623, Time : 24.317 s
Timestep : 78830, score : -13718.44290802197, Time : 24.617 s
Timestep : 87589, score : -13143.766813711802, Time : 24.609 s
Timestep : 96348, score : -13210.7925965063, Time : 24.55 s
Timestep : 105107, score : -12322.568865270732, Time : 24.975 s
Timestep : 113866, score : -12300.939312371316, Time : 24.486 s
Timestep : 122625, score : -13666.43741698483, Time : 24.58 s
Timestep : 131384, score : -12965.56158103855, Time : 24.345 s
Timestep : 140143, score : -12345.790977878278, Time : 24.303 s
Timestep : 148902, score : -12519.397160955967, Time : 24.361 s
Timestep : 157661, score : -12205.33814242846, Time : 25.651 s
Timestep : 166420, score : -10536.721991981696, Time : 25.185 s
Timestep : 175179, score : -8519.821725673653, Time : 24.886 s
Timestep : 183938, score : -7089.9870522514975, Time : 24.613 s
Timestep : 192697, score : -6934.794225180667, Time : 23.678 s
Timestep : 201456, score : -5960.030481413851, Time : 23.852 s
Timestep : 210215, score : -6721.276661047203, Time : 23.858 s
Timestep : 218974, score : -6533.7923893597035, Time : 24.009 s
Timestep : 227733, score : -6524.636916289717, Time : 24.149 s
Timestep : 236492, score : -6216.948385828902, Time : 24.051 s
Timestep : 245251, score : -5673.976689931151, Time : 23.857 s
Timestep : 254010, score : -6204.971245002031, Time : 23.524 s
Timestep : 262769, score : -6348.863335564529, Time : 23.631 s
Timestep : 271528, score : -5590.737958590995, Time : 23.693 s
Timestep : 280287, score : -5211.6701937070175, Time : 23.699 s
Timestep : 289046, score : -5963.945864228328, Time : 23.588 s
Timestep : 297805, score : -6472.976700912492, Time : 23.802 s
Timestep : 306564, score : -6431.84353854318, Time : 23.4 s
Timestep : 315323, score : -5504.016220815392, Time : 24.288 s
Timestep : 324082, score : -6148.7207432746945, Time : 24.629 s
Timestep : 332841, score : -7394.440036230633, Time : 24.772 s
Timestep : 341600, score : -5463.119573015167, Time : 24.518 s
Timestep : 350359, score : -5853.10022571907, Time : 24.619 s
Timestep : 359118, score : -5308.350307454777, Time : 24.427 s
Timestep : 367877, score : -6947.168136861204, Time : 24.603 s
Timestep : 376636, score : -5860.705868838195, Time : 24.671 s
Timestep : 385395, score : -5534.541641617456, Time : 24.757 s
Timestep : 394154, score : -6171.48757314196, Time : 24.933 s
Timestep : 402913, score : -5402.255818582285, Time : 24.986 s
Timestep : 411672, score : -6703.761921511643, Time : 24.877 s
Timestep : 420431, score : -7418.929676228741, Time : 24.541 s
Timestep : 429190, score : -6410.10442769705, Time : 24.756 s
Timestep : 437949, score : -5477.3304802705825, Time : 24.865 s
Timestep : 446708, score : -4469.657137922506, Time : 24.959 s
Timestep : 455467, score : -5941.490410537881, Time : 24.732 s
Timestep : 464226, score : -8712.553762985073, Time : 24.92 s
Timestep : 472985, score : -6523.73269519108, Time : 24.775 s
Timestep : 481744, score : -5414.568452123509, Time : 24.804 s
Timestep : 490503, score : -5568.021511425526, Time : 24.687 s
Timestep : 499262, score : -6240.704400621733, Time : 24.818 s
Timestep : 508021, score : -5351.901081066841, Time : 24.647 s
Timestep : 516780, score : -5139.932224821678, Time : 24.66 s
Timestep : 525539, score : -5845.504911836149, Time : 24.638 s
Timestep : 534298, score : -5932.837697978393, Time : 24.766 s
Timestep : 543057, score : -6406.009286170331, Time : 24.679 s
Timestep : 551816, score : -5691.77506620335, Time : 24.695 s
Timestep : 560575, score : -5356.31827215376, Time : 24.836 s
Timestep : 569334, score : -5355.215264494327, Time : 24.77 s
Timestep : 578093, score : -5745.107808493922, Time : 24.696 s
Timestep : 586852, score : -6841.422726043762, Time : 24.909 s
Timestep : 595611, score : -6246.323369757069, Time : 24.903 s
Timestep : 604370, score : -5851.133191212342, Time : 24.987 s
Timestep : 613129, score : -5868.547398761642, Time : 24.904 s
Timestep : 621888, score : -5564.914092994091, Time : 24.536 s
Timestep : 630647, score : -6772.555329646304, Time : 24.594 s
Timestep : 639406, score : -5563.773843502655, Time : 24.879 s
Timestep : 648165, score : -5613.852861199441, Time : 24.793 s
Timestep : 656924, score : -5647.037528370303, Time : 24.999 s
Timestep : 665683, score : -5456.676551802462, Time : 24.865 s
Timestep : 674442, score : -5390.058282412618, Time : 24.729 s
Timestep : 683201, score : -6357.2543592918955, Time : 24.932 s
Timestep : 691960, score : -6506.393240655336, Time : 24.79 s
Timestep : 700719, score : -5820.066253474244, Time : 24.589 s
Timestep : 709478, score : -5452.709422373591, Time : 24.722 s
Timestep : 718237, score : -6725.525961980602, Time : 24.804 s
Timestep : 726996, score : -5938.162095520907, Time : 24.662 s
Timestep : 735755, score : -5742.12424891573, Time : 24.739 s
Timestep : 744514, score : -5816.479351521033, Time : 24.713 s
Timestep : 753273, score : -5664.982121092646, Time : 24.657 s
Timestep : 762032, score : -5592.9409023196495, Time : 24.903 s
Timestep : 770791, score : -5300.183015373914, Time : 24.826 s
Timestep : 779550, score : -5496.200589277229, Time : 24.586 s
Timestep : 788309, score : -5699.919284553063, Time : 24.594 s
Timestep : 797068, score : -5608.493333157065, Time : 24.901 s
Timestep : 805827, score : -6090.008094383433, Time : 24.814 s
Timestep : 814586, score : -5822.557357102545, Time : 24.461 s
Timestep : 823345, score : -5704.682209895254, Time : 24.587 s
Timestep : 832104, score : -6044.076022032794, Time : 24.714 s
Timestep : 840863, score : -6949.301131683198, Time : 24.789 s
Timestep : 849622, score : -5853.642263436603, Time : 24.526 s
Timestep : 858381, score : -4901.217043129218, Time : 24.48 s
Timestep : 867140, score : -5506.983782827301, Time : 24.163 s
Timestep : 875899, score : -5992.962608157919, Time : 24.371 s
Starting local evaluation
Num Steps: 1000, Num episodes: 0
Num Steps: 2000, Num episodes: 0
Num Steps: 3000, Num episodes: 0
Num Steps: 4000, Num episodes: 0
Num Steps: 5000, Num episodes: 0
Num Steps: 6000, Num episodes: 0
Num Steps: 7000, Num episodes: 0
Num Steps: 8000, Num episodes: 0
Episode complete: 1 | Latest episode metrics: {'price_cost': 1.0259536464344492, 'emmision_cost': 1.0258727456404821}
[-0.26194713] -0.26194712971125916
Average Price Cost: 1.0259536464344492
Average Emmision Cost: 1.0258727456404821
Average of both costs: 1.0259131960374657
Total time taken by agent: 3.3424116405658424s
DONE!
