{'agent': 'DQN', 'action_selection': 'egreedy', 'seed': 1, 'episodes': 100, 'data_path': 'data/citylearn_challenge_2022_phase_1', 'dry_run': False, 'n_discrete': 9, 'update_target': 32, 'lr': 0.001, 'batch_size': 4, 'adam_epsilon': 1e-05, 'epsilon_final': 0.03, 'run_id': 315}
{'Notes': 'This is a tuning run, executed on a single building.',
 'action_selection': 'egreedy',
 'adam_epsilon': 1e-05,
 'env': '<NormalizeObservation<OneHotHour<DiscreteSingle<CityLearnEnv '
        'instance>>>>',
 'final_exploration_rate': 0.02,
 'final_exploration_step': 1000,
 'gamma': 0.99,
 'initial_exploration_rate': 1,
 'learning_rate': 0.001,
 'loss': 'mse',
 'minibatch_size': 4,
 'network': 'MLP(\n'
            '  (layers): Sequential(\n'
            '    (0): Linear(in_features=29, out_features=128, bias=True)\n'
            '    (1): ReLU()\n'
            '    (2): Linear(in_features=128, out_features=128, bias=True)\n'
            '    (3): ReLU()\n'
            '    (4): Linear(in_features=128, out_features=9, bias=True)\n'
            '  )\n'
            ')',
 'replay_buffer_size': 10000,
 'replay_start_size': 4,
 'seed': 1,
 'train_steps': 876000,
 'update_frequency': 1,
 'update_target_frequency': 32,
 'weight_scale': 1.4142135623730951}
Timestep : 8758, score : -6092.034529993733, Time : 19.517 s
Timestep : 17517, score : -5065.504141359503, Time : 19.689 s
Timestep : 26276, score : -5172.033619702241, Time : 19.527 s
Timestep : 35035, score : -5047.739972308773, Time : 19.744 s
Timestep : 43794, score : -4939.40162906397, Time : 19.709 s
Timestep : 52553, score : -4516.350680644769, Time : 19.639 s
Timestep : 61312, score : -4328.292144035648, Time : 19.804 s
Timestep : 70071, score : -4906.836227315507, Time : 19.702 s
Timestep : 78830, score : -5358.507362506964, Time : 19.4 s
Timestep : 87589, score : -5288.5177416628285, Time : 19.564 s
Timestep : 96348, score : -5125.165356273792, Time : 19.825 s
Timestep : 105107, score : -5053.211947170814, Time : 19.841 s
Timestep : 113866, score : -4569.399381429335, Time : 19.803 s
Timestep : 122625, score : -4493.601546680933, Time : 19.883 s
Timestep : 131384, score : -4360.776927266648, Time : 19.82 s
Timestep : 140143, score : -4456.53923997088, Time : 19.985 s
Timestep : 148902, score : -4667.105194381817, Time : 19.804 s
Timestep : 157661, score : -4560.738132403145, Time : 19.774 s
Timestep : 166420, score : -4527.850760991714, Time : 19.764 s
Timestep : 175179, score : -4097.572816273227, Time : 19.779 s
Timestep : 183938, score : -4442.028533971781, Time : 19.641 s
Timestep : 192697, score : -4573.560119881207, Time : 19.739 s
Timestep : 201456, score : -4507.313812040069, Time : 19.761 s
Timestep : 210215, score : -4359.07014191887, Time : 19.772 s
Timestep : 218974, score : -4126.61734974655, Time : 19.707 s
Timestep : 227733, score : -3847.122404540336, Time : 19.634 s
Timestep : 236492, score : -3828.917400826147, Time : 19.797 s
Timestep : 245251, score : -3805.060571403039, Time : 19.565 s
Timestep : 254010, score : -3745.8362102471583, Time : 19.427 s
Timestep : 262769, score : -3688.9611902984616, Time : 19.819 s
Timestep : 271528, score : -3369.0824007144256, Time : 20.502 s
Timestep : 280287, score : -3965.424076371506, Time : 20.195 s
Timestep : 289046, score : -3554.3599673875433, Time : 19.407 s
Timestep : 297805, score : -3594.8728870497725, Time : 19.707 s
Timestep : 306564, score : -3974.0866172814567, Time : 19.697 s
Timestep : 315323, score : -3751.1235662594263, Time : 19.55 s
Timestep : 324082, score : -3664.062209972777, Time : 19.937 s
Timestep : 332841, score : -3321.4279737562465, Time : 19.914 s
Timestep : 341600, score : -3625.493826577236, Time : 19.827 s
Timestep : 350359, score : -3025.9473832808726, Time : 19.981 s
Timestep : 359118, score : -3679.3120016369794, Time : 19.852 s
Timestep : 367877, score : -4164.884837687743, Time : 19.411 s
Timestep : 376636, score : -4273.511362245263, Time : 19.706 s
Timestep : 385395, score : -4394.160455794685, Time : 19.868 s
Timestep : 394154, score : -3713.5256048926676, Time : 20.108 s
Timestep : 402913, score : -4149.695864164067, Time : 19.795 s
Timestep : 411672, score : -3579.4847859989677, Time : 19.598 s
Timestep : 420431, score : -3337.636577934565, Time : 19.539 s
Timestep : 429190, score : -3351.285767913825, Time : 19.841 s
Timestep : 437949, score : -3046.11547898376, Time : 20.007 s
Timestep : 446708, score : -3462.3188787777035, Time : 19.485 s
Timestep : 455467, score : -3415.8541557670396, Time : 19.271 s
Timestep : 464226, score : -3218.384514653735, Time : 19.413 s
Timestep : 472985, score : -3070.223119785922, Time : 19.495 s
Timestep : 481744, score : -3017.890835991275, Time : 19.638 s
Timestep : 490503, score : -3367.5083955944574, Time : 20.018 s
Timestep : 499262, score : -3625.5305714831047, Time : 19.706 s
Timestep : 508021, score : -3613.905608767651, Time : 19.696 s
Timestep : 516780, score : -3491.126841584133, Time : 19.812 s
Timestep : 525539, score : -3269.3722022634756, Time : 19.608 s
Timestep : 534298, score : -3842.1638028717134, Time : 19.566 s
Timestep : 543057, score : -3725.1598598964774, Time : 19.498 s
Timestep : 551816, score : -3987.529335015759, Time : 19.497 s
Timestep : 560575, score : -3587.337171109466, Time : 19.601 s
Timestep : 569334, score : -3360.343399024132, Time : 19.732 s
Timestep : 578093, score : -3407.2540771992935, Time : 19.974 s
Timestep : 586852, score : -3451.2763302232197, Time : 19.853 s
Timestep : 595611, score : -3137.7851552981447, Time : 20.005 s
Timestep : 604370, score : -3382.5054003740224, Time : 19.757 s
Timestep : 613129, score : -2783.661194467364, Time : 19.609 s
Timestep : 621888, score : -2679.2143426364346, Time : 19.764 s
Timestep : 630647, score : -2656.8419587001263, Time : 19.687 s
Timestep : 639406, score : -2821.455156178825, Time : 19.903 s
Timestep : 648165, score : -2584.793490946511, Time : 19.911 s
Timestep : 656924, score : -2491.153311134156, Time : 19.727 s
Timestep : 665683, score : -2006.3338793593284, Time : 19.957 s
Timestep : 674442, score : -2445.867410143401, Time : 19.571 s
Timestep : 683201, score : -2596.628130561934, Time : 19.666 s
Timestep : 691960, score : -3221.8539017932053, Time : 19.742 s
Timestep : 700719, score : -2758.244220246357, Time : 19.561 s
Timestep : 709478, score : -2276.287200046965, Time : 19.843 s
Timestep : 718237, score : -2205.401996720844, Time : 19.873 s
Timestep : 726996, score : -1896.3099687522335, Time : 19.832 s
Timestep : 735755, score : -2317.245534860791, Time : 19.943 s
Timestep : 744514, score : -2674.183673181251, Time : 19.928 s
Timestep : 753273, score : -2435.9878813142714, Time : 20.063 s
Timestep : 762032, score : -2436.882076943206, Time : 19.838 s
Timestep : 770791, score : -2430.3054118492, Time : 19.713 s
Timestep : 779550, score : -2147.433023820544, Time : 19.487 s
Timestep : 788309, score : -2753.6156874517037, Time : 19.41 s
Timestep : 797068, score : -2711.314479127832, Time : 19.592 s
Timestep : 805827, score : -2554.2643519448175, Time : 19.466 s
Timestep : 814586, score : -2796.728753176547, Time : 19.756 s
Timestep : 823345, score : -2853.2976966279384, Time : 19.545 s
Timestep : 832104, score : -2546.967493578908, Time : 19.489 s
Timestep : 840863, score : -2251.462125502876, Time : 19.765 s
Timestep : 849622, score : -2662.6697330337774, Time : 19.623 s
Timestep : 858381, score : -2649.3147608822474, Time : 19.716 s
Timestep : 867140, score : -2906.690839941177, Time : 19.768 s
Timestep : 875899, score : -2504.3785783489293, Time : 19.852 s
Starting local evaluation
Num Steps: 1000, Num episodes: 0
Num Steps: 2000, Num episodes: 0
Num Steps: 3000, Num episodes: 0
Num Steps: 4000, Num episodes: 0
Num Steps: 5000, Num episodes: 0
Num Steps: 6000, Num episodes: 0
Num Steps: 7000, Num episodes: 0
Num Steps: 8000, Num episodes: 0
Episode complete: 1 | Latest episode metrics: {'price_cost': 0.9105839362042536, 'emmision_cost': 0.9888969739346358}
[-0.1662066] -0.1662065973444436
Average Price Cost: 0.9105839362042536
Average Emmision Cost: 0.9888969739346358
Average of both costs: 0.9497404550694447
Total time taken by agent: 2.3039238611236215s
DONE!
