{'agent': 'UADQN', 'action_selection': 'softmax', 'seed': 1, 'episodes': 50, 'data_path': 'data/citylearn_challenge_2022_phase_1', 'dry_run': False, 'n_discrete': 9, 'update_target': 8, 'lr': 3e-05, 'batch_size': 128, 'adam_epsilon': 1e-07, 'epsilon_final': 0.02, 'run_id': 494}
{'Notes': 'This is a tuning run, executed on a single building.',
 'adam_epsilon': 1e-07,
 'aleatoric_factor': 0,
 'biased_aleatoric': False,
 'env': '<NormalizeObservation<OneHotHour<DiscreteSingle<CityLearnEnv '
        'instance>>>>',
 'epistemic_factor': 1,
 'gamma': 0.99,
 'learning_rate': 3e-05,
 'minibatch_size': 128,
 'n_quantiles': 20,
 'network': 'MLP(\n'
            '  (layers): Sequential(\n'
            '    (0): Linear(in_features=29, out_features=128, bias=True)\n'
            '    (1): ReLU()\n'
            '    (2): Linear(in_features=128, out_features=128, bias=True)\n'
            '    (3): ReLU()\n'
            '    (4): Linear(in_features=128, out_features=180, bias=True)\n'
            '  )\n'
            ')',
 'noise_scale': 1,
 'replay_buffer_size': 10000,
 'replay_start_size': 128,
 'seed': 1,
 'train_steps': 438000,
 'update_frequency': 1,
 'update_target_frequency': 8,
 'weight_scale': 1.4142135623730951}
Timestep : 8758, score : -5752.501320338604, Time : 83.419 s
Timestep : 17517, score : -2721.295373364992, Time : 85.28 s
Timestep : 26276, score : -2428.6909756459354, Time : 85.126 s
Timestep : 35035, score : -1828.4448012730863, Time : 84.107 s
Timestep : 43794, score : -1835.9200623397046, Time : 84.255 s
Timestep : 52553, score : -1270.7564172104758, Time : 84.244 s
Timestep : 61312, score : -1666.0910949325698, Time : 84.332 s
Timestep : 70071, score : -1546.9772963014257, Time : 84.534 s
Timestep : 78830, score : -1395.1542367826041, Time : 85.141 s
Timestep : 87589, score : -1394.3991035630752, Time : 86.046 s
Timestep : 96348, score : -1157.7850726412435, Time : 86.027 s
Timestep : 105107, score : -1259.930918420927, Time : 85.956 s
Timestep : 113866, score : -1149.2681037013244, Time : 85.58 s
Timestep : 122625, score : -1407.219871954323, Time : 87.267 s
Timestep : 131384, score : -1345.3486067512567, Time : 87.451 s
Timestep : 140143, score : -1460.6260181202379, Time : 87.389 s
Timestep : 148902, score : -748.7435163446062, Time : 87.27 s
Timestep : 157661, score : -951.4398707822256, Time : 87.186 s
Timestep : 166420, score : -874.7785653083411, Time : 86.045 s
Timestep : 175179, score : -1065.137535587215, Time : 86.489 s
Timestep : 183938, score : -1243.7718430219975, Time : 86.098 s
Timestep : 192697, score : -906.4610890557815, Time : 86.235 s
Timestep : 201456, score : -1110.4773653738957, Time : 87.052 s
Timestep : 210215, score : -979.38605161538, Time : 87.038 s
Timestep : 218974, score : -748.1435036644834, Time : 86.281 s
Timestep : 227733, score : -767.333674671856, Time : 86.783 s
Timestep : 236492, score : -727.9291029358574, Time : 85.655 s
Timestep : 245251, score : -736.3804292718705, Time : 86.714 s
Timestep : 254010, score : -922.0808801972598, Time : 87.368 s
Timestep : 262769, score : -862.4176673081529, Time : 87.072 s
Timestep : 271528, score : -770.5729592091229, Time : 86.02 s
Timestep : 280287, score : -699.3436168229964, Time : 86.881 s
Timestep : 289046, score : -613.7740015455347, Time : 86.259 s
Timestep : 297805, score : -870.2966554055747, Time : 86.658 s
Timestep : 306564, score : -898.4294698017475, Time : 87.012 s
Timestep : 315323, score : -899.2418928400439, Time : 86.925 s
Timestep : 324082, score : -773.1795022588049, Time : 86.89 s
Timestep : 332841, score : -819.600983582699, Time : 86.118 s
Timestep : 341600, score : -855.6678690004919, Time : 86.652 s
Timestep : 350359, score : -714.1635949712072, Time : 86.318 s
Timestep : 359118, score : -735.9636932134454, Time : 86.792 s
Timestep : 367877, score : -883.7236259130586, Time : 85.754 s
Timestep : 376636, score : -843.9047695456829, Time : 86.981 s
Timestep : 385395, score : -887.4793460753572, Time : 86.913 s
Timestep : 394154, score : -842.9632586830121, Time : 86.776 s
Timestep : 402913, score : -1026.1231140962627, Time : 86.861 s
Timestep : 411672, score : -896.4428187278245, Time : 86.4 s
Timestep : 420431, score : -913.8895176800725, Time : 86.839 s
Timestep : 429190, score : -854.6624630547885, Time : 86.712 s
Timestep : 437949, score : -816.9569138714869, Time : 86.104 s
Starting local evaluation
Num Steps: 1000, Num episodes: 0
Num Steps: 2000, Num episodes: 0
Num Steps: 3000, Num episodes: 0
Num Steps: 4000, Num episodes: 0
Num Steps: 5000, Num episodes: 0
Num Steps: 6000, Num episodes: 0
Num Steps: 7000, Num episodes: 0
Num Steps: 8000, Num episodes: 0
Episode complete: 1 | Latest episode metrics: {'price_cost': 0.7935935706613529, 'emmision_cost': 0.8919969726969211}
[-0.03410342] -0.03410342402059312
Average Price Cost: 0.7935935706613529
Average Emmision Cost: 0.8919969726969211
Average of both costs: 0.842795271679137
Total time taken by agent: 12.475005496060476s
DONE!
