{'agent': 'DQN', 'action_selection': 'softmax', 'seed': 1, 'episodes': 100, 'data_path': 'data/citylearn_challenge_2022_phase_1', 'dry_run': False, 'n_discrete': 9, 'update_target': 32, 'lr': 0.0007, 'batch_size': 8, 'adam_epsilon': 1e-06, 'epsilon_final': 0.02, 'run_id': 99}
{'Notes': 'This is a tuning run, executed on a single building.',
 'action_selection': 'softmax',
 'adam_epsilon': 1e-06,
 'env': '<NormalizeObservation<OneHotHour<DiscreteSingle<CityLearnEnv '
        'instance>>>>',
 'final_exploration_rate': 0.02,
 'final_exploration_step': 1000,
 'gamma': 0.99,
 'initial_exploration_rate': 1,
 'learning_rate': 0.0007,
 'loss': 'mse',
 'minibatch_size': 8,
 'network': 'MLP(\n'
            '  (layers): Sequential(\n'
            '    (0): Linear(in_features=29, out_features=128, bias=True)\n'
            '    (1): ReLU()\n'
            '    (2): Linear(in_features=128, out_features=128, bias=True)\n'
            '    (3): ReLU()\n'
            '    (4): Linear(in_features=128, out_features=9, bias=True)\n'
            '  )\n'
            ')',
 'replay_buffer_size': 10000,
 'replay_start_size': 8,
 'seed': 1,
 'train_steps': 876000,
 'update_frequency': 1,
 'update_target_frequency': 32,
 'weight_scale': 1.4142135623730951}
Timestep : 8758, score : -4819.520169631607, Time : 27.603 s
Timestep : 17517, score : -3835.1984801047074, Time : 23.807 s
Timestep : 26276, score : -3716.302221708669, Time : 23.447 s
Timestep : 35035, score : -3600.4998071650334, Time : 27.765 s
Timestep : 43794, score : -3439.2852380695113, Time : 27.727 s
Timestep : 52553, score : -2792.993436191842, Time : 27.015 s
Timestep : 61312, score : -2905.634472213016, Time : 27.05 s
Timestep : 70071, score : -2853.7609111269994, Time : 27.527 s
Timestep : 78830, score : -2595.69501233325, Time : 26.935 s
Timestep : 87589, score : -2842.441809020849, Time : 26.926 s
Timestep : 96348, score : -3371.8502481432224, Time : 26.948 s
Timestep : 105107, score : -3016.21707791058, Time : 26.938 s
Timestep : 113866, score : -3564.8113095418375, Time : 26.931 s
Timestep : 122625, score : -2772.8491181502177, Time : 26.949 s
Timestep : 131384, score : -2950.1890227508557, Time : 27.922 s
Timestep : 140143, score : -3323.9820778627472, Time : 27.751 s
Timestep : 148902, score : -3052.1662781748746, Time : 28.703 s
Timestep : 157661, score : -2978.261506771698, Time : 28.791 s
Timestep : 166420, score : -2694.9466501439165, Time : 28.752 s
Timestep : 175179, score : -3070.8249919346126, Time : 27.267 s
Timestep : 183938, score : -2630.0970502667187, Time : 27.315 s
Timestep : 192697, score : -2498.41584019133, Time : 27.371 s
Timestep : 201456, score : -2531.3389454211283, Time : 27.328 s
Timestep : 210215, score : -2563.439045394218, Time : 27.376 s
Timestep : 218974, score : -2653.46618687149, Time : 27.321 s
Timestep : 227733, score : -2143.4166923118755, Time : 27.272 s
Timestep : 236492, score : -2253.0941281448468, Time : 27.356 s
Timestep : 245251, score : -2301.950325990474, Time : 27.348 s
Timestep : 254010, score : -2049.957440901111, Time : 27.35 s
Timestep : 262769, score : -2143.3525567023025, Time : 27.693 s
Timestep : 271528, score : -1927.2608879874751, Time : 28.824 s
Timestep : 280287, score : -1933.5113858842815, Time : 27.718 s
Timestep : 289046, score : -2043.103970709868, Time : 27.677 s
Timestep : 297805, score : -2068.338413687219, Time : 27.924 s
Timestep : 306564, score : -2468.3738297748205, Time : 28.526 s
Timestep : 315323, score : -1994.356162523094, Time : 27.76 s
Timestep : 324082, score : -1988.5526248159877, Time : 28.152 s
Timestep : 332841, score : -2056.4424194301537, Time : 27.479 s
Timestep : 341600, score : -2075.8039871845685, Time : 27.368 s
Timestep : 350359, score : -2290.978547609673, Time : 27.379 s
Timestep : 359118, score : -2012.459456485958, Time : 27.405 s
Timestep : 367877, score : -2083.0997335526918, Time : 27.387 s
Timestep : 376636, score : -2094.930630135146, Time : 27.357 s
Timestep : 385395, score : -1953.286017314851, Time : 27.387 s
Timestep : 394154, score : -1866.7265361037862, Time : 24.533 s
Timestep : 402913, score : -1990.0423079596658, Time : 26.764 s
Timestep : 411672, score : -1946.944721853506, Time : 23.27 s
Timestep : 420431, score : -2012.0808951867511, Time : 23.227 s
Timestep : 429190, score : -2201.9877786574652, Time : 24.531 s
Timestep : 437949, score : -1723.7871121220815, Time : 24.295 s
Timestep : 446708, score : -1667.3987012353318, Time : 25.34 s
Timestep : 455467, score : -2176.7184752211033, Time : 24.191 s
Timestep : 464226, score : -1859.5314527834707, Time : 28.892 s
Timestep : 472985, score : -1763.1082870340033, Time : 24.163 s
Timestep : 481744, score : -1846.6666890383058, Time : 25.196 s
Timestep : 490503, score : -2126.6106747347367, Time : 25.431 s
Timestep : 499262, score : -2049.3922517457104, Time : 23.225 s
Timestep : 508021, score : -1918.4563545905112, Time : 23.303 s
Timestep : 516780, score : -1670.843768460123, Time : 23.238 s
Timestep : 525539, score : -2025.9434082632943, Time : 23.214 s
Timestep : 534298, score : -1894.8160212773655, Time : 23.238 s
Timestep : 543057, score : -1602.0975704699813, Time : 23.062 s
Timestep : 551816, score : -1928.0908339261368, Time : 22.932 s
Timestep : 560575, score : -1869.8429937016044, Time : 22.952 s
Timestep : 569334, score : -1782.1193163822318, Time : 23.194 s
Timestep : 578093, score : -1754.310248529102, Time : 22.981 s
Timestep : 586852, score : -1988.4841751029599, Time : 22.995 s
Timestep : 595611, score : -1669.8321759010723, Time : 22.927 s
Timestep : 604370, score : -1755.9281389821845, Time : 24.321 s
Timestep : 613129, score : -1869.5970514032815, Time : 28.859 s
Timestep : 621888, score : -1858.246680440876, Time : 28.792 s
Timestep : 630647, score : -1977.9582529547915, Time : 27.473 s
Timestep : 639406, score : -1694.9671963122382, Time : 23.16 s
Timestep : 648165, score : -1925.6574218368914, Time : 22.876 s
Timestep : 656924, score : -1900.0220023033035, Time : 22.897 s
Timestep : 665683, score : -1633.645268989072, Time : 22.915 s
Timestep : 674442, score : -1930.4184175657865, Time : 23.11 s
DONE!
