{'agent': 'DQN', 'action_selection': 'softmax', 'seed': 1, 'episodes': 100, 'data_path': 'data/citylearn_challenge_2022_phase_1', 'dry_run': False, 'n_discrete': 9, 'update_target': 32, 'lr': 0.003, 'batch_size': 128, 'adam_epsilon': 1e-05, 'epsilon_final': 0.02, 'run_id': 164}
{'Notes': 'This is a tuning run, executed on a single building.',
 'action_selection': 'softmax',
 'adam_epsilon': 1e-05,
 'env': '<NormalizeObservation<OneHotHour<DiscreteSingle<CityLearnEnv '
        'instance>>>>',
 'final_exploration_rate': 0.02,
 'final_exploration_step': 1000,
 'gamma': 0.99,
 'initial_exploration_rate': 1,
 'learning_rate': 0.003,
 'loss': 'mse',
 'minibatch_size': 128,
 'network': 'MLP(\n'
            '  (layers): Sequential(\n'
            '    (0): Linear(in_features=29, out_features=128, bias=True)\n'
            '    (1): ReLU()\n'
            '    (2): Linear(in_features=128, out_features=128, bias=True)\n'
            '    (3): ReLU()\n'
            '    (4): Linear(in_features=128, out_features=9, bias=True)\n'
            '  )\n'
            ')',
 'replay_buffer_size': 10000,
 'replay_start_size': 128,
 'seed': 1,
 'train_steps': 876000,
 'update_frequency': 1,
 'update_target_frequency': 32,
 'weight_scale': 1.4142135623730951}
Timestep : 8758, score : -6676.924413700734, Time : 26.701 s
Timestep : 17517, score : -6635.614894025988, Time : 27.449 s
Timestep : 26276, score : -7580.057652787233, Time : 26.976 s
Timestep : 35035, score : -7985.226462800842, Time : 28.598 s
Timestep : 43794, score : -8711.740719411551, Time : 28.973 s
Timestep : 52553, score : -9720.684052081524, Time : 28.955 s
Timestep : 61312, score : -10476.276246246256, Time : 27.782 s
Timestep : 70071, score : -11297.795642823243, Time : 27.075 s
Timestep : 78830, score : -10395.318470471495, Time : 28.027 s
Timestep : 87589, score : -9944.433340181597, Time : 27.186 s
Timestep : 96348, score : -10272.811007997603, Time : 26.997 s
Timestep : 105107, score : -10138.86777216637, Time : 28.291 s
Timestep : 113866, score : -9527.855506559397, Time : 28.953 s
Timestep : 122625, score : -10256.098982820055, Time : 28.92 s
Timestep : 131384, score : -10231.97864962947, Time : 28.949 s
Timestep : 140143, score : -8454.039559182202, Time : 28.497 s
Timestep : 148902, score : -6093.953751409223, Time : 28.793 s
Timestep : 157661, score : -6140.481682245576, Time : 28.941 s
Timestep : 166420, score : -5938.306615197755, Time : 28.834 s
Timestep : 175179, score : -5324.991318310102, Time : 28.948 s
Timestep : 183938, score : -5296.33898374057, Time : 28.971 s
Timestep : 192697, score : -5172.374760588704, Time : 27.866 s
Timestep : 201456, score : -5625.796473724215, Time : 28.958 s
Timestep : 210215, score : -4988.693506275318, Time : 27.151 s
Timestep : 218974, score : -5581.581759667752, Time : 28.441 s
Timestep : 227733, score : -6241.37565223503, Time : 28.789 s
Timestep : 236492, score : -5383.375138117073, Time : 28.797 s
Timestep : 245251, score : -5452.488929259387, Time : 28.899 s
Timestep : 254010, score : -4596.667586977623, Time : 28.801 s
Timestep : 262769, score : -5586.931289849439, Time : 28.869 s
Timestep : 271528, score : -5238.035026119469, Time : 28.868 s
Timestep : 280287, score : -4900.78324466772, Time : 28.833 s
Timestep : 289046, score : -5000.998625835498, Time : 28.863 s
Timestep : 297805, score : -4938.854625531385, Time : 28.433 s
Timestep : 306564, score : -5293.716851438086, Time : 28.22 s
Timestep : 315323, score : -5388.695291432348, Time : 28.3 s
Timestep : 324082, score : -4786.106637184304, Time : 28.611 s
Timestep : 332841, score : -5077.66020499068, Time : 28.615 s
Timestep : 341600, score : -4829.220263546362, Time : 28.671 s
Timestep : 350359, score : -4342.39959316657, Time : 28.842 s
Timestep : 359118, score : -4622.92093872503, Time : 27.566 s
Timestep : 367877, score : -4519.5668036576535, Time : 27.226 s
Timestep : 376636, score : -4523.357162841858, Time : 27.074 s
Timestep : 385395, score : -4568.121459125265, Time : 27.531 s
Timestep : 394154, score : -4334.187681789874, Time : 27.232 s
Timestep : 402913, score : -4370.294976593374, Time : 28.131 s
Timestep : 411672, score : -4843.499029235638, Time : 28.926 s
Timestep : 420431, score : -4153.51194041835, Time : 27.945 s
Timestep : 429190, score : -4659.058475811762, Time : 27.515 s
Timestep : 437949, score : -4551.1894963893865, Time : 28.181 s
Timestep : 446708, score : -4259.625331303527, Time : 28.587 s
Timestep : 455467, score : -3890.2005713385006, Time : 27.08 s
Timestep : 464226, score : -4127.142768874619, Time : 28.014 s
Timestep : 472985, score : -3937.8500290663505, Time : 28.021 s
Timestep : 481744, score : -4156.723754059785, Time : 28.449 s
Timestep : 490503, score : -4364.090412966005, Time : 27.395 s
Timestep : 499262, score : -4403.506001093221, Time : 28.795 s
Timestep : 508021, score : -4565.693997717142, Time : 28.237 s
Timestep : 516780, score : -3795.58341573122, Time : 28.488 s
Timestep : 525539, score : -3383.10436440006, Time : 28.408 s
Timestep : 534298, score : -3670.2841027686663, Time : 28.893 s
Timestep : 543057, score : -3869.839838654996, Time : 28.774 s
Timestep : 551816, score : -3980.6313294698775, Time : 28.96 s
Timestep : 560575, score : -3951.1810966159974, Time : 28.955 s
Timestep : 569334, score : -3774.8359214229276, Time : 28.086 s
Timestep : 578093, score : -4243.806388329089, Time : 28.943 s
Timestep : 586852, score : -4247.475482447044, Time : 27.362 s
Timestep : 595611, score : -4515.715547540032, Time : 27.003 s
Timestep : 604370, score : -4338.4971669760125, Time : 27.292 s
Timestep : 613129, score : -3888.922073823138, Time : 27.492 s
Timestep : 621888, score : -4179.6647274146235, Time : 27.938 s
Timestep : 630647, score : -4165.135875079926, Time : 27.243 s
Timestep : 639406, score : -3817.4820127083512, Time : 27.087 s
Timestep : 648165, score : -3828.4607741723594, Time : 28.739 s
Timestep : 656924, score : -3818.0551407938183, Time : 28.875 s
Timestep : 665683, score : -3716.1820394380775, Time : 28.596 s
Timestep : 674442, score : -3842.391121673165, Time : 28.908 s
Timestep : 683201, score : -3859.079764457958, Time : 28.832 s
Timestep : 691960, score : -4217.170226587361, Time : 28.92 s
Timestep : 700719, score : -4263.434277407505, Time : 28.482 s
Timestep : 709478, score : -3396.83530477577, Time : 28.536 s
Timestep : 718237, score : -3773.451330035372, Time : 27.76 s
Timestep : 726996, score : -3877.325043625926, Time : 28.148 s
Timestep : 735755, score : -4210.933031019435, Time : 28.881 s
Timestep : 744514, score : -4116.841514602915, Time : 28.999 s
Timestep : 753273, score : -4124.781180499078, Time : 28.169 s
Timestep : 762032, score : -4578.33497157626, Time : 28.919 s
Timestep : 770791, score : -4349.204714490872, Time : 27.208 s
Timestep : 779550, score : -4383.887153510732, Time : 27.157 s
Timestep : 788309, score : -3583.4405853177013, Time : 28.659 s
Timestep : 797068, score : -3951.1916316302522, Time : 28.776 s
Timestep : 805827, score : -3990.846027491498, Time : 28.498 s
Timestep : 814586, score : -3720.8215444936213, Time : 27.966 s
Timestep : 823345, score : -3527.5622867646453, Time : 28.862 s
Timestep : 832104, score : -3553.477899733145, Time : 28.6 s
Timestep : 840863, score : -3912.211842886478, Time : 27.316 s
Timestep : 849622, score : -3858.779155586177, Time : 28.5 s
Timestep : 858381, score : -3741.325748538118, Time : 28.711 s
Timestep : 867140, score : -3953.691887245892, Time : 27.698 s
Timestep : 875899, score : -4369.3121746867255, Time : 27.126 s
Starting local evaluation
Num Steps: 1000, Num episodes: 0
Num Steps: 2000, Num episodes: 0
Num Steps: 3000, Num episodes: 0
Num Steps: 4000, Num episodes: 0
Num Steps: 5000, Num episodes: 0
Num Steps: 6000, Num episodes: 0
Num Steps: 7000, Num episodes: 0
Num Steps: 8000, Num episodes: 0
Episode complete: 1 | Latest episode metrics: {'price_cost': 0.9667101943373886, 'emmision_cost': 1.0744773934421943}
[-0.25262736] -0.25262736353106147
Average Price Cost: 0.9667101943373886
Average Emmision Cost: 1.0744773934421943
Average of both costs: 1.0205937938897915
Total time taken by agent: 4.205995309865102s
DONE!
