{'agent': 'DQN', 'action_selection': 'egreedy', 'seed': 1, 'episodes': 100, 'data_path': 'data/citylearn_challenge_2022_phase_1', 'dry_run': False, 'n_discrete': 9, 'update_target': 16, 'lr': 0.07, 'batch_size': 16, 'adam_epsilon': 1e-10, 'epsilon_final': 0.1, 'run_id': 311}
{'Notes': 'This is a tuning run, executed on a single building.',
 'action_selection': 'egreedy',
 'adam_epsilon': 1e-10,
 'env': '<NormalizeObservation<OneHotHour<DiscreteSingle<CityLearnEnv '
        'instance>>>>',
 'final_exploration_rate': 0.02,
 'final_exploration_step': 1000,
 'gamma': 0.99,
 'initial_exploration_rate': 1,
 'learning_rate': 0.07,
 'loss': 'mse',
 'minibatch_size': 16,
 'network': 'MLP(\n'
            '  (layers): Sequential(\n'
            '    (0): Linear(in_features=29, out_features=128, bias=True)\n'
            '    (1): ReLU()\n'
            '    (2): Linear(in_features=128, out_features=128, bias=True)\n'
            '    (3): ReLU()\n'
            '    (4): Linear(in_features=128, out_features=9, bias=True)\n'
            '  )\n'
            ')',
 'replay_buffer_size': 10000,
 'replay_start_size': 16,
 'seed': 1,
 'train_steps': 876000,
 'update_frequency': 1,
 'update_target_frequency': 16,
 'weight_scale': 1.4142135623730951}
Timestep : 8758, score : -5486.813623835478, Time : 26.622 s
Timestep : 17517, score : -4492.60367698819, Time : 27.323 s
Timestep : 26276, score : -4547.341035674588, Time : 27.338 s
Timestep : 35035, score : -4490.203600190958, Time : 27.357 s
Timestep : 43794, score : -4481.523732019035, Time : 26.741 s
Timestep : 52553, score : -4553.766129709227, Time : 27.581 s
Timestep : 61312, score : -4472.959366437426, Time : 27.524 s
Timestep : 70071, score : -4368.775458620774, Time : 27.093 s
Timestep : 78830, score : -4682.362006068608, Time : 25.0 s
Timestep : 87589, score : -4648.820463874756, Time : 27.58 s
Timestep : 96348, score : -4555.691252795426, Time : 27.569 s
Timestep : 105107, score : -4520.164011252491, Time : 24.402 s
Timestep : 113866, score : -4537.052407971845, Time : 27.328 s
Timestep : 122625, score : -4485.917290231591, Time : 27.924 s
Timestep : 131384, score : -4487.164394980326, Time : 27.839 s
Timestep : 140143, score : -4634.267140831245, Time : 27.281 s
Timestep : 148902, score : -4466.324300458102, Time : 27.555 s
Timestep : 157661, score : -4546.2759594629315, Time : 27.601 s
Timestep : 166420, score : -4497.103088199539, Time : 27.608 s
Timestep : 175179, score : -4476.031885859935, Time : 27.629 s
Timestep : 183938, score : -4595.6134004755, Time : 27.618 s
Timestep : 192697, score : -4532.998466129793, Time : 26.574 s
Timestep : 201456, score : -4469.982760581566, Time : 27.024 s
Timestep : 210215, score : -4536.545179882465, Time : 27.599 s
Timestep : 218974, score : -4464.076899948908, Time : 27.657 s
Timestep : 227733, score : -4480.492544979468, Time : 27.162 s
Timestep : 236492, score : -4482.688923720183, Time : 26.301 s
Timestep : 245251, score : -4379.908730068622, Time : 25.416 s
Timestep : 254010, score : -4541.542329949181, Time : 28.312 s
Timestep : 262769, score : -4584.186958842707, Time : 27.412 s
Timestep : 271528, score : -4469.100193069695, Time : 25.122 s
Timestep : 280287, score : -4441.394487882411, Time : 25.116 s
Timestep : 289046, score : -4617.890240130393, Time : 27.247 s
Timestep : 297805, score : -4496.052625929384, Time : 23.351 s
Timestep : 306564, score : -4529.691131391941, Time : 26.557 s
Timestep : 315323, score : -4563.711850671942, Time : 27.38 s
Timestep : 324082, score : -4552.880092942534, Time : 23.465 s
Timestep : 332841, score : -4721.703606724186, Time : 27.28 s
Timestep : 341600, score : -4601.828156523086, Time : 27.285 s
Timestep : 350359, score : -4523.912158241408, Time : 27.119 s
Timestep : 359118, score : -4532.629581827117, Time : 27.118 s
Timestep : 367877, score : -4517.60583889953, Time : 26.98 s
Timestep : 376636, score : -4575.8105952192855, Time : 27.077 s
Timestep : 385395, score : -4542.573475988029, Time : 27.014 s
Timestep : 394154, score : -4506.417709965637, Time : 27.018 s
Timestep : 402913, score : -4382.642876485741, Time : 27.124 s
Timestep : 411672, score : -4617.170866136352, Time : 27.091 s
Timestep : 420431, score : -4595.678049640177, Time : 26.684 s
Timestep : 429190, score : -4603.834110782744, Time : 27.682 s
Timestep : 437949, score : -4542.278736941589, Time : 27.376 s
Timestep : 446708, score : -4539.515061635597, Time : 24.75 s
Timestep : 455467, score : -4573.55852975641, Time : 24.777 s
Timestep : 464226, score : -4625.897123011557, Time : 24.322 s
Timestep : 472985, score : -4543.430298325984, Time : 24.85 s
Timestep : 481744, score : -4592.809603184374, Time : 25.882 s
Timestep : 490503, score : -4522.012468641071, Time : 27.375 s
Timestep : 499262, score : -4499.4599844710465, Time : 26.927 s
Timestep : 508021, score : -4597.169936673978, Time : 26.988 s
Timestep : 516780, score : -4442.620212844369, Time : 27.043 s
Timestep : 525539, score : -4460.204955432011, Time : 26.805 s
Timestep : 534298, score : -4551.208486565767, Time : 26.805 s
Timestep : 543057, score : -4523.268418983469, Time : 27.556 s
Timestep : 551816, score : -4436.2751044308825, Time : 27.745 s
Timestep : 560575, score : -4462.661498175381, Time : 26.701 s
Timestep : 569334, score : -4456.048314359883, Time : 26.802 s
Timestep : 578093, score : -4538.704213903664, Time : 27.403 s
Timestep : 586852, score : -4670.667071449949, Time : 26.834 s
Timestep : 595611, score : -4564.670790923206, Time : 27.668 s
Timestep : 604370, score : -4533.436924158974, Time : 27.569 s
Timestep : 613129, score : -4588.516872343986, Time : 27.571 s
Timestep : 621888, score : -4587.417675071774, Time : 27.583 s
Timestep : 630647, score : -4508.647152893158, Time : 27.04 s
Timestep : 639406, score : -4538.492325256491, Time : 27.445 s
Timestep : 648165, score : -4535.8909309901355, Time : 27.34 s
Timestep : 656924, score : -4550.262328585057, Time : 27.338 s
Timestep : 665683, score : -4556.0455101797415, Time : 24.26 s
Timestep : 674442, score : -4476.622760016966, Time : 23.046 s
Timestep : 683201, score : -4515.56462105774, Time : 27.681 s
Timestep : 691960, score : -4582.074443724385, Time : 27.471 s
Timestep : 700719, score : -4503.989751818037, Time : 27.367 s
Timestep : 709478, score : -4461.23620134723, Time : 26.913 s
Timestep : 718237, score : -4553.031755042524, Time : 25.867 s
Timestep : 726996, score : -4400.912713774858, Time : 27.363 s
Timestep : 735755, score : -4662.990573404735, Time : 27.329 s
Timestep : 744514, score : -4450.557554833038, Time : 27.346 s
Timestep : 753273, score : -4564.535080857022, Time : 26.094 s
Timestep : 762032, score : -4420.702481585002, Time : 23.498 s
Timestep : 770791, score : -4631.577707227698, Time : 27.344 s
Timestep : 779550, score : -4453.733268862037, Time : 27.336 s
Timestep : 788309, score : -4586.386422524607, Time : 27.333 s
Timestep : 797068, score : -4540.565703805914, Time : 27.34 s
Timestep : 805827, score : -4480.0119425918965, Time : 26.329 s
Timestep : 814586, score : -4530.884430207225, Time : 27.128 s
Timestep : 823345, score : -4493.316909047338, Time : 27.337 s
Timestep : 832104, score : -4981.806225652923, Time : 26.998 s
Timestep : 840863, score : -4758.955925347662, Time : 24.994 s
Timestep : 849622, score : -4658.571321907832, Time : 27.308 s
Timestep : 858381, score : -4650.378694341896, Time : 27.317 s
Timestep : 867140, score : -4605.500241172296, Time : 27.024 s
Timestep : 875899, score : -4528.725025752006, Time : 27.053 s
Starting local evaluation
Num Steps: 1000, Num episodes: 0
Num Steps: 2000, Num episodes: 0
Num Steps: 3000, Num episodes: 0
Num Steps: 4000, Num episodes: 0
Num Steps: 5000, Num episodes: 0
Num Steps: 6000, Num episodes: 0
Num Steps: 7000, Num episodes: 0
Num Steps: 8000, Num episodes: 0
Episode complete: 1 | Latest episode metrics: {'price_cost': 1.0276202520301594, 'emmision_cost': 1.0324292574977936}
[-0.26688022] -0.26688021939600526
Average Price Cost: 1.0276202520301594
Average Emmision Cost: 1.0324292574977936
Average of both costs: 1.0300247547639765
Total time taken by agent: 3.116594619350508s
DONE!
