{'agent': 'DQN', 'action_selection': 'softmax', 'seed': 1, 'episodes': 100, 'data_path': 'data/citylearn_challenge_2022_phase_1', 'dry_run': False, 'n_discrete': 9, 'update_target': 4, 'lr': 0.03, 'batch_size': 8, 'adam_epsilon': 1e-08, 'epsilon_final': 0.02, 'run_id': 9}
{'Notes': 'This is a tuning run, executed on a single building.',
 'action_selection': 'softmax',
 'adam_epsilon': 1e-08,
 'env': '<NormalizeObservation<OneHotHour<DiscreteSingle<CityLearnEnv '
        'instance>>>>',
 'final_exploration_rate': 0.02,
 'final_exploration_step': 1000,
 'gamma': 0.99,
 'initial_exploration_rate': 1,
 'learning_rate': 0.03,
 'loss': 'mse',
 'minibatch_size': 8,
 'network': 'MLP(\n'
            '  (layers): Sequential(\n'
            '    (0): Linear(in_features=29, out_features=128, bias=True)\n'
            '    (1): ReLU()\n'
            '    (2): Linear(in_features=128, out_features=128, bias=True)\n'
            '    (3): ReLU()\n'
            '    (4): Linear(in_features=128, out_features=9, bias=True)\n'
            '  )\n'
            ')',
 'replay_buffer_size': 10000,
 'replay_start_size': 8,
 'seed': 1,
 'train_steps': 876000,
 'update_frequency': 1,
 'update_target_frequency': 4,
 'weight_scale': 1.4142135623730951}
Timestep : 8758, score : -7339.394661713537, Time : 22.776 s
Timestep : 17517, score : -11851.566971678898, Time : 22.479 s
Timestep : 26276, score : -7743.465979584405, Time : 22.09 s
Timestep : 35035, score : -11088.037978356504, Time : 21.751 s
Timestep : 43794, score : -6131.160716435945, Time : 21.792 s
Timestep : 52553, score : -8757.495302335898, Time : 21.584 s
Timestep : 61312, score : -5684.651941251155, Time : 21.487 s
Timestep : 70071, score : -5718.31270909161, Time : 21.791 s
Timestep : 78830, score : -4292.301891555457, Time : 21.161 s
Timestep : 87589, score : -4126.382767775474, Time : 21.371 s
Timestep : 96348, score : -4110.155773687555, Time : 21.68 s
Timestep : 105107, score : -4196.718011904886, Time : 21.279 s
Timestep : 113866, score : -4157.543440194873, Time : 21.504 s
Timestep : 122625, score : -4091.1195753453358, Time : 22.351 s
Timestep : 131384, score : -4121.151347118925, Time : 21.66 s
Timestep : 140143, score : -4096.147517666133, Time : 21.554 s
Timestep : 148902, score : -4112.185292446433, Time : 21.427 s
Timestep : 157661, score : -4193.042897473046, Time : 21.324 s
Timestep : 166420, score : -4200.726211919362, Time : 21.281 s
Timestep : 175179, score : -4077.3717826319917, Time : 21.743 s
Timestep : 183938, score : -4088.460878041951, Time : 21.569 s
Timestep : 192697, score : -4137.45105013196, Time : 21.159 s
Timestep : 201456, score : -4139.042578627734, Time : 21.508 s
Timestep : 210215, score : -4172.534785149066, Time : 21.493 s
Timestep : 218974, score : -4177.159107071726, Time : 21.093 s
Timestep : 227733, score : -4195.92749139425, Time : 21.825 s
Timestep : 236492, score : -4110.780249354808, Time : 21.896 s
Timestep : 245251, score : -4213.179740069347, Time : 21.152 s
Timestep : 254010, score : -4054.788433474867, Time : 21.342 s
Timestep : 262769, score : -4235.034907262219, Time : 21.443 s
Timestep : 271528, score : -4166.168739407702, Time : 21.535 s
Timestep : 280287, score : -4074.547050375055, Time : 21.649 s
Timestep : 289046, score : -4094.578689230053, Time : 22.03 s
Timestep : 297805, score : -4058.4169503677695, Time : 21.668 s
Timestep : 306564, score : -4051.8880092999025, Time : 21.501 s
Timestep : 315323, score : -4117.7819795211835, Time : 21.579 s
Timestep : 324082, score : -4217.628356225119, Time : 21.345 s
Timestep : 332841, score : -4165.492534805933, Time : 21.178 s
Timestep : 341600, score : -4209.455514786212, Time : 22.308 s
Timestep : 350359, score : -4135.28139796239, Time : 21.996 s
Timestep : 359118, score : -4214.2551304934605, Time : 21.277 s
Timestep : 367877, score : -4131.208340590267, Time : 21.431 s
Timestep : 376636, score : -4153.349279729096, Time : 21.455 s
Timestep : 385395, score : -4083.548899549438, Time : 21.48 s
Timestep : 394154, score : -4070.5024023329897, Time : 21.871 s
Timestep : 402913, score : -4136.902217393188, Time : 21.867 s
Timestep : 411672, score : -4139.257304062514, Time : 21.586 s
Timestep : 420431, score : -4089.972552459134, Time : 21.645 s
Timestep : 429190, score : -4100.666470700322, Time : 21.805 s
Timestep : 437949, score : -4152.595576585649, Time : 21.472 s
Timestep : 446708, score : -4115.011290166905, Time : 21.303 s
Timestep : 455467, score : -4170.234122518828, Time : 21.79 s
Timestep : 464226, score : -4199.17839601115, Time : 21.568 s
Timestep : 472985, score : -4163.003950056998, Time : 21.597 s
Timestep : 481744, score : -4115.45565008503, Time : 21.677 s
Timestep : 490503, score : -4135.025077502622, Time : 21.544 s
Timestep : 499262, score : -4114.52704804056, Time : 21.396 s
Timestep : 508021, score : -4168.74317007084, Time : 21.97 s
Timestep : 516780, score : -4122.425617212808, Time : 21.995 s
Timestep : 525539, score : -4143.820531570731, Time : 21.383 s
Timestep : 534298, score : -4167.215895937203, Time : 21.655 s
Timestep : 543057, score : -4107.756018412678, Time : 21.952 s
Timestep : 551816, score : -4163.939719771413, Time : 21.232 s
Timestep : 560575, score : -4159.397696000902, Time : 21.647 s
Timestep : 569334, score : -4101.408702777146, Time : 22.427 s
Timestep : 578093, score : -4185.339592219709, Time : 22.057 s
Timestep : 586852, score : -4144.687031936279, Time : 21.672 s
Timestep : 595611, score : -4134.918755666731, Time : 22.114 s
Timestep : 604370, score : -4156.278098719573, Time : 21.526 s
Timestep : 613129, score : -4093.4728070312703, Time : 21.93 s
Timestep : 621888, score : -4049.3245309720805, Time : 22.43 s
Timestep : 630647, score : -4077.9328634714766, Time : 21.732 s
Timestep : 639406, score : -4152.503219477279, Time : 21.884 s
Timestep : 648165, score : -4090.682169528125, Time : 22.092 s
Timestep : 656924, score : -4101.3314690901025, Time : 21.461 s
Timestep : 665683, score : -4101.175726428075, Time : 21.223 s
Timestep : 674442, score : -4060.7144044240995, Time : 21.728 s
DONE!
