{'agent': 'DQN', 'action_selection': 'softmax', 'seed': 1, 'episodes': 100, 'data_path': 'data/citylearn_challenge_2022_phase_1', 'dry_run': False, 'n_discrete': 9, 'update_target': 32, 'lr': 1e-05, 'batch_size': 1, 'adam_epsilon': 1e-09, 'epsilon_final': 0.02, 'run_id': 139}
{'Notes': 'This is a tuning run, executed on a single building.',
 'action_selection': 'softmax',
 'adam_epsilon': 1e-09,
 'env': '<NormalizeObservation<OneHotHour<DiscreteSingle<CityLearnEnv '
        'instance>>>>',
 'final_exploration_rate': 0.02,
 'final_exploration_step': 1000,
 'gamma': 0.99,
 'initial_exploration_rate': 1,
 'learning_rate': 1e-05,
 'loss': 'mse',
 'minibatch_size': 1,
 'network': 'MLP(\n'
            '  (layers): Sequential(\n'
            '    (0): Linear(in_features=29, out_features=128, bias=True)\n'
            '    (1): ReLU()\n'
            '    (2): Linear(in_features=128, out_features=128, bias=True)\n'
            '    (3): ReLU()\n'
            '    (4): Linear(in_features=128, out_features=9, bias=True)\n'
            '  )\n'
            ')',
 'replay_buffer_size': 10000,
 'replay_start_size': 1,
 'seed': 1,
 'train_steps': 876000,
 'update_frequency': 1,
 'update_target_frequency': 32,
 'weight_scale': 1.4142135623730951}
Timestep : 8758, score : -12744.161378898381, Time : 20.503 s
Timestep : 17517, score : -6607.937737735367, Time : 20.49 s
Timestep : 26276, score : -4901.844975576183, Time : 20.384 s
Timestep : 35035, score : -4863.795486395626, Time : 21.127 s
Timestep : 43794, score : -4845.359783414198, Time : 21.193 s
Timestep : 52553, score : -4627.515763528092, Time : 20.755 s
Timestep : 61312, score : -4804.16313845609, Time : 20.682 s
Timestep : 70071, score : -4674.251565140119, Time : 20.685 s
Timestep : 78830, score : -4442.423364194488, Time : 20.631 s
Timestep : 87589, score : -4422.87963797283, Time : 20.614 s
Timestep : 96348, score : -4376.027208575542, Time : 20.669 s
Timestep : 105107, score : -4368.128299119329, Time : 20.671 s
Timestep : 113866, score : -4306.532940860168, Time : 20.706 s
Timestep : 122625, score : -4306.875898977189, Time : 20.727 s
Timestep : 131384, score : -4279.804969995661, Time : 20.64 s
Timestep : 140143, score : -4393.996175241104, Time : 20.661 s
Timestep : 148902, score : -4359.5013847303635, Time : 20.655 s
Timestep : 157661, score : -4407.125325329049, Time : 20.435 s
Timestep : 166420, score : -4381.619039449288, Time : 20.672 s
Timestep : 175179, score : -4294.598724021955, Time : 20.654 s
Timestep : 183938, score : -4402.085117607756, Time : 20.646 s
Timestep : 192697, score : -4355.234599385323, Time : 20.65 s
Timestep : 201456, score : -4524.138776741369, Time : 20.739 s
Timestep : 210215, score : -4336.27500995007, Time : 20.69 s
Timestep : 218974, score : -4321.701520539267, Time : 20.663 s
Timestep : 227733, score : -4236.253336382477, Time : 20.65 s
Timestep : 236492, score : -4271.974147589324, Time : 20.637 s
Timestep : 245251, score : -4330.054317285685, Time : 20.688 s
Timestep : 254010, score : -4346.4906744574255, Time : 20.691 s
Timestep : 262769, score : -4345.32763460782, Time : 20.647 s
Timestep : 271528, score : -4303.684859401925, Time : 20.65 s
Timestep : 280287, score : -4333.911401485471, Time : 20.648 s
Timestep : 289046, score : -4299.736907431303, Time : 20.655 s
Timestep : 297805, score : -4298.381567740726, Time : 20.661 s
Timestep : 306564, score : -4305.430909882678, Time : 20.679 s
Timestep : 315323, score : -4211.045738480432, Time : 20.615 s
Timestep : 324082, score : -4346.788366665511, Time : 20.56 s
Timestep : 332841, score : -4241.211113904981, Time : 20.639 s
Timestep : 341600, score : -4189.465971534519, Time : 20.605 s
Timestep : 350359, score : -4163.2802127128525, Time : 20.597 s
Timestep : 359118, score : -4158.627177932678, Time : 20.656 s
Timestep : 367877, score : -4173.55354857762, Time : 20.656 s
Timestep : 376636, score : -4177.7240444174095, Time : 20.595 s
Timestep : 385395, score : -4115.881180157332, Time : 20.637 s
Timestep : 394154, score : -4223.799146806268, Time : 20.646 s
Timestep : 402913, score : -4159.612751824228, Time : 20.655 s
Timestep : 411672, score : -4194.768233371346, Time : 20.641 s
Timestep : 420431, score : -4205.991564368276, Time : 20.644 s
Timestep : 429190, score : -4157.636459720699, Time : 20.63 s
Timestep : 437949, score : -4253.35849012938, Time : 20.349 s
Timestep : 446708, score : -4168.925554623274, Time : 20.373 s
Timestep : 455467, score : -4144.118889135687, Time : 20.375 s
Timestep : 464226, score : -4136.667849791615, Time : 20.214 s
Timestep : 472985, score : -4101.602156435518, Time : 20.236 s
Timestep : 481744, score : -4106.511565984605, Time : 20.307 s
Timestep : 490503, score : -4136.431175684003, Time : 20.202 s
Timestep : 499262, score : -4203.2408346844895, Time : 20.183 s
Timestep : 508021, score : -4215.799111646978, Time : 20.188 s
Timestep : 516780, score : -4186.138059248595, Time : 20.53 s
Timestep : 525539, score : -4157.193620925216, Time : 20.55 s
Timestep : 534298, score : -4143.267585521011, Time : 20.64 s
Timestep : 543057, score : -4086.265053515701, Time : 20.652 s
Timestep : 551816, score : -4059.177963068156, Time : 20.647 s
Timestep : 560575, score : -4121.408442910208, Time : 21.109 s
Timestep : 569334, score : -4075.6174863068445, Time : 21.604 s
Timestep : 578093, score : -4098.5393051257415, Time : 20.596 s
Timestep : 586852, score : -4137.808605661063, Time : 20.598 s
Timestep : 595611, score : -4122.4791016256495, Time : 20.616 s
Timestep : 604370, score : -4126.694460746905, Time : 20.657 s
Timestep : 613129, score : -4121.750107956497, Time : 20.646 s
Timestep : 621888, score : -4065.580327329604, Time : 20.61 s
Timestep : 630647, score : -4050.3938438793703, Time : 20.602 s
Timestep : 639406, score : -4037.6125937005563, Time : 20.614 s
Timestep : 648165, score : -4069.250425306527, Time : 20.614 s
Timestep : 656924, score : -4083.3931908210798, Time : 20.601 s
Timestep : 665683, score : -4104.75860428538, Time : 20.645 s
Timestep : 674442, score : -4084.8044222550525, Time : 20.613 s
Timestep : 683201, score : -4055.0488057931943, Time : 20.421 s
Timestep : 691960, score : -4045.210527581541, Time : 21.652 s
Timestep : 700719, score : -4106.149566938548, Time : 21.277 s
Timestep : 709478, score : -4066.680260022549, Time : 21.445 s
Timestep : 718237, score : -4044.216444601683, Time : 21.806 s
Timestep : 726996, score : -4059.602756698994, Time : 21.096 s
Timestep : 735755, score : -4059.1626521026774, Time : 21.556 s
Timestep : 744514, score : -4092.2960706794693, Time : 21.79 s
Timestep : 753273, score : -4123.918807302674, Time : 21.761 s
Timestep : 762032, score : -4055.727743377356, Time : 21.047 s
Timestep : 770791, score : -4050.3870399346633, Time : 20.256 s
Timestep : 779550, score : -4146.30347450581, Time : 20.242 s
Timestep : 788309, score : -4082.0826394161268, Time : 20.376 s
Timestep : 797068, score : -4058.351330642967, Time : 20.67 s
Timestep : 805827, score : -4077.94783802834, Time : 20.573 s
Timestep : 814586, score : -4074.6814448138757, Time : 20.286 s
Timestep : 823345, score : -4085.100038855715, Time : 20.614 s
Timestep : 832104, score : -4080.3658226924745, Time : 20.273 s
Timestep : 840863, score : -4094.300075498788, Time : 20.503 s
Timestep : 849622, score : -4081.9772613247915, Time : 20.634 s
Timestep : 858381, score : -4063.993292917876, Time : 20.653 s
Timestep : 867140, score : -4067.8886870941205, Time : 20.598 s
Timestep : 875899, score : -4079.0020996233507, Time : 20.414 s
Starting local evaluation
Num Steps: 1000, Num episodes: 0
Num Steps: 2000, Num episodes: 0
Num Steps: 3000, Num episodes: 0
Num Steps: 4000, Num episodes: 0
Num Steps: 5000, Num episodes: 0
Num Steps: 6000, Num episodes: 0
Num Steps: 7000, Num episodes: 0
Num Steps: 8000, Num episodes: 0
Episode complete: 1 | Latest episode metrics: {'price_cost': 1.0016897763817063, 'emmision_cost': 1.0033401071520782}
[-0.23311317] -0.23311317229480644
Average Price Cost: 1.0016897763817063
Average Emmision Cost: 1.0033401071520782
Average of both costs: 1.0025149417668922
Total time taken by agent: 3.204706280492246s
DONE!
