{'agent': 'DQN', 'action_selection': 'softmax', 'seed': 1, 'episodes': 100, 'data_path': 'data/citylearn_challenge_2022_phase_1', 'dry_run': False, 'n_discrete': 9, 'update_target': 16, 'lr': 0.1, 'batch_size': 32, 'adam_epsilon': 1e-09, 'epsilon_final': 0.02, 'run_id': 22}
{'Notes': 'This is a tuning run, executed on a single building.',
 'action_selection': 'softmax',
 'adam_epsilon': 1e-09,
 'env': '<NormalizeObservation<OneHotHour<DiscreteSingle<CityLearnEnv '
        'instance>>>>',
 'final_exploration_rate': 0.02,
 'final_exploration_step': 1000,
 'gamma': 0.99,
 'initial_exploration_rate': 1,
 'learning_rate': 0.1,
 'loss': 'mse',
 'minibatch_size': 32,
 'network': 'MLP(\n'
            '  (layers): Sequential(\n'
            '    (0): Linear(in_features=29, out_features=128, bias=True)\n'
            '    (1): ReLU()\n'
            '    (2): Linear(in_features=128, out_features=128, bias=True)\n'
            '    (3): ReLU()\n'
            '    (4): Linear(in_features=128, out_features=9, bias=True)\n'
            '  )\n'
            ')',
 'replay_buffer_size': 10000,
 'replay_start_size': 32,
 'seed': 1,
 'train_steps': 876000,
 'update_frequency': 1,
 'update_target_frequency': 16,
 'weight_scale': 1.4142135623730951}
Timestep : 8758, score : -4628.713943949348, Time : 23.385 s
Timestep : 17517, score : -4111.846221355168, Time : 23.179 s
Timestep : 26276, score : -4148.149220352439, Time : 23.426 s
Timestep : 35035, score : -4132.584351465484, Time : 23.61 s
Timestep : 43794, score : -4139.96537124124, Time : 23.652 s
Timestep : 52553, score : -4059.983634481585, Time : 23.068 s
Timestep : 61312, score : -4167.719768876588, Time : 22.889 s
Timestep : 70071, score : -4238.285655491083, Time : 23.538 s
Timestep : 78830, score : -4216.491255575238, Time : 23.68 s
Timestep : 87589, score : -4186.475535582198, Time : 23.627 s
Timestep : 96348, score : -4138.928507727018, Time : 23.888 s
Timestep : 105107, score : -4125.64448563513, Time : 23.431 s
Timestep : 113866, score : -4148.065226004837, Time : 23.475 s
Timestep : 122625, score : -4053.0346939362644, Time : 23.449 s
Timestep : 131384, score : -4205.526559904363, Time : 23.358 s
Timestep : 140143, score : -4185.009044241655, Time : 23.766 s
Timestep : 148902, score : -4191.502583057998, Time : 23.44 s
Timestep : 157661, score : -4077.339010005264, Time : 23.477 s
Timestep : 166420, score : -4156.27599883583, Time : 23.166 s
Timestep : 175179, score : -4156.187365136022, Time : 23.501 s
Timestep : 183938, score : -4224.336366746138, Time : 23.554 s
Timestep : 192697, score : -4136.204957610375, Time : 23.708 s
Timestep : 201456, score : -4217.688364097761, Time : 23.673 s
Timestep : 210215, score : -4049.6861388049147, Time : 23.54 s
Timestep : 218974, score : -4049.763421093492, Time : 23.434 s
Timestep : 227733, score : -4071.981753879605, Time : 23.353 s
Timestep : 236492, score : -4079.015336794924, Time : 23.599 s
Timestep : 245251, score : -4167.348305828782, Time : 23.155 s
Timestep : 254010, score : -4087.6650834753236, Time : 22.897 s
Timestep : 262769, score : -4072.3507838299556, Time : 23.117 s
Timestep : 271528, score : -4143.573202069296, Time : 23.223 s
Timestep : 280287, score : -4259.976679101965, Time : 23.142 s
Timestep : 289046, score : -4193.165557270317, Time : 23.176 s
Timestep : 297805, score : -4084.439133108972, Time : 23.103 s
Timestep : 306564, score : -4073.7069992175384, Time : 23.489 s
Timestep : 315323, score : -4142.691092996654, Time : 23.238 s
Timestep : 324082, score : -4203.80948398952, Time : 23.154 s
Timestep : 332841, score : -4157.781781705242, Time : 23.66 s
Timestep : 341600, score : -4126.640386243846, Time : 23.439 s
Timestep : 350359, score : -4112.866274987726, Time : 23.299 s
Timestep : 359118, score : -4140.510966568516, Time : 23.323 s
Timestep : 367877, score : -4240.9320287084265, Time : 23.422 s
Timestep : 376636, score : -4244.725539997598, Time : 23.99 s
Timestep : 385395, score : -4081.6716452533437, Time : 23.843 s
Timestep : 394154, score : -4070.1498799895926, Time : 23.331 s
Timestep : 402913, score : -4144.375725507809, Time : 23.3 s
Timestep : 411672, score : -4218.225232241122, Time : 23.261 s
Timestep : 420431, score : -4170.371389988257, Time : 23.287 s
Timestep : 429190, score : -4136.994349255605, Time : 23.983 s
Timestep : 437949, score : -4060.589386363892, Time : 24.041 s
Timestep : 446708, score : -4107.350735278829, Time : 22.993 s
Timestep : 455467, score : -4122.575643766118, Time : 22.641 s
Timestep : 464226, score : -4120.884588756977, Time : 22.603 s
Timestep : 472985, score : -4166.864196260838, Time : 22.696 s
Timestep : 481744, score : -4156.930130365683, Time : 23.376 s
Timestep : 490503, score : -4137.190791638015, Time : 24.116 s
Timestep : 499262, score : -4169.952675295324, Time : 23.59 s
Timestep : 508021, score : -4129.7536412208865, Time : 23.307 s
Timestep : 516780, score : -4106.336028081743, Time : 23.301 s
Timestep : 525539, score : -4105.076171708672, Time : 23.428 s
Timestep : 534298, score : -4128.5889249202155, Time : 23.562 s
Timestep : 543057, score : -4155.079405148892, Time : 23.649 s
Timestep : 551816, score : -4100.301849910436, Time : 23.659 s
Timestep : 560575, score : -4125.975532889788, Time : 23.366 s
Timestep : 569334, score : -4076.309056294529, Time : 23.13 s
Timestep : 578093, score : -4061.5670200767054, Time : 22.967 s
Timestep : 586852, score : -4038.0138286886795, Time : 22.908 s
Timestep : 595611, score : -4095.2031132647826, Time : 22.688 s
Timestep : 604370, score : -4054.223350399552, Time : 23.17 s
Timestep : 613129, score : -4116.473031959875, Time : 23.277 s
Timestep : 621888, score : -4075.0853080669476, Time : 22.822 s
Timestep : 630647, score : -4158.38214881756, Time : 23.62 s
Timestep : 639406, score : -4140.752993169619, Time : 23.782 s
Timestep : 648165, score : -4113.148124647705, Time : 23.459 s
Timestep : 656924, score : -4037.0259266695066, Time : 23.316 s
Timestep : 665683, score : -4121.84510609266, Time : 23.157 s
Timestep : 674442, score : -4219.868234962603, Time : 23.111 s
Timestep : 683201, score : -4228.991059246851, Time : 22.963 s
Timestep : 691960, score : -4178.096248080401, Time : 22.877 s
Timestep : 700719, score : -4093.560416981025, Time : 22.649 s
Timestep : 709478, score : -4229.77502277997, Time : 22.652 s
Timestep : 718237, score : -4150.791180209635, Time : 23.344 s
Timestep : 726996, score : -4227.29691355527, Time : 23.103 s
Timestep : 735755, score : -4181.3997605651675, Time : 23.679 s
Timestep : 744514, score : -4125.353050005113, Time : 23.487 s
Timestep : 753273, score : -4135.705541802017, Time : 23.3 s
Timestep : 762032, score : -4248.452145291289, Time : 23.306 s
Timestep : 770791, score : -4162.862556313543, Time : 23.415 s
Timestep : 779550, score : -4121.379695003299, Time : 23.784 s
Timestep : 788309, score : -4169.147371641739, Time : 23.473 s
Timestep : 797068, score : -4082.5956700643583, Time : 23.071 s
Timestep : 805827, score : -4112.422163955314, Time : 22.915 s
Timestep : 814586, score : -4128.825045127334, Time : 23.265 s
Timestep : 823345, score : -4096.015393560199, Time : 22.665 s
Timestep : 832104, score : -4172.570769648446, Time : 23.792 s
Timestep : 840863, score : -4146.643375135638, Time : 23.975 s
Timestep : 849622, score : -4080.6927272308676, Time : 23.432 s
Timestep : 858381, score : -4218.343493965716, Time : 23.372 s
Timestep : 867140, score : -4176.032933158247, Time : 22.931 s
Timestep : 875899, score : -4144.584774907125, Time : 22.891 s
Starting local evaluation
Num Steps: 1000, Num episodes: 0
Num Steps: 2000, Num episodes: 0
Num Steps: 3000, Num episodes: 0
Num Steps: 4000, Num episodes: 0
Num Steps: 5000, Num episodes: 0
Num Steps: 6000, Num episodes: 0
Num Steps: 7000, Num episodes: 0
Num Steps: 8000, Num episodes: 0
Episode complete: 1 | Latest episode metrics: {'price_cost': 1.0025219665165934, 'emmision_cost': 1.0027776384437455}
[-0.23331499] -0.23331498802361508
Average Price Cost: 1.0025219665165934
Average Emmision Cost: 1.0027776384437455
Average of both costs: 1.0026498024801693
Total time taken by agent: 3.7060375846922398s
DONE!
