{'agent': 'DQN', 'action_selection': 'egreedy', 'seed': 1, 'episodes': 100, 'data_path': 'data/citylearn_challenge_2022_phase_1', 'dry_run': False, 'n_discrete': 9, 'update_target': 32, 'lr': 0.007, 'batch_size': 128, 'adam_epsilon': 1e-05, 'epsilon_final': 0.03, 'run_id': 228}
{'Notes': 'This is a tuning run, executed on a single building.',
 'action_selection': 'egreedy',
 'adam_epsilon': 1e-05,
 'env': '<NormalizeObservation<OneHotHour<DiscreteSingle<CityLearnEnv '
        'instance>>>>',
 'final_exploration_rate': 0.02,
 'final_exploration_step': 1000,
 'gamma': 0.99,
 'initial_exploration_rate': 1,
 'learning_rate': 0.007,
 'loss': 'mse',
 'minibatch_size': 128,
 'network': 'MLP(\n'
            '  (layers): Sequential(\n'
            '    (0): Linear(in_features=29, out_features=128, bias=True)\n'
            '    (1): ReLU()\n'
            '    (2): Linear(in_features=128, out_features=128, bias=True)\n'
            '    (3): ReLU()\n'
            '    (4): Linear(in_features=128, out_features=9, bias=True)\n'
            '  )\n'
            ')',
 'replay_buffer_size': 10000,
 'replay_start_size': 128,
 'seed': 1,
 'train_steps': 876000,
 'update_frequency': 1,
 'update_target_frequency': 32,
 'weight_scale': 1.4142135623730951}
Timestep : 8758, score : -6187.65783536977, Time : 25.746 s
Timestep : 17517, score : -4125.809069313953, Time : 25.984 s
Timestep : 26276, score : -4129.332882927571, Time : 26.982 s
Timestep : 35035, score : -8485.412762268956, Time : 27.016 s
Timestep : 43794, score : -10683.067684622321, Time : 26.969 s
Timestep : 52553, score : -10378.500806403536, Time : 26.614 s
Timestep : 61312, score : -10648.246954794115, Time : 25.92 s
Timestep : 70071, score : -10984.337149965184, Time : 26.26 s
Timestep : 78830, score : -10094.211516146155, Time : 26.766 s
Timestep : 87589, score : -11226.046925276125, Time : 27.049 s
Timestep : 96348, score : -11342.173422119304, Time : 27.04 s
Timestep : 105107, score : -12138.993259791358, Time : 26.997 s
Timestep : 113866, score : -12480.907904397958, Time : 27.038 s
Timestep : 122625, score : -12618.853152536583, Time : 26.345 s
Timestep : 131384, score : -12934.98469532626, Time : 26.158 s
Timestep : 140143, score : -12746.020496527577, Time : 26.74 s
Timestep : 148902, score : -13566.880915375048, Time : 25.748 s
Timestep : 157661, score : -13881.110253080144, Time : 26.409 s
Timestep : 166420, score : -12895.617155894492, Time : 25.93 s
Timestep : 175179, score : -12499.653235790509, Time : 25.73 s
Timestep : 183938, score : -12639.938771982357, Time : 26.768 s
Timestep : 192697, score : -13164.474369334945, Time : 26.477 s
Timestep : 201456, score : -13086.017345695058, Time : 27.003 s
Timestep : 210215, score : -12478.357182205422, Time : 25.756 s
Timestep : 218974, score : -12631.785288809639, Time : 25.726 s
Timestep : 227733, score : -13762.76705232817, Time : 25.729 s
Timestep : 236492, score : -12514.69231192616, Time : 25.906 s
Timestep : 245251, score : -13352.419063269932, Time : 25.973 s
Timestep : 254010, score : -13114.331245125177, Time : 26.338 s
Timestep : 262769, score : -12777.052363989715, Time : 25.782 s
Timestep : 271528, score : -13021.272849817644, Time : 25.75 s
Timestep : 280287, score : -12883.208196392097, Time : 26.598 s
Timestep : 289046, score : -13079.490842517771, Time : 26.459 s
Timestep : 297805, score : -13489.24957270571, Time : 26.288 s
Timestep : 306564, score : -13995.532261818444, Time : 26.211 s
Timestep : 315323, score : -13266.823751510194, Time : 26.511 s
Timestep : 324082, score : -13210.62149558311, Time : 25.73 s
Timestep : 332841, score : -13731.209965922637, Time : 26.009 s
Timestep : 341600, score : -13439.606859070787, Time : 26.326 s
Timestep : 350359, score : -13484.57597495937, Time : 27.565 s
Timestep : 359118, score : -13154.957942258967, Time : 26.283 s
Timestep : 367877, score : -12894.654372950114, Time : 27.671 s
Timestep : 376636, score : -12988.560898368785, Time : 26.771 s
Timestep : 385395, score : -13067.91619603167, Time : 25.787 s
Timestep : 394154, score : -13207.849295293447, Time : 26.867 s
Timestep : 402913, score : -12947.705350266959, Time : 27.197 s
Timestep : 411672, score : -12773.436685950233, Time : 26.19 s
Timestep : 420431, score : -12892.596570742935, Time : 25.798 s
Timestep : 429190, score : -12864.535075409061, Time : 25.876 s
Timestep : 437949, score : -12646.787786373941, Time : 26.309 s
Timestep : 446708, score : -13063.495657972773, Time : 27.328 s
Timestep : 455467, score : -12997.894893786837, Time : 26.42 s
Timestep : 464226, score : -13251.475823708257, Time : 26.668 s
Timestep : 472985, score : -12952.186003561786, Time : 25.994 s
Timestep : 481744, score : -12934.840064188422, Time : 26.449 s
Timestep : 490503, score : -13152.76927232639, Time : 26.99 s
Timestep : 499262, score : -12879.598482348752, Time : 26.989 s
Timestep : 508021, score : -13068.33340687894, Time : 26.463 s
Timestep : 516780, score : -12986.071092663566, Time : 25.938 s
Timestep : 525539, score : -13370.422427468235, Time : 26.144 s
Timestep : 534298, score : -13433.705624780807, Time : 26.087 s
Timestep : 543057, score : -14025.380186708062, Time : 25.875 s
Timestep : 551816, score : -13688.705222977165, Time : 26.528 s
Timestep : 560575, score : -13723.970786857608, Time : 26.426 s
Timestep : 569334, score : -13705.800550081447, Time : 25.741 s
Timestep : 578093, score : -14180.476540884149, Time : 26.97 s
Timestep : 586852, score : -13955.105996636048, Time : 25.945 s
Timestep : 595611, score : -13799.826857763881, Time : 25.801 s
Timestep : 604370, score : -13918.907786455587, Time : 25.876 s
Timestep : 613129, score : -13906.140377936958, Time : 25.777 s
Timestep : 621888, score : -13649.394292021476, Time : 25.773 s
Timestep : 630647, score : -13833.414079450653, Time : 26.016 s
Timestep : 639406, score : -13848.787103851791, Time : 27.152 s
Timestep : 648165, score : -13907.229665578998, Time : 26.757 s
Timestep : 656924, score : -14149.04063867133, Time : 27.247 s
Timestep : 665683, score : -13713.842605926839, Time : 26.77 s
Timestep : 674442, score : -13693.29958750373, Time : 25.845 s
Timestep : 683201, score : -13708.837814843704, Time : 27.541 s
Timestep : 691960, score : -14374.808021280289, Time : 26.218 s
Timestep : 700719, score : -14037.160779521291, Time : 27.028 s
Timestep : 709478, score : -13795.730924121133, Time : 26.939 s
Timestep : 718237, score : -13983.63503872884, Time : 26.112 s
Timestep : 726996, score : -14280.126994570208, Time : 26.442 s
Timestep : 735755, score : -13933.878910538508, Time : 27.705 s
Timestep : 744514, score : -14002.923770357138, Time : 26.379 s
Timestep : 753273, score : -14289.758168681306, Time : 25.7 s
Timestep : 762032, score : -14193.108903893808, Time : 26.518 s
Timestep : 770791, score : -14234.087665169805, Time : 26.05 s
Timestep : 779550, score : -13709.20564902018, Time : 26.839 s
Timestep : 788309, score : -14228.037182810454, Time : 26.369 s
Timestep : 797068, score : -14498.646502999123, Time : 26.338 s
Timestep : 805827, score : -14113.377446890143, Time : 27.053 s
Timestep : 814586, score : -13737.68255947507, Time : 25.748 s
Timestep : 823345, score : -14163.11887639368, Time : 25.699 s
Timestep : 832104, score : -14651.889841404482, Time : 25.721 s
Timestep : 840863, score : -14248.336720640422, Time : 25.735 s
Timestep : 849622, score : -14076.720903172114, Time : 25.941 s
Timestep : 858381, score : -13964.237905954826, Time : 25.717 s
Timestep : 867140, score : -14199.489137927492, Time : 26.082 s
Timestep : 875899, score : -14288.5243461957, Time : 26.044 s
Starting local evaluation
Num Steps: 1000, Num episodes: 0
Num Steps: 2000, Num episodes: 0
Num Steps: 3000, Num episodes: 0
Num Steps: 4000, Num episodes: 0
Num Steps: 5000, Num episodes: 0
Num Steps: 6000, Num episodes: 0
Num Steps: 7000, Num episodes: 0
Num Steps: 8000, Num episodes: 0
Episode complete: 1 | Latest episode metrics: {'price_cost': 1.0045527096705757, 'emmision_cost': 1.0056568085834505}
[-0.23631376] -0.2363137596713848
Average Price Cost: 1.0045527096705757
Average Emmision Cost: 1.0056568085834505
Average of both costs: 1.005104759127013
Total time taken by agent: 2.5756172137334943s
DONE!
