{'agent': 'DQN', 'action_selection': 'softmax', 'seed': 1, 'episodes': 100, 'data_path': 'data/citylearn_challenge_2022_phase_1', 'dry_run': False, 'n_discrete': 9, 'update_target': 16, 'lr': 0.01, 'batch_size': 8, 'adam_epsilon': 0.0001, 'epsilon_final': 0.02, 'run_id': 46}
{'Notes': 'This is a tuning run, executed on a single building.',
 'action_selection': 'softmax',
 'adam_epsilon': 0.0001,
 'env': '<NormalizeObservation<OneHotHour<DiscreteSingle<CityLearnEnv '
        'instance>>>>',
 'final_exploration_rate': 0.02,
 'final_exploration_step': 1000,
 'gamma': 0.99,
 'initial_exploration_rate': 1,
 'learning_rate': 0.01,
 'loss': 'mse',
 'minibatch_size': 8,
 'network': 'MLP(\n'
            '  (layers): Sequential(\n'
            '    (0): Linear(in_features=29, out_features=128, bias=True)\n'
            '    (1): ReLU()\n'
            '    (2): Linear(in_features=128, out_features=128, bias=True)\n'
            '    (3): ReLU()\n'
            '    (4): Linear(in_features=128, out_features=9, bias=True)\n'
            '  )\n'
            ')',
 'replay_buffer_size': 10000,
 'replay_start_size': 8,
 'seed': 1,
 'train_steps': 876000,
 'update_frequency': 1,
 'update_target_frequency': 16,
 'weight_scale': 1.4142135623730951}
Timestep : 8758, score : -5916.172913087445, Time : 23.946 s
Timestep : 17517, score : -6469.805916435696, Time : 23.498 s
Timestep : 26276, score : -7270.168992693667, Time : 22.932 s
Timestep : 35035, score : -5935.087391279667, Time : 23.455 s
Timestep : 43794, score : -9043.185209254225, Time : 23.084 s
Timestep : 52553, score : -7015.366845594515, Time : 23.146 s
Timestep : 61312, score : -9450.67727719064, Time : 22.825 s
Timestep : 70071, score : -7527.412758173799, Time : 22.829 s
Timestep : 78830, score : -7999.11774383334, Time : 22.765 s
Timestep : 87589, score : -7687.241165927451, Time : 22.836 s
Timestep : 96348, score : -7293.961423188259, Time : 23.084 s
Timestep : 105107, score : -8932.301504395859, Time : 23.201 s
Timestep : 113866, score : -7648.642529459161, Time : 23.205 s
Timestep : 122625, score : -8866.11456736883, Time : 23.254 s
Timestep : 131384, score : -8593.151240465086, Time : 23.455 s
Timestep : 140143, score : -7963.578351285076, Time : 23.536 s
Timestep : 148902, score : -8785.856777346184, Time : 23.503 s
Timestep : 157661, score : -8094.612235184555, Time : 23.546 s
Timestep : 166420, score : -9293.84471330492, Time : 23.554 s
Timestep : 175179, score : -8058.258035036823, Time : 23.534 s
Timestep : 183938, score : -8665.33854753853, Time : 23.554 s
Timestep : 192697, score : -8320.263171402039, Time : 23.582 s
Timestep : 201456, score : -7651.267297965431, Time : 23.549 s
Timestep : 210215, score : -8344.83732704472, Time : 23.549 s
Timestep : 218974, score : -8586.030132952641, Time : 23.496 s
Timestep : 227733, score : -8626.253968765057, Time : 23.537 s
Timestep : 236492, score : -8434.711713904428, Time : 23.513 s
Timestep : 245251, score : -8472.608133776535, Time : 23.52 s
Timestep : 254010, score : -8538.8906001461, Time : 23.53 s
Timestep : 262769, score : -8108.627672898234, Time : 23.518 s
Timestep : 271528, score : -9231.205532227686, Time : 23.569 s
Timestep : 280287, score : -8215.768129992372, Time : 23.539 s
Timestep : 289046, score : -8709.659594754135, Time : 23.498 s
Timestep : 297805, score : -8502.461434009405, Time : 23.513 s
Timestep : 306564, score : -8447.681833430455, Time : 23.562 s
Timestep : 315323, score : -8286.136588801353, Time : 23.527 s
Timestep : 324082, score : -9117.205961683838, Time : 23.514 s
Timestep : 332841, score : -8406.481977585383, Time : 23.533 s
Timestep : 341600, score : -8130.6280183974595, Time : 23.552 s
Timestep : 350359, score : -8838.420104152246, Time : 23.52 s
Timestep : 359118, score : -8333.284846999013, Time : 23.54 s
Timestep : 367877, score : -8520.304340496456, Time : 23.509 s
Timestep : 376636, score : -8682.779537111404, Time : 23.556 s
Timestep : 385395, score : -8236.747955538594, Time : 23.554 s
Timestep : 394154, score : -8235.8905122594, Time : 23.529 s
Timestep : 402913, score : -8646.308716949381, Time : 23.568 s
Timestep : 411672, score : -8246.516908428894, Time : 23.205 s
Timestep : 420431, score : -8170.879196009322, Time : 23.034 s
Timestep : 429190, score : -7847.426626528395, Time : 23.325 s
Timestep : 437949, score : -7862.606751191386, Time : 23.45 s
Timestep : 446708, score : -7638.281969026575, Time : 23.672 s
Timestep : 455467, score : -8035.611639083159, Time : 23.59 s
Timestep : 464226, score : -8414.759539621446, Time : 23.642 s
Timestep : 472985, score : -7942.644259577588, Time : 23.673 s
Timestep : 481744, score : -8380.756557493427, Time : 23.62 s
Timestep : 490503, score : -8915.035466298767, Time : 23.596 s
Timestep : 499262, score : -8576.467228103851, Time : 23.541 s
Timestep : 508021, score : -7804.7468645634945, Time : 23.477 s
Timestep : 516780, score : -8282.35983608701, Time : 23.69 s
Timestep : 525539, score : -8151.747527708096, Time : 23.684 s
Timestep : 534298, score : -8480.298254538284, Time : 23.729 s
Timestep : 543057, score : -8807.508654380013, Time : 23.667 s
Timestep : 551816, score : -7782.768568437692, Time : 23.702 s
Timestep : 560575, score : -7558.392689838496, Time : 23.666 s
Timestep : 569334, score : -8252.38594922291, Time : 23.7 s
Timestep : 578093, score : -7859.104911065224, Time : 23.689 s
Timestep : 586852, score : -8305.165328565316, Time : 23.691 s
Timestep : 595611, score : -7681.569798107521, Time : 23.619 s
Timestep : 604370, score : -8123.52114726459, Time : 23.452 s
Timestep : 613129, score : -8299.25395758351, Time : 23.076 s
Timestep : 621888, score : -7683.053142973171, Time : 22.744 s
Timestep : 630647, score : -7828.840400456131, Time : 22.764 s
Timestep : 639406, score : -8048.902034190047, Time : 23.129 s
Timestep : 648165, score : -7251.65022163, Time : 23.493 s
Timestep : 656924, score : -8065.356247252857, Time : 23.474 s
Timestep : 665683, score : -8322.154931612968, Time : 22.9 s
Timestep : 674442, score : -8448.589269073826, Time : 22.961 s
Timestep : 683201, score : -7938.805154109286, Time : 23.401 s
Timestep : 691960, score : -7964.301700067503, Time : 22.814 s
Timestep : 700719, score : -8136.026057912517, Time : 22.943 s
Timestep : 709478, score : -7900.641956770589, Time : 22.781 s
Timestep : 718237, score : -8095.158439083447, Time : 23.499 s
Timestep : 726996, score : -7881.506068184768, Time : 23.485 s
Timestep : 735755, score : -8174.63168707928, Time : 23.094 s
Timestep : 744514, score : -8155.828067881637, Time : 22.86 s
Timestep : 753273, score : -8266.035985128517, Time : 22.887 s
Timestep : 762032, score : -7814.029474320618, Time : 22.842 s
Timestep : 770791, score : -8403.262042429094, Time : 22.887 s
Timestep : 779550, score : -8316.557245220145, Time : 22.859 s
Timestep : 788309, score : -8128.534458836104, Time : 22.888 s
Timestep : 797068, score : -8068.43058446511, Time : 22.831 s
Timestep : 805827, score : -8356.53700383818, Time : 22.884 s
Timestep : 814586, score : -8078.878903656689, Time : 22.854 s
Timestep : 823345, score : -8325.93375484331, Time : 22.884 s
Timestep : 832104, score : -8419.578945999107, Time : 22.892 s
Timestep : 840863, score : -8186.131892962105, Time : 22.783 s
Timestep : 849622, score : -7822.893291173576, Time : 22.819 s
Timestep : 858381, score : -8223.478227689004, Time : 23.598 s
Timestep : 867140, score : -8226.895745418879, Time : 22.918 s
Timestep : 875899, score : -7928.3027720487735, Time : 22.867 s
Starting local evaluation
Num Steps: 1000, Num episodes: 0
Num Steps: 2000, Num episodes: 0
Num Steps: 3000, Num episodes: 0
Num Steps: 4000, Num episodes: 0
Num Steps: 5000, Num episodes: 0
Num Steps: 6000, Num episodes: 0
Num Steps: 7000, Num episodes: 0
Num Steps: 8000, Num episodes: 0
Episode complete: 1 | Latest episode metrics: {'price_cost': 1.4925551422941215, 'emmision_cost': 1.5761403051801481}
[-0.88537684] -0.8853768371735907
Average Price Cost: 1.4925551422941215
Average Emmision Cost: 1.5761403051801481
Average of both costs: 1.5343477237371348
Total time taken by agent: 4.49476171284914s
DONE!
