{'agent': 'DQN', 'action_selection': 'egreedy', 'seed': 1, 'episodes': 100, 'data_path': 'data/citylearn_challenge_2022_phase_1', 'dry_run': False, 'n_discrete': 9, 'update_target': 4, 'lr': 0.007, 'batch_size': 32, 'adam_epsilon': 0.0001, 'epsilon_final': 0.08, 'run_id': 307}
{'Notes': 'This is a tuning run, executed on a single building.',
 'action_selection': 'egreedy',
 'adam_epsilon': 0.0001,
 'env': '<NormalizeObservation<OneHotHour<DiscreteSingle<CityLearnEnv '
        'instance>>>>',
 'final_exploration_rate': 0.02,
 'final_exploration_step': 1000,
 'gamma': 0.99,
 'initial_exploration_rate': 1,
 'learning_rate': 0.007,
 'loss': 'mse',
 'minibatch_size': 32,
 'network': 'MLP(\n'
            '  (layers): Sequential(\n'
            '    (0): Linear(in_features=29, out_features=128, bias=True)\n'
            '    (1): ReLU()\n'
            '    (2): Linear(in_features=128, out_features=128, bias=True)\n'
            '    (3): ReLU()\n'
            '    (4): Linear(in_features=128, out_features=9, bias=True)\n'
            '  )\n'
            ')',
 'replay_buffer_size': 10000,
 'replay_start_size': 32,
 'seed': 1,
 'train_steps': 876000,
 'update_frequency': 1,
 'update_target_frequency': 4,
 'weight_scale': 1.4142135623730951}
Timestep : 8758, score : -6961.600666695464, Time : 20.213 s
Timestep : 17517, score : -8107.337619081649, Time : 20.58 s
Timestep : 26276, score : -6592.452816871373, Time : 20.588 s
Timestep : 35035, score : -4514.764301273419, Time : 20.695 s
Timestep : 43794, score : -4525.870036066888, Time : 21.343 s
Timestep : 52553, score : -4490.117178225337, Time : 21.974 s
Timestep : 61312, score : -4476.7532345255895, Time : 21.581 s
Timestep : 70071, score : -4429.268999101041, Time : 21.274 s
Timestep : 78830, score : -4534.090216174634, Time : 20.885 s
Timestep : 87589, score : -4448.609118325083, Time : 20.751 s
Timestep : 96348, score : -4485.243491002737, Time : 20.935 s
Timestep : 105107, score : -4422.086673853948, Time : 20.966 s
Timestep : 113866, score : -4481.028222012712, Time : 20.817 s
Timestep : 122625, score : -4439.939342069818, Time : 20.786 s
Timestep : 131384, score : -4595.068543668283, Time : 20.789 s
Timestep : 140143, score : -4582.4414475573285, Time : 21.011 s
Timestep : 148902, score : -4465.761863221793, Time : 21.013 s
Timestep : 157661, score : -4516.595863560593, Time : 21.528 s
Timestep : 166420, score : -4401.975768449745, Time : 20.82 s
Timestep : 175179, score : -4461.513044405059, Time : 20.8 s
Timestep : 183938, score : -4434.261511314107, Time : 20.764 s
Timestep : 192697, score : -4573.019998345902, Time : 20.735 s
Timestep : 201456, score : -4471.327388241916, Time : 20.711 s
Timestep : 210215, score : -4473.465235987125, Time : 21.06 s
Timestep : 218974, score : -4493.758390375791, Time : 21.008 s
Timestep : 227733, score : -4429.810523863329, Time : 20.977 s
Timestep : 236492, score : -4404.859467118076, Time : 20.911 s
Timestep : 245251, score : -4525.608806335746, Time : 20.795 s
Timestep : 254010, score : -4404.77929514405, Time : 21.044 s
Timestep : 262769, score : -4562.121424668847, Time : 21.237 s
Timestep : 271528, score : -4566.421777661337, Time : 20.811 s
Timestep : 280287, score : -4410.560694174288, Time : 20.972 s
Timestep : 289046, score : -4480.468308058014, Time : 21.079 s
Timestep : 297805, score : -4413.874507588713, Time : 21.028 s
Timestep : 306564, score : -4505.865469923621, Time : 20.632 s
Timestep : 315323, score : -4577.466309097974, Time : 20.484 s
Timestep : 324082, score : -4467.318096082105, Time : 20.432 s
Timestep : 332841, score : -4642.074252783699, Time : 20.618 s
Timestep : 341600, score : -4505.883109284012, Time : 20.604 s
Timestep : 350359, score : -4531.056735151826, Time : 20.841 s
Timestep : 359118, score : -4561.472468405409, Time : 20.809 s
Timestep : 367877, score : -4655.393219040154, Time : 20.678 s
Timestep : 376636, score : -4487.7126744067355, Time : 20.343 s
Timestep : 385395, score : -4562.501564658625, Time : 21.282 s
Timestep : 394154, score : -4520.8184424074425, Time : 20.645 s
Timestep : 402913, score : -4475.8100611468835, Time : 20.978 s
Timestep : 411672, score : -4499.722176921932, Time : 21.026 s
Timestep : 420431, score : -4466.376234121068, Time : 21.159 s
Timestep : 429190, score : -4446.763865345536, Time : 20.958 s
Timestep : 437949, score : -4593.744992760388, Time : 21.099 s
Timestep : 446708, score : -4528.494583947497, Time : 20.984 s
Timestep : 455467, score : -4511.013125656551, Time : 21.033 s
Timestep : 464226, score : -4499.9981269048585, Time : 21.009 s
Timestep : 472985, score : -4456.479458861431, Time : 20.962 s
Timestep : 481744, score : -4455.678735656111, Time : 21.049 s
Timestep : 490503, score : -4443.227280604915, Time : 20.471 s
Timestep : 499262, score : -4501.518356061919, Time : 20.58 s
Timestep : 508021, score : -4433.43889948065, Time : 23.236 s
Timestep : 516780, score : -4457.548128626688, Time : 20.635 s
Timestep : 525539, score : -4475.870559298812, Time : 20.932 s
Timestep : 534298, score : -4475.844952240965, Time : 20.893 s
Timestep : 543057, score : -4529.25168352286, Time : 20.833 s
Timestep : 551816, score : -4443.854054067197, Time : 21.166 s
Timestep : 560575, score : -4399.359104085161, Time : 21.162 s
Timestep : 569334, score : -4435.275019714056, Time : 21.176 s
Timestep : 578093, score : -4448.237727926491, Time : 21.115 s
Timestep : 586852, score : -4495.816560452717, Time : 20.764 s
Timestep : 595611, score : -4465.075126323296, Time : 20.661 s
Timestep : 604370, score : -4466.732269573404, Time : 20.824 s
Timestep : 613129, score : -4622.091111407994, Time : 20.885 s
Timestep : 621888, score : -4415.289106570563, Time : 20.642 s
Timestep : 630647, score : -4463.137686844362, Time : 21.213 s
Timestep : 639406, score : -4540.589859701024, Time : 21.15 s
Timestep : 648165, score : -4499.449949127695, Time : 20.889 s
Timestep : 656924, score : -4491.434915124817, Time : 20.927 s
Timestep : 665683, score : -4548.311912894278, Time : 20.552 s
Timestep : 674442, score : -4585.086957431777, Time : 21.023 s
Timestep : 683201, score : -4534.272412327962, Time : 21.059 s
Timestep : 691960, score : -4426.537733397825, Time : 20.87 s
Timestep : 700719, score : -4571.973853210366, Time : 20.679 s
Timestep : 709478, score : -4605.6719704097195, Time : 20.4 s
Timestep : 718237, score : -4446.85262984976, Time : 20.438 s
Timestep : 726996, score : -4429.193963862053, Time : 20.719 s
Timestep : 735755, score : -4467.2356108095555, Time : 21.299 s
Timestep : 744514, score : -4574.772577415599, Time : 20.708 s
Timestep : 753273, score : -4421.415757571725, Time : 20.755 s
Timestep : 762032, score : -4444.928855092643, Time : 20.742 s
Timestep : 770791, score : -4392.6953876273765, Time : 20.743 s
Timestep : 779550, score : -4338.1444862833305, Time : 20.75 s
Timestep : 788309, score : -4509.5290069276525, Time : 20.796 s
Timestep : 797068, score : -4437.659124866972, Time : 20.79 s
Timestep : 805827, score : -4420.8318330304755, Time : 20.788 s
Timestep : 814586, score : -4565.430913923337, Time : 21.015 s
Timestep : 823345, score : -4451.742435458495, Time : 21.239 s
Timestep : 832104, score : -4485.983347475092, Time : 21.648 s
Timestep : 840863, score : -4524.502848803444, Time : 20.648 s
Timestep : 849622, score : -4660.045905519655, Time : 20.63 s
Timestep : 858381, score : -4622.256920773914, Time : 20.628 s
Timestep : 867140, score : -4400.136881339742, Time : 20.624 s
Timestep : 875899, score : -4532.7801401517645, Time : 20.721 s
Starting local evaluation
Num Steps: 1000, Num episodes: 0
Num Steps: 2000, Num episodes: 0
Num Steps: 3000, Num episodes: 0
Num Steps: 4000, Num episodes: 0
Num Steps: 5000, Num episodes: 0
Num Steps: 6000, Num episodes: 0
Num Steps: 7000, Num episodes: 0
Num Steps: 8000, Num episodes: 0
Episode complete: 1 | Latest episode metrics: {'price_cost': 1.0245313184597116, 'emmision_cost': 1.0281206147542505}
[-0.26236058] -0.2623605789985261
Average Price Cost: 1.0245313184597116
Average Emmision Cost: 1.0281206147542505
Average of both costs: 1.026325966606981
Total time taken by agent: 2.1968158408999443s
DONE!
