{'agent': 'DQN', 'action_selection': 'softmax', 'seed': 1, 'episodes': 100, 'data_path': 'data/citylearn_challenge_2022_phase_1', 'dry_run': False, 'n_discrete': 9, 'update_target': 8, 'lr': 0.1, 'batch_size': 1, 'adam_epsilon': 1e-10, 'epsilon_final': 0.02, 'run_id': 68}
{'Notes': 'This is a tuning run, executed on a single building.',
 'action_selection': 'softmax',
 'adam_epsilon': 1e-10,
 'env': '<NormalizeObservation<OneHotHour<DiscreteSingle<CityLearnEnv '
        'instance>>>>',
 'final_exploration_rate': 0.02,
 'final_exploration_step': 1000,
 'gamma': 0.99,
 'initial_exploration_rate': 1,
 'learning_rate': 0.1,
 'loss': 'mse',
 'minibatch_size': 1,
 'network': 'MLP(\n'
            '  (layers): Sequential(\n'
            '    (0): Linear(in_features=29, out_features=128, bias=True)\n'
            '    (1): ReLU()\n'
            '    (2): Linear(in_features=128, out_features=128, bias=True)\n'
            '    (3): ReLU()\n'
            '    (4): Linear(in_features=128, out_features=9, bias=True)\n'
            '  )\n'
            ')',
 'replay_buffer_size': 10000,
 'replay_start_size': 1,
 'seed': 1,
 'train_steps': 876000,
 'update_frequency': 1,
 'update_target_frequency': 8,
 'weight_scale': 1.4142135623730951}
Timestep : 8758, score : -5085.027551920226, Time : 38.482 s
Timestep : 17517, score : -4871.067487758031, Time : 37.144 s
Timestep : 26276, score : -5128.459977030201, Time : 37.242 s
Timestep : 35035, score : -4942.271623504726, Time : 36.918 s
Timestep : 43794, score : -4860.59443303787, Time : 37.519 s
Timestep : 52553, score : -5134.677507326851, Time : 37.374 s
Timestep : 61312, score : -4963.555378232064, Time : 38.042 s
Timestep : 70071, score : -5187.71874243315, Time : 38.667 s
Timestep : 78830, score : -5609.4329371315835, Time : 38.678 s
Timestep : 87589, score : -4770.444004434539, Time : 37.97 s
Timestep : 96348, score : -4844.58727623467, Time : 36.765 s
Timestep : 105107, score : -5138.472904722163, Time : 30.343 s
Timestep : 113866, score : -5696.519128857675, Time : 31.119 s
Timestep : 122625, score : -6143.625709951855, Time : 32.111 s
Timestep : 131384, score : -4047.8702912380977, Time : 32.028 s
Timestep : 140143, score : -4047.8824060907646, Time : 36.432 s
Timestep : 148902, score : -4047.8824060907646, Time : 40.732 s
Timestep : 157661, score : -4047.74571833518, Time : 33.659 s
Timestep : 166420, score : -4047.810232376127, Time : 33.709 s
Timestep : 175179, score : -4047.762880747585, Time : 43.375 s
Timestep : 183938, score : -4047.810232376127, Time : 43.527 s
Timestep : 192697, score : -4047.761268471746, Time : 43.789 s
Timestep : 201456, score : -4047.7940018525405, Time : 42.684 s
Timestep : 210215, score : -4047.7931769838615, Time : 42.726 s
Timestep : 218974, score : -4047.870291111438, Time : 43.398 s
Timestep : 227733, score : -4047.794002001552, Time : 43.472 s
Timestep : 236492, score : -4047.7365960827156, Time : 43.431 s
Timestep : 245251, score : -4047.898712729482, Time : 43.366 s
Timestep : 254010, score : -4047.9067159643455, Time : 43.6 s
Timestep : 262769, score : -4047.79400223252, Time : 42.169 s
Timestep : 271528, score : -4047.8038689842506, Time : 43.503 s
Timestep : 280287, score : -4047.736596678762, Time : 43.25 s
Timestep : 289046, score : -4047.794002001552, Time : 43.373 s
Timestep : 297805, score : -4047.74571833518, Time : 43.461 s
Timestep : 306564, score : -4047.762881120114, Time : 43.436 s
Timestep : 315323, score : -4047.762880747585, Time : 43.217 s
Timestep : 324082, score : -4047.898712729482, Time : 41.25 s
Timestep : 332841, score : -4047.79400223252, Time : 42.889 s
Timestep : 341600, score : -4047.8702912380977, Time : 43.555 s
Timestep : 350359, score : -4047.8182350745483, Time : 43.691 s
Timestep : 359118, score : -4047.7205914011283, Time : 43.116 s
Timestep : 367877, score : -4047.7205914011283, Time : 43.413 s
Timestep : 376636, score : -4047.841700082092, Time : 41.466 s
Timestep : 385395, score : -4047.841700432269, Time : 43.113 s
Timestep : 394154, score : -4047.793176745443, Time : 43.057 s
Timestep : 402913, score : -4047.8038689842506, Time : 43.147 s
Timestep : 411672, score : -4047.841700082092, Time : 43.33 s
Timestep : 420431, score : -4047.870291461615, Time : 43.033 s
Timestep : 429190, score : -4047.762880889146, Time : 42.642 s
Timestep : 437949, score : -4047.794002001552, Time : 41.854 s
Timestep : 446708, score : -4047.810232376127, Time : 42.773 s
Timestep : 455467, score : -4047.841700082092, Time : 42.581 s
Timestep : 464226, score : -4047.882405852346, Time : 42.719 s
Timestep : 472985, score : -4047.8038689842506, Time : 42.783 s
Timestep : 481744, score : -4047.762880889146, Time : 43.098 s
Timestep : 490503, score : -4047.8702912380977, Time : 43.337 s
Timestep : 499262, score : -4047.762880889146, Time : 34.185 s
Timestep : 508021, score : -4047.810232376127, Time : 33.752 s
Timestep : 516780, score : -4047.736596678762, Time : 33.736 s
Timestep : 525539, score : -4047.828995918302, Time : 33.727 s
Timestep : 534298, score : -4047.898712729482, Time : 33.635 s
Timestep : 543057, score : -4047.681768392591, Time : 33.699 s
Timestep : 551816, score : -4047.736596678762, Time : 33.515 s
Timestep : 560575, score : -4047.8702912380977, Time : 33.478 s
Timestep : 569334, score : -4047.898712729482, Time : 33.522 s
Timestep : 578093, score : -4047.841700432269, Time : 33.36 s
Timestep : 586852, score : -4047.79400223252, Time : 160.655 s
Timestep : 595611, score : -4047.7205914011283, Time : 230.2 s
Timestep : 604370, score : -4047.7940018525405, Time : 230.002 s
Timestep : 613129, score : -4047.7940018525405, Time : 229.881 s
Timestep : 621888, score : -4047.841700432269, Time : 229.372 s
Timestep : 630647, score : -4047.8182350745483, Time : 228.57 s
Timestep : 639406, score : -4047.7205914011283, Time : 230.624 s
Timestep : 648165, score : -4047.828995918302, Time : 230.128 s
Timestep : 656924, score : -4047.810232376127, Time : 44.126 s
Timestep : 665683, score : -4047.79400223252, Time : 33.246 s
Timestep : 674442, score : -4047.898712729482, Time : 33.132 s
Timestep : 683201, score : -4047.7205914011283, Time : 33.089 s
Timestep : 691960, score : -4047.828995918302, Time : 33.119 s
Timestep : 700719, score : -4047.7612687101646, Time : 33.219 s
Timestep : 709478, score : -4047.9067159643455, Time : 33.091 s
Timestep : 718237, score : -4047.681768392591, Time : 32.844 s
Timestep : 726996, score : -4047.870291111438, Time : 32.691 s
Timestep : 735755, score : -4047.8038689842506, Time : 32.718 s
Timestep : 744514, score : -4047.9067159643455, Time : 32.982 s
Timestep : 753273, score : -4047.79400223252, Time : 32.831 s
Timestep : 762032, score : -4047.762880747585, Time : 32.829 s
Timestep : 770791, score : -4047.8417002162023, Time : 32.718 s
Timestep : 779550, score : -4047.8702912380977, Time : 32.737 s
Timestep : 788309, score : -4047.870291461615, Time : 32.683 s
Timestep : 797068, score : -4047.898712729482, Time : 32.994 s
Timestep : 805827, score : -4047.898712729482, Time : 32.992 s
Timestep : 814586, score : -4047.794002001552, Time : 32.691 s
Timestep : 823345, score : -4047.79400223252, Time : 31.835 s
Timestep : 832104, score : -4047.8182350745483, Time : 32.462 s
Timestep : 840863, score : -4047.8702912380977, Time : 32.633 s
Timestep : 849622, score : -4047.8182350745483, Time : 32.623 s
Timestep : 858381, score : -4047.870291461615, Time : 32.573 s
Timestep : 867140, score : -4047.762880889146, Time : 32.781 s
Timestep : 875899, score : -4047.794002001552, Time : 32.723 s
Starting local evaluation
Num Steps: 1000, Num episodes: 0
Num Steps: 2000, Num episodes: 0
Num Steps: 3000, Num episodes: 0
Num Steps: 4000, Num episodes: 0
Num Steps: 5000, Num episodes: 0
Num Steps: 6000, Num episodes: 0
Num Steps: 7000, Num episodes: 0
Num Steps: 8000, Num episodes: 0
Episode complete: 1 | Latest episode metrics: {'price_cost': 1.0006784854078463, 'emmision_cost': 1.0009722425941148}
[-0.2310692] -0.23106920314661508
Average Price Cost: 1.0006784854078463
Average Emmision Cost: 1.0009722425941148
Average of both costs: 1.0008253640009805
Total time taken by agent: 10.167623954184819s
DONE!
