{'agent': 'DQN', 'action_selection': 'egreedy', 'seed': 1, 'episodes': 100, 'data_path': 'data/citylearn_challenge_2022_phase_1', 'dry_run': False, 'n_discrete': 9, 'update_target': 8, 'lr': 0.0007, 'batch_size': 256, 'adam_epsilon': 0.001, 'epsilon_final': 0.02, 'run_id': 371}
{'Notes': 'This is a tuning run, executed on a single building.',
 'action_selection': 'egreedy',
 'adam_epsilon': 0.001,
 'env': '<NormalizeObservation<OneHotHour<DiscreteSingle<CityLearnEnv '
        'instance>>>>',
 'final_exploration_rate': 0.02,
 'final_exploration_step': 1000,
 'gamma': 0.99,
 'initial_exploration_rate': 1,
 'learning_rate': 0.0007,
 'loss': 'mse',
 'minibatch_size': 256,
 'network': 'MLP(\n'
            '  (layers): Sequential(\n'
            '    (0): Linear(in_features=29, out_features=128, bias=True)\n'
            '    (1): ReLU()\n'
            '    (2): Linear(in_features=128, out_features=128, bias=True)\n'
            '    (3): ReLU()\n'
            '    (4): Linear(in_features=128, out_features=9, bias=True)\n'
            '  )\n'
            ')',
 'replay_buffer_size': 10000,
 'replay_start_size': 256,
 'seed': 1,
 'train_steps': 876000,
 'update_frequency': 1,
 'update_target_frequency': 8,
 'weight_scale': 1.4142135623730951}
Timestep : 8758, score : -5142.0162032002845, Time : 26.25 s
Timestep : 17517, score : -4191.939710713254, Time : 29.914 s
Timestep : 26276, score : -3978.8827587052074, Time : 30.07 s
Timestep : 35035, score : -3222.3453059898748, Time : 30.111 s
Timestep : 43794, score : -3776.7869864768145, Time : 30.108 s
Timestep : 52553, score : -3350.5086893835396, Time : 30.049 s
Timestep : 61312, score : -3276.313073525933, Time : 30.074 s
Timestep : 70071, score : -3950.120969341282, Time : 30.095 s
Timestep : 78830, score : -3483.837717554212, Time : 30.05 s
Timestep : 87589, score : -3253.4647439422115, Time : 30.073 s
Timestep : 96348, score : -2933.242117290225, Time : 29.918 s
Timestep : 105107, score : -3266.9753352156404, Time : 30.078 s
Timestep : 113866, score : -2818.688951055621, Time : 29.843 s
Timestep : 122625, score : -2855.627177219656, Time : 29.69 s
Timestep : 131384, score : -2614.587134059315, Time : 29.175 s
Timestep : 140143, score : -2940.749074336054, Time : 30.044 s
Timestep : 148902, score : -2660.1130346112914, Time : 30.038 s
Timestep : 157661, score : -2996.8098852512558, Time : 29.115 s
Timestep : 166420, score : -3070.496175807697, Time : 29.022 s
Timestep : 175179, score : -2615.067393037869, Time : 30.033 s
Timestep : 183938, score : -2659.4944494153915, Time : 29.999 s
Timestep : 192697, score : -2264.6572257677617, Time : 30.037 s
Timestep : 201456, score : -3025.1414572189387, Time : 29.24 s
Timestep : 210215, score : -2975.3171854184766, Time : 29.149 s
Timestep : 218974, score : -2899.8642143413017, Time : 28.507 s
Timestep : 227733, score : -2678.5669037440384, Time : 29.527 s
Timestep : 236492, score : -2760.4018617177207, Time : 29.911 s
Timestep : 245251, score : -2825.8667834918306, Time : 30.01 s
Timestep : 254010, score : -3031.6494507717725, Time : 30.022 s
Timestep : 262769, score : -2778.314277497033, Time : 29.975 s
Timestep : 271528, score : -2984.987766685692, Time : 30.001 s
Timestep : 280287, score : -2966.2121908443805, Time : 29.969 s
Timestep : 289046, score : -3096.775098026221, Time : 29.842 s
Timestep : 297805, score : -3003.13721961547, Time : 28.469 s
Timestep : 306564, score : -3322.099435985394, Time : 29.995 s
Timestep : 315323, score : -3222.1105143114255, Time : 29.978 s
Timestep : 324082, score : -3250.1286451643828, Time : 29.999 s
Timestep : 332841, score : -3074.2080934763217, Time : 29.655 s
Timestep : 341600, score : -2930.5686150040347, Time : 29.981 s
Timestep : 350359, score : -2987.810984805532, Time : 30.014 s
Timestep : 359118, score : -2974.3161436800874, Time : 29.935 s
Timestep : 367877, score : -2940.1229983251105, Time : 29.957 s
Timestep : 376636, score : -3150.9204240432737, Time : 28.683 s
Timestep : 385395, score : -3355.2038602370594, Time : 30.005 s
Timestep : 394154, score : -3111.583591288494, Time : 29.388 s
Timestep : 402913, score : -2828.8455103823944, Time : 29.698 s
Timestep : 411672, score : -2940.060278206205, Time : 30.044 s
Timestep : 420431, score : -2881.5443853006727, Time : 30.038 s
Timestep : 429190, score : -2890.0416564676707, Time : 30.043 s
Timestep : 437949, score : -3101.4220199307456, Time : 30.087 s
Timestep : 446708, score : -3216.9752612121665, Time : 30.068 s
Timestep : 455467, score : -2735.5836790676985, Time : 29.951 s
Timestep : 464226, score : -2827.642739550356, Time : 30.034 s
Timestep : 472985, score : -2913.368220174627, Time : 30.006 s
Timestep : 481744, score : -3248.2059880279267, Time : 29.98 s
Timestep : 490503, score : -3116.400495668204, Time : 30.042 s
Timestep : 499262, score : -3008.48142560439, Time : 30.042 s
Timestep : 508021, score : -3285.796225226164, Time : 30.005 s
Timestep : 516780, score : -3059.2092946420016, Time : 29.986 s
Timestep : 525539, score : -3000.613669103157, Time : 29.632 s
Timestep : 534298, score : -2721.6718487131, Time : 29.93 s
Timestep : 543057, score : -3022.920124775759, Time : 29.992 s
Timestep : 551816, score : -3246.657483225834, Time : 29.776 s
Timestep : 560575, score : -2948.5670641323377, Time : 30.071 s
Timestep : 569334, score : -3361.129817412191, Time : 30.018 s
Timestep : 578093, score : -3040.5308624025492, Time : 29.976 s
Timestep : 586852, score : -3233.325736118859, Time : 29.668 s
Timestep : 595611, score : -3511.015854713536, Time : 29.935 s
Timestep : 604370, score : -2974.3755111965875, Time : 29.696 s
Timestep : 613129, score : -3199.424329019297, Time : 29.463 s
Timestep : 621888, score : -3071.3060753180907, Time : 30.035 s
Timestep : 630647, score : -2842.754328872572, Time : 29.954 s
Timestep : 639406, score : -3249.146281023539, Time : 30.017 s
Timestep : 648165, score : -3008.5746986201557, Time : 30.015 s
Timestep : 656924, score : -3095.1125329255883, Time : 29.315 s
Timestep : 665683, score : -3284.991895915824, Time : 29.785 s
Timestep : 674442, score : -3306.2061116847617, Time : 29.11 s
Timestep : 683201, score : -3239.406245968901, Time : 29.728 s
Timestep : 691960, score : -3312.1309086972906, Time : 28.168 s
Timestep : 700719, score : -3416.2195292847755, Time : 29.252 s
Timestep : 709478, score : -3205.0167361363565, Time : 29.317 s
Timestep : 718237, score : -2603.4672506263305, Time : 28.289 s
Timestep : 726996, score : -3098.3286750303378, Time : 28.703 s
Timestep : 735755, score : -3032.1108489719045, Time : 29.965 s
Timestep : 744514, score : -3256.8152557238645, Time : 30.093 s
Timestep : 753273, score : -3314.6758627084346, Time : 30.085 s
Timestep : 762032, score : -3271.7172241434746, Time : 30.073 s
Timestep : 770791, score : -3022.285550513974, Time : 30.138 s
Timestep : 779550, score : -3065.2906979294057, Time : 30.116 s
Timestep : 788309, score : -3161.2246377646516, Time : 30.101 s
Timestep : 797068, score : -3047.688641342829, Time : 29.468 s
Timestep : 805827, score : -3127.914434382372, Time : 30.124 s
Timestep : 814586, score : -3015.39658489413, Time : 30.11 s
Timestep : 823345, score : -3127.3042422535655, Time : 30.135 s
Timestep : 832104, score : -2957.6532538257597, Time : 30.103 s
Timestep : 840863, score : -3339.131395796736, Time : 30.114 s
Timestep : 849622, score : -3400.794985361237, Time : 30.11 s
Timestep : 858381, score : -3070.839021239226, Time : 29.843 s
Timestep : 867140, score : -3120.817443211359, Time : 30.107 s
Timestep : 875899, score : -3440.9479560337204, Time : 30.119 s
Starting local evaluation
Num Steps: 1000, Num episodes: 0
Num Steps: 2000, Num episodes: 0
Num Steps: 3000, Num episodes: 0
Num Steps: 4000, Num episodes: 0
Num Steps: 5000, Num episodes: 0
Num Steps: 6000, Num episodes: 0
Num Steps: 7000, Num episodes: 0
Num Steps: 8000, Num episodes: 0
Episode complete: 1 | Latest episode metrics: {'price_cost': 0.9357923442445878, 'emmision_cost': 1.0452675553034174}
[-0.2155926] -0.215592603636222
Average Price Cost: 0.9357923442445878
Average Emmision Cost: 1.0452675553034174
Average of both costs: 0.9905299497740025
Total time taken by agent: 2.5199544858187437s
DONE!
