{'agent': 'DQN', 'action_selection': 'egreedy', 'seed': 1, 'episodes': 100, 'data_path': 'data/citylearn_challenge_2022_phase_1', 'dry_run': False, 'n_discrete': 9, 'update_target': 32, 'lr': 3e-05, 'batch_size': 256, 'adam_epsilon': 0.0001, 'epsilon_final': 0.03, 'run_id': 346}
{'Notes': 'This is a tuning run, executed on a single building.',
 'action_selection': 'egreedy',
 'adam_epsilon': 0.0001,
 'env': '<NormalizeObservation<OneHotHour<DiscreteSingle<CityLearnEnv '
        'instance>>>>',
 'final_exploration_rate': 0.02,
 'final_exploration_step': 1000,
 'gamma': 0.99,
 'initial_exploration_rate': 1,
 'learning_rate': 3e-05,
 'loss': 'mse',
 'minibatch_size': 256,
 'network': 'MLP(\n'
            '  (layers): Sequential(\n'
            '    (0): Linear(in_features=29, out_features=128, bias=True)\n'
            '    (1): ReLU()\n'
            '    (2): Linear(in_features=128, out_features=128, bias=True)\n'
            '    (3): ReLU()\n'
            '    (4): Linear(in_features=128, out_features=9, bias=True)\n'
            '  )\n'
            ')',
 'replay_buffer_size': 10000,
 'replay_start_size': 256,
 'seed': 1,
 'train_steps': 876000,
 'update_frequency': 1,
 'update_target_frequency': 32,
 'weight_scale': 1.4142135623730951}
Timestep : 8758, score : -6046.247386406554, Time : 26.879 s
Timestep : 17517, score : -4719.936427969864, Time : 29.063 s
Timestep : 26276, score : -3790.449312044686, Time : 30.336 s
Timestep : 35035, score : -3168.06361642103, Time : 30.685 s
Timestep : 43794, score : -2137.646002764872, Time : 30.97 s
Timestep : 52553, score : -2171.87939697181, Time : 31.244 s
Timestep : 61312, score : -1913.0453352828335, Time : 30.604 s
Timestep : 70071, score : -1456.2646243872878, Time : 30.023 s
Timestep : 78830, score : -1616.3031847125676, Time : 30.294 s
Timestep : 87589, score : -1797.6387363815156, Time : 30.551 s
Timestep : 96348, score : -1833.5961685541843, Time : 29.818 s
Timestep : 105107, score : -1619.7068731027248, Time : 30.506 s
Timestep : 113866, score : -1420.1580936994433, Time : 29.553 s
Timestep : 122625, score : -1358.8809132578608, Time : 30.667 s
Timestep : 131384, score : -1226.5318124777696, Time : 30.501 s
Timestep : 140143, score : -1293.1174318185367, Time : 30.698 s
Timestep : 148902, score : -1210.2271473426663, Time : 30.838 s
Timestep : 157661, score : -1522.9697264734714, Time : 32.009 s
Timestep : 166420, score : -1441.291353375098, Time : 30.231 s
Timestep : 175179, score : -1459.3651020519028, Time : 30.43 s
Timestep : 183938, score : -1588.458847374568, Time : 29.741 s
Timestep : 192697, score : -1462.0366271767998, Time : 30.935 s
Timestep : 201456, score : -1592.9838010645763, Time : 29.756 s
Timestep : 210215, score : -1669.455215408263, Time : 29.783 s
Timestep : 218974, score : -1640.7898067569186, Time : 29.762 s
Timestep : 227733, score : -1409.9655981202086, Time : 29.784 s
Timestep : 236492, score : -1668.8681801208004, Time : 30.063 s
Timestep : 245251, score : -1656.7097279931768, Time : 31.24 s
Timestep : 254010, score : -2052.7879797599453, Time : 32.657 s
Timestep : 262769, score : -1435.712887538044, Time : 30.418 s
Timestep : 271528, score : -1917.4564401417738, Time : 31.067 s
Timestep : 280287, score : -1580.1125086408865, Time : 29.308 s
Timestep : 289046, score : -1781.7984980794135, Time : 29.264 s
Timestep : 297805, score : -1680.764640450041, Time : 29.288 s
Timestep : 306564, score : -1696.8024115321823, Time : 29.385 s
Timestep : 315323, score : -1807.4933610570079, Time : 30.997 s
Timestep : 324082, score : -1648.7461413778656, Time : 30.341 s
Timestep : 332841, score : -1580.5762119981518, Time : 30.613 s
Timestep : 341600, score : -1713.717157867417, Time : 32.784 s
Timestep : 350359, score : -1846.9109813565447, Time : 31.028 s
Timestep : 359118, score : -2007.0049409268322, Time : 30.84 s
Timestep : 367877, score : -2024.7582517832343, Time : 29.917 s
Timestep : 376636, score : -1796.958948967309, Time : 30.052 s
Timestep : 385395, score : -1995.6773894724029, Time : 30.549 s
Timestep : 394154, score : -1768.450086688128, Time : 30.161 s
Timestep : 402913, score : -1799.0188477961055, Time : 31.495 s
Timestep : 411672, score : -1920.9832447481167, Time : 30.58 s
Timestep : 420431, score : -1736.2032451865089, Time : 31.585 s
Timestep : 429190, score : -2144.920979982504, Time : 31.977 s
Timestep : 437949, score : -1957.5409335814475, Time : 31.108 s
Timestep : 446708, score : -2220.4896401218866, Time : 31.461 s
Timestep : 455467, score : -1887.3381006392883, Time : 31.461 s
Timestep : 464226, score : -1910.2313554756402, Time : 31.294 s
Timestep : 472985, score : -2025.185866113432, Time : 29.992 s
Timestep : 481744, score : -1989.8240240230516, Time : 30.24 s
Timestep : 490503, score : -2078.7546558211616, Time : 30.84 s
Timestep : 499262, score : -1949.8498088755587, Time : 31.088 s
Timestep : 508021, score : -2069.398231456551, Time : 32.475 s
Timestep : 516780, score : -2132.2860224344367, Time : 31.035 s
Timestep : 525539, score : -2162.640598738406, Time : 29.159 s
Timestep : 534298, score : -1985.510785415565, Time : 31.102 s
Timestep : 543057, score : -2341.9947218825982, Time : 32.867 s
Timestep : 551816, score : -2131.9463416793733, Time : 29.463 s
Timestep : 560575, score : -2173.9227235144645, Time : 29.121 s
Timestep : 569334, score : -1826.5043211744924, Time : 29.252 s
Timestep : 578093, score : -1985.8450793772936, Time : 29.22 s
Timestep : 586852, score : -2200.6252671911643, Time : 29.231 s
Timestep : 595611, score : -2038.422828183946, Time : 29.087 s
Timestep : 604370, score : -1804.773154274706, Time : 29.229 s
Timestep : 613129, score : -2077.8039711325255, Time : 29.208 s
Timestep : 621888, score : -2120.6896580484754, Time : 30.446 s
Timestep : 630647, score : -1966.1535638163623, Time : 31.977 s
Timestep : 639406, score : -2103.4589667612745, Time : 30.908 s
Timestep : 648165, score : -2104.304382959497, Time : 30.669 s
Timestep : 656924, score : -2156.159326436813, Time : 30.254 s
Timestep : 665683, score : -2069.060267051871, Time : 31.169 s
Timestep : 674442, score : -2049.206648990017, Time : 30.426 s
Timestep : 683201, score : -2138.1109691863967, Time : 30.133 s
Timestep : 691960, score : -2036.9424827894254, Time : 30.2 s
Timestep : 700719, score : -2115.9950210451207, Time : 30.405 s
Timestep : 709478, score : -2213.8902765934617, Time : 32.04 s
Timestep : 718237, score : -2065.9953872368787, Time : 31.255 s
Timestep : 726996, score : -1899.5729615320015, Time : 29.573 s
Timestep : 735755, score : -2239.1609301643475, Time : 31.139 s
Timestep : 744514, score : -2080.535566816907, Time : 28.992 s
Timestep : 753273, score : -1972.4254251909733, Time : 30.425 s
Timestep : 762032, score : -2094.5779641717963, Time : 30.519 s
Timestep : 770791, score : -2092.962754167478, Time : 31.166 s
Timestep : 779550, score : -1963.6814257952065, Time : 30.798 s
Timestep : 788309, score : -1971.7180608966737, Time : 31.429 s
Timestep : 797068, score : -2291.824983823346, Time : 31.854 s
Timestep : 805827, score : -2239.9657129429106, Time : 30.103 s
Timestep : 814586, score : -2216.6763388528125, Time : 29.064 s
Timestep : 823345, score : -2162.3137456388504, Time : 30.026 s
Timestep : 832104, score : -2161.4048692670403, Time : 29.951 s
Timestep : 840863, score : -2309.928271960496, Time : 30.231 s
Timestep : 849622, score : -2116.8991738198674, Time : 30.763 s
Timestep : 858381, score : -2100.7111066074576, Time : 30.982 s
Timestep : 867140, score : -1916.8851416344842, Time : 30.094 s
Timestep : 875899, score : -2123.3438428640657, Time : 31.213 s
Starting local evaluation
Num Steps: 1000, Num episodes: 0
Num Steps: 2000, Num episodes: 0
Num Steps: 3000, Num episodes: 0
Num Steps: 4000, Num episodes: 0
Num Steps: 5000, Num episodes: 0
Num Steps: 6000, Num episodes: 0
Num Steps: 7000, Num episodes: 0
Num Steps: 8000, Num episodes: 0
Episode complete: 1 | Latest episode metrics: {'price_cost': 0.8880229420488895, 'emmision_cost': 0.9614736824965252}
[-0.13558114] -0.13558114459703868
Average Price Cost: 0.8880229420488895
Average Emmision Cost: 0.9614736824965252
Average of both costs: 0.9247483122727074
Total time taken by agent: 2.6591899758204818s
DONE!
