{'agent': 'DQN', 'action_selection': 'egreedy', 'seed': 1, 'episodes': 100, 'data_path': 'data/citylearn_challenge_2022_phase_1', 'dry_run': False, 'n_discrete': 9, 'update_target': 16, 'lr': 0.0003, 'batch_size': 32, 'adam_epsilon': 0.0001, 'epsilon_final': 0.03, 'run_id': 301}
{'Notes': 'This is a tuning run, executed on a single building.',
 'action_selection': 'egreedy',
 'adam_epsilon': 0.0001,
 'env': '<NormalizeObservation<OneHotHour<DiscreteSingle<CityLearnEnv '
        'instance>>>>',
 'final_exploration_rate': 0.02,
 'final_exploration_step': 1000,
 'gamma': 0.99,
 'initial_exploration_rate': 1,
 'learning_rate': 0.0003,
 'loss': 'mse',
 'minibatch_size': 32,
 'network': 'MLP(\n'
            '  (layers): Sequential(\n'
            '    (0): Linear(in_features=29, out_features=128, bias=True)\n'
            '    (1): ReLU()\n'
            '    (2): Linear(in_features=128, out_features=128, bias=True)\n'
            '    (3): ReLU()\n'
            '    (4): Linear(in_features=128, out_features=9, bias=True)\n'
            '  )\n'
            ')',
 'replay_buffer_size': 10000,
 'replay_start_size': 32,
 'seed': 1,
 'train_steps': 876000,
 'update_frequency': 1,
 'update_target_frequency': 16,
 'weight_scale': 1.4142135623730951}
Timestep : 8758, score : -4645.242784088434, Time : 21.63 s
Timestep : 17517, score : -2909.0597794444766, Time : 21.846 s
Timestep : 26276, score : -2391.889506703854, Time : 21.814 s
Timestep : 35035, score : -2383.713575135247, Time : 22.069 s
Timestep : 43794, score : -2182.1125303802837, Time : 21.816 s
Timestep : 52553, score : -2185.8040888246687, Time : 21.823 s
Timestep : 61312, score : -1884.6767267692267, Time : 21.862 s
Timestep : 70071, score : -1879.2523340622947, Time : 21.859 s
Timestep : 78830, score : -1995.10617947008, Time : 21.88 s
Timestep : 87589, score : -1575.1272495601152, Time : 21.714 s
Timestep : 96348, score : -2084.867729631398, Time : 21.651 s
Timestep : 105107, score : -2096.5121500132664, Time : 21.862 s
Timestep : 113866, score : -1909.1825202977343, Time : 22.377 s
Timestep : 122625, score : -2096.470844784082, Time : 22.722 s
Timestep : 131384, score : -1809.1419489968393, Time : 22.449 s
Timestep : 140143, score : -1845.505859193553, Time : 22.457 s
Timestep : 148902, score : -1894.4533829781576, Time : 22.46 s
Timestep : 157661, score : -1854.0894950582006, Time : 22.464 s
Timestep : 166420, score : -1801.3038853078906, Time : 22.449 s
Timestep : 175179, score : -1556.5165130683017, Time : 22.463 s
Timestep : 183938, score : -1578.8818035339573, Time : 22.399 s
Timestep : 192697, score : -1720.010274907836, Time : 22.276 s
Timestep : 201456, score : -1512.4359033675428, Time : 22.423 s
Timestep : 210215, score : -1340.813798809686, Time : 22.417 s
Timestep : 218974, score : -1482.789750586293, Time : 22.615 s
Timestep : 227733, score : -1589.027429237758, Time : 22.312 s
Timestep : 236492, score : -1358.7652112620708, Time : 21.973 s
Timestep : 245251, score : -1917.5820119311393, Time : 21.863 s
Timestep : 254010, score : -1589.2501736292616, Time : 21.861 s
Timestep : 262769, score : -1784.028906559426, Time : 21.856 s
Timestep : 271528, score : -1670.9407724060875, Time : 21.848 s
Timestep : 280287, score : -1755.0777194847178, Time : 21.857 s
Timestep : 289046, score : -1641.645267893793, Time : 21.869 s
Timestep : 297805, score : -1663.3904380447057, Time : 21.867 s
Timestep : 306564, score : -1765.4306228563946, Time : 21.85 s
Timestep : 315323, score : -1904.1903631416644, Time : 21.847 s
Timestep : 324082, score : -1546.8265419932577, Time : 21.838 s
Timestep : 332841, score : -1665.9052156021644, Time : 22.162 s
Timestep : 341600, score : -1774.7369704975572, Time : 22.117 s
Timestep : 350359, score : -1585.705689649054, Time : 21.891 s
Timestep : 359118, score : -1607.2280575332989, Time : 22.437 s
Timestep : 367877, score : -1927.0375902307278, Time : 22.18 s
Timestep : 376636, score : -1953.6609289836197, Time : 21.782 s
Timestep : 385395, score : -1627.598958843184, Time : 21.768 s
Timestep : 394154, score : -1783.6107929306163, Time : 21.757 s
Timestep : 402913, score : -1623.8072829146695, Time : 21.768 s
Timestep : 411672, score : -1554.0837988721032, Time : 21.766 s
Timestep : 420431, score : -1810.5335698429553, Time : 21.662 s
Timestep : 429190, score : -1757.065925458708, Time : 21.653 s
Timestep : 437949, score : -1562.0423041798713, Time : 21.886 s
Timestep : 446708, score : -1712.3284710577282, Time : 22.051 s
Timestep : 455467, score : -1665.2805636676785, Time : 21.93 s
Timestep : 464226, score : -1902.3574091524642, Time : 21.792 s
Timestep : 472985, score : -1706.984348751983, Time : 21.79 s
Timestep : 481744, score : -1807.7530252011056, Time : 22.3 s
Timestep : 490503, score : -1854.9035292591725, Time : 22.432 s
Timestep : 499262, score : -1436.5077521584753, Time : 21.763 s
Timestep : 508021, score : -1602.2726093226229, Time : 21.784 s
Timestep : 516780, score : -1769.3642000428226, Time : 21.753 s
Timestep : 525539, score : -1852.640566706803, Time : 21.764 s
Timestep : 534298, score : -1603.4524635442358, Time : 21.773 s
Timestep : 543057, score : -1612.7450654029672, Time : 21.763 s
Timestep : 551816, score : -1484.987034765276, Time : 22.24 s
Timestep : 560575, score : -1525.7435987827193, Time : 22.739 s
Timestep : 569334, score : -1685.642768108548, Time : 22.309 s
Timestep : 578093, score : -1566.1534917413082, Time : 22.299 s
Timestep : 586852, score : -1605.3063584099582, Time : 22.351 s
Timestep : 595611, score : -1754.4392513828643, Time : 22.334 s
Timestep : 604370, score : -1680.8140527794894, Time : 22.287 s
Timestep : 613129, score : -1826.159922074905, Time : 22.11 s
Timestep : 621888, score : -1703.2260576940898, Time : 22.416 s
Timestep : 630647, score : -1836.8163220447314, Time : 22.29 s
Timestep : 639406, score : -1830.0448714776721, Time : 21.521 s
Timestep : 648165, score : -1920.6796163679392, Time : 21.538 s
Timestep : 656924, score : -2052.073298757852, Time : 21.447 s
Timestep : 665683, score : -1762.9912539967627, Time : 21.723 s
Timestep : 674442, score : -1853.5043064530764, Time : 21.703 s
Timestep : 683201, score : -2098.77227406521, Time : 22.453 s
Timestep : 691960, score : -1784.8759090027597, Time : 22.353 s
Timestep : 700719, score : -1824.254756020644, Time : 22.218 s
Timestep : 709478, score : -1902.2946013185137, Time : 22.236 s
Timestep : 718237, score : -1743.4294686318171, Time : 22.107 s
Timestep : 726996, score : -1504.3779317657754, Time : 22.268 s
Timestep : 735755, score : -1579.7823990506877, Time : 22.178 s
Timestep : 744514, score : -1904.2672198398795, Time : 21.502 s
Timestep : 753273, score : -1984.4207835198904, Time : 22.029 s
Timestep : 762032, score : -1733.7757776074868, Time : 22.38 s
Timestep : 770791, score : -1478.1087070552458, Time : 22.435 s
Timestep : 779550, score : -1696.5401508745563, Time : 22.4 s
Timestep : 788309, score : -1751.605678226595, Time : 22.316 s
Timestep : 797068, score : -1718.0516594307555, Time : 22.403 s
Timestep : 805827, score : -1828.5819705029426, Time : 22.833 s
Timestep : 814586, score : -2018.533966031886, Time : 22.409 s
Timestep : 823345, score : -1651.572050595918, Time : 22.454 s
Timestep : 832104, score : -1860.21257801287, Time : 22.443 s
Timestep : 840863, score : -1838.9369674346235, Time : 22.457 s
Timestep : 849622, score : -1618.832228233834, Time : 22.45 s
Timestep : 858381, score : -2106.739192905632, Time : 22.429 s
Timestep : 867140, score : -1510.1620236391027, Time : 22.455 s
Timestep : 875899, score : -1872.3463996912178, Time : 22.429 s
Starting local evaluation
Num Steps: 1000, Num episodes: 0
Num Steps: 2000, Num episodes: 0
Num Steps: 3000, Num episodes: 0
Num Steps: 4000, Num episodes: 0
Num Steps: 5000, Num episodes: 0
Num Steps: 6000, Num episodes: 0
Num Steps: 7000, Num episodes: 0
Num Steps: 8000, Num episodes: 0
Episode complete: 1 | Latest episode metrics: {'price_cost': 0.8618162333377287, 'emmision_cost': 0.9778397053667063}
[-0.1284318] -0.12843179599079466
Average Price Cost: 0.8618162333377287
Average Emmision Cost: 0.9778397053667063
Average of both costs: 0.9198279693522176
Total time taken by agent: 2.541939426548197s
DONE!
