{'agent': 'DQN', 'action_selection': 'softmax', 'seed': 1, 'episodes': 100, 'data_path': 'data/citylearn_challenge_2022_phase_1', 'dry_run': False, 'n_discrete': 9, 'update_target': 4, 'lr': 0.07, 'batch_size': 16, 'adam_epsilon': 0.0001, 'epsilon_final': 0.02, 'run_id': 160}
{'Notes': 'This is a tuning run, executed on a single building.',
 'action_selection': 'softmax',
 'adam_epsilon': 0.0001,
 'env': '<NormalizeObservation<OneHotHour<DiscreteSingle<CityLearnEnv '
        'instance>>>>',
 'final_exploration_rate': 0.02,
 'final_exploration_step': 1000,
 'gamma': 0.99,
 'initial_exploration_rate': 1,
 'learning_rate': 0.07,
 'loss': 'mse',
 'minibatch_size': 16,
 'network': 'MLP(\n'
            '  (layers): Sequential(\n'
            '    (0): Linear(in_features=29, out_features=128, bias=True)\n'
            '    (1): ReLU()\n'
            '    (2): Linear(in_features=128, out_features=128, bias=True)\n'
            '    (3): ReLU()\n'
            '    (4): Linear(in_features=128, out_features=9, bias=True)\n'
            '  )\n'
            ')',
 'replay_buffer_size': 10000,
 'replay_start_size': 16,
 'seed': 1,
 'train_steps': 876000,
 'update_frequency': 1,
 'update_target_frequency': 4,
 'weight_scale': 1.4142135623730951}
Timestep : 8758, score : -6228.47744907267, Time : 23.507 s
Timestep : 17517, score : -9462.03588622695, Time : 22.845 s
Timestep : 26276, score : -7429.466826731179, Time : 23.514 s
Timestep : 35035, score : -7269.719360101648, Time : 24.016 s
Timestep : 43794, score : -10241.391489216156, Time : 23.9 s
Timestep : 52553, score : -6981.306591719229, Time : 23.603 s
Timestep : 61312, score : -4570.799184991542, Time : 23.681 s
Timestep : 70071, score : -4030.212545355229, Time : 23.461 s
Timestep : 78830, score : -4499.205859119451, Time : 23.497 s
Timestep : 87589, score : -4030.212545355229, Time : 23.447 s
Timestep : 96348, score : -4036.900032525329, Time : 23.556 s
Timestep : 105107, score : -4030.212545355229, Time : 22.98 s
Timestep : 113866, score : -4030.212545355229, Time : 23.057 s
Timestep : 122625, score : -4030.212545355229, Time : 23.908 s
Timestep : 131384, score : -4030.212545355229, Time : 23.512 s
Timestep : 140143, score : -4030.212545355229, Time : 23.39 s
Timestep : 148902, score : -4030.212545355229, Time : 23.42 s
Timestep : 157661, score : -4030.212545355229, Time : 23.412 s
Timestep : 166420, score : -4030.212545355229, Time : 23.388 s
Timestep : 175179, score : -4030.212545355229, Time : 23.401 s
Timestep : 183938, score : -4030.212545355229, Time : 23.437 s
Timestep : 192697, score : -4030.212545355229, Time : 23.225 s
Timestep : 201456, score : -4030.212545355229, Time : 23.429 s
Timestep : 210215, score : -4030.212545355229, Time : 23.945 s
Timestep : 218974, score : -4030.212545355229, Time : 23.564 s
Timestep : 227733, score : -4030.212545355229, Time : 22.783 s
Timestep : 236492, score : -4030.212545355229, Time : 22.794 s
Timestep : 245251, score : -4030.212545355229, Time : 23.173 s
Timestep : 254010, score : -4030.212545355229, Time : 23.45 s
Timestep : 262769, score : -4030.212545355229, Time : 23.313 s
Timestep : 271528, score : -4030.212545355229, Time : 23.42 s
Timestep : 280287, score : -4030.212545355229, Time : 23.42 s
Timestep : 289046, score : -4030.212545355229, Time : 23.433 s
Timestep : 297805, score : -4030.212545355229, Time : 23.685 s
Timestep : 306564, score : -4030.212545355229, Time : 23.629 s
Timestep : 315323, score : -4030.212545355229, Time : 23.427 s
Timestep : 324082, score : -4030.212545355229, Time : 23.427 s
Timestep : 332841, score : -4030.212545355229, Time : 23.122 s
Timestep : 341600, score : -4030.212545355229, Time : 23.0 s
Timestep : 350359, score : -4030.212545355229, Time : 22.98 s
Timestep : 359118, score : -4030.212545355229, Time : 23.446 s
Timestep : 367877, score : -4030.212545355229, Time : 23.391 s
Timestep : 376636, score : -4030.212545355229, Time : 23.301 s
Timestep : 385395, score : -4030.212545355229, Time : 23.781 s
Timestep : 394154, score : -4030.212545355229, Time : 23.542 s
Timestep : 402913, score : -4030.212545355229, Time : 23.09 s
Timestep : 411672, score : -4030.212545355229, Time : 22.812 s
Timestep : 420431, score : -4030.212545355229, Time : 22.755 s
Timestep : 429190, score : -4030.212545355229, Time : 22.729 s
Timestep : 437949, score : -4030.212545355229, Time : 22.706 s
Timestep : 446708, score : -4030.212545355229, Time : 22.711 s
Timestep : 455467, score : -4030.212545355229, Time : 23.159 s
Timestep : 464226, score : -4030.212545355229, Time : 22.916 s
Timestep : 472985, score : -4030.212545355229, Time : 23.809 s
Timestep : 481744, score : -4030.212545355229, Time : 23.549 s
Timestep : 490503, score : -4030.212545355229, Time : 23.337 s
Timestep : 499262, score : -4030.212545355229, Time : 23.089 s
Timestep : 508021, score : -4030.212545355229, Time : 22.87 s
Timestep : 516780, score : -4030.212545355229, Time : 22.817 s
Timestep : 525539, score : -4030.212545355229, Time : 23.068 s
Timestep : 534298, score : -4030.212545355229, Time : 22.859 s
Timestep : 543057, score : -4030.212545355229, Time : 22.794 s
Timestep : 551816, score : -4030.212545355229, Time : 22.812 s
Timestep : 560575, score : -4030.212545355229, Time : 23.251 s
Timestep : 569334, score : -4030.212545355229, Time : 23.02 s
Timestep : 578093, score : -4030.212545355229, Time : 23.002 s
Timestep : 586852, score : -4030.212545355229, Time : 23.13 s
Timestep : 595611, score : -4030.212545355229, Time : 22.778 s
Timestep : 604370, score : -4030.212545355229, Time : 23.236 s
Timestep : 613129, score : -4030.212545355229, Time : 23.455 s
Timestep : 621888, score : -4030.212545355229, Time : 23.307 s
Timestep : 630647, score : -4030.212545355229, Time : 23.05 s
Timestep : 639406, score : -4030.212545355229, Time : 23.325 s
Timestep : 648165, score : -4030.212545355229, Time : 23.911 s
Timestep : 656924, score : -4030.212545355229, Time : 23.195 s
Timestep : 665683, score : -4030.212545355229, Time : 23.302 s
Timestep : 674442, score : -4030.212545355229, Time : 23.229 s
Timestep : 683201, score : -4030.212545355229, Time : 22.971 s
Timestep : 691960, score : -4030.212545355229, Time : 22.754 s
Timestep : 700719, score : -4030.212545355229, Time : 23.144 s
Timestep : 709478, score : -4030.212545355229, Time : 23.077 s
Timestep : 718237, score : -4030.212545355229, Time : 22.625 s
Timestep : 726996, score : -4030.212545355229, Time : 22.649 s
Timestep : 735755, score : -4030.212545355229, Time : 23.511 s
Timestep : 744514, score : -4030.212545355229, Time : 23.319 s
Timestep : 753273, score : -4030.212545355229, Time : 23.11 s
Timestep : 762032, score : -4030.212545355229, Time : 23.089 s
Timestep : 770791, score : -4030.212545355229, Time : 23.095 s
Timestep : 779550, score : -4030.212545355229, Time : 23.1 s
Timestep : 788309, score : -4030.212545355229, Time : 23.107 s
Timestep : 797068, score : -4030.212545355229, Time : 23.096 s
Timestep : 805827, score : -4030.212545355229, Time : 23.113 s
Timestep : 814586, score : -4030.212545355229, Time : 23.132 s
Timestep : 823345, score : -4030.212545355229, Time : 23.411 s
Timestep : 832104, score : -4030.212545355229, Time : 23.152 s
Timestep : 840863, score : -4030.212545355229, Time : 23.049 s
Timestep : 849622, score : -4030.212545355229, Time : 23.027 s
Timestep : 858381, score : -4030.212545355229, Time : 23.048 s
Timestep : 867140, score : -4030.212545355229, Time : 22.998 s
Timestep : 875899, score : -4030.212545355229, Time : 23.109 s
Starting local evaluation
Num Steps: 1000, Num episodes: 0
Num Steps: 2000, Num episodes: 0
Num Steps: 3000, Num episodes: 0
Num Steps: 4000, Num episodes: 0
Num Steps: 5000, Num episodes: 0
Num Steps: 6000, Num episodes: 0
Num Steps: 7000, Num episodes: 0
Num Steps: 8000, Num episodes: 0
Episode complete: 1 | Latest episode metrics: {'price_cost': 1.0004484789324626, 'emmision_cost': 1.0006517612765606}
[-0.23073287] -0.230732868402411
Average Price Cost: 1.0004484789324626
Average Emmision Cost: 1.0006517612765606
Average of both costs: 1.0005501201045117
Total time taken by agent: 3.6874155192344915s
DONE!
