{'agent': 'DQN', 'action_selection': 'egreedy', 'seed': 1, 'episodes': 100, 'data_path': 'data/citylearn_challenge_2022_phase_1', 'dry_run': False, 'n_discrete': 9, 'update_target': 16, 'lr': 0.01, 'batch_size': 64, 'adam_epsilon': 0.001, 'epsilon_final': 0.1, 'run_id': 302}
{'Notes': 'This is a tuning run, executed on a single building.',
 'action_selection': 'egreedy',
 'adam_epsilon': 0.001,
 'env': '<NormalizeObservation<OneHotHour<DiscreteSingle<CityLearnEnv '
        'instance>>>>',
 'final_exploration_rate': 0.02,
 'final_exploration_step': 1000,
 'gamma': 0.99,
 'initial_exploration_rate': 1,
 'learning_rate': 0.01,
 'loss': 'mse',
 'minibatch_size': 64,
 'network': 'MLP(\n'
            '  (layers): Sequential(\n'
            '    (0): Linear(in_features=29, out_features=128, bias=True)\n'
            '    (1): ReLU()\n'
            '    (2): Linear(in_features=128, out_features=128, bias=True)\n'
            '    (3): ReLU()\n'
            '    (4): Linear(in_features=128, out_features=9, bias=True)\n'
            '  )\n'
            ')',
 'replay_buffer_size': 10000,
 'replay_start_size': 64,
 'seed': 1,
 'train_steps': 876000,
 'update_frequency': 1,
 'update_target_frequency': 16,
 'weight_scale': 1.4142135623730951}
Timestep : 8758, score : -8671.507185849434, Time : 21.781 s
Timestep : 17517, score : -11605.564001573905, Time : 22.15 s
Timestep : 26276, score : -9853.917355914426, Time : 22.657 s
Timestep : 35035, score : -11509.700681225819, Time : 22.713 s
Timestep : 43794, score : -10131.94311496034, Time : 22.733 s
Timestep : 52553, score : -12190.9198936787, Time : 22.706 s
Timestep : 61312, score : -12555.076388472226, Time : 22.807 s
Timestep : 70071, score : -11208.628715553721, Time : 22.714 s
Timestep : 78830, score : -11507.676578328945, Time : 22.709 s
Timestep : 87589, score : -12073.226948613257, Time : 22.716 s
Timestep : 96348, score : -11715.726891108388, Time : 22.67 s
Timestep : 105107, score : -12440.154708269052, Time : 22.722 s
Timestep : 113866, score : -11844.833013545722, Time : 22.877 s
Timestep : 122625, score : -12219.700891065251, Time : 22.587 s
Timestep : 131384, score : -12473.029330038931, Time : 22.717 s
Timestep : 140143, score : -11669.085121234064, Time : 22.749 s
Timestep : 148902, score : -11811.37740200333, Time : 22.777 s
Timestep : 157661, score : -11912.366183936436, Time : 23.016 s
Timestep : 166420, score : -11814.308695166197, Time : 22.315 s
Timestep : 175179, score : -11791.49782792329, Time : 22.577 s
Timestep : 183938, score : -11800.453520335286, Time : 22.249 s
Timestep : 192697, score : -11051.699777946225, Time : 21.932 s
Timestep : 201456, score : -10843.850331653142, Time : 21.923 s
Timestep : 210215, score : -10692.383451243935, Time : 21.934 s
Timestep : 218974, score : -10309.469260218932, Time : 21.946 s
Timestep : 227733, score : -9417.847932536111, Time : 21.935 s
Timestep : 236492, score : -8643.497081589492, Time : 21.92 s
Timestep : 245251, score : -7786.696023486118, Time : 21.905 s
Timestep : 254010, score : -7299.642982380959, Time : 21.944 s
Timestep : 262769, score : -7048.698923821241, Time : 21.915 s
Timestep : 271528, score : -6793.407030219823, Time : 21.923 s
Timestep : 280287, score : -6484.366806093516, Time : 21.946 s
Timestep : 289046, score : -7107.563322465605, Time : 21.931 s
Timestep : 297805, score : -7219.259487893112, Time : 21.924 s
Timestep : 306564, score : -6716.160092636856, Time : 21.939 s
Timestep : 315323, score : -7079.964390639594, Time : 21.936 s
Timestep : 324082, score : -6848.993446686101, Time : 21.946 s
Timestep : 332841, score : -6701.080288246187, Time : 21.944 s
Timestep : 341600, score : -6173.851103716443, Time : 21.956 s
Timestep : 350359, score : -6038.796706978494, Time : 21.954 s
Timestep : 359118, score : -6016.736545335414, Time : 21.954 s
Timestep : 367877, score : -5895.588439803483, Time : 21.938 s
Timestep : 376636, score : -6088.95036840011, Time : 21.941 s
Timestep : 385395, score : -5581.227868277958, Time : 21.946 s
Timestep : 394154, score : -6102.100744722789, Time : 21.944 s
Timestep : 402913, score : -5824.301439255272, Time : 21.946 s
Timestep : 411672, score : -6035.833337488963, Time : 21.954 s
Timestep : 420431, score : -6090.019543290051, Time : 21.957 s
Timestep : 429190, score : -5987.431393823965, Time : 21.943 s
Timestep : 437949, score : -5713.5270638304355, Time : 21.959 s
Timestep : 446708, score : -6103.406078146218, Time : 21.962 s
Timestep : 455467, score : -5947.011163990508, Time : 21.955 s
Timestep : 464226, score : -6494.969049718144, Time : 21.938 s
Timestep : 472985, score : -5749.296006503428, Time : 21.96 s
Timestep : 481744, score : -5838.319004925477, Time : 21.951 s
Timestep : 490503, score : -5716.625487503785, Time : 21.957 s
Timestep : 499262, score : -5996.010501799668, Time : 21.936 s
Timestep : 508021, score : -5990.1055345225905, Time : 21.964 s
Timestep : 516780, score : -5724.750192283682, Time : 21.943 s
Timestep : 525539, score : -5688.904232169996, Time : 21.936 s
Timestep : 534298, score : -5734.177977457672, Time : 21.93 s
Timestep : 543057, score : -6185.365902274178, Time : 22.006 s
Timestep : 551816, score : -5945.162009088817, Time : 22.032 s
Timestep : 560575, score : -6211.164641386073, Time : 21.953 s
Timestep : 569334, score : -6353.260853236221, Time : 21.946 s
Timestep : 578093, score : -5952.512400754524, Time : 21.983 s
Timestep : 586852, score : -6438.938836157118, Time : 21.976 s
Timestep : 595611, score : -6456.075842065111, Time : 21.975 s
Timestep : 604370, score : -5850.585879535021, Time : 21.953 s
Timestep : 613129, score : -6012.392896235251, Time : 21.969 s
Timestep : 621888, score : -5965.607888282655, Time : 21.942 s
Timestep : 630647, score : -6212.503615295311, Time : 21.931 s
Timestep : 639406, score : -5778.865960668918, Time : 21.948 s
Timestep : 648165, score : -5661.030855585268, Time : 21.939 s
Timestep : 656924, score : -5763.797546324116, Time : 21.978 s
Timestep : 665683, score : -6103.423548248276, Time : 21.941 s
Timestep : 674442, score : -5811.50788356681, Time : 21.931 s
Timestep : 683201, score : -5957.931162973779, Time : 21.943 s
Timestep : 691960, score : -5967.450798337028, Time : 21.947 s
Timestep : 700719, score : -5814.867927330924, Time : 22.069 s
Timestep : 709478, score : -5743.856279692525, Time : 21.962 s
Timestep : 718237, score : -5930.426851059106, Time : 21.946 s
Timestep : 726996, score : -5933.123695009534, Time : 22.012 s
Timestep : 735755, score : -6101.88794985952, Time : 21.992 s
Timestep : 744514, score : -6033.440920302091, Time : 22.002 s
Timestep : 753273, score : -5913.796168603309, Time : 22.03 s
Timestep : 762032, score : -5844.02150437911, Time : 22.019 s
Timestep : 770791, score : -6106.716369238173, Time : 22.0 s
Timestep : 779550, score : -5894.395196216443, Time : 21.969 s
Timestep : 788309, score : -5684.593473240762, Time : 22.14 s
Timestep : 797068, score : -5903.839810789941, Time : 22.069 s
Timestep : 805827, score : -5868.456715199078, Time : 21.981 s
Timestep : 814586, score : -5929.756499666983, Time : 22.075 s
Timestep : 823345, score : -6280.996159461283, Time : 22.123 s
Timestep : 832104, score : -5919.95277691682, Time : 22.001 s
Timestep : 840863, score : -6469.232543955935, Time : 22.113 s
Timestep : 849622, score : -5964.614396037912, Time : 22.429 s
Timestep : 858381, score : -6143.3159080201585, Time : 21.988 s
Timestep : 867140, score : -6061.9469478963, Time : 22.001 s
Timestep : 875899, score : -5630.351475582371, Time : 22.023 s
Starting local evaluation
Num Steps: 1000, Num episodes: 0
Num Steps: 2000, Num episodes: 0
Num Steps: 3000, Num episodes: 0
Num Steps: 4000, Num episodes: 0
Num Steps: 5000, Num episodes: 0
Num Steps: 6000, Num episodes: 0
Num Steps: 7000, Num episodes: 0
Num Steps: 8000, Num episodes: 0
Episode complete: 1 | Latest episode metrics: {'price_cost': 1.0097558805049247, 'emmision_cost': 1.0105551043022263}
[-0.24253607] -0.24253606980083403
Average Price Cost: 1.0097558805049247
Average Emmision Cost: 1.0105551043022263
Average of both costs: 1.0101554924035754
Total time taken by agent: 2.5395413800142705s
DONE!
