{'agent': 'DQN', 'action_selection': 'softmax', 'seed': 1, 'episodes': 100, 'data_path': 'data/citylearn_challenge_2022_phase_1', 'dry_run': False, 'n_discrete': 9, 'update_target': 4, 'lr': 3e-05, 'batch_size': 16, 'adam_epsilon': 1e-05, 'epsilon_final': 0.02, 'run_id': 35}
{'Notes': 'This is a tuning run, executed on a single building.',
 'action_selection': 'softmax',
 'adam_epsilon': 1e-05,
 'env': '<NormalizeObservation<OneHotHour<DiscreteSingle<CityLearnEnv '
        'instance>>>>',
 'final_exploration_rate': 0.02,
 'final_exploration_step': 1000,
 'gamma': 0.99,
 'initial_exploration_rate': 1,
 'learning_rate': 3e-05,
 'loss': 'mse',
 'minibatch_size': 16,
 'network': 'MLP(\n'
            '  (layers): Sequential(\n'
            '    (0): Linear(in_features=29, out_features=128, bias=True)\n'
            '    (1): ReLU()\n'
            '    (2): Linear(in_features=128, out_features=128, bias=True)\n'
            '    (3): ReLU()\n'
            '    (4): Linear(in_features=128, out_features=9, bias=True)\n'
            '  )\n'
            ')',
 'replay_buffer_size': 10000,
 'replay_start_size': 16,
 'seed': 1,
 'train_steps': 876000,
 'update_frequency': 1,
 'update_target_frequency': 4,
 'weight_scale': 1.4142135623730951}
Timestep : 8758, score : -5618.750677926437, Time : 21.017 s
Timestep : 17517, score : -4470.738337921823, Time : 20.87 s
Timestep : 26276, score : -5077.582757516211, Time : 20.917 s
Timestep : 35035, score : -4384.388245690061, Time : 21.477 s
Timestep : 43794, score : -4251.585966491519, Time : 21.095 s
Timestep : 52553, score : -4292.091064741282, Time : 22.469 s
Timestep : 61312, score : -4178.140610245595, Time : 20.888 s
Timestep : 70071, score : -4157.32485955712, Time : 20.872 s
Timestep : 78830, score : -4187.174643597056, Time : 23.001 s
Timestep : 87589, score : -4250.48728777848, Time : 21.614 s
Timestep : 96348, score : -4364.728865592071, Time : 21.389 s
Timestep : 105107, score : -4488.383484858816, Time : 21.017 s
Timestep : 113866, score : -4459.695906298657, Time : 21.441 s
Timestep : 122625, score : -4531.503625982004, Time : 21.33 s
Timestep : 131384, score : -4305.868884165378, Time : 20.994 s
Timestep : 140143, score : -4385.068463761738, Time : 20.941 s
Timestep : 148902, score : -4528.072190906998, Time : 20.972 s
Timestep : 157661, score : -4311.367212100216, Time : 21.172 s
Timestep : 166420, score : -4369.4365792537865, Time : 20.958 s
Timestep : 175179, score : -4441.417369974966, Time : 21.026 s
Timestep : 183938, score : -3880.314751075377, Time : 21.63 s
Timestep : 192697, score : -3101.4963606273814, Time : 21.217 s
Timestep : 201456, score : -3242.661282994115, Time : 21.266 s
Timestep : 210215, score : -3422.3323968103214, Time : 21.449 s
Timestep : 218974, score : -3037.226560260344, Time : 21.707 s
Timestep : 227733, score : -2761.207029301164, Time : 20.989 s
Timestep : 236492, score : -3534.890555863305, Time : 21.439 s
Timestep : 245251, score : -3682.078686666471, Time : 21.05 s
Timestep : 254010, score : -3667.719382028474, Time : 21.289 s
Timestep : 262769, score : -3323.6890276078193, Time : 22.05 s
Timestep : 271528, score : -2497.8032053955067, Time : 21.265 s
Timestep : 280287, score : -2836.02640437198, Time : 21.784 s
Timestep : 289046, score : -3292.99227551886, Time : 21.25 s
Timestep : 297805, score : -3145.1052166236623, Time : 21.305 s
Timestep : 306564, score : -2935.2526719095476, Time : 21.085 s
Timestep : 315323, score : -2537.6186370876676, Time : 22.943 s
Timestep : 324082, score : -2623.8876146535913, Time : 21.095 s
Timestep : 332841, score : -2686.3191752150015, Time : 21.057 s
Timestep : 341600, score : -2370.970905060676, Time : 21.008 s
Timestep : 350359, score : -2558.715872815257, Time : 21.028 s
Timestep : 359118, score : -2359.056467587041, Time : 21.039 s
Timestep : 367877, score : -2023.6943130456493, Time : 21.037 s
Timestep : 376636, score : -2548.068880954903, Time : 21.987 s
Timestep : 385395, score : -2684.8731633796415, Time : 22.603 s
Timestep : 394154, score : -2349.6478646626056, Time : 21.334 s
Timestep : 402913, score : -2636.514047501172, Time : 21.109 s
Timestep : 411672, score : -2911.430339742714, Time : 21.039 s
Timestep : 420431, score : -2270.6554492608702, Time : 21.09 s
Timestep : 429190, score : -2100.1270621090953, Time : 21.12 s
Timestep : 437949, score : -1967.8842713157355, Time : 21.009 s
Timestep : 446708, score : -2449.2134708923113, Time : 21.084 s
Timestep : 455467, score : -2569.565518501244, Time : 23.976 s
Timestep : 464226, score : -2294.8171790514316, Time : 23.293 s
Timestep : 472985, score : -2593.970348498755, Time : 21.645 s
Timestep : 481744, score : -2284.304303476849, Time : 21.593 s
Timestep : 490503, score : -2093.0427946711716, Time : 21.058 s
Timestep : 499262, score : -1878.0249855957518, Time : 21.22 s
Timestep : 508021, score : -2365.856593170465, Time : 21.666 s
Timestep : 516780, score : -2257.598024838284, Time : 22.899 s
Timestep : 525539, score : -2287.3842284177954, Time : 21.013 s
Timestep : 534298, score : -2420.250713990681, Time : 21.025 s
Timestep : 543057, score : -2701.7515779640817, Time : 21.002 s
Timestep : 551816, score : -2447.2147691899736, Time : 21.144 s
Timestep : 560575, score : -2288.954034802766, Time : 21.369 s
Timestep : 569334, score : -2347.023165520135, Time : 21.138 s
Timestep : 578093, score : -2400.1135920741654, Time : 21.016 s
Timestep : 586852, score : -2120.3025598947715, Time : 21.062 s
Timestep : 595611, score : -2179.3215801444894, Time : 21.107 s
Timestep : 604370, score : -2863.4225483554474, Time : 21.016 s
Timestep : 613129, score : -2849.344198680861, Time : 20.97 s
Timestep : 621888, score : -2662.523645722278, Time : 20.998 s
Timestep : 630647, score : -2439.7596887278196, Time : 21.181 s
Timestep : 639406, score : -2242.4204105384706, Time : 21.314 s
Timestep : 648165, score : -2510.488088830636, Time : 21.427 s
Timestep : 656924, score : -2364.508749364497, Time : 21.245 s
Timestep : 665683, score : -2480.537616469228, Time : 21.243 s
Timestep : 674442, score : -2325.66609749457, Time : 21.088 s
Timestep : 683201, score : -2465.0274107192236, Time : 21.104 s
Timestep : 691960, score : -2193.583952150919, Time : 21.169 s
Timestep : 700719, score : -2155.7626325141464, Time : 21.166 s
Timestep : 709478, score : -2464.5934304870025, Time : 21.135 s
Timestep : 718237, score : -2537.605596964044, Time : 21.186 s
Timestep : 726996, score : -2347.0702533489384, Time : 21.025 s
Timestep : 735755, score : -2275.7353236637136, Time : 21.154 s
Timestep : 744514, score : -2305.5502119374287, Time : 23.134 s
Timestep : 753273, score : -2361.1610326304362, Time : 21.969 s
Timestep : 762032, score : -2496.941017120058, Time : 22.701 s
Timestep : 770791, score : -2631.6236618465337, Time : 20.965 s
Timestep : 779550, score : -2487.8196206025605, Time : 20.967 s
Timestep : 788309, score : -2580.122391416953, Time : 21.006 s
Timestep : 797068, score : -2365.7119276476587, Time : 21.282 s
Timestep : 805827, score : -2598.5727996776404, Time : 21.007 s
Timestep : 814586, score : -2301.9616824027908, Time : 20.986 s
Timestep : 823345, score : -2458.78973459758, Time : 21.184 s
Timestep : 832104, score : -2363.53567725062, Time : 21.386 s
Timestep : 840863, score : -2623.4504857433785, Time : 21.175 s
Timestep : 849622, score : -2027.9345942626533, Time : 20.966 s
Timestep : 858381, score : -2044.1656640160654, Time : 21.089 s
Timestep : 867140, score : -2744.481438436924, Time : 21.031 s
Timestep : 875899, score : -2474.3319554996706, Time : 21.15 s
Starting local evaluation
Num Steps: 1000, Num episodes: 0
Num Steps: 2000, Num episodes: 0
Num Steps: 3000, Num episodes: 0
Num Steps: 4000, Num episodes: 0
Num Steps: 5000, Num episodes: 0
Num Steps: 6000, Num episodes: 0
Num Steps: 7000, Num episodes: 0
Num Steps: 8000, Num episodes: 0
Episode complete: 1 | Latest episode metrics: {'price_cost': 0.9005312474646568, 'emmision_cost': 0.9432033814972569}
[-0.13282822] -0.13282821504976708
Average Price Cost: 0.9005312474646568
Average Emmision Cost: 0.9432033814972569
Average of both costs: 0.9218673144809568
Total time taken by agent: 3.3034396609291434s
DONE!
