{'agent': 'DQN', 'action_selection': 'egreedy', 'seed': 1, 'episodes': 100, 'data_path': 'data/citylearn_challenge_2022_phase_1', 'dry_run': False, 'n_discrete': 9, 'update_target': 16, 'lr': 0.07, 'batch_size': 256, 'adam_epsilon': 1e-09, 'epsilon_final': 0.06, 'run_id': 341}
{'Notes': 'This is a tuning run, executed on a single building.',
 'action_selection': 'egreedy',
 'adam_epsilon': 1e-09,
 'env': '<NormalizeObservation<OneHotHour<DiscreteSingle<CityLearnEnv '
        'instance>>>>',
 'final_exploration_rate': 0.02,
 'final_exploration_step': 1000,
 'gamma': 0.99,
 'initial_exploration_rate': 1,
 'learning_rate': 0.07,
 'loss': 'mse',
 'minibatch_size': 256,
 'network': 'MLP(\n'
            '  (layers): Sequential(\n'
            '    (0): Linear(in_features=29, out_features=128, bias=True)\n'
            '    (1): ReLU()\n'
            '    (2): Linear(in_features=128, out_features=128, bias=True)\n'
            '    (3): ReLU()\n'
            '    (4): Linear(in_features=128, out_features=9, bias=True)\n'
            '  )\n'
            ')',
 'replay_buffer_size': 10000,
 'replay_start_size': 256,
 'seed': 1,
 'train_steps': 876000,
 'update_frequency': 1,
 'update_target_frequency': 16,
 'weight_scale': 1.4142135623730951}
Timestep : 8758, score : -5655.998994256719, Time : 24.988 s
Timestep : 17517, score : -4496.049239912449, Time : 26.965 s
Timestep : 26276, score : -4736.17787014824, Time : 27.065 s
Timestep : 35035, score : -4443.146293697326, Time : 27.195 s
Timestep : 43794, score : -4428.470331862016, Time : 27.139 s
Timestep : 52553, score : -4455.406140414445, Time : 26.865 s
Timestep : 61312, score : -4515.423053590028, Time : 27.595 s
Timestep : 70071, score : -4559.595379752485, Time : 27.5 s
Timestep : 78830, score : -4471.2027270196995, Time : 27.208 s
Timestep : 87589, score : -4577.4140645911975, Time : 26.518 s
Timestep : 96348, score : -4486.756925278722, Time : 26.883 s
Timestep : 105107, score : -4436.116431437462, Time : 26.895 s
Timestep : 113866, score : -4531.1330464136845, Time : 26.893 s
Timestep : 122625, score : -4449.370622014074, Time : 26.718 s
Timestep : 131384, score : -4479.081872071634, Time : 26.675 s
Timestep : 140143, score : -4543.7972424807085, Time : 27.624 s
Timestep : 148902, score : -4549.510417295183, Time : 27.627 s
Timestep : 157661, score : -4495.017717420385, Time : 26.957 s
Timestep : 166420, score : -4465.59835585524, Time : 26.828 s
Timestep : 175179, score : -4322.327514770819, Time : 26.475 s
Timestep : 183938, score : -4530.588403635149, Time : 26.722 s
Timestep : 192697, score : -4369.43242584102, Time : 26.694 s
Timestep : 201456, score : -4566.715664524032, Time : 26.533 s
Timestep : 210215, score : -4416.497335342137, Time : 25.775 s
Timestep : 218974, score : -4478.699092177121, Time : 26.992 s
Timestep : 227733, score : -4314.905354730348, Time : 27.495 s
Timestep : 236492, score : -4477.4707102397515, Time : 26.869 s
Timestep : 245251, score : -4444.54194870629, Time : 27.482 s
Timestep : 254010, score : -4541.210776187858, Time : 26.879 s
Timestep : 262769, score : -4475.162368788762, Time : 26.985 s
Timestep : 271528, score : -4433.070203513751, Time : 26.946 s
Timestep : 280287, score : -4441.259542684449, Time : 26.766 s
Timestep : 289046, score : -4496.090859658463, Time : 25.851 s
Timestep : 297805, score : -4560.584465468448, Time : 26.508 s
Timestep : 306564, score : -4405.445754026441, Time : 27.93 s
Timestep : 315323, score : -4554.806428995362, Time : 26.647 s
Timestep : 324082, score : -4544.770217829762, Time : 26.587 s
Timestep : 332841, score : -4541.852410731284, Time : 26.432 s
Timestep : 341600, score : -4490.67168778312, Time : 26.419 s
Timestep : 350359, score : -4505.4597573796345, Time : 26.646 s
Timestep : 359118, score : -4484.237416411197, Time : 26.303 s
Timestep : 367877, score : -4537.215037536254, Time : 26.564 s
Timestep : 376636, score : -4533.638720208226, Time : 26.808 s
Timestep : 385395, score : -4778.560490697069, Time : 27.085 s
Timestep : 394154, score : -4476.410402815352, Time : 27.166 s
Timestep : 402913, score : -4356.181561389385, Time : 26.692 s
Timestep : 411672, score : -4627.9668228341325, Time : 27.006 s
Timestep : 420431, score : -4667.604438169306, Time : 27.036 s
Timestep : 429190, score : -4595.854211013211, Time : 26.54 s
Timestep : 437949, score : -4481.708236511244, Time : 26.95 s
Timestep : 446708, score : -4524.849793690635, Time : 26.447 s
Timestep : 455467, score : -4467.557649430266, Time : 25.881 s
Timestep : 464226, score : -4627.344144469505, Time : 27.127 s
Timestep : 472985, score : -4597.735579508269, Time : 27.436 s
Timestep : 481744, score : -4480.295961232303, Time : 26.901 s
Timestep : 490503, score : -4564.287739488675, Time : 26.694 s
Timestep : 499262, score : -4493.181821634906, Time : 26.503 s
Timestep : 508021, score : -4547.579728471843, Time : 26.43 s
Timestep : 516780, score : -4430.943824119313, Time : 26.776 s
Timestep : 525539, score : -4595.593022303103, Time : 26.677 s
Timestep : 534298, score : -4422.016156140162, Time : 27.503 s
Timestep : 543057, score : -4449.043092341541, Time : 27.696 s
Timestep : 551816, score : -4561.65294058845, Time : 27.383 s
Timestep : 560575, score : -4506.063925146504, Time : 26.463 s
Timestep : 569334, score : -4509.219942615746, Time : 26.497 s
Timestep : 578093, score : -4509.034983224614, Time : 26.542 s
Timestep : 586852, score : -4629.232873084868, Time : 26.407 s
Timestep : 595611, score : -4636.386419349728, Time : 27.037 s
Timestep : 604370, score : -4578.730724848836, Time : 27.165 s
Timestep : 613129, score : -4598.451945628418, Time : 26.635 s
Timestep : 621888, score : -4401.549916458345, Time : 27.091 s
Timestep : 630647, score : -4519.476059181063, Time : 27.298 s
Timestep : 639406, score : -4554.379703549115, Time : 26.436 s
Timestep : 648165, score : -4484.177559917705, Time : 26.235 s
Timestep : 656924, score : -4611.566470329097, Time : 26.337 s
Timestep : 665683, score : -4691.962937058954, Time : 26.099 s
Timestep : 674442, score : -4544.843116109638, Time : 26.641 s
Timestep : 683201, score : -4523.715903308621, Time : 26.489 s
Timestep : 691960, score : -4636.3539825681655, Time : 26.546 s
Timestep : 700719, score : -4691.785748404829, Time : 26.714 s
Timestep : 709478, score : -4414.5632652467175, Time : 27.377 s
Timestep : 718237, score : -4402.135150712827, Time : 27.17 s
Timestep : 726996, score : -4648.065458194731, Time : 26.76 s
Timestep : 735755, score : -4578.397877438838, Time : 26.791 s
Timestep : 744514, score : -4542.916771009011, Time : 26.821 s
Timestep : 753273, score : -4595.562982733274, Time : 26.664 s
Timestep : 762032, score : -4482.022231557668, Time : 26.778 s
Timestep : 770791, score : -4336.7548819644435, Time : 26.962 s
Timestep : 779550, score : -4508.657231870486, Time : 26.728 s
Timestep : 788309, score : -4403.600411693944, Time : 27.183 s
Timestep : 797068, score : -4362.702487827657, Time : 27.235 s
Timestep : 805827, score : -4494.158423451154, Time : 26.745 s
Timestep : 814586, score : -4554.683404581068, Time : 26.764 s
Timestep : 823345, score : -4510.742427354708, Time : 27.247 s
Timestep : 832104, score : -4432.72273594272, Time : 27.106 s
Timestep : 840863, score : -4588.464467293961, Time : 26.955 s
Timestep : 849622, score : -4587.817627217533, Time : 27.116 s
Timestep : 858381, score : -4559.2311230780615, Time : 27.012 s
Timestep : 867140, score : -4445.860886820039, Time : 27.781 s
Timestep : 875899, score : -4602.649003581522, Time : 26.822 s
Starting local evaluation
Num Steps: 1000, Num episodes: 0
Num Steps: 2000, Num episodes: 0
Num Steps: 3000, Num episodes: 0
Num Steps: 4000, Num episodes: 0
Num Steps: 5000, Num episodes: 0
Num Steps: 6000, Num episodes: 0
Num Steps: 7000, Num episodes: 0
Num Steps: 8000, Num episodes: 0
Episode complete: 1 | Latest episode metrics: {'price_cost': 1.0199150382783275, 'emmision_cost': 1.0221763574084013}
[-0.25589786] -0.2558978566012462
Average Price Cost: 1.0199150382783275
Average Emmision Cost: 1.0221763574084013
Average of both costs: 1.0210456978433644
Total time taken by agent: 2.251035947818309s
DONE!
