{'agent': 'DQN', 'action_selection': 'egreedy', 'seed': 1, 'episodes': 100, 'data_path': 'data/citylearn_challenge_2022_phase_1', 'dry_run': False, 'n_discrete': 9, 'update_target': 8, 'lr': 0.03, 'batch_size': 2, 'adam_epsilon': 1e-09, 'epsilon_final': 0.04, 'run_id': 244}
{'Notes': 'This is a tuning run, executed on a single building.',
 'action_selection': 'egreedy',
 'adam_epsilon': 1e-09,
 'env': '<NormalizeObservation<OneHotHour<DiscreteSingle<CityLearnEnv '
        'instance>>>>',
 'final_exploration_rate': 0.02,
 'final_exploration_step': 1000,
 'gamma': 0.99,
 'initial_exploration_rate': 1,
 'learning_rate': 0.03,
 'loss': 'mse',
 'minibatch_size': 2,
 'network': 'MLP(\n'
            '  (layers): Sequential(\n'
            '    (0): Linear(in_features=29, out_features=128, bias=True)\n'
            '    (1): ReLU()\n'
            '    (2): Linear(in_features=128, out_features=128, bias=True)\n'
            '    (3): ReLU()\n'
            '    (4): Linear(in_features=128, out_features=9, bias=True)\n'
            '  )\n'
            ')',
 'replay_buffer_size': 10000,
 'replay_start_size': 2,
 'seed': 1,
 'train_steps': 876000,
 'update_frequency': 1,
 'update_target_frequency': 8,
 'weight_scale': 1.4142135623730951}
Timestep : 8758, score : -6801.048232703808, Time : 20.881 s
Timestep : 17517, score : -5706.481239185116, Time : 20.819 s
Timestep : 26276, score : -7928.220468729996, Time : 20.662 s
Timestep : 35035, score : -10855.566044361942, Time : 20.677 s
Timestep : 43794, score : -8180.069189526053, Time : 20.659 s
Timestep : 52553, score : -9577.3905333187, Time : 20.695 s
Timestep : 61312, score : -7020.732135444909, Time : 20.69 s
Timestep : 70071, score : -4157.890649361914, Time : 20.687 s
Timestep : 78830, score : -4150.608184947079, Time : 20.688 s
Timestep : 87589, score : -4729.514721944492, Time : 20.701 s
Timestep : 96348, score : -4586.222280410497, Time : 20.698 s
Timestep : 105107, score : -4544.563122039108, Time : 20.725 s
Timestep : 113866, score : -4454.5695541234745, Time : 20.686 s
Timestep : 122625, score : -4522.415813358879, Time : 21.058 s
Timestep : 131384, score : -4555.722207448824, Time : 20.93 s
Timestep : 140143, score : -4379.108099792531, Time : 20.699 s
Timestep : 148902, score : -4677.985352974763, Time : 20.702 s
Timestep : 157661, score : -4600.461677535815, Time : 20.697 s
Timestep : 166420, score : -4474.176009935705, Time : 20.701 s
Timestep : 175179, score : -4397.45238397122, Time : 20.714 s
Timestep : 183938, score : -4492.05060589817, Time : 20.696 s
Timestep : 192697, score : -4503.303816542408, Time : 20.699 s
Timestep : 201456, score : -4420.531988591916, Time : 20.72 s
Timestep : 210215, score : -4582.213562364137, Time : 21.269 s
Timestep : 218974, score : -4592.498967969237, Time : 21.335 s
Timestep : 227733, score : -4497.091810893689, Time : 21.336 s
Timestep : 236492, score : -4510.724910301535, Time : 21.592 s
Timestep : 245251, score : -4506.428198089736, Time : 21.599 s
Timestep : 254010, score : -4411.5297308670415, Time : 21.344 s
Timestep : 262769, score : -4634.777176164818, Time : 21.34 s
Timestep : 271528, score : -4530.887476788281, Time : 20.987 s
Timestep : 280287, score : -4409.387474599673, Time : 21.295 s
Timestep : 289046, score : -4490.714267937263, Time : 21.316 s
Timestep : 297805, score : -4577.449353394943, Time : 21.313 s
Timestep : 306564, score : -4615.705309317826, Time : 21.33 s
Timestep : 315323, score : -4574.421027242584, Time : 21.317 s
Timestep : 324082, score : -4478.210699103685, Time : 21.335 s
Timestep : 332841, score : -4571.256845274387, Time : 21.322 s
Timestep : 341600, score : -4539.66267135684, Time : 21.318 s
Timestep : 350359, score : -4495.6354235852195, Time : 21.658 s
Timestep : 359118, score : -4508.274058535142, Time : 21.56 s
Timestep : 367877, score : -4505.319941466121, Time : 21.33 s
Timestep : 376636, score : -4514.141815554729, Time : 21.329 s
Timestep : 385395, score : -4511.934231040446, Time : 21.322 s
Timestep : 394154, score : -4527.067772624461, Time : 21.326 s
Timestep : 402913, score : -4472.850036005868, Time : 21.344 s
Timestep : 411672, score : -4523.708497618398, Time : 21.327 s
Timestep : 420431, score : -4416.076093995391, Time : 21.329 s
Timestep : 429190, score : -4617.088337242516, Time : 21.322 s
Timestep : 437949, score : -4482.24633922652, Time : 21.321 s
Timestep : 446708, score : -4662.491048408119, Time : 21.314 s
Timestep : 455467, score : -4427.1236919066, Time : 21.364 s
Timestep : 464226, score : -4522.706485360817, Time : 21.713 s
Timestep : 472985, score : -4501.283432418859, Time : 21.485 s
Timestep : 481744, score : -4480.653599345504, Time : 21.332 s
Timestep : 490503, score : -4585.644155164628, Time : 21.319 s
Timestep : 499262, score : -4470.14061868508, Time : 21.318 s
Timestep : 508021, score : -4550.331283881707, Time : 21.329 s
Timestep : 516780, score : -4579.2194890486135, Time : 21.313 s
Timestep : 525539, score : -4573.077457142441, Time : 21.334 s
Timestep : 534298, score : -4518.274068556173, Time : 21.313 s
Timestep : 543057, score : -4456.147354414134, Time : 21.328 s
Timestep : 551816, score : -4467.284428042738, Time : 21.332 s
Timestep : 560575, score : -4495.623743953212, Time : 21.322 s
Timestep : 569334, score : -4482.064581559418, Time : 21.449 s
Timestep : 578093, score : -4523.756325704424, Time : 21.635 s
Timestep : 586852, score : -4576.742463305971, Time : 21.385 s
Timestep : 595611, score : -4487.880456652405, Time : 21.237 s
Timestep : 604370, score : -4488.870073920494, Time : 21.251 s
Timestep : 613129, score : -4563.191888992122, Time : 21.257 s
Timestep : 621888, score : -4399.547073467897, Time : 21.263 s
Timestep : 630647, score : -4405.16741765794, Time : 21.243 s
Timestep : 639406, score : -4554.749343761621, Time : 21.23 s
Timestep : 648165, score : -4505.875410778826, Time : 21.231 s
Timestep : 656924, score : -4690.968668275003, Time : 21.235 s
Timestep : 665683, score : -4671.733550616918, Time : 21.211 s
Timestep : 674442, score : -4538.605964990755, Time : 21.248 s
Timestep : 683201, score : -4516.678493425163, Time : 21.333 s
Timestep : 691960, score : -4530.478477695404, Time : 21.546 s
Timestep : 700719, score : -4533.692441583989, Time : 21.322 s
Timestep : 709478, score : -4566.407580040774, Time : 21.228 s
Timestep : 718237, score : -4469.595227225131, Time : 21.227 s
Timestep : 726996, score : -4471.412104790012, Time : 21.241 s
Timestep : 735755, score : -4434.655016445933, Time : 21.228 s
Timestep : 744514, score : -4586.6799538781925, Time : 21.248 s
Timestep : 753273, score : -4603.646733974485, Time : 21.541 s
Timestep : 762032, score : -4512.931914682529, Time : 21.707 s
Timestep : 770791, score : -4474.968392657494, Time : 20.888 s
Timestep : 779550, score : -4411.570114890026, Time : 20.908 s
Timestep : 788309, score : -4448.045800683467, Time : 21.661 s
Timestep : 797068, score : -4486.255180252047, Time : 22.363 s
Timestep : 805827, score : -4364.499975075392, Time : 22.193 s
Timestep : 814586, score : -4551.494541661261, Time : 21.827 s
Timestep : 823345, score : -4593.110055291472, Time : 21.822 s
Timestep : 832104, score : -4473.2304373471125, Time : 21.839 s
Timestep : 840863, score : -4435.293584782077, Time : 21.827 s
Timestep : 849622, score : -4596.177212270355, Time : 21.837 s
Timestep : 858381, score : -4632.60647224549, Time : 21.822 s
Timestep : 867140, score : -4546.386589776521, Time : 21.833 s
Timestep : 875899, score : -4462.76467165121, Time : 21.841 s
Starting local evaluation
Num Steps: 1000, Num episodes: 0
Num Steps: 2000, Num episodes: 0
Num Steps: 3000, Num episodes: 0
Num Steps: 4000, Num episodes: 0
Num Steps: 5000, Num episodes: 0
Num Steps: 6000, Num episodes: 0
Num Steps: 7000, Num episodes: 0
Num Steps: 8000, Num episodes: 0
Episode complete: 1 | Latest episode metrics: {'price_cost': 1.0215630180451227, 'emmision_cost': 1.026422823360435}
[-0.25945729] -0.25945729118065664
Average Price Cost: 1.0215630180451227
Average Emmision Cost: 1.026422823360435
Average of both costs: 1.023992920702779
Total time taken by agent: 2.5706541130057303s
DONE!
