{'agent': 'DQN', 'action_selection': 'egreedy', 'seed': 1, 'episodes': 100, 'data_path': 'data/citylearn_challenge_2022_phase_1', 'dry_run': False, 'n_discrete': 9, 'update_target': 16, 'lr': 0.0003, 'batch_size': 16, 'adam_epsilon': 0.001, 'epsilon_final': 0.02, 'run_id': 227}
{'Notes': 'This is a tuning run, executed on a single building.',
 'action_selection': 'egreedy',
 'adam_epsilon': 0.001,
 'env': '<NormalizeObservation<OneHotHour<DiscreteSingle<CityLearnEnv '
        'instance>>>>',
 'final_exploration_rate': 0.02,
 'final_exploration_step': 1000,
 'gamma': 0.99,
 'initial_exploration_rate': 1,
 'learning_rate': 0.0003,
 'loss': 'mse',
 'minibatch_size': 16,
 'network': 'MLP(\n'
            '  (layers): Sequential(\n'
            '    (0): Linear(in_features=29, out_features=128, bias=True)\n'
            '    (1): ReLU()\n'
            '    (2): Linear(in_features=128, out_features=128, bias=True)\n'
            '    (3): ReLU()\n'
            '    (4): Linear(in_features=128, out_features=9, bias=True)\n'
            '  )\n'
            ')',
 'replay_buffer_size': 10000,
 'replay_start_size': 16,
 'seed': 1,
 'train_steps': 876000,
 'update_frequency': 1,
 'update_target_frequency': 16,
 'weight_scale': 1.4142135623730951}
Timestep : 8758, score : -4288.847949225135, Time : 21.506 s
Timestep : 17517, score : -2820.4131399806647, Time : 21.963 s
Timestep : 26276, score : -2135.8568134109246, Time : 21.967 s
Timestep : 35035, score : -2446.7813421624305, Time : 21.993 s
Timestep : 43794, score : -1821.55622515516, Time : 22.004 s
Timestep : 52553, score : -1895.7443210069614, Time : 21.999 s
Timestep : 61312, score : -1802.2865268063324, Time : 21.993 s
Timestep : 70071, score : -1754.953545231052, Time : 22.016 s
Timestep : 78830, score : -2034.2415273378429, Time : 21.996 s
Timestep : 87589, score : -1672.8092446623195, Time : 21.995 s
Timestep : 96348, score : -1909.008615711733, Time : 22.004 s
Timestep : 105107, score : -1720.3473436462518, Time : 21.994 s
Timestep : 113866, score : -1708.5465137972787, Time : 22.007 s
Timestep : 122625, score : -1743.0528717437119, Time : 22.015 s
Timestep : 131384, score : -2098.0413765858684, Time : 21.975 s
Timestep : 140143, score : -1908.428798689536, Time : 22.001 s
Timestep : 148902, score : -1609.2082340226334, Time : 21.99 s
Timestep : 157661, score : -2039.8552220904094, Time : 21.988 s
Timestep : 166420, score : -1748.7006016987434, Time : 21.999 s
Timestep : 175179, score : -1984.6987225970079, Time : 21.997 s
Timestep : 183938, score : -1629.7007464228227, Time : 21.997 s
Timestep : 192697, score : -1937.3016958975059, Time : 22.003 s
Timestep : 201456, score : -1579.4638895723765, Time : 21.92 s
Timestep : 210215, score : -1834.1525800547388, Time : 21.366 s
Timestep : 218974, score : -1516.0157688724867, Time : 21.799 s
Timestep : 227733, score : -1458.4812362717057, Time : 21.997 s
Timestep : 236492, score : -1631.5018031263098, Time : 22.006 s
Timestep : 245251, score : -1885.1305091306567, Time : 21.114 s
Timestep : 254010, score : -1702.1193234039529, Time : 21.642 s
Timestep : 262769, score : -2013.4717663269548, Time : 21.653 s
Timestep : 271528, score : -1721.4688449672249, Time : 21.625 s
Timestep : 280287, score : -1682.0023986785964, Time : 21.646 s
Timestep : 289046, score : -1888.760435881013, Time : 21.642 s
Timestep : 297805, score : -1876.6166719310277, Time : 21.646 s
Timestep : 306564, score : -1527.9179251764726, Time : 21.631 s
Timestep : 315323, score : -1724.6275075505546, Time : 21.642 s
Timestep : 324082, score : -1931.2794462045713, Time : 21.638 s
Timestep : 332841, score : -1753.2591279987537, Time : 21.642 s
Timestep : 341600, score : -1666.7160442364693, Time : 21.659 s
Timestep : 350359, score : -1823.9498989789572, Time : 21.641 s
Timestep : 359118, score : -1680.535575219692, Time : 21.351 s
Timestep : 367877, score : -1701.0742344383907, Time : 21.47 s
Timestep : 376636, score : -1825.9994829730422, Time : 21.443 s
Timestep : 385395, score : -1924.313491425739, Time : 21.619 s
Timestep : 394154, score : -1685.4219538464968, Time : 21.605 s
Timestep : 402913, score : -1553.5634365927253, Time : 21.038 s
Timestep : 411672, score : -1686.5008439403173, Time : 21.27 s
Timestep : 420431, score : -1898.9861281295234, Time : 21.617 s
Timestep : 429190, score : -1819.7726995111734, Time : 21.004 s
Timestep : 437949, score : -1883.7266131030083, Time : 21.013 s
Timestep : 446708, score : -1904.2406351612444, Time : 21.022 s
Timestep : 455467, score : -1748.8109837036172, Time : 21.018 s
Timestep : 464226, score : -1670.8720730054483, Time : 21.431 s
Timestep : 472985, score : -2046.1993742885825, Time : 21.64 s
Timestep : 481744, score : -2149.200576949661, Time : 21.66 s
Timestep : 490503, score : -1879.6352353482798, Time : 21.582 s
Timestep : 499262, score : -1815.4474648049363, Time : 20.993 s
Timestep : 508021, score : -1831.221390875784, Time : 21.024 s
Timestep : 516780, score : -1690.47868752855, Time : 21.551 s
Timestep : 525539, score : -1703.4852480354311, Time : 21.632 s
Timestep : 534298, score : -2103.4081895908166, Time : 21.633 s
Timestep : 543057, score : -1798.239287875389, Time : 21.639 s
Timestep : 551816, score : -1805.4226154482749, Time : 21.624 s
Timestep : 560575, score : -2048.34598589901, Time : 21.643 s
Timestep : 569334, score : -1970.0760540328047, Time : 21.639 s
Timestep : 578093, score : -1977.376049655868, Time : 21.64 s
Timestep : 586852, score : -2194.467187475675, Time : 21.349 s
Timestep : 595611, score : -2185.82735302372, Time : 21.3 s
Timestep : 604370, score : -1906.1645614255976, Time : 21.299 s
Timestep : 613129, score : -1868.4871768885787, Time : 21.299 s
Timestep : 621888, score : -2080.6479514013336, Time : 21.582 s
Timestep : 630647, score : -1939.675596599729, Time : 21.598 s
Timestep : 639406, score : -1795.474301083741, Time : 21.579 s
Timestep : 648165, score : -1776.4921638542146, Time : 21.462 s
Timestep : 656924, score : -1824.4068318832724, Time : 21.59 s
Timestep : 665683, score : -1909.3192142511361, Time : 21.595 s
Timestep : 674442, score : -1770.0951332926343, Time : 21.467 s
Timestep : 683201, score : -1820.791706481279, Time : 20.991 s
Timestep : 691960, score : -2066.3797569221642, Time : 21.3 s
Timestep : 700719, score : -2061.5794109616254, Time : 21.802 s
Timestep : 709478, score : -2022.8236215471115, Time : 22.011 s
Timestep : 718237, score : -2249.757775145379, Time : 22.004 s
Timestep : 726996, score : -1891.180652108771, Time : 22.013 s
Timestep : 735755, score : -2003.8249608928163, Time : 21.697 s
Timestep : 744514, score : -1884.3294004819181, Time : 21.019 s
Timestep : 753273, score : -1774.599873902771, Time : 21.028 s
Timestep : 762032, score : -1932.0839868590992, Time : 21.802 s
Timestep : 770791, score : -2047.3728620743204, Time : 21.436 s
Timestep : 779550, score : -2082.606796807173, Time : 21.653 s
Timestep : 788309, score : -1871.4792192936002, Time : 21.646 s
Timestep : 797068, score : -2076.130281872378, Time : 21.632 s
Timestep : 805827, score : -2003.6486047117796, Time : 21.676 s
Timestep : 814586, score : -2090.023013938713, Time : 21.652 s
Timestep : 823345, score : -2084.0160693626676, Time : 21.651 s
Timestep : 832104, score : -1759.043238760467, Time : 21.666 s
Timestep : 840863, score : -2039.684733993403, Time : 21.653 s
Timestep : 849622, score : -2132.8210874807846, Time : 21.656 s
Timestep : 858381, score : -2228.6437107252714, Time : 21.636 s
Timestep : 867140, score : -2213.0438013475214, Time : 21.373 s
Timestep : 875899, score : -1697.2444241547782, Time : 21.712 s
Starting local evaluation
Num Steps: 1000, Num episodes: 0
Num Steps: 2000, Num episodes: 0
Num Steps: 3000, Num episodes: 0
Num Steps: 4000, Num episodes: 0
Num Steps: 5000, Num episodes: 0
Num Steps: 6000, Num episodes: 0
Num Steps: 7000, Num episodes: 0
Num Steps: 8000, Num episodes: 0
Episode complete: 1 | Latest episode metrics: {'price_cost': 0.8671779650272694, 'emmision_cost': 0.9610146575435874}
[-0.12195034] -0.12195033774438141
Average Price Cost: 0.8671779650272694
Average Emmision Cost: 0.9610146575435874
Average of both costs: 0.9140963112854283
Total time taken by agent: 2.502114024129696s
DONE!
