{'agent': 'UADQN', 'action_selection': 'softmax', 'seed': 1, 'episodes': 50, 'data_path': 'data/citylearn_challenge_2022_phase_1', 'dry_run': False, 'n_discrete': 9, 'update_target': 4, 'lr': 0.0007, 'batch_size': 8, 'adam_epsilon': 1e-05, 'epsilon_final': 0.02, 'run_id': 436}
{'Notes': 'This is a tuning run, executed on a single building.',
 'adam_epsilon': 1e-05,
 'aleatoric_factor': 0,
 'biased_aleatoric': False,
 'env': '<NormalizeObservation<OneHotHour<DiscreteSingle<CityLearnEnv '
        'instance>>>>',
 'epistemic_factor': 1,
 'gamma': 0.99,
 'learning_rate': 0.0007,
 'minibatch_size': 8,
 'n_quantiles': 20,
 'network': 'MLP(\n'
            '  (layers): Sequential(\n'
            '    (0): Linear(in_features=29, out_features=128, bias=True)\n'
            '    (1): ReLU()\n'
            '    (2): Linear(in_features=128, out_features=128, bias=True)\n'
            '    (3): ReLU()\n'
            '    (4): Linear(in_features=128, out_features=180, bias=True)\n'
            '  )\n'
            ')',
 'noise_scale': 1,
 'replay_buffer_size': 10000,
 'replay_start_size': 8,
 'seed': 1,
 'train_steps': 438000,
 'update_frequency': 1,
 'update_target_frequency': 4,
 'weight_scale': 1.4142135623730951}
Timestep : 8758, score : -4723.491918291038, Time : 69.153 s
Timestep : 17517, score : -4438.503048302446, Time : 69.371 s
Timestep : 26276, score : -4548.7676237086125, Time : 69.692 s
Timestep : 35035, score : -3951.9340236843855, Time : 69.363 s
Timestep : 43794, score : -3061.554531755188, Time : 68.998 s
Timestep : 52553, score : -2808.4690529718355, Time : 69.71 s
Timestep : 61312, score : -2509.4460494931845, Time : 69.379 s
Timestep : 70071, score : -2482.9608051781106, Time : 69.557 s
Timestep : 78830, score : -2536.4961922214425, Time : 70.422 s
Timestep : 87589, score : -2960.4782867334143, Time : 69.85 s
Timestep : 96348, score : -3172.917278372537, Time : 69.147 s
Timestep : 105107, score : -2586.330611626923, Time : 69.865 s
Timestep : 113866, score : -2728.4727119662857, Time : 70.212 s
Timestep : 122625, score : -2614.3274456037034, Time : 70.34 s
Timestep : 131384, score : -2373.28510733883, Time : 69.604 s
Timestep : 140143, score : -2623.221474754362, Time : 70.429 s
Timestep : 148902, score : -2765.211307363381, Time : 70.613 s
Timestep : 157661, score : -2383.4197280881053, Time : 69.804 s
Timestep : 166420, score : -2519.8378691696853, Time : 70.168 s
Timestep : 175179, score : -2339.3524006449443, Time : 69.716 s
Timestep : 183938, score : -2024.8089780008595, Time : 70.194 s
Timestep : 192697, score : -2487.3059720435704, Time : 69.59 s
Timestep : 201456, score : -2924.9894010604185, Time : 69.403 s
Timestep : 210215, score : -2297.9323285923165, Time : 70.045 s
Timestep : 218974, score : -2179.717759788997, Time : 69.882 s
Timestep : 227733, score : -2148.7002876347688, Time : 71.21 s
Timestep : 236492, score : -1799.6413867280644, Time : 69.628 s
Timestep : 245251, score : -1868.0394152144727, Time : 70.611 s
Timestep : 254010, score : -1586.631720462261, Time : 70.699 s
Timestep : 262769, score : -1959.0860857322405, Time : 70.032 s
Timestep : 271528, score : -2490.1424223837967, Time : 70.34 s
Timestep : 280287, score : -2343.2764479264442, Time : 69.821 s
Timestep : 289046, score : -2011.045035392308, Time : 70.103 s
Timestep : 297805, score : -2114.726865161705, Time : 70.445 s
Timestep : 306564, score : -2234.456665096601, Time : 69.826 s
Timestep : 315323, score : -2445.7964303672343, Time : 69.883 s
Timestep : 324082, score : -2405.1100246685382, Time : 70.11 s
Timestep : 332841, score : -1629.601002814903, Time : 70.815 s
Timestep : 341600, score : -1811.1396357610647, Time : 70.876 s
Timestep : 350359, score : -1469.8924510196375, Time : 69.972 s
Timestep : 359118, score : -1841.8007048501458, Time : 70.645 s
Timestep : 367877, score : -1869.4040016060753, Time : 70.098 s
Timestep : 376636, score : -1755.4263579527906, Time : 70.988 s
Timestep : 385395, score : -1824.755311026849, Time : 70.315 s
Timestep : 394154, score : -1784.302373189741, Time : 70.229 s
Timestep : 402913, score : -1888.8825008024287, Time : 69.999 s
Timestep : 411672, score : -1957.2308569720772, Time : 69.723 s
Timestep : 420431, score : -1746.6099113918062, Time : 69.999 s
Timestep : 429190, score : -1391.569107809366, Time : 69.85 s
Timestep : 437949, score : -1555.1499411521072, Time : 70.29 s
Starting local evaluation
Num Steps: 1000, Num episodes: 0
Num Steps: 2000, Num episodes: 0
Num Steps: 3000, Num episodes: 0
Num Steps: 4000, Num episodes: 0
Num Steps: 5000, Num episodes: 0
Num Steps: 6000, Num episodes: 0
Num Steps: 7000, Num episodes: 0
Num Steps: 8000, Num episodes: 0
Episode complete: 1 | Latest episode metrics: {'price_cost': 0.807233944114363, 'emmision_cost': 0.9174496248257561}
[-0.05784972] -0.05784971625777273
Average Price Cost: 0.807233944114363
Average Emmision Cost: 0.9174496248257561
Average of both costs: 0.8623417844700596
Total time taken by agent: 11.176394036971033s
DONE!
