{'agent': 'DQN', 'action_selection': 'egreedy', 'seed': 1, 'episodes': 100, 'data_path': 'data/citylearn_challenge_2022_phase_1', 'dry_run': False, 'n_discrete': 9, 'update_target': 16, 'lr': 1e-05, 'batch_size': 256, 'adam_epsilon': 1e-08, 'epsilon_final': 0.01, 'run_id': 258}
{'Notes': 'This is a tuning run, executed on a single building.',
 'action_selection': 'egreedy',
 'adam_epsilon': 1e-08,
 'env': '<NormalizeObservation<OneHotHour<DiscreteSingle<CityLearnEnv '
        'instance>>>>',
 'final_exploration_rate': 0.02,
 'final_exploration_step': 1000,
 'gamma': 0.99,
 'initial_exploration_rate': 1,
 'learning_rate': 1e-05,
 'loss': 'mse',
 'minibatch_size': 256,
 'network': 'MLP(\n'
            '  (layers): Sequential(\n'
            '    (0): Linear(in_features=29, out_features=128, bias=True)\n'
            '    (1): ReLU()\n'
            '    (2): Linear(in_features=128, out_features=128, bias=True)\n'
            '    (3): ReLU()\n'
            '    (4): Linear(in_features=128, out_features=9, bias=True)\n'
            '  )\n'
            ')',
 'replay_buffer_size': 10000,
 'replay_start_size': 256,
 'seed': 1,
 'train_steps': 876000,
 'update_frequency': 1,
 'update_target_frequency': 16,
 'weight_scale': 1.4142135623730951}
Timestep : 8758, score : -5855.230224360974, Time : 24.05 s
Timestep : 17517, score : -4525.915181019722, Time : 26.308 s
Timestep : 26276, score : -4878.7617604800325, Time : 25.926 s
Timestep : 35035, score : -4772.423225565028, Time : 25.91 s
Timestep : 43794, score : -4836.883854166401, Time : 25.964 s
Timestep : 52553, score : -4550.749849514599, Time : 25.931 s
Timestep : 61312, score : -4207.640115343762, Time : 25.959 s
Timestep : 70071, score : -3893.961098549218, Time : 26.049 s
Timestep : 78830, score : -3754.8712902344123, Time : 26.611 s
Timestep : 87589, score : -3564.2459683942434, Time : 25.971 s
Timestep : 96348, score : -3683.3655133485154, Time : 25.909 s
Timestep : 105107, score : -3476.017088847497, Time : 25.919 s
Timestep : 113866, score : -3746.054109249686, Time : 25.903 s
Timestep : 122625, score : -3435.0576282035618, Time : 25.96 s
Timestep : 131384, score : -3426.7896073569136, Time : 26.412 s
Timestep : 140143, score : -3447.348014502466, Time : 26.158 s
Timestep : 148902, score : -3369.754311771976, Time : 26.219 s
Timestep : 157661, score : -3520.6006986546854, Time : 26.248 s
Timestep : 166420, score : -3379.7055727894476, Time : 26.424 s
Timestep : 175179, score : -3329.9071108525677, Time : 26.419 s
Timestep : 183938, score : -3274.217156944127, Time : 26.498 s
Timestep : 192697, score : -2787.044145699154, Time : 26.531 s
Timestep : 201456, score : -3047.2735676940356, Time : 26.424 s
Timestep : 210215, score : -2980.0688803775993, Time : 26.396 s
Timestep : 218974, score : -2362.1213773056224, Time : 26.458 s
Timestep : 227733, score : -2220.1473707037803, Time : 26.489 s
Timestep : 236492, score : -2481.3265089157794, Time : 26.442 s
Timestep : 245251, score : -2440.817419736908, Time : 26.428 s
Timestep : 254010, score : -2556.9777147774876, Time : 25.973 s
Timestep : 262769, score : -2343.7708972273686, Time : 26.486 s
Timestep : 271528, score : -1545.4098722078197, Time : 27.134 s
Timestep : 280287, score : -1822.2641858249262, Time : 27.467 s
Timestep : 289046, score : -2030.51107172927, Time : 27.531 s
Timestep : 297805, score : -2166.0560249564296, Time : 27.499 s
Timestep : 306564, score : -1865.3171142861538, Time : 27.474 s
Timestep : 315323, score : -1933.0819878679758, Time : 27.205 s
Timestep : 324082, score : -1658.4774611811445, Time : 27.117 s
Timestep : 332841, score : -1598.9217811966373, Time : 27.478 s
Timestep : 341600, score : -1563.9095520706906, Time : 27.499 s
Timestep : 350359, score : -1784.355378398468, Time : 27.513 s
Timestep : 359118, score : -1756.726011599676, Time : 27.473 s
Timestep : 367877, score : -1777.7894529388577, Time : 27.522 s
Timestep : 376636, score : -1720.2487687330286, Time : 27.393 s
Timestep : 385395, score : -2020.5592708691547, Time : 26.891 s
Timestep : 394154, score : -1455.505978757894, Time : 26.499 s
Timestep : 402913, score : -1702.7745197300392, Time : 26.413 s
Timestep : 411672, score : -1837.8978602583811, Time : 26.425 s
Timestep : 420431, score : -1980.4971359875344, Time : 26.69 s
Timestep : 429190, score : -1781.356708673673, Time : 26.372 s
Timestep : 437949, score : -1598.7674482898146, Time : 26.437 s
Timestep : 446708, score : -1639.8488483324472, Time : 26.255 s
Timestep : 455467, score : -1734.4840338515642, Time : 25.857 s
Timestep : 464226, score : -1298.54484345534, Time : 25.851 s
Timestep : 472985, score : -1635.7786951412272, Time : 25.874 s
Timestep : 481744, score : -1427.2905771826918, Time : 26.14 s
Timestep : 490503, score : -1722.2208466739685, Time : 25.882 s
Timestep : 499262, score : -1602.347334130347, Time : 25.903 s
Timestep : 508021, score : -1668.944365667092, Time : 26.564 s
Timestep : 516780, score : -1352.381482178258, Time : 26.201 s
Timestep : 525539, score : -1638.4052267419465, Time : 26.315 s
Timestep : 534298, score : -1320.915131190588, Time : 26.408 s
Timestep : 543057, score : -1723.9735214799002, Time : 26.386 s
Timestep : 551816, score : -1453.9274720502144, Time : 26.387 s
Timestep : 560575, score : -1499.8438277915411, Time : 26.377 s
Timestep : 569334, score : -1482.7294346911658, Time : 26.057 s
Timestep : 578093, score : -1412.7101719685888, Time : 25.829 s
Timestep : 586852, score : -1479.2865340261778, Time : 26.591 s
Timestep : 595611, score : -1457.634272241994, Time : 26.522 s
Timestep : 604370, score : -1378.959121558495, Time : 26.372 s
Timestep : 613129, score : -1526.0200240087288, Time : 26.401 s
Timestep : 621888, score : -1403.9221960635914, Time : 26.387 s
Timestep : 630647, score : -1639.4768240615085, Time : 26.42 s
Timestep : 639406, score : -1380.8881404387357, Time : 26.415 s
Timestep : 648165, score : -1532.3472150120942, Time : 26.348 s
Timestep : 656924, score : -1476.2592961220362, Time : 26.333 s
Timestep : 665683, score : -1578.554773907832, Time : 26.361 s
Timestep : 674442, score : -1503.4095444383856, Time : 26.412 s
Timestep : 683201, score : -1498.8000166165002, Time : 26.409 s
Timestep : 691960, score : -1552.062215962127, Time : 26.327 s
Timestep : 700719, score : -1497.8584719712671, Time : 25.815 s
Timestep : 709478, score : -1483.1878501286556, Time : 26.221 s
Timestep : 718237, score : -1389.363948117738, Time : 26.429 s
Timestep : 726996, score : -1481.1262326897413, Time : 26.917 s
Timestep : 735755, score : -1461.4101609462232, Time : 27.528 s
Timestep : 744514, score : -1483.0576466159255, Time : 27.343 s
Timestep : 753273, score : -1600.6414350552077, Time : 26.727 s
Timestep : 762032, score : -1619.1006275366817, Time : 26.984 s
Timestep : 770791, score : -1400.4924358162389, Time : 27.037 s
Timestep : 779550, score : -1435.8281649658747, Time : 27.039 s
Timestep : 788309, score : -1452.873401497287, Time : 26.746 s
Timestep : 797068, score : -1387.8067491371476, Time : 26.934 s
Timestep : 805827, score : -1557.4245931033802, Time : 27.245 s
Timestep : 814586, score : -1641.753865870327, Time : 27.243 s
Timestep : 823345, score : -1535.7651263625885, Time : 27.425 s
Timestep : 832104, score : -1497.4405475624662, Time : 27.452 s
Timestep : 840863, score : -1684.8059564940922, Time : 27.403 s
Timestep : 849622, score : -1881.696028577353, Time : 27.421 s
Timestep : 858381, score : -1576.1023606448725, Time : 27.427 s
Timestep : 867140, score : -1491.1921376241662, Time : 27.423 s
Timestep : 875899, score : -1687.541930378211, Time : 26.719 s
Starting local evaluation
Num Steps: 1000, Num episodes: 0
Num Steps: 2000, Num episodes: 0
Num Steps: 3000, Num episodes: 0
Num Steps: 4000, Num episodes: 0
Num Steps: 5000, Num episodes: 0
Num Steps: 6000, Num episodes: 0
Num Steps: 7000, Num episodes: 0
Num Steps: 8000, Num episodes: 0
Episode complete: 1 | Latest episode metrics: {'price_cost': 0.850676585862181, 'emmision_cost': 0.921741990363291}
[-0.08822376] -0.08822376335555558
Average Price Cost: 0.850676585862181
Average Emmision Cost: 0.921741990363291
Average of both costs: 0.8862092881127359
Total time taken by agent: 2.2063558967784047s
DONE!
