{'agent': 'DQN', 'action_selection': 'softmax', 'seed': 1, 'episodes': 100, 'data_path': 'data/citylearn_challenge_2022_phase_1', 'dry_run': False, 'n_discrete': 9, 'update_target': 16, 'lr': 0.0001, 'batch_size': 256, 'adam_epsilon': 0.001, 'epsilon_final': 0.02, 'run_id': 67}
{'Notes': 'This is a tuning run, executed on a single building.',
 'action_selection': 'softmax',
 'adam_epsilon': 0.001,
 'env': '<NormalizeObservation<OneHotHour<DiscreteSingle<CityLearnEnv '
        'instance>>>>',
 'final_exploration_rate': 0.02,
 'final_exploration_step': 1000,
 'gamma': 0.99,
 'initial_exploration_rate': 1,
 'learning_rate': 0.0001,
 'loss': 'mse',
 'minibatch_size': 256,
 'network': 'MLP(\n'
            '  (layers): Sequential(\n'
            '    (0): Linear(in_features=29, out_features=128, bias=True)\n'
            '    (1): ReLU()\n'
            '    (2): Linear(in_features=128, out_features=128, bias=True)\n'
            '    (3): ReLU()\n'
            '    (4): Linear(in_features=128, out_features=9, bias=True)\n'
            '  )\n'
            ')',
 'replay_buffer_size': 10000,
 'replay_start_size': 256,
 'seed': 1,
 'train_steps': 876000,
 'update_frequency': 1,
 'update_target_frequency': 16,
 'weight_scale': 1.4142135623730951}
Timestep : 8758, score : -5152.460315999022, Time : 38.527 s
Timestep : 17517, score : -3905.882097269321, Time : 40.351 s
Timestep : 26276, score : -2949.955886908181, Time : 40.881 s
Timestep : 35035, score : -2849.357605941739, Time : 40.187 s
Timestep : 43794, score : -2142.499159984378, Time : 43.978 s
Timestep : 52553, score : -2249.0036604445486, Time : 47.766 s
Timestep : 61312, score : -2347.4825491466618, Time : 49.47 s
Timestep : 70071, score : -2029.487735191622, Time : 49.765 s
Timestep : 78830, score : -1917.7869053224858, Time : 49.617 s
Timestep : 87589, score : -1985.998457248119, Time : 49.477 s
Timestep : 96348, score : -1831.3728608907259, Time : 46.56 s
Timestep : 105107, score : -1659.6915790798666, Time : 42.418 s
Timestep : 113866, score : -1761.3370403016743, Time : 39.996 s
Timestep : 122625, score : -1917.5030637218442, Time : 35.791 s
Timestep : 131384, score : -1876.759520913969, Time : 36.15 s
Timestep : 140143, score : -1665.0030635507137, Time : 35.813 s
Timestep : 148902, score : -1583.4202742437774, Time : 37.998 s
Timestep : 157661, score : -1353.7867880215927, Time : 42.887 s
Timestep : 166420, score : -1521.2017477616027, Time : 36.036 s
Timestep : 175179, score : -1893.360480863339, Time : 35.098 s
Timestep : 183938, score : -1578.0916099868773, Time : 43.393 s
Timestep : 192697, score : -1684.5636711352563, Time : 45.139 s
Timestep : 201456, score : -1561.9086434294295, Time : 46.243 s
Timestep : 210215, score : -1704.432071263931, Time : 42.484 s
Timestep : 218974, score : -1595.1087780398375, Time : 42.504 s
Timestep : 227733, score : -1712.3654325319949, Time : 42.805 s
Timestep : 236492, score : -1620.8619348882057, Time : 43.285 s
Timestep : 245251, score : -1413.4265164006792, Time : 42.952 s
Timestep : 254010, score : -1518.5695786446158, Time : 43.062 s
Timestep : 262769, score : -1542.3193677554664, Time : 43.066 s
Timestep : 271528, score : -1561.2684347206086, Time : 42.089 s
Timestep : 280287, score : -1482.0418295496202, Time : 42.839 s
Timestep : 289046, score : -1414.9994906562788, Time : 42.226 s
Timestep : 297805, score : -1514.1109631774307, Time : 42.281 s
Timestep : 306564, score : -1354.1118642606598, Time : 46.435 s
Timestep : 315323, score : -1401.803200513852, Time : 49.719 s
Timestep : 324082, score : -1173.1764137328428, Time : 48.899 s
Timestep : 332841, score : -1301.2726644841896, Time : 47.723 s
Timestep : 341600, score : -1198.2024176997074, Time : 48.379 s
Timestep : 350359, score : -1104.9126849994354, Time : 48.765 s
Timestep : 359118, score : -1274.5850681251613, Time : 46.795 s
Timestep : 367877, score : -1114.7033122568682, Time : 43.205 s
Timestep : 376636, score : -1301.1582426436926, Time : 43.054 s
Timestep : 385395, score : -1112.8409765851975, Time : 43.898 s
Timestep : 394154, score : -1186.5030257516191, Time : 42.07 s
Timestep : 402913, score : -1208.6476241858036, Time : 42.898 s
Timestep : 411672, score : -1094.13699817835, Time : 45.236 s
Timestep : 420431, score : -978.0967300302873, Time : 42.833 s
Timestep : 429190, score : -1066.3509654955997, Time : 42.968 s
Timestep : 437949, score : -1064.6433856482327, Time : 42.463 s
Timestep : 446708, score : -1041.2505933234643, Time : 43.035 s
Timestep : 455467, score : -1114.0186100660067, Time : 42.997 s
Timestep : 464226, score : -1161.1153654658992, Time : 43.012 s
Timestep : 472985, score : -1130.8578896210238, Time : 45.108 s
Timestep : 481744, score : -990.2159618058067, Time : 42.654 s
Timestep : 490503, score : -1052.6846586228057, Time : 43.216 s
Timestep : 499262, score : -1080.0655541419983, Time : 36.858 s
Timestep : 508021, score : -1091.9501524643565, Time : 35.267 s
Timestep : 516780, score : -1065.9152625545685, Time : 35.229 s
Timestep : 525539, score : -995.1245088434953, Time : 35.219 s
Timestep : 534298, score : -1090.5824983006169, Time : 35.286 s
Timestep : 543057, score : -1061.371315117256, Time : 35.195 s
Timestep : 551816, score : -1124.2050003369368, Time : 34.965 s
Timestep : 560575, score : -1049.0471682397474, Time : 34.895 s
Timestep : 569334, score : -971.0191037091718, Time : 35.434 s
Timestep : 578093, score : -1007.1218488270824, Time : 36.421 s
Timestep : 586852, score : -1140.579665633646, Time : 191.807 s
Timestep : 595611, score : -1063.907270191965, Time : 193.906 s
Timestep : 604370, score : -1118.6811304430303, Time : 193.024 s
Timestep : 613129, score : -1030.6372321893286, Time : 187.004 s
Timestep : 621888, score : -859.5816600662947, Time : 188.335 s
Timestep : 630647, score : -936.9783800948353, Time : 189.436 s
Timestep : 639406, score : -906.4000169705105, Time : 189.034 s
Timestep : 648165, score : -972.4747559326643, Time : 190.848 s
Timestep : 656924, score : -842.6206239562889, Time : 190.976 s
Timestep : 665683, score : -914.8814895570686, Time : 82.368 s
Timestep : 674442, score : -788.8891884595796, Time : 40.582 s
Timestep : 683201, score : -923.7335450784594, Time : 41.186 s
Timestep : 691960, score : -1026.1194221242622, Time : 41.204 s
Timestep : 700719, score : -893.7477393376466, Time : 39.813 s
Timestep : 709478, score : -862.6036432852707, Time : 33.914 s
Timestep : 718237, score : -909.7920496489678, Time : 33.997 s
Timestep : 726996, score : -967.085200702335, Time : 34.009 s
Timestep : 735755, score : -747.7643682004709, Time : 33.989 s
Timestep : 744514, score : -754.4495273093198, Time : 34.229 s
Timestep : 753273, score : -866.590383692208, Time : 39.762 s
Timestep : 762032, score : -832.2689128189304, Time : 34.053 s
Timestep : 770791, score : -867.5753641667834, Time : 34.088 s
Timestep : 779550, score : -828.586313881242, Time : 34.073 s
Timestep : 788309, score : -881.795926505496, Time : 34.077 s
Timestep : 797068, score : -871.7755068813276, Time : 34.048 s
Timestep : 805827, score : -833.5822050361603, Time : 33.241 s
Timestep : 814586, score : -860.7201788595703, Time : 34.956 s
Timestep : 823345, score : -755.8568995506503, Time : 37.574 s
Timestep : 832104, score : -848.5125028707844, Time : 32.949 s
Timestep : 840863, score : -972.6001773856406, Time : 32.983 s
Timestep : 849622, score : -861.5850122690026, Time : 36.907 s
Timestep : 858381, score : -850.8895933653985, Time : 41.15 s
Timestep : 867140, score : -834.6674648120825, Time : 41.023 s
Timestep : 875899, score : -959.9840228869871, Time : 36.285 s
Starting local evaluation
Num Steps: 1000, Num episodes: 0
Num Steps: 2000, Num episodes: 0
Num Steps: 3000, Num episodes: 0
Num Steps: 4000, Num episodes: 0
Num Steps: 5000, Num episodes: 0
Num Steps: 6000, Num episodes: 0
Num Steps: 7000, Num episodes: 0
Num Steps: 8000, Num episodes: 0
Episode complete: 1 | Latest episode metrics: {'price_cost': 0.8090996124320138, 'emmision_cost': 0.8941137166971407}
[-0.04528952] -0.04528951994697063
Average Price Cost: 0.8090996124320138
Average Emmision Cost: 0.8941137166971407
Average of both costs: 0.8516066645645772
Total time taken by agent: 7.760325197290513s
DONE!
