{'agent': 'DQN', 'action_selection': 'egreedy', 'seed': 1, 'episodes': 100, 'data_path': 'data/citylearn_challenge_2022_phase_1', 'dry_run': False, 'n_discrete': 9, 'update_target': 8, 'lr': 0.01, 'batch_size': 32, 'adam_epsilon': 1e-10, 'epsilon_final': 0.08, 'run_id': 348}
{'Notes': 'This is a tuning run, executed on a single building.',
 'action_selection': 'egreedy',
 'adam_epsilon': 1e-10,
 'env': '<NormalizeObservation<OneHotHour<DiscreteSingle<CityLearnEnv '
        'instance>>>>',
 'final_exploration_rate': 0.02,
 'final_exploration_step': 1000,
 'gamma': 0.99,
 'initial_exploration_rate': 1,
 'learning_rate': 0.01,
 'loss': 'mse',
 'minibatch_size': 32,
 'network': 'MLP(\n'
            '  (layers): Sequential(\n'
            '    (0): Linear(in_features=29, out_features=128, bias=True)\n'
            '    (1): ReLU()\n'
            '    (2): Linear(in_features=128, out_features=128, bias=True)\n'
            '    (3): ReLU()\n'
            '    (4): Linear(in_features=128, out_features=9, bias=True)\n'
            '  )\n'
            ')',
 'replay_buffer_size': 10000,
 'replay_start_size': 32,
 'seed': 1,
 'train_steps': 876000,
 'update_frequency': 1,
 'update_target_frequency': 8,
 'weight_scale': 1.4142135623730951}
Timestep : 8758, score : -7261.63876869707, Time : 22.187 s
Timestep : 17517, score : -7613.22836424406, Time : 22.604 s
Timestep : 26276, score : -8052.224900692963, Time : 23.115 s
Timestep : 35035, score : -8651.728225293758, Time : 22.7 s
Timestep : 43794, score : -9877.986624896992, Time : 22.802 s
Timestep : 52553, score : -11244.151268124071, Time : 22.476 s
Timestep : 61312, score : -9347.635974847159, Time : 22.642 s
Timestep : 70071, score : -8207.896303305475, Time : 22.707 s
Timestep : 78830, score : -12160.652443709441, Time : 22.606 s
Timestep : 87589, score : -10939.146956323762, Time : 22.878 s
Timestep : 96348, score : -9717.27802716862, Time : 22.711 s
Timestep : 105107, score : -10646.821212342405, Time : 22.704 s
Timestep : 113866, score : -11381.593482037795, Time : 22.78 s
Timestep : 122625, score : -11355.941069172535, Time : 22.792 s
Timestep : 131384, score : -10714.454781219436, Time : 22.814 s
Timestep : 140143, score : -12309.503756626043, Time : 22.44 s
Timestep : 148902, score : -11605.006435407471, Time : 22.636 s
Timestep : 157661, score : -11448.4379657588, Time : 22.559 s
Timestep : 166420, score : -11584.473911583846, Time : 23.445 s
Timestep : 175179, score : -10966.617378869938, Time : 22.791 s
Timestep : 183938, score : -10779.95661682119, Time : 23.006 s
Timestep : 192697, score : -11878.258145910455, Time : 22.852 s
Timestep : 201456, score : -11493.579895140145, Time : 22.847 s
Timestep : 210215, score : -11225.090641384275, Time : 22.848 s
Timestep : 218974, score : -11139.070987873594, Time : 22.752 s
Timestep : 227733, score : -10655.195202642892, Time : 22.985 s
Timestep : 236492, score : -12343.671605707874, Time : 22.865 s
Timestep : 245251, score : -12391.775567584256, Time : 22.533 s
Timestep : 254010, score : -11564.780167211458, Time : 22.893 s
Timestep : 262769, score : -11819.411959172696, Time : 22.853 s
Timestep : 271528, score : -12333.079663122568, Time : 22.936 s
Timestep : 280287, score : -11310.579562283005, Time : 22.849 s
Timestep : 289046, score : -11591.69258793346, Time : 23.082 s
Timestep : 297805, score : -11525.108984456121, Time : 23.848 s
Timestep : 306564, score : -11504.610293966718, Time : 23.019 s
Timestep : 315323, score : -11434.00055370621, Time : 22.378 s
Timestep : 324082, score : -11926.02151591501, Time : 22.438 s
Timestep : 332841, score : -12548.508533092405, Time : 22.168 s
Timestep : 341600, score : -11366.01089946062, Time : 22.191 s
Timestep : 350359, score : -12209.279304876341, Time : 22.614 s
Timestep : 359118, score : -11857.90598713595, Time : 22.903 s
Timestep : 367877, score : -12419.656162785162, Time : 23.23 s
Timestep : 376636, score : -11599.731897981677, Time : 22.944 s
Timestep : 385395, score : -12104.196426459821, Time : 22.874 s
Timestep : 394154, score : -12101.342594621237, Time : 22.819 s
Timestep : 402913, score : -11021.471928318875, Time : 23.01 s
Timestep : 411672, score : -12223.346514886434, Time : 23.907 s
Timestep : 420431, score : -11850.981046570116, Time : 22.407 s
Timestep : 429190, score : -11821.149265031287, Time : 22.961 s
Timestep : 437949, score : -11915.045672274806, Time : 22.799 s
Timestep : 446708, score : -12493.082274618238, Time : 22.788 s
Timestep : 455467, score : -11743.003191494689, Time : 22.781 s
Timestep : 464226, score : -12480.995274966626, Time : 22.759 s
Timestep : 472985, score : -11988.932104393025, Time : 22.882 s
Timestep : 481744, score : -12039.754083311258, Time : 22.796 s
Timestep : 490503, score : -11723.495969637952, Time : 22.802 s
Timestep : 499262, score : -11999.668933675115, Time : 22.783 s
Timestep : 508021, score : -11590.54397215406, Time : 22.8 s
Timestep : 516780, score : -12451.595661311207, Time : 22.935 s
Timestep : 525539, score : -11974.14438228088, Time : 24.056 s
Timestep : 534298, score : -12047.78187843012, Time : 22.235 s
Timestep : 543057, score : -12562.421936311664, Time : 22.144 s
Timestep : 551816, score : -11893.457365525916, Time : 22.515 s
Timestep : 560575, score : -11748.666406505276, Time : 22.729 s
Timestep : 569334, score : -11783.88850774402, Time : 23.018 s
Timestep : 578093, score : -12246.129724138547, Time : 22.85 s
Timestep : 586852, score : -11900.643274827977, Time : 22.815 s
Timestep : 595611, score : -11706.870152777134, Time : 22.849 s
Timestep : 604370, score : -12215.680558496882, Time : 22.843 s
Timestep : 613129, score : -12599.232844654194, Time : 22.892 s
Timestep : 621888, score : -12233.114614697806, Time : 22.829 s
Timestep : 630647, score : -12217.280028513545, Time : 22.82 s
Timestep : 639406, score : -12619.00394278171, Time : 22.823 s
Timestep : 648165, score : -12175.143997271152, Time : 22.598 s
Timestep : 656924, score : -12113.046606530232, Time : 22.65 s
Timestep : 665683, score : -11844.149370969626, Time : 23.094 s
Timestep : 674442, score : -11446.434044277463, Time : 22.902 s
Timestep : 683201, score : -11466.65114868083, Time : 23.815 s
Timestep : 691960, score : -11659.503724780589, Time : 23.295 s
Timestep : 700719, score : -12167.561860252361, Time : 22.827 s
Timestep : 709478, score : -12230.815646464296, Time : 23.022 s
Timestep : 718237, score : -12408.345907220762, Time : 22.9 s
Timestep : 726996, score : -11253.75759436116, Time : 22.882 s
Timestep : 735755, score : -11934.974678076876, Time : 22.867 s
Timestep : 744514, score : -12499.53578935728, Time : 22.872 s
Timestep : 753273, score : -12219.807186397687, Time : 22.976 s
Timestep : 762032, score : -12437.651053347974, Time : 22.872 s
Timestep : 770791, score : -13159.157935113835, Time : 22.854 s
Timestep : 779550, score : -11637.799763591756, Time : 22.853 s
Timestep : 788309, score : -12966.54487593146, Time : 23.252 s
Timestep : 797068, score : -12361.20111963585, Time : 23.443 s
Timestep : 805827, score : -12028.265494833235, Time : 23.327 s
Timestep : 814586, score : -12090.869872841358, Time : 22.875 s
Timestep : 823345, score : -11808.456632429064, Time : 22.244 s
Timestep : 832104, score : -11463.609618500806, Time : 22.188 s
Timestep : 840863, score : -11443.563805018275, Time : 22.63 s
Timestep : 849622, score : -12243.762668090203, Time : 22.599 s
Timestep : 858381, score : -11527.527816729227, Time : 22.516 s
Timestep : 867140, score : -11363.632308595144, Time : 22.53 s
Timestep : 875899, score : -12149.99696606311, Time : 22.262 s
Starting local evaluation
Num Steps: 1000, Num episodes: 0
Num Steps: 2000, Num episodes: 0
Num Steps: 3000, Num episodes: 0
Num Steps: 4000, Num episodes: 0
Num Steps: 5000, Num episodes: 0
Num Steps: 6000, Num episodes: 0
Num Steps: 7000, Num episodes: 0
Num Steps: 8000, Num episodes: 0
Episode complete: 1 | Latest episode metrics: {'price_cost': 1.004689489119256, 'emmision_cost': 1.0051688185017644}
[-0.23611377] -0.23611376749548274
Average Price Cost: 1.004689489119256
Average Emmision Cost: 1.0051688185017644
Average of both costs: 1.0049291538105103
Total time taken by agent: 2.614772589644417s
DONE!
