{'agent': 'DQN', 'action_selection': 'softmax', 'seed': 1, 'episodes': 100, 'data_path': 'data/citylearn_challenge_2022_phase_1', 'dry_run': False, 'n_discrete': 9, 'update_target': 32, 'lr': 0.001, 'batch_size': 128, 'adam_epsilon': 0.0001, 'epsilon_final': 0.02, 'run_id': 163}
{'Notes': 'This is a tuning run, executed on a single building.',
 'action_selection': 'softmax',
 'adam_epsilon': 0.0001,
 'env': '<NormalizeObservation<OneHotHour<DiscreteSingle<CityLearnEnv '
        'instance>>>>',
 'final_exploration_rate': 0.02,
 'final_exploration_step': 1000,
 'gamma': 0.99,
 'initial_exploration_rate': 1,
 'learning_rate': 0.001,
 'loss': 'mse',
 'minibatch_size': 128,
 'network': 'MLP(\n'
            '  (layers): Sequential(\n'
            '    (0): Linear(in_features=29, out_features=128, bias=True)\n'
            '    (1): ReLU()\n'
            '    (2): Linear(in_features=128, out_features=128, bias=True)\n'
            '    (3): ReLU()\n'
            '    (4): Linear(in_features=128, out_features=9, bias=True)\n'
            '  )\n'
            ')',
 'replay_buffer_size': 10000,
 'replay_start_size': 128,
 'seed': 1,
 'train_steps': 876000,
 'update_frequency': 1,
 'update_target_frequency': 32,
 'weight_scale': 1.4142135623730951}
Timestep : 8758, score : -4524.907605948887, Time : 26.026 s
Timestep : 17517, score : -4202.936809190462, Time : 26.648 s
Timestep : 26276, score : -3683.340576509392, Time : 26.831 s
Timestep : 35035, score : -3529.866921169014, Time : 26.853 s
Timestep : 43794, score : -3080.002399862773, Time : 26.904 s
Timestep : 52553, score : -2773.230086133437, Time : 26.793 s
Timestep : 61312, score : -2545.7067016968795, Time : 26.777 s
Timestep : 70071, score : -2548.554726612201, Time : 26.877 s
Timestep : 78830, score : -2333.2850977873895, Time : 26.807 s
Timestep : 87589, score : -2165.3304667311313, Time : 26.842 s
Timestep : 96348, score : -2281.5530658990174, Time : 26.873 s
Timestep : 105107, score : -1928.2678285825823, Time : 27.632 s
Timestep : 113866, score : -2008.109056667221, Time : 28.777 s
Timestep : 122625, score : -2199.7588467912574, Time : 26.989 s
Timestep : 131384, score : -1977.9174408508406, Time : 26.753 s
Timestep : 140143, score : -1774.4860358329315, Time : 26.803 s
Timestep : 148902, score : -1933.048770257068, Time : 27.41 s
Timestep : 157661, score : -1869.1823890049418, Time : 28.735 s
Timestep : 166420, score : -1781.5931859095872, Time : 28.754 s
Timestep : 175179, score : -1812.955271136394, Time : 28.555 s
Timestep : 183938, score : -1981.7232599286071, Time : 28.727 s
Timestep : 192697, score : -1617.906225836632, Time : 28.787 s
Timestep : 201456, score : -1752.8380156008643, Time : 28.73 s
Timestep : 210215, score : -1619.810159549379, Time : 28.774 s
Timestep : 218974, score : -1643.44714841331, Time : 27.9 s
Timestep : 227733, score : -1727.2301926436194, Time : 26.9 s
Timestep : 236492, score : -1690.5569665490475, Time : 28.749 s
Timestep : 245251, score : -1790.3601931070734, Time : 27.688 s
Timestep : 254010, score : -1810.2374120860186, Time : 28.232 s
Timestep : 262769, score : -1702.1227778017346, Time : 26.876 s
Timestep : 271528, score : -1237.2321899660747, Time : 27.968 s
Timestep : 280287, score : -1529.3961676240724, Time : 28.693 s
Timestep : 289046, score : -1522.8695264923153, Time : 28.717 s
Timestep : 297805, score : -1635.4370522261015, Time : 28.684 s
Timestep : 306564, score : -1682.5023083249107, Time : 28.716 s
Timestep : 315323, score : -1405.0074515904125, Time : 28.682 s
Timestep : 324082, score : -1350.6173812094494, Time : 27.671 s
Timestep : 332841, score : -1390.6986962080991, Time : 26.84 s
Timestep : 341600, score : -1608.0292714829848, Time : 26.861 s
Timestep : 350359, score : -1636.564892392984, Time : 26.842 s
Timestep : 359118, score : -1519.2035355412227, Time : 26.912 s
Timestep : 367877, score : -1438.8673847362224, Time : 26.796 s
Timestep : 376636, score : -1234.870799921715, Time : 26.676 s
Timestep : 385395, score : -1573.4372049568337, Time : 26.658 s
Timestep : 394154, score : -1344.7871748021862, Time : 27.805 s
Timestep : 402913, score : -1321.7567880077113, Time : 28.535 s
Timestep : 411672, score : -1416.5394612971286, Time : 28.548 s
Timestep : 420431, score : -1286.5887308905658, Time : 28.52 s
Timestep : 429190, score : -1242.7361798619095, Time : 28.524 s
Timestep : 437949, score : -1252.1476819478266, Time : 28.501 s
Timestep : 446708, score : -1474.0635709578637, Time : 28.52 s
Timestep : 455467, score : -1324.6976905642587, Time : 28.55 s
Timestep : 464226, score : -1403.3951317159517, Time : 28.53 s
Timestep : 472985, score : -1153.6421465002131, Time : 28.518 s
Timestep : 481744, score : -1174.6563376579725, Time : 28.574 s
Timestep : 490503, score : -1284.7635952802666, Time : 28.748 s
Timestep : 499262, score : -1198.7546620898938, Time : 27.766 s
Timestep : 508021, score : -1269.243360268214, Time : 28.764 s
Timestep : 516780, score : -1321.3529350910103, Time : 28.778 s
Timestep : 525539, score : -1263.5161677997094, Time : 28.741 s
Timestep : 534298, score : -1329.4966504753102, Time : 28.742 s
Timestep : 543057, score : -1245.1167530192179, Time : 28.728 s
Timestep : 551816, score : -1323.3886034534662, Time : 28.765 s
Timestep : 560575, score : -1082.3266709976306, Time : 28.736 s
Timestep : 569334, score : -1092.2716993162176, Time : 28.723 s
Timestep : 578093, score : -1279.0842749585572, Time : 28.725 s
Timestep : 586852, score : -1284.821624124219, Time : 28.738 s
Timestep : 595611, score : -1205.051303681772, Time : 28.74 s
Timestep : 604370, score : -1243.264472442941, Time : 28.571 s
Timestep : 613129, score : -1329.3692927288648, Time : 27.544 s
Timestep : 621888, score : -1335.1763310755996, Time : 28.524 s
Timestep : 630647, score : -1231.1030737899127, Time : 28.694 s
Timestep : 639406, score : -1240.7642934678006, Time : 28.678 s
Timestep : 648165, score : -1294.7649663006887, Time : 28.664 s
Timestep : 656924, score : -1465.2207932581296, Time : 28.585 s
Timestep : 665683, score : -1305.9745345029805, Time : 28.642 s
Timestep : 674442, score : -1184.3819522739068, Time : 28.641 s
Timestep : 683201, score : -1106.7247989309253, Time : 28.639 s
Timestep : 691960, score : -1190.2729990306834, Time : 28.648 s
Timestep : 700719, score : -996.4537243974919, Time : 28.662 s
Timestep : 709478, score : -1120.7331148145822, Time : 28.647 s
Timestep : 718237, score : -1142.6100453518156, Time : 28.206 s
Timestep : 726996, score : -1153.3268240916368, Time : 26.93 s
Timestep : 735755, score : -1123.010793334135, Time : 28.796 s
Timestep : 744514, score : -1186.3619768078497, Time : 28.778 s
Timestep : 753273, score : -1133.4291647600767, Time : 28.792 s
Timestep : 762032, score : -1292.69977413796, Time : 28.689 s
Timestep : 770791, score : -1320.0337760008697, Time : 27.679 s
Timestep : 779550, score : -1448.8409290384443, Time : 28.653 s
Timestep : 788309, score : -1165.0598643187259, Time : 28.696 s
Timestep : 797068, score : -1161.8085011956573, Time : 28.709 s
Timestep : 805827, score : -1104.5153966245998, Time : 28.706 s
Timestep : 814586, score : -1139.9103588674043, Time : 27.88 s
Timestep : 823345, score : -1243.2245242898643, Time : 28.691 s
Timestep : 832104, score : -1345.3060156782449, Time : 28.615 s
Timestep : 840863, score : -1146.0192739027843, Time : 28.115 s
Timestep : 849622, score : -1263.406751868868, Time : 28.742 s
Timestep : 858381, score : -1249.2215482902538, Time : 28.742 s
Timestep : 867140, score : -1175.9020261226979, Time : 28.711 s
Timestep : 875899, score : -1094.808797813981, Time : 28.728 s
Starting local evaluation
Num Steps: 1000, Num episodes: 0
Num Steps: 2000, Num episodes: 0
Num Steps: 3000, Num episodes: 0
Num Steps: 4000, Num episodes: 0
Num Steps: 5000, Num episodes: 0
Num Steps: 6000, Num episodes: 0
Num Steps: 7000, Num episodes: 0
Num Steps: 8000, Num episodes: 0
Episode complete: 1 | Latest episode metrics: {'price_cost': 0.8377427250314119, 'emmision_cost': 0.9490272837721633}
[-0.09601806] -0.09601806457658342
Average Price Cost: 0.8377427250314119
Average Emmision Cost: 0.9490272837721633
Average of both costs: 0.8933850044017876
Total time taken by agent: 4.0373496459797025s
DONE!
