{'agent': 'DQN', 'action_selection': 'softmax', 'seed': 1, 'episodes': 100, 'data_path': 'data/citylearn_challenge_2022_phase_1', 'dry_run': False, 'n_discrete': 9, 'update_target': 4, 'lr': 0.003, 'batch_size': 8, 'adam_epsilon': 1e-07, 'epsilon_final': 0.02, 'run_id': 18}
{'Notes': 'This is a tuning run, executed on a single building.',
 'action_selection': 'softmax',
 'adam_epsilon': 1e-07,
 'env': '<NormalizeObservation<OneHotHour<DiscreteSingle<CityLearnEnv '
        'instance>>>>',
 'final_exploration_rate': 0.02,
 'final_exploration_step': 1000,
 'gamma': 0.99,
 'initial_exploration_rate': 1,
 'learning_rate': 0.003,
 'loss': 'mse',
 'minibatch_size': 8,
 'network': 'MLP(\n'
            '  (layers): Sequential(\n'
            '    (0): Linear(in_features=29, out_features=128, bias=True)\n'
            '    (1): ReLU()\n'
            '    (2): Linear(in_features=128, out_features=128, bias=True)\n'
            '    (3): ReLU()\n'
            '    (4): Linear(in_features=128, out_features=9, bias=True)\n'
            '  )\n'
            ')',
 'replay_buffer_size': 10000,
 'replay_start_size': 8,
 'seed': 1,
 'train_steps': 876000,
 'update_frequency': 1,
 'update_target_frequency': 4,
 'weight_scale': 1.4142135623730951}
Timestep : 8758, score : -7439.42397576294, Time : 23.363 s
Timestep : 17517, score : -12226.892104352897, Time : 23.254 s
Timestep : 26276, score : -7663.912118854845, Time : 23.109 s
Timestep : 35035, score : -7146.683989825149, Time : 23.947 s
Timestep : 43794, score : -7224.2282005857705, Time : 24.184 s
Timestep : 52553, score : -8317.61629304217, Time : 23.798 s
Timestep : 61312, score : -9128.666844190826, Time : 23.591 s
Timestep : 70071, score : -8487.341815531981, Time : 23.558 s
Timestep : 78830, score : -9507.390828646865, Time : 23.519 s
Timestep : 87589, score : -8773.286964712155, Time : 24.118 s
Timestep : 96348, score : -10530.533053763866, Time : 24.322 s
Timestep : 105107, score : -8565.707536490081, Time : 23.846 s
Timestep : 113866, score : -10211.91661779226, Time : 23.583 s
Timestep : 122625, score : -8907.141348581368, Time : 23.556 s
Timestep : 131384, score : -9124.196809685178, Time : 23.442 s
Timestep : 140143, score : -7827.303264882445, Time : 23.483 s
Timestep : 148902, score : -8854.988616313698, Time : 24.387 s
Timestep : 157661, score : -8161.591857895561, Time : 24.043 s
Timestep : 166420, score : -7175.350683262484, Time : 23.673 s
Timestep : 175179, score : -7265.436845719654, Time : 23.289 s
Timestep : 183938, score : -7593.023611468147, Time : 23.216 s
Timestep : 192697, score : -7340.969005968334, Time : 23.787 s
Timestep : 201456, score : -7743.579969572631, Time : 24.373 s
Timestep : 210215, score : -8309.71989182476, Time : 23.97 s
Timestep : 218974, score : -7033.737292971025, Time : 23.886 s
Timestep : 227733, score : -7899.347604642302, Time : 23.695 s
Timestep : 236492, score : -7540.389670292643, Time : 23.616 s
Timestep : 245251, score : -7511.595989625392, Time : 23.792 s
Timestep : 254010, score : -8104.165702920785, Time : 24.368 s
Timestep : 262769, score : -7871.786729676212, Time : 23.922 s
Timestep : 271528, score : -7696.962168890721, Time : 23.857 s
Timestep : 280287, score : -7834.61592511661, Time : 23.907 s
Timestep : 289046, score : -7973.571057725727, Time : 23.634 s
Timestep : 297805, score : -7553.474231928849, Time : 23.644 s
Timestep : 306564, score : -7925.505831721617, Time : 24.394 s
Timestep : 315323, score : -8021.874686038849, Time : 24.057 s
Timestep : 324082, score : -8055.888760696005, Time : 23.392 s
Timestep : 332841, score : -7784.175237174291, Time : 23.904 s
Timestep : 341600, score : -7710.48009731507, Time : 23.627 s
Timestep : 350359, score : -7968.419644754569, Time : 23.621 s
Timestep : 359118, score : -7719.506377975296, Time : 24.228 s
Timestep : 367877, score : -8178.175033397652, Time : 24.019 s
Timestep : 376636, score : -8433.361141690053, Time : 23.676 s
Timestep : 385395, score : -8749.671422580985, Time : 23.875 s
Timestep : 394154, score : -7478.6133090266085, Time : 23.691 s
Timestep : 402913, score : -7837.642250424629, Time : 23.0 s
Timestep : 411672, score : -7726.5430692368245, Time : 24.09 s
Timestep : 420431, score : -7560.65426830182, Time : 24.245 s
Timestep : 429190, score : -8061.958983780962, Time : 23.638 s
Timestep : 437949, score : -7695.559018683009, Time : 23.931 s
Timestep : 446708, score : -8173.0145946214325, Time : 23.75 s
Timestep : 455467, score : -7502.795820355328, Time : 23.501 s
Timestep : 464226, score : -7938.980078184191, Time : 24.079 s
Timestep : 472985, score : -7970.892940669859, Time : 24.192 s
Timestep : 481744, score : -8547.221508410323, Time : 23.63 s
Timestep : 490503, score : -7851.95380606738, Time : 23.842 s
Timestep : 499262, score : -8143.898553149804, Time : 23.833 s
Timestep : 508021, score : -8368.66101817922, Time : 23.655 s
Timestep : 516780, score : -8335.240534264507, Time : 23.972 s
Timestep : 525539, score : -8110.486479514235, Time : 24.311 s
Timestep : 534298, score : -8109.961000107651, Time : 23.695 s
Timestep : 543057, score : -7837.491945527741, Time : 23.495 s
Timestep : 551816, score : -7782.923292138919, Time : 23.29 s
Timestep : 560575, score : -8116.993002662508, Time : 23.035 s
Timestep : 569334, score : -7959.298568848899, Time : 23.162 s
Timestep : 578093, score : -8356.006790067942, Time : 23.717 s
Timestep : 586852, score : -8318.77884284425, Time : 23.599 s
Timestep : 595611, score : -7976.448079279944, Time : 23.935 s
Timestep : 604370, score : -7938.789313732901, Time : 24.232 s
Timestep : 613129, score : -8002.910569981934, Time : 24.095 s
Timestep : 621888, score : -8053.508437575569, Time : 24.018 s
Timestep : 630647, score : -8539.871594086246, Time : 24.207 s
Timestep : 639406, score : -7901.852735955414, Time : 24.262 s
Timestep : 648165, score : -8009.998619632403, Time : 23.955 s
Timestep : 656924, score : -8181.192082107649, Time : 24.17 s
Timestep : 665683, score : -8085.656002856049, Time : 24.166 s
Timestep : 674442, score : -8380.869934825285, Time : 24.016 s
DONE!
