{'agent': 'DQN', 'action_selection': 'softmax', 'seed': 1, 'episodes': 100, 'data_path': 'data/citylearn_challenge_2022_phase_1', 'dry_run': False, 'n_discrete': 9, 'update_target': 32, 'lr': 0.0001, 'batch_size': 1, 'adam_epsilon': 1e-07, 'epsilon_final': 0.02, 'run_id': 158}
{'Notes': 'This is a tuning run, executed on a single building.',
 'action_selection': 'softmax',
 'adam_epsilon': 1e-07,
 'env': '<NormalizeObservation<OneHotHour<DiscreteSingle<CityLearnEnv '
        'instance>>>>',
 'final_exploration_rate': 0.02,
 'final_exploration_step': 1000,
 'gamma': 0.99,
 'initial_exploration_rate': 1,
 'learning_rate': 0.0001,
 'loss': 'mse',
 'minibatch_size': 1,
 'network': 'MLP(\n'
            '  (layers): Sequential(\n'
            '    (0): Linear(in_features=29, out_features=128, bias=True)\n'
            '    (1): ReLU()\n'
            '    (2): Linear(in_features=128, out_features=128, bias=True)\n'
            '    (3): ReLU()\n'
            '    (4): Linear(in_features=128, out_features=9, bias=True)\n'
            '  )\n'
            ')',
 'replay_buffer_size': 10000,
 'replay_start_size': 1,
 'seed': 1,
 'train_steps': 876000,
 'update_frequency': 1,
 'update_target_frequency': 32,
 'weight_scale': 1.4142135623730951}
Timestep : 8758, score : -5703.656563577664, Time : 21.672 s
Timestep : 17517, score : -4086.9142604669614, Time : 19.785 s
Timestep : 26276, score : -4098.119509716897, Time : 19.684 s
Timestep : 35035, score : -4571.150290353602, Time : 19.728 s
Timestep : 43794, score : -4671.666971385857, Time : 19.763 s
Timestep : 52553, score : -4044.7337459674163, Time : 19.774 s
Timestep : 61312, score : -4047.2751244207902, Time : 20.154 s
Timestep : 70071, score : -4139.792580989568, Time : 19.955 s
Timestep : 78830, score : -4145.260422834574, Time : 19.737 s
Timestep : 87589, score : -4116.855114368169, Time : 19.725 s
Timestep : 96348, score : -4129.814018865494, Time : 19.743 s
Timestep : 105107, score : -4269.798009910999, Time : 19.818 s
Timestep : 113866, score : -4230.19079187524, Time : 26.593 s
Timestep : 122625, score : -4055.354052891402, Time : 24.246 s
Timestep : 131384, score : -4045.798325633077, Time : 21.946 s
Timestep : 140143, score : -4044.6752351796313, Time : 21.32 s
Timestep : 148902, score : -4092.0414617596252, Time : 21.298 s
Timestep : 157661, score : -4061.2938653281017, Time : 21.339 s
Timestep : 166420, score : -4052.523154800205, Time : 22.86 s
Timestep : 175179, score : -4063.030634530267, Time : 24.204 s
Timestep : 183938, score : -4089.3694680333865, Time : 22.219 s
Timestep : 192697, score : -4065.8727387088147, Time : 25.056 s
Timestep : 201456, score : -4079.753557321994, Time : 25.088 s
Timestep : 210215, score : -4038.6783365806623, Time : 23.921 s
Timestep : 218974, score : -4171.673021845592, Time : 21.396 s
Timestep : 227733, score : -4155.584885050921, Time : 21.371 s
Timestep : 236492, score : -4163.449677472381, Time : 19.8 s
Timestep : 245251, score : -4194.471852948336, Time : 19.869 s
Timestep : 254010, score : -4074.084724997243, Time : 21.314 s
Timestep : 262769, score : -4087.2308194982616, Time : 26.489 s
Timestep : 271528, score : -4081.097728327921, Time : 25.283 s
Timestep : 280287, score : -4067.2248175418063, Time : 25.32 s
Timestep : 289046, score : -4111.154852286054, Time : 25.039 s
Timestep : 297805, score : -4210.297790870449, Time : 24.957 s
Timestep : 306564, score : -4159.93438908321, Time : 25.233 s
Timestep : 315323, score : -4107.153854139222, Time : 25.309 s
Timestep : 324082, score : -4057.3520786887093, Time : 25.026 s
Timestep : 332841, score : -4041.341109861998, Time : 25.01 s
Timestep : 341600, score : -4034.066302081017, Time : 25.01 s
Timestep : 350359, score : -4062.6038637062593, Time : 26.348 s
Timestep : 359118, score : -4039.0166398821457, Time : 26.579 s
Timestep : 367877, score : -4114.458652816786, Time : 25.468 s
Timestep : 376636, score : -4112.310826425819, Time : 25.217 s
Timestep : 385395, score : -4056.0174649035616, Time : 25.05 s
Timestep : 394154, score : -4144.340054200104, Time : 25.285 s
Timestep : 402913, score : -4206.608660138285, Time : 25.16 s
Timestep : 411672, score : -4249.380276004857, Time : 25.043 s
Timestep : 420431, score : -4147.22092898663, Time : 24.975 s
Timestep : 429190, score : -4184.142449262043, Time : 24.921 s
Timestep : 437949, score : -4368.475694438632, Time : 25.046 s
Timestep : 446708, score : -4367.028258021179, Time : 26.266 s
Timestep : 455467, score : -4305.357181832267, Time : 26.811 s
Timestep : 464226, score : -4168.5387775043055, Time : 25.497 s
Timestep : 472985, score : -4125.868721331848, Time : 24.955 s
Timestep : 481744, score : -4130.975145751057, Time : 24.953 s
Timestep : 490503, score : -4095.1793390478997, Time : 24.968 s
Timestep : 499262, score : -4251.41895201421, Time : 25.226 s
Timestep : 508021, score : -5019.304408072989, Time : 25.333 s
Timestep : 516780, score : -4332.437856854085, Time : 20.683 s
Timestep : 525539, score : -4231.779356965009, Time : 19.896 s
Timestep : 534298, score : -4144.103053419298, Time : 24.739 s
Timestep : 543057, score : -4268.854851519136, Time : 25.722 s
Timestep : 551816, score : -4176.749782150524, Time : 27.62 s
Timestep : 560575, score : -4447.60953379728, Time : 25.421 s
Timestep : 569334, score : -4190.272311550943, Time : 25.123 s
Timestep : 578093, score : -4227.361221314786, Time : 25.027 s
Timestep : 586852, score : -4347.309085272631, Time : 25.065 s
Timestep : 595611, score : -4395.488531447161, Time : 25.428 s
Timestep : 604370, score : -3810.8926161478303, Time : 25.418 s
Timestep : 613129, score : -3734.407504210627, Time : 22.767 s
Timestep : 621888, score : -3980.088880989846, Time : 19.86 s
Timestep : 630647, score : -3827.402849343169, Time : 19.88 s
Timestep : 639406, score : -4252.29750832697, Time : 19.906 s
Timestep : 648165, score : -4065.6393052315398, Time : 25.321 s
Timestep : 656924, score : -4182.374171559146, Time : 23.674 s
Timestep : 665683, score : -4106.361849621317, Time : 20.079 s
Timestep : 674442, score : -4107.172131099651, Time : 20.233 s
Timestep : 683201, score : -4232.375515245745, Time : 19.771 s
Timestep : 691960, score : -4245.513477652712, Time : 19.73 s
Timestep : 700719, score : -3941.8058158926724, Time : 21.602 s
Timestep : 709478, score : -4112.748390988825, Time : 24.611 s
Timestep : 718237, score : -3815.1100966519734, Time : 24.448 s
Timestep : 726996, score : -4015.823446518072, Time : 24.598 s
Timestep : 735755, score : -3480.140369986795, Time : 24.679 s
Timestep : 744514, score : -3476.71855879997, Time : 24.692 s
Timestep : 753273, score : -3552.2532277837454, Time : 24.815 s
Timestep : 762032, score : -3520.097573093284, Time : 24.922 s
Timestep : 770791, score : -3190.621393471287, Time : 22.325 s
Timestep : 779550, score : -3829.4286970853864, Time : 19.351 s
Timestep : 788309, score : -4205.004733545735, Time : 19.74 s
Timestep : 797068, score : -4080.527786757244, Time : 27.075 s
Timestep : 805827, score : -3876.083371719724, Time : 20.315 s
Timestep : 814586, score : -3274.473211873512, Time : 19.536 s
Timestep : 823345, score : -3342.667227585247, Time : 19.213 s
Timestep : 832104, score : -3244.650038673921, Time : 19.216 s
Timestep : 840863, score : -1994.9209170604881, Time : 19.278 s
Timestep : 849622, score : -3183.6749708940333, Time : 19.258 s
Timestep : 858381, score : -2483.6692604693526, Time : 23.533 s
Timestep : 867140, score : -2938.3849479472556, Time : 21.395 s
Timestep : 875899, score : -3207.1263315280958, Time : 19.751 s
Starting local evaluation
Num Steps: 1000, Num episodes: 0
Num Steps: 2000, Num episodes: 0
Num Steps: 3000, Num episodes: 0
Num Steps: 4000, Num episodes: 0
Num Steps: 5000, Num episodes: 0
Num Steps: 6000, Num episodes: 0
Num Steps: 7000, Num episodes: 0
Num Steps: 8000, Num episodes: 0
Episode complete: 1 | Latest episode metrics: {'price_cost': 0.970926019348786, 'emmision_cost': 0.9932455692039686}
[-0.20744519] -0.20744519119586233
Average Price Cost: 0.970926019348786
Average Emmision Cost: 0.9932455692039686
Average of both costs: 0.9820857942763772
Total time taken by agent: 3.149101275485009s
DONE!
