{'agent': 'DQN', 'action_selection': 'softmax', 'seed': 1, 'episodes': 100, 'data_path': 'data/citylearn_challenge_2022_phase_1', 'dry_run': False, 'n_discrete': 9, 'update_target': 8, 'lr': 0.0007, 'batch_size': 64, 'adam_epsilon': 1e-06, 'epsilon_final': 0.02, 'run_id': 124}
{'Notes': 'This is a tuning run, executed on a single building.',
 'action_selection': 'softmax',
 'adam_epsilon': 1e-06,
 'env': '<NormalizeObservation<OneHotHour<DiscreteSingle<CityLearnEnv '
        'instance>>>>',
 'final_exploration_rate': 0.02,
 'final_exploration_step': 1000,
 'gamma': 0.99,
 'initial_exploration_rate': 1,
 'learning_rate': 0.0007,
 'loss': 'mse',
 'minibatch_size': 64,
 'network': 'MLP(\n'
            '  (layers): Sequential(\n'
            '    (0): Linear(in_features=29, out_features=128, bias=True)\n'
            '    (1): ReLU()\n'
            '    (2): Linear(in_features=128, out_features=128, bias=True)\n'
            '    (3): ReLU()\n'
            '    (4): Linear(in_features=128, out_features=9, bias=True)\n'
            '  )\n'
            ')',
 'replay_buffer_size': 10000,
 'replay_start_size': 64,
 'seed': 1,
 'train_steps': 876000,
 'update_frequency': 1,
 'update_target_frequency': 8,
 'weight_scale': 1.4142135623730951}
Timestep : 8758, score : -5583.395122650923, Time : 21.925 s
Timestep : 17517, score : -5054.509726536489, Time : 21.794 s
Timestep : 26276, score : -4324.0925186780805, Time : 21.618 s
Timestep : 35035, score : -4290.8242552288575, Time : 21.599 s
Timestep : 43794, score : -4466.055629856812, Time : 21.56 s
Timestep : 52553, score : -4232.947166925325, Time : 21.515 s
Timestep : 61312, score : -3377.5066522333946, Time : 21.778 s
Timestep : 70071, score : -3188.263041481754, Time : 21.68 s
Timestep : 78830, score : -3688.2864064442983, Time : 22.289 s
Timestep : 87589, score : -3207.44290566814, Time : 22.304 s
Timestep : 96348, score : -3406.828101479652, Time : 23.819 s
Timestep : 105107, score : -3153.996028381778, Time : 25.135 s
Timestep : 113866, score : -2933.1461838202376, Time : 22.856 s
Timestep : 122625, score : -3119.0972963214444, Time : 22.388 s
Timestep : 131384, score : -2986.818021001789, Time : 21.925 s
Timestep : 140143, score : -2836.384408250131, Time : 22.32 s
Timestep : 148902, score : -2446.9659867787996, Time : 21.763 s
Timestep : 157661, score : -2629.963653487881, Time : 21.994 s
Timestep : 166420, score : -2647.8667973535194, Time : 22.229 s
Timestep : 175179, score : -2307.051133412664, Time : 22.412 s
Timestep : 183938, score : -2521.373978930089, Time : 22.462 s
Timestep : 192697, score : -2274.0184281166003, Time : 22.164 s
Timestep : 201456, score : -2393.705742439168, Time : 23.06 s
Timestep : 210215, score : -2145.593407169479, Time : 26.005 s
Timestep : 218974, score : -2524.4888310678944, Time : 22.574 s
Timestep : 227733, score : -2207.690635529303, Time : 21.861 s
Timestep : 236492, score : -2079.5576585179224, Time : 22.314 s
Timestep : 245251, score : -1928.526099880488, Time : 22.371 s
Timestep : 254010, score : -2156.0389212842856, Time : 21.605 s
Timestep : 262769, score : -2358.648115539778, Time : 21.634 s
Timestep : 271528, score : -2231.543238761049, Time : 21.57 s
Timestep : 280287, score : -2028.88933325783, Time : 21.545 s
Timestep : 289046, score : -1944.9204702319403, Time : 22.22 s
Timestep : 297805, score : -1709.3840134798374, Time : 22.098 s
Timestep : 306564, score : -1923.820958363547, Time : 22.29 s
Timestep : 315323, score : -1857.6349266096513, Time : 26.027 s
Timestep : 324082, score : -1983.5180740482465, Time : 23.553 s
Timestep : 332841, score : -1853.3781886404904, Time : 21.837 s
Timestep : 341600, score : -1622.1475166726887, Time : 21.821 s
Timestep : 350359, score : -1578.1501451651857, Time : 22.201 s
Timestep : 359118, score : -1814.9586060147558, Time : 22.313 s
Timestep : 367877, score : -1471.5830831053026, Time : 22.357 s
Timestep : 376636, score : -1692.7594198419538, Time : 21.966 s
Timestep : 385395, score : -1650.1575453861442, Time : 22.256 s
Timestep : 394154, score : -1843.5818665278202, Time : 21.711 s
Timestep : 402913, score : -1620.8517308787268, Time : 22.036 s
Timestep : 411672, score : -1522.9404459086654, Time : 21.981 s
Timestep : 420431, score : -1683.43124244528, Time : 25.193 s
Timestep : 429190, score : -1530.8033873405366, Time : 24.092 s
Timestep : 437949, score : -1587.7602252016368, Time : 22.31 s
Timestep : 446708, score : -1271.8667930898082, Time : 22.409 s
Timestep : 455467, score : -1421.7751053131942, Time : 22.407 s
Timestep : 464226, score : -1381.3003284985025, Time : 22.299 s
Timestep : 472985, score : -1539.650003172952, Time : 22.052 s
Timestep : 481744, score : -1433.5519203681324, Time : 21.508 s
Timestep : 490503, score : -1274.9566120384552, Time : 21.528 s
Timestep : 499262, score : -1310.082423963322, Time : 21.579 s
Timestep : 508021, score : -1260.662830016372, Time : 22.02 s
Timestep : 516780, score : -1521.3066368850705, Time : 21.567 s
Timestep : 525539, score : -1423.6187288987276, Time : 23.47 s
Timestep : 534298, score : -1327.84572422356, Time : 25.027 s
Timestep : 543057, score : -1378.366261534189, Time : 22.113 s
Timestep : 551816, score : -1324.0584578826383, Time : 21.742 s
Timestep : 560575, score : -1341.2661660854064, Time : 21.976 s
Timestep : 569334, score : -1144.9636914027215, Time : 21.626 s
Timestep : 578093, score : -1270.8740450470068, Time : 21.561 s
Timestep : 586852, score : -1345.8374643145653, Time : 21.547 s
Timestep : 595611, score : -1270.8012754092051, Time : 21.566 s
Timestep : 604370, score : -1286.5898334575177, Time : 21.704 s
Timestep : 613129, score : -1247.4571318985254, Time : 22.006 s
Timestep : 621888, score : -1292.1179946183984, Time : 21.925 s
Timestep : 630647, score : -1136.6447221734852, Time : 21.621 s
Timestep : 639406, score : -1175.4200623750512, Time : 22.01 s
Timestep : 648165, score : -1305.4432531881903, Time : 22.152 s
Timestep : 656924, score : -1408.5871803240443, Time : 21.852 s
Timestep : 665683, score : -1186.736118245899, Time : 22.282 s
Timestep : 674442, score : -1271.3884677434398, Time : 24.615 s
Timestep : 683201, score : -1177.6243221308396, Time : 23.752 s
Timestep : 691960, score : -1096.9962229401863, Time : 21.653 s
Timestep : 700719, score : -1108.652057662519, Time : 21.679 s
Timestep : 709478, score : -1112.4377183693286, Time : 22.257 s
Timestep : 718237, score : -1298.3448958782537, Time : 22.415 s
Timestep : 726996, score : -1053.964266974741, Time : 22.369 s
Timestep : 735755, score : -985.4416862649668, Time : 22.322 s
Timestep : 744514, score : -1036.97028758729, Time : 22.226 s
Timestep : 753273, score : -1141.909798812383, Time : 21.886 s
Timestep : 762032, score : -1149.4372909446538, Time : 21.662 s
Timestep : 770791, score : -1210.6357478138816, Time : 22.439 s
Timestep : 779550, score : -1122.83817345617, Time : 23.511 s
Timestep : 788309, score : -1173.3651905154402, Time : 25.191 s
Timestep : 797068, score : -1262.2911151470907, Time : 21.564 s
Timestep : 805827, score : -1142.2825401781884, Time : 21.671 s
Timestep : 814586, score : -956.7434587481257, Time : 21.931 s
Timestep : 823345, score : -1218.2798446317029, Time : 22.38 s
Timestep : 832104, score : -1161.6700129411474, Time : 22.374 s
Timestep : 840863, score : -1097.0303062348685, Time : 21.886 s
Timestep : 849622, score : -1131.3217974773434, Time : 21.888 s
Timestep : 858381, score : -1170.882489939715, Time : 21.868 s
Timestep : 867140, score : -1013.6997854850779, Time : 21.59 s
Timestep : 875899, score : -1073.9157186327793, Time : 21.583 s
Starting local evaluation
Num Steps: 1000, Num episodes: 0
Num Steps: 2000, Num episodes: 0
Num Steps: 3000, Num episodes: 0
Num Steps: 4000, Num episodes: 0
Num Steps: 5000, Num episodes: 0
Num Steps: 6000, Num episodes: 0
Num Steps: 7000, Num episodes: 0
Num Steps: 8000, Num episodes: 0
Episode complete: 1 | Latest episode metrics: {'price_cost': 0.8276350922502167, 'emmision_cost': 0.9253805794829909}
[-0.07560058] -0.07560058390024574
Average Price Cost: 0.8276350922502167
Average Emmision Cost: 0.9253805794829909
Average of both costs: 0.8765078358666039
Total time taken by agent: 3.4030986165162176s
DONE!
