{'agent': 'DQN', 'action_selection': 'egreedy', 'seed': 1, 'episodes': 100, 'data_path': 'data/citylearn_challenge_2022_phase_1', 'dry_run': False, 'n_discrete': 9, 'update_target': 16, 'lr': 7e-05, 'batch_size': 4, 'adam_epsilon': 1e-08, 'epsilon_final': 0.02, 'run_id': 343}
{'Notes': 'This is a tuning run, executed on a single building.',
 'action_selection': 'egreedy',
 'adam_epsilon': 1e-08,
 'env': '<NormalizeObservation<OneHotHour<DiscreteSingle<CityLearnEnv '
        'instance>>>>',
 'final_exploration_rate': 0.02,
 'final_exploration_step': 1000,
 'gamma': 0.99,
 'initial_exploration_rate': 1,
 'learning_rate': 7e-05,
 'loss': 'mse',
 'minibatch_size': 4,
 'network': 'MLP(\n'
            '  (layers): Sequential(\n'
            '    (0): Linear(in_features=29, out_features=128, bias=True)\n'
            '    (1): ReLU()\n'
            '    (2): Linear(in_features=128, out_features=128, bias=True)\n'
            '    (3): ReLU()\n'
            '    (4): Linear(in_features=128, out_features=9, bias=True)\n'
            '  )\n'
            ')',
 'replay_buffer_size': 10000,
 'replay_start_size': 4,
 'seed': 1,
 'train_steps': 876000,
 'update_frequency': 1,
 'update_target_frequency': 16,
 'weight_scale': 1.4142135623730951}
Timestep : 8758, score : -5851.081983474462, Time : 21.748 s
Timestep : 17517, score : -4880.372892854066, Time : 21.095 s
Timestep : 26276, score : -4895.5968009805365, Time : 21.486 s
Timestep : 35035, score : -4845.055540852161, Time : 21.298 s
Timestep : 43794, score : -4673.547860905906, Time : 21.204 s
Timestep : 52553, score : -4874.585883371139, Time : 21.01 s
Timestep : 61312, score : -4774.499640828377, Time : 21.159 s
Timestep : 70071, score : -4049.319231444417, Time : 21.365 s
Timestep : 78830, score : -3168.535281772987, Time : 21.629 s
Timestep : 87589, score : -1950.770104907715, Time : 21.635 s
Timestep : 96348, score : -1828.151983884054, Time : 21.927 s
Timestep : 105107, score : -2626.2832519098447, Time : 21.924 s
Timestep : 113866, score : -2514.842756786529, Time : 21.931 s
Timestep : 122625, score : -2168.4411898276594, Time : 21.953 s
Timestep : 131384, score : -1708.6177683624264, Time : 21.685 s
Timestep : 140143, score : -1717.7223981131392, Time : 21.868 s
Timestep : 148902, score : -1833.472089370276, Time : 21.936 s
Timestep : 157661, score : -2013.8444609789003, Time : 21.915 s
Timestep : 166420, score : -1833.2861278064956, Time : 21.844 s
Timestep : 175179, score : -2309.1531276151363, Time : 21.927 s
Timestep : 183938, score : -1428.8853276744776, Time : 21.902 s
Timestep : 192697, score : -1592.3622802715108, Time : 21.651 s
Timestep : 201456, score : -1456.7899793370452, Time : 21.816 s
Timestep : 210215, score : -1508.9048026942473, Time : 20.97 s
Timestep : 218974, score : -1363.5506634128105, Time : 20.934 s
Timestep : 227733, score : -1594.4667630500917, Time : 21.223 s
Timestep : 236492, score : -1417.3858673402865, Time : 21.608 s
Timestep : 245251, score : -1620.8759662108787, Time : 21.607 s
Timestep : 254010, score : -1220.5315567445068, Time : 21.639 s
Timestep : 262769, score : -1517.087962670048, Time : 21.573 s
Timestep : 271528, score : -1417.9742261805513, Time : 21.483 s
Timestep : 280287, score : -1642.5913461819582, Time : 21.19 s
Timestep : 289046, score : -1459.9175466597371, Time : 21.343 s
Timestep : 297805, score : -1441.692220396857, Time : 20.965 s
Timestep : 306564, score : -1473.2534600418585, Time : 21.196 s
Timestep : 315323, score : -1534.153702409436, Time : 21.314 s
Timestep : 324082, score : -1517.4797876051452, Time : 21.449 s
Timestep : 332841, score : -1546.799902501778, Time : 21.198 s
Timestep : 341600, score : -1259.7225136329944, Time : 21.239 s
Timestep : 350359, score : -1361.0868913119484, Time : 21.225 s
Timestep : 359118, score : -1304.568871060881, Time : 21.879 s
Timestep : 367877, score : -1200.161745004385, Time : 21.883 s
Timestep : 376636, score : -1129.9041969441168, Time : 21.888 s
Timestep : 385395, score : -1214.6175638665736, Time : 21.892 s
Timestep : 394154, score : -1248.361456639046, Time : 21.91 s
Timestep : 402913, score : -1264.2321806887921, Time : 21.897 s
Timestep : 411672, score : -1195.3421844487602, Time : 21.908 s
Timestep : 420431, score : -1031.486101168004, Time : 21.513 s
Timestep : 429190, score : -1251.4839152120112, Time : 21.407 s
Timestep : 437949, score : -1076.2432608886447, Time : 21.902 s
Timestep : 446708, score : -1341.429539373872, Time : 21.685 s
Timestep : 455467, score : -1220.2161167234008, Time : 21.705 s
Timestep : 464226, score : -1310.4022938220587, Time : 21.891 s
Timestep : 472985, score : -1299.1289227307134, Time : 21.855 s
Timestep : 481744, score : -1321.8880718351866, Time : 21.333 s
Timestep : 490503, score : -1574.105079059751, Time : 21.816 s
Timestep : 499262, score : -1186.8309909317468, Time : 21.917 s
Timestep : 508021, score : -1390.3431853561488, Time : 21.947 s
Timestep : 516780, score : -1604.341735395632, Time : 21.895 s
Timestep : 525539, score : -1194.7466853889928, Time : 21.844 s
Timestep : 534298, score : -1255.2834198589699, Time : 21.817 s
Timestep : 543057, score : -1445.786553069047, Time : 21.786 s
Timestep : 551816, score : -1353.4823140038934, Time : 21.35 s
Timestep : 560575, score : -1331.1268344011914, Time : 21.72 s
Timestep : 569334, score : -1243.2454632334702, Time : 21.814 s
Timestep : 578093, score : -1469.5980023249576, Time : 21.794 s
Timestep : 586852, score : -1461.7104935763928, Time : 21.83 s
Timestep : 595611, score : -1558.6809105349967, Time : 21.825 s
Timestep : 604370, score : -1451.0417703411367, Time : 21.827 s
Timestep : 613129, score : -1234.8601732475508, Time : 21.564 s
Timestep : 621888, score : -1417.4468269872305, Time : 21.88 s
Timestep : 630647, score : -1421.462590271287, Time : 21.891 s
Timestep : 639406, score : -1492.9397760036227, Time : 21.812 s
Timestep : 648165, score : -1392.767678626842, Time : 21.466 s
Timestep : 656924, score : -1087.9776700358198, Time : 21.882 s
Timestep : 665683, score : -1162.9104614586395, Time : 21.878 s
Timestep : 674442, score : -1201.5590018795629, Time : 21.386 s
Timestep : 683201, score : -1219.8239122291852, Time : 21.574 s
Timestep : 691960, score : -1102.7405378243711, Time : 21.201 s
Timestep : 700719, score : -1372.291449648823, Time : 21.788 s
Timestep : 709478, score : -1145.8512213654176, Time : 21.829 s
Timestep : 718237, score : -1291.373781770264, Time : 21.272 s
Timestep : 726996, score : -1332.3139357427426, Time : 21.191 s
Timestep : 735755, score : -1336.0805952335068, Time : 21.19 s
Timestep : 744514, score : -1238.058886484083, Time : 21.56 s
Timestep : 753273, score : -1327.871926371503, Time : 21.673 s
Timestep : 762032, score : -1432.3842914619308, Time : 21.897 s
Timestep : 770791, score : -1382.4796651902143, Time : 21.867 s
Timestep : 779550, score : -1290.777588470868, Time : 21.88 s
Timestep : 788309, score : -1133.8612895408005, Time : 21.545 s
Timestep : 797068, score : -1123.5190713561897, Time : 21.189 s
Timestep : 805827, score : -1206.472345499351, Time : 21.237 s
Timestep : 814586, score : -1355.3775628960284, Time : 21.154 s
Timestep : 823345, score : -1199.3332586899924, Time : 21.485 s
Timestep : 832104, score : -1229.481601075182, Time : 21.632 s
Timestep : 840863, score : -1391.606406529405, Time : 21.62 s
Timestep : 849622, score : -1380.6193574688223, Time : 21.567 s
Timestep : 858381, score : -1307.3084141635336, Time : 21.095 s
Timestep : 867140, score : -1503.089993257221, Time : 21.195 s
Timestep : 875899, score : -1429.8127461162221, Time : 21.544 s
Starting local evaluation
Num Steps: 1000, Num episodes: 0
Num Steps: 2000, Num episodes: 0
Num Steps: 3000, Num episodes: 0
Num Steps: 4000, Num episodes: 0
Num Steps: 5000, Num episodes: 0
Num Steps: 6000, Num episodes: 0
Num Steps: 7000, Num episodes: 0
Num Steps: 8000, Num episodes: 0
Episode complete: 1 | Latest episode metrics: {'price_cost': 0.8182537759976309, 'emmision_cost': 0.9226980517338418}
[-0.06800651] -0.06800650732374729
Average Price Cost: 0.8182537759976309
Average Emmision Cost: 0.9226980517338418
Average of both costs: 0.8704759138657363
Total time taken by agent: 2.569670408964157s
DONE!
