{'agent': 'DQN', 'action_selection': 'softmax', 'seed': 1, 'episodes': 100, 'data_path': 'data/citylearn_challenge_2022_phase_1', 'dry_run': False, 'n_discrete': 9, 'update_target': 16, 'lr': 7e-05, 'batch_size': 32, 'adam_epsilon': 1e-10, 'epsilon_final': 0.02, 'run_id': 177}
{'Notes': 'This is a tuning run, executed on a single building.',
 'action_selection': 'softmax',
 'adam_epsilon': 1e-10,
 'env': '<NormalizeObservation<OneHotHour<DiscreteSingle<CityLearnEnv '
        'instance>>>>',
 'final_exploration_rate': 0.02,
 'final_exploration_step': 1000,
 'gamma': 0.99,
 'initial_exploration_rate': 1,
 'learning_rate': 7e-05,
 'loss': 'mse',
 'minibatch_size': 32,
 'network': 'MLP(\n'
            '  (layers): Sequential(\n'
            '    (0): Linear(in_features=29, out_features=128, bias=True)\n'
            '    (1): ReLU()\n'
            '    (2): Linear(in_features=128, out_features=128, bias=True)\n'
            '    (3): ReLU()\n'
            '    (4): Linear(in_features=128, out_features=9, bias=True)\n'
            '  )\n'
            ')',
 'replay_buffer_size': 10000,
 'replay_start_size': 32,
 'seed': 1,
 'train_steps': 876000,
 'update_frequency': 1,
 'update_target_frequency': 16,
 'weight_scale': 1.4142135623730951}
Timestep : 8758, score : -5236.449012130877, Time : 28.684 s
Timestep : 17517, score : -4195.763424102872, Time : 28.893 s
Timestep : 26276, score : -3257.8047506624425, Time : 29.329 s
Timestep : 35035, score : -3219.391079138455, Time : 29.322 s
Timestep : 43794, score : -3059.8578174919385, Time : 29.603 s
Timestep : 52553, score : -3203.2713774616423, Time : 29.541 s
Timestep : 61312, score : -3081.6386179708934, Time : 29.566 s
Timestep : 70071, score : -2545.462397243158, Time : 29.609 s
Timestep : 78830, score : -2671.2816351204237, Time : 29.516 s
Timestep : 87589, score : -2259.9488892862137, Time : 29.337 s
Timestep : 96348, score : -2663.1538280013046, Time : 29.367 s
Timestep : 105107, score : -2048.894693131282, Time : 29.353 s
Timestep : 113866, score : -2226.8880975848588, Time : 29.345 s
Timestep : 122625, score : -1850.0412569410692, Time : 29.47 s
Timestep : 131384, score : -1907.9179698985972, Time : 29.403 s
Timestep : 140143, score : -2019.0145980459347, Time : 29.404 s
Timestep : 148902, score : -2226.7287796614983, Time : 29.422 s
Timestep : 157661, score : -1928.0523651682597, Time : 29.78 s
Timestep : 166420, score : -1982.4915779938747, Time : 29.752 s
Timestep : 175179, score : -1933.8622750590584, Time : 29.796 s
Timestep : 183938, score : -2285.058192673896, Time : 29.865 s
Timestep : 192697, score : -2235.522414159408, Time : 29.715 s
Timestep : 201456, score : -2290.0334998320614, Time : 29.703 s
Timestep : 210215, score : -2110.9620885915647, Time : 29.652 s
Timestep : 218974, score : -2053.99971419925, Time : 29.572 s
Timestep : 227733, score : -2160.909433446621, Time : 29.418 s
Timestep : 236492, score : -2195.917336812432, Time : 29.393 s
Timestep : 245251, score : -2013.0640279974614, Time : 29.475 s
Timestep : 254010, score : -1806.6167055802216, Time : 29.612 s
Timestep : 262769, score : -1910.6480454475095, Time : 29.476 s
Timestep : 271528, score : -2135.088204402273, Time : 29.558 s
Timestep : 280287, score : -2230.943593601027, Time : 29.55 s
Timestep : 289046, score : -2131.997242126876, Time : 29.554 s
Timestep : 297805, score : -2160.337465601886, Time : 29.585 s
Timestep : 306564, score : -1859.9813642466033, Time : 29.778 s
Timestep : 315323, score : -1626.2085027545982, Time : 29.779 s
Timestep : 324082, score : -1723.3099490929162, Time : 29.234 s
Timestep : 332841, score : -1834.5852111501445, Time : 29.667 s
Timestep : 341600, score : -2235.380956763198, Time : 27.802 s
Timestep : 350359, score : -2181.2216109364817, Time : 28.875 s
Timestep : 359118, score : -2096.089842349669, Time : 29.795 s
Timestep : 367877, score : -2277.4351587310375, Time : 29.717 s
Timestep : 376636, score : -2502.752306641807, Time : 29.602 s
Timestep : 385395, score : -2167.607310898049, Time : 29.757 s
Timestep : 394154, score : -2124.3768280961085, Time : 29.81 s
Timestep : 402913, score : -1943.536486579993, Time : 29.901 s
Timestep : 411672, score : -2255.976560968702, Time : 29.769 s
Timestep : 420431, score : -2259.0416407083976, Time : 29.949 s
Timestep : 429190, score : -2180.021413061724, Time : 29.852 s
Timestep : 437949, score : -2028.3804565130558, Time : 29.817 s
Timestep : 446708, score : -2325.0677427443734, Time : 29.896 s
Timestep : 455467, score : -2155.27040878627, Time : 29.937 s
Timestep : 464226, score : -2102.5759414600325, Time : 29.941 s
Timestep : 472985, score : -2340.6868200087774, Time : 29.941 s
Timestep : 481744, score : -2309.9041076710273, Time : 30.057 s
Timestep : 490503, score : -2427.9430120929064, Time : 29.995 s
Timestep : 499262, score : -2284.944167653186, Time : 30.071 s
Timestep : 508021, score : -2283.8412637196307, Time : 30.043 s
Timestep : 516780, score : -2385.3423062557267, Time : 30.084 s
Timestep : 525539, score : -2247.5559851049475, Time : 30.055 s
Timestep : 534298, score : -2400.625581437518, Time : 29.938 s
Timestep : 543057, score : -2682.2797783247515, Time : 30.035 s
Timestep : 551816, score : -2469.6069595860754, Time : 30.016 s
Timestep : 560575, score : -2409.1978228154767, Time : 29.893 s
Timestep : 569334, score : -2616.249796658085, Time : 29.777 s
Timestep : 578093, score : -2386.0036936349497, Time : 29.901 s
Timestep : 586852, score : -2146.8147065210214, Time : 29.973 s
Timestep : 595611, score : -2475.315068185053, Time : 29.941 s
Timestep : 604370, score : -2261.513851338328, Time : 29.986 s
Timestep : 613129, score : -2233.219675562228, Time : 29.994 s
Timestep : 621888, score : -2302.4115359175776, Time : 30.139 s
Timestep : 630647, score : -2455.3450928708917, Time : 30.11 s
Timestep : 639406, score : -2248.343661719031, Time : 29.791 s
Timestep : 648165, score : -2686.8019573864876, Time : 29.789 s
Timestep : 656924, score : -2487.2762497977383, Time : 29.736 s
Timestep : 665683, score : -2658.3656626336306, Time : 29.551 s
Timestep : 674442, score : -2398.928914887787, Time : 29.596 s
Timestep : 683201, score : -2342.813985721703, Time : 29.686 s
Timestep : 691960, score : -2298.262855432491, Time : 29.613 s
Timestep : 700719, score : -2157.15579314169, Time : 29.802 s
Timestep : 709478, score : -2442.1422768417106, Time : 29.791 s
Timestep : 718237, score : -2620.4213214410993, Time : 29.709 s
Timestep : 726996, score : -2348.953119873666, Time : 29.628 s
Timestep : 735755, score : -2316.122189714908, Time : 29.529 s
Timestep : 744514, score : -2475.345966540699, Time : 29.038 s
Timestep : 753273, score : -2559.930171051601, Time : 29.152 s
Timestep : 762032, score : -2657.513896260032, Time : 29.031 s
Timestep : 770791, score : -2531.5651609594497, Time : 29.586 s
Timestep : 779550, score : -2456.1327994793683, Time : 29.717 s
Timestep : 788309, score : -2373.434316169849, Time : 29.664 s
Timestep : 797068, score : -2303.745128795461, Time : 29.071 s
Timestep : 805827, score : -2193.062340878678, Time : 29.662 s
Timestep : 814586, score : -2266.14638627955, Time : 29.738 s
Timestep : 823345, score : -2559.6066186493554, Time : 29.584 s
Timestep : 832104, score : -2554.9364639278792, Time : 29.431 s
Timestep : 840863, score : -2843.666170342214, Time : 29.724 s
Timestep : 849622, score : -2650.780123787423, Time : 29.701 s
Timestep : 858381, score : -2258.2812693445303, Time : 29.732 s
Timestep : 867140, score : -2214.3206719506416, Time : 28.984 s
Timestep : 875899, score : -2215.513916875614, Time : 29.351 s
Starting local evaluation
Num Steps: 1000, Num episodes: 0
Num Steps: 2000, Num episodes: 0
Num Steps: 3000, Num episodes: 0
Num Steps: 4000, Num episodes: 0
Num Steps: 5000, Num episodes: 0
Num Steps: 6000, Num episodes: 0
Num Steps: 7000, Num episodes: 0
Num Steps: 8000, Num episodes: 0
Episode complete: 1 | Latest episode metrics: {'price_cost': 0.877056437855555, 'emmision_cost': 0.9627625232656194}
[-0.1293121] -0.1293120970408081
Average Price Cost: 0.877056437855555
Average Emmision Cost: 0.9627625232656194
Average of both costs: 0.9199094805605872
Total time taken by agent: 6.919821983625297s
DONE!
