{'agent': 'DQN', 'action_selection': 'egreedy', 'seed': 1, 'episodes': 100, 'data_path': 'data/citylearn_challenge_2022_phase_1', 'dry_run': False, 'n_discrete': 9, 'update_target': 8, 'lr': 0.07, 'batch_size': 2, 'adam_epsilon': 1e-10, 'epsilon_final': 0.02, 'run_id': 240}
{'Notes': 'This is a tuning run, executed on a single building.',
 'action_selection': 'egreedy',
 'adam_epsilon': 1e-10,
 'env': '<NormalizeObservation<OneHotHour<DiscreteSingle<CityLearnEnv '
        'instance>>>>',
 'final_exploration_rate': 0.02,
 'final_exploration_step': 1000,
 'gamma': 0.99,
 'initial_exploration_rate': 1,
 'learning_rate': 0.07,
 'loss': 'mse',
 'minibatch_size': 2,
 'network': 'MLP(\n'
            '  (layers): Sequential(\n'
            '    (0): Linear(in_features=29, out_features=128, bias=True)\n'
            '    (1): ReLU()\n'
            '    (2): Linear(in_features=128, out_features=128, bias=True)\n'
            '    (3): ReLU()\n'
            '    (4): Linear(in_features=128, out_features=9, bias=True)\n'
            '  )\n'
            ')',
 'replay_buffer_size': 10000,
 'replay_start_size': 2,
 'seed': 1,
 'train_steps': 876000,
 'update_frequency': 1,
 'update_target_frequency': 8,
 'weight_scale': 1.4142135623730951}
Timestep : 8758, score : -6410.813440679063, Time : 23.797 s
Timestep : 17517, score : -5554.021971576178, Time : 25.289 s
Timestep : 26276, score : -6374.214209961618, Time : 24.335 s
Timestep : 35035, score : -6133.639497073629, Time : 19.782 s
Timestep : 43794, score : -6634.090938168025, Time : 20.742 s
Timestep : 52553, score : -5721.851207532367, Time : 20.641 s
Timestep : 61312, score : -7054.525034373699, Time : 20.653 s
Timestep : 70071, score : -5654.137786387844, Time : 20.649 s
Timestep : 78830, score : -5750.951603812544, Time : 20.869 s
Timestep : 87589, score : -4154.637837450398, Time : 20.87 s
Timestep : 96348, score : -4158.554897039576, Time : 20.633 s
Timestep : 105107, score : -4755.525074238802, Time : 20.783 s
Timestep : 113866, score : -4714.783370374615, Time : 21.015 s
Timestep : 122625, score : -4462.961312719999, Time : 20.722 s
Timestep : 131384, score : -4551.730396998493, Time : 20.642 s
Timestep : 140143, score : -4577.136444235599, Time : 20.948 s
Timestep : 148902, score : -4613.775650062977, Time : 20.821 s
Timestep : 157661, score : -4596.45041926534, Time : 20.992 s
Timestep : 166420, score : -4452.273743714584, Time : 20.836 s
Timestep : 175179, score : -4495.920876718505, Time : 22.918 s
Timestep : 183938, score : -4655.33656430096, Time : 23.748 s
Timestep : 192697, score : -4697.433956459543, Time : 20.98 s
Timestep : 201456, score : -4507.769415396295, Time : 20.979 s
Timestep : 210215, score : -4598.608524220443, Time : 22.755 s
Timestep : 218974, score : -4586.305594510777, Time : 24.177 s
Timestep : 227733, score : -4462.846279219215, Time : 24.128 s
Timestep : 236492, score : -4480.388834046229, Time : 24.124 s
Timestep : 245251, score : -4473.733525006013, Time : 24.08 s
Timestep : 254010, score : -4535.866311319551, Time : 21.823 s
Timestep : 262769, score : -4632.728037539666, Time : 19.12 s
Timestep : 271528, score : -4610.911067451729, Time : 19.139 s
Timestep : 280287, score : -4450.723193285434, Time : 22.039 s
Timestep : 289046, score : -4601.802061350812, Time : 25.808 s
Timestep : 297805, score : -4635.531483276194, Time : 21.721 s
Timestep : 306564, score : -4567.102076632349, Time : 20.98 s
Timestep : 315323, score : -4543.71883129832, Time : 20.865 s
Timestep : 324082, score : -4429.55345197898, Time : 21.028 s
Timestep : 332841, score : -4673.7968922033615, Time : 20.353 s
Timestep : 341600, score : -4554.76090333928, Time : 19.112 s
Timestep : 350359, score : -4507.147701410955, Time : 23.964 s
Timestep : 359118, score : -4639.865635623602, Time : 24.165 s
Timestep : 367877, score : -4443.949816209642, Time : 24.168 s
Timestep : 376636, score : -4544.126348444639, Time : 24.154 s
Timestep : 385395, score : -4504.830467887368, Time : 20.913 s
Timestep : 394154, score : -4566.996823356865, Time : 25.409 s
Timestep : 402913, score : -4486.7381716932, Time : 24.733 s
Timestep : 411672, score : -4829.677920769274, Time : 20.029 s
Timestep : 420431, score : -4710.219156002655, Time : 21.071 s
Timestep : 429190, score : -4795.09658109388, Time : 21.359 s
Timestep : 437949, score : -4638.839042544394, Time : 23.352 s
Timestep : 446708, score : -4626.1934882266505, Time : 22.128 s
Timestep : 455467, score : -4567.685418099543, Time : 19.118 s
Timestep : 464226, score : -4616.488242083651, Time : 19.096 s
Timestep : 472985, score : -4683.523768922692, Time : 19.125 s
Timestep : 481744, score : -4613.4982627857535, Time : 19.101 s
Timestep : 490503, score : -4585.371706118254, Time : 19.112 s
Timestep : 499262, score : -4560.153125504759, Time : 19.109 s
Timestep : 508021, score : -4577.5865209410695, Time : 25.874 s
Timestep : 516780, score : -4575.233342855732, Time : 22.9 s
Timestep : 525539, score : -4570.83150777538, Time : 21.102 s
Timestep : 534298, score : -4550.258158824901, Time : 20.884 s
Timestep : 543057, score : -4521.178010071075, Time : 21.004 s
Timestep : 551816, score : -4425.82093318869, Time : 22.698 s
Timestep : 560575, score : -4577.281336876593, Time : 24.235 s
Timestep : 569334, score : -4711.737631963013, Time : 24.202 s
Timestep : 578093, score : -4532.866270350554, Time : 23.836 s
Timestep : 586852, score : -4709.464153469802, Time : 19.331 s
Timestep : 595611, score : -4617.559839566384, Time : 19.179 s
Timestep : 604370, score : -4512.638538066676, Time : 19.624 s
Timestep : 613129, score : -4602.328539198643, Time : 21.986 s
Timestep : 621888, score : -4492.664545244799, Time : 25.792 s
Timestep : 630647, score : -4445.149803136854, Time : 24.334 s
Timestep : 639406, score : -4579.548113414465, Time : 24.112 s
Timestep : 648165, score : -4599.130300449586, Time : 24.29 s
Timestep : 656924, score : -4487.74363882796, Time : 24.142 s
Timestep : 665683, score : -4747.855604836164, Time : 24.128 s
Timestep : 674442, score : -4441.654790923843, Time : 24.12 s
Timestep : 683201, score : -4528.797577880236, Time : 24.133 s
Timestep : 691960, score : -4676.593597745901, Time : 24.111 s
Timestep : 700719, score : -4523.556153959042, Time : 24.151 s
Timestep : 709478, score : -4545.737872215992, Time : 23.389 s
Timestep : 718237, score : -4460.819738213351, Time : 20.041 s
Timestep : 726996, score : -4535.948742643843, Time : 22.236 s
Timestep : 735755, score : -4482.8605203231855, Time : 23.352 s
Timestep : 744514, score : -4597.23203281693, Time : 24.176 s
Timestep : 753273, score : -4547.673660281493, Time : 25.748 s
Timestep : 762032, score : -4512.228718913189, Time : 25.72 s
Timestep : 770791, score : -4569.181805972388, Time : 24.311 s
Timestep : 779550, score : -4512.914859585377, Time : 22.908 s
Timestep : 788309, score : -4441.639296112029, Time : 20.663 s
Timestep : 797068, score : -4520.017628902831, Time : 19.626 s
Timestep : 805827, score : -4448.357231574511, Time : 19.184 s
Timestep : 814586, score : -4534.875785016833, Time : 19.169 s
Timestep : 823345, score : -4588.488480362488, Time : 19.255 s
Timestep : 832104, score : -4502.321321238836, Time : 22.188 s
Timestep : 840863, score : -4566.182077980979, Time : 21.277 s
Timestep : 849622, score : -4597.768817061937, Time : 19.117 s
Timestep : 858381, score : -4779.808197349688, Time : 19.122 s
Timestep : 867140, score : -4674.17862410823, Time : 23.24 s
Timestep : 875899, score : -4457.1878505810455, Time : 23.038 s
Starting local evaluation
Num Steps: 1000, Num episodes: 0
Num Steps: 2000, Num episodes: 0
Num Steps: 3000, Num episodes: 0
Num Steps: 4000, Num episodes: 0
Num Steps: 5000, Num episodes: 0
Num Steps: 6000, Num episodes: 0
Num Steps: 7000, Num episodes: 0
Num Steps: 8000, Num episodes: 0
Episode complete: 1 | Latest episode metrics: {'price_cost': 1.0116162592836038, 'emmision_cost': 1.0128924469798144}
[-0.24510625] -0.24510625496659016
Average Price Cost: 1.0116162592836038
Average Emmision Cost: 1.0128924469798144
Average of both costs: 1.0122543531317092
Total time taken by agent: 2.135298836277798s
DONE!
