{'agent': 'DQN', 'action_selection': 'softmax', 'seed': 1, 'episodes': 100, 'data_path': 'data/citylearn_challenge_2022_phase_1', 'dry_run': False, 'n_discrete': 9, 'update_target': 4, 'lr': 0.03, 'batch_size': 16, 'adam_epsilon': 0.0001, 'epsilon_final': 0.02, 'run_id': 81}
{'Notes': 'This is a tuning run, executed on a single building.',
 'action_selection': 'softmax',
 'adam_epsilon': 0.0001,
 'env': '<NormalizeObservation<OneHotHour<DiscreteSingle<CityLearnEnv '
        'instance>>>>',
 'final_exploration_rate': 0.02,
 'final_exploration_step': 1000,
 'gamma': 0.99,
 'initial_exploration_rate': 1,
 'learning_rate': 0.03,
 'loss': 'mse',
 'minibatch_size': 16,
 'network': 'MLP(\n'
            '  (layers): Sequential(\n'
            '    (0): Linear(in_features=29, out_features=128, bias=True)\n'
            '    (1): ReLU()\n'
            '    (2): Linear(in_features=128, out_features=128, bias=True)\n'
            '    (3): ReLU()\n'
            '    (4): Linear(in_features=128, out_features=9, bias=True)\n'
            '  )\n'
            ')',
 'replay_buffer_size': 10000,
 'replay_start_size': 16,
 'seed': 1,
 'train_steps': 876000,
 'update_frequency': 1,
 'update_target_frequency': 4,
 'weight_scale': 1.4142135623730951}
Timestep : 8758, score : -7461.523875129322, Time : 22.912 s
Timestep : 17517, score : -8917.817417147075, Time : 23.149 s
Timestep : 26276, score : -7024.565210732428, Time : 23.354 s
Timestep : 35035, score : -8391.578331061552, Time : 24.358 s
Timestep : 43794, score : -6717.789202640139, Time : 23.293 s
Timestep : 52553, score : -6885.68179463502, Time : 23.167 s
Timestep : 61312, score : -4216.382277674231, Time : 23.255 s
Timestep : 70071, score : -4030.212545355229, Time : 23.25 s
Timestep : 78830, score : -4030.212545355229, Time : 23.926 s
Timestep : 87589, score : -4030.212545355229, Time : 23.547 s
Timestep : 96348, score : -4030.212545355229, Time : 22.537 s
Timestep : 105107, score : -4030.212545355229, Time : 23.032 s
Timestep : 113866, score : -4030.212545355229, Time : 23.509 s
Timestep : 122625, score : -4030.212545355229, Time : 23.907 s
Timestep : 131384, score : -4030.212545355229, Time : 24.034 s
Timestep : 140143, score : -4030.212545355229, Time : 22.97 s
Timestep : 148902, score : -4030.212545355229, Time : 23.056 s
Timestep : 157661, score : -4030.212545355229, Time : 22.538 s
Timestep : 166420, score : -4030.212545355229, Time : 23.039 s
Timestep : 175179, score : -4030.212545355229, Time : 23.367 s
Timestep : 183938, score : -4030.212545355229, Time : 23.677 s
Timestep : 192697, score : -4030.212545355229, Time : 23.205 s
Timestep : 201456, score : -4030.212545355229, Time : 23.208 s
Timestep : 210215, score : -4030.212545355229, Time : 23.183 s
Timestep : 218974, score : -4030.212545355229, Time : 23.554 s
Timestep : 227733, score : -4030.212545355229, Time : 23.917 s
Timestep : 236492, score : -4030.212545355229, Time : 23.276 s
Timestep : 245251, score : -4030.212545355229, Time : 23.197 s
Timestep : 254010, score : -4030.212545355229, Time : 23.221 s
Timestep : 262769, score : -4030.212545355229, Time : 22.82 s
Timestep : 271528, score : -4030.212545355229, Time : 23.474 s
Timestep : 280287, score : -4030.212545355229, Time : 23.101 s
Timestep : 289046, score : -4030.212545355229, Time : 22.884 s
Timestep : 297805, score : -4030.212545355229, Time : 23.166 s
Timestep : 306564, score : -4030.212545355229, Time : 23.187 s
Timestep : 315323, score : -4030.212545355229, Time : 23.578 s
Timestep : 324082, score : -4030.212545355229, Time : 23.901 s
Timestep : 332841, score : -4030.212545355229, Time : 23.268 s
Timestep : 341600, score : -4030.212545355229, Time : 23.214 s
Timestep : 350359, score : -4030.212545355229, Time : 23.219 s
Timestep : 359118, score : -4030.212545355229, Time : 23.274 s
Timestep : 367877, score : -4030.212545355229, Time : 23.921 s
Timestep : 376636, score : -4030.212545355229, Time : 23.63 s
Timestep : 385395, score : -4030.212545355229, Time : 23.206 s
Timestep : 394154, score : -4030.212545355229, Time : 23.221 s
Timestep : 402913, score : -4030.212545355229, Time : 23.215 s
Timestep : 411672, score : -4030.212545355229, Time : 23.659 s
Timestep : 420431, score : -4030.212545355229, Time : 23.925 s
Timestep : 429190, score : -4030.212545355229, Time : 23.222 s
Timestep : 437949, score : -4030.212545355229, Time : 23.209 s
Timestep : 446708, score : -4030.212545355229, Time : 23.195 s
Timestep : 455467, score : -4030.212545355229, Time : 23.345 s
Timestep : 464226, score : -4030.212545355229, Time : 23.921 s
Timestep : 472985, score : -4030.212545355229, Time : 23.528 s
Timestep : 481744, score : -4030.212545355229, Time : 23.21 s
Timestep : 490503, score : -4030.212545355229, Time : 23.205 s
Timestep : 499262, score : -4030.212545355229, Time : 22.943 s
Timestep : 508021, score : -4030.212545355229, Time : 24.107 s
Timestep : 516780, score : -4030.212545355229, Time : 24.248 s
Timestep : 525539, score : -4030.212545355229, Time : 23.566 s
Timestep : 534298, score : -4030.212545355229, Time : 23.57 s
Timestep : 543057, score : -4030.212545355229, Time : 23.574 s
Timestep : 551816, score : -4030.212545355229, Time : 23.787 s
Timestep : 560575, score : -4030.212545355229, Time : 24.111 s
Timestep : 569334, score : -4030.212545355229, Time : 23.787 s
Timestep : 578093, score : -4030.212545355229, Time : 23.572 s
Timestep : 586852, score : -4030.212545355229, Time : 23.602 s
Timestep : 595611, score : -4030.212545355229, Time : 23.459 s
Timestep : 604370, score : -4030.212545355229, Time : 23.86 s
Timestep : 613129, score : -4030.212545355229, Time : 23.709 s
Timestep : 621888, score : -4030.212545355229, Time : 23.202 s
Timestep : 630647, score : -4030.212545355229, Time : 23.206 s
Timestep : 639406, score : -4030.212545355229, Time : 23.195 s
Timestep : 648165, score : -4030.212545355229, Time : 23.531 s
Timestep : 656924, score : -4030.212545355229, Time : 23.601 s
Timestep : 665683, score : -4030.212545355229, Time : 22.848 s
Timestep : 674442, score : -4030.212545355229, Time : 23.158 s
Timestep : 683201, score : -4030.212545355229, Time : 23.164 s
Timestep : 691960, score : -4030.212545355229, Time : 23.162 s
Timestep : 700719, score : -4030.212545355229, Time : 23.912 s
Timestep : 709478, score : -4030.212545355229, Time : 23.636 s
Timestep : 718237, score : -4030.212545355229, Time : 23.186 s
Timestep : 726996, score : -4030.212545355229, Time : 23.129 s
Timestep : 735755, score : -4030.212545355229, Time : 22.512 s
Timestep : 744514, score : -4030.212545355229, Time : 22.924 s
Timestep : 753273, score : -4030.212545355229, Time : 23.349 s
Timestep : 762032, score : -4030.212545355229, Time : 23.212 s
Timestep : 770791, score : -4030.212545355229, Time : 23.094 s
Timestep : 779550, score : -4030.212545355229, Time : 23.084 s
Timestep : 788309, score : -4030.212545355229, Time : 23.087 s
Timestep : 797068, score : -4030.212545355229, Time : 23.068 s
Timestep : 805827, score : -4030.212545355229, Time : 23.096 s
Timestep : 814586, score : -4030.212545355229, Time : 23.123 s
Timestep : 823345, score : -4030.212545355229, Time : 23.121 s
Timestep : 832104, score : -4030.212545355229, Time : 22.848 s
Timestep : 840863, score : -4030.212545355229, Time : 23.438 s
Timestep : 849622, score : -4030.212545355229, Time : 23.43 s
Timestep : 858381, score : -4030.212545355229, Time : 23.435 s
Timestep : 867140, score : -4030.212545355229, Time : 23.429 s
Timestep : 875899, score : -4030.212545355229, Time : 23.426 s
Starting local evaluation
Num Steps: 1000, Num episodes: 0
Num Steps: 2000, Num episodes: 0
Num Steps: 3000, Num episodes: 0
Num Steps: 4000, Num episodes: 0
Num Steps: 5000, Num episodes: 0
Num Steps: 6000, Num episodes: 0
Num Steps: 7000, Num episodes: 0
Num Steps: 8000, Num episodes: 0
Episode complete: 1 | Latest episode metrics: {'price_cost': 1.0003127679441122, 'emmision_cost': 1.0004705593587142}
[-0.23053907] -0.23053907259612183
Average Price Cost: 1.0003127679441122
Average Emmision Cost: 1.0004705593587142
Average of both costs: 1.0003916636514132
Total time taken by agent: 3.931078463123413s
DONE!
