{'agent': 'DQN', 'action_selection': 'softmax', 'seed': 1, 'episodes': 100, 'data_path': 'data/citylearn_challenge_2022_phase_1', 'dry_run': False, 'n_discrete': 9, 'update_target': 4, 'lr': 1e-05, 'batch_size': 16, 'adam_epsilon': 1e-06, 'epsilon_final': 0.02, 'run_id': 39}
{'Notes': 'This is a tuning run, executed on a single building.',
 'action_selection': 'softmax',
 'adam_epsilon': 1e-06,
 'env': '<NormalizeObservation<OneHotHour<DiscreteSingle<CityLearnEnv '
        'instance>>>>',
 'final_exploration_rate': 0.02,
 'final_exploration_step': 1000,
 'gamma': 0.99,
 'initial_exploration_rate': 1,
 'learning_rate': 1e-05,
 'loss': 'mse',
 'minibatch_size': 16,
 'network': 'MLP(\n'
            '  (layers): Sequential(\n'
            '    (0): Linear(in_features=29, out_features=128, bias=True)\n'
            '    (1): ReLU()\n'
            '    (2): Linear(in_features=128, out_features=128, bias=True)\n'
            '    (3): ReLU()\n'
            '    (4): Linear(in_features=128, out_features=9, bias=True)\n'
            '  )\n'
            ')',
 'replay_buffer_size': 10000,
 'replay_start_size': 16,
 'seed': 1,
 'train_steps': 876000,
 'update_frequency': 1,
 'update_target_frequency': 4,
 'weight_scale': 1.4142135623730951}
Timestep : 8758, score : -7601.697092055838, Time : 21.942 s
Timestep : 17517, score : -4608.936411572999, Time : 21.168 s
Timestep : 26276, score : -4369.0201946640445, Time : 21.411 s
Timestep : 35035, score : -4125.448093180923, Time : 21.428 s
Timestep : 43794, score : -4190.60153562334, Time : 21.382 s
Timestep : 52553, score : -4595.803575727536, Time : 21.122 s
Timestep : 61312, score : -4466.46182895769, Time : 21.105 s
Timestep : 70071, score : -4413.183692095248, Time : 21.02 s
Timestep : 78830, score : -4267.6722364811285, Time : 21.323 s
Timestep : 87589, score : -4157.837404114573, Time : 21.513 s
Timestep : 96348, score : -4209.842819926707, Time : 21.334 s
Timestep : 105107, score : -4227.799414416222, Time : 21.127 s
Timestep : 113866, score : -4168.926026530942, Time : 21.125 s
Timestep : 122625, score : -4130.441594438074, Time : 21.167 s
Timestep : 131384, score : -4179.642368287852, Time : 21.343 s
Timestep : 140143, score : -4083.342945893208, Time : 21.483 s
Timestep : 148902, score : -4063.6349717130943, Time : 21.314 s
Timestep : 157661, score : -4078.546025407879, Time : 21.156 s
Timestep : 166420, score : -4084.561650921969, Time : 21.199 s
Timestep : 175179, score : -4067.6838797083183, Time : 21.162 s
Timestep : 183938, score : -4065.7314110350853, Time : 21.444 s
Timestep : 192697, score : -4066.8098379647417, Time : 21.514 s
Timestep : 201456, score : -4056.023310234217, Time : 21.236 s
Timestep : 210215, score : -4122.4351428387745, Time : 21.15 s
Timestep : 218974, score : -4090.9753140261455, Time : 21.181 s
Timestep : 227733, score : -4087.694201685561, Time : 21.108 s
Timestep : 236492, score : -4067.9784112619964, Time : 21.432 s
Timestep : 245251, score : -4085.461898286434, Time : 21.466 s
Timestep : 254010, score : -4122.369251413344, Time : 21.225 s
Timestep : 262769, score : -4140.176495775959, Time : 20.9 s
Timestep : 271528, score : -4120.959811532317, Time : 20.775 s
Timestep : 280287, score : -4066.886688317085, Time : 20.83 s
Timestep : 289046, score : -4062.9009277945443, Time : 21.327 s
Timestep : 297805, score : -4094.0069200360012, Time : 21.309 s
Timestep : 306564, score : -4129.12919712819, Time : 20.744 s
Timestep : 315323, score : -4176.344826311295, Time : 20.727 s
Timestep : 324082, score : -4072.4641434451623, Time : 20.759 s
Timestep : 332841, score : -4043.4152484139486, Time : 20.848 s
Timestep : 341600, score : -4077.6473405560537, Time : 21.297 s
Timestep : 350359, score : -4131.522280942096, Time : 21.209 s
Timestep : 359118, score : -4230.732202441504, Time : 20.735 s
Timestep : 367877, score : -4152.188934636375, Time : 20.738 s
Timestep : 376636, score : -4099.022313558875, Time : 20.703 s
Timestep : 385395, score : -4081.989522834687, Time : 20.911 s
Timestep : 394154, score : -4098.741950711425, Time : 21.305 s
Timestep : 402913, score : -4165.605066784105, Time : 21.148 s
Timestep : 411672, score : -4179.92071120991, Time : 20.724 s
Timestep : 420431, score : -4159.75232861322, Time : 20.707 s
Timestep : 429190, score : -4154.757697676221, Time : 20.84 s
Timestep : 437949, score : -4119.36602031943, Time : 20.948 s
Timestep : 446708, score : -4195.616011529608, Time : 21.269 s
Timestep : 455467, score : -4096.338719603984, Time : 20.851 s
Timestep : 464226, score : -4135.970843251242, Time : 20.71 s
Timestep : 472985, score : -4164.942566122816, Time : 20.737 s
Timestep : 481744, score : -4080.610731774388, Time : 20.958 s
Timestep : 490503, score : -4099.649520266248, Time : 21.415 s
Timestep : 499262, score : -4110.054961080576, Time : 21.632 s
Timestep : 508021, score : -4203.368686704038, Time : 21.059 s
Timestep : 516780, score : -4370.511269255963, Time : 20.756 s
Timestep : 525539, score : -4247.012097725092, Time : 20.757 s
Timestep : 534298, score : -4171.694222770078, Time : 20.744 s
Timestep : 543057, score : -4183.94017843288, Time : 21.486 s
Timestep : 551816, score : -4109.913820731832, Time : 21.535 s
Timestep : 560575, score : -4163.001557924232, Time : 21.1 s
Timestep : 569334, score : -4258.169047144853, Time : 20.78 s
Timestep : 578093, score : -4163.74700538945, Time : 20.797 s
Timestep : 586852, score : -4144.570585896334, Time : 20.822 s
Timestep : 595611, score : -4140.07197681666, Time : 21.288 s
Timestep : 604370, score : -4197.783718557635, Time : 21.328 s
Timestep : 613129, score : -4169.533190510148, Time : 20.851 s
Timestep : 621888, score : -4154.50224872402, Time : 20.757 s
Timestep : 630647, score : -4307.063276819026, Time : 20.773 s
Timestep : 639406, score : -4356.781760564147, Time : 20.844 s
Timestep : 648165, score : -4329.7759926416475, Time : 21.323 s
Timestep : 656924, score : -4368.424434849672, Time : 21.443 s
Timestep : 665683, score : -4325.301946418738, Time : 21.141 s
Timestep : 674442, score : -4337.872871724336, Time : 20.729 s
Timestep : 683201, score : -4339.499495092226, Time : 20.779 s
Timestep : 691960, score : -4295.844227505178, Time : 20.949 s
Timestep : 700719, score : -4172.694796906231, Time : 21.377 s
Timestep : 709478, score : -4215.696566042869, Time : 21.194 s
Timestep : 718237, score : -4465.508517183742, Time : 20.767 s
Timestep : 726996, score : -4392.018738641782, Time : 20.803 s
Timestep : 735755, score : -4356.85139067893, Time : 20.768 s
Timestep : 744514, score : -4354.581699062517, Time : 20.913 s
Timestep : 753273, score : -4179.725973264736, Time : 21.333 s
Timestep : 762032, score : -4176.869182465045, Time : 21.703 s
Timestep : 770791, score : -4133.91383578573, Time : 21.555 s
Timestep : 779550, score : -4224.275007138407, Time : 20.746 s
Timestep : 788309, score : -4272.728463552339, Time : 20.756 s
Timestep : 797068, score : -4258.721378630915, Time : 21.075 s
Timestep : 805827, score : -4187.658798853779, Time : 21.334 s
Timestep : 814586, score : -4174.52859798391, Time : 21.711 s
Timestep : 823345, score : -4178.481604296161, Time : 21.416 s
Timestep : 832104, score : -4184.421514910093, Time : 21.573 s
Timestep : 840863, score : -4148.696678569919, Time : 20.755 s
Timestep : 849622, score : -4200.458447448356, Time : 21.207 s
Timestep : 858381, score : -4249.69598381492, Time : 21.273 s
Timestep : 867140, score : -4303.174315088341, Time : 20.891 s
Timestep : 875899, score : -4163.77680473584, Time : 20.718 s
Starting local evaluation
Num Steps: 1000, Num episodes: 0
Num Steps: 2000, Num episodes: 0
Num Steps: 3000, Num episodes: 0
Num Steps: 4000, Num episodes: 0
Num Steps: 5000, Num episodes: 0
Num Steps: 6000, Num episodes: 0
Num Steps: 7000, Num episodes: 0
Num Steps: 8000, Num episodes: 0
Episode complete: 1 | Latest episode metrics: {'price_cost': 1.0051043887119424, 'emmision_cost': 1.0076374742577052}
[-0.2378349] -0.23783490406238145
Average Price Cost: 1.0051043887119424
Average Emmision Cost: 1.0076374742577052
Average of both costs: 1.006370931484824
Total time taken by agent: 3.176287761540152s
DONE!
