{'agent': 'DQN', 'action_selection': 'egreedy', 'seed': 1, 'episodes': 100, 'data_path': 'data/citylearn_challenge_2022_phase_1', 'dry_run': False, 'n_discrete': 9, 'update_target': 16, 'lr': 0.003, 'batch_size': 8, 'adam_epsilon': 1e-10, 'epsilon_final': 0.01, 'run_id': 353}
{'Notes': 'This is a tuning run, executed on a single building.',
 'action_selection': 'egreedy',
 'adam_epsilon': 1e-10,
 'env': '<NormalizeObservation<OneHotHour<DiscreteSingle<CityLearnEnv '
        'instance>>>>',
 'final_exploration_rate': 0.02,
 'final_exploration_step': 1000,
 'gamma': 0.99,
 'initial_exploration_rate': 1,
 'learning_rate': 0.003,
 'loss': 'mse',
 'minibatch_size': 8,
 'network': 'MLP(\n'
            '  (layers): Sequential(\n'
            '    (0): Linear(in_features=29, out_features=128, bias=True)\n'
            '    (1): ReLU()\n'
            '    (2): Linear(in_features=128, out_features=128, bias=True)\n'
            '    (3): ReLU()\n'
            '    (4): Linear(in_features=128, out_features=9, bias=True)\n'
            '  )\n'
            ')',
 'replay_buffer_size': 10000,
 'replay_start_size': 8,
 'seed': 1,
 'train_steps': 876000,
 'update_frequency': 1,
 'update_target_frequency': 16,
 'weight_scale': 1.4142135623730951}
Timestep : 8758, score : -7288.391373000064, Time : 19.864 s
Timestep : 17517, score : -9669.680286275805, Time : 20.013 s
Timestep : 26276, score : -8535.245659441716, Time : 20.216 s
Timestep : 35035, score : -9917.744556471618, Time : 20.697 s
Timestep : 43794, score : -11112.333218004671, Time : 20.5 s
Timestep : 52553, score : -7505.096635091031, Time : 20.023 s
Timestep : 61312, score : -10461.07340441973, Time : 20.024 s
Timestep : 70071, score : -7729.071206386579, Time : 20.331 s
Timestep : 78830, score : -9972.313646120048, Time : 19.97 s
Timestep : 87589, score : -7310.618080521308, Time : 20.28 s
Timestep : 96348, score : -10362.225195707826, Time : 20.648 s
Timestep : 105107, score : -8162.475344056118, Time : 20.585 s
Timestep : 113866, score : -9100.237468643667, Time : 20.627 s
Timestep : 122625, score : -7671.750949491645, Time : 20.014 s
Timestep : 131384, score : -8423.364499728617, Time : 20.202 s
Timestep : 140143, score : -7816.368651002296, Time : 20.091 s
Timestep : 148902, score : -8840.036003148998, Time : 20.413 s
Timestep : 157661, score : -7538.360475511712, Time : 20.784 s
Timestep : 166420, score : -7405.49933684073, Time : 20.79 s
Timestep : 175179, score : -7617.601564088443, Time : 20.787 s
Timestep : 183938, score : -7591.513732020292, Time : 20.805 s
Timestep : 192697, score : -6643.075433277714, Time : 20.798 s
Timestep : 201456, score : -6551.639809348533, Time : 20.748 s
Timestep : 210215, score : -7775.547983359458, Time : 20.765 s
Timestep : 218974, score : -7631.726498649601, Time : 20.751 s
Timestep : 227733, score : -8156.5537266350875, Time : 20.58 s
Timestep : 236492, score : -5629.179310577369, Time : 20.066 s
Timestep : 245251, score : -6563.675782664242, Time : 20.049 s
Timestep : 254010, score : -6625.902924609865, Time : 20.115 s
Timestep : 262769, score : -6517.99840256563, Time : 20.059 s
Timestep : 271528, score : -6464.805388348323, Time : 20.065 s
Timestep : 280287, score : -6552.676266766066, Time : 20.101 s
Timestep : 289046, score : -6030.762420515341, Time : 20.128 s
Timestep : 297805, score : -6432.042292138634, Time : 20.04 s
Timestep : 306564, score : -6169.371585887653, Time : 20.082 s
Timestep : 315323, score : -5970.5246413902205, Time : 20.07 s
Timestep : 324082, score : -5690.190722737243, Time : 20.064 s
Timestep : 332841, score : -5564.290038070016, Time : 20.06 s
Timestep : 341600, score : -4678.836276792834, Time : 20.085 s
Timestep : 350359, score : -5010.546891929378, Time : 20.113 s
Timestep : 359118, score : -4990.100988488208, Time : 20.141 s
Timestep : 367877, score : -4995.32017672286, Time : 20.063 s
Timestep : 376636, score : -4965.31156953017, Time : 20.033 s
Timestep : 385395, score : -4454.607561372715, Time : 20.04 s
Timestep : 394154, score : -4251.181442847854, Time : 20.243 s
Timestep : 402913, score : -3865.9152565794357, Time : 20.75 s
Timestep : 411672, score : -4355.436010470061, Time : 20.726 s
Timestep : 420431, score : -4502.313023380615, Time : 20.608 s
Timestep : 429190, score : -4252.763421700714, Time : 20.033 s
Timestep : 437949, score : -4369.430959599005, Time : 19.949 s
Timestep : 446708, score : -4347.174348247616, Time : 20.146 s
Timestep : 455467, score : -4865.224865551951, Time : 20.059 s
Timestep : 464226, score : -4884.791618921008, Time : 20.372 s
Timestep : 472985, score : -5574.9787509519665, Time : 20.032 s
Timestep : 481744, score : -5771.3249054077605, Time : 20.02 s
Timestep : 490503, score : -5650.187872245355, Time : 20.061 s
Timestep : 499262, score : -5673.764700059342, Time : 20.004 s
Timestep : 508021, score : -5395.125110536144, Time : 20.017 s
Timestep : 516780, score : -5570.372184096865, Time : 20.0 s
Timestep : 525539, score : -5933.292219677387, Time : 20.029 s
Timestep : 534298, score : -6080.352942533238, Time : 20.022 s
Timestep : 543057, score : -5728.991250801861, Time : 20.011 s
Timestep : 551816, score : -5479.254411935603, Time : 20.045 s
Timestep : 560575, score : -5256.520011029585, Time : 20.043 s
Timestep : 569334, score : -5794.604929676658, Time : 20.044 s
Timestep : 578093, score : -5663.420831206313, Time : 20.059 s
Timestep : 586852, score : -5829.976394987578, Time : 20.162 s
Timestep : 595611, score : -5709.602902175859, Time : 20.086 s
Timestep : 604370, score : -5816.608345313376, Time : 20.328 s
Timestep : 613129, score : -5832.980385352654, Time : 20.018 s
Timestep : 621888, score : -5956.299094094109, Time : 20.152 s
Timestep : 630647, score : -5673.197606123431, Time : 19.989 s
Timestep : 639406, score : -5781.491554517677, Time : 19.971 s
Timestep : 648165, score : -5816.618047307391, Time : 19.983 s
Timestep : 656924, score : -5638.184221060088, Time : 19.995 s
Timestep : 665683, score : -5655.907950560475, Time : 20.405 s
Timestep : 674442, score : -5833.566270730371, Time : 19.968 s
Timestep : 683201, score : -5527.877340035426, Time : 20.038 s
Timestep : 691960, score : -5712.690880577924, Time : 20.075 s
Timestep : 700719, score : -5441.8252022494125, Time : 20.054 s
Timestep : 709478, score : -5530.293394094362, Time : 20.044 s
Timestep : 718237, score : -5491.317775863601, Time : 20.013 s
Timestep : 726996, score : -5795.557476911024, Time : 20.026 s
Timestep : 735755, score : -5691.959658559324, Time : 20.04 s
Timestep : 744514, score : -5617.031642744696, Time : 20.081 s
Timestep : 753273, score : -5983.860641695239, Time : 20.075 s
Timestep : 762032, score : -5748.774778875668, Time : 20.095 s
Timestep : 770791, score : -5578.572422847181, Time : 20.067 s
Timestep : 779550, score : -5848.3730627320765, Time : 20.064 s
Timestep : 788309, score : -5733.420722141818, Time : 20.031 s
Timestep : 797068, score : -5656.341229709826, Time : 20.066 s
Timestep : 805827, score : -5712.731750918931, Time : 20.595 s
Timestep : 814586, score : -5664.122083946204, Time : 20.797 s
Timestep : 823345, score : -5629.037954884494, Time : 20.707 s
Timestep : 832104, score : -5843.473779245542, Time : 20.712 s
Timestep : 840863, score : -5679.579200089007, Time : 20.212 s
Timestep : 849622, score : -5683.4465845334635, Time : 20.42 s
Timestep : 858381, score : -5595.463962128764, Time : 19.973 s
Timestep : 867140, score : -5873.195964425831, Time : 20.174 s
Timestep : 875899, score : -5336.2468217698915, Time : 20.324 s
Starting local evaluation
Num Steps: 1000, Num episodes: 0
Num Steps: 2000, Num episodes: 0
Num Steps: 3000, Num episodes: 0
Num Steps: 4000, Num episodes: 0
Num Steps: 5000, Num episodes: 0
Num Steps: 6000, Num episodes: 0
Num Steps: 7000, Num episodes: 0
Num Steps: 8000, Num episodes: 0
Episode complete: 1 | Latest episode metrics: {'price_cost': 1.0238471767129722, 'emmision_cost': 1.0249205380519286}
[-0.26003572] -0.260035721114077
Average Price Cost: 1.0238471767129722
Average Emmision Cost: 1.0249205380519286
Average of both costs: 1.0243838573824504
Total time taken by agent: 2.2261001834413037s
DONE!
