{'agent': 'DQN', 'action_selection': 'egreedy', 'seed': 1, 'episodes': 100, 'data_path': 'data/citylearn_challenge_2022_phase_1', 'dry_run': False, 'n_discrete': 9, 'update_target': 32, 'lr': 0.1, 'batch_size': 32, 'adam_epsilon': 1e-06, 'epsilon_final': 0.04, 'run_id': 271}
{'Notes': 'This is a tuning run, executed on a single building.',
 'action_selection': 'egreedy',
 'adam_epsilon': 1e-06,
 'env': '<NormalizeObservation<OneHotHour<DiscreteSingle<CityLearnEnv '
        'instance>>>>',
 'final_exploration_rate': 0.02,
 'final_exploration_step': 1000,
 'gamma': 0.99,
 'initial_exploration_rate': 1,
 'learning_rate': 0.1,
 'loss': 'mse',
 'minibatch_size': 32,
 'network': 'MLP(\n'
            '  (layers): Sequential(\n'
            '    (0): Linear(in_features=29, out_features=128, bias=True)\n'
            '    (1): ReLU()\n'
            '    (2): Linear(in_features=128, out_features=128, bias=True)\n'
            '    (3): ReLU()\n'
            '    (4): Linear(in_features=128, out_features=9, bias=True)\n'
            '  )\n'
            ')',
 'replay_buffer_size': 10000,
 'replay_start_size': 32,
 'seed': 1,
 'train_steps': 876000,
 'update_frequency': 1,
 'update_target_frequency': 32,
 'weight_scale': 1.4142135623730951}
Timestep : 8758, score : -5610.0930616930855, Time : 21.648 s
Timestep : 17517, score : -4616.036152228786, Time : 21.856 s
Timestep : 26276, score : -4609.015804000577, Time : 22.244 s
Timestep : 35035, score : -4517.5364045234455, Time : 22.155 s
Timestep : 43794, score : -4484.568153069733, Time : 21.957 s
Timestep : 52553, score : -4546.883464881597, Time : 21.957 s
Timestep : 61312, score : -4492.522760537831, Time : 22.029 s
Timestep : 70071, score : -4574.7604961594625, Time : 22.701 s
Timestep : 78830, score : -4564.903853828466, Time : 22.69 s
Timestep : 87589, score : -4510.304576404305, Time : 22.019 s
Timestep : 96348, score : -4493.064932319714, Time : 21.976 s
Timestep : 105107, score : -4486.41651345932, Time : 21.985 s
Timestep : 113866, score : -4589.992158419831, Time : 21.964 s
Timestep : 122625, score : -4390.095823022915, Time : 21.99 s
Timestep : 131384, score : -4521.929884863464, Time : 22.144 s
Timestep : 140143, score : -4542.14998602253, Time : 22.31 s
Timestep : 148902, score : -4581.682222658448, Time : 21.996 s
Timestep : 157661, score : -4489.943363268307, Time : 22.084 s
Timestep : 166420, score : -4431.947010451026, Time : 21.975 s
Timestep : 175179, score : -4541.189290999697, Time : 22.669 s
Timestep : 183938, score : -4480.691406679718, Time : 22.669 s
Timestep : 192697, score : -4568.439382903656, Time : 22.685 s
Timestep : 201456, score : -4576.674651005684, Time : 22.654 s
Timestep : 210215, score : -4511.108936463861, Time : 22.676 s
Timestep : 218974, score : -4474.221160766116, Time : 22.33 s
Timestep : 227733, score : -4466.090424855618, Time : 21.974 s
Timestep : 236492, score : -4410.7302014840825, Time : 22.524 s
Timestep : 245251, score : -4480.717924115626, Time : 22.32 s
Timestep : 254010, score : -4439.001077565743, Time : 22.072 s
Timestep : 262769, score : -4593.835488071112, Time : 21.919 s
Timestep : 271528, score : -4575.291452267702, Time : 22.492 s
Timestep : 280287, score : -4386.760992073832, Time : 22.677 s
Timestep : 289046, score : -4516.537744695699, Time : 22.665 s
Timestep : 297805, score : -4431.422626969783, Time : 22.662 s
Timestep : 306564, score : -4579.770808618545, Time : 22.679 s
Timestep : 315323, score : -4609.343396955082, Time : 22.648 s
Timestep : 324082, score : -4509.123601842119, Time : 22.64 s
Timestep : 332841, score : -4635.1158985878865, Time : 22.663 s
Timestep : 341600, score : -4491.375319873361, Time : 22.585 s
Timestep : 350359, score : -4522.130382198287, Time : 22.981 s
Timestep : 359118, score : -4495.987563842355, Time : 22.717 s
Timestep : 367877, score : -4686.1783092631085, Time : 22.556 s
Timestep : 376636, score : -4528.124772026582, Time : 22.594 s
Timestep : 385395, score : -4548.931508160575, Time : 22.573 s
Timestep : 394154, score : -4527.980188033922, Time : 22.577 s
Timestep : 402913, score : -4504.7079909233435, Time : 22.591 s
Timestep : 411672, score : -4444.676160195289, Time : 22.568 s
Timestep : 420431, score : -4531.453406894027, Time : 22.581 s
Timestep : 429190, score : -4488.955417120276, Time : 22.576 s
Timestep : 437949, score : -4568.524384837976, Time : 22.575 s
Timestep : 446708, score : -4520.650440431578, Time : 22.583 s
Timestep : 455467, score : -4542.51509712488, Time : 23.071 s
Timestep : 464226, score : -4558.961641257076, Time : 22.84 s
Timestep : 472985, score : -4679.1730213020055, Time : 22.653 s
Timestep : 481744, score : -4503.423140486149, Time : 22.657 s
Timestep : 490503, score : -4709.461430429859, Time : 22.647 s
Timestep : 499262, score : -4515.265580364881, Time : 22.638 s
Timestep : 508021, score : -4586.704090218438, Time : 22.646 s
Timestep : 516780, score : -4518.370274466841, Time : 22.651 s
Timestep : 525539, score : -4484.810379387258, Time : 22.641 s
Timestep : 534298, score : -4542.9548463769315, Time : 22.647 s
Timestep : 543057, score : -4487.756773370231, Time : 22.645 s
Timestep : 551816, score : -4454.348162799521, Time : 22.628 s
Timestep : 560575, score : -4436.426284143148, Time : 23.025 s
Timestep : 569334, score : -4488.036427989049, Time : 22.884 s
Timestep : 578093, score : -4478.031002507923, Time : 22.628 s
Timestep : 586852, score : -4564.473488373595, Time : 22.658 s
Timestep : 595611, score : -4531.918960757001, Time : 22.641 s
Timestep : 604370, score : -4514.343157585157, Time : 22.649 s
Timestep : 613129, score : -4629.881530365354, Time : 22.656 s
Timestep : 621888, score : -4427.426133752248, Time : 22.642 s
Timestep : 630647, score : -4573.773317703424, Time : 22.646 s
Timestep : 639406, score : -4586.1345619572385, Time : 22.654 s
Timestep : 648165, score : -4493.908783766514, Time : 22.649 s
Timestep : 656924, score : -4548.5235535441025, Time : 22.652 s
Timestep : 665683, score : -4552.73762448263, Time : 22.961 s
Timestep : 674442, score : -4533.38034912516, Time : 22.935 s
Timestep : 683201, score : -4518.26425173544, Time : 22.076 s
Timestep : 691960, score : -4450.475051786198, Time : 21.907 s
Timestep : 700719, score : -4631.799013450189, Time : 21.9 s
Timestep : 709478, score : -4614.935412918596, Time : 22.628 s
Timestep : 718237, score : -4425.823901595621, Time : 22.672 s
Timestep : 726996, score : -4432.782591940864, Time : 22.436 s
Timestep : 735755, score : -4456.294612978032, Time : 22.583 s
Timestep : 744514, score : -4553.729289685754, Time : 22.569 s
Timestep : 753273, score : -4532.0829393848835, Time : 22.584 s
Timestep : 762032, score : -4473.566764288029, Time : 22.548 s
Timestep : 770791, score : -4487.629638809623, Time : 22.825 s
Timestep : 779550, score : -4380.936723982362, Time : 22.841 s
Timestep : 788309, score : -4575.7522655183275, Time : 21.895 s
Timestep : 797068, score : -4449.222014857369, Time : 22.043 s
Timestep : 805827, score : -4515.457867603196, Time : 21.863 s
Timestep : 814586, score : -4575.627017965569, Time : 21.881 s
Timestep : 823345, score : -4430.357784700958, Time : 21.879 s
Timestep : 832104, score : -4468.981287631701, Time : 21.863 s
Timestep : 840863, score : -4546.63262499441, Time : 21.866 s
Timestep : 849622, score : -4578.782413793175, Time : 21.88 s
Timestep : 858381, score : -4529.789027172519, Time : 21.838 s
Timestep : 867140, score : -4472.659420012875, Time : 21.822 s
Timestep : 875899, score : -4569.750471362291, Time : 21.929 s
Starting local evaluation
Num Steps: 1000, Num episodes: 0
Num Steps: 2000, Num episodes: 0
Num Steps: 3000, Num episodes: 0
Num Steps: 4000, Num episodes: 0
Num Steps: 5000, Num episodes: 0
Num Steps: 6000, Num episodes: 0
Num Steps: 7000, Num episodes: 0
Num Steps: 8000, Num episodes: 0
Episode complete: 1 | Latest episode metrics: {'price_cost': 1.0176502665477962, 'emmision_cost': 1.0205648174692332}
[-0.25349633] -0.2534963263427049
Average Price Cost: 1.0176502665477962
Average Emmision Cost: 1.0205648174692332
Average of both costs: 1.0191075420085147
Total time taken by agent: 2.5856222932052333s
DONE!
