{'agent': 'DQN', 'action_selection': 'egreedy', 'seed': 1, 'episodes': 100, 'data_path': 'data/citylearn_challenge_2022_phase_1', 'dry_run': False, 'n_discrete': 9, 'update_target': 4, 'lr': 3e-05, 'batch_size': 1, 'adam_epsilon': 1e-08, 'epsilon_final': 0.06, 'run_id': 377}
{'Notes': 'This is a tuning run, executed on a single building.',
 'action_selection': 'egreedy',
 'adam_epsilon': 1e-08,
 'env': '<NormalizeObservation<OneHotHour<DiscreteSingle<CityLearnEnv '
        'instance>>>>',
 'final_exploration_rate': 0.02,
 'final_exploration_step': 1000,
 'gamma': 0.99,
 'initial_exploration_rate': 1,
 'learning_rate': 3e-05,
 'loss': 'mse',
 'minibatch_size': 1,
 'network': 'MLP(\n'
            '  (layers): Sequential(\n'
            '    (0): Linear(in_features=29, out_features=128, bias=True)\n'
            '    (1): ReLU()\n'
            '    (2): Linear(in_features=128, out_features=128, bias=True)\n'
            '    (3): ReLU()\n'
            '    (4): Linear(in_features=128, out_features=9, bias=True)\n'
            '  )\n'
            ')',
 'replay_buffer_size': 10000,
 'replay_start_size': 1,
 'seed': 1,
 'train_steps': 876000,
 'update_frequency': 1,
 'update_target_frequency': 4,
 'weight_scale': 1.4142135623730951}
Timestep : 8758, score : -6358.236966455501, Time : 21.506 s
Timestep : 17517, score : -5317.588920084207, Time : 21.78 s
Timestep : 26276, score : -5381.82516548541, Time : 21.806 s
Timestep : 35035, score : -4804.792813050823, Time : 21.819 s
Timestep : 43794, score : -5015.09768918241, Time : 21.852 s
Timestep : 52553, score : -5428.148032354569, Time : 21.807 s
Timestep : 61312, score : -4763.959989863826, Time : 21.828 s
Timestep : 70071, score : -4569.674985457474, Time : 21.858 s
Timestep : 78830, score : -5197.012167698616, Time : 21.846 s
Timestep : 87589, score : -4997.390153110755, Time : 22.04 s
Timestep : 96348, score : -4731.105284588324, Time : 22.205 s
Timestep : 105107, score : -4462.668439461297, Time : 21.955 s
Timestep : 113866, score : -4801.646047393864, Time : 21.871 s
Timestep : 122625, score : -4295.715170988304, Time : 21.883 s
Timestep : 131384, score : -4347.542957510595, Time : 21.841 s
Timestep : 140143, score : -4701.045017014636, Time : 21.885 s
Timestep : 148902, score : -4686.632560099388, Time : 21.866 s
Timestep : 157661, score : -4819.973527577895, Time : 21.868 s
Timestep : 166420, score : -4277.027075930877, Time : 21.875 s
Timestep : 175179, score : -4730.627408830522, Time : 21.85 s
Timestep : 183938, score : -4608.581995061977, Time : 21.875 s
Timestep : 192697, score : -4602.033616029104, Time : 21.425 s
Timestep : 201456, score : -4534.128721560308, Time : 21.533 s
Timestep : 210215, score : -4519.361592858477, Time : 21.639 s
Timestep : 218974, score : -4426.205121159466, Time : 21.243 s
Timestep : 227733, score : -4492.194452969154, Time : 21.288 s
Timestep : 236492, score : -4644.7521513750835, Time : 21.887 s
Timestep : 245251, score : -4771.214592864184, Time : 21.883 s
Timestep : 254010, score : -4522.922797836858, Time : 21.894 s
Timestep : 262769, score : -4673.250138837757, Time : 21.901 s
Timestep : 271528, score : -4597.708454534484, Time : 21.657 s
Timestep : 280287, score : -4441.670862538187, Time : 21.553 s
Timestep : 289046, score : -4888.428810895726, Time : 21.246 s
Timestep : 297805, score : -4300.9722827425285, Time : 21.225 s
Timestep : 306564, score : -4426.705219858704, Time : 21.251 s
Timestep : 315323, score : -4508.709247069157, Time : 21.497 s
Timestep : 324082, score : -4206.410320081937, Time : 21.599 s
Timestep : 332841, score : -3949.496949582506, Time : 21.268 s
Timestep : 341600, score : -4046.0933328980173, Time : 21.228 s
Timestep : 350359, score : -3777.8284190741397, Time : 21.184 s
Timestep : 359118, score : -3965.288520397182, Time : 21.395 s
Timestep : 367877, score : -3892.045542035281, Time : 21.822 s
Timestep : 376636, score : -3954.267213248211, Time : 21.814 s
Timestep : 385395, score : -3668.7646816320776, Time : 21.807 s
Timestep : 394154, score : -3859.0529084009177, Time : 21.365 s
Timestep : 402913, score : -3779.0595630018797, Time : 21.898 s
Timestep : 411672, score : -3689.43984406293, Time : 21.834 s
Timestep : 420431, score : -3701.051852577337, Time : 21.269 s
Timestep : 429190, score : -3649.7224960323947, Time : 21.72 s
Timestep : 437949, score : -3616.943246580573, Time : 22.016 s
Timestep : 446708, score : -3619.089560843684, Time : 21.26 s
Timestep : 455467, score : -3353.4510924670903, Time : 21.22 s
Timestep : 464226, score : -3671.883598941058, Time : 21.736 s
Timestep : 472985, score : -3228.2094222965243, Time : 21.895 s
Timestep : 481744, score : -3406.456999691465, Time : 21.941 s
Timestep : 490503, score : -3594.1105896915833, Time : 21.789 s
Timestep : 499262, score : -3621.738691542909, Time : 21.891 s
Timestep : 508021, score : -3709.3403080676944, Time : 21.396 s
Timestep : 516780, score : -3336.6562798758096, Time : 21.616 s
Timestep : 525539, score : -3194.5055188875704, Time : 21.201 s
Timestep : 534298, score : -3428.9164119310735, Time : 21.228 s
Timestep : 543057, score : -3521.029574818589, Time : 21.308 s
Timestep : 551816, score : -3264.862292595586, Time : 21.588 s
Timestep : 560575, score : -3591.4864839142247, Time : 21.79 s
Timestep : 569334, score : -3283.843550691643, Time : 21.831 s
Timestep : 578093, score : -3427.3147269564943, Time : 21.242 s
Timestep : 586852, score : -3063.0412391316204, Time : 21.801 s
Timestep : 595611, score : -3353.9345818640722, Time : 21.882 s
Timestep : 604370, score : -3457.014396757382, Time : 21.768 s
Timestep : 613129, score : -3190.454634598136, Time : 21.87 s
Timestep : 621888, score : -3441.711672609352, Time : 21.873 s
Timestep : 630647, score : -3291.6860215040215, Time : 21.89 s
Timestep : 639406, score : -2946.175316381181, Time : 21.864 s
Timestep : 648165, score : -3466.293561281316, Time : 21.731 s
Timestep : 656924, score : -3771.34949420896, Time : 21.577 s
Timestep : 665683, score : -3545.6095015857427, Time : 21.709 s
Timestep : 674442, score : -3641.9170290498587, Time : 21.544 s
Timestep : 683201, score : -2880.6641126816685, Time : 21.391 s
Timestep : 691960, score : -3368.8145394865714, Time : 21.418 s
Timestep : 700719, score : -2792.6404066456307, Time : 21.301 s
Timestep : 709478, score : -2562.289912908367, Time : 21.268 s
Timestep : 718237, score : -2531.9713538616925, Time : 21.584 s
Timestep : 726996, score : -2495.1441101627715, Time : 21.916 s
Timestep : 735755, score : -2493.6883642522444, Time : 21.927 s
Timestep : 744514, score : -2465.1514674469654, Time : 21.93 s
Timestep : 753273, score : -2277.810468670592, Time : 21.582 s
Timestep : 762032, score : -2253.171163439314, Time : 21.258 s
Timestep : 770791, score : -1884.3249066786666, Time : 21.526 s
Timestep : 779550, score : -2432.9310811232135, Time : 21.641 s
Timestep : 788309, score : -2090.965052836371, Time : 21.355 s
Timestep : 797068, score : -2258.945397146308, Time : 21.311 s
Timestep : 805827, score : -2134.584861171694, Time : 21.282 s
Timestep : 814586, score : -2317.2045925760467, Time : 21.284 s
Timestep : 823345, score : -2650.526462289068, Time : 21.232 s
Timestep : 832104, score : -2487.9609686276235, Time : 21.252 s
Timestep : 840863, score : -2570.347937588376, Time : 21.296 s
Timestep : 849622, score : -2609.1044494898815, Time : 21.301 s
Timestep : 858381, score : -2573.368926934694, Time : 21.822 s
Timestep : 867140, score : -2533.301202948467, Time : 21.823 s
Timestep : 875899, score : -2873.0950306216546, Time : 21.599 s
Starting local evaluation
Num Steps: 1000, Num episodes: 0
Num Steps: 2000, Num episodes: 0
Num Steps: 3000, Num episodes: 0
Num Steps: 4000, Num episodes: 0
Num Steps: 5000, Num episodes: 0
Num Steps: 6000, Num episodes: 0
Num Steps: 7000, Num episodes: 0
Num Steps: 8000, Num episodes: 0
Episode complete: 1 | Latest episode metrics: {'price_cost': 0.9101743440353695, 'emmision_cost': 0.9622755052718487}
[-0.15025135] -0.15025135280134216
Average Price Cost: 0.9101743440353695
Average Emmision Cost: 0.9622755052718487
Average of both costs: 0.9362249246536091
Total time taken by agent: 2.5361779882368864s
DONE!
