{'agent': 'DQN', 'action_selection': 'softmax', 'seed': 1, 'episodes': 100, 'data_path': 'data/citylearn_challenge_2022_phase_1', 'dry_run': False, 'n_discrete': 9, 'update_target': 32, 'lr': 0.0007, 'batch_size': 128, 'adam_epsilon': 1e-06, 'epsilon_final': 0.02, 'run_id': 62}
{'Notes': 'This is a tuning run, executed on a single building.',
 'action_selection': 'softmax',
 'adam_epsilon': 1e-06,
 'env': '<NormalizeObservation<OneHotHour<DiscreteSingle<CityLearnEnv '
        'instance>>>>',
 'final_exploration_rate': 0.02,
 'final_exploration_step': 1000,
 'gamma': 0.99,
 'initial_exploration_rate': 1,
 'learning_rate': 0.0007,
 'loss': 'mse',
 'minibatch_size': 128,
 'network': 'MLP(\n'
            '  (layers): Sequential(\n'
            '    (0): Linear(in_features=29, out_features=128, bias=True)\n'
            '    (1): ReLU()\n'
            '    (2): Linear(in_features=128, out_features=128, bias=True)\n'
            '    (3): ReLU()\n'
            '    (4): Linear(in_features=128, out_features=9, bias=True)\n'
            '  )\n'
            ')',
 'replay_buffer_size': 10000,
 'replay_start_size': 128,
 'seed': 1,
 'train_steps': 876000,
 'update_frequency': 1,
 'update_target_frequency': 32,
 'weight_scale': 1.4142135623730951}
Timestep : 8758, score : -4990.657127882732, Time : 24.608 s
Timestep : 17517, score : -4004.6259809254843, Time : 25.302 s
Timestep : 26276, score : -3266.775548001082, Time : 31.207 s
Timestep : 35035, score : -3081.8331093299494, Time : 24.803 s
Timestep : 43794, score : -2683.6500683312697, Time : 24.197 s
Timestep : 52553, score : -2416.7705287814897, Time : 24.054 s
Timestep : 61312, score : -2276.232369389996, Time : 24.047 s
Timestep : 70071, score : -2229.759582612227, Time : 24.034 s
Timestep : 78830, score : -2389.0531013895234, Time : 25.573 s
Timestep : 87589, score : -2592.0347510937427, Time : 30.0 s
Timestep : 96348, score : -2324.4017569319403, Time : 29.656 s
Timestep : 105107, score : -2131.393249698129, Time : 28.906 s
Timestep : 113866, score : -2054.3149177365995, Time : 29.879 s
Timestep : 122625, score : -1752.7970131610346, Time : 27.924 s
Timestep : 131384, score : -1756.5154942526278, Time : 26.859 s
Timestep : 140143, score : -1745.2328502911114, Time : 24.039 s
Timestep : 148902, score : -1667.2388183952135, Time : 28.74 s
Timestep : 157661, score : -1808.481658202203, Time : 28.505 s
Timestep : 166420, score : -1676.361276272175, Time : 25.5 s
Timestep : 175179, score : -1511.6864143603743, Time : 26.106 s
Timestep : 183938, score : -1612.6269266902964, Time : 24.285 s
Timestep : 192697, score : -1636.465382591312, Time : 24.063 s
Timestep : 201456, score : -1487.7263828068535, Time : 26.297 s
Timestep : 210215, score : -1495.923235834649, Time : 31.171 s
Timestep : 218974, score : -1578.537425846749, Time : 24.388 s
Timestep : 227733, score : -1505.458930090681, Time : 24.397 s
Timestep : 236492, score : -1561.9545780038025, Time : 24.221 s
Timestep : 245251, score : -1682.9332331204496, Time : 24.154 s
Timestep : 254010, score : -1585.584720289131, Time : 24.333 s
Timestep : 262769, score : -1456.5522257098492, Time : 24.278 s
Timestep : 271528, score : -1464.824005258226, Time : 25.361 s
Timestep : 280287, score : -1407.029313466468, Time : 25.391 s
Timestep : 289046, score : -1354.28614574713, Time : 25.363 s
Timestep : 297805, score : -1368.8953049361298, Time : 25.374 s
Timestep : 306564, score : -1436.66583450677, Time : 24.135 s
Timestep : 315323, score : -1534.6519507526245, Time : 25.83 s
Timestep : 324082, score : -1449.283813738526, Time : 24.905 s
Timestep : 332841, score : -1431.9849353411992, Time : 29.013 s
Timestep : 341600, score : -1501.2318953451759, Time : 32.428 s
Timestep : 350359, score : -1607.7554847908032, Time : 25.26 s
Timestep : 359118, score : -1432.210715565161, Time : 24.214 s
Timestep : 367877, score : -1305.2492044039827, Time : 24.032 s
Timestep : 376636, score : -1487.050271504355, Time : 24.058 s
Timestep : 385395, score : -1198.6706310308364, Time : 24.924 s
Timestep : 394154, score : -1159.9259236690414, Time : 25.413 s
Timestep : 402913, score : -1237.1370673106576, Time : 25.387 s
Timestep : 411672, score : -1404.0969958438363, Time : 25.393 s
Timestep : 420431, score : -1447.1300846075465, Time : 25.659 s
Timestep : 429190, score : -1362.7915024300164, Time : 26.279 s
Timestep : 437949, score : -1434.5800409487274, Time : 31.931 s
Timestep : 446708, score : -1356.1865168797376, Time : 26.041 s
Timestep : 455467, score : -1485.0800638550718, Time : 28.768 s
Timestep : 464226, score : -1373.332193208189, Time : 29.332 s
Timestep : 472985, score : -1234.2077887982887, Time : 25.417 s
Timestep : 481744, score : -1083.1403438400303, Time : 24.71 s
Timestep : 490503, score : -1265.5952793199394, Time : 24.619 s
Timestep : 499262, score : -1276.1725576080207, Time : 25.304 s
Timestep : 508021, score : -1435.8019382648927, Time : 25.485 s
Timestep : 516780, score : -1508.8730987988238, Time : 24.125 s
Timestep : 525539, score : -1323.1452247358684, Time : 30.578 s
Timestep : 534298, score : -1275.4080896505038, Time : 27.564 s
Timestep : 543057, score : -1379.9644238094625, Time : 25.142 s
Timestep : 551816, score : -1103.941335728654, Time : 24.039 s
Timestep : 560575, score : -1209.625607529917, Time : 24.053 s
Timestep : 569334, score : -1083.7097227962513, Time : 24.051 s
Timestep : 578093, score : -1177.771617814229, Time : 24.04 s
Timestep : 586852, score : -1011.2766378085653, Time : 24.032 s
Timestep : 595611, score : -1263.6186559454363, Time : 24.342 s
Timestep : 604370, score : -1185.3378768998955, Time : 24.273 s
Timestep : 613129, score : -1222.4992156697845, Time : 24.057 s
Timestep : 621888, score : -1345.652563758922, Time : 31.4 s
Timestep : 630647, score : -1127.9713911216531, Time : 26.231 s
Timestep : 639406, score : -1084.0135080635373, Time : 25.774 s
Timestep : 648165, score : -1140.4059455158713, Time : 29.333 s
Timestep : 656924, score : -1180.64891914677, Time : 27.615 s
Timestep : 665683, score : -1284.5966045717068, Time : 27.318 s
Timestep : 674442, score : -1139.7159539589484, Time : 29.208 s
Timestep : 683201, score : -1092.7266928141762, Time : 28.854 s
Timestep : 691960, score : -1213.191381547047, Time : 24.148 s
Timestep : 700719, score : -1296.895263080747, Time : 24.08 s
Timestep : 709478, score : -1212.1411015733902, Time : 31.203 s
Timestep : 718237, score : -1136.9820010568073, Time : 27.234 s
Timestep : 726996, score : -1077.9138344205276, Time : 24.192 s
Timestep : 735755, score : -1204.735098364792, Time : 25.526 s
Timestep : 744514, score : -1116.8170201551693, Time : 28.025 s
Timestep : 753273, score : -1253.5713580429729, Time : 24.181 s
Timestep : 762032, score : -1247.8276918644842, Time : 24.041 s
Timestep : 770791, score : -1244.3544577561843, Time : 24.578 s
Timestep : 779550, score : -1315.4604195775755, Time : 25.689 s
Timestep : 788309, score : -1193.3015993756999, Time : 25.703 s
Timestep : 797068, score : -1247.8453478683077, Time : 25.832 s
Timestep : 805827, score : -1101.5293227352959, Time : 24.198 s
Timestep : 814586, score : -1107.3754135670897, Time : 24.043 s
Timestep : 823345, score : -1022.6040353545977, Time : 23.978 s
Timestep : 832104, score : -1089.8721148043696, Time : 23.855 s
Timestep : 840863, score : -1156.057421397214, Time : 29.179 s
Timestep : 849622, score : -1176.2973262977612, Time : 30.303 s
Timestep : 858381, score : -1011.9081666971615, Time : 25.472 s
Timestep : 867140, score : -996.6809353677381, Time : 24.818 s
Timestep : 875899, score : -1149.0197159538802, Time : 25.43 s
Starting local evaluation
Num Steps: 1000, Num episodes: 0
Num Steps: 2000, Num episodes: 0
Num Steps: 3000, Num episodes: 0
Num Steps: 4000, Num episodes: 0
Num Steps: 5000, Num episodes: 0
Num Steps: 6000, Num episodes: 0
Num Steps: 7000, Num episodes: 0
Num Steps: 8000, Num episodes: 0
Episode complete: 1 | Latest episode metrics: {'price_cost': 0.823550238085216, 'emmision_cost': 0.9476157966133277}
[-0.0860896] -0.08608960074511268
Average Price Cost: 0.823550238085216
Average Emmision Cost: 0.9476157966133277
Average of both costs: 0.8855830173492718
Total time taken by agent: 3.4697199249640107s
DONE!
