{'agent': 'DQN', 'action_selection': 'egreedy', 'seed': 1, 'episodes': 100, 'data_path': 'data/citylearn_challenge_2022_phase_1', 'dry_run': False, 'n_discrete': 9, 'update_target': 16, 'lr': 0.01, 'batch_size': 32, 'adam_epsilon': 0.0001, 'epsilon_final': 0.03, 'run_id': 272}
{'Notes': 'This is a tuning run, executed on a single building.',
 'action_selection': 'egreedy',
 'adam_epsilon': 0.0001,
 'env': '<NormalizeObservation<OneHotHour<DiscreteSingle<CityLearnEnv '
        'instance>>>>',
 'final_exploration_rate': 0.02,
 'final_exploration_step': 1000,
 'gamma': 0.99,
 'initial_exploration_rate': 1,
 'learning_rate': 0.01,
 'loss': 'mse',
 'minibatch_size': 32,
 'network': 'MLP(\n'
            '  (layers): Sequential(\n'
            '    (0): Linear(in_features=29, out_features=128, bias=True)\n'
            '    (1): ReLU()\n'
            '    (2): Linear(in_features=128, out_features=128, bias=True)\n'
            '    (3): ReLU()\n'
            '    (4): Linear(in_features=128, out_features=9, bias=True)\n'
            '  )\n'
            ')',
 'replay_buffer_size': 10000,
 'replay_start_size': 32,
 'seed': 1,
 'train_steps': 876000,
 'update_frequency': 1,
 'update_target_frequency': 16,
 'weight_scale': 1.4142135623730951}
Timestep : 8758, score : -8168.069104385519, Time : 21.883 s
Timestep : 17517, score : -9451.314893853225, Time : 22.197 s
Timestep : 26276, score : -7625.482835400064, Time : 22.501 s
Timestep : 35035, score : -10591.1039252833, Time : 22.621 s
Timestep : 43794, score : -8918.025708224231, Time : 22.422 s
Timestep : 52553, score : -8777.670026454638, Time : 22.497 s
Timestep : 61312, score : -9320.006823954012, Time : 22.526 s
Timestep : 70071, score : -10094.201819522787, Time : 22.403 s
Timestep : 78830, score : -10417.103636769534, Time : 22.221 s
Timestep : 87589, score : -9578.506246808407, Time : 22.528 s
Timestep : 96348, score : -9929.553657863871, Time : 22.165 s
Timestep : 105107, score : -9994.63124220111, Time : 22.082 s
Timestep : 113866, score : -9629.068902187006, Time : 23.061 s
Timestep : 122625, score : -10264.330741603044, Time : 22.447 s
Timestep : 131384, score : -9436.93767686859, Time : 22.608 s
Timestep : 140143, score : -10003.625489282495, Time : 22.645 s
Timestep : 148902, score : -10867.921926992436, Time : 22.4 s
Timestep : 157661, score : -10663.94996334592, Time : 22.508 s
Timestep : 166420, score : -10634.767285619862, Time : 22.362 s
Timestep : 175179, score : -10331.001280243698, Time : 22.338 s
Timestep : 183938, score : -10547.964356957658, Time : 22.502 s
Timestep : 192697, score : -10485.449382097227, Time : 22.544 s
Timestep : 201456, score : -10950.016863146404, Time : 22.597 s
Timestep : 210215, score : -10675.592125239971, Time : 22.426 s
Timestep : 218974, score : -10179.782341031543, Time : 22.488 s
Timestep : 227733, score : -10807.27086952841, Time : 22.153 s
Timestep : 236492, score : -10806.624082640075, Time : 22.534 s
Timestep : 245251, score : -10481.028010391936, Time : 22.511 s
Timestep : 254010, score : -10188.098200335473, Time : 22.535 s
Timestep : 262769, score : -10805.114159104662, Time : 22.513 s
Timestep : 271528, score : -10193.536153882698, Time : 22.455 s
Timestep : 280287, score : -10299.042701359562, Time : 22.498 s
Timestep : 289046, score : -10362.937236548765, Time : 22.834 s
Timestep : 297805, score : -9784.735671390692, Time : 22.842 s
Timestep : 306564, score : -10194.630863689468, Time : 22.302 s
Timestep : 315323, score : -9943.731743062744, Time : 22.132 s
Timestep : 324082, score : -9702.169082877765, Time : 22.399 s
Timestep : 332841, score : -10467.370407499518, Time : 22.501 s
Timestep : 341600, score : -9741.491112213127, Time : 22.49 s
Timestep : 350359, score : -9004.529146059678, Time : 22.486 s
Timestep : 359118, score : -9560.851269197374, Time : 22.48 s
Timestep : 367877, score : -9177.086042197916, Time : 22.457 s
Timestep : 376636, score : -8711.282766501194, Time : 22.713 s
Timestep : 385395, score : -8487.610708534514, Time : 22.924 s
Timestep : 394154, score : -8133.763820229986, Time : 22.361 s
Timestep : 402913, score : -8178.178658744582, Time : 22.439 s
Timestep : 411672, score : -8173.047822059627, Time : 22.392 s
Timestep : 420431, score : -8047.768117791478, Time : 22.356 s
Timestep : 429190, score : -8146.513808585616, Time : 22.344 s
Timestep : 437949, score : -8007.04705395257, Time : 22.462 s
Timestep : 446708, score : -7999.471506892965, Time : 22.474 s
Timestep : 455467, score : -7984.308873896822, Time : 22.485 s
Timestep : 464226, score : -7902.202412160492, Time : 22.518 s
Timestep : 472985, score : -7593.033106127128, Time : 22.91 s
Timestep : 481744, score : -7550.529430920054, Time : 22.541 s
Timestep : 490503, score : -7552.2355995232065, Time : 22.474 s
Timestep : 499262, score : -7284.809635938989, Time : 22.492 s
Timestep : 508021, score : -7412.381966598492, Time : 22.471 s
Timestep : 516780, score : -7625.074073069125, Time : 22.48 s
Timestep : 525539, score : -6832.394314799953, Time : 22.491 s
Timestep : 534298, score : -7148.890425044956, Time : 22.453 s
Timestep : 543057, score : -6085.6976789153705, Time : 22.475 s
Timestep : 551816, score : -7618.178765646793, Time : 22.465 s
Timestep : 560575, score : -7603.672991719504, Time : 22.853 s
Timestep : 569334, score : -7518.092122734553, Time : 22.749 s
Timestep : 578093, score : -6407.148580068635, Time : 22.473 s
Timestep : 586852, score : -6910.360529491358, Time : 21.983 s
Timestep : 595611, score : -6424.021365153749, Time : 22.449 s
Timestep : 604370, score : -6285.979906738037, Time : 22.482 s
Timestep : 613129, score : -6914.969495068683, Time : 22.483 s
Timestep : 621888, score : -7615.010364929221, Time : 22.478 s
Timestep : 630647, score : -7849.020649707032, Time : 22.476 s
Timestep : 639406, score : -7158.436441777187, Time : 22.478 s
Timestep : 648165, score : -7386.725364650789, Time : 22.615 s
Timestep : 656924, score : -7316.059306664072, Time : 22.937 s
Timestep : 665683, score : -7040.657782115304, Time : 22.467 s
Timestep : 674442, score : -6806.261053669878, Time : 22.476 s
Timestep : 683201, score : -7258.247666142444, Time : 22.476 s
Timestep : 691960, score : -7088.432605844835, Time : 22.511 s
Timestep : 700719, score : -6612.095051509357, Time : 22.497 s
Timestep : 709478, score : -6818.022837859957, Time : 21.989 s
Timestep : 718237, score : -6736.367145126176, Time : 22.329 s
Timestep : 726996, score : -7235.115476738734, Time : 22.499 s
Timestep : 735755, score : -7440.359800748905, Time : 22.6 s
Timestep : 744514, score : -7189.7110980547295, Time : 22.888 s
Timestep : 753273, score : -6833.335196704051, Time : 22.653 s
Timestep : 762032, score : -7053.564446901815, Time : 22.438 s
Timestep : 770791, score : -7053.118734978867, Time : 22.368 s
Timestep : 779550, score : -6692.286076404067, Time : 22.376 s
Timestep : 788309, score : -7035.261191337166, Time : 21.86 s
Timestep : 797068, score : -6752.630469861237, Time : 21.864 s
Timestep : 805827, score : -6999.466393689538, Time : 22.369 s
Timestep : 814586, score : -7056.31988676051, Time : 22.37 s
Timestep : 823345, score : -6669.398830810169, Time : 22.193 s
Timestep : 832104, score : -6841.418573934425, Time : 22.749 s
Timestep : 840863, score : -6538.815327696764, Time : 22.713 s
Timestep : 849622, score : -6791.0617924218095, Time : 22.396 s
Timestep : 858381, score : -6908.0209151448435, Time : 22.371 s
Timestep : 867140, score : -7144.169930874792, Time : 22.276 s
Timestep : 875899, score : -7174.439713569853, Time : 22.431 s
Starting local evaluation
Num Steps: 1000, Num episodes: 0
Num Steps: 2000, Num episodes: 0
Num Steps: 3000, Num episodes: 0
Num Steps: 4000, Num episodes: 0
Num Steps: 5000, Num episodes: 0
Num Steps: 6000, Num episodes: 0
Num Steps: 7000, Num episodes: 0
Num Steps: 8000, Num episodes: 0
Episode complete: 1 | Latest episode metrics: {'price_cost': 1.0176502213688765, 'emmision_cost': 1.0205647652886742}
[-0.25349627] -0.2534962666268681
Average Price Cost: 1.0176502213688765
Average Emmision Cost: 1.0205647652886742
Average of both costs: 1.0191074933287754
Total time taken by agent: 2.565741008380428s
DONE!
