{'agent': 'DQN', 'action_selection': 'softmax', 'seed': 1, 'episodes': 100, 'data_path': 'data/citylearn_challenge_2022_phase_1', 'dry_run': False, 'n_discrete': 9, 'update_target': 16, 'lr': 0.0003, 'batch_size': 1, 'adam_epsilon': 0.0001, 'epsilon_final': 0.02, 'run_id': 32}
{'Notes': 'This is a tuning run, executed on a single building.',
 'action_selection': 'softmax',
 'adam_epsilon': 0.0001,
 'env': '<NormalizeObservation<OneHotHour<DiscreteSingle<CityLearnEnv '
        'instance>>>>',
 'final_exploration_rate': 0.02,
 'final_exploration_step': 1000,
 'gamma': 0.99,
 'initial_exploration_rate': 1,
 'learning_rate': 0.0003,
 'loss': 'mse',
 'minibatch_size': 1,
 'network': 'MLP(\n'
            '  (layers): Sequential(\n'
            '    (0): Linear(in_features=29, out_features=128, bias=True)\n'
            '    (1): ReLU()\n'
            '    (2): Linear(in_features=128, out_features=128, bias=True)\n'
            '    (3): ReLU()\n'
            '    (4): Linear(in_features=128, out_features=9, bias=True)\n'
            '  )\n'
            ')',
 'replay_buffer_size': 10000,
 'replay_start_size': 1,
 'seed': 1,
 'train_steps': 876000,
 'update_frequency': 1,
 'update_target_frequency': 16,
 'weight_scale': 1.4142135623730951}
Timestep : 8758, score : -4781.654889154321, Time : 22.528 s
Timestep : 17517, score : -4469.584422407002, Time : 21.836 s
Timestep : 26276, score : -4292.25927873273, Time : 21.985 s
Timestep : 35035, score : -4402.324617653416, Time : 22.126 s
Timestep : 43794, score : -5255.528880767015, Time : 22.65 s
Timestep : 52553, score : -4477.158052031373, Time : 23.352 s
Timestep : 61312, score : -4416.104450967818, Time : 22.281 s
Timestep : 70071, score : -4777.921686552145, Time : 22.067 s
Timestep : 78830, score : -4265.355136047729, Time : 21.62 s
Timestep : 87589, score : -4545.579008368688, Time : 21.648 s
Timestep : 96348, score : -4882.24075370832, Time : 21.692 s
Timestep : 105107, score : -4625.337106221268, Time : 22.929 s
Timestep : 113866, score : -4664.599197134798, Time : 23.647 s
Timestep : 122625, score : -4572.720201365912, Time : 22.902 s
Timestep : 131384, score : -4422.178509027843, Time : 22.719 s
Timestep : 140143, score : -4050.5874423933274, Time : 22.624 s
Timestep : 148902, score : -4003.17388664787, Time : 22.628 s
Timestep : 157661, score : -4042.82085377202, Time : 22.741 s
Timestep : 166420, score : -4192.855537911208, Time : 23.111 s
Timestep : 175179, score : -4003.4253367758647, Time : 22.436 s
Timestep : 183938, score : -4293.110779868002, Time : 22.021 s
Timestep : 192697, score : -4245.258471829497, Time : 21.78 s
Timestep : 201456, score : -4333.258385116147, Time : 21.942 s
Timestep : 210215, score : -3783.20582843633, Time : 21.816 s
Timestep : 218974, score : -3738.548364072485, Time : 22.15 s
Timestep : 227733, score : -3543.8507400790986, Time : 23.261 s
Timestep : 236492, score : -4145.546997841855, Time : 22.884 s
Timestep : 245251, score : -4048.8093889870506, Time : 22.789 s
Timestep : 254010, score : -3439.1275757369876, Time : 22.32 s
Timestep : 262769, score : -4008.78747090642, Time : 21.851 s
Timestep : 271528, score : -3992.1633845888573, Time : 22.405 s
Timestep : 280287, score : -3937.098265682027, Time : 22.766 s
Timestep : 289046, score : -3654.258882073598, Time : 23.092 s
Timestep : 297805, score : -4153.375541376212, Time : 22.325 s
Timestep : 306564, score : -4464.569385998024, Time : 22.75 s
Timestep : 315323, score : -4538.449277234147, Time : 22.499 s
Timestep : 324082, score : -3928.5531504538667, Time : 22.432 s
Timestep : 332841, score : -3851.2097737765, Time : 22.373 s
Timestep : 341600, score : -4114.0406534293725, Time : 22.914 s
Timestep : 350359, score : -4334.3162772021315, Time : 22.891 s
Timestep : 359118, score : -4397.053150246298, Time : 22.405 s
Timestep : 367877, score : -4503.315518624222, Time : 22.79 s
Timestep : 376636, score : -4233.83245677923, Time : 22.417 s
Timestep : 385395, score : -4291.773868513672, Time : 22.345 s
Timestep : 394154, score : -4776.551928128843, Time : 22.481 s
Timestep : 402913, score : -4200.167733437978, Time : 22.62 s
Timestep : 411672, score : -3962.085460781498, Time : 22.595 s
Timestep : 420431, score : -4260.415274683823, Time : 22.208 s
Timestep : 429190, score : -4171.560986206241, Time : 22.593 s
Timestep : 437949, score : -4175.526009498542, Time : 22.358 s
Timestep : 446708, score : -3919.7375309303898, Time : 22.409 s
Timestep : 455467, score : -3665.691441556235, Time : 22.46 s
Timestep : 464226, score : -3827.7389204636274, Time : 23.152 s
Timestep : 472985, score : -3923.993689549534, Time : 22.559 s
Timestep : 481744, score : -3762.4010479676363, Time : 22.515 s
Timestep : 490503, score : -3818.5445391193207, Time : 22.867 s
Timestep : 499262, score : -3771.5190183138766, Time : 22.192 s
Timestep : 508021, score : -4088.72358923257, Time : 21.868 s
Timestep : 516780, score : -4052.262785391329, Time : 22.346 s
Timestep : 525539, score : -4157.873788304831, Time : 22.668 s
Timestep : 534298, score : -4309.507629408879, Time : 21.746 s
Timestep : 543057, score : -4107.452153852355, Time : 21.771 s
Timestep : 551816, score : -4168.256011236372, Time : 22.737 s
Timestep : 560575, score : -4095.786890390591, Time : 22.152 s
Timestep : 569334, score : -4049.9440789794608, Time : 22.004 s
Timestep : 578093, score : -4097.112527800171, Time : 23.139 s
Timestep : 586852, score : -4115.750711041881, Time : 23.242 s
Timestep : 595611, score : -4030.641019112809, Time : 22.629 s
Timestep : 604370, score : -3639.7980019923125, Time : 22.789 s
Timestep : 613129, score : -3667.463097118103, Time : 22.996 s
Timestep : 621888, score : -4180.129125971725, Time : 22.175 s
Timestep : 630647, score : -3832.184496389964, Time : 22.249 s
Timestep : 639406, score : -3713.5959449505754, Time : 22.646 s
Timestep : 648165, score : -3739.429761951469, Time : 22.255 s
Timestep : 656924, score : -3136.6296337073145, Time : 21.977 s
Timestep : 665683, score : -3758.164752272569, Time : 22.416 s
Timestep : 674442, score : -3646.883331659861, Time : 22.203 s
Timestep : 683201, score : -3941.325097189663, Time : 22.267 s
Timestep : 691960, score : -3568.8441105693637, Time : 22.33 s
Timestep : 700719, score : -3890.517851974262, Time : 22.615 s
Timestep : 709478, score : -3586.828909632197, Time : 22.126 s
Timestep : 718237, score : -3495.0621862307016, Time : 21.83 s
Timestep : 726996, score : -3759.2178667894623, Time : 21.861 s
Timestep : 735755, score : -3712.0391863159894, Time : 22.232 s
Timestep : 744514, score : -4125.673819697258, Time : 22.097 s
Timestep : 753273, score : -4048.657123092009, Time : 22.23 s
Timestep : 762032, score : -4102.737444430037, Time : 22.855 s
Timestep : 770791, score : -3931.9973451417463, Time : 22.708 s
Timestep : 779550, score : -3132.1268423212023, Time : 22.611 s
Timestep : 788309, score : -2884.5818353224604, Time : 22.621 s
Timestep : 797068, score : -3034.8831565653963, Time : 22.945 s
Timestep : 805827, score : -3167.2000843029527, Time : 22.803 s
Timestep : 814586, score : -3325.0482439421176, Time : 22.597 s
Timestep : 823345, score : -3360.9416394512227, Time : 22.57 s
Timestep : 832104, score : -3880.9257334969298, Time : 22.503 s
Timestep : 840863, score : -4105.997360747686, Time : 22.524 s
Timestep : 849622, score : -4117.362648093404, Time : 22.532 s
Timestep : 858381, score : -3767.199018265659, Time : 21.872 s
Timestep : 867140, score : -3673.8730982152338, Time : 22.123 s
Timestep : 875899, score : -4002.2239202614, Time : 22.078 s
Starting local evaluation
Num Steps: 1000, Num episodes: 0
Num Steps: 2000, Num episodes: 0
Num Steps: 3000, Num episodes: 0
Num Steps: 4000, Num episodes: 0
Num Steps: 5000, Num episodes: 0
Num Steps: 6000, Num episodes: 0
Num Steps: 7000, Num episodes: 0
Num Steps: 8000, Num episodes: 0
Episode complete: 1 | Latest episode metrics: {'price_cost': 0.9893540901489861, 'emmision_cost': 1.0026051921005383}
[-0.22477362] -0.224773615516368
Average Price Cost: 0.9893540901489861
Average Emmision Cost: 1.0026051921005383
Average of both costs: 0.9959796411247622
Total time taken by agent: 3.837236881139688s
DONE!
