{'agent': 'DQN', 'action_selection': 'softmax', 'seed': 1, 'episodes': 100, 'data_path': 'data/citylearn_challenge_2022_phase_1', 'dry_run': False, 'n_discrete': 9, 'update_target': 4, 'lr': 0.03, 'batch_size': 128, 'adam_epsilon': 1e-05, 'epsilon_final': 0.02, 'run_id': 147}
{'Notes': 'This is a tuning run, executed on a single building.',
 'action_selection': 'softmax',
 'adam_epsilon': 1e-05,
 'env': '<NormalizeObservation<OneHotHour<DiscreteSingle<CityLearnEnv '
        'instance>>>>',
 'final_exploration_rate': 0.02,
 'final_exploration_step': 1000,
 'gamma': 0.99,
 'initial_exploration_rate': 1,
 'learning_rate': 0.03,
 'loss': 'mse',
 'minibatch_size': 128,
 'network': 'MLP(\n'
            '  (layers): Sequential(\n'
            '    (0): Linear(in_features=29, out_features=128, bias=True)\n'
            '    (1): ReLU()\n'
            '    (2): Linear(in_features=128, out_features=128, bias=True)\n'
            '    (3): ReLU()\n'
            '    (4): Linear(in_features=128, out_features=9, bias=True)\n'
            '  )\n'
            ')',
 'replay_buffer_size': 10000,
 'replay_start_size': 128,
 'seed': 1,
 'train_steps': 876000,
 'update_frequency': 1,
 'update_target_frequency': 4,
 'weight_scale': 1.4142135623730951}
Timestep : 8758, score : -9121.779952012308, Time : 23.209 s
Timestep : 17517, score : -7451.429735084719, Time : 24.2 s
Timestep : 26276, score : -5823.69453154962, Time : 24.556 s
Timestep : 35035, score : -7275.81355683694, Time : 24.816 s
Timestep : 43794, score : -6741.8874442722445, Time : 24.564 s
Timestep : 52553, score : -8027.651807289076, Time : 24.909 s
Timestep : 61312, score : -8740.918342279067, Time : 24.735 s
Timestep : 70071, score : -9158.336133409524, Time : 24.332 s
Timestep : 78830, score : -9981.49588896372, Time : 24.092 s
Timestep : 87589, score : -10103.443098668955, Time : 24.903 s
Timestep : 96348, score : -9999.898167560255, Time : 24.631 s
Timestep : 105107, score : -10427.307962847437, Time : 24.565 s
Timestep : 113866, score : -9518.541787984272, Time : 24.34 s
Timestep : 122625, score : -11087.799802441223, Time : 24.417 s
Timestep : 131384, score : -11472.210919772751, Time : 24.399 s
Timestep : 140143, score : -12907.506671506995, Time : 24.497 s
Timestep : 148902, score : -11857.668383603774, Time : 24.203 s
Timestep : 157661, score : -12836.495448992704, Time : 24.294 s
Timestep : 166420, score : -14371.698811916882, Time : 24.263 s
Timestep : 175179, score : -13932.374347383164, Time : 24.454 s
Timestep : 183938, score : -15197.324442768935, Time : 24.349 s
Timestep : 192697, score : -14607.750986894112, Time : 24.445 s
Timestep : 201456, score : -14853.368789917222, Time : 24.474 s
Timestep : 210215, score : -15176.12028335773, Time : 24.787 s
Timestep : 218974, score : -14275.645419742053, Time : 24.439 s
Timestep : 227733, score : -14120.894889321484, Time : 24.52 s
Timestep : 236492, score : -14540.820051493753, Time : 24.385 s
Timestep : 245251, score : -14490.03356463078, Time : 24.803 s
Timestep : 254010, score : -15569.042419243095, Time : 24.813 s
Timestep : 262769, score : -14719.784815214924, Time : 24.362 s
Timestep : 271528, score : -15401.722856808134, Time : 24.382 s
Timestep : 280287, score : -15217.316078476026, Time : 24.386 s
Timestep : 289046, score : -14438.134297551194, Time : 24.537 s
Timestep : 297805, score : -14583.141354100153, Time : 24.293 s
Timestep : 306564, score : -15275.026579107383, Time : 24.235 s
Timestep : 315323, score : -14919.531932171696, Time : 24.672 s
Timestep : 324082, score : -15114.713777770987, Time : 24.455 s
Timestep : 332841, score : -15830.888026471104, Time : 24.136 s
Timestep : 341600, score : -15594.697290450044, Time : 24.44 s
Timestep : 350359, score : -15818.41035873664, Time : 24.274 s
Timestep : 359118, score : -15054.029109071125, Time : 24.736 s
Timestep : 367877, score : -14255.073686076168, Time : 24.477 s
Timestep : 376636, score : -14832.52888682294, Time : 24.826 s
Timestep : 385395, score : -15385.471423446856, Time : 24.666 s
Timestep : 394154, score : -15274.71907403278, Time : 24.422 s
Timestep : 402913, score : -15350.291256734683, Time : 24.42 s
Timestep : 411672, score : -14526.9832307654, Time : 24.137 s
Timestep : 420431, score : -14133.728478375895, Time : 24.181 s
Timestep : 429190, score : -14715.73407146633, Time : 24.013 s
Timestep : 437949, score : -15320.193390148575, Time : 24.194 s
Timestep : 446708, score : -15531.18773221325, Time : 24.067 s
Timestep : 455467, score : -15464.258036144965, Time : 24.223 s
Timestep : 464226, score : -15178.716853678576, Time : 24.028 s
Timestep : 472985, score : -15108.700621115408, Time : 24.09 s
Timestep : 481744, score : -15003.830858198417, Time : 24.714 s
Timestep : 490503, score : -15226.797109553896, Time : 24.754 s
Timestep : 499262, score : -15920.502485858422, Time : 24.56 s
Timestep : 508021, score : -15025.656778845194, Time : 24.352 s
Timestep : 516780, score : -14712.789486239082, Time : 24.498 s
Timestep : 525539, score : -15209.842936481538, Time : 24.754 s
Timestep : 534298, score : -15052.614909648575, Time : 24.694 s
Timestep : 543057, score : -15506.165620743719, Time : 24.346 s
Timestep : 551816, score : -15575.849753568851, Time : 24.139 s
Timestep : 560575, score : -15294.62277480634, Time : 24.161 s
Timestep : 569334, score : -15260.91880259577, Time : 24.739 s
Timestep : 578093, score : -13919.702564363397, Time : 24.627 s
Timestep : 586852, score : -15751.912019485258, Time : 24.564 s
Timestep : 595611, score : -16244.839497949884, Time : 24.794 s
Timestep : 604370, score : -14805.716789238213, Time : 24.613 s
Timestep : 613129, score : -14980.673291248386, Time : 24.786 s
Timestep : 621888, score : -14886.219161176312, Time : 25.048 s
Timestep : 630647, score : -14623.65200040408, Time : 24.773 s
Timestep : 639406, score : -14549.592841733596, Time : 24.114 s
Timestep : 648165, score : -13826.969319003983, Time : 24.995 s
Timestep : 656924, score : -14258.022609949228, Time : 24.244 s
Timestep : 665683, score : -14070.284687819338, Time : 24.69 s
Timestep : 674442, score : -14500.608830756857, Time : 24.569 s
Timestep : 683201, score : -14089.632104116798, Time : 24.696 s
Timestep : 691960, score : -14390.49138356543, Time : 24.529 s
Timestep : 700719, score : -13610.100545711153, Time : 24.9 s
Timestep : 709478, score : -13544.997324214506, Time : 24.945 s
Timestep : 718237, score : -15659.965791221017, Time : 24.95 s
Timestep : 726996, score : -15138.714269346048, Time : 24.596 s
Timestep : 735755, score : -14753.017425929545, Time : 24.91 s
Timestep : 744514, score : -14528.290251688708, Time : 24.628 s
Timestep : 753273, score : -14072.172441724804, Time : 24.659 s
Timestep : 762032, score : -12136.292986173881, Time : 24.435 s
Timestep : 770791, score : -10725.979688879874, Time : 24.185 s
Timestep : 779550, score : -11408.618519384254, Time : 24.336 s
Timestep : 788309, score : -11464.137964874113, Time : 24.55 s
Timestep : 797068, score : -11527.005399408285, Time : 24.386 s
Timestep : 805827, score : -11352.755999043424, Time : 24.417 s
Timestep : 814586, score : -11847.223194214937, Time : 24.479 s
Timestep : 823345, score : -12356.804899146038, Time : 24.38 s
Timestep : 832104, score : -12097.960087200816, Time : 24.367 s
Timestep : 840863, score : -11627.307331512566, Time : 24.21 s
Timestep : 849622, score : -11030.529449095862, Time : 24.516 s
Timestep : 858381, score : -12299.402127942842, Time : 24.486 s
Timestep : 867140, score : -10633.955713126998, Time : 24.442 s
Timestep : 875899, score : -11683.346927645849, Time : 24.579 s
Starting local evaluation
Num Steps: 1000, Num episodes: 0
Num Steps: 2000, Num episodes: 0
Num Steps: 3000, Num episodes: 0
Num Steps: 4000, Num episodes: 0
Num Steps: 5000, Num episodes: 0
Num Steps: 6000, Num episodes: 0
Num Steps: 7000, Num episodes: 0
Num Steps: 8000, Num episodes: 0
Episode complete: 1 | Latest episode metrics: {'price_cost': 1.0057038577501636, 'emmision_cost': 1.0082648977217779}
[-0.23858897] -0.2385889744651072
Average Price Cost: 1.0057038577501636
Average Emmision Cost: 1.0082648977217779
Average of both costs: 1.0069843777359706
Total time taken by agent: 2.678337389603257s
DONE!
