{'agent': 'UADQN', 'action_selection': 'softmax', 'seed': 1, 'episodes': 50, 'data_path': 'data/citylearn_challenge_2022_phase_1', 'dry_run': False, 'n_discrete': 9, 'update_target': 4, 'lr': 0.0003, 'batch_size': 128, 'adam_epsilon': 1e-07, 'epsilon_final': 0.02, 'run_id': 449}
{'Notes': 'This is a tuning run, executed on a single building.',
 'adam_epsilon': 1e-07,
 'aleatoric_factor': 0,
 'biased_aleatoric': False,
 'env': '<NormalizeObservation<OneHotHour<DiscreteSingle<CityLearnEnv '
        'instance>>>>',
 'epistemic_factor': 1,
 'gamma': 0.99,
 'learning_rate': 0.0003,
 'minibatch_size': 128,
 'n_quantiles': 20,
 'network': 'MLP(\n'
            '  (layers): Sequential(\n'
            '    (0): Linear(in_features=29, out_features=128, bias=True)\n'
            '    (1): ReLU()\n'
            '    (2): Linear(in_features=128, out_features=128, bias=True)\n'
            '    (3): ReLU()\n'
            '    (4): Linear(in_features=128, out_features=180, bias=True)\n'
            '  )\n'
            ')',
 'noise_scale': 1,
 'replay_buffer_size': 10000,
 'replay_start_size': 128,
 'seed': 1,
 'train_steps': 438000,
 'update_frequency': 1,
 'update_target_frequency': 4,
 'weight_scale': 1.4142135623730951}
Timestep : 8758, score : -3449.987990339898, Time : 87.966 s
Timestep : 17517, score : -2200.0400408584683, Time : 91.479 s
Timestep : 26276, score : -1737.7712705971499, Time : 91.917 s
Timestep : 35035, score : -1302.780214493192, Time : 91.592 s
Timestep : 43794, score : -1556.3334063643415, Time : 93.284 s
Timestep : 52553, score : -1345.7693566959642, Time : 92.247 s
Timestep : 61312, score : -1101.4096213905432, Time : 93.119 s
Timestep : 70071, score : -1554.0737831492734, Time : 94.0 s
Timestep : 78830, score : -1186.5509057870659, Time : 92.195 s
Timestep : 87589, score : -929.2208468269382, Time : 93.416 s
Timestep : 96348, score : -765.1187131295737, Time : 94.021 s
Timestep : 105107, score : -854.3302566889033, Time : 91.952 s
Timestep : 113866, score : -755.579874865507, Time : 93.613 s
Timestep : 122625, score : -1062.6008995628945, Time : 89.736 s
Timestep : 131384, score : -841.5209912079881, Time : 88.736 s
Timestep : 140143, score : -733.5380230960727, Time : 89.158 s
Timestep : 148902, score : -826.736871927933, Time : 90.589 s
Timestep : 157661, score : -429.4915759067808, Time : 91.376 s
Timestep : 166420, score : -823.5016983291134, Time : 90.221 s
Timestep : 175179, score : -695.1908498923585, Time : 92.35 s
Timestep : 183938, score : -670.2473000968166, Time : 93.772 s
Timestep : 192697, score : -758.2038238712412, Time : 94.465 s
Timestep : 201456, score : -810.5132426687342, Time : 92.761 s
Timestep : 210215, score : -837.893493337353, Time : 94.526 s
Timestep : 218974, score : -899.555689677858, Time : 93.563 s
Timestep : 227733, score : -770.2354699021962, Time : 93.594 s
Timestep : 236492, score : -706.5345072623168, Time : 94.43 s
Timestep : 245251, score : -843.0585866829206, Time : 92.245 s
Timestep : 254010, score : -506.31468415472773, Time : 93.219 s
Timestep : 262769, score : -693.2190343600523, Time : 91.984 s
Timestep : 271528, score : -592.3104976585892, Time : 91.842 s
Timestep : 280287, score : -573.9628963628347, Time : 92.909 s
Timestep : 289046, score : -670.5985085231077, Time : 91.274 s
Timestep : 297805, score : -714.7942705673922, Time : 91.792 s
Timestep : 306564, score : -610.26207556788, Time : 91.484 s
Timestep : 315323, score : -641.872908162215, Time : 89.749 s
Timestep : 324082, score : -607.9241207738232, Time : 91.882 s
Timestep : 332841, score : -614.4512662024063, Time : 90.376 s
Timestep : 341600, score : -591.2259886062529, Time : 91.913 s
Timestep : 350359, score : -631.0311992173374, Time : 89.459 s
Timestep : 359118, score : -634.5788524805394, Time : 87.256 s
Timestep : 367877, score : -691.4629568218079, Time : 88.549 s
Timestep : 376636, score : -614.9742170705285, Time : 88.574 s
Timestep : 385395, score : -549.1070482398209, Time : 88.724 s
Timestep : 394154, score : -535.2566889880982, Time : 90.177 s
Timestep : 402913, score : -578.5515941672784, Time : 88.691 s
Timestep : 411672, score : -593.0774165739131, Time : 90.249 s
Timestep : 420431, score : -679.6622448361304, Time : 90.14 s
Timestep : 429190, score : -574.1722835668188, Time : 88.653 s
Timestep : 437949, score : -583.7762383299705, Time : 90.17 s
Starting local evaluation
Num Steps: 1000, Num episodes: 0
Num Steps: 2000, Num episodes: 0
Num Steps: 3000, Num episodes: 0
Num Steps: 4000, Num episodes: 0
Num Steps: 5000, Num episodes: 0
Num Steps: 6000, Num episodes: 0
Num Steps: 7000, Num episodes: 0
Num Steps: 8000, Num episodes: 0
Episode complete: 1 | Latest episode metrics: {'price_cost': 0.7922383155111931, 'emmision_cost': 0.8982775889994099}
[-0.03693707] -0.03693707116499859
Average Price Cost: 0.7922383155111931
Average Emmision Cost: 0.8982775889994099
Average of both costs: 0.8452579522553014
Total time taken by agent: 12.40501527953893s
DONE!
