{'agent': 'DQN', 'action_selection': 'softmax', 'seed': 1, 'episodes': 100, 'data_path': 'data/citylearn_challenge_2022_phase_1', 'dry_run': False, 'n_discrete': 9, 'update_target': 4, 'lr': 0.0001, 'batch_size': 8, 'adam_epsilon': 1e-07, 'epsilon_final': 0.02, 'run_id': 108}
{'Notes': 'This is a tuning run, executed on a single building.',
 'action_selection': 'softmax',
 'adam_epsilon': 1e-07,
 'env': '<NormalizeObservation<OneHotHour<DiscreteSingle<CityLearnEnv '
        'instance>>>>',
 'final_exploration_rate': 0.02,
 'final_exploration_step': 1000,
 'gamma': 0.99,
 'initial_exploration_rate': 1,
 'learning_rate': 0.0001,
 'loss': 'mse',
 'minibatch_size': 8,
 'network': 'MLP(\n'
            '  (layers): Sequential(\n'
            '    (0): Linear(in_features=29, out_features=128, bias=True)\n'
            '    (1): ReLU()\n'
            '    (2): Linear(in_features=128, out_features=128, bias=True)\n'
            '    (3): ReLU()\n'
            '    (4): Linear(in_features=128, out_features=9, bias=True)\n'
            '  )\n'
            ')',
 'replay_buffer_size': 10000,
 'replay_start_size': 8,
 'seed': 1,
 'train_steps': 876000,
 'update_frequency': 1,
 'update_target_frequency': 4,
 'weight_scale': 1.4142135623730951}
Timestep : 8758, score : -5452.243375797712, Time : 21.69 s
Timestep : 17517, score : -4708.939751906699, Time : 21.347 s
Timestep : 26276, score : -4391.821376926644, Time : 21.28 s
Timestep : 35035, score : -4378.6623034487275, Time : 21.657 s
Timestep : 43794, score : -4347.815657404251, Time : 21.602 s
Timestep : 52553, score : -4314.183616483031, Time : 21.567 s
Timestep : 61312, score : -4312.613113846077, Time : 21.472 s
Timestep : 70071, score : -4184.3358587463445, Time : 21.443 s
Timestep : 78830, score : -4323.7094185155875, Time : 21.301 s
Timestep : 87589, score : -4555.851564237295, Time : 21.117 s
Timestep : 96348, score : -4460.418748998389, Time : 20.859 s
Timestep : 105107, score : -4367.223587367131, Time : 20.94 s
Timestep : 113866, score : -4287.177776182027, Time : 21.066 s
Timestep : 122625, score : -4334.856750404608, Time : 21.085 s
Timestep : 131384, score : -4146.266212793213, Time : 21.172 s
Timestep : 140143, score : -4002.934122004619, Time : 21.192 s
Timestep : 148902, score : -4080.9559134156007, Time : 21.057 s
Timestep : 157661, score : -4116.461996809652, Time : 21.062 s
Timestep : 166420, score : -4086.7519490392006, Time : 20.86 s
Timestep : 175179, score : -4201.479701360135, Time : 20.95 s
Timestep : 183938, score : -4172.537794246717, Time : 20.93 s
Timestep : 192697, score : -4201.911506462915, Time : 21.024 s
Timestep : 201456, score : -4182.6476308440615, Time : 21.338 s
Timestep : 210215, score : -4330.267083242681, Time : 21.284 s
Timestep : 218974, score : -4226.073404392257, Time : 21.67 s
Timestep : 227733, score : -4171.502323155088, Time : 21.474 s
Timestep : 236492, score : -4055.3422318346857, Time : 21.591 s
Timestep : 245251, score : -3864.167430585745, Time : 21.55 s
Timestep : 254010, score : -3664.69734404076, Time : 21.202 s
Timestep : 262769, score : -3789.347684420136, Time : 21.015 s
Timestep : 271528, score : -3840.9705281630886, Time : 21.122 s
Timestep : 280287, score : -3824.1392577744846, Time : 21.05 s
Timestep : 289046, score : -3459.1203306105745, Time : 21.102 s
Timestep : 297805, score : -3268.844847075903, Time : 21.051 s
Timestep : 306564, score : -3211.907922994724, Time : 21.847 s
Timestep : 315323, score : -2822.08386116373, Time : 21.662 s
Timestep : 324082, score : -2809.4844955246954, Time : 21.939 s
Timestep : 332841, score : -3268.192527151812, Time : 21.412 s
Timestep : 341600, score : -3096.6701054233417, Time : 21.078 s
Timestep : 350359, score : -3248.571625172539, Time : 21.109 s
Timestep : 359118, score : -3502.9241515355243, Time : 20.979 s
Timestep : 367877, score : -3472.78851042912, Time : 20.981 s
Timestep : 376636, score : -3398.0913066455687, Time : 20.944 s
Timestep : 385395, score : -3126.0767615036602, Time : 20.987 s
Timestep : 394154, score : -2504.0256638044084, Time : 21.023 s
Timestep : 402913, score : -2806.029479183053, Time : 21.014 s
Timestep : 411672, score : -3130.2135865234595, Time : 21.141 s
Timestep : 420431, score : -3037.7434972222254, Time : 21.315 s
Timestep : 429190, score : -2915.1580634254788, Time : 21.459 s
Timestep : 437949, score : -2649.2916065861646, Time : 21.655 s
Timestep : 446708, score : -2733.5528015015443, Time : 21.501 s
Timestep : 455467, score : -2477.3082949585805, Time : 21.546 s
Timestep : 464226, score : -2521.15966928695, Time : 21.017 s
Timestep : 472985, score : -2563.582044147799, Time : 21.013 s
Timestep : 481744, score : -2699.43068439691, Time : 20.972 s
Timestep : 490503, score : -2064.1303710176435, Time : 21.06 s
Timestep : 499262, score : -2193.9175892447383, Time : 21.28 s
Timestep : 508021, score : -1986.8425038914138, Time : 21.652 s
Timestep : 516780, score : -2218.084418884042, Time : 21.61 s
Timestep : 525539, score : -2311.414702069509, Time : 21.918 s
Timestep : 534298, score : -2306.0514676224266, Time : 21.191 s
Timestep : 543057, score : -2258.983577234001, Time : 21.244 s
Timestep : 551816, score : -2327.5812726229487, Time : 21.14 s
Timestep : 560575, score : -2198.710030279035, Time : 21.149 s
Timestep : 569334, score : -2235.5271014357277, Time : 21.119 s
Timestep : 578093, score : -1952.5818183380507, Time : 21.267 s
Timestep : 586852, score : -1975.1630283542618, Time : 21.256 s
Timestep : 595611, score : -2140.4211688102514, Time : 21.197 s
Timestep : 604370, score : -1849.303535701969, Time : 21.139 s
Timestep : 613129, score : -2079.6189396529517, Time : 21.149 s
Timestep : 621888, score : -1830.5544892895996, Time : 21.121 s
Timestep : 630647, score : -2236.959319950576, Time : 21.009 s
Timestep : 639406, score : -2198.055004838927, Time : 21.024 s
Timestep : 648165, score : -2266.290748002735, Time : 20.868 s
Timestep : 656924, score : -1753.3362447999098, Time : 21.091 s
Timestep : 665683, score : -1987.7669875260326, Time : 20.989 s
Timestep : 674442, score : -2004.6004187296203, Time : 20.923 s
Timestep : 683201, score : -2104.7863917356153, Time : 20.997 s
Timestep : 691960, score : -2129.7370786622196, Time : 21.06 s
Timestep : 700719, score : -2080.2958599691774, Time : 21.039 s
Timestep : 709478, score : -2302.1997383336566, Time : 20.927 s
Timestep : 718237, score : -2087.895085059019, Time : 20.888 s
Timestep : 726996, score : -1949.4293396864814, Time : 20.881 s
Timestep : 735755, score : -2008.4598425131117, Time : 21.355 s
Timestep : 744514, score : -1886.7440081493987, Time : 21.462 s
Timestep : 753273, score : -2035.987473445508, Time : 21.376 s
Timestep : 762032, score : -1704.480749222712, Time : 21.263 s
Timestep : 770791, score : -1941.8451572741324, Time : 20.971 s
Timestep : 779550, score : -2005.30898741477, Time : 20.985 s
Timestep : 788309, score : -2323.1400238329807, Time : 20.994 s
Timestep : 797068, score : -2296.0037974547886, Time : 20.918 s
Timestep : 805827, score : -2476.257168762808, Time : 20.945 s
Timestep : 814586, score : -2481.5376572920068, Time : 21.149 s
Timestep : 823345, score : -2253.011762019494, Time : 20.986 s
Timestep : 832104, score : -2316.460150763349, Time : 20.995 s
Timestep : 840863, score : -2210.089753252367, Time : 20.988 s
Timestep : 849622, score : -2354.0612886739837, Time : 20.962 s
Timestep : 858381, score : -2350.063573459891, Time : 20.936 s
Timestep : 867140, score : -2428.89713547258, Time : 21.244 s
Timestep : 875899, score : -1832.3111121134862, Time : 21.465 s
Starting local evaluation
Num Steps: 1000, Num episodes: 0
Num Steps: 2000, Num episodes: 0
Num Steps: 3000, Num episodes: 0
Num Steps: 4000, Num episodes: 0
Num Steps: 5000, Num episodes: 0
Num Steps: 6000, Num episodes: 0
Num Steps: 7000, Num episodes: 0
Num Steps: 8000, Num episodes: 0
Episode complete: 1 | Latest episode metrics: {'price_cost': 0.8891507542296171, 'emmision_cost': 0.9523146721648259}
[-0.13090498] -0.13090497693923864
Average Price Cost: 0.8891507542296171
Average Emmision Cost: 0.9523146721648259
Average of both costs: 0.9207327131972215
Total time taken by agent: 3.2900922168046236s
DONE!
