{'agent': 'DQN', 'action_selection': 'softmax', 'seed': 1, 'episodes': 100, 'data_path': 'data/citylearn_challenge_2022_phase_1', 'dry_run': False, 'n_discrete': 9, 'update_target': 32, 'lr': 0.01, 'batch_size': 16, 'adam_epsilon': 1e-09, 'epsilon_final': 0.02, 'run_id': 142}
{'Notes': 'This is a tuning run, executed on a single building.',
 'action_selection': 'softmax',
 'adam_epsilon': 1e-09,
 'env': '<NormalizeObservation<OneHotHour<DiscreteSingle<CityLearnEnv '
        'instance>>>>',
 'final_exploration_rate': 0.02,
 'final_exploration_step': 1000,
 'gamma': 0.99,
 'initial_exploration_rate': 1,
 'learning_rate': 0.01,
 'loss': 'mse',
 'minibatch_size': 16,
 'network': 'MLP(\n'
            '  (layers): Sequential(\n'
            '    (0): Linear(in_features=29, out_features=128, bias=True)\n'
            '    (1): ReLU()\n'
            '    (2): Linear(in_features=128, out_features=128, bias=True)\n'
            '    (3): ReLU()\n'
            '    (4): Linear(in_features=128, out_features=9, bias=True)\n'
            '  )\n'
            ')',
 'replay_buffer_size': 10000,
 'replay_start_size': 16,
 'seed': 1,
 'train_steps': 876000,
 'update_frequency': 1,
 'update_target_frequency': 32,
 'weight_scale': 1.4142135623730951}
Timestep : 8758, score : -8012.939638056589, Time : 21.679 s
Timestep : 17517, score : -7069.6933909796935, Time : 21.738 s
Timestep : 26276, score : -7535.440676662725, Time : 21.509 s
Timestep : 35035, score : -7260.97429817394, Time : 21.508 s
Timestep : 43794, score : -7363.070294983947, Time : 21.527 s
Timestep : 52553, score : -7950.112227125937, Time : 21.506 s
Timestep : 61312, score : -7976.665172437351, Time : 21.541 s
Timestep : 70071, score : -7880.480334418156, Time : 21.527 s
Timestep : 78830, score : -8468.417353570301, Time : 21.536 s
Timestep : 87589, score : -8083.702273819828, Time : 21.57 s
Timestep : 96348, score : -8209.890411147513, Time : 21.605 s
Timestep : 105107, score : -8467.681593841713, Time : 21.539 s
Timestep : 113866, score : -8346.21513765541, Time : 21.567 s
Timestep : 122625, score : -8121.4045599628225, Time : 21.596 s
Timestep : 131384, score : -8663.178601420557, Time : 21.544 s
Timestep : 140143, score : -8596.24010202373, Time : 21.586 s
Timestep : 148902, score : -8591.979339838566, Time : 21.566 s
Timestep : 157661, score : -9105.391862975739, Time : 21.551 s
Timestep : 166420, score : -8772.664054668581, Time : 21.612 s
Timestep : 175179, score : -9285.65620144883, Time : 21.841 s
Timestep : 183938, score : -8861.167194472233, Time : 21.263 s
Timestep : 192697, score : -9054.791635393543, Time : 21.222 s
Timestep : 201456, score : -8738.897519810736, Time : 21.226 s
Timestep : 210215, score : -9419.6472738739, Time : 21.183 s
Timestep : 218974, score : -9249.60568005615, Time : 21.216 s
Timestep : 227733, score : -8604.48514271868, Time : 21.212 s
Timestep : 236492, score : -9328.782220669978, Time : 21.223 s
Timestep : 245251, score : -9279.911469814091, Time : 21.205 s
Timestep : 254010, score : -8873.105673161408, Time : 21.194 s
Timestep : 262769, score : -8421.680715276467, Time : 21.653 s
Timestep : 271528, score : -9463.663538831868, Time : 21.206 s
Timestep : 280287, score : -9204.27941119115, Time : 21.232 s
Timestep : 289046, score : -9399.52320685664, Time : 21.198 s
Timestep : 297805, score : -9014.465756908496, Time : 21.225 s
Timestep : 306564, score : -9529.890359698707, Time : 21.228 s
Timestep : 315323, score : -9191.540011086181, Time : 21.187 s
Timestep : 324082, score : -9100.81477999853, Time : 21.224 s
Timestep : 332841, score : -9437.37631952163, Time : 21.2 s
Timestep : 341600, score : -9348.270639402705, Time : 21.219 s
Timestep : 350359, score : -9401.880495197562, Time : 21.195 s
Timestep : 359118, score : -8745.373554300473, Time : 21.22 s
Timestep : 367877, score : -9074.32496985307, Time : 21.2 s
Timestep : 376636, score : -8387.455092769967, Time : 21.253 s
Timestep : 385395, score : -9662.923965419803, Time : 21.193 s
Timestep : 394154, score : -9450.228512942747, Time : 21.505 s
Timestep : 402913, score : -9198.891293547655, Time : 21.239 s
Timestep : 411672, score : -9114.712868643372, Time : 21.174 s
Timestep : 420431, score : -8902.916540140213, Time : 21.239 s
Timestep : 429190, score : -9514.777254321758, Time : 21.432 s
Timestep : 437949, score : -9534.956239320803, Time : 21.994 s
Timestep : 446708, score : -10166.347028407108, Time : 21.236 s
Timestep : 455467, score : -9420.959645703973, Time : 21.242 s
Timestep : 464226, score : -9167.055678969089, Time : 21.248 s
Timestep : 472985, score : -9219.22574293218, Time : 21.189 s
Timestep : 481744, score : -9711.822399614219, Time : 21.317 s
Timestep : 490503, score : -8757.38103409017, Time : 21.205 s
Timestep : 499262, score : -9227.57942451346, Time : 21.229 s
Timestep : 508021, score : -9169.463369552002, Time : 21.261 s
Timestep : 516780, score : -9133.182047187496, Time : 21.216 s
Timestep : 525539, score : -9130.017677647415, Time : 21.268 s
Timestep : 534298, score : -9907.468117501412, Time : 21.226 s
Timestep : 543057, score : -9361.424719585819, Time : 21.199 s
Timestep : 551816, score : -9691.894433893176, Time : 21.2 s
Timestep : 560575, score : -9397.67017362875, Time : 21.208 s
Timestep : 569334, score : -9626.267087156491, Time : 21.895 s
Timestep : 578093, score : -8963.985581290122, Time : 21.509 s
Timestep : 586852, score : -9725.804488797905, Time : 21.23 s
Timestep : 595611, score : -9133.257943763965, Time : 21.251 s
Timestep : 604370, score : -8924.630445457718, Time : 21.23 s
Timestep : 613129, score : -9165.307284710841, Time : 21.218 s
Timestep : 621888, score : -9316.176099917357, Time : 21.197 s
Timestep : 630647, score : -9923.832610230616, Time : 21.197 s
Timestep : 639406, score : -9636.43561878214, Time : 21.214 s
Timestep : 648165, score : -9617.312015464908, Time : 21.173 s
Timestep : 656924, score : -9992.081409826947, Time : 21.476 s
Timestep : 665683, score : -9737.25642889415, Time : 21.427 s
Timestep : 674442, score : -9743.922363811056, Time : 21.792 s
Timestep : 683201, score : -9130.45153583691, Time : 21.298 s
Timestep : 691960, score : -9020.061349203286, Time : 21.28 s
Timestep : 700719, score : -9179.32338979311, Time : 21.73 s
Timestep : 709478, score : -9159.452552047747, Time : 22.201 s
Timestep : 718237, score : -8983.952231444098, Time : 22.187 s
Timestep : 726996, score : -9258.520777377373, Time : 22.002 s
Timestep : 735755, score : -9579.94073444436, Time : 21.661 s
Timestep : 744514, score : -9550.412760098188, Time : 21.642 s
Timestep : 753273, score : -9754.15911320674, Time : 21.902 s
Timestep : 762032, score : -9239.723488666263, Time : 21.615 s
Timestep : 770791, score : -9227.873356206954, Time : 21.854 s
Timestep : 779550, score : -9831.901397867405, Time : 21.651 s
Timestep : 788309, score : -8988.182177428753, Time : 21.841 s
Timestep : 797068, score : -9174.57740878078, Time : 21.437 s
Timestep : 805827, score : -9166.803287568771, Time : 21.25 s
Timestep : 814586, score : -8826.252498650254, Time : 21.229 s
Timestep : 823345, score : -8755.614344583388, Time : 21.238 s
Timestep : 832104, score : -8872.763413134991, Time : 21.194 s
Timestep : 840863, score : -8625.150114418546, Time : 20.833 s
Timestep : 849622, score : -8591.29595702915, Time : 21.073 s
Timestep : 858381, score : -8984.317427154616, Time : 20.93 s
Timestep : 867140, score : -9029.190369603602, Time : 21.02 s
Timestep : 875899, score : -9049.894809497666, Time : 21.113 s
Starting local evaluation
Num Steps: 1000, Num episodes: 0
Num Steps: 2000, Num episodes: 0
Num Steps: 3000, Num episodes: 0
Num Steps: 4000, Num episodes: 0
Num Steps: 5000, Num episodes: 0
Num Steps: 6000, Num episodes: 0
Num Steps: 7000, Num episodes: 0
Num Steps: 8000, Num episodes: 0
Episode complete: 1 | Latest episode metrics: {'price_cost': 1.0018686927120433, 'emmision_cost': 1.0017559126337583}
[-0.232294] -0.2322940005294583
Average Price Cost: 1.0018686927120433
Average Emmision Cost: 1.0017559126337583
Average of both costs: 1.0018123026729007
Total time taken by agent: 3.2086972994729877s
DONE!
