{'agent': 'DQN', 'action_selection': 'softmax', 'seed': 1, 'episodes': 100, 'data_path': 'data/citylearn_challenge_2022_phase_1', 'dry_run': False, 'n_discrete': 9, 'update_target': 32, 'lr': 0.1, 'batch_size': 4, 'adam_epsilon': 1e-08, 'epsilon_final': 0.02, 'run_id': 96}
{'Notes': 'This is a tuning run, executed on a single building.',
 'action_selection': 'softmax',
 'adam_epsilon': 1e-08,
 'env': '<NormalizeObservation<OneHotHour<DiscreteSingle<CityLearnEnv '
        'instance>>>>',
 'final_exploration_rate': 0.02,
 'final_exploration_step': 1000,
 'gamma': 0.99,
 'initial_exploration_rate': 1,
 'learning_rate': 0.1,
 'loss': 'mse',
 'minibatch_size': 4,
 'network': 'MLP(\n'
            '  (layers): Sequential(\n'
            '    (0): Linear(in_features=29, out_features=128, bias=True)\n'
            '    (1): ReLU()\n'
            '    (2): Linear(in_features=128, out_features=128, bias=True)\n'
            '    (3): ReLU()\n'
            '    (4): Linear(in_features=128, out_features=9, bias=True)\n'
            '  )\n'
            ')',
 'replay_buffer_size': 10000,
 'replay_start_size': 4,
 'seed': 1,
 'train_steps': 876000,
 'update_frequency': 1,
 'update_target_frequency': 32,
 'weight_scale': 1.4142135623730951}
Timestep : 8758, score : -4527.61529992093, Time : 24.96 s
Timestep : 17517, score : -4048.1727809211297, Time : 24.247 s
Timestep : 26276, score : -4280.127214085689, Time : 19.828 s
Timestep : 35035, score : -4149.443408082618, Time : 19.297 s
Timestep : 43794, score : -4100.849959504703, Time : 19.137 s
Timestep : 52553, score : -4097.2599243125005, Time : 19.142 s
Timestep : 61312, score : -4220.520721489011, Time : 21.645 s
Timestep : 70071, score : -4258.435008639848, Time : 26.244 s
Timestep : 78830, score : -4213.961118140636, Time : 22.885 s
Timestep : 87589, score : -4084.1428559454216, Time : 21.302 s
Timestep : 96348, score : -4249.497601362789, Time : 21.327 s
Timestep : 105107, score : -4123.859611158638, Time : 20.597 s
Timestep : 113866, score : -4214.876590707718, Time : 19.172 s
Timestep : 122625, score : -4161.2817958662345, Time : 19.178 s
Timestep : 131384, score : -4091.834374975835, Time : 19.123 s
Timestep : 140143, score : -4263.70117805645, Time : 19.154 s
Timestep : 148902, score : -4288.877738208888, Time : 19.153 s
Timestep : 157661, score : -4235.588244843675, Time : 19.155 s
Timestep : 166420, score : -4229.393958904693, Time : 19.167 s
Timestep : 175179, score : -4167.054060929833, Time : 19.311 s
Timestep : 183938, score : -4192.584514856178, Time : 20.731 s
Timestep : 192697, score : -4123.2965785650595, Time : 25.682 s
Timestep : 201456, score : -4085.9345269789046, Time : 22.11 s
Timestep : 210215, score : -4204.854779447211, Time : 19.709 s
Timestep : 218974, score : -4226.805487153542, Time : 19.332 s
Timestep : 227733, score : -4188.102676882787, Time : 19.226 s
Timestep : 236492, score : -4173.411870730604, Time : 19.864 s
Timestep : 245251, score : -4170.8663037605875, Time : 19.16 s
Timestep : 254010, score : -4164.663186500693, Time : 19.238 s
Timestep : 262769, score : -4168.01603828925, Time : 19.185 s
Timestep : 271528, score : -4134.2326387962385, Time : 19.144 s
Timestep : 280287, score : -4221.077773209108, Time : 19.187 s
Timestep : 289046, score : -4150.624354946805, Time : 19.175 s
Timestep : 297805, score : -4135.562614550261, Time : 19.183 s
Timestep : 306564, score : -4088.76440436524, Time : 22.326 s
Timestep : 315323, score : -4228.649940177129, Time : 24.724 s
Timestep : 324082, score : -4233.163986471045, Time : 19.383 s
Timestep : 332841, score : -4146.762738475067, Time : 19.638 s
Timestep : 341600, score : -4138.2176232053025, Time : 23.257 s
Timestep : 350359, score : -4221.747939304827, Time : 22.336 s
Timestep : 359118, score : -4158.809602112888, Time : 24.505 s
Timestep : 367877, score : -4155.539476487233, Time : 22.998 s
Timestep : 376636, score : -4103.944086145057, Time : 21.072 s
Timestep : 385395, score : -4036.6613294085546, Time : 21.12 s
Timestep : 394154, score : -4288.255678075628, Time : 23.809 s
Timestep : 402913, score : -4186.730519981269, Time : 21.29 s
Timestep : 411672, score : -4155.804077224253, Time : 22.211 s
Timestep : 420431, score : -4140.93471522475, Time : 23.924 s
Timestep : 429190, score : -4150.4274115267035, Time : 20.807 s
Timestep : 437949, score : -4087.8611027630104, Time : 20.792 s
Timestep : 446708, score : -4182.673967517243, Time : 20.085 s
Timestep : 455467, score : -4069.672205503477, Time : 23.759 s
Timestep : 464226, score : -4215.888227997959, Time : 25.869 s
Timestep : 472985, score : -4219.411229380785, Time : 24.616 s
Timestep : 481744, score : -4136.068191404833, Time : 24.342 s
Timestep : 490503, score : -4125.455398158549, Time : 23.213 s
Timestep : 499262, score : -4092.8699637962563, Time : 19.319 s
Timestep : 508021, score : -4323.802634143649, Time : 19.12 s
Timestep : 516780, score : -4305.735438329546, Time : 19.106 s
Timestep : 525539, score : -4164.91349909213, Time : 19.192 s
Timestep : 534298, score : -4153.283171916759, Time : 19.318 s
Timestep : 543057, score : -4225.382708777121, Time : 20.454 s
Timestep : 551816, score : -4117.6553819490655, Time : 20.617 s
Timestep : 560575, score : -4203.264227777865, Time : 20.147 s
Timestep : 569334, score : -4234.601585121272, Time : 24.753 s
Timestep : 578093, score : -4139.3542476868315, Time : 25.766 s
Timestep : 586852, score : -4323.233425397804, Time : 24.731 s
Timestep : 595611, score : -4109.20186997336, Time : 19.189 s
Timestep : 604370, score : -4139.941714794404, Time : 20.422 s
Timestep : 613129, score : -4192.614977765275, Time : 19.098 s
Timestep : 621888, score : -4219.988457787695, Time : 19.119 s
Timestep : 630647, score : -4156.187483536458, Time : 19.111 s
Timestep : 639406, score : -4108.711578279181, Time : 19.272 s
Timestep : 648165, score : -4260.212586883485, Time : 19.345 s
Timestep : 656924, score : -4133.03116409239, Time : 19.228 s
Timestep : 665683, score : -4135.968113567244, Time : 19.16 s
Timestep : 674442, score : -4157.96848911923, Time : 19.188 s
Timestep : 683201, score : -4141.34891628605, Time : 23.118 s
Timestep : 691960, score : -4207.901822322427, Time : 25.336 s
Timestep : 700719, score : -4238.479874306737, Time : 22.957 s
Timestep : 709478, score : -4321.662916788278, Time : 19.301 s
Timestep : 718237, score : -4248.70292173457, Time : 19.159 s
Timestep : 726996, score : -4132.571635392873, Time : 19.195 s
Timestep : 735755, score : -4106.981194597116, Time : 19.149 s
Timestep : 744514, score : -4233.243589014193, Time : 19.178 s
Timestep : 753273, score : -4165.0987932005955, Time : 19.388 s
Timestep : 762032, score : -4111.748795074789, Time : 19.343 s
Timestep : 770791, score : -4148.68323947434, Time : 19.245 s
Timestep : 779550, score : -4199.224193994334, Time : 19.192 s
Timestep : 788309, score : -4179.415979468642, Time : 19.176 s
Timestep : 797068, score : -4219.340508823661, Time : 19.2 s
Timestep : 805827, score : -4141.04414104615, Time : 26.842 s
Timestep : 814586, score : -4145.1351298675, Time : 21.325 s
Timestep : 823345, score : -4219.170004713262, Time : 19.452 s
Timestep : 832104, score : -4213.730522248341, Time : 19.137 s
Timestep : 840863, score : -4279.443454113236, Time : 19.127 s
Timestep : 849622, score : -4121.684246960474, Time : 19.14 s
Timestep : 858381, score : -4204.809662312648, Time : 19.172 s
Timestep : 867140, score : -4164.239390292583, Time : 19.302 s
Timestep : 875899, score : -4139.186665554909, Time : 19.358 s
Starting local evaluation
Num Steps: 1000, Num episodes: 0
Num Steps: 2000, Num episodes: 0
Num Steps: 3000, Num episodes: 0
Num Steps: 4000, Num episodes: 0
Num Steps: 5000, Num episodes: 0
Num Steps: 6000, Num episodes: 0
Num Steps: 7000, Num episodes: 0
Num Steps: 8000, Num episodes: 0
Episode complete: 1 | Latest episode metrics: {'price_cost': 1.002567174051822, 'emmision_cost': 1.0031516663023818}
[-0.23356444] -0.23356444354169614
Average Price Cost: 1.002567174051822
Average Emmision Cost: 1.0031516663023818
Average of both costs: 1.002859420177102
Total time taken by agent: 3.036712438799441s
DONE!
