{'agent': 'DQN', 'action_selection': 'egreedy', 'seed': 1, 'episodes': 100, 'data_path': 'data/citylearn_challenge_2022_phase_1', 'dry_run': False, 'n_discrete': 9, 'update_target': 4, 'lr': 0.0001, 'batch_size': 128, 'adam_epsilon': 1e-05, 'epsilon_final': 0.04, 'run_id': 336}
{'Notes': 'This is a tuning run, executed on a single building.',
 'action_selection': 'egreedy',
 'adam_epsilon': 1e-05,
 'env': '<NormalizeObservation<OneHotHour<DiscreteSingle<CityLearnEnv '
        'instance>>>>',
 'final_exploration_rate': 0.02,
 'final_exploration_step': 1000,
 'gamma': 0.99,
 'initial_exploration_rate': 1,
 'learning_rate': 0.0001,
 'loss': 'mse',
 'minibatch_size': 128,
 'network': 'MLP(\n'
            '  (layers): Sequential(\n'
            '    (0): Linear(in_features=29, out_features=128, bias=True)\n'
            '    (1): ReLU()\n'
            '    (2): Linear(in_features=128, out_features=128, bias=True)\n'
            '    (3): ReLU()\n'
            '    (4): Linear(in_features=128, out_features=9, bias=True)\n'
            '  )\n'
            ')',
 'replay_buffer_size': 10000,
 'replay_start_size': 128,
 'seed': 1,
 'train_steps': 876000,
 'update_frequency': 1,
 'update_target_frequency': 4,
 'weight_scale': 1.4142135623730951}
Timestep : 8758, score : -3980.5928120464378, Time : 32.849 s
Timestep : 17517, score : -2462.0278862647538, Time : 34.388 s
Timestep : 26276, score : -2264.6907992102933, Time : 34.92 s
Timestep : 35035, score : -2031.5543755500403, Time : 34.594 s
Timestep : 43794, score : -2194.1217977906635, Time : 34.582 s
Timestep : 52553, score : -2316.7619662324723, Time : 35.285 s
Timestep : 61312, score : -2376.2098935593676, Time : 33.831 s
Timestep : 70071, score : -2334.1835559730243, Time : 33.236 s
Timestep : 78830, score : -2106.333644818471, Time : 34.424 s
Timestep : 87589, score : -2130.151719766931, Time : 35.293 s
Timestep : 96348, score : -1716.890351210095, Time : 35.914 s
Timestep : 105107, score : -1832.5957603915886, Time : 35.911 s
Timestep : 113866, score : -1879.6428533043654, Time : 35.304 s
Timestep : 122625, score : -1977.511582215171, Time : 35.508 s
Timestep : 131384, score : -1529.8745755746495, Time : 35.087 s
Timestep : 140143, score : -1675.4122685843904, Time : 34.513 s
Timestep : 148902, score : -1580.7147798601363, Time : 34.429 s
Timestep : 157661, score : -1698.8852603442792, Time : 36.436 s
Timestep : 166420, score : -1452.0883506422688, Time : 35.604 s
Timestep : 175179, score : -1611.434920147789, Time : 35.0 s
Timestep : 183938, score : -1267.3432578523934, Time : 34.473 s
Timestep : 192697, score : -1304.8234557852556, Time : 34.684 s
Timestep : 201456, score : -1201.1074579508859, Time : 35.59 s
Timestep : 210215, score : -1640.4827869062137, Time : 35.571 s
Timestep : 218974, score : -1398.2670581889834, Time : 35.421 s
Timestep : 227733, score : -1673.5813919296052, Time : 31.663 s
Timestep : 236492, score : -1540.1064399995666, Time : 33.254 s
Timestep : 245251, score : -1402.3029554153618, Time : 34.043 s
Timestep : 254010, score : -1455.4848454178136, Time : 32.684 s
Timestep : 262769, score : -1203.7152459875506, Time : 33.408 s
Timestep : 271528, score : -1399.1936862517905, Time : 32.4 s
Timestep : 280287, score : -1399.2532481665548, Time : 33.591 s
Timestep : 289046, score : -1487.4706202310917, Time : 33.285 s
Timestep : 297805, score : -1385.5893663263705, Time : 34.658 s
Timestep : 306564, score : -1505.5700535343785, Time : 35.024 s
Timestep : 315323, score : -1587.434607472649, Time : 35.008 s
Timestep : 324082, score : -1424.7009408184385, Time : 34.251 s
Timestep : 332841, score : -1317.4892894090444, Time : 32.856 s
Timestep : 341600, score : -1448.938691647054, Time : 35.109 s
Timestep : 350359, score : -1366.8723103090015, Time : 34.292 s
Timestep : 359118, score : -1269.1808545132226, Time : 34.456 s
Timestep : 367877, score : -1464.953350208496, Time : 32.865 s
Timestep : 376636, score : -1181.6515054710035, Time : 33.037 s
Timestep : 385395, score : -1513.5954994078056, Time : 32.956 s
Timestep : 394154, score : -1388.663744319958, Time : 32.961 s
Timestep : 402913, score : -1444.551582374872, Time : 34.742 s
Timestep : 411672, score : -1361.2942608429876, Time : 35.018 s
Timestep : 420431, score : -1617.1227862579108, Time : 33.396 s
Timestep : 429190, score : -1543.1739577229891, Time : 33.001 s
Timestep : 437949, score : -1309.9663416410622, Time : 34.025 s
Timestep : 446708, score : -1239.705832088628, Time : 32.754 s
Timestep : 455467, score : -1393.816245721915, Time : 34.804 s
Timestep : 464226, score : -1790.0431603729085, Time : 33.892 s
Timestep : 472985, score : -1483.3385736721393, Time : 33.902 s
Timestep : 481744, score : -1586.3114850528364, Time : 33.705 s
Timestep : 490503, score : -1914.8697556474071, Time : 34.046 s
Timestep : 499262, score : -1255.1687538691622, Time : 33.898 s
Timestep : 508021, score : -1473.1559933561657, Time : 33.111 s
Timestep : 516780, score : -1354.757005576117, Time : 35.116 s
Timestep : 525539, score : -1528.403642041405, Time : 35.159 s
Timestep : 534298, score : -1406.9911565978837, Time : 34.949 s
Timestep : 543057, score : -1302.0438558843744, Time : 32.785 s
Timestep : 551816, score : -1634.1559173360292, Time : 32.694 s
Timestep : 560575, score : -1494.1980343263858, Time : 32.683 s
Timestep : 569334, score : -1292.8502975555893, Time : 32.582 s
Timestep : 578093, score : -1280.781336649583, Time : 34.798 s
Timestep : 586852, score : -1433.509133552463, Time : 35.14 s
Timestep : 595611, score : -1534.7909294434648, Time : 34.509 s
Timestep : 604370, score : -1575.5815171216673, Time : 33.379 s
Timestep : 613129, score : -1660.816638931894, Time : 32.358 s
Timestep : 621888, score : -1731.139810710476, Time : 32.805 s
Timestep : 630647, score : -1544.0588575636793, Time : 32.297 s
Timestep : 639406, score : -1573.8985918098188, Time : 32.28 s
Timestep : 648165, score : -1488.3641390868288, Time : 32.33 s
Timestep : 656924, score : -1371.4046450319292, Time : 33.557 s
Timestep : 665683, score : -1667.4873083237617, Time : 33.46 s
Timestep : 674442, score : -1713.4106339568098, Time : 34.683 s
Timestep : 683201, score : -1517.18281232976, Time : 35.148 s
Timestep : 691960, score : -1327.888528978714, Time : 34.56 s
Timestep : 700719, score : -1502.2641582166107, Time : 33.458 s
Timestep : 709478, score : -1646.778613282513, Time : 33.163 s
Timestep : 718237, score : -1863.943804828712, Time : 34.695 s
Timestep : 726996, score : -1890.2637990005605, Time : 34.835 s
Timestep : 735755, score : -1777.4500210893166, Time : 33.752 s
Timestep : 744514, score : -1722.2928651424882, Time : 32.53 s
Timestep : 753273, score : -1693.1309670640912, Time : 35.798 s
Timestep : 762032, score : -1605.4116778974712, Time : 35.309 s
Timestep : 770791, score : -1649.6403251807496, Time : 35.212 s
Timestep : 779550, score : -1710.9814761135785, Time : 34.914 s
Timestep : 788309, score : -1383.5914111086458, Time : 34.39 s
Timestep : 797068, score : -1576.0052160651248, Time : 32.763 s
Timestep : 805827, score : -1499.109835003299, Time : 32.731 s
Timestep : 814586, score : -1468.3449732609588, Time : 33.469 s
Timestep : 823345, score : -1628.5204744822404, Time : 35.19 s
Timestep : 832104, score : -1398.8067897614383, Time : 34.132 s
Timestep : 840863, score : -1748.6661333309312, Time : 33.927 s
Timestep : 849622, score : -1678.315379642445, Time : 34.174 s
Timestep : 858381, score : -1783.191792894926, Time : 35.038 s
Timestep : 867140, score : -2034.742042071448, Time : 33.95 s
Timestep : 875899, score : -1605.4799960347154, Time : 34.926 s
Starting local evaluation
Num Steps: 1000, Num episodes: 0
Num Steps: 2000, Num episodes: 0
Num Steps: 3000, Num episodes: 0
Num Steps: 4000, Num episodes: 0
Num Steps: 5000, Num episodes: 0
Num Steps: 6000, Num episodes: 0
Num Steps: 7000, Num episodes: 0
Num Steps: 8000, Num episodes: 0
Episode complete: 1 | Latest episode metrics: {'price_cost': 0.841019115286496, 'emmision_cost': 0.9573367225108398}
[-0.10301623] -0.10301622628568427
Average Price Cost: 0.841019115286496
Average Emmision Cost: 0.9573367225108398
Average of both costs: 0.8991779188986679
Total time taken by agent: 4.082886448013596s
DONE!
