{'agent': 'DQN', 'action_selection': 'egreedy', 'seed': 1, 'episodes': 100, 'data_path': 'data/citylearn_challenge_2022_phase_1', 'dry_run': False, 'n_discrete': 9, 'update_target': 8, 'lr': 7e-05, 'batch_size': 16, 'adam_epsilon': 1e-08, 'epsilon_final': 0.02, 'run_id': 294}
{'Notes': 'This is a tuning run, executed on a single building.',
 'action_selection': 'egreedy',
 'adam_epsilon': 1e-08,
 'env': '<NormalizeObservation<OneHotHour<DiscreteSingle<CityLearnEnv '
        'instance>>>>',
 'final_exploration_rate': 0.02,
 'final_exploration_step': 1000,
 'gamma': 0.99,
 'initial_exploration_rate': 1,
 'learning_rate': 7e-05,
 'loss': 'mse',
 'minibatch_size': 16,
 'network': 'MLP(\n'
            '  (layers): Sequential(\n'
            '    (0): Linear(in_features=29, out_features=128, bias=True)\n'
            '    (1): ReLU()\n'
            '    (2): Linear(in_features=128, out_features=128, bias=True)\n'
            '    (3): ReLU()\n'
            '    (4): Linear(in_features=128, out_features=9, bias=True)\n'
            '  )\n'
            ')',
 'replay_buffer_size': 10000,
 'replay_start_size': 16,
 'seed': 1,
 'train_steps': 876000,
 'update_frequency': 1,
 'update_target_frequency': 8,
 'weight_scale': 1.4142135623730951}
Timestep : 8758, score : -5943.816542659799, Time : 21.172 s
Timestep : 17517, score : -4065.0748978060437, Time : 21.232 s
Timestep : 26276, score : -4086.775484050071, Time : 21.088 s
Timestep : 35035, score : -3794.039564958075, Time : 21.096 s
Timestep : 43794, score : -3718.819937088949, Time : 21.072 s
Timestep : 52553, score : -1863.3209462988016, Time : 21.637 s
Timestep : 61312, score : -2165.732928651748, Time : 21.646 s
Timestep : 70071, score : -2433.4864731481794, Time : 21.722 s
Timestep : 78830, score : -2043.6727899184807, Time : 21.723 s
Timestep : 87589, score : -2044.616530157713, Time : 21.752 s
Timestep : 96348, score : -1814.7550277773262, Time : 21.743 s
Timestep : 105107, score : -1870.432377727208, Time : 21.748 s
Timestep : 113866, score : -1687.2714836990835, Time : 21.762 s
Timestep : 122625, score : -1634.849326837073, Time : 21.768 s
Timestep : 131384, score : -1740.306831455484, Time : 21.661 s
Timestep : 140143, score : -1700.3749993958627, Time : 21.375 s
Timestep : 148902, score : -1527.187980460425, Time : 21.715 s
Timestep : 157661, score : -1561.0343645925004, Time : 21.709 s
Timestep : 166420, score : -1577.7497032293177, Time : 21.725 s
Timestep : 175179, score : -1788.220340480082, Time : 21.888 s
Timestep : 183938, score : -1448.1134032241825, Time : 21.698 s
Timestep : 192697, score : -1474.955465030187, Time : 21.71 s
Timestep : 201456, score : -1535.4644036415557, Time : 21.837 s
Timestep : 210215, score : -1508.9664422600326, Time : 21.436 s
Timestep : 218974, score : -1444.8426088337146, Time : 21.513 s
Timestep : 227733, score : -1582.9200837214303, Time : 22.074 s
Timestep : 236492, score : -1291.7933980263188, Time : 22.078 s
Timestep : 245251, score : -1274.9792603187343, Time : 21.719 s
Timestep : 254010, score : -1660.4495970278222, Time : 21.818 s
Timestep : 262769, score : -1642.3261176590167, Time : 21.819 s
Timestep : 271528, score : -1563.9585680312302, Time : 21.831 s
Timestep : 280287, score : -1277.4634157892142, Time : 21.897 s
Timestep : 289046, score : -1445.5822296080005, Time : 21.861 s
Timestep : 297805, score : -1203.8546794251597, Time : 21.847 s
Timestep : 306564, score : -1323.4968329521653, Time : 21.825 s
Timestep : 315323, score : -1387.6867434487503, Time : 21.694 s
Timestep : 324082, score : -1410.8357744103123, Time : 21.829 s
Timestep : 332841, score : -1525.5290712730784, Time : 21.835 s
Timestep : 341600, score : -1294.9660373472434, Time : 21.833 s
Timestep : 350359, score : -1356.8433938984817, Time : 21.836 s
Timestep : 359118, score : -1252.5962546898809, Time : 21.718 s
Timestep : 367877, score : -1300.1188110651274, Time : 21.833 s
Timestep : 376636, score : -1413.6959667022165, Time : 21.834 s
Timestep : 385395, score : -1541.886319285055, Time : 21.903 s
Timestep : 394154, score : -1201.8784334033553, Time : 21.841 s
Timestep : 402913, score : -1185.168069849984, Time : 21.873 s
Timestep : 411672, score : -1333.7939996070054, Time : 21.748 s
Timestep : 420431, score : -1255.8497014039021, Time : 21.717 s
Timestep : 429190, score : -1400.3633827657031, Time : 21.151 s
Timestep : 437949, score : -1260.5393510385911, Time : 21.726 s
Timestep : 446708, score : -1279.0823829723086, Time : 21.693 s
Timestep : 455467, score : -1320.531487338856, Time : 21.771 s
Timestep : 464226, score : -1360.8960640341102, Time : 21.345 s
Timestep : 472985, score : -1459.1420315604482, Time : 21.781 s
Timestep : 481744, score : -1526.8594194755715, Time : 21.779 s
Timestep : 490503, score : -1260.489023965638, Time : 21.801 s
Timestep : 499262, score : -1244.7701378558704, Time : 21.368 s
Timestep : 508021, score : -1298.7215368476755, Time : 21.757 s
Timestep : 516780, score : -1252.0682803117961, Time : 21.743 s
Timestep : 525539, score : -1241.1039827547793, Time : 21.734 s
Timestep : 534298, score : -1270.9708545992908, Time : 21.718 s
Timestep : 543057, score : -1341.502077434474, Time : 21.742 s
Timestep : 551816, score : -1265.6019033638586, Time : 21.743 s
Timestep : 560575, score : -1383.121018294507, Time : 21.756 s
Timestep : 569334, score : -1270.2490822095133, Time : 21.763 s
Timestep : 578093, score : -1412.2079388944258, Time : 21.755 s
Timestep : 586852, score : -1352.7522842160251, Time : 21.758 s
Timestep : 595611, score : -1221.1436733377923, Time : 21.759 s
Timestep : 604370, score : -1460.101765887026, Time : 21.673 s
Timestep : 613129, score : -1316.721723800787, Time : 21.679 s
Timestep : 621888, score : -1391.151863397361, Time : 21.755 s
Timestep : 630647, score : -1346.399142703769, Time : 21.536 s
Timestep : 639406, score : -1163.785590162297, Time : 21.767 s
Timestep : 648165, score : -1291.9678168876853, Time : 21.78 s
Timestep : 656924, score : -1220.8225629829394, Time : 21.79 s
Timestep : 665683, score : -1315.6788902404078, Time : 21.802 s
Timestep : 674442, score : -1091.5686302463582, Time : 21.749 s
Timestep : 683201, score : -1158.3261138138187, Time : 21.716 s
Timestep : 691960, score : -1293.0293976646208, Time : 21.804 s
Timestep : 700719, score : -1466.470572722872, Time : 21.798 s
Timestep : 709478, score : -1364.8874314662826, Time : 21.801 s
Timestep : 718237, score : -1312.5640187890094, Time : 21.811 s
Timestep : 726996, score : -1373.6730856972572, Time : 21.808 s
Timestep : 735755, score : -1456.251129052398, Time : 21.657 s
Timestep : 744514, score : -1348.7659886565816, Time : 21.273 s
Timestep : 753273, score : -1357.8100660213095, Time : 21.239 s
Timestep : 762032, score : -1327.1881132617418, Time : 21.178 s
Timestep : 770791, score : -1253.8632846010441, Time : 21.175 s
Timestep : 779550, score : -1289.0880590288725, Time : 21.185 s
Timestep : 788309, score : -1316.8323247519147, Time : 21.191 s
Timestep : 797068, score : -1278.229458579357, Time : 21.175 s
Timestep : 805827, score : -1321.4431347383943, Time : 21.201 s
Timestep : 814586, score : -1242.5283737939608, Time : 21.838 s
Timestep : 823345, score : -1385.7692305755627, Time : 21.824 s
Timestep : 832104, score : -1253.7249490481627, Time : 21.845 s
Timestep : 840863, score : -1430.6449461381708, Time : 21.831 s
Timestep : 849622, score : -1297.7479258224193, Time : 21.843 s
Timestep : 858381, score : -1442.1657699479547, Time : 21.802 s
Timestep : 867140, score : -1468.2208073358343, Time : 21.785 s
Timestep : 875899, score : -1376.4352586926252, Time : 21.818 s
Starting local evaluation
Num Steps: 1000, Num episodes: 0
Num Steps: 2000, Num episodes: 0
Num Steps: 3000, Num episodes: 0
Num Steps: 4000, Num episodes: 0
Num Steps: 5000, Num episodes: 0
Num Steps: 6000, Num episodes: 0
Num Steps: 7000, Num episodes: 0
Num Steps: 8000, Num episodes: 0
Episode complete: 1 | Latest episode metrics: {'price_cost': 0.8100912582569743, 'emmision_cost': 0.9363581324467765}
[-0.07082718] -0.07082717790121866
Average Price Cost: 0.8100912582569743
Average Emmision Cost: 0.9363581324467765
Average of both costs: 0.8732246953518754
Total time taken by agent: 2.5465409252792597s
DONE!
