{'agent': 'DQN', 'action_selection': 'egreedy', 'seed': 1, 'episodes': 100, 'data_path': 'data/citylearn_challenge_2022_phase_1', 'dry_run': False, 'n_discrete': 9, 'update_target': 4, 'lr': 0.007, 'batch_size': 8, 'adam_epsilon': 1e-07, 'epsilon_final': 0.1, 'run_id': 369}
{'Notes': 'This is a tuning run, executed on a single building.',
 'action_selection': 'egreedy',
 'adam_epsilon': 1e-07,
 'env': '<NormalizeObservation<OneHotHour<DiscreteSingle<CityLearnEnv '
        'instance>>>>',
 'final_exploration_rate': 0.02,
 'final_exploration_step': 1000,
 'gamma': 0.99,
 'initial_exploration_rate': 1,
 'learning_rate': 0.007,
 'loss': 'mse',
 'minibatch_size': 8,
 'network': 'MLP(\n'
            '  (layers): Sequential(\n'
            '    (0): Linear(in_features=29, out_features=128, bias=True)\n'
            '    (1): ReLU()\n'
            '    (2): Linear(in_features=128, out_features=128, bias=True)\n'
            '    (3): ReLU()\n'
            '    (4): Linear(in_features=128, out_features=9, bias=True)\n'
            '  )\n'
            ')',
 'replay_buffer_size': 10000,
 'replay_start_size': 8,
 'seed': 1,
 'train_steps': 876000,
 'update_frequency': 1,
 'update_target_frequency': 4,
 'weight_scale': 1.4142135623730951}
Timestep : 8758, score : -7037.917918706618, Time : 21.957 s
Timestep : 17517, score : -8404.622347467957, Time : 22.013 s
Timestep : 26276, score : -8776.272348941144, Time : 22.039 s
Timestep : 35035, score : -7992.662911067397, Time : 21.819 s
Timestep : 43794, score : -11814.249775254866, Time : 21.655 s
Timestep : 52553, score : -8921.103655293671, Time : 21.982 s
Timestep : 61312, score : -11084.566898833757, Time : 21.848 s
Timestep : 70071, score : -11077.612827062097, Time : 21.517 s
Timestep : 78830, score : -10711.688754801085, Time : 21.879 s
Timestep : 87589, score : -4840.114162525657, Time : 21.901 s
Timestep : 96348, score : -4384.991641943721, Time : 22.03 s
Timestep : 105107, score : -4377.776435170701, Time : 22.039 s
Timestep : 113866, score : -4434.304841592355, Time : 22.005 s
Timestep : 122625, score : -4480.319216580472, Time : 22.068 s
Timestep : 131384, score : -4381.5365628836735, Time : 22.031 s
Timestep : 140143, score : -4618.951138622506, Time : 22.034 s
Timestep : 148902, score : -4490.280352258502, Time : 22.069 s
Timestep : 157661, score : -4519.246115886053, Time : 22.054 s
Timestep : 166420, score : -4493.151849155693, Time : 22.061 s
Timestep : 175179, score : -4514.964190645056, Time : 22.081 s
Timestep : 183938, score : -4416.917087649839, Time : 21.993 s
Timestep : 192697, score : -4500.828801579686, Time : 22.007 s
Timestep : 201456, score : -4527.620188137895, Time : 21.623 s
Timestep : 210215, score : -4535.431251340924, Time : 21.899 s
Timestep : 218974, score : -4406.287185101683, Time : 22.013 s
Timestep : 227733, score : -4533.781145061745, Time : 21.721 s
Timestep : 236492, score : -4449.96732853484, Time : 21.479 s
Timestep : 245251, score : -4558.665409668727, Time : 21.529 s
Timestep : 254010, score : -4595.69902057611, Time : 21.534 s
Timestep : 262769, score : -4536.376714498649, Time : 21.841 s
Timestep : 271528, score : -4394.915975903539, Time : 21.628 s
Timestep : 280287, score : -4494.618615792511, Time : 21.492 s
Timestep : 289046, score : -4444.673658182408, Time : 21.531 s
Timestep : 297805, score : -4422.333169614343, Time : 21.497 s
Timestep : 306564, score : -4468.755755014397, Time : 21.53 s
Timestep : 315323, score : -4470.001236838667, Time : 21.513 s
Timestep : 324082, score : -4367.424000650091, Time : 21.54 s
Timestep : 332841, score : -4489.453403086474, Time : 21.533 s
Timestep : 341600, score : -4602.228225431783, Time : 21.615 s
Timestep : 350359, score : -4502.123414266302, Time : 21.836 s
Timestep : 359118, score : -4599.721137733577, Time : 22.063 s
Timestep : 367877, score : -4582.672819829459, Time : 21.882 s
Timestep : 376636, score : -4586.509068047075, Time : 22.034 s
Timestep : 385395, score : -4624.301198118745, Time : 21.957 s
Timestep : 394154, score : -4472.605515425472, Time : 21.793 s
Timestep : 402913, score : -4448.535483452404, Time : 21.807 s
Timestep : 411672, score : -4484.734635481058, Time : 22.031 s
Timestep : 420431, score : -4548.965297442657, Time : 21.793 s
Timestep : 429190, score : -4455.478976206301, Time : 22.13 s
Timestep : 437949, score : -4438.6958804646565, Time : 21.488 s
Timestep : 446708, score : -4499.297960470809, Time : 21.488 s
Timestep : 455467, score : -4459.369490395678, Time : 21.954 s
Timestep : 464226, score : -4426.795664592792, Time : 21.966 s
Timestep : 472985, score : -4516.705585499672, Time : 22.033 s
Timestep : 481744, score : -4488.946212634823, Time : 21.93 s
Timestep : 490503, score : -4649.572114671959, Time : 22.045 s
Timestep : 499262, score : -4508.898170574947, Time : 22.035 s
Timestep : 508021, score : -4466.616066483228, Time : 22.056 s
Timestep : 516780, score : -4531.760845976212, Time : 21.96 s
Timestep : 525539, score : -4521.3989132171555, Time : 22.056 s
Timestep : 534298, score : -4527.635017647321, Time : 21.771 s
Timestep : 543057, score : -4509.973198806314, Time : 21.506 s
Timestep : 551816, score : -4326.054485179862, Time : 21.507 s
Timestep : 560575, score : -4351.991538831411, Time : 21.516 s
Timestep : 569334, score : -4534.602142041578, Time : 21.505 s
Timestep : 578093, score : -4425.747688861011, Time : 21.507 s
Timestep : 586852, score : -4455.3750462992175, Time : 21.508 s
Timestep : 595611, score : -4541.659103613769, Time : 21.504 s
Timestep : 604370, score : -4509.953387161164, Time : 21.633 s
Timestep : 613129, score : -4423.829815606965, Time : 22.033 s
Timestep : 621888, score : -4491.130520980252, Time : 22.015 s
Timestep : 630647, score : -4541.3428929954825, Time : 22.024 s
Timestep : 639406, score : -4546.798768860666, Time : 22.01 s
Timestep : 648165, score : -4484.951074816665, Time : 21.903 s
Timestep : 656924, score : -4355.858045525296, Time : 21.912 s
Timestep : 665683, score : -4554.388175970787, Time : 21.956 s
Timestep : 674442, score : -4526.113316276489, Time : 22.016 s
Timestep : 683201, score : -4539.233614035096, Time : 21.991 s
Timestep : 691960, score : -4617.238388409285, Time : 21.889 s
Timestep : 700719, score : -4522.411082287697, Time : 21.999 s
Timestep : 709478, score : -4422.2530273230805, Time : 22.005 s
Timestep : 718237, score : -4513.906089762604, Time : 22.01 s
Timestep : 726996, score : -4613.114040737419, Time : 21.911 s
Timestep : 735755, score : -4583.422721648967, Time : 22.089 s
Timestep : 744514, score : -4459.112267373508, Time : 21.958 s
Timestep : 753273, score : -4365.333210080309, Time : 22.437 s
Timestep : 762032, score : -4418.10109197018, Time : 21.932 s
Timestep : 770791, score : -4424.058970998769, Time : 22.078 s
Timestep : 779550, score : -4396.354578111699, Time : 22.26 s
Timestep : 788309, score : -4502.226009915961, Time : 22.042 s
Timestep : 797068, score : -4425.64072057922, Time : 22.099 s
Timestep : 805827, score : -4392.210405672347, Time : 22.092 s
Timestep : 814586, score : -4500.458398196293, Time : 21.843 s
Timestep : 823345, score : -4570.54849144016, Time : 22.096 s
Timestep : 832104, score : -4422.153646295337, Time : 21.982 s
Timestep : 840863, score : -4508.50580391605, Time : 21.841 s
Timestep : 849622, score : -4585.259652137203, Time : 21.842 s
Timestep : 858381, score : -4518.3947533018945, Time : 22.313 s
Timestep : 867140, score : -4486.994528318668, Time : 21.84 s
Timestep : 875899, score : -4557.551919684192, Time : 21.854 s
Starting local evaluation
Num Steps: 1000, Num episodes: 0
Num Steps: 2000, Num episodes: 0
Num Steps: 3000, Num episodes: 0
Num Steps: 4000, Num episodes: 0
Num Steps: 5000, Num episodes: 0
Num Steps: 6000, Num episodes: 0
Num Steps: 7000, Num episodes: 0
Num Steps: 8000, Num episodes: 0
Episode complete: 1 | Latest episode metrics: {'price_cost': 1.018940532487975, 'emmision_cost': 1.0217433394158797}
[-0.25501801] -0.2550180103769667
Average Price Cost: 1.018940532487975
Average Emmision Cost: 1.0217433394158797
Average of both costs: 1.0203419359519272
Total time taken by agent: 2.6077564919833094s
DONE!
