{'agent': 'UADQN', 'action_selection': 'softmax', 'seed': 7, 'episodes': 50, 'data_path': 'data/citylearn_challenge_2022_phase_1', 'dry_run': False, 'n_discrete': 9, 'update_target': 4, 'lr': 0.0003, 'batch_size': 128, 'adam_epsilon': 1e-07, 'epsilon_final': 0.02, 'run_id': 27}
{'Notes': 'This is a tuning run, executed on a single building.',
 'adam_epsilon': 1e-07,
 'aleatoric_factor': 0,
 'biased_aleatoric': False,
 'env': '<NormalizeObservation<OneHotHour<DiscreteSingle<CityLearnEnv '
        'instance>>>>',
 'epistemic_factor': 1,
 'gamma': 0.99,
 'learning_rate': 0.0003,
 'minibatch_size': 128,
 'n_quantiles': 20,
 'network': 'MLP(\n'
            '  (layers): Sequential(\n'
            '    (0): Linear(in_features=29, out_features=128, bias=True)\n'
            '    (1): ReLU()\n'
            '    (2): Linear(in_features=128, out_features=128, bias=True)\n'
            '    (3): ReLU()\n'
            '    (4): Linear(in_features=128, out_features=180, bias=True)\n'
            '  )\n'
            ')',
 'noise_scale': 1,
 'replay_buffer_size': 10000,
 'replay_start_size': 128,
 'seed': 7,
 'train_steps': 438000,
 'update_frequency': 1,
 'update_target_frequency': 4,
 'weight_scale': 1.4142135623730951}
Timestep : 8758, score : -4523.201053698853, Time : 126.15 s
Timestep : 17517, score : -3175.4656303938536, Time : 132.249 s
Timestep : 26276, score : -2509.1623842710687, Time : 134.373 s
Timestep : 35035, score : -2003.155194977211, Time : 135.089 s
Timestep : 43794, score : -1729.130666199635, Time : 137.009 s
Timestep : 52553, score : -1336.7852289820585, Time : 136.155 s
Timestep : 61312, score : -1335.5454443256167, Time : 136.027 s
Timestep : 70071, score : -1099.9877331066236, Time : 136.424 s
Timestep : 78830, score : -1224.8702015970193, Time : 135.353 s
Timestep : 87589, score : -1425.0703455910043, Time : 135.204 s
Timestep : 96348, score : -1232.8093805296376, Time : 135.244 s
Timestep : 105107, score : -1157.1502951536822, Time : 135.951 s
Timestep : 113866, score : -993.3341483354598, Time : 135.38 s
Timestep : 122625, score : -1275.0303879841958, Time : 135.398 s
Timestep : 131384, score : -916.9921979002975, Time : 135.812 s
Timestep : 140143, score : -867.8159607806738, Time : 135.598 s
Timestep : 148902, score : -956.6786854422253, Time : 135.767 s
Timestep : 157661, score : -1026.2934401916427, Time : 136.897 s
Timestep : 166420, score : -1009.6140834543476, Time : 136.016 s
Timestep : 175179, score : -1008.6915920572064, Time : 135.597 s
Timestep : 183938, score : -962.256204045334, Time : 136.075 s
Timestep : 192697, score : -962.0914780739258, Time : 136.106 s
Timestep : 201456, score : -956.1581643919853, Time : 135.128 s
Timestep : 210215, score : -927.2700198324892, Time : 135.185 s
Timestep : 218974, score : -1185.096693057756, Time : 136.68 s
Timestep : 227733, score : -952.1458316769713, Time : 137.243 s
Timestep : 236492, score : -974.9552601447358, Time : 135.474 s
Timestep : 245251, score : -967.3402542131516, Time : 135.206 s
Timestep : 254010, score : -942.3742920956138, Time : 137.263 s
Timestep : 262769, score : -945.7811734473362, Time : 136.598 s
Timestep : 271528, score : -896.2443598769169, Time : 137.823 s
Timestep : 280287, score : -897.7621542841225, Time : 136.382 s
Timestep : 289046, score : -888.9334184629406, Time : 135.245 s
Timestep : 297805, score : -906.9604410009488, Time : 135.995 s
Timestep : 306564, score : -862.1218937141384, Time : 139.838 s
Timestep : 315323, score : -886.4699776968482, Time : 137.762 s
Timestep : 324082, score : -826.9613340007636, Time : 137.837 s
Timestep : 332841, score : -785.6253958744492, Time : 137.841 s
Timestep : 341600, score : -771.2685015028837, Time : 137.777 s
Timestep : 350359, score : -753.7237642756227, Time : 142.21 s
Timestep : 359118, score : -817.8607520558435, Time : 139.638 s
Timestep : 367877, score : -801.2397001792706, Time : 138.552 s
Timestep : 376636, score : -773.5557796041976, Time : 138.378 s
Timestep : 385395, score : -854.7356428738713, Time : 137.91 s
Timestep : 394154, score : -848.5923082273948, Time : 138.802 s
Timestep : 402913, score : -805.9201213428314, Time : 139.11 s
Timestep : 411672, score : -749.8108744227357, Time : 137.892 s
Timestep : 420431, score : -833.8514245026308, Time : 137.912 s
Timestep : 429190, score : -895.0510417199257, Time : 137.889 s
Timestep : 437949, score : -830.0430649022601, Time : 138.246 s
Starting local evaluation
Num Steps: 1000, Num episodes: 0
Num Steps: 2000, Num episodes: 0
Num Steps: 3000, Num episodes: 0
Num Steps: 4000, Num episodes: 0
Num Steps: 5000, Num episodes: 0
Num Steps: 6000, Num episodes: 0
Num Steps: 7000, Num episodes: 0
Num Steps: 8000, Num episodes: 0
Episode complete: 1 | Latest episode metrics: {'price_cost': 0.799554398170381, 'emmision_cost': 0.9188714323266841}
[-0.05376577] -0.05376576769156567
Average Price Cost: 0.799554398170381
Average Emmision Cost: 0.9188714323266841
Average of both costs: 0.8592129152485326
Total time taken by agent: 20.399271574802697s
DONE!
