{'agent': 'DQN', 'action_selection': 'softmax', 'seed': 1, 'episodes': 100, 'data_path': 'data/citylearn_challenge_2022_phase_1', 'dry_run': False, 'n_discrete': 9, 'update_target': 8, 'lr': 0.0001, 'batch_size': 4, 'adam_epsilon': 1e-06, 'epsilon_final': 0.02, 'run_id': 19}
{'Notes': 'This is a tuning run, executed on a single building.',
 'action_selection': 'softmax',
 'adam_epsilon': 1e-06,
 'env': '<NormalizeObservation<OneHotHour<DiscreteSingle<CityLearnEnv '
        'instance>>>>',
 'final_exploration_rate': 0.02,
 'final_exploration_step': 1000,
 'gamma': 0.99,
 'initial_exploration_rate': 1,
 'learning_rate': 0.0001,
 'loss': 'mse',
 'minibatch_size': 4,
 'network': 'MLP(\n'
            '  (layers): Sequential(\n'
            '    (0): Linear(in_features=29, out_features=128, bias=True)\n'
            '    (1): ReLU()\n'
            '    (2): Linear(in_features=128, out_features=128, bias=True)\n'
            '    (3): ReLU()\n'
            '    (4): Linear(in_features=128, out_features=9, bias=True)\n'
            '  )\n'
            ')',
 'replay_buffer_size': 10000,
 'replay_start_size': 4,
 'seed': 1,
 'train_steps': 876000,
 'update_frequency': 1,
 'update_target_frequency': 8,
 'weight_scale': 1.4142135623730951}
Timestep : 8758, score : -4958.377715215465, Time : 22.125 s
Timestep : 17517, score : -4782.676168663689, Time : 21.244 s
Timestep : 26276, score : -4813.642565082875, Time : 20.773 s
Timestep : 35035, score : -4322.257752464531, Time : 20.903 s
Timestep : 43794, score : -4423.116771953602, Time : 20.774 s
Timestep : 52553, score : -4327.175081116991, Time : 20.66 s
Timestep : 61312, score : -4346.992908257438, Time : 21.225 s
Timestep : 70071, score : -4218.794144831394, Time : 21.052 s
Timestep : 78830, score : -3783.3414377220033, Time : 20.74 s
Timestep : 87589, score : -4011.652145208238, Time : 21.273 s
Timestep : 96348, score : -4123.254854276107, Time : 21.212 s
Timestep : 105107, score : -4027.8299553842808, Time : 21.47 s
Timestep : 113866, score : -3631.532427986567, Time : 21.545 s
Timestep : 122625, score : -3377.782130130523, Time : 21.223 s
Timestep : 131384, score : -2657.0424118314404, Time : 21.043 s
Timestep : 140143, score : -2812.6754800966737, Time : 20.97 s
Timestep : 148902, score : -3169.308454166894, Time : 20.977 s
Timestep : 157661, score : -3242.7718229743477, Time : 21.251 s
Timestep : 166420, score : -3109.3445316518482, Time : 21.026 s
Timestep : 175179, score : -2980.5423124265217, Time : 21.444 s
Timestep : 183938, score : -2659.5837897766905, Time : 21.596 s
Timestep : 192697, score : -2912.1841332147887, Time : 20.887 s
Timestep : 201456, score : -3219.564133386739, Time : 20.849 s
Timestep : 210215, score : -2432.059056101207, Time : 20.86 s
Timestep : 218974, score : -2395.4861930448824, Time : 21.024 s
Timestep : 227733, score : -2695.8419834620145, Time : 21.045 s
Timestep : 236492, score : -2668.9368306290417, Time : 21.033 s
Timestep : 245251, score : -2570.9100932630536, Time : 21.094 s
Timestep : 254010, score : -2739.0145295317343, Time : 20.862 s
Timestep : 262769, score : -2773.4626583789504, Time : 20.893 s
Timestep : 271528, score : -2936.9663762505224, Time : 20.775 s
Timestep : 280287, score : -2828.050126119895, Time : 20.947 s
Timestep : 289046, score : -3305.06010030178, Time : 21.049 s
Timestep : 297805, score : -3281.920941819815, Time : 21.167 s
Timestep : 306564, score : -3007.9923316602653, Time : 20.979 s
Timestep : 315323, score : -3014.0999401544977, Time : 20.822 s
Timestep : 324082, score : -3292.2308032995206, Time : 20.777 s
Timestep : 332841, score : -2709.1258932933706, Time : 20.972 s
Timestep : 341600, score : -3062.65624211487, Time : 21.112 s
Timestep : 350359, score : -3200.730658063112, Time : 21.176 s
Timestep : 359118, score : -3069.71445479829, Time : 21.344 s
Timestep : 367877, score : -2375.405695939815, Time : 20.825 s
Timestep : 376636, score : -2918.8852484623494, Time : 20.87 s
Timestep : 385395, score : -2935.937121656214, Time : 20.807 s
Timestep : 394154, score : -3394.3349381839216, Time : 20.79 s
Timestep : 402913, score : -3220.855299158109, Time : 20.831 s
Timestep : 411672, score : -2808.0484928721853, Time : 21.891 s
Timestep : 420431, score : -2883.3429327243066, Time : 21.673 s
Timestep : 429190, score : -3248.535760208295, Time : 20.717 s
Timestep : 437949, score : -3087.473733333318, Time : 20.724 s
Timestep : 446708, score : -3225.2024668982776, Time : 20.789 s
Timestep : 455467, score : -3059.2992276817386, Time : 20.891 s
Timestep : 464226, score : -2799.9946748615766, Time : 21.009 s
Timestep : 472985, score : -2785.401918719319, Time : 21.72 s
Timestep : 481744, score : -2337.105364596733, Time : 21.841 s
Timestep : 490503, score : -2689.984300983051, Time : 21.002 s
Timestep : 499262, score : -2506.4159330388356, Time : 20.803 s
Timestep : 508021, score : -2324.700025148137, Time : 20.821 s
Timestep : 516780, score : -2371.997136864258, Time : 20.834 s
Timestep : 525539, score : -2076.899265108077, Time : 20.973 s
Timestep : 534298, score : -2065.5382418216323, Time : 21.356 s
Timestep : 543057, score : -2322.4882633284724, Time : 20.846 s
Timestep : 551816, score : -2400.1754542456765, Time : 21.1 s
Timestep : 560575, score : -2119.557124288782, Time : 21.131 s
Timestep : 569334, score : -2531.0195682037447, Time : 21.087 s
Timestep : 578093, score : -2463.2903415275796, Time : 21.058 s
Timestep : 586852, score : -2556.3439444138494, Time : 21.067 s
Timestep : 595611, score : -2548.813573922642, Time : 21.404 s
Timestep : 604370, score : -2427.2726683086075, Time : 21.542 s
Timestep : 613129, score : -2473.0102824906644, Time : 21.183 s
Timestep : 621888, score : -2776.6118352432095, Time : 21.109 s
Timestep : 630647, score : -3040.819211824477, Time : 20.885 s
Timestep : 639406, score : -3331.95400192363, Time : 20.907 s
Timestep : 648165, score : -2645.248340622551, Time : 20.923 s
Timestep : 656924, score : -2647.0017418591597, Time : 21.004 s
Timestep : 665683, score : -2390.426036666875, Time : 20.487 s
Timestep : 674442, score : -2870.2508541631105, Time : 20.346 s
Timestep : 683201, score : -2584.561115466204, Time : 20.285 s
Timestep : 691960, score : -2440.6191350972804, Time : 20.289 s
Timestep : 700719, score : -2217.003535967233, Time : 20.288 s
Timestep : 709478, score : -2536.5453154724382, Time : 20.283 s
Timestep : 718237, score : -2557.3622517257754, Time : 20.378 s
Timestep : 726996, score : -2400.887194138515, Time : 20.637 s
Timestep : 735755, score : -2417.810112493491, Time : 20.519 s
Timestep : 744514, score : -2433.4465876280155, Time : 20.318 s
Timestep : 753273, score : -2878.995067750482, Time : 20.334 s
Timestep : 762032, score : -2691.302507222892, Time : 20.309 s
Timestep : 770791, score : -2730.689861128012, Time : 20.601 s
Timestep : 779550, score : -2263.9894438842603, Time : 21.022 s
Timestep : 788309, score : -2413.8957279207243, Time : 21.501 s
Timestep : 797068, score : -2427.980090443656, Time : 21.609 s
Timestep : 805827, score : -2431.245190754911, Time : 21.018 s
Timestep : 814586, score : -2412.6781576384383, Time : 20.436 s
Timestep : 823345, score : -2387.435805888177, Time : 20.306 s
Timestep : 832104, score : -2474.7086429419287, Time : 20.303 s
Timestep : 840863, score : -2153.0191955772752, Time : 20.336 s
Timestep : 849622, score : -2524.5258641483088, Time : 20.512 s
Timestep : 858381, score : -2500.749804572464, Time : 20.584 s
Timestep : 867140, score : -2126.278623244987, Time : 20.418 s
Timestep : 875899, score : -2379.7518958289, Time : 20.325 s
Starting local evaluation
Num Steps: 1000, Num episodes: 0
Num Steps: 2000, Num episodes: 0
Num Steps: 3000, Num episodes: 0
Num Steps: 4000, Num episodes: 0
Num Steps: 5000, Num episodes: 0
Num Steps: 6000, Num episodes: 0
Num Steps: 7000, Num episodes: 0
Num Steps: 8000, Num episodes: 0
Episode complete: 1 | Latest episode metrics: {'price_cost': 0.8869631130807705, 'emmision_cost': 0.94767056415301}
[-0.12676526] -0.12676525530715
Average Price Cost: 0.8869631130807705
Average Emmision Cost: 0.94767056415301
Average of both costs: 0.9173168386168902
Total time taken by agent: 3.2987149925902486s
DONE!
