{'agent': 'DQN', 'action_selection': 'egreedy', 'seed': 1, 'episodes': 100, 'data_path': 'data/citylearn_challenge_2022_phase_1', 'dry_run': False, 'n_discrete': 9, 'update_target': 16, 'lr': 0.003, 'batch_size': 64, 'adam_epsilon': 0.001, 'epsilon_final': 0.03, 'run_id': 298}
{'Notes': 'This is a tuning run, executed on a single building.',
 'action_selection': 'egreedy',
 'adam_epsilon': 0.001,
 'env': '<NormalizeObservation<OneHotHour<DiscreteSingle<CityLearnEnv '
        'instance>>>>',
 'final_exploration_rate': 0.02,
 'final_exploration_step': 1000,
 'gamma': 0.99,
 'initial_exploration_rate': 1,
 'learning_rate': 0.003,
 'loss': 'mse',
 'minibatch_size': 64,
 'network': 'MLP(\n'
            '  (layers): Sequential(\n'
            '    (0): Linear(in_features=29, out_features=128, bias=True)\n'
            '    (1): ReLU()\n'
            '    (2): Linear(in_features=128, out_features=128, bias=True)\n'
            '    (3): ReLU()\n'
            '    (4): Linear(in_features=128, out_features=9, bias=True)\n'
            '  )\n'
            ')',
 'replay_buffer_size': 10000,
 'replay_start_size': 64,
 'seed': 1,
 'train_steps': 876000,
 'update_frequency': 1,
 'update_target_frequency': 16,
 'weight_scale': 1.4142135623730951}
Timestep : 8758, score : -7118.705496256487, Time : 20.523 s
Timestep : 17517, score : -7579.681762966051, Time : 20.607 s
Timestep : 26276, score : -7839.068437084119, Time : 20.644 s
Timestep : 35035, score : -8483.658527810941, Time : 21.5 s
Timestep : 43794, score : -7559.23031544371, Time : 21.695 s
Timestep : 52553, score : -6969.797203341062, Time : 21.722 s
Timestep : 61312, score : -5644.283318998088, Time : 21.343 s
Timestep : 70071, score : -5071.18501101849, Time : 21.341 s
Timestep : 78830, score : -4627.061311205573, Time : 21.196 s
Timestep : 87589, score : -4341.24155926847, Time : 21.217 s
Timestep : 96348, score : -4433.40196482421, Time : 21.214 s
Timestep : 105107, score : -4217.258445363841, Time : 21.202 s
Timestep : 113866, score : -4170.196270025801, Time : 21.21 s
Timestep : 122625, score : -3620.936214102454, Time : 21.218 s
Timestep : 131384, score : -4146.155353556736, Time : 21.171 s
Timestep : 140143, score : -3802.0456482115987, Time : 21.215 s
Timestep : 148902, score : -3450.7768082204566, Time : 21.19 s
Timestep : 157661, score : -3145.2996467493067, Time : 21.176 s
Timestep : 166420, score : -3005.8811133259733, Time : 21.217 s
Timestep : 175179, score : -3754.1139958921412, Time : 21.198 s
Timestep : 183938, score : -3790.5102115436457, Time : 21.717 s
Timestep : 192697, score : -3841.4690295377804, Time : 21.78 s
Timestep : 201456, score : -3782.367899746081, Time : 21.443 s
Timestep : 210215, score : -4626.606847863091, Time : 21.232 s
Timestep : 218974, score : -4366.190071202305, Time : 21.193 s
Timestep : 227733, score : -3335.8294510286214, Time : 21.194 s
Timestep : 236492, score : -3863.3402965595305, Time : 21.182 s
Timestep : 245251, score : -3719.1549392852758, Time : 21.331 s
Timestep : 254010, score : -3901.146182351891, Time : 21.744 s
Timestep : 262769, score : -3719.4564624909835, Time : 21.708 s
Timestep : 271528, score : -3276.488443632872, Time : 21.653 s
Timestep : 280287, score : -3742.6107272226654, Time : 21.182 s
Timestep : 289046, score : -4038.322441095501, Time : 21.144 s
Timestep : 297805, score : -3872.614298794797, Time : 21.139 s
Timestep : 306564, score : -3819.574352513446, Time : 21.148 s
Timestep : 315323, score : -3334.36447515912, Time : 21.14 s
Timestep : 324082, score : -3431.931310706219, Time : 21.218 s
Timestep : 332841, score : -3718.21032143131, Time : 21.229 s
Timestep : 341600, score : -3405.226097164239, Time : 21.222 s
Timestep : 350359, score : -3692.726959917025, Time : 21.24 s
Timestep : 359118, score : -3224.2684184605314, Time : 21.222 s
Timestep : 367877, score : -3467.749317406706, Time : 21.221 s
Timestep : 376636, score : -3529.208513132675, Time : 21.224 s
Timestep : 385395, score : -3640.3736730204255, Time : 21.233 s
Timestep : 394154, score : -3274.9801018999133, Time : 21.242 s
Timestep : 402913, score : -3646.0968435921823, Time : 21.253 s
Timestep : 411672, score : -3519.9722547567508, Time : 21.248 s
Timestep : 420431, score : -3489.180147365114, Time : 21.206 s
Timestep : 429190, score : -3653.7497411279764, Time : 21.173 s
Timestep : 437949, score : -3419.107080073707, Time : 21.181 s
Timestep : 446708, score : -3724.43019077841, Time : 21.2 s
Timestep : 455467, score : -3804.969192472665, Time : 21.21 s
Timestep : 464226, score : -3616.922041407932, Time : 21.245 s
Timestep : 472985, score : -3664.2474054573395, Time : 21.213 s
Timestep : 481744, score : -3697.581218458974, Time : 21.209 s
Timestep : 490503, score : -3689.740604877661, Time : 21.207 s
Timestep : 499262, score : -3663.517608557857, Time : 21.224 s
Timestep : 508021, score : -3715.3968642999243, Time : 21.576 s
Timestep : 516780, score : -3493.6359298780153, Time : 21.782 s
Timestep : 525539, score : -3883.520509681228, Time : 21.28 s
Timestep : 534298, score : -3663.595183379861, Time : 21.249 s
Timestep : 543057, score : -4209.426367096465, Time : 21.248 s
Timestep : 551816, score : -4089.127488992788, Time : 21.221 s
Timestep : 560575, score : -4351.750299580774, Time : 21.165 s
Timestep : 569334, score : -3819.1262822423887, Time : 21.158 s
Timestep : 578093, score : -3665.2610323584813, Time : 21.189 s
Timestep : 586852, score : -3721.8176499156107, Time : 21.202 s
Timestep : 595611, score : -3534.193631182963, Time : 21.15 s
Timestep : 604370, score : -3430.9621413242567, Time : 21.161 s
Timestep : 613129, score : -3528.7219408999954, Time : 21.203 s
Timestep : 621888, score : -2915.9083127521735, Time : 21.234 s
Timestep : 630647, score : -3015.633599180059, Time : 21.245 s
Timestep : 639406, score : -3210.3202533278672, Time : 21.219 s
Timestep : 648165, score : -3194.063707682566, Time : 21.112 s
Timestep : 656924, score : -3521.7361469058815, Time : 21.159 s
Timestep : 665683, score : -3335.555744505982, Time : 21.195 s
Timestep : 674442, score : -3062.94713563846, Time : 21.045 s
Timestep : 683201, score : -3030.017642528779, Time : 21.039 s
Timestep : 691960, score : -3168.656177767509, Time : 21.06 s
Timestep : 700719, score : -3474.6075738064537, Time : 21.189 s
Timestep : 709478, score : -3023.3986553271097, Time : 21.207 s
Timestep : 718237, score : -3234.014716622798, Time : 21.21 s
Timestep : 726996, score : -3636.373762644158, Time : 21.179 s
Timestep : 735755, score : -3231.4522444813338, Time : 21.093 s
Timestep : 744514, score : -3227.3848359992553, Time : 21.111 s
Timestep : 753273, score : -3231.0658732175652, Time : 21.075 s
Timestep : 762032, score : -3252.9137933164166, Time : 20.894 s
Timestep : 770791, score : -3435.5698143512273, Time : 21.213 s
Timestep : 779550, score : -3343.484448134579, Time : 21.055 s
Timestep : 788309, score : -3152.468674644857, Time : 21.004 s
Timestep : 797068, score : -3092.764374152088, Time : 20.912 s
Timestep : 805827, score : -3012.7506361078995, Time : 20.957 s
Timestep : 814586, score : -3403.7025361818087, Time : 20.989 s
Timestep : 823345, score : -3282.061186499457, Time : 20.945 s
Timestep : 832104, score : -3214.1103801260033, Time : 20.917 s
Timestep : 840863, score : -3523.8580387032416, Time : 20.905 s
Timestep : 849622, score : -3409.21210537928, Time : 20.918 s
Timestep : 858381, score : -3566.7767668576707, Time : 20.906 s
Timestep : 867140, score : -3571.1264825515245, Time : 20.992 s
Timestep : 875899, score : -3612.4212726562546, Time : 20.893 s
Starting local evaluation
Num Steps: 1000, Num episodes: 0
Num Steps: 2000, Num episodes: 0
Num Steps: 3000, Num episodes: 0
Num Steps: 4000, Num episodes: 0
Num Steps: 5000, Num episodes: 0
Num Steps: 6000, Num episodes: 0
Num Steps: 7000, Num episodes: 0
Num Steps: 8000, Num episodes: 0
Episode complete: 1 | Latest episode metrics: {'price_cost': 0.9894473911067031, 'emmision_cost': 1.0498068442786668}
[-0.25265767] -0.2526576682389865
Average Price Cost: 0.9894473911067031
Average Emmision Cost: 1.0498068442786668
Average of both costs: 1.019627117692685
Total time taken by agent: 2.1982608046382666s
DONE!
