{'agent': 'DQN', 'action_selection': 'softmax', 'seed': 1, 'episodes': 100, 'data_path': 'data/citylearn_challenge_2022_phase_1', 'dry_run': False, 'n_discrete': 9, 'update_target': 32, 'lr': 0.0001, 'batch_size': 16, 'adam_epsilon': 1e-10, 'epsilon_final': 0.02, 'run_id': 188}
{'Notes': 'This is a tuning run, executed on a single building.',
 'action_selection': 'softmax',
 'adam_epsilon': 1e-10,
 'env': '<NormalizeObservation<OneHotHour<DiscreteSingle<CityLearnEnv '
        'instance>>>>',
 'final_exploration_rate': 0.02,
 'final_exploration_step': 1000,
 'gamma': 0.99,
 'initial_exploration_rate': 1,
 'learning_rate': 0.0001,
 'loss': 'mse',
 'minibatch_size': 16,
 'network': 'MLP(\n'
            '  (layers): Sequential(\n'
            '    (0): Linear(in_features=29, out_features=128, bias=True)\n'
            '    (1): ReLU()\n'
            '    (2): Linear(in_features=128, out_features=128, bias=True)\n'
            '    (3): ReLU()\n'
            '    (4): Linear(in_features=128, out_features=9, bias=True)\n'
            '  )\n'
            ')',
 'replay_buffer_size': 10000,
 'replay_start_size': 16,
 'seed': 1,
 'train_steps': 876000,
 'update_frequency': 1,
 'update_target_frequency': 32,
 'weight_scale': 1.4142135623730951}
Timestep : 8758, score : -4971.991956951009, Time : 22.831 s
Timestep : 17517, score : -4590.755542344676, Time : 23.009 s
Timestep : 26276, score : -4377.838416314989, Time : 22.969 s
Timestep : 35035, score : -4399.974027688993, Time : 22.255 s
Timestep : 43794, score : -4469.903219971762, Time : 22.279 s
Timestep : 52553, score : -4278.707355642138, Time : 22.569 s
Timestep : 61312, score : -4176.6731607023685, Time : 22.241 s
Timestep : 70071, score : -4250.480016534129, Time : 22.275 s
Timestep : 78830, score : -4136.5222394907905, Time : 22.282 s
Timestep : 87589, score : -4178.049242935522, Time : 22.234 s
Timestep : 96348, score : -4201.704711012106, Time : 22.258 s
Timestep : 105107, score : -4186.260187927081, Time : 22.701 s
Timestep : 113866, score : -3609.1958501445188, Time : 22.914 s
Timestep : 122625, score : -3485.238299622113, Time : 22.686 s
Timestep : 131384, score : -3023.5866936579405, Time : 22.51 s
Timestep : 140143, score : -2749.5503755546233, Time : 22.605 s
Timestep : 148902, score : -2386.890292813914, Time : 23.09 s
Timestep : 157661, score : -2664.20538438941, Time : 22.692 s
Timestep : 166420, score : -2975.524594282062, Time : 22.652 s
Timestep : 175179, score : -3007.0188304519106, Time : 23.116 s
Timestep : 183938, score : -2676.040903609275, Time : 22.763 s
Timestep : 192697, score : -2714.7723258914484, Time : 23.034 s
Timestep : 201456, score : -3013.1064141941315, Time : 22.922 s
Timestep : 210215, score : -2785.3140198191686, Time : 22.611 s
Timestep : 218974, score : -2511.135226365557, Time : 22.929 s
Timestep : 227733, score : -2635.2507854792784, Time : 22.648 s
Timestep : 236492, score : -2540.7566925206047, Time : 22.496 s
Timestep : 245251, score : -2929.54304380338, Time : 22.483 s
Timestep : 254010, score : -2738.410248921791, Time : 22.775 s
Timestep : 262769, score : -2781.6117174401006, Time : 23.142 s
Timestep : 271528, score : -2465.8281838127004, Time : 22.565 s
Timestep : 280287, score : -2192.6396050565236, Time : 22.721 s
Timestep : 289046, score : -2314.8256960067956, Time : 22.951 s
Timestep : 297805, score : -2441.2267931484676, Time : 23.136 s
Timestep : 306564, score : -2175.179156694241, Time : 23.158 s
Timestep : 315323, score : -2329.957132366224, Time : 23.176 s
Timestep : 324082, score : -2414.6606717057584, Time : 23.179 s
Timestep : 332841, score : -2296.0566458194226, Time : 23.137 s
Timestep : 341600, score : -1883.5364079086867, Time : 23.178 s
Timestep : 350359, score : -2029.8867156551278, Time : 23.183 s
Timestep : 359118, score : -1782.3968872496916, Time : 23.22 s
Timestep : 367877, score : -1950.6674798950116, Time : 23.2 s
Timestep : 376636, score : -2183.9774969685095, Time : 23.129 s
Timestep : 385395, score : -2462.338201040664, Time : 22.501 s
Timestep : 394154, score : -2019.4099788819585, Time : 22.551 s
Timestep : 402913, score : -2316.009200980843, Time : 22.541 s
Timestep : 411672, score : -2370.7684687903675, Time : 22.803 s
Timestep : 420431, score : -2365.5028568067646, Time : 22.525 s
Timestep : 429190, score : -1943.9608677557262, Time : 22.546 s
Timestep : 437949, score : -2248.468671862298, Time : 22.865 s
Timestep : 446708, score : -2622.2316482968454, Time : 23.204 s
Timestep : 455467, score : -2475.3718297386367, Time : 23.202 s
Timestep : 464226, score : -2270.1177419305604, Time : 23.212 s
Timestep : 472985, score : -2391.749924524469, Time : 23.191 s
Timestep : 481744, score : -2273.3368205910374, Time : 23.216 s
Timestep : 490503, score : -2021.258199157921, Time : 22.679 s
Timestep : 499262, score : -2062.484252399212, Time : 22.599 s
Timestep : 508021, score : -2099.0048669515672, Time : 23.236 s
Timestep : 516780, score : -1841.7554130123026, Time : 23.186 s
Timestep : 525539, score : -1762.2245073294325, Time : 23.205 s
Timestep : 534298, score : -2039.3328348150535, Time : 23.223 s
Timestep : 543057, score : -2147.1958699287206, Time : 23.193 s
Timestep : 551816, score : -2058.971844902175, Time : 23.202 s
Timestep : 560575, score : -2053.2960655250645, Time : 22.706 s
Timestep : 569334, score : -1871.653688690596, Time : 22.483 s
Timestep : 578093, score : -2071.4830124964064, Time : 22.481 s
Timestep : 586852, score : -1814.5300020761351, Time : 22.517 s
Timestep : 595611, score : -1784.8986957500747, Time : 22.519 s
Timestep : 604370, score : -2144.760470514724, Time : 23.014 s
Timestep : 613129, score : -1774.4255998522567, Time : 23.188 s
Timestep : 621888, score : -1912.681760070176, Time : 23.167 s
Timestep : 630647, score : -1728.8771558434528, Time : 23.177 s
Timestep : 639406, score : -1846.6423093117337, Time : 23.202 s
Timestep : 648165, score : -2181.247465235414, Time : 22.958 s
Timestep : 656924, score : -2019.4041510956304, Time : 23.202 s
Timestep : 665683, score : -1917.9560293554969, Time : 23.199 s
Timestep : 674442, score : -1981.9771798725997, Time : 23.191 s
Timestep : 683201, score : -1662.1445830810408, Time : 23.179 s
Timestep : 691960, score : -1456.7826982979022, Time : 23.187 s
Timestep : 700719, score : -1946.233165849908, Time : 23.089 s
Timestep : 709478, score : -2001.583006930785, Time : 23.061 s
Timestep : 718237, score : -2330.5391930100304, Time : 23.023 s
Timestep : 726996, score : -1987.9973787082854, Time : 23.046 s
Timestep : 735755, score : -1806.8913921750645, Time : 23.04 s
Timestep : 744514, score : -1846.0354251383396, Time : 23.03 s
Timestep : 753273, score : -2180.870705986774, Time : 23.05 s
Timestep : 762032, score : -2066.438088663068, Time : 23.055 s
Timestep : 770791, score : -1915.8679187037342, Time : 22.686 s
Timestep : 779550, score : -1909.8762225134124, Time : 22.399 s
Timestep : 788309, score : -1824.8169801379845, Time : 22.419 s
Timestep : 797068, score : -1966.2474236235867, Time : 22.418 s
Timestep : 805827, score : -1766.1505911398854, Time : 22.432 s
Timestep : 814586, score : -1590.2385378626932, Time : 22.429 s
Timestep : 823345, score : -2003.449282241956, Time : 22.411 s
Timestep : 832104, score : -1881.4374231774418, Time : 22.424 s
Timestep : 840863, score : -1831.676532850397, Time : 22.647 s
Timestep : 849622, score : -1674.361205019086, Time : 23.081 s
Timestep : 858381, score : -1887.5875314700243, Time : 23.002 s
Timestep : 867140, score : -2016.8840414897131, Time : 23.166 s
Timestep : 875899, score : -1721.4563571246254, Time : 23.188 s
Starting local evaluation
Num Steps: 1000, Num episodes: 0
Num Steps: 2000, Num episodes: 0
Num Steps: 3000, Num episodes: 0
Num Steps: 4000, Num episodes: 0
Num Steps: 5000, Num episodes: 0
Num Steps: 6000, Num episodes: 0
Num Steps: 7000, Num episodes: 0
Num Steps: 8000, Num episodes: 0
Episode complete: 1 | Latest episode metrics: {'price_cost': 0.8516689206969081, 'emmision_cost': 0.9214249388391118}
[-0.08867289] -0.08867288862426555
Average Price Cost: 0.8516689206969081
Average Emmision Cost: 0.9214249388391118
Average of both costs: 0.88654692976801
Total time taken by agent: 3.871968292631209s
DONE!
