{'agent': 'DQN', 'action_selection': 'egreedy', 'seed': 1, 'episodes': 100, 'data_path': 'data/citylearn_challenge_2022_phase_1', 'dry_run': False, 'n_discrete': 9, 'update_target': 4, 'lr': 0.0001, 'batch_size': 32, 'adam_epsilon': 1e-05, 'epsilon_final': 0.06, 'run_id': 256}
{'Notes': 'This is a tuning run, executed on a single building.',
 'action_selection': 'egreedy',
 'adam_epsilon': 1e-05,
 'env': '<NormalizeObservation<OneHotHour<DiscreteSingle<CityLearnEnv '
        'instance>>>>',
 'final_exploration_rate': 0.02,
 'final_exploration_step': 1000,
 'gamma': 0.99,
 'initial_exploration_rate': 1,
 'learning_rate': 0.0001,
 'loss': 'mse',
 'minibatch_size': 32,
 'network': 'MLP(\n'
            '  (layers): Sequential(\n'
            '    (0): Linear(in_features=29, out_features=128, bias=True)\n'
            '    (1): ReLU()\n'
            '    (2): Linear(in_features=128, out_features=128, bias=True)\n'
            '    (3): ReLU()\n'
            '    (4): Linear(in_features=128, out_features=9, bias=True)\n'
            '  )\n'
            ')',
 'replay_buffer_size': 10000,
 'replay_start_size': 32,
 'seed': 1,
 'train_steps': 876000,
 'update_frequency': 1,
 'update_target_frequency': 4,
 'weight_scale': 1.4142135623730951}
Timestep : 8758, score : -4437.600117186506, Time : 21.524 s
Timestep : 17517, score : -2112.219226421337, Time : 21.792 s
Timestep : 26276, score : -1834.3553008318704, Time : 22.447 s
Timestep : 35035, score : -1703.0812917629082, Time : 22.589 s
Timestep : 43794, score : -1913.586133910605, Time : 22.612 s
Timestep : 52553, score : -1702.2497129118565, Time : 22.61 s
Timestep : 61312, score : -1610.7722072729666, Time : 22.623 s
Timestep : 70071, score : -1578.8425200621423, Time : 22.643 s
Timestep : 78830, score : -1534.7391824151928, Time : 22.625 s
Timestep : 87589, score : -1625.568944062834, Time : 22.642 s
Timestep : 96348, score : -1566.809278333123, Time : 22.637 s
Timestep : 105107, score : -1519.5897384876444, Time : 22.371 s
Timestep : 113866, score : -1715.2211973343801, Time : 21.824 s
Timestep : 122625, score : -1439.408491380309, Time : 22.289 s
Timestep : 131384, score : -1411.4537534509145, Time : 22.431 s
Timestep : 140143, score : -1446.0388133115193, Time : 22.457 s
Timestep : 148902, score : -1481.6959492634342, Time : 22.439 s
Timestep : 157661, score : -1388.303430140746, Time : 22.366 s
Timestep : 166420, score : -1427.0443463231495, Time : 22.173 s
Timestep : 175179, score : -1378.9794262859796, Time : 22.442 s
Timestep : 183938, score : -1395.6894347649359, Time : 22.455 s
Timestep : 192697, score : -1428.0818937092845, Time : 22.44 s
Timestep : 201456, score : -1419.452656440233, Time : 22.442 s
Timestep : 210215, score : -1604.4158192943141, Time : 22.455 s
Timestep : 218974, score : -1630.7989170358342, Time : 22.426 s
Timestep : 227733, score : -1543.4120195370342, Time : 22.449 s
Timestep : 236492, score : -1472.2575675130647, Time : 22.439 s
Timestep : 245251, score : -1392.7596547564317, Time : 22.433 s
Timestep : 254010, score : -1352.1428632589814, Time : 22.496 s
Timestep : 262769, score : -1491.1651375908696, Time : 22.46 s
Timestep : 271528, score : -1647.218695798685, Time : 22.455 s
Timestep : 280287, score : -1462.5840066026722, Time : 22.473 s
Timestep : 289046, score : -1735.8247090692457, Time : 22.45 s
Timestep : 297805, score : -1531.6974554860208, Time : 22.464 s
Timestep : 306564, score : -1653.12641629696, Time : 22.476 s
Timestep : 315323, score : -1717.3147163044487, Time : 22.459 s
Timestep : 324082, score : -1722.666252955125, Time : 22.466 s
Timestep : 332841, score : -1820.2393071300176, Time : 22.445 s
Timestep : 341600, score : -1711.5373537465057, Time : 22.443 s
Timestep : 350359, score : -1689.3676575206046, Time : 22.449 s
Timestep : 359118, score : -1759.4572395899158, Time : 22.448 s
Timestep : 367877, score : -1630.5265749472019, Time : 22.438 s
Timestep : 376636, score : -1643.9051754025568, Time : 22.456 s
Timestep : 385395, score : -1621.8252395650197, Time : 22.448 s
Timestep : 394154, score : -1640.0761839978222, Time : 22.457 s
Timestep : 402913, score : -1527.919531087653, Time : 22.45 s
Timestep : 411672, score : -1480.419950116222, Time : 22.457 s
Timestep : 420431, score : -1487.3623553978105, Time : 22.45 s
Timestep : 429190, score : -1546.8170227364462, Time : 22.455 s
Timestep : 437949, score : -1594.2050125667884, Time : 22.443 s
Timestep : 446708, score : -1493.803830044606, Time : 22.463 s
Timestep : 455467, score : -1741.8756002828304, Time : 22.453 s
Timestep : 464226, score : -1780.577816600242, Time : 22.45 s
Timestep : 472985, score : -1643.3801742357027, Time : 22.434 s
Timestep : 481744, score : -1654.2373949794855, Time : 22.451 s
Timestep : 490503, score : -1814.9803895845835, Time : 22.456 s
Timestep : 499262, score : -1793.5603113223624, Time : 22.451 s
Timestep : 508021, score : -1693.1746143427154, Time : 22.446 s
Timestep : 516780, score : -1712.2082645379996, Time : 22.452 s
Timestep : 525539, score : -1644.394016869628, Time : 22.443 s
Timestep : 534298, score : -1863.766936933418, Time : 22.425 s
Timestep : 543057, score : -1603.1853540700686, Time : 22.462 s
Timestep : 551816, score : -1557.901012528484, Time : 22.444 s
Timestep : 560575, score : -1667.3037294110109, Time : 22.455 s
Timestep : 569334, score : -1759.4894138172094, Time : 22.445 s
Timestep : 578093, score : -1537.98701116562, Time : 22.447 s
Timestep : 586852, score : -1772.7931641934265, Time : 22.444 s
Timestep : 595611, score : -1709.322505159682, Time : 22.42 s
Timestep : 604370, score : -1857.530740622111, Time : 22.17 s
Timestep : 613129, score : -1861.9885507508006, Time : 22.633 s
Timestep : 621888, score : -1507.7649288142857, Time : 22.627 s
Timestep : 630647, score : -1646.7492968476436, Time : 22.625 s
Timestep : 639406, score : -1868.4006495622743, Time : 22.622 s
Timestep : 648165, score : -1769.311011634898, Time : 22.631 s
Timestep : 656924, score : -1667.6128824127663, Time : 22.236 s
Timestep : 665683, score : -1690.4006752923888, Time : 22.342 s
Timestep : 674442, score : -1733.6099153922696, Time : 22.44 s
Timestep : 683201, score : -1868.0875456838694, Time : 22.461 s
Timestep : 691960, score : -1695.5482547118154, Time : 22.453 s
Timestep : 700719, score : -1820.1620846551668, Time : 22.459 s
Timestep : 709478, score : -1812.1902899400156, Time : 22.442 s
Timestep : 718237, score : -1903.4847974609147, Time : 22.468 s
Timestep : 726996, score : -1727.050187611283, Time : 22.466 s
Timestep : 735755, score : -1750.7335007100191, Time : 22.449 s
Timestep : 744514, score : -1964.5848671684798, Time : 22.437 s
Timestep : 753273, score : -1763.6399276978627, Time : 22.456 s
Timestep : 762032, score : -2062.663439498545, Time : 22.442 s
Timestep : 770791, score : -1902.8593455853697, Time : 22.44 s
Timestep : 779550, score : -1645.6388938075688, Time : 22.456 s
Timestep : 788309, score : -1719.770160622691, Time : 22.442 s
Timestep : 797068, score : -1863.42590143517, Time : 22.451 s
Timestep : 805827, score : -1852.4296194056806, Time : 22.449 s
Timestep : 814586, score : -1680.0018995239225, Time : 22.444 s
Timestep : 823345, score : -1846.5184204897669, Time : 22.454 s
Timestep : 832104, score : -2000.1904394649027, Time : 22.446 s
Timestep : 840863, score : -1879.0528742214374, Time : 22.441 s
Timestep : 849622, score : -1839.2348682463926, Time : 22.453 s
Timestep : 858381, score : -1905.4569755797638, Time : 22.433 s
Timestep : 867140, score : -1861.2122127486218, Time : 22.446 s
Timestep : 875899, score : -1799.953526662459, Time : 22.432 s
Starting local evaluation
Num Steps: 1000, Num episodes: 0
Num Steps: 2000, Num episodes: 0
Num Steps: 3000, Num episodes: 0
Num Steps: 4000, Num episodes: 0
Num Steps: 5000, Num episodes: 0
Num Steps: 6000, Num episodes: 0
Num Steps: 7000, Num episodes: 0
Num Steps: 8000, Num episodes: 0
Episode complete: 1 | Latest episode metrics: {'price_cost': 0.8375992258726902, 'emmision_cost': 0.9528897866153823}
[-0.09820295] -0.0982029450139717
Average Price Cost: 0.8375992258726902
Average Emmision Cost: 0.9528897866153823
Average of both costs: 0.8952445062440362
Total time taken by agent: 2.488495041616261s
DONE!
