{'agent': 'DQN', 'action_selection': 'egreedy', 'seed': 1, 'episodes': 100, 'data_path': 'data/citylearn_challenge_2022_phase_1', 'dry_run': False, 'n_discrete': 9, 'update_target': 32, 'lr': 0.1, 'batch_size': 1, 'adam_epsilon': 1e-10, 'epsilon_final': 0.04, 'run_id': 286}
{'Notes': 'This is a tuning run, executed on a single building.',
 'action_selection': 'egreedy',
 'adam_epsilon': 1e-10,
 'env': '<NormalizeObservation<OneHotHour<DiscreteSingle<CityLearnEnv '
        'instance>>>>',
 'final_exploration_rate': 0.02,
 'final_exploration_step': 1000,
 'gamma': 0.99,
 'initial_exploration_rate': 1,
 'learning_rate': 0.1,
 'loss': 'mse',
 'minibatch_size': 1,
 'network': 'MLP(\n'
            '  (layers): Sequential(\n'
            '    (0): Linear(in_features=29, out_features=128, bias=True)\n'
            '    (1): ReLU()\n'
            '    (2): Linear(in_features=128, out_features=128, bias=True)\n'
            '    (3): ReLU()\n'
            '    (4): Linear(in_features=128, out_features=9, bias=True)\n'
            '  )\n'
            ')',
 'replay_buffer_size': 10000,
 'replay_start_size': 1,
 'seed': 1,
 'train_steps': 876000,
 'update_frequency': 1,
 'update_target_frequency': 32,
 'weight_scale': 1.4142135623730951}
Timestep : 8758, score : -5441.004405404703, Time : 19.467 s
Timestep : 17517, score : -4448.841445199592, Time : 19.493 s
Timestep : 26276, score : -4660.267600705294, Time : 19.432 s
Timestep : 35035, score : -4466.196250719397, Time : 19.571 s
Timestep : 43794, score : -4723.556364820717, Time : 19.926 s
Timestep : 52553, score : -4649.77979646009, Time : 19.678 s
Timestep : 61312, score : -4604.849782878911, Time : 19.57 s
Timestep : 70071, score : -4669.9365036996605, Time : 19.678 s
Timestep : 78830, score : -4818.633583818941, Time : 19.585 s
Timestep : 87589, score : -4693.501143725036, Time : 19.788 s
Timestep : 96348, score : -4689.129335001955, Time : 19.593 s
Timestep : 105107, score : -4718.685775151389, Time : 19.703 s
Timestep : 113866, score : -4655.666249347298, Time : 19.813 s
Timestep : 122625, score : -4641.15887758453, Time : 19.729 s
Timestep : 131384, score : -4556.350998917042, Time : 19.769 s
Timestep : 140143, score : -4577.61781626314, Time : 19.868 s
Timestep : 148902, score : -4662.7444067391625, Time : 19.874 s
Timestep : 157661, score : -4697.944154488767, Time : 19.83 s
Timestep : 166420, score : -4400.8176770633145, Time : 19.701 s
Timestep : 175179, score : -4775.142752482818, Time : 19.804 s
Timestep : 183938, score : -4514.5765074988885, Time : 19.966 s
Timestep : 192697, score : -4606.238856112963, Time : 19.63 s
Timestep : 201456, score : -4601.501596881964, Time : 19.897 s
Timestep : 210215, score : -4519.794623058086, Time : 19.771 s
Timestep : 218974, score : -4446.26218592134, Time : 19.602 s
Timestep : 227733, score : -4421.315383877052, Time : 19.514 s
Timestep : 236492, score : -4484.075901964126, Time : 19.691 s
Timestep : 245251, score : -4540.368256160436, Time : 19.82 s
Timestep : 254010, score : -4502.550530328444, Time : 19.874 s
Timestep : 262769, score : -4655.140207254764, Time : 19.742 s
Timestep : 271528, score : -4563.8704861955775, Time : 19.841 s
Timestep : 280287, score : -4462.745204049585, Time : 19.697 s
Timestep : 289046, score : -4557.547016835146, Time : 19.636 s
Timestep : 297805, score : -4560.223889475135, Time : 19.875 s
Timestep : 306564, score : -4669.3601396376325, Time : 19.657 s
Timestep : 315323, score : -4657.0482897830225, Time : 19.628 s
Timestep : 324082, score : -4774.86319637725, Time : 19.797 s
Timestep : 332841, score : -4722.210526875599, Time : 19.728 s
Timestep : 341600, score : -4908.941165870434, Time : 19.765 s
Timestep : 350359, score : -4531.055131833447, Time : 19.908 s
Timestep : 359118, score : -4627.120136315381, Time : 19.799 s
Timestep : 367877, score : -4700.42919297496, Time : 19.676 s
Timestep : 376636, score : -4765.352384899816, Time : 19.791 s
Timestep : 385395, score : -4787.540413035458, Time : 19.863 s
Timestep : 394154, score : -4634.677456768724, Time : 19.578 s
Timestep : 402913, score : -4623.402014495252, Time : 19.983 s
Timestep : 411672, score : -4614.898412368639, Time : 19.836 s
Timestep : 420431, score : -4607.423431969626, Time : 19.819 s
Timestep : 429190, score : -4661.374970561737, Time : 19.722 s
Timestep : 437949, score : -4527.91093660277, Time : 19.86 s
Timestep : 446708, score : -4451.067954064376, Time : 19.755 s
Timestep : 455467, score : -4708.802819992183, Time : 19.792 s
Timestep : 464226, score : -4741.181490761686, Time : 19.801 s
Timestep : 472985, score : -4604.7896356903075, Time : 19.79 s
Timestep : 481744, score : -4606.798538945062, Time : 19.801 s
Timestep : 490503, score : -4627.718644587236, Time : 19.658 s
Timestep : 499262, score : -4432.318763235031, Time : 19.716 s
Timestep : 508021, score : -4504.610174566886, Time : 19.768 s
Timestep : 516780, score : -4654.064682739234, Time : 19.629 s
Timestep : 525539, score : -4665.725624867162, Time : 19.795 s
Timestep : 534298, score : -4635.059536827175, Time : 19.885 s
Timestep : 543057, score : -4484.534823246679, Time : 19.888 s
Timestep : 551816, score : -4571.062507174356, Time : 19.558 s
Timestep : 560575, score : -4643.831793490361, Time : 19.793 s
Timestep : 569334, score : -4680.297179702116, Time : 19.731 s
Timestep : 578093, score : -4674.569928565252, Time : 19.408 s
Timestep : 586852, score : -4665.37798988205, Time : 19.509 s
Timestep : 595611, score : -4589.11838937123, Time : 19.733 s
Timestep : 604370, score : -4639.1449139070755, Time : 19.848 s
Timestep : 613129, score : -4526.902704892476, Time : 19.68 s
Timestep : 621888, score : -4511.943653171911, Time : 19.805 s
Timestep : 630647, score : -4664.855383870221, Time : 19.546 s
Timestep : 639406, score : -4692.5961284874065, Time : 19.718 s
Timestep : 648165, score : -4641.685537917918, Time : 19.86 s
Timestep : 656924, score : -4824.724568549966, Time : 19.779 s
Timestep : 665683, score : -4716.757918461604, Time : 19.906 s
Timestep : 674442, score : -4633.982753699092, Time : 19.807 s
Timestep : 683201, score : -4507.852566737594, Time : 19.873 s
Timestep : 691960, score : -4705.101410338102, Time : 19.85 s
Timestep : 700719, score : -4545.830385834124, Time : 19.781 s
Timestep : 709478, score : -4553.246313409327, Time : 19.789 s
Timestep : 718237, score : -4650.284230142905, Time : 19.544 s
Timestep : 726996, score : -4648.405327636661, Time : 19.756 s
Timestep : 735755, score : -4686.476714414617, Time : 19.721 s
Timestep : 744514, score : -4569.471613114147, Time : 19.878 s
Timestep : 753273, score : -4574.549050345158, Time : 19.785 s
Timestep : 762032, score : -4512.754304072267, Time : 19.743 s
Timestep : 770791, score : -4396.21154846382, Time : 19.691 s
Timestep : 779550, score : -4643.234542224003, Time : 19.664 s
Timestep : 788309, score : -4560.495784188999, Time : 19.84 s
Timestep : 797068, score : -4536.342921789881, Time : 19.613 s
Timestep : 805827, score : -4563.316795845894, Time : 19.791 s
Timestep : 814586, score : -4684.368393836223, Time : 19.518 s
Timestep : 823345, score : -4608.131065662397, Time : 19.736 s
Timestep : 832104, score : -4491.850702354015, Time : 19.742 s
Timestep : 840863, score : -4748.149312342779, Time : 19.536 s
Timestep : 849622, score : -4671.278976893431, Time : 19.334 s
Timestep : 858381, score : -4622.91608562172, Time : 19.544 s
Timestep : 867140, score : -4756.4625047179, Time : 19.882 s
Timestep : 875899, score : -4625.0794103559165, Time : 19.85 s
Starting local evaluation
Num Steps: 1000, Num episodes: 0
Num Steps: 2000, Num episodes: 0
Num Steps: 3000, Num episodes: 0
Num Steps: 4000, Num episodes: 0
Num Steps: 5000, Num episodes: 0
Num Steps: 6000, Num episodes: 0
Num Steps: 7000, Num episodes: 0
Num Steps: 8000, Num episodes: 0
Episode complete: 1 | Latest episode metrics: {'price_cost': 1.02025888207791, 'emmision_cost': 1.02419895500926}
[-0.25731051] -0.25731051051305603
Average Price Cost: 1.02025888207791
Average Emmision Cost: 1.02419895500926
Average of both costs: 1.0222289185435849
Total time taken by agent: 2.2813420589081943s
DONE!
