{'agent': 'DQN', 'action_selection': 'egreedy', 'seed': 1, 'episodes': 100, 'data_path': 'data/citylearn_challenge_2022_phase_1', 'dry_run': False, 'n_discrete': 9, 'update_target': 32, 'lr': 0.0007, 'batch_size': 32, 'adam_epsilon': 1e-08, 'epsilon_final': 0.04, 'run_id': 229}
{'Notes': 'This is a tuning run, executed on a single building.',
 'action_selection': 'egreedy',
 'adam_epsilon': 1e-08,
 'env': '<NormalizeObservation<OneHotHour<DiscreteSingle<CityLearnEnv '
        'instance>>>>',
 'final_exploration_rate': 0.02,
 'final_exploration_step': 1000,
 'gamma': 0.99,
 'initial_exploration_rate': 1,
 'learning_rate': 0.0007,
 'loss': 'mse',
 'minibatch_size': 32,
 'network': 'MLP(\n'
            '  (layers): Sequential(\n'
            '    (0): Linear(in_features=29, out_features=128, bias=True)\n'
            '    (1): ReLU()\n'
            '    (2): Linear(in_features=128, out_features=128, bias=True)\n'
            '    (3): ReLU()\n'
            '    (4): Linear(in_features=128, out_features=9, bias=True)\n'
            '  )\n'
            ')',
 'replay_buffer_size': 10000,
 'replay_start_size': 32,
 'seed': 1,
 'train_steps': 876000,
 'update_frequency': 1,
 'update_target_frequency': 32,
 'weight_scale': 1.4142135623730951}
Timestep : 8758, score : -4559.909647475419, Time : 22.317 s
Timestep : 17517, score : -3854.710935778756, Time : 22.561 s
Timestep : 26276, score : -3342.9647831557813, Time : 22.664 s
Timestep : 35035, score : -3644.5961480338883, Time : 22.691 s
Timestep : 43794, score : -3162.139102858753, Time : 22.668 s
Timestep : 52553, score : -2958.778615240677, Time : 22.091 s
Timestep : 61312, score : -3041.917743589118, Time : 22.091 s
Timestep : 70071, score : -3370.793983672076, Time : 22.48 s
Timestep : 78830, score : -3094.4823071282153, Time : 22.329 s
Timestep : 87589, score : -3141.7767337266705, Time : 22.37 s
Timestep : 96348, score : -2943.8887180446472, Time : 22.438 s
Timestep : 105107, score : -2484.866233113833, Time : 22.341 s
Timestep : 113866, score : -2803.5753297936462, Time : 22.312 s
Timestep : 122625, score : -2857.0282294361677, Time : 22.105 s
Timestep : 131384, score : -2465.5035883131495, Time : 22.141 s
Timestep : 140143, score : -2263.422291956216, Time : 22.605 s
Timestep : 148902, score : -2025.7513164405536, Time : 22.381 s
Timestep : 157661, score : -1897.5337427346713, Time : 22.044 s
Timestep : 166420, score : -2144.631230091705, Time : 22.388 s
Timestep : 175179, score : -2072.5465532056696, Time : 22.664 s
Timestep : 183938, score : -1988.1234636139416, Time : 22.04 s
Timestep : 192697, score : -1835.8388219544431, Time : 22.247 s
Timestep : 201456, score : -2237.3545270381146, Time : 22.238 s
Timestep : 210215, score : -1821.7029456549853, Time : 22.326 s
Timestep : 218974, score : -1878.7605684087903, Time : 22.614 s
Timestep : 227733, score : -2155.686652973789, Time : 22.185 s
Timestep : 236492, score : -1820.7352267212991, Time : 22.147 s
Timestep : 245251, score : -2122.9693720268842, Time : 22.024 s
Timestep : 254010, score : -1865.850021417049, Time : 22.094 s
Timestep : 262769, score : -2190.514933349594, Time : 22.506 s
Timestep : 271528, score : -2394.6337219943234, Time : 22.541 s
Timestep : 280287, score : -2177.617471304984, Time : 22.574 s
Timestep : 289046, score : -2321.4416020314966, Time : 22.673 s
Timestep : 297805, score : -2043.7503370950653, Time : 22.627 s
Timestep : 306564, score : -1986.1830158550438, Time : 22.385 s
Timestep : 315323, score : -2048.2031510367815, Time : 22.74 s
Timestep : 324082, score : -1965.3015975968738, Time : 22.709 s
Timestep : 332841, score : -2307.0522379000613, Time : 22.227 s
Timestep : 341600, score : -2083.146052371041, Time : 22.605 s
Timestep : 350359, score : -1924.4455234668858, Time : 22.49 s
Timestep : 359118, score : -2203.440620416339, Time : 22.363 s
Timestep : 367877, score : -2373.764040732669, Time : 22.661 s
Timestep : 376636, score : -2342.1625495897897, Time : 22.196 s
Timestep : 385395, score : -1992.9574604918307, Time : 22.444 s
Timestep : 394154, score : -2135.8623136937676, Time : 22.047 s
Timestep : 402913, score : -2183.422138685506, Time : 22.57 s
Timestep : 411672, score : -1990.8488461072702, Time : 22.424 s
Timestep : 420431, score : -2123.885824613768, Time : 22.419 s
Timestep : 429190, score : -1972.30622110088, Time : 22.034 s
Timestep : 437949, score : -2016.285485152417, Time : 22.139 s
Timestep : 446708, score : -2317.9998006744136, Time : 22.668 s
Timestep : 455467, score : -2135.8498038735997, Time : 22.692 s
Timestep : 464226, score : -2290.6523342767323, Time : 22.183 s
Timestep : 472985, score : -2269.293192587589, Time : 22.391 s
Timestep : 481744, score : -2086.3693277056154, Time : 22.165 s
Timestep : 490503, score : -2231.8725390548643, Time : 22.703 s
Timestep : 499262, score : -1780.8703290530539, Time : 22.633 s
Timestep : 508021, score : -2285.8744071123947, Time : 22.222 s
Timestep : 516780, score : -1818.3407114537258, Time : 22.684 s
Timestep : 525539, score : -1841.7273410640482, Time : 22.926 s
Timestep : 534298, score : -1938.4789972745639, Time : 22.497 s
Timestep : 543057, score : -1926.1564692938991, Time : 22.71 s
Timestep : 551816, score : -1707.4408206653607, Time : 22.707 s
Timestep : 560575, score : -1781.681895479007, Time : 22.518 s
Timestep : 569334, score : -2255.6676363022125, Time : 22.658 s
Timestep : 578093, score : -1963.9191714324115, Time : 22.712 s
Timestep : 586852, score : -2127.054911872634, Time : 22.54 s
Timestep : 595611, score : -2006.9943390668195, Time : 22.536 s
Timestep : 604370, score : -1890.2208564074244, Time : 22.545 s
Timestep : 613129, score : -1922.1516931525257, Time : 22.561 s
Timestep : 621888, score : -2078.2587448918202, Time : 22.456 s
Timestep : 630647, score : -1727.9706456488057, Time : 22.695 s
Timestep : 639406, score : -1868.1191907260363, Time : 22.145 s
Timestep : 648165, score : -2016.694603736003, Time : 22.518 s
Timestep : 656924, score : -1911.5440602316085, Time : 22.302 s
Timestep : 665683, score : -1867.8156694307982, Time : 22.186 s
Timestep : 674442, score : -1703.0046884941694, Time : 22.34 s
Timestep : 683201, score : -1810.005165056471, Time : 22.556 s
Timestep : 691960, score : -2007.9199540957634, Time : 22.188 s
Timestep : 700719, score : -2074.4079928465944, Time : 22.334 s
Timestep : 709478, score : -1960.8047800173808, Time : 22.578 s
Timestep : 718237, score : -2040.4770767540467, Time : 22.103 s
Timestep : 726996, score : -1879.5122010960768, Time : 22.137 s
Timestep : 735755, score : -1796.0107546389045, Time : 22.248 s
Timestep : 744514, score : -1961.4160297441122, Time : 22.082 s
Timestep : 753273, score : -2068.74459610114, Time : 22.709 s
Timestep : 762032, score : -1758.0630081284617, Time : 22.712 s
Timestep : 770791, score : -1584.7639855129237, Time : 22.695 s
Timestep : 779550, score : -1686.877397823293, Time : 22.684 s
Timestep : 788309, score : -1708.6910499951628, Time : 22.173 s
Timestep : 797068, score : -1838.507698772737, Time : 22.299 s
Timestep : 805827, score : -1953.7191470455437, Time : 22.369 s
Timestep : 814586, score : -2252.8921548513754, Time : 22.302 s
Timestep : 823345, score : -1693.239665401663, Time : 22.177 s
Timestep : 832104, score : -1886.9807143538783, Time : 22.043 s
Timestep : 840863, score : -1923.747950773948, Time : 22.286 s
Timestep : 849622, score : -1936.4132085418387, Time : 22.388 s
Timestep : 858381, score : -1937.2176542032103, Time : 22.432 s
Timestep : 867140, score : -1973.561883983115, Time : 22.221 s
Timestep : 875899, score : -1857.2340348976722, Time : 22.351 s
Starting local evaluation
Num Steps: 1000, Num episodes: 0
Num Steps: 2000, Num episodes: 0
Num Steps: 3000, Num episodes: 0
Num Steps: 4000, Num episodes: 0
Num Steps: 5000, Num episodes: 0
Num Steps: 6000, Num episodes: 0
Num Steps: 7000, Num episodes: 0
Num Steps: 8000, Num episodes: 0
Episode complete: 1 | Latest episode metrics: {'price_cost': 0.871705628106358, 'emmision_cost': 0.975234080706067}
[-0.13323428] -0.13323427631068824
Average Price Cost: 0.871705628106358
Average Emmision Cost: 0.975234080706067
Average of both costs: 0.9234698544062125
Total time taken by agent: 2.5736850388348103s
DONE!
