{'agent': 'UADQN', 'action_selection': 'softmax', 'seed': 1, 'episodes': 50, 'data_path': 'data/citylearn_challenge_2022_phase_1', 'dry_run': False, 'n_discrete': 9, 'update_target': 16, 'lr': 0.01, 'batch_size': 128, 'adam_epsilon': 0.0001, 'epsilon_final': 0.02, 'run_id': 435}
{'Notes': 'This is a tuning run, executed on a single building.',
 'adam_epsilon': 0.0001,
 'aleatoric_factor': 0,
 'biased_aleatoric': False,
 'env': '<NormalizeObservation<OneHotHour<DiscreteSingle<CityLearnEnv '
        'instance>>>>',
 'epistemic_factor': 1,
 'gamma': 0.99,
 'learning_rate': 0.01,
 'minibatch_size': 128,
 'n_quantiles': 20,
 'network': 'MLP(\n'
            '  (layers): Sequential(\n'
            '    (0): Linear(in_features=29, out_features=128, bias=True)\n'
            '    (1): ReLU()\n'
            '    (2): Linear(in_features=128, out_features=128, bias=True)\n'
            '    (3): ReLU()\n'
            '    (4): Linear(in_features=128, out_features=180, bias=True)\n'
            '  )\n'
            ')',
 'noise_scale': 1,
 'replay_buffer_size': 10000,
 'replay_start_size': 128,
 'seed': 1,
 'train_steps': 438000,
 'update_frequency': 1,
 'update_target_frequency': 16,
 'weight_scale': 1.4142135623730951}
Timestep : 8758, score : -11960.951357365775, Time : 79.491 s
Timestep : 17517, score : -14461.992359389085, Time : 81.223 s
Timestep : 26276, score : -13659.036069771253, Time : 78.4 s
Timestep : 35035, score : -12129.72478237364, Time : 80.979 s
Timestep : 43794, score : -12283.112770893335, Time : 82.648 s
Timestep : 52553, score : -11046.540984996012, Time : 86.822 s
Timestep : 61312, score : -8512.695336176694, Time : 84.145 s
Timestep : 70071, score : -6678.6104369077075, Time : 82.3 s
Timestep : 78830, score : -5428.893770965078, Time : 86.194 s
Timestep : 87589, score : -5247.7709690557385, Time : 84.339 s
Timestep : 96348, score : -5674.940907785582, Time : 80.941 s
Timestep : 105107, score : -5654.545752864709, Time : 82.291 s
Timestep : 113866, score : -5035.6958354482485, Time : 88.477 s
Timestep : 122625, score : -4721.295629503584, Time : 80.393 s
Timestep : 131384, score : -4791.637009509752, Time : 84.466 s
Timestep : 140143, score : -5514.480225367035, Time : 87.897 s
Timestep : 148902, score : -5630.050976938946, Time : 81.248 s
Timestep : 157661, score : -4785.6149240037485, Time : 83.314 s
Timestep : 166420, score : -4746.207506369246, Time : 82.093 s
Timestep : 175179, score : -4783.846897079682, Time : 87.078 s
Timestep : 183938, score : -4973.931551180227, Time : 82.459 s
Timestep : 192697, score : -4555.574191622349, Time : 80.526 s
Timestep : 201456, score : -4996.3968960059865, Time : 83.684 s
Timestep : 210215, score : -4723.481201409042, Time : 82.739 s
Timestep : 218974, score : -4620.726949721022, Time : 85.694 s
Timestep : 227733, score : -4520.729677639349, Time : 81.331 s
Timestep : 236492, score : -5597.700578240823, Time : 79.716 s
Timestep : 245251, score : -5416.573969721867, Time : 82.877 s
Timestep : 254010, score : -4626.2750372266455, Time : 88.701 s
Timestep : 262769, score : -4882.00022930876, Time : 81.512 s
Timestep : 271528, score : -4861.818812353915, Time : 82.887 s
Timestep : 280287, score : -4450.085612020368, Time : 83.425 s
Timestep : 289046, score : -4544.409241429908, Time : 85.427 s
Timestep : 297805, score : -4619.442359269975, Time : 82.497 s
Timestep : 306564, score : -4444.138212337537, Time : 80.351 s
Timestep : 315323, score : -4996.331553031603, Time : 87.539 s
Timestep : 324082, score : -4940.542520760704, Time : 81.387 s
Timestep : 332841, score : -5001.4411296643375, Time : 81.314 s
Timestep : 341600, score : -5265.478466830129, Time : 87.541 s
Timestep : 350359, score : -4947.330482948717, Time : 81.768 s
Timestep : 359118, score : -5422.3693783911, Time : 82.918 s
Timestep : 367877, score : -4734.049154292588, Time : 83.252 s
Timestep : 376636, score : -4428.538930615323, Time : 82.362 s
Timestep : 385395, score : -4576.027340513101, Time : 88.036 s
Timestep : 394154, score : -4767.096414503088, Time : 83.186 s
Timestep : 402913, score : -5199.103484022227, Time : 79.889 s
Timestep : 411672, score : -4801.665486935948, Time : 87.9 s
Timestep : 420431, score : -4659.800914322404, Time : 81.898 s
Timestep : 429190, score : -4838.665088625072, Time : 79.147 s
Timestep : 437949, score : -4796.357241505204, Time : 81.262 s
Starting local evaluation
Num Steps: 1000, Num episodes: 0
Num Steps: 2000, Num episodes: 0
Num Steps: 3000, Num episodes: 0
Num Steps: 4000, Num episodes: 0
Num Steps: 5000, Num episodes: 0
Num Steps: 6000, Num episodes: 0
Num Steps: 7000, Num episodes: 0
Num Steps: 8000, Num episodes: 0
Episode complete: 1 | Latest episode metrics: {'price_cost': 1.0136279585671206, 'emmision_cost': 1.0139853904683245}
[-0.24703988] -0.2470398825843036
Average Price Cost: 1.0136279585671206
Average Emmision Cost: 1.0139853904683245
Average of both costs: 1.0138066745177226
Total time taken by agent: 12.217295605456457s
DONE!
