{'agent': 'DQN', 'action_selection': 'egreedy', 'seed': 1, 'episodes': 100, 'data_path': 'data/citylearn_challenge_2022_phase_1', 'dry_run': False, 'n_discrete': 9, 'update_target': 8, 'lr': 0.07, 'batch_size': 32, 'adam_epsilon': 0.0001, 'epsilon_final': 0.1, 'run_id': 337}
{'Notes': 'This is a tuning run, executed on a single building.',
 'action_selection': 'egreedy',
 'adam_epsilon': 0.0001,
 'env': '<NormalizeObservation<OneHotHour<DiscreteSingle<CityLearnEnv '
        'instance>>>>',
 'final_exploration_rate': 0.02,
 'final_exploration_step': 1000,
 'gamma': 0.99,
 'initial_exploration_rate': 1,
 'learning_rate': 0.07,
 'loss': 'mse',
 'minibatch_size': 32,
 'network': 'MLP(\n'
            '  (layers): Sequential(\n'
            '    (0): Linear(in_features=29, out_features=128, bias=True)\n'
            '    (1): ReLU()\n'
            '    (2): Linear(in_features=128, out_features=128, bias=True)\n'
            '    (3): ReLU()\n'
            '    (4): Linear(in_features=128, out_features=9, bias=True)\n'
            '  )\n'
            ')',
 'replay_buffer_size': 10000,
 'replay_start_size': 32,
 'seed': 1,
 'train_steps': 876000,
 'update_frequency': 1,
 'update_target_frequency': 8,
 'weight_scale': 1.4142135623730951}
Timestep : 8758, score : -6690.214151983877, Time : 21.266 s
Timestep : 17517, score : -7498.98889523519, Time : 21.333 s
Timestep : 26276, score : -8991.164764854737, Time : 21.34 s
Timestep : 35035, score : -8157.998941409707, Time : 21.396 s
Timestep : 43794, score : -10593.049929726636, Time : 21.865 s
Timestep : 52553, score : -8332.947016676611, Time : 22.023 s
Timestep : 61312, score : -10945.153662595432, Time : 21.789 s
Timestep : 70071, score : -9832.438591563056, Time : 21.408 s
Timestep : 78830, score : -10447.987254407373, Time : 21.44 s
Timestep : 87589, score : -10346.687704300079, Time : 21.354 s
Timestep : 96348, score : -11987.376005179278, Time : 21.314 s
Timestep : 105107, score : -10369.277489302287, Time : 21.244 s
Timestep : 113866, score : -10745.183196002297, Time : 21.25 s
Timestep : 122625, score : -11765.42925709113, Time : 21.279 s
Timestep : 131384, score : -11504.242397953712, Time : 21.222 s
Timestep : 140143, score : -10438.646971766677, Time : 21.235 s
Timestep : 148902, score : -12299.53204480285, Time : 21.237 s
Timestep : 157661, score : -10987.680584709306, Time : 21.238 s
Timestep : 166420, score : -11218.375504116091, Time : 21.232 s
Timestep : 175179, score : -11725.805525031596, Time : 21.242 s
Timestep : 183938, score : -12024.908524204278, Time : 21.226 s
Timestep : 192697, score : -11158.207594251347, Time : 21.227 s
Timestep : 201456, score : -11065.07882928041, Time : 21.24 s
Timestep : 210215, score : -11053.88334431505, Time : 21.248 s
Timestep : 218974, score : -11780.148033352569, Time : 21.426 s
Timestep : 227733, score : -11815.07711193536, Time : 22.124 s
Timestep : 236492, score : -11727.12248858795, Time : 21.534 s
Timestep : 245251, score : -11342.112158241871, Time : 21.439 s
Timestep : 254010, score : -11395.321132927696, Time : 21.44 s
Timestep : 262769, score : -11636.212599932987, Time : 21.436 s
Timestep : 271528, score : -11084.498571991819, Time : 21.429 s
Timestep : 280287, score : -11528.503948863436, Time : 21.443 s
Timestep : 289046, score : -11536.631178537049, Time : 21.424 s
Timestep : 297805, score : -11660.798062119648, Time : 21.452 s
Timestep : 306564, score : -11812.969148419266, Time : 21.461 s
Timestep : 315323, score : -11712.844082571639, Time : 21.465 s
Timestep : 324082, score : -11827.605878377595, Time : 21.482 s
Timestep : 332841, score : -11558.055191655323, Time : 21.451 s
Timestep : 341600, score : -12033.692269985477, Time : 21.459 s
Timestep : 350359, score : -11993.60726323602, Time : 21.463 s
Timestep : 359118, score : -11724.659079211604, Time : 21.452 s
Timestep : 367877, score : -12288.964989973538, Time : 21.463 s
Timestep : 376636, score : -12186.25920874512, Time : 21.478 s
Timestep : 385395, score : -11535.744584545377, Time : 21.469 s
Timestep : 394154, score : -10792.157580024053, Time : 21.479 s
Timestep : 402913, score : -12160.960028601257, Time : 21.474 s
Timestep : 411672, score : -11357.948694478051, Time : 21.47 s
Timestep : 420431, score : -11677.482978075932, Time : 21.499 s
Timestep : 429190, score : -11483.63739945933, Time : 21.493 s
Timestep : 437949, score : -11595.501511708964, Time : 21.545 s
Timestep : 446708, score : -11667.480578809296, Time : 21.582 s
Timestep : 455467, score : -11524.765702497752, Time : 21.476 s
Timestep : 464226, score : -11662.196287155413, Time : 21.483 s
Timestep : 472985, score : -12137.146569209479, Time : 21.687 s
Timestep : 481744, score : -11514.120842094257, Time : 22.334 s
Timestep : 490503, score : -11478.216161867444, Time : 22.348 s
Timestep : 499262, score : -11590.773269146754, Time : 22.249 s
Timestep : 508021, score : -11487.207673583413, Time : 22.269 s
Timestep : 516780, score : -12353.182808766913, Time : 22.144 s
Timestep : 525539, score : -12024.825087205303, Time : 21.662 s
Timestep : 534298, score : -12097.062964156183, Time : 21.678 s
Timestep : 543057, score : -12484.164424022529, Time : 21.651 s
Timestep : 551816, score : -11602.706233127421, Time : 21.679 s
Timestep : 560575, score : -12506.731153800476, Time : 21.67 s
Timestep : 569334, score : -11558.009790455777, Time : 21.638 s
Timestep : 578093, score : -11086.562275568402, Time : 21.636 s
Timestep : 586852, score : -11815.163195542715, Time : 21.638 s
Timestep : 595611, score : -11496.441046789667, Time : 21.73 s
Timestep : 604370, score : -11257.929821474478, Time : 21.669 s
Timestep : 613129, score : -11679.951426040192, Time : 21.75 s
Timestep : 621888, score : -12097.99613273803, Time : 21.655 s
Timestep : 630647, score : -11002.31309721971, Time : 21.664 s
Timestep : 639406, score : -10564.892191278355, Time : 21.648 s
Timestep : 648165, score : -12144.425353277125, Time : 21.664 s
Timestep : 656924, score : -11605.871439994327, Time : 21.678 s
Timestep : 665683, score : -11838.333600069935, Time : 21.66 s
Timestep : 674442, score : -12263.090912321553, Time : 21.662 s
Timestep : 683201, score : -11943.929550862362, Time : 21.68 s
Timestep : 691960, score : -11672.368586301796, Time : 21.676 s
Timestep : 700719, score : -12521.74297847513, Time : 21.671 s
Timestep : 709478, score : -11701.020294684091, Time : 21.704 s
Timestep : 718237, score : -12175.879733309921, Time : 21.774 s
Timestep : 726996, score : -11285.470186861814, Time : 21.726 s
Timestep : 735755, score : -11955.68697668743, Time : 21.619 s
Timestep : 744514, score : -11010.085827821007, Time : 21.568 s
Timestep : 753273, score : -11336.33825937839, Time : 21.554 s
Timestep : 762032, score : -12104.752513480787, Time : 21.519 s
Timestep : 770791, score : -11574.643420772161, Time : 21.519 s
Timestep : 779550, score : -12248.304327013277, Time : 21.53 s
Timestep : 788309, score : -12177.971416903441, Time : 21.511 s
Timestep : 797068, score : -11258.15156143406, Time : 21.518 s
Timestep : 805827, score : -11295.835167570964, Time : 21.526 s
Timestep : 814586, score : -12755.822038644998, Time : 21.515 s
Timestep : 823345, score : -11575.355222086146, Time : 21.512 s
Timestep : 832104, score : -11769.523865067473, Time : 21.53 s
Timestep : 840863, score : -11910.521394241092, Time : 21.502 s
Timestep : 849622, score : -12131.078074163204, Time : 21.498 s
Timestep : 858381, score : -11659.384718237343, Time : 21.496 s
Timestep : 867140, score : -11310.049546426308, Time : 21.487 s
Timestep : 875899, score : -11547.245220809127, Time : 21.507 s
Starting local evaluation
Num Steps: 1000, Num episodes: 0
Num Steps: 2000, Num episodes: 0
Num Steps: 3000, Num episodes: 0
Num Steps: 4000, Num episodes: 0
Num Steps: 5000, Num episodes: 0
Num Steps: 6000, Num episodes: 0
Num Steps: 7000, Num episodes: 0
Num Steps: 8000, Num episodes: 0
Episode complete: 1 | Latest episode metrics: {'price_cost': 1.0210912299447796, 'emmision_cost': 1.0241404283561215}
[-0.25780949] -0.25780948921235347
Average Price Cost: 1.0210912299447796
Average Emmision Cost: 1.0241404283561215
Average of both costs: 1.0226158291504506
Total time taken by agent: 2.536274646408856s
DONE!
