{'agent': 'DQN', 'action_selection': 'egreedy', 'seed': 1, 'episodes': 100, 'data_path': 'data/citylearn_challenge_2022_phase_1', 'dry_run': False, 'n_discrete': 9, 'update_target': 8, 'lr': 0.0003, 'batch_size': 4, 'adam_epsilon': 0.001, 'epsilon_final': 0.01, 'run_id': 395}
{'Notes': 'This is a tuning run, executed on a single building.',
 'action_selection': 'egreedy',
 'adam_epsilon': 0.001,
 'env': '<NormalizeObservation<OneHotHour<DiscreteSingle<CityLearnEnv '
        'instance>>>>',
 'final_exploration_rate': 0.02,
 'final_exploration_step': 1000,
 'gamma': 0.99,
 'initial_exploration_rate': 1,
 'learning_rate': 0.0003,
 'loss': 'mse',
 'minibatch_size': 4,
 'network': 'MLP(\n'
            '  (layers): Sequential(\n'
            '    (0): Linear(in_features=29, out_features=128, bias=True)\n'
            '    (1): ReLU()\n'
            '    (2): Linear(in_features=128, out_features=128, bias=True)\n'
            '    (3): ReLU()\n'
            '    (4): Linear(in_features=128, out_features=9, bias=True)\n'
            '  )\n'
            ')',
 'replay_buffer_size': 10000,
 'replay_start_size': 4,
 'seed': 1,
 'train_steps': 876000,
 'update_frequency': 1,
 'update_target_frequency': 8,
 'weight_scale': 1.4142135623730951}
Timestep : 8758, score : -4462.322147579194, Time : 21.363 s
Timestep : 17517, score : -3293.523311982921, Time : 21.768 s
Timestep : 26276, score : -3359.098076305614, Time : 21.62 s
Timestep : 35035, score : -3469.990159340523, Time : 21.48 s
Timestep : 43794, score : -3525.708099889831, Time : 21.602 s
Timestep : 52553, score : -2494.1468839735026, Time : 21.609 s
Timestep : 61312, score : -2922.820317829872, Time : 21.268 s
Timestep : 70071, score : -3000.238213706558, Time : 21.29 s
Timestep : 78830, score : -2968.3744519425236, Time : 21.343 s
Timestep : 87589, score : -2800.8153479012253, Time : 21.974 s
Timestep : 96348, score : -2891.43408898919, Time : 21.276 s
Timestep : 105107, score : -2538.383074250567, Time : 21.377 s
Timestep : 113866, score : -2817.635390631476, Time : 21.805 s
Timestep : 122625, score : -2778.9187657012662, Time : 21.65 s
Timestep : 131384, score : -2544.5081875286123, Time : 21.554 s
Timestep : 140143, score : -2649.1968219146074, Time : 21.823 s
Timestep : 148902, score : -2784.682467000006, Time : 21.55 s
Timestep : 157661, score : -3111.0342349954444, Time : 21.573 s
Timestep : 166420, score : -3004.2532588501344, Time : 21.569 s
Timestep : 175179, score : -2445.317156924313, Time : 21.541 s
Timestep : 183938, score : -2195.2265821372566, Time : 21.538 s
Timestep : 192697, score : -2299.4782602831547, Time : 21.771 s
Timestep : 201456, score : -2125.4009305567306, Time : 21.8 s
Timestep : 210215, score : -1800.5195783996824, Time : 21.843 s
Timestep : 218974, score : -2352.120139742183, Time : 21.696 s
Timestep : 227733, score : -2229.128049517425, Time : 21.577 s
Timestep : 236492, score : -2397.724159316538, Time : 21.289 s
Timestep : 245251, score : -2649.2221445816394, Time : 21.49 s
Timestep : 254010, score : -2766.671044319548, Time : 21.577 s
Timestep : 262769, score : -2527.286915035598, Time : 21.778 s
Timestep : 271528, score : -1674.8069776127377, Time : 21.857 s
Timestep : 280287, score : -1737.9829460468318, Time : 21.847 s
Timestep : 289046, score : -2180.0592414446, Time : 21.625 s
Timestep : 297805, score : -1617.185684959666, Time : 21.564 s
Timestep : 306564, score : -2231.8013529867458, Time : 21.271 s
Timestep : 315323, score : -2219.7677417219675, Time : 21.259 s
Timestep : 324082, score : -1441.585944801016, Time : 21.248 s
Timestep : 332841, score : -1806.969057688053, Time : 20.952 s
Timestep : 341600, score : -1971.4082148324524, Time : 20.94 s
Timestep : 350359, score : -1599.8161499285197, Time : 21.48 s
Timestep : 359118, score : -1567.3602984017634, Time : 21.494 s
Timestep : 367877, score : -1841.4896246902354, Time : 21.243 s
Timestep : 376636, score : -1741.0534764642653, Time : 21.339 s
Timestep : 385395, score : -1480.926699466625, Time : 21.493 s
Timestep : 394154, score : -1573.9095354720193, Time : 21.501 s
Timestep : 402913, score : -1552.8702340694435, Time : 21.497 s
Timestep : 411672, score : -1918.6562698216003, Time : 21.478 s
Timestep : 420431, score : -1568.7731461640506, Time : 21.539 s
Timestep : 429190, score : -1393.4952185811999, Time : 21.26 s
Timestep : 437949, score : -1612.4886099337891, Time : 21.456 s
Timestep : 446708, score : -1774.8674083717924, Time : 21.534 s
Timestep : 455467, score : -1794.2751004000602, Time : 21.535 s
Timestep : 464226, score : -1931.8999503657978, Time : 21.526 s
Timestep : 472985, score : -1996.971100487077, Time : 21.546 s
Timestep : 481744, score : -1790.0126777941186, Time : 21.414 s
Timestep : 490503, score : -1727.3293965810735, Time : 21.493 s
Timestep : 499262, score : -1403.1403414376837, Time : 21.521 s
Timestep : 508021, score : -1968.2507708857593, Time : 21.551 s
Timestep : 516780, score : -1689.5017633952375, Time : 21.44 s
Timestep : 525539, score : -1725.4754599863227, Time : 21.494 s
Timestep : 534298, score : -1606.0666947533173, Time : 21.329 s
Timestep : 543057, score : -1555.5517545218172, Time : 21.415 s
Timestep : 551816, score : -1592.6043776620936, Time : 21.307 s
Timestep : 560575, score : -1528.7000056383258, Time : 21.56 s
Timestep : 569334, score : -1412.6137350596546, Time : 21.59 s
Timestep : 578093, score : -1396.8417355740385, Time : 21.578 s
Timestep : 586852, score : -1530.5798819670745, Time : 21.541 s
Timestep : 595611, score : -1806.95354948362, Time : 21.804 s
Timestep : 604370, score : -1587.4855359988578, Time : 21.537 s
Timestep : 613129, score : -1373.0511929010536, Time : 21.348 s
Timestep : 621888, score : -1668.677511366739, Time : 21.57 s
Timestep : 630647, score : -1354.5576508927916, Time : 21.616 s
Timestep : 639406, score : -1172.9667099279177, Time : 21.169 s
Timestep : 648165, score : -1445.244568803726, Time : 21.455 s
Timestep : 656924, score : -1383.4418106985104, Time : 21.592 s
Timestep : 665683, score : -1457.1720981246617, Time : 21.602 s
Timestep : 674442, score : -1293.5857255428855, Time : 21.572 s
Timestep : 683201, score : -1231.7469027822663, Time : 21.585 s
Timestep : 691960, score : -1539.261888758425, Time : 21.602 s
Timestep : 700719, score : -1525.1679391393263, Time : 21.573 s
Timestep : 709478, score : -1612.4360549897829, Time : 21.077 s
Timestep : 718237, score : -1721.4471946830454, Time : 21.598 s
Timestep : 726996, score : -1531.0624115747923, Time : 21.568 s
Timestep : 735755, score : -1333.3077575970965, Time : 21.658 s
Timestep : 744514, score : -1638.9203411033668, Time : 21.185 s
Timestep : 753273, score : -1440.7049556357379, Time : 21.045 s
Timestep : 762032, score : -1258.7276851526985, Time : 21.128 s
Timestep : 770791, score : -1493.5652573688712, Time : 21.559 s
Timestep : 779550, score : -1111.762298631278, Time : 21.419 s
Timestep : 788309, score : -1369.5299191260274, Time : 21.314 s
Timestep : 797068, score : -1527.0344118756766, Time : 21.541 s
Timestep : 805827, score : -1242.8047693901608, Time : 21.564 s
Timestep : 814586, score : -1436.1643545705883, Time : 21.562 s
Timestep : 823345, score : -1510.651485281327, Time : 21.578 s
Timestep : 832104, score : -1561.257347196719, Time : 21.553 s
Timestep : 840863, score : -1897.1289046050806, Time : 21.573 s
Timestep : 849622, score : -1278.18246628801, Time : 21.571 s
Timestep : 858381, score : -1463.5625095684227, Time : 21.524 s
Timestep : 867140, score : -1622.594761967106, Time : 21.168 s
Timestep : 875899, score : -1373.5875375288597, Time : 21.487 s
Starting local evaluation
Num Steps: 1000, Num episodes: 0
Num Steps: 2000, Num episodes: 0
Num Steps: 3000, Num episodes: 0
Num Steps: 4000, Num episodes: 0
Num Steps: 5000, Num episodes: 0
Num Steps: 6000, Num episodes: 0
Num Steps: 7000, Num episodes: 0
Num Steps: 8000, Num episodes: 0
Episode complete: 1 | Latest episode metrics: {'price_cost': 0.8296683672148085, 'emmision_cost': 0.9435909211588692}
[-0.08763834] -0.08763833983455394
Average Price Cost: 0.8296683672148085
Average Emmision Cost: 0.9435909211588692
Average of both costs: 0.8866296441868389
Total time taken by agent: 2.5717425564071164s
DONE!
