{'agent': 'DQN', 'action_selection': 'softmax', 'seed': 1, 'episodes': 100, 'data_path': 'data/citylearn_challenge_2022_phase_1', 'dry_run': False, 'n_discrete': 9, 'update_target': 4, 'lr': 0.0007, 'batch_size': 32, 'adam_epsilon': 1e-05, 'epsilon_final': 0.02, 'run_id': 189}
{'Notes': 'This is a tuning run, executed on a single building.',
 'action_selection': 'softmax',
 'adam_epsilon': 1e-05,
 'env': '<NormalizeObservation<OneHotHour<DiscreteSingle<CityLearnEnv '
        'instance>>>>',
 'final_exploration_rate': 0.02,
 'final_exploration_step': 1000,
 'gamma': 0.99,
 'initial_exploration_rate': 1,
 'learning_rate': 0.0007,
 'loss': 'mse',
 'minibatch_size': 32,
 'network': 'MLP(\n'
            '  (layers): Sequential(\n'
            '    (0): Linear(in_features=29, out_features=128, bias=True)\n'
            '    (1): ReLU()\n'
            '    (2): Linear(in_features=128, out_features=128, bias=True)\n'
            '    (3): ReLU()\n'
            '    (4): Linear(in_features=128, out_features=9, bias=True)\n'
            '  )\n'
            ')',
 'replay_buffer_size': 10000,
 'replay_start_size': 32,
 'seed': 1,
 'train_steps': 876000,
 'update_frequency': 1,
 'update_target_frequency': 4,
 'weight_scale': 1.4142135623730951}
Timestep : 8758, score : -8168.278149633392, Time : 22.988 s
Timestep : 17517, score : -6872.318195677435, Time : 23.224 s
Timestep : 26276, score : -6479.1360029429925, Time : 23.247 s
Timestep : 35035, score : -6450.6932397199125, Time : 23.402 s
Timestep : 43794, score : -6655.414677682173, Time : 23.311 s
Timestep : 52553, score : -5948.631131758753, Time : 23.39 s
Timestep : 61312, score : -5511.685565052816, Time : 23.398 s
Timestep : 70071, score : -4943.4478328369005, Time : 23.326 s
Timestep : 78830, score : -5740.510037848333, Time : 23.375 s
Timestep : 87589, score : -5512.9793994749925, Time : 23.845 s
Timestep : 96348, score : -5282.342518489837, Time : 23.738 s
Timestep : 105107, score : -5567.696891687185, Time : 24.232 s
Timestep : 113866, score : -5416.357079879293, Time : 24.261 s
Timestep : 122625, score : -5405.353199457473, Time : 23.871 s
Timestep : 131384, score : -5586.873906855646, Time : 23.563 s
Timestep : 140143, score : -4961.745916468455, Time : 23.992 s
Timestep : 148902, score : -4721.836038494745, Time : 23.93 s
Timestep : 157661, score : -4815.656191762799, Time : 23.937 s
Timestep : 166420, score : -4338.478881668561, Time : 23.467 s
Timestep : 175179, score : -4520.629694963543, Time : 23.649 s
Timestep : 183938, score : -4478.519520991569, Time : 23.99 s
Timestep : 192697, score : -4377.19036256773, Time : 23.642 s
Timestep : 201456, score : -4256.398753184272, Time : 23.556 s
Timestep : 210215, score : -4013.997076520842, Time : 23.387 s
Timestep : 218974, score : -4351.465040866824, Time : 23.596 s
Timestep : 227733, score : -4232.484143063964, Time : 24.041 s
Timestep : 236492, score : -3970.3362016871397, Time : 23.93 s
Timestep : 245251, score : -3970.4960424400924, Time : 23.832 s
Timestep : 254010, score : -4031.660105560237, Time : 23.949 s
Timestep : 262769, score : -3577.6415255675965, Time : 23.998 s
Timestep : 271528, score : -3554.4792955088487, Time : 24.082 s
Timestep : 280287, score : -3359.731031127536, Time : 24.032 s
Timestep : 289046, score : -3429.935969343205, Time : 24.063 s
Timestep : 297805, score : -3608.772642121112, Time : 24.063 s
Timestep : 306564, score : -3715.2563977572427, Time : 24.032 s
Timestep : 315323, score : -3226.228705632806, Time : 24.097 s
Timestep : 324082, score : -3404.456486095005, Time : 24.033 s
Timestep : 332841, score : -3206.873649688583, Time : 23.976 s
Timestep : 341600, score : -3038.156760027661, Time : 23.963 s
Timestep : 350359, score : -3080.839319087827, Time : 23.927 s
Timestep : 359118, score : -3338.5909343608946, Time : 24.061 s
Timestep : 367877, score : -3475.513056300959, Time : 23.532 s
Timestep : 376636, score : -3179.360693658964, Time : 23.31 s
Timestep : 385395, score : -3353.425543188845, Time : 23.276 s
Timestep : 394154, score : -3115.856298443541, Time : 23.249 s
Timestep : 402913, score : -2818.919984637556, Time : 23.343 s
Timestep : 411672, score : -2976.020258000877, Time : 23.613 s
Timestep : 420431, score : -2796.7854703862977, Time : 24.171 s
Timestep : 429190, score : -2464.089762303891, Time : 24.155 s
Timestep : 437949, score : -2484.9033304069017, Time : 24.156 s
Timestep : 446708, score : -2511.744219780696, Time : 24.154 s
Timestep : 455467, score : -2653.4290375102137, Time : 24.17 s
Timestep : 464226, score : -2796.059698770201, Time : 23.868 s
Timestep : 472985, score : -3069.5997717560094, Time : 24.169 s
Timestep : 481744, score : -2996.3290835670487, Time : 24.177 s
Timestep : 490503, score : -2912.5229327119014, Time : 23.485 s
Timestep : 499262, score : -2460.295908674161, Time : 23.443 s
Timestep : 508021, score : -2666.0999059239693, Time : 23.502 s
Timestep : 516780, score : -2276.510713510288, Time : 23.394 s
Timestep : 525539, score : -2374.033775423217, Time : 23.515 s
Timestep : 534298, score : -2294.1829114703287, Time : 24.13 s
Timestep : 543057, score : -2641.212583679444, Time : 24.195 s
Timestep : 551816, score : -2609.8183153047285, Time : 24.164 s
Timestep : 560575, score : -2487.8519921747793, Time : 24.13 s
Timestep : 569334, score : -2327.896661377308, Time : 24.1 s
Timestep : 578093, score : -2204.448303442943, Time : 23.609 s
Timestep : 586852, score : -2222.4113953544, Time : 23.364 s
Timestep : 595611, score : -2243.5812081136683, Time : 23.339 s
Timestep : 604370, score : -2265.897724075796, Time : 23.375 s
Timestep : 613129, score : -2191.422472211372, Time : 23.373 s
Timestep : 621888, score : -2170.468207994738, Time : 23.402 s
Timestep : 630647, score : -2377.702771286902, Time : 23.408 s
Timestep : 639406, score : -2657.916921799202, Time : 23.492 s
Timestep : 648165, score : -2696.9463323129166, Time : 23.441 s
Timestep : 656924, score : -2560.8362954369513, Time : 23.397 s
Timestep : 665683, score : -2776.420791166631, Time : 23.595 s
Timestep : 674442, score : -2518.064795327635, Time : 24.089 s
Timestep : 683201, score : -2595.098223902547, Time : 24.116 s
Timestep : 691960, score : -2890.4800151435484, Time : 24.161 s
Timestep : 700719, score : -2547.332797944866, Time : 24.079 s
Timestep : 709478, score : -2357.8715098420216, Time : 24.117 s
Timestep : 718237, score : -2398.296247982915, Time : 24.103 s
Timestep : 726996, score : -2312.892930093949, Time : 24.094 s
Timestep : 735755, score : -2402.691463732539, Time : 24.071 s
Timestep : 744514, score : -2505.868005538272, Time : 23.857 s
Timestep : 753273, score : -2571.8251985445677, Time : 23.869 s
Timestep : 762032, score : -2272.364834598062, Time : 23.721 s
Timestep : 770791, score : -2585.0137403297995, Time : 24.263 s
Timestep : 779550, score : -2432.4536127746396, Time : 24.19 s
Timestep : 788309, score : -2229.679580543452, Time : 24.141 s
Timestep : 797068, score : -2159.1492100816977, Time : 24.223 s
Timestep : 805827, score : -2402.4441593762313, Time : 24.252 s
Timestep : 814586, score : -2344.7815497349784, Time : 24.235 s
Timestep : 823345, score : -2097.595769437292, Time : 24.212 s
Timestep : 832104, score : -2216.321033322398, Time : 24.218 s
Timestep : 840863, score : -2201.99602976763, Time : 24.16 s
Timestep : 849622, score : -2392.4853402392764, Time : 24.22 s
Timestep : 858381, score : -2154.959993752331, Time : 24.17 s
Timestep : 867140, score : -2238.242255609861, Time : 24.192 s
Timestep : 875899, score : -2004.3070287053997, Time : 24.206 s
Starting local evaluation
Num Steps: 1000, Num episodes: 0
Num Steps: 2000, Num episodes: 0
Num Steps: 3000, Num episodes: 0
Num Steps: 4000, Num episodes: 0
Num Steps: 5000, Num episodes: 0
Num Steps: 6000, Num episodes: 0
Num Steps: 7000, Num episodes: 0
Num Steps: 8000, Num episodes: 0
Episode complete: 1 | Latest episode metrics: {'price_cost': 0.8583775522602746, 'emmision_cost': 0.9613423390527932}
[-0.11650303] -0.11650302794931527
Average Price Cost: 0.8583775522602746
Average Emmision Cost: 0.9613423390527932
Average of both costs: 0.9098599456565339
Total time taken by agent: 4.17832934577018s
DONE!
