{'agent': 'DQN', 'action_selection': 'softmax', 'seed': 1, 'episodes': 100, 'data_path': 'data/citylearn_challenge_2022_phase_1', 'dry_run': False, 'n_discrete': 9, 'update_target': 16, 'lr': 0.001, 'batch_size': 256, 'adam_epsilon': 0.001, 'epsilon_final': 0.02, 'run_id': 115}
{'Notes': 'This is a tuning run, executed on a single building.',
 'action_selection': 'softmax',
 'adam_epsilon': 0.001,
 'env': '<NormalizeObservation<OneHotHour<DiscreteSingle<CityLearnEnv '
        'instance>>>>',
 'final_exploration_rate': 0.02,
 'final_exploration_step': 1000,
 'gamma': 0.99,
 'initial_exploration_rate': 1,
 'learning_rate': 0.001,
 'loss': 'mse',
 'minibatch_size': 256,
 'network': 'MLP(\n'
            '  (layers): Sequential(\n'
            '    (0): Linear(in_features=29, out_features=128, bias=True)\n'
            '    (1): ReLU()\n'
            '    (2): Linear(in_features=128, out_features=128, bias=True)\n'
            '    (3): ReLU()\n'
            '    (4): Linear(in_features=128, out_features=9, bias=True)\n'
            '  )\n'
            ')',
 'replay_buffer_size': 10000,
 'replay_start_size': 256,
 'seed': 1,
 'train_steps': 876000,
 'update_frequency': 1,
 'update_target_frequency': 16,
 'weight_scale': 1.4142135623730951}
Timestep : 8758, score : -4791.305257703789, Time : 30.047 s
Timestep : 17517, score : -3978.737557333574, Time : 32.372 s
Timestep : 26276, score : -3566.0674825522874, Time : 38.731 s
Timestep : 35035, score : -3167.8069154083787, Time : 35.878 s
Timestep : 43794, score : -2978.353913755518, Time : 36.56 s
Timestep : 52553, score : -2674.7230458023987, Time : 30.682 s
Timestep : 61312, score : -2713.958975472284, Time : 30.705 s
Timestep : 70071, score : -2321.405181708309, Time : 33.578 s
Timestep : 78830, score : -2538.5069609055354, Time : 35.773 s
Timestep : 87589, score : -2409.492340818426, Time : 38.399 s
Timestep : 96348, score : -2193.020916643989, Time : 38.149 s
Timestep : 105107, score : -2123.3633525960904, Time : 32.239 s
Timestep : 113866, score : -2114.329366107384, Time : 38.522 s
Timestep : 122625, score : -2272.016490779497, Time : 34.99 s
Timestep : 131384, score : -2043.8398997111071, Time : 36.934 s
Timestep : 140143, score : -2051.153600912803, Time : 37.703 s
Timestep : 148902, score : -1925.2017731267551, Time : 36.153 s
Timestep : 157661, score : -2184.329347790481, Time : 34.805 s
Timestep : 166420, score : -1932.8156024849304, Time : 36.626 s
Timestep : 175179, score : -2067.905505925679, Time : 37.157 s
Timestep : 183938, score : -1899.5149157906708, Time : 37.877 s
Timestep : 192697, score : -1965.6562524896872, Time : 37.793 s
Timestep : 201456, score : -1859.0250968912442, Time : 37.183 s
Timestep : 210215, score : -1921.957738251338, Time : 34.52 s
Timestep : 218974, score : -1835.3681075241911, Time : 31.944 s
Timestep : 227733, score : -1890.6044041804998, Time : 33.739 s
Timestep : 236492, score : -1887.5470814880246, Time : 31.478 s
Timestep : 245251, score : -1747.5935313172668, Time : 31.716 s
Timestep : 254010, score : -1881.968927068432, Time : 32.464 s
Timestep : 262769, score : -1811.5523128836358, Time : 31.574 s
Timestep : 271528, score : -1655.7115324235347, Time : 31.901 s
Timestep : 280287, score : -1605.1774069419625, Time : 31.913 s
Timestep : 289046, score : -1628.3647830041882, Time : 33.076 s
Timestep : 297805, score : -1815.8947130583983, Time : 37.05 s
Timestep : 306564, score : -1813.277612535545, Time : 32.997 s
Timestep : 315323, score : -1901.7192977781233, Time : 39.269 s
Timestep : 324082, score : -1972.5809183770616, Time : 34.967 s
Timestep : 332841, score : -1873.9353013105283, Time : 38.512 s
Timestep : 341600, score : -2102.055935377517, Time : 33.274 s
Timestep : 350359, score : -1926.0619377550465, Time : 33.041 s
Timestep : 359118, score : -1921.3971034076822, Time : 32.959 s
Timestep : 367877, score : -1994.7147914369416, Time : 32.577 s
Timestep : 376636, score : -2180.2781259627372, Time : 33.955 s
Timestep : 385395, score : -1949.2504928268318, Time : 33.292 s
Timestep : 394154, score : -1992.937954392546, Time : 30.796 s
Timestep : 402913, score : -1904.1819656843145, Time : 30.623 s
Timestep : 411672, score : -1888.601760193269, Time : 30.611 s
Timestep : 420431, score : -1919.3178465559904, Time : 30.621 s
Timestep : 429190, score : -1970.619981119904, Time : 30.586 s
Timestep : 437949, score : -1847.8024721013207, Time : 31.622 s
Timestep : 446708, score : -1895.0442634740903, Time : 36.225 s
Timestep : 455467, score : -1675.702072294458, Time : 35.398 s
Timestep : 464226, score : -1829.6692894151493, Time : 37.125 s
Timestep : 472985, score : -1959.7897053780325, Time : 36.761 s
Timestep : 481744, score : -1908.978897212568, Time : 38.039 s
Timestep : 490503, score : -1827.0926294478413, Time : 37.89 s
Timestep : 499262, score : -2087.7223131300707, Time : 38.276 s
Timestep : 508021, score : -1877.6943824508053, Time : 38.125 s
Timestep : 516780, score : -1774.483058342972, Time : 38.035 s
Timestep : 525539, score : -1678.9327088084829, Time : 38.101 s
Timestep : 534298, score : -1677.3335346270178, Time : 37.94 s
Timestep : 543057, score : -1655.9392768814287, Time : 38.17 s
Timestep : 551816, score : -1727.9398970434268, Time : 38.32 s
Timestep : 560575, score : -1790.2627420595672, Time : 35.722 s
Timestep : 569334, score : -1723.0403430009756, Time : 36.486 s
Timestep : 578093, score : -1743.7579503685993, Time : 34.516 s
Timestep : 586852, score : -1558.9418662705284, Time : 31.751 s
Timestep : 595611, score : -1714.6838479766448, Time : 30.647 s
Timestep : 604370, score : -1803.5249448891554, Time : 36.738 s
Timestep : 613129, score : -1539.688814287103, Time : 38.259 s
Timestep : 621888, score : -1625.1728615950851, Time : 38.041 s
Timestep : 630647, score : -1429.9209604927164, Time : 37.33 s
Timestep : 639406, score : -1483.285930189566, Time : 36.771 s
Timestep : 648165, score : -1618.789614174777, Time : 34.033 s
Timestep : 656924, score : -1583.3054040905845, Time : 35.469 s
Timestep : 665683, score : -1499.0942754287098, Time : 32.068 s
Timestep : 674442, score : -1462.604078746197, Time : 30.867 s
Timestep : 683201, score : -1570.1728908357036, Time : 36.563 s
Timestep : 691960, score : -1500.0191167847079, Time : 36.552 s
Timestep : 700719, score : -1525.3549907396373, Time : 33.562 s
Timestep : 709478, score : -1759.7854289256793, Time : 36.623 s
Timestep : 718237, score : -1700.1954487345938, Time : 32.691 s
Timestep : 726996, score : -1698.5053649770853, Time : 37.052 s
Timestep : 735755, score : -1701.4168346523802, Time : 35.039 s
Timestep : 744514, score : -1512.2319917104032, Time : 32.04 s
Timestep : 753273, score : -1499.925953231199, Time : 36.587 s
Timestep : 762032, score : -1657.2470025851217, Time : 36.362 s
Timestep : 770791, score : -1598.9457986157213, Time : 35.415 s
Timestep : 779550, score : -1415.1001147656061, Time : 33.498 s
Timestep : 788309, score : -1745.2298913915001, Time : 30.36 s
Timestep : 797068, score : -1494.1757641816803, Time : 31.089 s
Timestep : 805827, score : -1548.504077411213, Time : 31.73 s
Timestep : 814586, score : -1503.606054501215, Time : 34.852 s
Timestep : 823345, score : -1565.8048562518816, Time : 33.967 s
Timestep : 832104, score : -1661.112748359592, Time : 30.042 s
Timestep : 840863, score : -1703.411195445835, Time : 33.376 s
Timestep : 849622, score : -1676.4965741050255, Time : 36.824 s
Timestep : 858381, score : -1720.312970990577, Time : 36.001 s
Timestep : 867140, score : -1741.702992257924, Time : 33.58 s
Timestep : 875899, score : -1786.7403070966539, Time : 36.46 s
Starting local evaluation
Num Steps: 1000, Num episodes: 0
Num Steps: 2000, Num episodes: 0
Num Steps: 3000, Num episodes: 0
Num Steps: 4000, Num episodes: 0
Num Steps: 5000, Num episodes: 0
Num Steps: 6000, Num episodes: 0
Num Steps: 7000, Num episodes: 0
Num Steps: 8000, Num episodes: 0
Episode complete: 1 | Latest episode metrics: {'price_cost': 0.8729957213413141, 'emmision_cost': 0.9703450449114016}
[-0.13117917] -0.13117916844415212
Average Price Cost: 0.8729957213413141
Average Emmision Cost: 0.9703450449114016
Average of both costs: 0.9216703831263579
Total time taken by agent: 5.077223821484949s
DONE!
