{'agent': 'DQN', 'action_selection': 'softmax', 'seed': 1, 'episodes': 100, 'data_path': 'data/citylearn_challenge_2022_phase_1', 'dry_run': False, 'n_discrete': 9, 'update_target': 16, 'lr': 7e-05, 'batch_size': 8, 'adam_epsilon': 0.0001, 'epsilon_final': 0.02, 'run_id': 93}
{'Notes': 'This is a tuning run, executed on a single building.',
 'action_selection': 'softmax',
 'adam_epsilon': 0.0001,
 'env': '<NormalizeObservation<OneHotHour<DiscreteSingle<CityLearnEnv '
        'instance>>>>',
 'final_exploration_rate': 0.02,
 'final_exploration_step': 1000,
 'gamma': 0.99,
 'initial_exploration_rate': 1,
 'learning_rate': 7e-05,
 'loss': 'mse',
 'minibatch_size': 8,
 'network': 'MLP(\n'
            '  (layers): Sequential(\n'
            '    (0): Linear(in_features=29, out_features=128, bias=True)\n'
            '    (1): ReLU()\n'
            '    (2): Linear(in_features=128, out_features=128, bias=True)\n'
            '    (3): ReLU()\n'
            '    (4): Linear(in_features=128, out_features=9, bias=True)\n'
            '  )\n'
            ')',
 'replay_buffer_size': 10000,
 'replay_start_size': 8,
 'seed': 1,
 'train_steps': 876000,
 'update_frequency': 1,
 'update_target_frequency': 16,
 'weight_scale': 1.4142135623730951}
Timestep : 8758, score : -5146.257159874265, Time : 22.39 s
Timestep : 17517, score : -4685.047348228662, Time : 22.293 s
Timestep : 26276, score : -4288.834338455839, Time : 22.446 s
Timestep : 35035, score : -4131.790852499573, Time : 22.671 s
Timestep : 43794, score : -4098.654676442413, Time : 22.805 s
Timestep : 52553, score : -4200.346231128002, Time : 22.835 s
Timestep : 61312, score : -4068.7204290976806, Time : 22.836 s
Timestep : 70071, score : -4065.9816231107397, Time : 22.712 s
Timestep : 78830, score : -4041.3416546260996, Time : 22.864 s
Timestep : 87589, score : -4047.5385031750484, Time : 22.452 s
Timestep : 96348, score : -4093.3025916424376, Time : 22.537 s
Timestep : 105107, score : -4038.963693105994, Time : 22.797 s
Timestep : 113866, score : -4150.718628897404, Time : 22.518 s
Timestep : 122625, score : -4083.4481128839834, Time : 22.951 s
Timestep : 131384, score : -4115.923754743795, Time : 22.335 s
Timestep : 140143, score : -4100.478603871146, Time : 22.648 s
Timestep : 148902, score : -4153.67201019582, Time : 22.887 s
Timestep : 157661, score : -4129.802551957269, Time : 22.472 s
Timestep : 166420, score : -4169.519266568197, Time : 22.904 s
Timestep : 175179, score : -4152.292493526271, Time : 22.886 s
Timestep : 183938, score : -4201.828310796598, Time : 22.901 s
Timestep : 192697, score : -4200.289661575487, Time : 22.82 s
Timestep : 201456, score : -4219.448289412452, Time : 22.71 s
Timestep : 210215, score : -4376.850713204665, Time : 22.866 s
Timestep : 218974, score : -4287.6952486340015, Time : 22.906 s
Timestep : 227733, score : -4271.435011401103, Time : 22.858 s
Timestep : 236492, score : -4221.118180879304, Time : 22.785 s
Timestep : 245251, score : -4246.356283642846, Time : 22.895 s
Timestep : 254010, score : -4105.724301475173, Time : 22.947 s
Timestep : 262769, score : -4210.856278076259, Time : 22.621 s
Timestep : 271528, score : -4198.169482024459, Time : 22.397 s
Timestep : 280287, score : -4326.060549340822, Time : 22.947 s
Timestep : 289046, score : -4282.5638213116035, Time : 22.935 s
Timestep : 297805, score : -4173.292206049038, Time : 22.945 s
Timestep : 306564, score : -4300.985285482442, Time : 22.941 s
Timestep : 315323, score : -4252.646213960863, Time : 22.705 s
Timestep : 324082, score : -4298.574880032131, Time : 22.367 s
Timestep : 332841, score : -4207.449188479295, Time : 22.403 s
Timestep : 341600, score : -4235.032970266839, Time : 22.597 s
Timestep : 350359, score : -4147.78455212657, Time : 22.901 s
Timestep : 359118, score : -4201.976893819316, Time : 22.459 s
Timestep : 367877, score : -4116.892286439499, Time : 22.755 s
Timestep : 376636, score : -4229.354177241592, Time : 22.907 s
Timestep : 385395, score : -4248.091964410225, Time : 22.901 s
Timestep : 394154, score : -4345.828048715397, Time : 22.911 s
Timestep : 402913, score : -4235.889569790175, Time : 22.784 s
Timestep : 411672, score : -4254.296519893716, Time : 23.282 s
Timestep : 420431, score : -4354.08461510991, Time : 22.949 s
Timestep : 429190, score : -4249.430849227778, Time : 22.807 s
Timestep : 437949, score : -4232.265138658768, Time : 22.316 s
Timestep : 446708, score : -4295.472659087463, Time : 22.443 s
Timestep : 455467, score : -4272.558320511671, Time : 22.457 s
Timestep : 464226, score : -4307.590387039891, Time : 22.915 s
Timestep : 472985, score : -4186.247803712642, Time : 22.759 s
Timestep : 481744, score : -4105.108342828491, Time : 22.826 s
Timestep : 490503, score : -4083.537011680455, Time : 22.908 s
Timestep : 499262, score : -3835.4309588574397, Time : 22.939 s
Timestep : 508021, score : -3509.589312172684, Time : 22.789 s
Timestep : 516780, score : -3385.644567390351, Time : 22.38 s
Timestep : 525539, score : -3470.7043959285656, Time : 22.596 s
Timestep : 534298, score : -3396.8717103520466, Time : 22.79 s
Timestep : 543057, score : -3493.439564729182, Time : 22.995 s
Timestep : 551816, score : -3171.2038886646333, Time : 22.876 s
Timestep : 560575, score : -3421.6930670136644, Time : 22.942 s
Timestep : 569334, score : -3447.6865238587197, Time : 22.925 s
Timestep : 578093, score : -3539.400357176346, Time : 22.985 s
Timestep : 586852, score : -3377.1546512305795, Time : 22.975 s
Timestep : 595611, score : -3121.610782775475, Time : 22.839 s
Timestep : 604370, score : -2550.9229620207625, Time : 22.763 s
Timestep : 613129, score : -3272.948949962185, Time : 22.55 s
Timestep : 621888, score : -3001.6948539470613, Time : 22.554 s
Timestep : 630647, score : -2795.327465640061, Time : 22.533 s
Timestep : 639406, score : -2973.825900919692, Time : 22.399 s
Timestep : 648165, score : -2625.9420041374688, Time : 22.963 s
Timestep : 656924, score : -2603.226235788228, Time : 22.964 s
Timestep : 665683, score : -3190.0274406184035, Time : 23.291 s
Timestep : 674442, score : -2517.5900471475034, Time : 22.461 s
DONE!
