{'agent': 'DQN', 'action_selection': 'softmax', 'seed': 1, 'episodes': 100, 'data_path': 'data/citylearn_challenge_2022_phase_1', 'dry_run': False, 'n_discrete': 9, 'update_target': 4, 'lr': 0.01, 'batch_size': 2, 'adam_epsilon': 0.001, 'epsilon_final': 0.02, 'run_id': 152}
{'Notes': 'This is a tuning run, executed on a single building.',
 'action_selection': 'softmax',
 'adam_epsilon': 0.001,
 'env': '<NormalizeObservation<OneHotHour<DiscreteSingle<CityLearnEnv '
        'instance>>>>',
 'final_exploration_rate': 0.02,
 'final_exploration_step': 1000,
 'gamma': 0.99,
 'initial_exploration_rate': 1,
 'learning_rate': 0.01,
 'loss': 'mse',
 'minibatch_size': 2,
 'network': 'MLP(\n'
            '  (layers): Sequential(\n'
            '    (0): Linear(in_features=29, out_features=128, bias=True)\n'
            '    (1): ReLU()\n'
            '    (2): Linear(in_features=128, out_features=128, bias=True)\n'
            '    (3): ReLU()\n'
            '    (4): Linear(in_features=128, out_features=9, bias=True)\n'
            '  )\n'
            ')',
 'replay_buffer_size': 10000,
 'replay_start_size': 2,
 'seed': 1,
 'train_steps': 876000,
 'update_frequency': 1,
 'update_target_frequency': 4,
 'weight_scale': 1.4142135623730951}
Timestep : 8758, score : -4435.314979001676, Time : 22.172 s
Timestep : 17517, score : -5162.667063380737, Time : 22.574 s
Timestep : 26276, score : -5902.716770278086, Time : 22.675 s
Timestep : 35035, score : -6823.121527943884, Time : 22.446 s
Timestep : 43794, score : -5915.579303929029, Time : 23.038 s
Timestep : 52553, score : -6216.927998278712, Time : 23.112 s
Timestep : 61312, score : -5484.209952846664, Time : 23.236 s
Timestep : 70071, score : -5708.195370678237, Time : 22.952 s
Timestep : 78830, score : -6115.359508265712, Time : 23.338 s
Timestep : 87589, score : -5676.384118365386, Time : 23.25 s
Timestep : 96348, score : -6955.5764480121, Time : 22.95 s
Timestep : 105107, score : -5021.716106401203, Time : 22.612 s
Timestep : 113866, score : -4441.106297971128, Time : 22.697 s
Timestep : 122625, score : -4233.224556287198, Time : 22.936 s
Timestep : 131384, score : -4532.248613733944, Time : 23.094 s
Timestep : 140143, score : -4390.50693312232, Time : 22.705 s
Timestep : 148902, score : -4263.633951736061, Time : 22.696 s
Timestep : 157661, score : -4416.719096348068, Time : 22.718 s
Timestep : 166420, score : -4410.920431744802, Time : 22.687 s
Timestep : 175179, score : -4089.85953419414, Time : 22.699 s
Timestep : 183938, score : -4286.70809466581, Time : 22.706 s
Timestep : 192697, score : -4183.836274260102, Time : 22.632 s
Timestep : 201456, score : -4378.852932389273, Time : 22.694 s
Timestep : 210215, score : -4322.406350446312, Time : 22.694 s
Timestep : 218974, score : -4251.772338657378, Time : 22.714 s
Timestep : 227733, score : -4206.8740418640955, Time : 23.049 s
Timestep : 236492, score : -4140.599304725794, Time : 23.056 s
Timestep : 245251, score : -4067.7870192447735, Time : 22.712 s
Timestep : 254010, score : -4168.931109502053, Time : 22.757 s
Timestep : 262769, score : -4195.046448103531, Time : 22.732 s
Timestep : 271528, score : -4164.216739068652, Time : 22.694 s
Timestep : 280287, score : -4102.86401099377, Time : 22.698 s
Timestep : 289046, score : -4176.151177176653, Time : 22.73 s
Timestep : 297805, score : -4209.824938075064, Time : 22.728 s
Timestep : 306564, score : -4214.410295202775, Time : 22.693 s
Timestep : 315323, score : -4199.258405483706, Time : 22.74 s
Timestep : 324082, score : -4190.63216387984, Time : 22.749 s
Timestep : 332841, score : -4198.144299174106, Time : 22.995 s
Timestep : 341600, score : -4311.2317758318095, Time : 23.053 s
Timestep : 350359, score : -4228.978334469284, Time : 22.711 s
Timestep : 359118, score : -4192.046559162351, Time : 22.708 s
Timestep : 367877, score : -4211.334557534574, Time : 22.73 s
Timestep : 376636, score : -4148.027108786075, Time : 22.693 s
Timestep : 385395, score : -4102.442419680679, Time : 22.683 s
Timestep : 394154, score : -4104.2376868551655, Time : 22.685 s
Timestep : 402913, score : -4142.36255859994, Time : 22.685 s
Timestep : 411672, score : -4094.484747407405, Time : 22.702 s
Timestep : 420431, score : -4261.434778316092, Time : 22.751 s
Timestep : 429190, score : -4198.506465216546, Time : 22.732 s
Timestep : 437949, score : -4364.685104516713, Time : 22.996 s
Timestep : 446708, score : -4127.190471497626, Time : 23.028 s
Timestep : 455467, score : -4117.429171054886, Time : 22.726 s
Timestep : 464226, score : -4144.698601936834, Time : 22.7 s
Timestep : 472985, score : -4076.51249262449, Time : 22.725 s
Timestep : 481744, score : -4133.257904845668, Time : 22.707 s
Timestep : 490503, score : -4128.271514133929, Time : 22.715 s
Timestep : 499262, score : -4082.6499578407092, Time : 22.53 s
Timestep : 508021, score : -4111.371185958298, Time : 22.373 s
Timestep : 516780, score : -4220.413552471524, Time : 22.588 s
Timestep : 525539, score : -4177.632343371777, Time : 22.581 s
Timestep : 534298, score : -4243.6167469875945, Time : 22.742 s
Timestep : 543057, score : -4226.330734753428, Time : 23.005 s
Timestep : 551816, score : -4227.941017470701, Time : 23.117 s
Timestep : 560575, score : -4162.464329639828, Time : 22.734 s
Timestep : 569334, score : -4156.553433112247, Time : 22.761 s
Timestep : 578093, score : -4180.868166568602, Time : 22.745 s
Timestep : 586852, score : -4233.831201928115, Time : 22.723 s
Timestep : 595611, score : -4225.267300696491, Time : 22.717 s
Timestep : 604370, score : -4152.50947130975, Time : 22.71 s
Timestep : 613129, score : -4097.037990247278, Time : 22.695 s
Timestep : 621888, score : -4112.445279228763, Time : 22.719 s
Timestep : 630647, score : -4109.970835899381, Time : 22.721 s
Timestep : 639406, score : -4304.809604133552, Time : 22.728 s
Timestep : 648165, score : -4203.1081870062335, Time : 22.982 s
Timestep : 656924, score : -4097.061461651145, Time : 23.092 s
Timestep : 665683, score : -4053.882699539332, Time : 22.728 s
Timestep : 674442, score : -4090.3929721614404, Time : 22.729 s
Timestep : 683201, score : -4180.788145472208, Time : 22.726 s
Timestep : 691960, score : -4100.833510344295, Time : 22.76 s
Timestep : 700719, score : -4097.507959550625, Time : 22.746 s
Timestep : 709478, score : -4125.086553958623, Time : 22.681 s
Timestep : 718237, score : -4282.050702620676, Time : 22.715 s
Timestep : 726996, score : -4078.7186672030075, Time : 22.688 s
Timestep : 735755, score : -4150.8943401066645, Time : 22.716 s
Timestep : 744514, score : -4318.656139783008, Time : 22.726 s
Timestep : 753273, score : -4175.282486606768, Time : 22.992 s
Timestep : 762032, score : -4168.377892393066, Time : 22.983 s
Timestep : 770791, score : -4106.07942903068, Time : 22.709 s
Timestep : 779550, score : -4140.886899898207, Time : 22.504 s
Timestep : 788309, score : -4183.013809332071, Time : 22.226 s
Timestep : 797068, score : -4211.540986542968, Time : 22.753 s
Timestep : 805827, score : -4099.927084583236, Time : 22.727 s
Timestep : 814586, score : -4105.55691685286, Time : 22.725 s
Timestep : 823345, score : -4154.5794639991655, Time : 22.224 s
Timestep : 832104, score : -4159.80334542357, Time : 22.068 s
Timestep : 840863, score : -4195.107761231513, Time : 22.628 s
Timestep : 849622, score : -4108.124883755489, Time : 22.828 s
Timestep : 858381, score : -4166.935240322171, Time : 23.161 s
Timestep : 867140, score : -4197.281226984604, Time : 23.256 s
Timestep : 875899, score : -4166.47846827787, Time : 22.171 s
Starting local evaluation
Num Steps: 1000, Num episodes: 0
Num Steps: 2000, Num episodes: 0
Num Steps: 3000, Num episodes: 0
Num Steps: 4000, Num episodes: 0
Num Steps: 5000, Num episodes: 0
Num Steps: 6000, Num episodes: 0
Num Steps: 7000, Num episodes: 0
Num Steps: 8000, Num episodes: 0
Episode complete: 1 | Latest episode metrics: {'price_cost': 1.0028796997197067, 'emmision_cost': 1.0036712341841003}
[-0.23407102] -0.23407102431757817
Average Price Cost: 1.0028796997197067
Average Emmision Cost: 1.0036712341841003
Average of both costs: 1.0032754669519035
Total time taken by agent: 3.677449850787525s
DONE!
