{'agent': 'DQN', 'action_selection': 'softmax', 'seed': 1, 'episodes': 100, 'data_path': 'data/citylearn_challenge_2022_phase_1', 'dry_run': False, 'n_discrete': 9, 'update_target': 16, 'lr': 0.07, 'batch_size': 4, 'adam_epsilon': 0.001, 'epsilon_final': 0.02, 'run_id': 89}
{'Notes': 'This is a tuning run, executed on a single building.',
 'action_selection': 'softmax',
 'adam_epsilon': 0.001,
 'env': '<NormalizeObservation<OneHotHour<DiscreteSingle<CityLearnEnv '
        'instance>>>>',
 'final_exploration_rate': 0.02,
 'final_exploration_step': 1000,
 'gamma': 0.99,
 'initial_exploration_rate': 1,
 'learning_rate': 0.07,
 'loss': 'mse',
 'minibatch_size': 4,
 'network': 'MLP(\n'
            '  (layers): Sequential(\n'
            '    (0): Linear(in_features=29, out_features=128, bias=True)\n'
            '    (1): ReLU()\n'
            '    (2): Linear(in_features=128, out_features=128, bias=True)\n'
            '    (3): ReLU()\n'
            '    (4): Linear(in_features=128, out_features=9, bias=True)\n'
            '  )\n'
            ')',
 'replay_buffer_size': 10000,
 'replay_start_size': 4,
 'seed': 1,
 'train_steps': 876000,
 'update_frequency': 1,
 'update_target_frequency': 16,
 'weight_scale': 1.4142135623730951}
Timestep : 8758, score : -4555.904133905104, Time : 22.52 s
Timestep : 17517, score : -4056.6344380987866, Time : 22.887 s
Timestep : 26276, score : -4349.724710116541, Time : 22.315 s
Timestep : 35035, score : -4153.727331763977, Time : 23.475 s
Timestep : 43794, score : -4106.999612968793, Time : 22.324 s
Timestep : 52553, score : -4167.448694654653, Time : 22.377 s
Timestep : 61312, score : -4168.249363170384, Time : 22.482 s
Timestep : 70071, score : -4337.78322223053, Time : 22.371 s
Timestep : 78830, score : -4253.237999384321, Time : 25.393 s
Timestep : 87589, score : -4093.5775587255193, Time : 22.777 s
Timestep : 96348, score : -4195.997763846797, Time : 22.285 s
Timestep : 105107, score : -4137.462873737706, Time : 22.304 s
Timestep : 113866, score : -4230.152026483236, Time : 25.913 s
Timestep : 122625, score : -4253.189155133819, Time : 22.286 s
Timestep : 131384, score : -4179.623727588871, Time : 22.244 s
Timestep : 140143, score : -4168.499697496562, Time : 22.297 s
Timestep : 148902, score : -4111.34184483756, Time : 22.277 s
Timestep : 157661, score : -4128.393436237617, Time : 22.8 s
Timestep : 166420, score : -4123.995992496057, Time : 22.293 s
Timestep : 175179, score : -4221.509483778122, Time : 22.29 s
Timestep : 183938, score : -4106.567652096419, Time : 22.262 s
Timestep : 192697, score : -4136.294318889646, Time : 22.264 s
Timestep : 201456, score : -4152.7192839755735, Time : 22.292 s
Timestep : 210215, score : -4184.542599148597, Time : 23.302 s
Timestep : 218974, score : -4270.892686893654, Time : 22.328 s
Timestep : 227733, score : -4214.882282829756, Time : 22.285 s
Timestep : 236492, score : -4160.654988185881, Time : 22.265 s
Timestep : 245251, score : -4192.371412167355, Time : 23.492 s
Timestep : 254010, score : -4160.278020367405, Time : 23.906 s
Timestep : 262769, score : -4206.583678277166, Time : 22.393 s
Timestep : 271528, score : -4105.029867452948, Time : 22.79 s
Timestep : 280287, score : -4205.436785134865, Time : 26.311 s
Timestep : 289046, score : -4168.46122338195, Time : 22.369 s
Timestep : 297805, score : -4125.803068721114, Time : 22.273 s
Timestep : 306564, score : -4056.682138045697, Time : 22.337 s
Timestep : 315323, score : -4235.1947683368635, Time : 22.274 s
Timestep : 324082, score : -4153.568452427076, Time : 22.263 s
Timestep : 332841, score : -4110.057783342156, Time : 22.289 s
Timestep : 341600, score : -4162.443466197146, Time : 22.331 s
Timestep : 350359, score : -4172.515613570256, Time : 22.311 s
Timestep : 359118, score : -4131.342064411758, Time : 22.313 s
Timestep : 367877, score : -4256.165248909412, Time : 22.337 s
Timestep : 376636, score : -4128.013090606226, Time : 22.316 s
Timestep : 385395, score : -4098.963751417963, Time : 22.33 s
Timestep : 394154, score : -4116.60920228521, Time : 22.317 s
Timestep : 402913, score : -4273.038116710173, Time : 22.409 s
Timestep : 411672, score : -4104.452888385771, Time : 22.351 s
Timestep : 420431, score : -4091.698707540898, Time : 22.326 s
Timestep : 429190, score : -4107.51577168089, Time : 22.297 s
Timestep : 437949, score : -4182.3801304357185, Time : 22.29 s
Timestep : 446708, score : -4277.708692598419, Time : 22.287 s
Timestep : 455467, score : -4096.993524018122, Time : 22.3 s
Timestep : 464226, score : -4185.415154253511, Time : 22.347 s
Timestep : 472985, score : -4164.030869302718, Time : 22.394 s
Timestep : 481744, score : -4178.883318660228, Time : 22.303 s
Timestep : 490503, score : -4189.179057711182, Time : 22.295 s
Timestep : 499262, score : -4088.1022309785767, Time : 22.3 s
Timestep : 508021, score : -4237.000059198035, Time : 22.334 s
Timestep : 516780, score : -4172.672658699943, Time : 22.33 s
Timestep : 525539, score : -4182.058184125839, Time : 22.319 s
Timestep : 534298, score : -4150.4849162468745, Time : 22.313 s
Timestep : 543057, score : -4113.63349269834, Time : 22.31 s
Timestep : 551816, score : -4208.142821261106, Time : 22.315 s
Timestep : 560575, score : -4174.618932163488, Time : 22.317 s
Timestep : 569334, score : -4317.351154473989, Time : 22.279 s
Timestep : 578093, score : -4167.47010622677, Time : 22.289 s
Timestep : 586852, score : -4313.205947284034, Time : 22.295 s
Timestep : 595611, score : -4155.785048052116, Time : 22.286 s
Timestep : 604370, score : -4158.143170832685, Time : 22.387 s
Timestep : 613129, score : -4088.5849239708914, Time : 22.259 s
Timestep : 621888, score : -4213.533684191672, Time : 22.252 s
Timestep : 630647, score : -4295.249083166622, Time : 22.275 s
Timestep : 639406, score : -4124.170880216552, Time : 22.221 s
Timestep : 648165, score : -4274.686977168574, Time : 22.252 s
Timestep : 656924, score : -4130.028815417929, Time : 22.304 s
Timestep : 665683, score : -4083.6024508601113, Time : 22.284 s
Timestep : 674442, score : -4169.276433877094, Time : 22.304 s
Timestep : 683201, score : -4116.151809108822, Time : 22.274 s
Timestep : 691960, score : -4162.167632646306, Time : 22.252 s
Timestep : 700719, score : -4232.017100719182, Time : 22.299 s
Timestep : 709478, score : -4159.287582021585, Time : 22.275 s
Timestep : 718237, score : -4117.161015060177, Time : 22.289 s
Timestep : 726996, score : -4124.74653016348, Time : 24.152 s
Timestep : 735755, score : -4127.1178065961285, Time : 22.541 s
Timestep : 744514, score : -4212.660298844246, Time : 22.418 s
Timestep : 753273, score : -4135.638760538219, Time : 22.399 s
Timestep : 762032, score : -4077.0724861299677, Time : 22.21 s
Timestep : 770791, score : -4140.22262426783, Time : 22.227 s
Timestep : 779550, score : -4198.357189849397, Time : 22.383 s
Timestep : 788309, score : -4177.9198854168935, Time : 22.292 s
Timestep : 797068, score : -4205.220029964141, Time : 22.33 s
Timestep : 805827, score : -4109.852770499332, Time : 22.256 s
Timestep : 814586, score : -4117.880897319323, Time : 22.356 s
Timestep : 823345, score : -4229.029925241513, Time : 23.176 s
Timestep : 832104, score : -4092.460025149776, Time : 27.018 s
Timestep : 840863, score : -4200.111066391604, Time : 25.046 s
Timestep : 849622, score : -4107.774069167121, Time : 22.369 s
Timestep : 858381, score : -4254.5121807878895, Time : 24.221 s
Timestep : 867140, score : -4154.99028083068, Time : 26.5 s
Timestep : 875899, score : -4132.875656591175, Time : 24.317 s
Starting local evaluation
Num Steps: 1000, Num episodes: 0
Num Steps: 2000, Num episodes: 0
Num Steps: 3000, Num episodes: 0
Num Steps: 4000, Num episodes: 0
Num Steps: 5000, Num episodes: 0
Num Steps: 6000, Num episodes: 0
Num Steps: 7000, Num episodes: 0
Num Steps: 8000, Num episodes: 0
Episode complete: 1 | Latest episode metrics: {'price_cost': 1.0026250282450109, 'emmision_cost': 1.0032202330286026}
[-0.23364194] -0.2336419426293748
Average Price Cost: 1.0026250282450109
Average Emmision Cost: 1.0032202330286026
Average of both costs: 1.0029226306368066
Total time taken by agent: 3.6570744512137026s
DONE!
