{'agent': 'DQN', 'action_selection': 'egreedy', 'seed': 1, 'episodes': 100, 'data_path': 'data/citylearn_challenge_2022_phase_1', 'dry_run': False, 'n_discrete': 9, 'update_target': 16, 'lr': 1e-05, 'batch_size': 8, 'adam_epsilon': 1e-09, 'epsilon_final': 0.1, 'run_id': 261}
{'Notes': 'This is a tuning run, executed on a single building.',
 'action_selection': 'egreedy',
 'adam_epsilon': 1e-09,
 'env': '<NormalizeObservation<OneHotHour<DiscreteSingle<CityLearnEnv '
        'instance>>>>',
 'final_exploration_rate': 0.02,
 'final_exploration_step': 1000,
 'gamma': 0.99,
 'initial_exploration_rate': 1,
 'learning_rate': 1e-05,
 'loss': 'mse',
 'minibatch_size': 8,
 'network': 'MLP(\n'
            '  (layers): Sequential(\n'
            '    (0): Linear(in_features=29, out_features=128, bias=True)\n'
            '    (1): ReLU()\n'
            '    (2): Linear(in_features=128, out_features=128, bias=True)\n'
            '    (3): ReLU()\n'
            '    (4): Linear(in_features=128, out_features=9, bias=True)\n'
            '  )\n'
            ')',
 'replay_buffer_size': 10000,
 'replay_start_size': 8,
 'seed': 1,
 'train_steps': 876000,
 'update_frequency': 1,
 'update_target_frequency': 16,
 'weight_scale': 1.4142135623730951}
Timestep : 8758, score : -6366.835441658695, Time : 21.163 s
Timestep : 17517, score : -5097.485652386589, Time : 21.167 s
Timestep : 26276, score : -5295.672659269563, Time : 21.66 s
Timestep : 35035, score : -5195.961213440896, Time : 21.74 s
Timestep : 43794, score : -4860.612558058725, Time : 21.722 s
Timestep : 52553, score : -5215.25625590203, Time : 21.744 s
Timestep : 61312, score : -4828.872224652587, Time : 21.556 s
Timestep : 70071, score : -4494.230296398426, Time : 21.33 s
Timestep : 78830, score : -4528.955416962766, Time : 21.28 s
Timestep : 87589, score : -4957.377855078579, Time : 21.868 s
Timestep : 96348, score : -4343.603156990634, Time : 21.909 s
Timestep : 105107, score : -3723.301146242564, Time : 21.851 s
Timestep : 113866, score : -3568.8654549363564, Time : 21.892 s
Timestep : 122625, score : -3339.8538823051204, Time : 21.898 s
Timestep : 131384, score : -3291.201086312023, Time : 21.874 s
Timestep : 140143, score : -3299.713385986426, Time : 21.884 s
Timestep : 148902, score : -3295.688972162854, Time : 21.884 s
Timestep : 157661, score : -3236.772061476746, Time : 21.866 s
Timestep : 166420, score : -3294.991615361796, Time : 21.871 s
Timestep : 175179, score : -3263.074553869461, Time : 21.88 s
Timestep : 183938, score : -3110.937267461748, Time : 21.87 s
Timestep : 192697, score : -3192.1786400527053, Time : 21.903 s
Timestep : 201456, score : -3155.159719555435, Time : 21.863 s
Timestep : 210215, score : -3103.181892571767, Time : 21.891 s
Timestep : 218974, score : -3077.234693246224, Time : 21.902 s
Timestep : 227733, score : -3067.5307353150856, Time : 21.894 s
Timestep : 236492, score : -2902.1192463890475, Time : 21.89 s
Timestep : 245251, score : -2785.107020849624, Time : 21.898 s
Timestep : 254010, score : -2884.267915945762, Time : 21.903 s
Timestep : 262769, score : -2869.7838789995585, Time : 21.881 s
Timestep : 271528, score : -2789.4370153050695, Time : 21.917 s
Timestep : 280287, score : -2573.0659904341737, Time : 21.894 s
Timestep : 289046, score : -2610.8695663683175, Time : 21.931 s
Timestep : 297805, score : -2903.717294742615, Time : 21.877 s
Timestep : 306564, score : -2814.8217230494192, Time : 21.9 s
Timestep : 315323, score : -2794.007765535527, Time : 21.884 s
Timestep : 324082, score : -2949.361903322191, Time : 21.825 s
Timestep : 332841, score : -3096.848714889915, Time : 21.426 s
Timestep : 341600, score : -2958.034572643606, Time : 21.188 s
Timestep : 350359, score : -3115.31919810854, Time : 21.213 s
Timestep : 359118, score : -3002.849146344961, Time : 21.674 s
Timestep : 367877, score : -2993.9336269882333, Time : 21.351 s
Timestep : 376636, score : -3158.9080465406005, Time : 21.361 s
Timestep : 385395, score : -3465.7038660803373, Time : 21.337 s
Timestep : 394154, score : -3167.5505386845034, Time : 21.628 s
Timestep : 402913, score : -3239.9837072480295, Time : 21.418 s
Timestep : 411672, score : -3271.810552933981, Time : 21.848 s
Timestep : 420431, score : -3342.6489758002863, Time : 21.855 s
Timestep : 429190, score : -3265.843285526411, Time : 21.824 s
Timestep : 437949, score : -3340.0589196936053, Time : 21.86 s
Timestep : 446708, score : -3192.555118426011, Time : 21.819 s
Timestep : 455467, score : -3197.1277132307005, Time : 21.841 s
Timestep : 464226, score : -3110.109472710319, Time : 21.853 s
Timestep : 472985, score : -3105.4827586475585, Time : 21.82 s
Timestep : 481744, score : -3092.7255360896525, Time : 21.833 s
Timestep : 490503, score : -3264.5696443989436, Time : 21.826 s
Timestep : 499262, score : -3021.2861046532926, Time : 21.815 s
Timestep : 508021, score : -2938.891348386911, Time : 21.864 s
Timestep : 516780, score : -3060.1415053990495, Time : 21.802 s
Timestep : 525539, score : -3076.6207834093657, Time : 21.846 s
Timestep : 534298, score : -2971.60337499695, Time : 21.846 s
Timestep : 543057, score : -2988.4734981668007, Time : 21.818 s
Timestep : 551816, score : -3099.326629136951, Time : 21.834 s
Timestep : 560575, score : -2965.4122912840976, Time : 21.845 s
Timestep : 569334, score : -3056.888088015752, Time : 21.818 s
Timestep : 578093, score : -3015.4882631905202, Time : 21.84 s
Timestep : 586852, score : -3128.2060241496947, Time : 21.84 s
Timestep : 595611, score : -3035.640397869356, Time : 21.79 s
Timestep : 604370, score : -3029.6924319046375, Time : 21.8 s
Timestep : 613129, score : -3010.2460981847544, Time : 21.802 s
Timestep : 621888, score : -2934.310822435029, Time : 21.786 s
Timestep : 630647, score : -3059.437822735199, Time : 21.808 s
Timestep : 639406, score : -2931.056752334611, Time : 21.781 s
Timestep : 648165, score : -2930.1059287141834, Time : 21.78 s
Timestep : 656924, score : -2973.1862423636776, Time : 21.815 s
Timestep : 665683, score : -3087.968998853845, Time : 21.787 s
Timestep : 674442, score : -2940.2547259528947, Time : 21.794 s
Timestep : 683201, score : -2961.165163128433, Time : 21.806 s
Timestep : 691960, score : -3077.6924099915486, Time : 21.799 s
Timestep : 700719, score : -2985.8293881204736, Time : 21.778 s
Timestep : 709478, score : -2926.802649209654, Time : 21.797 s
Timestep : 718237, score : -3021.8340602743265, Time : 21.805 s
Timestep : 726996, score : -3134.0006763751444, Time : 21.449 s
Timestep : 735755, score : -3022.2479891425755, Time : 21.706 s
Timestep : 744514, score : -2877.3620486513537, Time : 21.7 s
Timestep : 753273, score : -2998.4676922301587, Time : 21.797 s
Timestep : 762032, score : -2813.704520905696, Time : 21.762 s
Timestep : 770791, score : -2940.2377375645156, Time : 21.779 s
Timestep : 779550, score : -2774.1589575487014, Time : 21.81 s
Timestep : 788309, score : -2931.710877438338, Time : 21.78 s
Timestep : 797068, score : -2875.9652432643634, Time : 21.752 s
Timestep : 805827, score : -2885.582676532009, Time : 21.826 s
Timestep : 814586, score : -2954.376117201784, Time : 21.806 s
Timestep : 823345, score : -3064.283501809725, Time : 21.782 s
Timestep : 832104, score : -2968.823670101614, Time : 21.814 s
Timestep : 840863, score : -2910.0751459014427, Time : 21.819 s
Timestep : 849622, score : -3047.21551315792, Time : 21.286 s
Timestep : 858381, score : -2854.7751156830054, Time : 21.142 s
Timestep : 867140, score : -2970.4067932784383, Time : 21.164 s
Timestep : 875899, score : -2930.899952781343, Time : 21.793 s
Starting local evaluation
Num Steps: 1000, Num episodes: 0
Num Steps: 2000, Num episodes: 0
Num Steps: 3000, Num episodes: 0
Num Steps: 4000, Num episodes: 0
Num Steps: 5000, Num episodes: 0
Num Steps: 6000, Num episodes: 0
Num Steps: 7000, Num episodes: 0
Num Steps: 8000, Num episodes: 0
Episode complete: 1 | Latest episode metrics: {'price_cost': 0.9256340159065566, 'emmision_cost': 0.9608369673113331}
[-0.15931197] -0.15931197446145676
Average Price Cost: 0.9256340159065566
Average Emmision Cost: 0.9608369673113331
Average of both costs: 0.9432354916089448
Total time taken by agent: 2.5367114366963506s
DONE!
