{'agent': 'UADQN', 'action_selection': 'softmax', 'seed': 1, 'episodes': 50, 'data_path': 'data/citylearn_challenge_2022_phase_1', 'dry_run': False, 'n_discrete': 9, 'update_target': 8, 'lr': 0.03, 'batch_size': 256, 'adam_epsilon': 1e-09, 'epsilon_final': 0.02, 'run_id': 462}
{'Notes': 'This is a tuning run, executed on a single building.',
 'adam_epsilon': 1e-09,
 'aleatoric_factor': 0,
 'biased_aleatoric': False,
 'env': '<NormalizeObservation<OneHotHour<DiscreteSingle<CityLearnEnv '
        'instance>>>>',
 'epistemic_factor': 1,
 'gamma': 0.99,
 'learning_rate': 0.03,
 'minibatch_size': 256,
 'n_quantiles': 20,
 'network': 'MLP(\n'
            '  (layers): Sequential(\n'
            '    (0): Linear(in_features=29, out_features=128, bias=True)\n'
            '    (1): ReLU()\n'
            '    (2): Linear(in_features=128, out_features=128, bias=True)\n'
            '    (3): ReLU()\n'
            '    (4): Linear(in_features=128, out_features=180, bias=True)\n'
            '  )\n'
            ')',
 'noise_scale': 1,
 'replay_buffer_size': 10000,
 'replay_start_size': 256,
 'seed': 1,
 'train_steps': 438000,
 'update_frequency': 1,
 'update_target_frequency': 8,
 'weight_scale': 1.4142135623730951}
Timestep : 8758, score : -14939.278040529141, Time : 107.245 s
Timestep : 17517, score : -15461.510221119388, Time : 120.223 s
Timestep : 26276, score : -15616.071334479144, Time : 124.142 s
Timestep : 35035, score : -15766.257847117235, Time : 119.968 s
Timestep : 43794, score : -16675.842455587233, Time : 121.477 s
Timestep : 52553, score : -16569.240988851205, Time : 106.437 s
Timestep : 61312, score : -14342.39492505086, Time : 109.396 s
Timestep : 70071, score : -12019.651699899841, Time : 126.088 s
Timestep : 78830, score : -10478.048560782481, Time : 119.219 s
Timestep : 87589, score : -8578.508614185179, Time : 125.608 s
Timestep : 96348, score : -8565.268978720487, Time : 120.678 s
Timestep : 105107, score : -7562.241764502163, Time : 117.274 s
Timestep : 113866, score : -7252.9045163876435, Time : 122.254 s
Timestep : 122625, score : -6948.932435836556, Time : 122.749 s
Timestep : 131384, score : -6538.966830068064, Time : 124.175 s
Timestep : 140143, score : -7460.314028000488, Time : 122.005 s
Timestep : 148902, score : -6567.728647777258, Time : 124.409 s
Timestep : 157661, score : -6472.696235454903, Time : 121.748 s
Timestep : 166420, score : -6880.925881575284, Time : 124.705 s
Timestep : 175179, score : -5533.534646724496, Time : 121.124 s
Timestep : 183938, score : -6738.09874489464, Time : 125.53 s
Timestep : 192697, score : -6530.587500809255, Time : 121.874 s
Timestep : 201456, score : -5921.484114913692, Time : 124.865 s
Timestep : 210215, score : -6687.733328173432, Time : 120.721 s
Timestep : 218974, score : -6738.218561158472, Time : 124.9 s
Timestep : 227733, score : -6151.259062538185, Time : 122.344 s
Timestep : 236492, score : -5980.3132799218, Time : 124.622 s
Timestep : 245251, score : -6546.695686703737, Time : 122.25 s
Timestep : 254010, score : -6025.573316907816, Time : 123.853 s
Timestep : 262769, score : -6691.907128380059, Time : 123.63 s
Timestep : 271528, score : -6870.772977280343, Time : 119.891 s
Timestep : 280287, score : -6207.0761121580435, Time : 118.716 s
Timestep : 289046, score : -6455.390413532921, Time : 119.097 s
Timestep : 297805, score : -6128.146304076683, Time : 124.978 s
Timestep : 306564, score : -5554.024384937307, Time : 121.098 s
Timestep : 315323, score : -5771.312309279485, Time : 124.099 s
Timestep : 324082, score : -5783.771729138127, Time : 120.013 s
Timestep : 332841, score : -5643.317051015125, Time : 125.102 s
Timestep : 341600, score : -6238.393697522843, Time : 118.582 s
Timestep : 350359, score : -6332.6644101688, Time : 113.758 s
Timestep : 359118, score : -6409.966690871894, Time : 101.406 s
Timestep : 367877, score : -6022.245263060235, Time : 100.726 s
Timestep : 376636, score : -6120.033939320856, Time : 113.837 s
Timestep : 385395, score : -5719.368299333757, Time : 114.394 s
Timestep : 394154, score : -6020.064150044491, Time : 118.607 s
Timestep : 402913, score : -5912.731240473018, Time : 117.52 s
Timestep : 411672, score : -5498.191963695135, Time : 118.0 s
Timestep : 420431, score : -5918.331426782912, Time : 118.106 s
Timestep : 429190, score : -5886.281540606084, Time : 118.083 s
Timestep : 437949, score : -6104.79473603089, Time : 118.292 s
Starting local evaluation
Num Steps: 1000, Num episodes: 0
Num Steps: 2000, Num episodes: 0
Num Steps: 3000, Num episodes: 0
Num Steps: 4000, Num episodes: 0
Num Steps: 5000, Num episodes: 0
Num Steps: 6000, Num episodes: 0
Num Steps: 7000, Num episodes: 0
Num Steps: 8000, Num episodes: 0
Episode complete: 1 | Latest episode metrics: {'price_cost': 1.0527061809290652, 'emmision_cost': 1.0503527297641313}
[-0.29352407] -0.2935240669778351
Average Price Cost: 1.0527061809290652
Average Emmision Cost: 1.0503527297641313
Average of both costs: 1.0515294553465981
Total time taken by agent: 15.919040845707059s
DONE!
