{'agent': 'DQN', 'action_selection': 'softmax', 'seed': 1, 'episodes': 100, 'data_path': 'data/citylearn_challenge_2022_phase_1', 'dry_run': False, 'n_discrete': 9, 'update_target': 16, 'lr': 3e-05, 'batch_size': 64, 'adam_epsilon': 1e-08, 'epsilon_final': 0.02, 'run_id': 8}
{'Notes': 'This is a tuning run, executed on a single building.',
 'action_selection': 'softmax',
 'adam_epsilon': 1e-08,
 'env': '<NormalizeObservation<OneHotHour<DiscreteSingle<CityLearnEnv '
        'instance>>>>',
 'final_exploration_rate': 0.02,
 'final_exploration_step': 1000,
 'gamma': 0.99,
 'initial_exploration_rate': 1,
 'learning_rate': 3e-05,
 'loss': 'mse',
 'minibatch_size': 64,
 'network': 'MLP(\n'
            '  (layers): Sequential(\n'
            '    (0): Linear(in_features=29, out_features=128, bias=True)\n'
            '    (1): ReLU()\n'
            '    (2): Linear(in_features=128, out_features=128, bias=True)\n'
            '    (3): ReLU()\n'
            '    (4): Linear(in_features=128, out_features=9, bias=True)\n'
            '  )\n'
            ')',
 'replay_buffer_size': 10000,
 'replay_start_size': 64,
 'seed': 1,
 'train_steps': 876000,
 'update_frequency': 1,
 'update_target_frequency': 16,
 'weight_scale': 1.4142135623730951}
Timestep : 8758, score : -5507.018217609642, Time : 24.007 s
Timestep : 17517, score : -5021.369148556987, Time : 23.349 s
Timestep : 26276, score : -4442.406849054067, Time : 23.444 s
Timestep : 35035, score : -4586.892457994705, Time : 23.949 s
Timestep : 43794, score : -4493.997070108078, Time : 23.651 s
Timestep : 52553, score : -4442.23792088349, Time : 23.867 s
Timestep : 61312, score : -4377.993760602578, Time : 24.41 s
Timestep : 70071, score : -4245.595880534878, Time : 23.678 s
Timestep : 78830, score : -4229.622060019901, Time : 23.847 s
Timestep : 87589, score : -4197.579233062366, Time : 24.056 s
Timestep : 96348, score : -4225.89026386608, Time : 23.886 s
Timestep : 105107, score : -4273.844916537317, Time : 24.156 s
Timestep : 113866, score : -4165.038792791689, Time : 24.105 s
Timestep : 122625, score : -4380.412274415983, Time : 23.925 s
Timestep : 131384, score : -4156.340028670413, Time : 24.027 s
Timestep : 140143, score : -3978.6656801640347, Time : 24.322 s
Timestep : 148902, score : -3989.218167580577, Time : 24.138 s
Timestep : 157661, score : -3860.8236316107505, Time : 24.228 s
Timestep : 166420, score : -4130.281284425786, Time : 24.179 s
Timestep : 175179, score : -4075.043944442834, Time : 23.95 s
Timestep : 183938, score : -4208.44845461045, Time : 23.846 s
Timestep : 192697, score : -4272.685392115993, Time : 24.158 s
Timestep : 201456, score : -4280.716844739771, Time : 24.239 s
Timestep : 210215, score : -4337.201546954835, Time : 24.161 s
Timestep : 218974, score : -4411.039753862104, Time : 23.692 s
Timestep : 227733, score : -4263.436257231195, Time : 23.688 s
Timestep : 236492, score : -4155.337078773024, Time : 24.07 s
Timestep : 245251, score : -4053.057290524681, Time : 24.131 s
Timestep : 254010, score : -4035.0551950590743, Time : 24.074 s
Timestep : 262769, score : -3832.98177091431, Time : 24.597 s
Timestep : 271528, score : -3415.7543690054736, Time : 24.269 s
Timestep : 280287, score : -3877.651066065213, Time : 23.923 s
Timestep : 289046, score : -3236.3960989056795, Time : 23.911 s
Timestep : 297805, score : -3660.4776852357027, Time : 23.833 s
Timestep : 306564, score : -3331.4712569848925, Time : 23.731 s
Timestep : 315323, score : -3591.096696426539, Time : 23.978 s
Timestep : 324082, score : -3076.9724929344666, Time : 24.603 s
Timestep : 332841, score : -2691.807410758367, Time : 24.133 s
Timestep : 341600, score : -3067.469639417628, Time : 24.147 s
Timestep : 350359, score : -2760.5829380977957, Time : 24.077 s
Timestep : 359118, score : -3192.3069524070306, Time : 23.945 s
Timestep : 367877, score : -2803.9383102533902, Time : 24.24 s
Timestep : 376636, score : -3231.346390304534, Time : 24.018 s
Timestep : 385395, score : -2307.8624496686098, Time : 24.158 s
Timestep : 394154, score : -2448.7037376999215, Time : 24.437 s
Timestep : 402913, score : -2171.06290416923, Time : 24.122 s
Timestep : 411672, score : -2128.894019897052, Time : 23.844 s
Timestep : 420431, score : -2479.153225516231, Time : 24.326 s
Timestep : 429190, score : -2815.1454120970157, Time : 24.068 s
Timestep : 437949, score : -3149.471507038834, Time : 24.345 s
Timestep : 446708, score : -3235.4405352662143, Time : 24.537 s
Timestep : 455467, score : -3146.142021184234, Time : 23.546 s
Timestep : 464226, score : -3107.014739211023, Time : 23.455 s
Timestep : 472985, score : -3098.1470597688167, Time : 24.204 s
Timestep : 481744, score : -2718.4782896222605, Time : 24.04 s
Timestep : 490503, score : -3215.0206985076948, Time : 24.187 s
Timestep : 499262, score : -3071.649827424466, Time : 24.695 s
Timestep : 508021, score : -3032.3143939341244, Time : 24.201 s
Timestep : 516780, score : -2878.9944829692395, Time : 24.128 s
Timestep : 525539, score : -2484.3163166551676, Time : 24.362 s
Timestep : 534298, score : -2749.9457229461113, Time : 24.046 s
Timestep : 543057, score : -2845.1681237685552, Time : 23.943 s
Timestep : 551816, score : -3003.015210628684, Time : 24.434 s
Timestep : 560575, score : -2588.586368991091, Time : 23.885 s
Timestep : 569334, score : -2497.77590030132, Time : 23.639 s
Timestep : 578093, score : -2733.1305614383455, Time : 24.33 s
Timestep : 586852, score : -2321.497025232675, Time : 23.895 s
Timestep : 595611, score : -2682.5602074828057, Time : 24.133 s
Timestep : 604370, score : -2348.2513512105506, Time : 23.811 s
Timestep : 613129, score : -2606.6647174910468, Time : 24.179 s
Timestep : 621888, score : -2541.032095706003, Time : 24.423 s
Timestep : 630647, score : -2841.8752405677515, Time : 24.185 s
Timestep : 639406, score : -2236.165869105869, Time : 23.987 s
Timestep : 648165, score : -2234.21753134756, Time : 23.909 s
Timestep : 656924, score : -2196.2364438971563, Time : 23.748 s
Timestep : 665683, score : -2292.9461228817963, Time : 23.375 s
Timestep : 674442, score : -2545.1347391711606, Time : 23.751 s
Timestep : 683201, score : -2464.71539912725, Time : 24.592 s
Timestep : 691960, score : -2073.888240457425, Time : 24.074 s
Timestep : 700719, score : -2234.3827737153333, Time : 24.273 s
Timestep : 709478, score : -2366.6356782280636, Time : 23.901 s
Timestep : 718237, score : -2499.831470069388, Time : 23.835 s
Timestep : 726996, score : -2283.0267810070945, Time : 23.994 s
Timestep : 735755, score : -2478.527159901714, Time : 24.326 s
Timestep : 744514, score : -2405.0517981460143, Time : 23.454 s
Timestep : 753273, score : -2370.668262215244, Time : 23.486 s
Timestep : 762032, score : -2281.60599706255, Time : 23.462 s
Timestep : 770791, score : -2487.019774831744, Time : 23.737 s
Timestep : 779550, score : -2484.584377095365, Time : 23.848 s
Timestep : 788309, score : -2539.672745526914, Time : 23.488 s
Timestep : 797068, score : -2436.5512991470314, Time : 23.483 s
Timestep : 805827, score : -2654.043388130871, Time : 23.629 s
Timestep : 814586, score : -2901.3180888783245, Time : 23.175 s
Timestep : 823345, score : -2802.219915410882, Time : 23.21 s
Timestep : 832104, score : -2730.1336318407266, Time : 23.804 s
Timestep : 840863, score : -2771.3406865441066, Time : 23.782 s
Timestep : 849622, score : -2454.4038826080796, Time : 23.764 s
Timestep : 858381, score : -2454.2919123667816, Time : 23.54 s
Timestep : 867140, score : -2299.9286746509897, Time : 23.69 s
Timestep : 875899, score : -2422.3507384897966, Time : 23.754 s
Starting local evaluation
Num Steps: 1000, Num episodes: 0
Num Steps: 2000, Num episodes: 0
Num Steps: 3000, Num episodes: 0
Num Steps: 4000, Num episodes: 0
Num Steps: 5000, Num episodes: 0
Num Steps: 6000, Num episodes: 0
Num Steps: 7000, Num episodes: 0
Num Steps: 8000, Num episodes: 0
Episode complete: 1 | Latest episode metrics: {'price_cost': 0.9009290549520363, 'emmision_cost': 0.9399817957890265}
[-0.13118413] -0.13118413450866556
Average Price Cost: 0.9009290549520363
Average Emmision Cost: 0.9399817957890265
Average of both costs: 0.9204554253705315
Total time taken by agent: 3.8134198733605444s
DONE!
