{'agent': 'DQN', 'action_selection': 'softmax', 'seed': 1, 'episodes': 100, 'data_path': 'data/citylearn_challenge_2022_phase_1', 'dry_run': False, 'n_discrete': 9, 'update_target': 16, 'lr': 3e-05, 'batch_size': 256, 'adam_epsilon': 1e-05, 'epsilon_final': 0.02, 'run_id': 185}
{'Notes': 'This is a tuning run, executed on a single building.',
 'action_selection': 'softmax',
 'adam_epsilon': 1e-05,
 'env': '<NormalizeObservation<OneHotHour<DiscreteSingle<CityLearnEnv '
        'instance>>>>',
 'final_exploration_rate': 0.02,
 'final_exploration_step': 1000,
 'gamma': 0.99,
 'initial_exploration_rate': 1,
 'learning_rate': 3e-05,
 'loss': 'mse',
 'minibatch_size': 256,
 'network': 'MLP(\n'
            '  (layers): Sequential(\n'
            '    (0): Linear(in_features=29, out_features=128, bias=True)\n'
            '    (1): ReLU()\n'
            '    (2): Linear(in_features=128, out_features=128, bias=True)\n'
            '    (3): ReLU()\n'
            '    (4): Linear(in_features=128, out_features=9, bias=True)\n'
            '  )\n'
            ')',
 'replay_buffer_size': 10000,
 'replay_start_size': 256,
 'seed': 1,
 'train_steps': 876000,
 'update_frequency': 1,
 'update_target_frequency': 16,
 'weight_scale': 1.4142135623730951}
Timestep : 8758, score : -5261.50041347598, Time : 29.94 s
Timestep : 17517, score : -4620.704658918461, Time : 33.018 s
Timestep : 26276, score : -4289.31096312069, Time : 33.598 s
Timestep : 35035, score : -4304.651297619988, Time : 30.743 s
Timestep : 43794, score : -4042.312786749055, Time : 30.755 s
Timestep : 52553, score : -3695.85034781383, Time : 30.63 s
Timestep : 61312, score : -3950.4341303239635, Time : 31.802 s
Timestep : 70071, score : -3506.2391019936767, Time : 31.83 s
Timestep : 78830, score : -3395.2104882337444, Time : 32.287 s
Timestep : 87589, score : -2395.1240750141733, Time : 32.767 s
Timestep : 96348, score : -2006.3534983338614, Time : 33.146 s
Timestep : 105107, score : -1906.7928482316493, Time : 33.691 s
Timestep : 113866, score : -1848.8307219164271, Time : 32.043 s
Timestep : 122625, score : -2043.143180335319, Time : 32.654 s
Timestep : 131384, score : -2267.3741849944054, Time : 32.647 s
Timestep : 140143, score : -2267.3520818376273, Time : 32.609 s
Timestep : 148902, score : -1997.6832564148644, Time : 32.681 s
Timestep : 157661, score : -2221.848105031677, Time : 31.607 s
Timestep : 166420, score : -2227.0123845860653, Time : 31.492 s
Timestep : 175179, score : -2279.036954112613, Time : 32.855 s
Timestep : 183938, score : -2290.3368456497847, Time : 33.419 s
Timestep : 192697, score : -2125.29238774025, Time : 32.74 s
Timestep : 201456, score : -2246.3124176119745, Time : 31.964 s
Timestep : 210215, score : -2028.8803192188789, Time : 32.704 s
Timestep : 218974, score : -2692.8195041589497, Time : 32.668 s
Timestep : 227733, score : -2580.856546446943, Time : 31.547 s
Timestep : 236492, score : -2512.286891132855, Time : 30.86 s
Timestep : 245251, score : -2492.9109501673665, Time : 30.714 s
Timestep : 254010, score : -2342.4769996370014, Time : 33.029 s
Timestep : 262769, score : -2675.620148101152, Time : 32.462 s
Timestep : 271528, score : -2342.1282532946498, Time : 30.859 s
Timestep : 280287, score : -2350.465471888223, Time : 30.657 s
Timestep : 289046, score : -2105.4505887105624, Time : 31.059 s
Timestep : 297805, score : -2299.370476066397, Time : 31.684 s
Timestep : 306564, score : -1858.9759062048106, Time : 32.699 s
Timestep : 315323, score : -2152.6091719399265, Time : 31.85 s
Timestep : 324082, score : -1896.7879050958727, Time : 31.673 s
Timestep : 332841, score : -2105.868987819209, Time : 31.453 s
Timestep : 341600, score : -2158.826444105187, Time : 30.711 s
Timestep : 350359, score : -2246.83014198982, Time : 30.79 s
Timestep : 359118, score : -2553.612971606577, Time : 33.061 s
Timestep : 367877, score : -2179.826326312992, Time : 33.644 s
Timestep : 376636, score : -2170.795245120564, Time : 30.779 s
Timestep : 385395, score : -1932.6972851546307, Time : 30.745 s
Timestep : 394154, score : -2262.5979125211306, Time : 30.501 s
Timestep : 402913, score : -2286.565961042681, Time : 30.612 s
Timestep : 411672, score : -2262.390553515026, Time : 30.892 s
Timestep : 420431, score : -2361.0781837227114, Time : 31.491 s
Timestep : 429190, score : -2277.700649997598, Time : 30.72 s
Timestep : 437949, score : -2393.3380403423507, Time : 31.642 s
Timestep : 446708, score : -2102.25579469456, Time : 33.697 s
Timestep : 455467, score : -2302.596813476208, Time : 30.732 s
Timestep : 464226, score : -2028.0807859122579, Time : 31.464 s
Timestep : 472985, score : -2084.5151062265795, Time : 32.667 s
Timestep : 481744, score : -2138.9415409142675, Time : 32.643 s
Timestep : 490503, score : -2192.6373025037174, Time : 32.663 s
Timestep : 499262, score : -2444.687924454367, Time : 32.549 s
Timestep : 508021, score : -2205.501404418872, Time : 32.652 s
Timestep : 516780, score : -2060.454523912311, Time : 33.247 s
Timestep : 525539, score : -2281.8921231052664, Time : 32.673 s
Timestep : 534298, score : -2081.482104764, Time : 32.598 s
Timestep : 543057, score : -2227.4483292789955, Time : 32.654 s
Timestep : 551816, score : -2357.432853467326, Time : 32.216 s
Timestep : 560575, score : -2357.8467359450005, Time : 32.601 s
Timestep : 569334, score : -1896.336589516286, Time : 32.619 s
Timestep : 578093, score : -1960.5352852237702, Time : 32.631 s
Timestep : 586852, score : -2562.3477850752242, Time : 30.968 s
Timestep : 595611, score : -2649.6095687005, Time : 33.567 s
Timestep : 604370, score : -2422.4471350648237, Time : 31.542 s
Timestep : 613129, score : -2121.1833401756157, Time : 31.916 s
Timestep : 621888, score : -1998.226459493424, Time : 31.897 s
Timestep : 630647, score : -1832.4620542992634, Time : 30.636 s
Timestep : 639406, score : -1848.0348052314075, Time : 32.371 s
Timestep : 648165, score : -1601.3842402798618, Time : 30.785 s
Timestep : 656924, score : -2108.9294856477354, Time : 31.07 s
Timestep : 665683, score : -2136.337664990715, Time : 30.758 s
Timestep : 674442, score : -2156.9569993845944, Time : 33.618 s
Timestep : 683201, score : -2205.9864238051523, Time : 32.204 s
Timestep : 691960, score : -2463.1970012877428, Time : 30.651 s
Timestep : 700719, score : -2348.4357555180613, Time : 30.551 s
Timestep : 709478, score : -2255.8499260937388, Time : 30.729 s
Timestep : 718237, score : -2507.061687101872, Time : 32.569 s
Timestep : 726996, score : -2519.338354653475, Time : 32.461 s
Timestep : 735755, score : -2250.9248646592896, Time : 30.524 s
Timestep : 744514, score : -2364.5088293809094, Time : 31.45 s
Timestep : 753273, score : -2278.060561884806, Time : 31.226 s
Timestep : 762032, score : -2150.587451963249, Time : 31.904 s
Timestep : 770791, score : -1991.686449359433, Time : 32.593 s
Timestep : 779550, score : -2083.348740180285, Time : 33.192 s
Timestep : 788309, score : -2406.372528041684, Time : 33.016 s
Timestep : 797068, score : -2258.967641699972, Time : 31.553 s
Timestep : 805827, score : -2340.496029958391, Time : 32.288 s
Timestep : 814586, score : -2210.685901969351, Time : 31.552 s
Timestep : 823345, score : -1915.0116497597483, Time : 31.184 s
Timestep : 832104, score : -1746.3723133344029, Time : 31.841 s
Timestep : 840863, score : -1836.4021509276063, Time : 31.954 s
Timestep : 849622, score : -1653.76208230693, Time : 31.099 s
Timestep : 858381, score : -2104.8289298734453, Time : 32.641 s
Timestep : 867140, score : -1995.099928315758, Time : 33.03 s
Timestep : 875899, score : -2013.5430184073339, Time : 31.121 s
Starting local evaluation
Num Steps: 1000, Num episodes: 0
Num Steps: 2000, Num episodes: 0
Num Steps: 3000, Num episodes: 0
Num Steps: 4000, Num episodes: 0
Num Steps: 5000, Num episodes: 0
Num Steps: 6000, Num episodes: 0
Num Steps: 7000, Num episodes: 0
Num Steps: 8000, Num episodes: 0
Episode complete: 1 | Latest episode metrics: {'price_cost': 0.8861506939429826, 'emmision_cost': 0.9275821910513418}
[-0.11440293] -0.1144029305797138
Average Price Cost: 0.8861506939429826
Average Emmision Cost: 0.9275821910513418
Average of both costs: 0.9068664424971622
Total time taken by agent: 3.9559686835855246s
DONE!
