{'agent': 'DQN', 'action_selection': 'softmax', 'seed': 1, 'episodes': 100, 'data_path': 'data/citylearn_challenge_2022_phase_1', 'dry_run': False, 'n_discrete': 9, 'update_target': 16, 'lr': 0.007, 'batch_size': 8, 'adam_epsilon': 1e-09, 'epsilon_final': 0.02, 'run_id': 116}
{'Notes': 'This is a tuning run, executed on a single building.',
 'action_selection': 'softmax',
 'adam_epsilon': 1e-09,
 'env': '<NormalizeObservation<OneHotHour<DiscreteSingle<CityLearnEnv '
        'instance>>>>',
 'final_exploration_rate': 0.02,
 'final_exploration_step': 1000,
 'gamma': 0.99,
 'initial_exploration_rate': 1,
 'learning_rate': 0.007,
 'loss': 'mse',
 'minibatch_size': 8,
 'network': 'MLP(\n'
            '  (layers): Sequential(\n'
            '    (0): Linear(in_features=29, out_features=128, bias=True)\n'
            '    (1): ReLU()\n'
            '    (2): Linear(in_features=128, out_features=128, bias=True)\n'
            '    (3): ReLU()\n'
            '    (4): Linear(in_features=128, out_features=9, bias=True)\n'
            '  )\n'
            ')',
 'replay_buffer_size': 10000,
 'replay_start_size': 8,
 'seed': 1,
 'train_steps': 876000,
 'update_frequency': 1,
 'update_target_frequency': 16,
 'weight_scale': 1.4142135623730951}
Timestep : 8758, score : -5668.266415008489, Time : 22.496 s
Timestep : 17517, score : -6383.03580513371, Time : 22.452 s
Timestep : 26276, score : -7274.123305223722, Time : 22.479 s
Timestep : 35035, score : -6117.091790748091, Time : 22.489 s
Timestep : 43794, score : -7891.752506625562, Time : 22.465 s
Timestep : 52553, score : -6555.402342463873, Time : 22.517 s
Timestep : 61312, score : -8011.966423646387, Time : 22.551 s
Timestep : 70071, score : -8941.217746072813, Time : 22.491 s
Timestep : 78830, score : -7978.659639533216, Time : 22.561 s
Timestep : 87589, score : -9652.07003650887, Time : 22.575 s
Timestep : 96348, score : -7828.054316347494, Time : 22.629 s
Timestep : 105107, score : -9223.19076758335, Time : 22.527 s
Timestep : 113866, score : -7290.2572068415175, Time : 22.601 s
Timestep : 122625, score : -8556.196076678956, Time : 22.507 s
Timestep : 131384, score : -8015.062320047829, Time : 22.525 s
Timestep : 140143, score : -8441.95121582504, Time : 23.121 s
Timestep : 148902, score : -8472.477582060179, Time : 23.237 s
Timestep : 157661, score : -7711.275025337607, Time : 23.258 s
Timestep : 166420, score : -9059.770235721211, Time : 22.676 s
Timestep : 175179, score : -8824.089734798908, Time : 22.554 s
Timestep : 183938, score : -8611.663547937904, Time : 22.57 s
Timestep : 192697, score : -8449.319056272114, Time : 22.537 s
Timestep : 201456, score : -9227.154885874159, Time : 22.543 s
Timestep : 210215, score : -8837.606437084993, Time : 22.859 s
Timestep : 218974, score : -8515.694491798131, Time : 23.285 s
Timestep : 227733, score : -8617.679897513917, Time : 22.94 s
Timestep : 236492, score : -8237.833497408617, Time : 22.606 s
Timestep : 245251, score : -8918.831195455576, Time : 22.986 s
Timestep : 254010, score : -8308.842818444435, Time : 23.243 s
Timestep : 262769, score : -8416.052358428671, Time : 23.251 s
Timestep : 271528, score : -8574.277517434006, Time : 23.247 s
Timestep : 280287, score : -8590.209684697824, Time : 23.145 s
Timestep : 289046, score : -8239.444254822942, Time : 23.168 s
Timestep : 297805, score : -8432.873222646918, Time : 23.236 s
Timestep : 306564, score : -8814.89942817927, Time : 22.639 s
Timestep : 315323, score : -8611.976810428387, Time : 22.538 s
Timestep : 324082, score : -9043.650297761662, Time : 22.523 s
Timestep : 332841, score : -8452.490757590189, Time : 22.529 s
Timestep : 341600, score : -8943.686733568931, Time : 23.186 s
Timestep : 350359, score : -8823.392944637002, Time : 22.733 s
Timestep : 359118, score : -9079.000974786104, Time : 22.238 s
Timestep : 367877, score : -8261.073430272823, Time : 22.247 s
Timestep : 376636, score : -8129.851617042237, Time : 22.234 s
Timestep : 385395, score : -9646.094221460822, Time : 22.272 s
Timestep : 394154, score : -8836.861146233467, Time : 22.237 s
Timestep : 402913, score : -8876.776540127496, Time : 22.388 s
Timestep : 411672, score : -9049.575927540456, Time : 22.86 s
Timestep : 420431, score : -9599.508188406471, Time : 22.715 s
Timestep : 429190, score : -8743.871662110818, Time : 22.879 s
Timestep : 437949, score : -8397.037595381917, Time : 22.9 s
Timestep : 446708, score : -8742.861170682387, Time : 22.88 s
Timestep : 455467, score : -8675.131673116703, Time : 22.814 s
Timestep : 464226, score : -8392.357351121667, Time : 22.92 s
Timestep : 472985, score : -8577.908445227265, Time : 22.883 s
Timestep : 481744, score : -8836.600103920355, Time : 22.809 s
Timestep : 490503, score : -8611.04140746189, Time : 22.862 s
Timestep : 499262, score : -9267.205792053399, Time : 22.854 s
Timestep : 508021, score : -8702.41790135573, Time : 22.889 s
Timestep : 516780, score : -8322.46627531809, Time : 22.756 s
Timestep : 525539, score : -8887.35614024366, Time : 23.281 s
Timestep : 534298, score : -8636.20184193636, Time : 23.218 s
Timestep : 543057, score : -8442.491789737556, Time : 23.226 s
Timestep : 551816, score : -8574.934851590573, Time : 23.113 s
Timestep : 560575, score : -8004.555416233445, Time : 22.911 s
Timestep : 569334, score : -8140.591487265105, Time : 22.87 s
Timestep : 578093, score : -8329.09036639848, Time : 22.892 s
Timestep : 586852, score : -8040.00446426501, Time : 22.842 s
Timestep : 595611, score : -8097.408162139443, Time : 23.254 s
Timestep : 604370, score : -8177.136532408767, Time : 23.191 s
Timestep : 613129, score : -8520.887345547002, Time : 23.196 s
Timestep : 621888, score : -8316.542542927273, Time : 23.257 s
Timestep : 630647, score : -8202.050820864068, Time : 23.2 s
Timestep : 639406, score : -8419.163894444617, Time : 23.166 s
Timestep : 648165, score : -8155.293668578757, Time : 23.222 s
Timestep : 656924, score : -8476.036765949248, Time : 22.58 s
Timestep : 665683, score : -8488.804452487064, Time : 23.177 s
Timestep : 674442, score : -7916.612149535707, Time : 23.233 s
DONE!
