{'agent': 'DQN', 'action_selection': 'egreedy', 'seed': 1, 'episodes': 100, 'data_path': 'data/citylearn_challenge_2022_phase_1', 'dry_run': False, 'n_discrete': 9, 'update_target': 16, 'lr': 0.03, 'batch_size': 16, 'adam_epsilon': 1e-10, 'epsilon_final': 0.02, 'run_id': 259}
{'Notes': 'This is a tuning run, executed on a single building.',
 'action_selection': 'egreedy',
 'adam_epsilon': 1e-10,
 'env': '<NormalizeObservation<OneHotHour<DiscreteSingle<CityLearnEnv '
        'instance>>>>',
 'final_exploration_rate': 0.02,
 'final_exploration_step': 1000,
 'gamma': 0.99,
 'initial_exploration_rate': 1,
 'learning_rate': 0.03,
 'loss': 'mse',
 'minibatch_size': 16,
 'network': 'MLP(\n'
            '  (layers): Sequential(\n'
            '    (0): Linear(in_features=29, out_features=128, bias=True)\n'
            '    (1): ReLU()\n'
            '    (2): Linear(in_features=128, out_features=128, bias=True)\n'
            '    (3): ReLU()\n'
            '    (4): Linear(in_features=128, out_features=9, bias=True)\n'
            '  )\n'
            ')',
 'replay_buffer_size': 10000,
 'replay_start_size': 16,
 'seed': 1,
 'train_steps': 876000,
 'update_frequency': 1,
 'update_target_frequency': 16,
 'weight_scale': 1.4142135623730951}
Timestep : 8758, score : -7255.646733339367, Time : 21.412 s
Timestep : 17517, score : -8276.48273702088, Time : 21.922 s
Timestep : 26276, score : -7453.969502158143, Time : 21.666 s
Timestep : 35035, score : -9977.990371611115, Time : 21.959 s
Timestep : 43794, score : -7898.033297625108, Time : 21.978 s
Timestep : 52553, score : -9687.631428410212, Time : 21.951 s
Timestep : 61312, score : -9357.690022885014, Time : 21.898 s
Timestep : 70071, score : -7882.050840249314, Time : 21.818 s
Timestep : 78830, score : -10322.807584961276, Time : 21.965 s
Timestep : 87589, score : -9671.619558441482, Time : 21.946 s
Timestep : 96348, score : -8724.897633088593, Time : 21.968 s
Timestep : 105107, score : -9809.586914059779, Time : 22.022 s
Timestep : 113866, score : -9077.145246456756, Time : 22.088 s
Timestep : 122625, score : -9658.645973174323, Time : 22.048 s
Timestep : 131384, score : -9399.67219979137, Time : 21.952 s
Timestep : 140143, score : -9633.594997085776, Time : 21.977 s
Timestep : 148902, score : -8906.695347388697, Time : 21.935 s
Timestep : 157661, score : -9285.40215829837, Time : 21.941 s
Timestep : 166420, score : -8818.012109813819, Time : 21.881 s
Timestep : 175179, score : -9372.224798517214, Time : 21.907 s
Timestep : 183938, score : -9259.32713435407, Time : 21.938 s
Timestep : 192697, score : -9321.699238759655, Time : 21.95 s
Timestep : 201456, score : -8998.693128989966, Time : 21.94 s
Timestep : 210215, score : -9007.852544597961, Time : 21.952 s
Timestep : 218974, score : -9072.96384049773, Time : 21.949 s
Timestep : 227733, score : -9004.34025270968, Time : 22.013 s
Timestep : 236492, score : -9179.657451435924, Time : 21.954 s
Timestep : 245251, score : -9400.854873342236, Time : 21.958 s
Timestep : 254010, score : -9639.11473880618, Time : 21.963 s
Timestep : 262769, score : -8976.458969891726, Time : 22.19 s
Timestep : 271528, score : -8917.753977725006, Time : 22.134 s
Timestep : 280287, score : -8645.968811373365, Time : 21.981 s
Timestep : 289046, score : -9414.254916192222, Time : 21.975 s
Timestep : 297805, score : -9191.138867813352, Time : 21.975 s
Timestep : 306564, score : -9313.75982634975, Time : 21.976 s
Timestep : 315323, score : -9637.876781849685, Time : 21.991 s
Timestep : 324082, score : -9151.230553689238, Time : 21.958 s
Timestep : 332841, score : -8807.353637685854, Time : 21.822 s
Timestep : 341600, score : -9189.745440549756, Time : 21.71 s
Timestep : 350359, score : -9210.31316965833, Time : 21.947 s
Timestep : 359118, score : -9194.271032789766, Time : 21.958 s
Timestep : 367877, score : -9447.76358666693, Time : 21.971 s
Timestep : 376636, score : -9520.562759979613, Time : 21.984 s
Timestep : 385395, score : -9218.79691186927, Time : 21.966 s
Timestep : 394154, score : -9307.195941225931, Time : 21.977 s
Timestep : 402913, score : -9566.33764174844, Time : 22.014 s
Timestep : 411672, score : -9829.299895112475, Time : 22.264 s
Timestep : 420431, score : -9481.10000988534, Time : 22.211 s
Timestep : 429190, score : -9106.789463684967, Time : 22.008 s
Timestep : 437949, score : -9458.382619683282, Time : 21.987 s
Timestep : 446708, score : -9382.97493149413, Time : 21.979 s
Timestep : 455467, score : -9464.00626766964, Time : 21.974 s
Timestep : 464226, score : -9450.320247931013, Time : 21.954 s
Timestep : 472985, score : -9002.94009605395, Time : 21.98 s
Timestep : 481744, score : -9379.854800184607, Time : 21.971 s
Timestep : 490503, score : -9093.406696344755, Time : 21.993 s
Timestep : 499262, score : -9241.793559399273, Time : 21.84 s
Timestep : 508021, score : -9883.887968613722, Time : 21.984 s
Timestep : 516780, score : -9451.023596498097, Time : 21.967 s
Timestep : 525539, score : -9234.365889169887, Time : 21.972 s
Timestep : 534298, score : -9376.41362449227, Time : 21.965 s
Timestep : 543057, score : -9290.386801273358, Time : 21.975 s
Timestep : 551816, score : -9272.460303743366, Time : 21.974 s
Timestep : 560575, score : -9278.943938425582, Time : 22.086 s
Timestep : 569334, score : -8959.810052163331, Time : 22.185 s
Timestep : 578093, score : -9236.598126012672, Time : 22.067 s
Timestep : 586852, score : -9528.14415666827, Time : 21.771 s
Timestep : 595611, score : -9455.568627189296, Time : 21.25 s
Timestep : 604370, score : -9270.90398786604, Time : 21.6 s
Timestep : 613129, score : -8964.565683064531, Time : 21.792 s
Timestep : 621888, score : -9211.376320879703, Time : 21.958 s
Timestep : 630647, score : -9402.478968947355, Time : 21.955 s
Timestep : 639406, score : -9320.67397133197, Time : 21.632 s
Timestep : 648165, score : -9366.34624174366, Time : 21.988 s
Timestep : 656924, score : -9437.466517498164, Time : 21.989 s
Timestep : 665683, score : -9207.651660111282, Time : 21.951 s
Timestep : 674442, score : -9330.41256503822, Time : 21.993 s
Timestep : 683201, score : -8638.249862320386, Time : 21.549 s
Timestep : 691960, score : -9119.966882277411, Time : 22.003 s
Timestep : 700719, score : -8828.008850532773, Time : 21.877 s
Timestep : 709478, score : -9201.484132293408, Time : 21.889 s
Timestep : 718237, score : -9275.150896267733, Time : 22.186 s
Timestep : 726996, score : -9331.64821725164, Time : 22.152 s
Timestep : 735755, score : -9012.257179208827, Time : 21.963 s
Timestep : 744514, score : -8925.454721919217, Time : 21.967 s
Timestep : 753273, score : -9154.99257022499, Time : 21.989 s
Timestep : 762032, score : -8753.328199609416, Time : 21.901 s
Timestep : 770791, score : -8798.617416554145, Time : 21.965 s
Timestep : 779550, score : -9053.516853678535, Time : 21.951 s
Timestep : 788309, score : -9132.974888531564, Time : 21.971 s
Timestep : 797068, score : -9208.971740794863, Time : 21.977 s
Timestep : 805827, score : -8756.251228040273, Time : 21.966 s
Timestep : 814586, score : -8575.523475090413, Time : 21.967 s
Timestep : 823345, score : -8702.187760572531, Time : 21.896 s
Timestep : 832104, score : -8918.125320551058, Time : 21.948 s
Timestep : 840863, score : -7605.636052402042, Time : 21.931 s
Timestep : 849622, score : -8638.565118804647, Time : 21.965 s
Timestep : 858381, score : -7371.716120937606, Time : 21.943 s
Timestep : 867140, score : -4816.75212789551, Time : 21.938 s
Timestep : 875899, score : -4826.59659342785, Time : 22.094 s
Starting local evaluation
Num Steps: 1000, Num episodes: 0
Num Steps: 2000, Num episodes: 0
Num Steps: 3000, Num episodes: 0
Num Steps: 4000, Num episodes: 0
Num Steps: 5000, Num episodes: 0
Num Steps: 6000, Num episodes: 0
Num Steps: 7000, Num episodes: 0
Num Steps: 8000, Num episodes: 0
Episode complete: 1 | Latest episode metrics: {'price_cost': 1.004837632993382, 'emmision_cost': 1.0058434291404028}
[-0.23660638] -0.23660638466635617
Average Price Cost: 1.004837632993382
Average Emmision Cost: 1.0058434291404028
Average of both costs: 1.0053405310668924
Total time taken by agent: 2.518079473171383s
DONE!
