{'agent': 'DQN', 'action_selection': 'softmax', 'seed': 1, 'episodes': 100, 'data_path': 'data/citylearn_challenge_2022_phase_1', 'dry_run': False, 'n_discrete': 9, 'update_target': 8, 'lr': 3e-05, 'batch_size': 2, 'adam_epsilon': 0.001, 'epsilon_final': 0.02, 'run_id': 14}
{'Notes': 'This is a tuning run, executed on a single building.',
 'action_selection': 'softmax',
 'adam_epsilon': 0.001,
 'env': '<NormalizeObservation<OneHotHour<DiscreteSingle<CityLearnEnv '
        'instance>>>>',
 'final_exploration_rate': 0.02,
 'final_exploration_step': 1000,
 'gamma': 0.99,
 'initial_exploration_rate': 1,
 'learning_rate': 3e-05,
 'loss': 'mse',
 'minibatch_size': 2,
 'network': 'MLP(\n'
            '  (layers): Sequential(\n'
            '    (0): Linear(in_features=29, out_features=128, bias=True)\n'
            '    (1): ReLU()\n'
            '    (2): Linear(in_features=128, out_features=128, bias=True)\n'
            '    (3): ReLU()\n'
            '    (4): Linear(in_features=128, out_features=9, bias=True)\n'
            '  )\n'
            ')',
 'replay_buffer_size': 10000,
 'replay_start_size': 2,
 'seed': 1,
 'train_steps': 876000,
 'update_frequency': 1,
 'update_target_frequency': 8,
 'weight_scale': 1.4142135623730951}
Timestep : 8758, score : -7499.1162269994675, Time : 22.716 s
Timestep : 17517, score : -4478.749187644949, Time : 22.848 s
Timestep : 26276, score : -4218.67341007237, Time : 22.83 s
Timestep : 35035, score : -4156.11794142556, Time : 23.032 s
Timestep : 43794, score : -4479.213549515611, Time : 22.707 s
Timestep : 52553, score : -4287.143759970932, Time : 22.81 s
Timestep : 61312, score : -4287.593545784621, Time : 23.035 s
Timestep : 70071, score : -4394.9503544619365, Time : 22.349 s
Timestep : 78830, score : -4331.958978590934, Time : 22.345 s
Timestep : 87589, score : -4160.326270570426, Time : 22.585 s
Timestep : 96348, score : -4166.768171747593, Time : 22.526 s
Timestep : 105107, score : -4171.783726632042, Time : 22.258 s
Timestep : 113866, score : -4105.99291775134, Time : 22.479 s
Timestep : 122625, score : -4100.234325391619, Time : 22.495 s
Timestep : 131384, score : -4201.197914972348, Time : 22.658 s
Timestep : 140143, score : -4115.252317537932, Time : 22.107 s
Timestep : 148902, score : -4067.0520319020434, Time : 22.389 s
Timestep : 157661, score : -4197.457215429662, Time : 22.548 s
Timestep : 166420, score : -4160.737652172713, Time : 22.381 s
Timestep : 175179, score : -4094.0287391817255, Time : 22.205 s
Timestep : 183938, score : -4092.771042211054, Time : 22.594 s
Timestep : 192697, score : -4081.065336299507, Time : 22.457 s
Timestep : 201456, score : -4088.874502849838, Time : 22.674 s
Timestep : 210215, score : -4131.314718739202, Time : 22.584 s
Timestep : 218974, score : -4072.293369417457, Time : 22.463 s
Timestep : 227733, score : -4101.591230236067, Time : 22.621 s
Timestep : 236492, score : -4086.422982410906, Time : 23.077 s
Timestep : 245251, score : -4054.715650787024, Time : 22.84 s
Timestep : 254010, score : -4057.478975777587, Time : 23.144 s
Timestep : 262769, score : -4052.0343133556453, Time : 22.943 s
Timestep : 271528, score : -4056.8634717007226, Time : 22.456 s
Timestep : 280287, score : -4039.7543148299737, Time : 22.65 s
Timestep : 289046, score : -4040.445411404042, Time : 22.423 s
Timestep : 297805, score : -4055.9960760003014, Time : 22.535 s
Timestep : 306564, score : -4053.85690594223, Time : 22.507 s
Timestep : 315323, score : -4110.736576007592, Time : 22.526 s
Timestep : 324082, score : -4071.1514745814784, Time : 22.568 s
Timestep : 332841, score : -4151.49217888937, Time : 22.485 s
Timestep : 341600, score : -4173.617179835594, Time : 22.523 s
Timestep : 350359, score : -4066.983212960331, Time : 22.586 s
Timestep : 359118, score : -4049.270381045906, Time : 22.506 s
Timestep : 367877, score : -4058.894339322491, Time : 22.633 s
Timestep : 376636, score : -4044.5532272657438, Time : 22.38 s
Timestep : 385395, score : -4037.415605088143, Time : 22.984 s
Timestep : 394154, score : -4042.783718449442, Time : 22.958 s
Timestep : 402913, score : -4046.7117695374473, Time : 23.097 s
Timestep : 411672, score : -4044.070076589851, Time : 23.005 s
Timestep : 420431, score : -4051.0197277268453, Time : 23.1 s
Timestep : 429190, score : -4095.212071945338, Time : 22.58 s
Timestep : 437949, score : -4097.052334701089, Time : 23.071 s
Timestep : 446708, score : -4111.723051079622, Time : 23.112 s
Timestep : 455467, score : -4129.414730154051, Time : 23.093 s
Timestep : 464226, score : -4081.6751531450136, Time : 22.413 s
Timestep : 472985, score : -4077.51900809948, Time : 22.229 s
Timestep : 481744, score : -4091.19816257614, Time : 22.1 s
Timestep : 490503, score : -4215.828416593446, Time : 22.121 s
Timestep : 499262, score : -4122.482214433519, Time : 22.142 s
Timestep : 508021, score : -4116.166971348299, Time : 22.233 s
Timestep : 516780, score : -4140.173032139806, Time : 22.133 s
Timestep : 525539, score : -4196.546195235176, Time : 22.039 s
Timestep : 534298, score : -4307.473826909816, Time : 22.345 s
Timestep : 543057, score : -4229.468171899585, Time : 22.498 s
Timestep : 551816, score : -4192.839859650849, Time : 22.688 s
Timestep : 560575, score : -4177.13668019083, Time : 23.044 s
Timestep : 569334, score : -4071.268450451462, Time : 23.055 s
Timestep : 578093, score : -4051.4093426120526, Time : 22.977 s
Timestep : 586852, score : -4135.979834192811, Time : 22.807 s
Timestep : 595611, score : -4098.939267606387, Time : 22.488 s
Timestep : 604370, score : -4097.923684330104, Time : 22.88 s
Timestep : 613129, score : -4053.8314813379693, Time : 22.201 s
Timestep : 621888, score : -4060.8615941604658, Time : 22.2 s
Timestep : 630647, score : -4117.592305972619, Time : 22.369 s
Timestep : 639406, score : -4283.805710165834, Time : 23.056 s
Timestep : 648165, score : -4254.801051289687, Time : 22.374 s
Timestep : 656924, score : -4120.893278961448, Time : 22.13 s
Timestep : 665683, score : -4297.835740315175, Time : 22.274 s
Timestep : 674442, score : -4364.019071514209, Time : 22.448 s
Timestep : 683201, score : -4278.832330860576, Time : 22.964 s
Timestep : 691960, score : -4256.560813426229, Time : 22.972 s
Timestep : 700719, score : -4198.620162022678, Time : 23.018 s
Timestep : 709478, score : -4128.836463152926, Time : 23.083 s
Timestep : 718237, score : -4249.00759755983, Time : 23.086 s
Timestep : 726996, score : -4299.623753484877, Time : 22.909 s
Timestep : 735755, score : -4550.616069466287, Time : 22.618 s
Timestep : 744514, score : -4429.979253036348, Time : 23.063 s
Timestep : 753273, score : -4329.647742330475, Time : 22.584 s
Timestep : 762032, score : -4246.887643638445, Time : 22.779 s
Timestep : 770791, score : -4344.411131653731, Time : 23.123 s
Timestep : 779550, score : -4503.798289320388, Time : 23.13 s
Timestep : 788309, score : -4292.62007309348, Time : 23.151 s
Timestep : 797068, score : -4326.843895906073, Time : 23.112 s
Timestep : 805827, score : -4527.021601666609, Time : 23.181 s
Timestep : 814586, score : -4375.938462849037, Time : 23.087 s
Timestep : 823345, score : -4333.667095876677, Time : 23.152 s
Timestep : 832104, score : -4429.360559008346, Time : 23.104 s
Timestep : 840863, score : -4316.403168667952, Time : 23.023 s
Timestep : 849622, score : -4237.309516321548, Time : 22.856 s
Timestep : 858381, score : -4370.254630741809, Time : 23.025 s
Timestep : 867140, score : -4314.135366174305, Time : 22.548 s
Timestep : 875899, score : -4364.586194795935, Time : 22.869 s
Starting local evaluation
Num Steps: 1000, Num episodes: 0
Num Steps: 2000, Num episodes: 0
Num Steps: 3000, Num episodes: 0
Num Steps: 4000, Num episodes: 0
Num Steps: 5000, Num episodes: 0
Num Steps: 6000, Num episodes: 0
Num Steps: 7000, Num episodes: 0
Num Steps: 8000, Num episodes: 0
Episode complete: 1 | Latest episode metrics: {'price_cost': 1.0096626221482012, 'emmision_cost': 1.0178800744002632}
[-0.24679419] -0.2467941934264267
Average Price Cost: 1.0096626221482012
Average Emmision Cost: 1.0178800744002632
Average of both costs: 1.0137713482742323
Total time taken by agent: 3.817069028969854s
DONE!
