{'agent': 'DQN', 'action_selection': 'egreedy', 'seed': 1, 'episodes': 100, 'data_path': 'data/citylearn_challenge_2022_phase_1', 'dry_run': False, 'n_discrete': 9, 'update_target': 16, 'lr': 0.07, 'batch_size': 32, 'adam_epsilon': 1e-09, 'epsilon_final': 0.02, 'run_id': 237}
{'Notes': 'This is a tuning run, executed on a single building.',
 'action_selection': 'egreedy',
 'adam_epsilon': 1e-09,
 'env': '<NormalizeObservation<OneHotHour<DiscreteSingle<CityLearnEnv '
        'instance>>>>',
 'final_exploration_rate': 0.02,
 'final_exploration_step': 1000,
 'gamma': 0.99,
 'initial_exploration_rate': 1,
 'learning_rate': 0.07,
 'loss': 'mse',
 'minibatch_size': 32,
 'network': 'MLP(\n'
            '  (layers): Sequential(\n'
            '    (0): Linear(in_features=29, out_features=128, bias=True)\n'
            '    (1): ReLU()\n'
            '    (2): Linear(in_features=128, out_features=128, bias=True)\n'
            '    (3): ReLU()\n'
            '    (4): Linear(in_features=128, out_features=9, bias=True)\n'
            '  )\n'
            ')',
 'replay_buffer_size': 10000,
 'replay_start_size': 32,
 'seed': 1,
 'train_steps': 876000,
 'update_frequency': 1,
 'update_target_frequency': 16,
 'weight_scale': 1.4142135623730951}
Timestep : 8758, score : -5526.841455978298, Time : 20.62 s
Timestep : 17517, score : -4543.808319945892, Time : 20.677 s
Timestep : 26276, score : -4665.754787967919, Time : 20.125 s
Timestep : 35035, score : -4525.685021264857, Time : 20.146 s
Timestep : 43794, score : -4478.172512391029, Time : 20.248 s
Timestep : 52553, score : -4476.426322549029, Time : 20.246 s
Timestep : 61312, score : -4492.88637785372, Time : 20.191 s
Timestep : 70071, score : -4577.940420017956, Time : 20.255 s
Timestep : 78830, score : -4536.649506970687, Time : 20.233 s
Timestep : 87589, score : -4567.289436021267, Time : 20.201 s
Timestep : 96348, score : -4519.583945756225, Time : 20.17 s
Timestep : 105107, score : -4510.877695991221, Time : 20.19 s
Timestep : 113866, score : -4547.633013445331, Time : 20.183 s
Timestep : 122625, score : -4469.096840846731, Time : 20.623 s
Timestep : 131384, score : -4501.236825035332, Time : 20.454 s
Timestep : 140143, score : -4587.258082722692, Time : 20.952 s
Timestep : 148902, score : -4589.239058006118, Time : 20.85 s
Timestep : 157661, score : -4479.249933670653, Time : 20.87 s
Timestep : 166420, score : -4390.634564574837, Time : 20.261 s
Timestep : 175179, score : -4568.689017516939, Time : 20.245 s
Timestep : 183938, score : -4499.117283450352, Time : 20.88 s
Timestep : 192697, score : -4607.306140243454, Time : 20.838 s
Timestep : 201456, score : -4544.888123621611, Time : 20.187 s
Timestep : 210215, score : -4494.081826866983, Time : 20.162 s
Timestep : 218974, score : -4486.980409585318, Time : 20.158 s
Timestep : 227733, score : -4450.144874222024, Time : 20.174 s
Timestep : 236492, score : -4417.0743420090585, Time : 20.181 s
Timestep : 245251, score : -4434.004378081678, Time : 20.774 s
Timestep : 254010, score : -4450.961682990572, Time : 20.805 s
Timestep : 262769, score : -4566.296630979894, Time : 20.811 s
Timestep : 271528, score : -4585.7417760803655, Time : 20.838 s
Timestep : 280287, score : -4372.5293281091435, Time : 20.89 s
Timestep : 289046, score : -4537.044347595802, Time : 20.365 s
Timestep : 297805, score : -4464.956114271103, Time : 20.135 s
Timestep : 306564, score : -4545.48878412359, Time : 20.141 s
Timestep : 315323, score : -4576.222609999968, Time : 20.12 s
Timestep : 324082, score : -4469.963088157965, Time : 20.106 s
Timestep : 332841, score : -4585.889927733369, Time : 20.153 s
Timestep : 341600, score : -4518.882842339954, Time : 20.093 s
Timestep : 350359, score : -4515.539081507741, Time : 20.091 s
Timestep : 359118, score : -4478.989191330416, Time : 20.157 s
Timestep : 367877, score : -4646.787659543828, Time : 20.127 s
Timestep : 376636, score : -4538.604454643471, Time : 20.085 s
Timestep : 385395, score : -4523.977724356024, Time : 20.173 s
Timestep : 394154, score : -4505.614499270363, Time : 20.098 s
Timestep : 402913, score : -4505.755999544082, Time : 20.185 s
Timestep : 411672, score : -4475.157487941353, Time : 20.122 s
Timestep : 420431, score : -4589.736136337189, Time : 20.06 s
Timestep : 429190, score : -4453.862299613102, Time : 20.143 s
Timestep : 437949, score : -4527.149987861543, Time : 20.812 s
Timestep : 446708, score : -4483.5956193724705, Time : 20.857 s
Timestep : 455467, score : -4575.999953641003, Time : 20.838 s
Timestep : 464226, score : -4556.520295477851, Time : 20.82 s
Timestep : 472985, score : -4651.478038646659, Time : 20.57 s
Timestep : 481744, score : -4432.944041182665, Time : 20.153 s
Timestep : 490503, score : -4633.454307393549, Time : 20.118 s
Timestep : 499262, score : -4485.853679317428, Time : 20.139 s
Timestep : 508021, score : -4571.5887137604, Time : 20.646 s
Timestep : 516780, score : -4545.6211489358975, Time : 20.476 s
Timestep : 525539, score : -4499.528500189452, Time : 20.673 s
Timestep : 534298, score : -4533.743985424197, Time : 20.828 s
Timestep : 543057, score : -4529.503530847753, Time : 20.507 s
Timestep : 551816, score : -4426.704522482032, Time : 20.531 s
Timestep : 560575, score : -4502.172927838197, Time : 20.505 s
Timestep : 569334, score : -4496.842521533748, Time : 20.53 s
Timestep : 578093, score : -4435.77573653069, Time : 20.529 s
Timestep : 586852, score : -4552.646639020095, Time : 20.52 s
Timestep : 595611, score : -4553.879681270017, Time : 20.571 s
Timestep : 604370, score : -4486.008605371608, Time : 20.623 s
Timestep : 613129, score : -4572.670798429201, Time : 20.503 s
Timestep : 621888, score : -4374.797571353993, Time : 20.535 s
Timestep : 630647, score : -4608.756154650269, Time : 20.492 s
Timestep : 639406, score : -4506.349071513192, Time : 20.478 s
Timestep : 648165, score : -4514.872068370765, Time : 20.542 s
Timestep : 656924, score : -4547.334618232591, Time : 20.535 s
Timestep : 665683, score : -4597.852607885405, Time : 20.517 s
Timestep : 674442, score : -4545.090185030742, Time : 20.448 s
Timestep : 683201, score : -4493.492490481964, Time : 20.582 s
Timestep : 691960, score : -4496.067604796408, Time : 20.527 s
Timestep : 700719, score : -4529.772838010831, Time : 20.529 s
Timestep : 709478, score : -4590.992894099472, Time : 20.523 s
Timestep : 718237, score : -4369.57955184819, Time : 20.526 s
Timestep : 726996, score : -4444.285323186923, Time : 20.53 s
Timestep : 735755, score : -4451.299083975522, Time : 20.523 s
Timestep : 744514, score : -4575.88388514836, Time : 20.526 s
Timestep : 753273, score : -4537.412615379697, Time : 20.524 s
Timestep : 762032, score : -4472.302014775021, Time : 20.526 s
Timestep : 770791, score : -4467.825832966628, Time : 20.608 s
Timestep : 779550, score : -4401.687023572071, Time : 20.584 s
Timestep : 788309, score : -4557.326049402269, Time : 20.561 s
Timestep : 797068, score : -4463.7303864177375, Time : 20.52 s
Timestep : 805827, score : -4541.996792169026, Time : 20.518 s
Timestep : 814586, score : -4511.012517796858, Time : 20.503 s
Timestep : 823345, score : -4440.403727953701, Time : 20.504 s
Timestep : 832104, score : -4477.598297075747, Time : 20.779 s
Timestep : 840863, score : -4502.510748233093, Time : 20.833 s
Timestep : 849622, score : -4637.465264139144, Time : 20.864 s
Timestep : 858381, score : -4643.95372818262, Time : 20.891 s
Timestep : 867140, score : -4486.743902474089, Time : 20.814 s
Timestep : 875899, score : -4585.5438269631995, Time : 20.764 s
Starting local evaluation
Num Steps: 1000, Num episodes: 0
Num Steps: 2000, Num episodes: 0
Num Steps: 3000, Num episodes: 0
Num Steps: 4000, Num episodes: 0
Num Steps: 5000, Num episodes: 0
Num Steps: 6000, Num episodes: 0
Num Steps: 7000, Num episodes: 0
Num Steps: 8000, Num episodes: 0
Episode complete: 1 | Latest episode metrics: {'price_cost': 1.0210912299447796, 'emmision_cost': 1.0241404283561215}
[-0.25780949] -0.25780948921235347
Average Price Cost: 1.0210912299447796
Average Emmision Cost: 1.0241404283561215
Average of both costs: 1.0226158291504506
Total time taken by agent: 2.184940821491182s
DONE!
