{'agent': 'DQN', 'action_selection': 'softmax', 'seed': 1, 'episodes': 100, 'data_path': 'data/citylearn_challenge_2022_phase_1', 'dry_run': False, 'n_discrete': 9, 'update_target': 4, 'lr': 0.01, 'batch_size': 8, 'adam_epsilon': 1e-05, 'epsilon_final': 0.02, 'run_id': 2}
{'Notes': 'This is a tuning run, executed on a single building.',
 'action_selection': 'softmax',
 'adam_epsilon': 1e-05,
 'env': '<NormalizeObservation<OneHotHour<DiscreteSingle<CityLearnEnv '
        'instance>>>>',
 'final_exploration_rate': 0.02,
 'final_exploration_step': 1000,
 'gamma': 0.99,
 'initial_exploration_rate': 1,
 'learning_rate': 0.01,
 'loss': 'mse',
 'minibatch_size': 8,
 'network': 'MLP(\n'
            '  (layers): Sequential(\n'
            '    (0): Linear(in_features=29, out_features=128, bias=True)\n'
            '    (1): ReLU()\n'
            '    (2): Linear(in_features=128, out_features=128, bias=True)\n'
            '    (3): ReLU()\n'
            '    (4): Linear(in_features=128, out_features=9, bias=True)\n'
            '  )\n'
            ')',
 'replay_buffer_size': 10000,
 'replay_start_size': 8,
 'seed': 1,
 'train_steps': 876000,
 'update_frequency': 1,
 'update_target_frequency': 4,
 'weight_scale': 1.4142135623730951}
Timestep : 8758, score : -7458.613443113871, Time : 23.738 s
Timestep : 17517, score : -11273.389165351196, Time : 23.979 s
Timestep : 26276, score : -7032.215175581048, Time : 24.172 s
Timestep : 35035, score : -10359.446353248626, Time : 23.684 s
Timestep : 43794, score : -8945.62525073353, Time : 23.858 s
Timestep : 52553, score : -12693.834045363314, Time : 23.465 s
Timestep : 61312, score : -6050.519992976246, Time : 23.705 s
Timestep : 70071, score : -10850.113091552776, Time : 24.161 s
Timestep : 78830, score : -8211.579255616365, Time : 23.898 s
Timestep : 87589, score : -10469.731752128137, Time : 23.749 s
Timestep : 96348, score : -15319.623052562121, Time : 23.6 s
Timestep : 105107, score : -7007.713306989084, Time : 22.944 s
Timestep : 113866, score : -4225.401470158162, Time : 23.896 s
Timestep : 122625, score : -4286.908366127318, Time : 23.58 s
Timestep : 131384, score : -4325.753529723297, Time : 23.172 s
Timestep : 140143, score : -4195.197307109745, Time : 23.297 s
Timestep : 148902, score : -4181.608109082474, Time : 23.289 s
Timestep : 157661, score : -4200.619347925254, Time : 23.113 s
Timestep : 166420, score : -4336.74106665657, Time : 22.47 s
Timestep : 175179, score : -4189.333561913489, Time : 22.358 s
Timestep : 183938, score : -4101.5474511351495, Time : 22.786 s
Timestep : 192697, score : -4187.281171608163, Time : 22.669 s
Timestep : 201456, score : -4134.745290696068, Time : 22.513 s
Timestep : 210215, score : -4161.886630219786, Time : 23.498 s
Timestep : 218974, score : -4190.327056358947, Time : 22.554 s
Timestep : 227733, score : -4210.748326284724, Time : 22.887 s
Timestep : 236492, score : -4080.3744738897367, Time : 22.5 s
Timestep : 245251, score : -4252.756127947854, Time : 22.323 s
Timestep : 254010, score : -4095.8976483227743, Time : 23.5 s
Timestep : 262769, score : -4290.874286457343, Time : 23.357 s
Timestep : 271528, score : -4210.538071040442, Time : 22.474 s
Timestep : 280287, score : -4062.8654542113945, Time : 22.36 s
Timestep : 289046, score : -4066.083507483272, Time : 22.367 s
Timestep : 297805, score : -4104.082338847598, Time : 23.111 s
Timestep : 306564, score : -4082.5079039981647, Time : 23.504 s
Timestep : 315323, score : -4147.527702962427, Time : 23.196 s
Timestep : 324082, score : -4178.721677781345, Time : 23.364 s
Timestep : 332841, score : -4130.991723186715, Time : 23.234 s
Timestep : 341600, score : -4192.81948252712, Time : 23.257 s
Timestep : 350359, score : -4079.4725885925873, Time : 23.972 s
Timestep : 359118, score : -4328.949850674166, Time : 23.437 s
Timestep : 367877, score : -4126.826561336784, Time : 22.736 s
Timestep : 376636, score : -4103.6007676845475, Time : 23.182 s
Timestep : 385395, score : -4129.886149385391, Time : 23.293 s
Timestep : 394154, score : -4061.0327019816323, Time : 23.708 s
Timestep : 402913, score : -4129.849644617556, Time : 22.622 s
Timestep : 411672, score : -4133.478623395233, Time : 22.849 s
Timestep : 420431, score : -4081.99511619602, Time : 23.142 s
Timestep : 429190, score : -4110.372938928573, Time : 23.117 s
Timestep : 437949, score : -4129.673034334002, Time : 22.943 s
Timestep : 446708, score : -4132.380865533283, Time : 23.039 s
Timestep : 455467, score : -4153.838116825005, Time : 23.138 s
Timestep : 464226, score : -4198.1794458314835, Time : 23.115 s
Timestep : 472985, score : -4205.220197209535, Time : 22.996 s
Timestep : 481744, score : -4073.1653491383477, Time : 23.09 s
Timestep : 490503, score : -4124.228848557366, Time : 23.119 s
Timestep : 499262, score : -4074.2161971595197, Time : 23.087 s
Timestep : 508021, score : -4138.665112828283, Time : 23.043 s
Timestep : 516780, score : -4182.178608251183, Time : 23.095 s
Timestep : 525539, score : -4123.3691963194, Time : 23.174 s
Timestep : 534298, score : -4127.73420786616, Time : 23.104 s
Timestep : 543057, score : -4087.2860043471737, Time : 23.01 s
Timestep : 551816, score : -4153.0428299712075, Time : 23.098 s
Timestep : 560575, score : -4173.653561131476, Time : 22.993 s
Timestep : 569334, score : -4073.351244231133, Time : 22.748 s
Timestep : 578093, score : -4167.14651781079, Time : 22.7 s
Timestep : 586852, score : -4156.496382773301, Time : 22.794 s
Timestep : 595611, score : -4163.409635329066, Time : 22.637 s
Timestep : 604370, score : -4134.394288986368, Time : 23.003 s
Timestep : 613129, score : -4114.160421804903, Time : 22.944 s
Timestep : 621888, score : -4061.0891489814094, Time : 23.07 s
Timestep : 630647, score : -4057.9857281198783, Time : 23.069 s
Timestep : 639406, score : -4223.505726342351, Time : 23.028 s
Timestep : 648165, score : -4110.5472351847275, Time : 22.86 s
Timestep : 656924, score : -4096.174443484662, Time : 22.358 s
Timestep : 665683, score : -4130.3892340133025, Time : 22.387 s
Timestep : 674442, score : -4066.953474273352, Time : 22.323 s
Timestep : 683201, score : -4157.115387557918, Time : 22.292 s
Timestep : 691960, score : -4153.600069238251, Time : 23.024 s
Timestep : 700719, score : -4094.350138650654, Time : 23.063 s
Timestep : 709478, score : -4194.45292289686, Time : 22.985 s
Timestep : 718237, score : -4119.652374607889, Time : 22.977 s
Timestep : 726996, score : -4175.236080871342, Time : 23.054 s
Timestep : 735755, score : -4209.924943324557, Time : 23.068 s
Timestep : 744514, score : -4159.314442984207, Time : 22.983 s
Timestep : 753273, score : -4092.1218985630258, Time : 23.0 s
Timestep : 762032, score : -4132.536328948481, Time : 23.081 s
Timestep : 770791, score : -4191.706022830127, Time : 23.039 s
Timestep : 779550, score : -4096.373207442841, Time : 22.977 s
Timestep : 788309, score : -4149.76171111819, Time : 22.971 s
Timestep : 797068, score : -4163.707325195341, Time : 23.039 s
Timestep : 805827, score : -4131.75946067358, Time : 23.039 s
Timestep : 814586, score : -4103.752282406582, Time : 22.956 s
Timestep : 823345, score : -4100.7323965672695, Time : 22.971 s
Timestep : 832104, score : -4117.703324729024, Time : 23.056 s
Timestep : 840863, score : -4108.917966231151, Time : 23.03 s
Timestep : 849622, score : -4046.038643663196, Time : 22.971 s
Timestep : 858381, score : -4083.527810425876, Time : 22.993 s
Timestep : 867140, score : -4228.14445132055, Time : 23.037 s
Timestep : 875899, score : -4091.612712846516, Time : 23.668 s
Starting local evaluation
Num Steps: 1000, Num episodes: 0
Num Steps: 2000, Num episodes: 0
Num Steps: 3000, Num episodes: 0
Num Steps: 4000, Num episodes: 0
Num Steps: 5000, Num episodes: 0
Num Steps: 6000, Num episodes: 0
Num Steps: 7000, Num episodes: 0
Num Steps: 8000, Num episodes: 0
Episode complete: 1 | Latest episode metrics: {'price_cost': 1.0008565206799407, 'emmision_cost': 1.0010323150036633}
[-0.23121872] -0.2312187229916872
Average Price Cost: 1.0008565206799407
Average Emmision Cost: 1.0010323150036633
Average of both costs: 1.000944417841802
Total time taken by agent: 3.7250946881249547s
DONE!
