{'agent': 'DQN', 'action_selection': 'egreedy', 'seed': 1, 'episodes': 100, 'data_path': 'data/citylearn_challenge_2022_phase_1', 'dry_run': False, 'n_discrete': 9, 'update_target': 4, 'lr': 0.0007, 'batch_size': 32, 'adam_epsilon': 0.0001, 'epsilon_final': 0.06, 'run_id': 359}
{'Notes': 'This is a tuning run, executed on a single building.',
 'action_selection': 'egreedy',
 'adam_epsilon': 0.0001,
 'env': '<NormalizeObservation<OneHotHour<DiscreteSingle<CityLearnEnv '
        'instance>>>>',
 'final_exploration_rate': 0.02,
 'final_exploration_step': 1000,
 'gamma': 0.99,
 'initial_exploration_rate': 1,
 'learning_rate': 0.0007,
 'loss': 'mse',
 'minibatch_size': 32,
 'network': 'MLP(\n'
            '  (layers): Sequential(\n'
            '    (0): Linear(in_features=29, out_features=128, bias=True)\n'
            '    (1): ReLU()\n'
            '    (2): Linear(in_features=128, out_features=128, bias=True)\n'
            '    (3): ReLU()\n'
            '    (4): Linear(in_features=128, out_features=9, bias=True)\n'
            '  )\n'
            ')',
 'replay_buffer_size': 10000,
 'replay_start_size': 32,
 'seed': 1,
 'train_steps': 876000,
 'update_frequency': 1,
 'update_target_frequency': 4,
 'weight_scale': 1.4142135623730951}
Timestep : 8758, score : -10295.620146755042, Time : 21.606 s
Timestep : 17517, score : -7346.284635122822, Time : 21.762 s
Timestep : 26276, score : -7568.1409121811885, Time : 21.788 s
Timestep : 35035, score : -9531.018116757987, Time : 22.676 s
Timestep : 43794, score : -6485.265806563228, Time : 22.157 s
Timestep : 52553, score : -6084.3993272211665, Time : 22.364 s
Timestep : 61312, score : -5441.573471333977, Time : 22.14 s
Timestep : 70071, score : -5171.7305742397, Time : 22.063 s
Timestep : 78830, score : -4870.550823097772, Time : 21.988 s
Timestep : 87589, score : -5086.20863734142, Time : 21.862 s
Timestep : 96348, score : -4866.1342211243755, Time : 21.855 s
Timestep : 105107, score : -4500.14983907601, Time : 21.857 s
Timestep : 113866, score : -4298.3728126709175, Time : 21.854 s
Timestep : 122625, score : -3849.341417750489, Time : 21.876 s
Timestep : 131384, score : -4076.717408525088, Time : 21.817 s
Timestep : 140143, score : -3724.9925388496195, Time : 21.846 s
Timestep : 148902, score : -3360.125525380601, Time : 21.828 s
Timestep : 157661, score : -3265.32673442534, Time : 21.824 s
Timestep : 166420, score : -2907.6163973445364, Time : 21.85 s
Timestep : 175179, score : -3327.752248793113, Time : 21.823 s
Timestep : 183938, score : -2934.8986549794936, Time : 22.301 s
Timestep : 192697, score : -3070.3659646860615, Time : 22.685 s
Timestep : 201456, score : -2853.3549527457217, Time : 22.317 s
Timestep : 210215, score : -3172.1616530967003, Time : 21.744 s
Timestep : 218974, score : -3102.9295583255225, Time : 22.323 s
Timestep : 227733, score : -3256.147020992852, Time : 22.338 s
Timestep : 236492, score : -3276.4492628023436, Time : 21.725 s
Timestep : 245251, score : -3183.7778143938776, Time : 22.264 s
Timestep : 254010, score : -2593.5564371547844, Time : 22.384 s
Timestep : 262769, score : -2872.974762211612, Time : 22.378 s
Timestep : 271528, score : -2621.8952878786076, Time : 22.372 s
Timestep : 280287, score : -2813.702505835361, Time : 22.378 s
Timestep : 289046, score : -2933.630963076168, Time : 22.392 s
Timestep : 297805, score : -3096.967365283781, Time : 22.378 s
Timestep : 306564, score : -2723.314439943948, Time : 22.386 s
Timestep : 315323, score : -2966.201778462535, Time : 22.38 s
Timestep : 324082, score : -2964.723629591361, Time : 22.365 s
Timestep : 332841, score : -2760.9468406561064, Time : 22.359 s
Timestep : 341600, score : -2844.1266264065925, Time : 22.354 s
Timestep : 350359, score : -2804.4256369753566, Time : 22.356 s
Timestep : 359118, score : -3019.1480977258893, Time : 22.37 s
Timestep : 367877, score : -2799.280408515857, Time : 22.353 s
Timestep : 376636, score : -2739.073630760984, Time : 22.358 s
Timestep : 385395, score : -2560.7980152743694, Time : 22.352 s
Timestep : 394154, score : -3030.564989605682, Time : 22.338 s
Timestep : 402913, score : -2920.713073672523, Time : 22.24 s
Timestep : 411672, score : -2801.3141911735584, Time : 21.866 s
Timestep : 420431, score : -2925.3679127513606, Time : 21.552 s
Timestep : 429190, score : -2699.205121017534, Time : 21.927 s
Timestep : 437949, score : -2812.2157412531014, Time : 22.176 s
Timestep : 446708, score : -2760.4221440655674, Time : 21.804 s
Timestep : 455467, score : -2851.5237984841515, Time : 22.174 s
Timestep : 464226, score : -3206.290297911404, Time : 22.176 s
Timestep : 472985, score : -2864.922302370862, Time : 22.173 s
Timestep : 481744, score : -2391.9682555992913, Time : 22.202 s
Timestep : 490503, score : -2501.871062781225, Time : 22.163 s
Timestep : 499262, score : -2314.190073462666, Time : 22.172 s
Timestep : 508021, score : -2363.6298699739855, Time : 22.207 s
Timestep : 516780, score : -2315.0863124563184, Time : 22.198 s
Timestep : 525539, score : -2115.8372006172576, Time : 22.196 s
Timestep : 534298, score : -2145.6758166433137, Time : 22.292 s
Timestep : 543057, score : -2164.7625766812853, Time : 22.425 s
Timestep : 551816, score : -2155.5198326315294, Time : 22.608 s
Timestep : 560575, score : -1537.2234507196408, Time : 22.582 s
Timestep : 569334, score : -2146.8666461486428, Time : 22.604 s
Timestep : 578093, score : -1917.716965327767, Time : 22.587 s
Timestep : 586852, score : -2236.6455575262225, Time : 22.441 s
Timestep : 595611, score : -2310.6141875649046, Time : 22.102 s
Timestep : 604370, score : -2291.5412841631623, Time : 22.6 s
Timestep : 613129, score : -2477.9874947284843, Time : 22.587 s
Timestep : 621888, score : -2391.6940654358186, Time : 22.527 s
Timestep : 630647, score : -2388.652707665955, Time : 22.596 s
Timestep : 639406, score : -2575.5023344219226, Time : 22.547 s
Timestep : 648165, score : -2377.8910508536064, Time : 22.604 s
Timestep : 656924, score : -2293.522096607863, Time : 22.581 s
Timestep : 665683, score : -2276.6964071471302, Time : 22.606 s
Timestep : 674442, score : -2136.4303173277585, Time : 22.587 s
Timestep : 683201, score : -2412.5252815633576, Time : 22.62 s
Timestep : 691960, score : -2053.4319343734824, Time : 22.493 s
Timestep : 700719, score : -2169.135422444, Time : 22.623 s
Timestep : 709478, score : -2560.8824815777625, Time : 22.622 s
Timestep : 718237, score : -1991.9634928246523, Time : 22.617 s
Timestep : 726996, score : -2068.8675852018496, Time : 22.642 s
Timestep : 735755, score : -2038.6656560127449, Time : 22.619 s
Timestep : 744514, score : -2209.8665373445547, Time : 22.643 s
Timestep : 753273, score : -2096.369278666709, Time : 22.726 s
Timestep : 762032, score : -1935.9666514460987, Time : 22.732 s
Timestep : 770791, score : -2082.075220290433, Time : 22.672 s
Timestep : 779550, score : -2039.9651318179967, Time : 22.552 s
Timestep : 788309, score : -2241.4193666981882, Time : 22.46 s
Timestep : 797068, score : -2192.5192011893087, Time : 22.681 s
Timestep : 805827, score : -2318.9886811410106, Time : 22.69 s
Timestep : 814586, score : -2265.7152821519485, Time : 22.687 s
Timestep : 823345, score : -2095.2452967826102, Time : 22.71 s
Timestep : 832104, score : -2229.2130279392295, Time : 22.405 s
Timestep : 840863, score : -2334.902541617649, Time : 22.256 s
Timestep : 849622, score : -2217.7587737489084, Time : 22.265 s
Timestep : 858381, score : -2040.2304915524583, Time : 22.247 s
Timestep : 867140, score : -1999.0008543027252, Time : 22.179 s
Timestep : 875899, score : -2006.8519126635802, Time : 21.931 s
Starting local evaluation
Num Steps: 1000, Num episodes: 0
Num Steps: 2000, Num episodes: 0
Num Steps: 3000, Num episodes: 0
Num Steps: 4000, Num episodes: 0
Num Steps: 5000, Num episodes: 0
Num Steps: 6000, Num episodes: 0
Num Steps: 7000, Num episodes: 0
Num Steps: 8000, Num episodes: 0
Episode complete: 1 | Latest episode metrics: {'price_cost': 0.8828810040768404, 'emmision_cost': 0.9798275120911064}
[-0.14310466] -0.14310465632485087
Average Price Cost: 0.8828810040768404
Average Emmision Cost: 0.9798275120911064
Average of both costs: 0.9313542580839734
Total time taken by agent: 2.5333419516682625s
DONE!
