{'agent': 'DQN', 'action_selection': 'softmax', 'seed': 1, 'episodes': 100, 'data_path': 'data/citylearn_challenge_2022_phase_1', 'dry_run': False, 'n_discrete': 9, 'update_target': 16, 'lr': 7e-05, 'batch_size': 256, 'adam_epsilon': 1e-09, 'epsilon_final': 0.02, 'run_id': 103}
{'Notes': 'This is a tuning run, executed on a single building.',
 'action_selection': 'softmax',
 'adam_epsilon': 1e-09,
 'env': '<NormalizeObservation<OneHotHour<DiscreteSingle<CityLearnEnv '
        'instance>>>>',
 'final_exploration_rate': 0.02,
 'final_exploration_step': 1000,
 'gamma': 0.99,
 'initial_exploration_rate': 1,
 'learning_rate': 7e-05,
 'loss': 'mse',
 'minibatch_size': 256,
 'network': 'MLP(\n'
            '  (layers): Sequential(\n'
            '    (0): Linear(in_features=29, out_features=128, bias=True)\n'
            '    (1): ReLU()\n'
            '    (2): Linear(in_features=128, out_features=128, bias=True)\n'
            '    (3): ReLU()\n'
            '    (4): Linear(in_features=128, out_features=9, bias=True)\n'
            '  )\n'
            ')',
 'replay_buffer_size': 10000,
 'replay_start_size': 256,
 'seed': 1,
 'train_steps': 876000,
 'update_frequency': 1,
 'update_target_frequency': 16,
 'weight_scale': 1.4142135623730951}
Timestep : 8758, score : -5122.941949710279, Time : 27.697 s
Timestep : 17517, score : -3871.8841120254074, Time : 29.399 s
Timestep : 26276, score : -3190.281197123026, Time : 30.898 s
Timestep : 35035, score : -2753.8340520713537, Time : 31.288 s
Timestep : 43794, score : -2628.610834090694, Time : 31.357 s
Timestep : 52553, score : -2474.4116865297838, Time : 31.314 s
Timestep : 61312, score : -2795.9481143870216, Time : 31.332 s
Timestep : 70071, score : -2425.0258329810167, Time : 31.369 s
Timestep : 78830, score : -2053.1222489478823, Time : 31.269 s
Timestep : 87589, score : -1751.0909892501368, Time : 31.3 s
Timestep : 96348, score : -1659.910889538849, Time : 31.374 s
Timestep : 105107, score : -1633.2957188120636, Time : 31.336 s
Timestep : 113866, score : -1718.4573812505987, Time : 31.305 s
Timestep : 122625, score : -2067.931824118743, Time : 31.252 s
Timestep : 131384, score : -1883.6832579265174, Time : 31.246 s
Timestep : 140143, score : -1839.6262265786354, Time : 31.283 s
Timestep : 148902, score : -1667.5110351560143, Time : 31.298 s
Timestep : 157661, score : -1624.2875150352775, Time : 31.273 s
Timestep : 166420, score : -1693.557939275117, Time : 31.246 s
Timestep : 175179, score : -2059.7986301489436, Time : 31.267 s
Timestep : 183938, score : -1961.106947909837, Time : 31.238 s
Timestep : 192697, score : -1801.1476978378196, Time : 31.295 s
Timestep : 201456, score : -1919.731788765086, Time : 31.302 s
Timestep : 210215, score : -1832.591566548479, Time : 31.297 s
Timestep : 218974, score : -1968.8825459285872, Time : 31.218 s
Timestep : 227733, score : -1939.022934481458, Time : 31.329 s
Timestep : 236492, score : -1637.9044105338253, Time : 31.315 s
Timestep : 245251, score : -1585.2928086899628, Time : 31.255 s
Timestep : 254010, score : -1499.890818693937, Time : 31.324 s
Timestep : 262769, score : -1619.913238912617, Time : 31.34 s
Timestep : 271528, score : -1341.7121631205955, Time : 31.291 s
Timestep : 280287, score : -1254.9459934177576, Time : 31.279 s
Timestep : 289046, score : -1318.8392745479505, Time : 31.262 s
Timestep : 297805, score : -1342.1465655353677, Time : 31.279 s
Timestep : 306564, score : -1457.7633891154837, Time : 31.299 s
Timestep : 315323, score : -1170.960261309665, Time : 31.307 s
Timestep : 324082, score : -1081.437689639075, Time : 31.302 s
Timestep : 332841, score : -1162.814587245026, Time : 30.401 s
Timestep : 341600, score : -1107.7798509422864, Time : 30.765 s
Timestep : 350359, score : -1241.4228834517126, Time : 31.43 s
Timestep : 359118, score : -1191.8083209225151, Time : 31.428 s
Timestep : 367877, score : -1043.8116762513819, Time : 31.45 s
Timestep : 376636, score : -1035.015010278934, Time : 30.405 s
Timestep : 385395, score : -1094.9463177010475, Time : 30.497 s
Timestep : 394154, score : -1364.886269681534, Time : 29.421 s
Timestep : 402913, score : -1175.2345591963094, Time : 30.189 s
Timestep : 411672, score : -1309.949203936645, Time : 31.355 s
Timestep : 420431, score : -1304.5295814954734, Time : 31.392 s
Timestep : 429190, score : -1245.237739021337, Time : 31.382 s
Timestep : 437949, score : -1158.5673403125547, Time : 31.397 s
Timestep : 446708, score : -1046.0094100957067, Time : 31.415 s
Timestep : 455467, score : -1111.696461880667, Time : 31.245 s
Timestep : 464226, score : -1019.423466975597, Time : 31.343 s
Timestep : 472985, score : -867.2113896457304, Time : 31.448 s
Timestep : 481744, score : -925.3897503236367, Time : 31.444 s
Timestep : 490503, score : -1152.3039574479044, Time : 31.418 s
Timestep : 499262, score : -923.3882813207165, Time : 31.39 s
Timestep : 508021, score : -1082.864820055227, Time : 31.458 s
Timestep : 516780, score : -985.6964155924798, Time : 31.357 s
Timestep : 525539, score : -954.2183689975936, Time : 31.259 s
Timestep : 534298, score : -927.1689861810592, Time : 31.464 s
Timestep : 543057, score : -858.830687337002, Time : 31.298 s
Timestep : 551816, score : -936.5772523690684, Time : 31.165 s
Timestep : 560575, score : -968.1288995363575, Time : 31.479 s
Timestep : 569334, score : -926.4942662732501, Time : 31.151 s
Timestep : 578093, score : -1088.665145778301, Time : 31.157 s
Timestep : 586852, score : -1391.9995489170833, Time : 31.421 s
Timestep : 595611, score : -1150.41315156364, Time : 31.402 s
Timestep : 604370, score : -1095.9701555643987, Time : 31.371 s
Timestep : 613129, score : -1001.3217624430836, Time : 30.989 s
Timestep : 621888, score : -949.9273496605019, Time : 30.441 s
Timestep : 630647, score : -935.6199039423664, Time : 31.4 s
Timestep : 639406, score : -838.834379944281, Time : 31.402 s
Timestep : 648165, score : -1060.8822102484119, Time : 29.896 s
Timestep : 656924, score : -800.7635588080448, Time : 30.758 s
Timestep : 665683, score : -964.6032910002687, Time : 31.422 s
Timestep : 674442, score : -804.4078488478262, Time : 31.425 s
Timestep : 683201, score : -858.3691805934359, Time : 30.675 s
Timestep : 691960, score : -917.0053787266661, Time : 29.499 s
Timestep : 700719, score : -998.9492783252208, Time : 31.34 s
Timestep : 709478, score : -833.0376713311125, Time : 31.338 s
Timestep : 718237, score : -980.1198588738043, Time : 31.338 s
Timestep : 726996, score : -1134.9767079301237, Time : 31.314 s
Timestep : 735755, score : -1074.9708333990711, Time : 31.279 s
Timestep : 744514, score : -909.7714713764435, Time : 31.273 s
Timestep : 753273, score : -909.8715301903721, Time : 31.338 s
Timestep : 762032, score : -981.738548987807, Time : 31.302 s
Timestep : 770791, score : -1019.9877257685002, Time : 31.373 s
Timestep : 779550, score : -1080.4623182565847, Time : 31.345 s
Timestep : 788309, score : -931.2172956251597, Time : 31.32 s
Timestep : 797068, score : -1019.2796890957106, Time : 31.362 s
Timestep : 805827, score : -1127.0085486461467, Time : 31.351 s
Timestep : 814586, score : -1046.2187962972384, Time : 31.156 s
Timestep : 823345, score : -844.6322694591072, Time : 29.463 s
Timestep : 832104, score : -739.6689020376944, Time : 30.932 s
Timestep : 840863, score : -1062.0277483284299, Time : 31.425 s
Timestep : 849622, score : -979.4764593935397, Time : 31.445 s
Timestep : 858381, score : -945.0887937567022, Time : 31.42 s
Timestep : 867140, score : -900.6962715321279, Time : 31.454 s
Timestep : 875899, score : -851.394563352078, Time : 30.404 s
Starting local evaluation
Num Steps: 1000, Num episodes: 0
Num Steps: 2000, Num episodes: 0
Num Steps: 3000, Num episodes: 0
Num Steps: 4000, Num episodes: 0
Num Steps: 5000, Num episodes: 0
Num Steps: 6000, Num episodes: 0
Num Steps: 7000, Num episodes: 0
Num Steps: 8000, Num episodes: 0
Episode complete: 1 | Latest episode metrics: {'price_cost': 0.8120709505275939, 'emmision_cost': 0.8995785501286243}
[-0.05041534] -0.05041533654232094
Average Price Cost: 0.8120709505275939
Average Emmision Cost: 0.8995785501286243
Average of both costs: 0.8558247503281091
Total time taken by agent: 3.9584302362054586s
DONE!
