{'agent': 'DQN', 'action_selection': 'egreedy', 'seed': 1, 'episodes': 100, 'data_path': 'data/citylearn_challenge_2022_phase_1', 'dry_run': False, 'n_discrete': 9, 'update_target': 16, 'lr': 1e-05, 'batch_size': 1, 'adam_epsilon': 1e-08, 'epsilon_final': 0.1, 'run_id': 385}
{'Notes': 'This is a tuning run, executed on a single building.',
 'action_selection': 'egreedy',
 'adam_epsilon': 1e-08,
 'env': '<NormalizeObservation<OneHotHour<DiscreteSingle<CityLearnEnv '
        'instance>>>>',
 'final_exploration_rate': 0.02,
 'final_exploration_step': 1000,
 'gamma': 0.99,
 'initial_exploration_rate': 1,
 'learning_rate': 1e-05,
 'loss': 'mse',
 'minibatch_size': 1,
 'network': 'MLP(\n'
            '  (layers): Sequential(\n'
            '    (0): Linear(in_features=29, out_features=128, bias=True)\n'
            '    (1): ReLU()\n'
            '    (2): Linear(in_features=128, out_features=128, bias=True)\n'
            '    (3): ReLU()\n'
            '    (4): Linear(in_features=128, out_features=9, bias=True)\n'
            '  )\n'
            ')',
 'replay_buffer_size': 10000,
 'replay_start_size': 1,
 'seed': 1,
 'train_steps': 876000,
 'update_frequency': 1,
 'update_target_frequency': 16,
 'weight_scale': 1.4142135623730951}
Timestep : 8758, score : -6420.157608884649, Time : 20.882 s
Timestep : 17517, score : -5079.06002604161, Time : 20.908 s
Timestep : 26276, score : -5617.117268615781, Time : 20.977 s
Timestep : 35035, score : -5862.691286223504, Time : 21.098 s
Timestep : 43794, score : -5270.549410686275, Time : 20.948 s
Timestep : 52553, score : -5789.655558118509, Time : 21.114 s
Timestep : 61312, score : -5186.362117817072, Time : 21.047 s
Timestep : 70071, score : -5214.411229517806, Time : 21.398 s
Timestep : 78830, score : -4923.732440953521, Time : 21.015 s
Timestep : 87589, score : -5417.38962651536, Time : 21.035 s
Timestep : 96348, score : -5375.536327350797, Time : 21.025 s
Timestep : 105107, score : -5105.829720126843, Time : 21.737 s
Timestep : 113866, score : -5466.871157539339, Time : 21.363 s
Timestep : 122625, score : -4514.0435392003565, Time : 21.635 s
Timestep : 131384, score : -5526.691994555786, Time : 20.983 s
Timestep : 140143, score : -4881.357135755388, Time : 21.035 s
Timestep : 148902, score : -5262.912738177838, Time : 22.265 s
Timestep : 157661, score : -5007.253098835616, Time : 22.482 s
Timestep : 166420, score : -4527.370861553965, Time : 21.659 s
Timestep : 175179, score : -4785.183236265002, Time : 21.634 s
Timestep : 183938, score : -4374.064714284061, Time : 21.622 s
Timestep : 192697, score : -4355.1683104340045, Time : 21.177 s
Timestep : 201456, score : -4770.556871627836, Time : 21.295 s
Timestep : 210215, score : -4492.052610064653, Time : 21.268 s
Timestep : 218974, score : -4589.071091059042, Time : 21.283 s
Timestep : 227733, score : -4599.108034491917, Time : 21.04 s
Timestep : 236492, score : -4725.274039596698, Time : 21.04 s
Timestep : 245251, score : -4564.232316221489, Time : 21.15 s
Timestep : 254010, score : -4619.373872193537, Time : 21.331 s
Timestep : 262769, score : -4773.704851141272, Time : 21.904 s
Timestep : 271528, score : -4551.236404008305, Time : 22.985 s
Timestep : 280287, score : -4398.180890075775, Time : 21.823 s
Timestep : 289046, score : -4904.325951226056, Time : 21.643 s
Timestep : 297805, score : -4370.538472785993, Time : 21.641 s
Timestep : 306564, score : -4723.274735929823, Time : 21.579 s
Timestep : 315323, score : -4457.163602130211, Time : 21.498 s
Timestep : 324082, score : -4471.66232244212, Time : 21.137 s
Timestep : 332841, score : -4579.018696771076, Time : 21.394 s
Timestep : 341600, score : -4541.562933923124, Time : 21.471 s
Timestep : 350359, score : -4768.398736433504, Time : 21.61 s
Timestep : 359118, score : -4414.989407952322, Time : 21.492 s
Timestep : 367877, score : -4474.3165387716435, Time : 21.771 s
Timestep : 376636, score : -4542.267821213609, Time : 21.583 s
Timestep : 385395, score : -4517.457804383157, Time : 22.278 s
Timestep : 394154, score : -4450.501818084231, Time : 22.227 s
Timestep : 402913, score : -4542.5608522120165, Time : 21.841 s
Timestep : 411672, score : -4441.598440209476, Time : 21.35 s
Timestep : 420431, score : -4298.673034938431, Time : 21.444 s
Timestep : 429190, score : -4367.469895302231, Time : 21.324 s
Timestep : 437949, score : -4396.0710625400825, Time : 21.321 s
Timestep : 446708, score : -4746.421668227951, Time : 21.342 s
Timestep : 455467, score : -4299.209068869619, Time : 21.472 s
Timestep : 464226, score : -4178.200599111689, Time : 21.694 s
Timestep : 472985, score : -4077.0074886578514, Time : 21.528 s
Timestep : 481744, score : -4264.891096164851, Time : 21.507 s
Timestep : 490503, score : -4269.734583634025, Time : 21.412 s
Timestep : 499262, score : -3974.2514321693016, Time : 22.241 s
Timestep : 508021, score : -4143.352452912441, Time : 22.236 s
Timestep : 516780, score : -3848.6853905805183, Time : 21.465 s
Timestep : 525539, score : -3808.8430028212315, Time : 21.103 s
Timestep : 534298, score : -3760.0233745387814, Time : 21.334 s
Timestep : 543057, score : -3607.232612209933, Time : 21.502 s
Timestep : 551816, score : -3619.6304340936767, Time : 21.372 s
Timestep : 560575, score : -3600.9994302926643, Time : 21.276 s
Timestep : 569334, score : -3649.131052797573, Time : 21.59 s
Timestep : 578093, score : -3789.3603855435067, Time : 21.425 s
Timestep : 586852, score : -3503.706900041463, Time : 21.614 s
Timestep : 595611, score : -3402.599777821597, Time : 22.006 s
Timestep : 604370, score : -3356.158449311348, Time : 21.994 s
Timestep : 613129, score : -3776.6699694093113, Time : 22.003 s
Timestep : 621888, score : -3628.950711975878, Time : 22.515 s
Timestep : 630647, score : -3579.5652311400045, Time : 21.526 s
Timestep : 639406, score : -3339.248201904935, Time : 21.438 s
Timestep : 648165, score : -3313.257146752818, Time : 21.616 s
Timestep : 656924, score : -3715.7598887564673, Time : 21.453 s
Timestep : 665683, score : -3441.3650647033064, Time : 21.674 s
Timestep : 674442, score : -3512.5900167947693, Time : 21.54 s
Timestep : 683201, score : -3390.4174975123315, Time : 21.532 s
Timestep : 691960, score : -3503.1924762550043, Time : 21.474 s
Timestep : 700719, score : -3470.5998873403587, Time : 21.561 s
Timestep : 709478, score : -3860.9631218937284, Time : 21.122 s
Timestep : 718237, score : -3667.620027986828, Time : 21.536 s
Timestep : 726996, score : -3478.855104631024, Time : 21.274 s
Timestep : 735755, score : -3745.743327286473, Time : 21.077 s
Timestep : 744514, score : -3905.1483678066434, Time : 21.051 s
Timestep : 753273, score : -3603.3898227652826, Time : 22.975 s
Timestep : 762032, score : -3385.6176000595588, Time : 21.08 s
Timestep : 770791, score : -3308.1053059161204, Time : 21.415 s
Timestep : 779550, score : -3459.3260243926925, Time : 22.064 s
Timestep : 788309, score : -3568.5353448965616, Time : 22.873 s
Timestep : 797068, score : -3276.509766648436, Time : 21.912 s
Timestep : 805827, score : -3224.403897362208, Time : 21.318 s
Timestep : 814586, score : -3349.8621711744054, Time : 21.008 s
Timestep : 823345, score : -3329.6771723833663, Time : 21.442 s
Timestep : 832104, score : -3238.0102592057374, Time : 21.058 s
Timestep : 840863, score : -3568.431909143066, Time : 21.636 s
Timestep : 849622, score : -3537.3704642290977, Time : 21.624 s
Timestep : 858381, score : -3747.3990144921263, Time : 21.613 s
Timestep : 867140, score : -3800.9501807178167, Time : 21.224 s
Timestep : 875899, score : -3511.2304168785486, Time : 21.644 s
Starting local evaluation
Num Steps: 1000, Num episodes: 0
Num Steps: 2000, Num episodes: 0
Num Steps: 3000, Num episodes: 0
Num Steps: 4000, Num episodes: 0
Num Steps: 5000, Num episodes: 0
Num Steps: 6000, Num episodes: 0
Num Steps: 7000, Num episodes: 0
Num Steps: 8000, Num episodes: 0
Episode complete: 1 | Latest episode metrics: {'price_cost': 0.9565960156011069, 'emmision_cost': 1.0348475455010198}
[-0.222784] -0.22278400369209791
Average Price Cost: 0.9565960156011069
Average Emmision Cost: 1.0348475455010198
Average of both costs: 0.9957217805510633
Total time taken by agent: 2.612609637202695s
DONE!
