{'agent': 'DQN', 'action_selection': 'softmax', 'seed': 1, 'episodes': 100, 'data_path': 'data/citylearn_challenge_2022_phase_1', 'dry_run': False, 'n_discrete': 9, 'update_target': 32, 'lr': 0.01, 'batch_size': 2, 'adam_epsilon': 1e-07, 'epsilon_final': 0.02, 'run_id': 167}
{'Notes': 'This is a tuning run, executed on a single building.',
 'action_selection': 'softmax',
 'adam_epsilon': 1e-07,
 'env': '<NormalizeObservation<OneHotHour<DiscreteSingle<CityLearnEnv '
        'instance>>>>',
 'final_exploration_rate': 0.02,
 'final_exploration_step': 1000,
 'gamma': 0.99,
 'initial_exploration_rate': 1,
 'learning_rate': 0.01,
 'loss': 'mse',
 'minibatch_size': 2,
 'network': 'MLP(\n'
            '  (layers): Sequential(\n'
            '    (0): Linear(in_features=29, out_features=128, bias=True)\n'
            '    (1): ReLU()\n'
            '    (2): Linear(in_features=128, out_features=128, bias=True)\n'
            '    (3): ReLU()\n'
            '    (4): Linear(in_features=128, out_features=9, bias=True)\n'
            '  )\n'
            ')',
 'replay_buffer_size': 10000,
 'replay_start_size': 2,
 'seed': 1,
 'train_steps': 876000,
 'update_frequency': 1,
 'update_target_frequency': 32,
 'weight_scale': 1.4142135623730951}
Timestep : 8758, score : -6182.035964909854, Time : 22.396 s
Timestep : 17517, score : -5769.456992738327, Time : 22.395 s
Timestep : 26276, score : -5935.781233159272, Time : 22.619 s
Timestep : 35035, score : -6044.432187736093, Time : 22.768 s
Timestep : 43794, score : -6088.046815323134, Time : 22.735 s
Timestep : 52553, score : -5721.238757606043, Time : 22.732 s
Timestep : 61312, score : -6262.863740191242, Time : 22.766 s
Timestep : 70071, score : -5929.398678150406, Time : 22.747 s
Timestep : 78830, score : -5957.903953033063, Time : 22.747 s
Timestep : 87589, score : -6061.809324138128, Time : 22.768 s
Timestep : 96348, score : -5831.014516689262, Time : 22.791 s
Timestep : 105107, score : -5771.181410012679, Time : 22.787 s
Timestep : 113866, score : -5849.018357630848, Time : 22.768 s
Timestep : 122625, score : -5905.984532125673, Time : 22.802 s
Timestep : 131384, score : -6361.577197361883, Time : 22.744 s
Timestep : 140143, score : -6429.167434297255, Time : 22.798 s
Timestep : 148902, score : -6217.430317282473, Time : 22.781 s
Timestep : 157661, score : -6592.02954924517, Time : 22.814 s
Timestep : 166420, score : -6705.400842919436, Time : 22.82 s
Timestep : 175179, score : -6001.039112590632, Time : 22.564 s
Timestep : 183938, score : -6198.397226006055, Time : 22.746 s
Timestep : 192697, score : -5952.240097378104, Time : 22.785 s
Timestep : 201456, score : -6085.2276779007225, Time : 22.814 s
Timestep : 210215, score : -5694.131014024111, Time : 22.768 s
Timestep : 218974, score : -5859.179685775569, Time : 22.803 s
Timestep : 227733, score : -5825.153172496655, Time : 22.744 s
Timestep : 236492, score : -5614.056328930223, Time : 22.781 s
Timestep : 245251, score : -5776.4609363070995, Time : 22.787 s
Timestep : 254010, score : -5714.306432172103, Time : 22.476 s
Timestep : 262769, score : -5887.942434971832, Time : 22.659 s
Timestep : 271528, score : -5787.127124540653, Time : 22.685 s
Timestep : 280287, score : -5886.822325964124, Time : 22.774 s
Timestep : 289046, score : -5747.850220965251, Time : 22.316 s
Timestep : 297805, score : -5551.028936331932, Time : 22.259 s
Timestep : 306564, score : -5867.393254402865, Time : 22.76 s
Timestep : 315323, score : -6139.636860877043, Time : 22.205 s
Timestep : 324082, score : -5935.880902804813, Time : 22.784 s
Timestep : 332841, score : -6051.046467899723, Time : 22.735 s
Timestep : 341600, score : -5456.454140682617, Time : 22.221 s
Timestep : 350359, score : -5698.04507240784, Time : 22.613 s
Timestep : 359118, score : -5863.614865186304, Time : 22.924 s
Timestep : 367877, score : -5818.124467377813, Time : 22.501 s
Timestep : 376636, score : -6149.050438060804, Time : 22.384 s
Timestep : 385395, score : -6022.532163506054, Time : 22.341 s
Timestep : 394154, score : -5761.165746584098, Time : 22.572 s
Timestep : 402913, score : -5979.231522108617, Time : 22.293 s
Timestep : 411672, score : -5936.537717016094, Time : 22.223 s
Timestep : 420431, score : -5931.320468209247, Time : 22.236 s
Timestep : 429190, score : -6060.773373821357, Time : 22.621 s
Timestep : 437949, score : -5759.107872580134, Time : 22.733 s
Timestep : 446708, score : -5857.562965543606, Time : 22.793 s
Timestep : 455467, score : -5743.026551010931, Time : 22.389 s
Timestep : 464226, score : -6067.868723905791, Time : 22.189 s
Timestep : 472985, score : -6085.484570407032, Time : 22.424 s
Timestep : 481744, score : -6016.417917414714, Time : 22.304 s
Timestep : 490503, score : -6057.351350391909, Time : 22.628 s
Timestep : 499262, score : -6114.220971527073, Time : 23.035 s
Timestep : 508021, score : -6744.695389877568, Time : 22.961 s
Timestep : 516780, score : -6261.49215646743, Time : 22.513 s
Timestep : 525539, score : -6265.306386292839, Time : 22.941 s
Timestep : 534298, score : -6106.7523136760865, Time : 22.959 s
Timestep : 543057, score : -6300.094731241494, Time : 22.898 s
Timestep : 551816, score : -6171.549572644479, Time : 22.946 s
Timestep : 560575, score : -6121.671267229205, Time : 22.72 s
Timestep : 569334, score : -6153.590009077598, Time : 22.297 s
Timestep : 578093, score : -6269.537934701104, Time : 22.613 s
Timestep : 586852, score : -6640.414395016385, Time : 22.953 s
Timestep : 595611, score : -6133.1103299645765, Time : 22.776 s
Timestep : 604370, score : -6930.051939642319, Time : 22.641 s
Timestep : 613129, score : -7172.180259309596, Time : 22.403 s
Timestep : 621888, score : -6609.747025386154, Time : 22.744 s
Timestep : 630647, score : -6845.960749855803, Time : 23.051 s
Timestep : 639406, score : -6323.802964928822, Time : 22.957 s
Timestep : 648165, score : -5889.296083977984, Time : 23.065 s
Timestep : 656924, score : -6369.010324433708, Time : 22.466 s
Timestep : 665683, score : -6592.3398631554155, Time : 22.757 s
Timestep : 674442, score : -6160.074314034253, Time : 22.907 s
Timestep : 683201, score : -5988.621478747838, Time : 22.263 s
Timestep : 691960, score : -6554.427668696691, Time : 22.638 s
Timestep : 700719, score : -6401.977366826177, Time : 22.751 s
Timestep : 709478, score : -6250.144005097012, Time : 22.418 s
Timestep : 718237, score : -6183.366474835857, Time : 22.64 s
Timestep : 726996, score : -6531.617042226746, Time : 22.818 s
Timestep : 735755, score : -6269.243983119639, Time : 22.836 s
Timestep : 744514, score : -6444.644158205978, Time : 22.842 s
Timestep : 753273, score : -6262.9288798411435, Time : 22.815 s
Timestep : 762032, score : -6108.225022030092, Time : 22.816 s
Timestep : 770791, score : -6369.559380076738, Time : 22.774 s
Timestep : 779550, score : -6426.769701869649, Time : 22.675 s
Timestep : 788309, score : -6638.112500676376, Time : 22.733 s
Timestep : 797068, score : -6270.796965568123, Time : 22.751 s
Timestep : 805827, score : -6603.96927069177, Time : 22.652 s
Timestep : 814586, score : -6336.25249676386, Time : 22.611 s
Timestep : 823345, score : -5759.113422175782, Time : 22.425 s
Timestep : 832104, score : -5989.23418164756, Time : 22.17 s
Timestep : 840863, score : -6217.367112678432, Time : 22.126 s
Timestep : 849622, score : -5616.023218731658, Time : 22.324 s
Timestep : 858381, score : -5796.849865216907, Time : 22.458 s
Timestep : 867140, score : -6151.763852056189, Time : 22.154 s
Timestep : 875899, score : -5927.15368731544, Time : 22.114 s
Starting local evaluation
Num Steps: 1000, Num episodes: 0
Num Steps: 2000, Num episodes: 0
Num Steps: 3000, Num episodes: 0
Num Steps: 4000, Num episodes: 0
Num Steps: 5000, Num episodes: 0
Num Steps: 6000, Num episodes: 0
Num Steps: 7000, Num episodes: 0
Num Steps: 8000, Num episodes: 0
Episode complete: 1 | Latest episode metrics: {'price_cost': 1.0, 'emmision_cost': 1.0}
[-0.23006123] -0.23006122589809516
Average Price Cost: 1.0
Average Emmision Cost: 1.0
Average of both costs: 1.0
Total time taken by agent: 3.708602152764797s
DONE!
