{'agent': 'DQN', 'action_selection': 'egreedy', 'seed': 1, 'episodes': 100, 'data_path': 'data/citylearn_challenge_2022_phase_1', 'dry_run': False, 'n_discrete': 9, 'update_target': 8, 'lr': 0.01, 'batch_size': 128, 'adam_epsilon': 1e-10, 'epsilon_final': 0.06, 'run_id': 338}
{'Notes': 'This is a tuning run, executed on a single building.',
 'action_selection': 'egreedy',
 'adam_epsilon': 1e-10,
 'env': '<NormalizeObservation<OneHotHour<DiscreteSingle<CityLearnEnv '
        'instance>>>>',
 'final_exploration_rate': 0.02,
 'final_exploration_step': 1000,
 'gamma': 0.99,
 'initial_exploration_rate': 1,
 'learning_rate': 0.01,
 'loss': 'mse',
 'minibatch_size': 128,
 'network': 'MLP(\n'
            '  (layers): Sequential(\n'
            '    (0): Linear(in_features=29, out_features=128, bias=True)\n'
            '    (1): ReLU()\n'
            '    (2): Linear(in_features=128, out_features=128, bias=True)\n'
            '    (3): ReLU()\n'
            '    (4): Linear(in_features=128, out_features=9, bias=True)\n'
            '  )\n'
            ')',
 'replay_buffer_size': 10000,
 'replay_start_size': 128,
 'seed': 1,
 'train_steps': 876000,
 'update_frequency': 1,
 'update_target_frequency': 8,
 'weight_scale': 1.4142135623730951}
Timestep : 8758, score : -9968.883053726779, Time : 24.36 s
Timestep : 17517, score : -8702.86739619165, Time : 24.858 s
Timestep : 26276, score : -9999.917066108741, Time : 24.942 s
Timestep : 35035, score : -9731.17310842465, Time : 24.956 s
Timestep : 43794, score : -11084.64510427865, Time : 25.144 s
Timestep : 52553, score : -12072.300574188077, Time : 26.84 s
Timestep : 61312, score : -10640.075255258547, Time : 26.832 s
Timestep : 70071, score : -13243.96718697455, Time : 26.833 s
Timestep : 78830, score : -12253.309669202077, Time : 25.167 s
Timestep : 87589, score : -12515.17968093224, Time : 25.001 s
Timestep : 96348, score : -13794.09758083296, Time : 24.969 s
Timestep : 105107, score : -13950.492279645827, Time : 24.963 s
Timestep : 113866, score : -14560.262394454272, Time : 26.618 s
Timestep : 122625, score : -14452.898538336027, Time : 26.845 s
Timestep : 131384, score : -15163.109550059962, Time : 26.812 s
Timestep : 140143, score : -15460.02093080664, Time : 26.832 s
Timestep : 148902, score : -15250.892776728797, Time : 26.86 s
Timestep : 157661, score : -15411.86442845699, Time : 26.834 s
Timestep : 166420, score : -15315.265806592768, Time : 26.851 s
Timestep : 175179, score : -15210.306125667354, Time : 26.837 s
Timestep : 183938, score : -14753.398538005971, Time : 26.828 s
Timestep : 192697, score : -13785.887202384547, Time : 26.844 s
Timestep : 201456, score : -15318.461733948789, Time : 26.826 s
Timestep : 210215, score : -14373.892087749446, Time : 26.857 s
Timestep : 218974, score : -14982.379763947116, Time : 26.752 s
Timestep : 227733, score : -14927.88816238755, Time : 26.854 s
Timestep : 236492, score : -14597.741082883862, Time : 26.836 s
Timestep : 245251, score : -15564.49725128655, Time : 26.399 s
Timestep : 254010, score : -15643.795408323072, Time : 27.02 s
Timestep : 262769, score : -15130.081682603064, Time : 26.797 s
Timestep : 271528, score : -15377.317551353313, Time : 26.851 s
Timestep : 280287, score : -15703.15317913246, Time : 26.857 s
Timestep : 289046, score : -15408.330017745873, Time : 26.863 s
Timestep : 297805, score : -15157.86444919766, Time : 26.835 s
Timestep : 306564, score : -15322.748057275283, Time : 26.848 s
Timestep : 315323, score : -15135.649498903324, Time : 26.863 s
Timestep : 324082, score : -14936.288330241572, Time : 26.865 s
Timestep : 332841, score : -15289.750868182702, Time : 26.834 s
Timestep : 341600, score : -14715.207202722318, Time : 26.842 s
Timestep : 350359, score : -14577.43269169559, Time : 26.849 s
Timestep : 359118, score : -14820.704565054148, Time : 26.83 s
Timestep : 367877, score : -14607.083594345037, Time : 26.854 s
Timestep : 376636, score : -14774.173753971772, Time : 26.85 s
Timestep : 385395, score : -15057.773592035403, Time : 26.862 s
Timestep : 394154, score : -14942.886376009978, Time : 26.85 s
Timestep : 402913, score : -14864.110732224886, Time : 26.847 s
Timestep : 411672, score : -15040.615984348231, Time : 26.828 s
Timestep : 420431, score : -15321.301476485969, Time : 26.839 s
Timestep : 429190, score : -14825.701199821851, Time : 25.518 s
Timestep : 437949, score : -15474.647646810743, Time : 25.024 s
Timestep : 446708, score : -14806.588895774752, Time : 25.04 s
Timestep : 455467, score : -13776.281582840951, Time : 25.201 s
Timestep : 464226, score : -14141.373535103005, Time : 25.483 s
Timestep : 472985, score : -14898.730441879321, Time : 26.204 s
Timestep : 481744, score : -14680.266275086848, Time : 26.055 s
Timestep : 490503, score : -14866.733219593443, Time : 26.709 s
Timestep : 499262, score : -14629.232442564215, Time : 25.757 s
Timestep : 508021, score : -15127.179192892392, Time : 25.229 s
Timestep : 516780, score : -13791.604066087704, Time : 24.93 s
Timestep : 525539, score : -14055.092921684147, Time : 24.86 s
Timestep : 534298, score : -14963.246991736261, Time : 26.462 s
Timestep : 543057, score : -13893.829562714029, Time : 25.6 s
Timestep : 551816, score : -13968.449031833865, Time : 24.995 s
Timestep : 560575, score : -14043.590548672742, Time : 25.075 s
Timestep : 569334, score : -13176.455233196612, Time : 24.988 s
Timestep : 578093, score : -13144.742976968133, Time : 24.977 s
Timestep : 586852, score : -12986.116106005968, Time : 24.964 s
Timestep : 595611, score : -12474.649049665662, Time : 24.944 s
Timestep : 604370, score : -12336.857982616639, Time : 24.959 s
Timestep : 613129, score : -12543.819709443022, Time : 24.964 s
Timestep : 621888, score : -12326.642495355874, Time : 25.029 s
Timestep : 630647, score : -12274.05664736424, Time : 25.109 s
Timestep : 639406, score : -10061.482390545687, Time : 25.851 s
Timestep : 648165, score : -10992.505129003039, Time : 24.941 s
Timestep : 656924, score : -11930.161240118163, Time : 24.965 s
Timestep : 665683, score : -13998.591732208966, Time : 24.966 s
Timestep : 674442, score : -11416.901933075584, Time : 25.919 s
Timestep : 683201, score : -12606.373433127905, Time : 24.958 s
Timestep : 691960, score : -11649.753703241255, Time : 24.893 s
Timestep : 700719, score : -10504.297588690955, Time : 24.7 s
Timestep : 709478, score : -10880.573018094437, Time : 24.666 s
Timestep : 718237, score : -11124.047025014603, Time : 24.685 s
Timestep : 726996, score : -12425.102574926641, Time : 25.422 s
Timestep : 735755, score : -12707.850229135453, Time : 26.099 s
Timestep : 744514, score : -12030.444902409406, Time : 26.531 s
Timestep : 753273, score : -10982.93190642356, Time : 26.534 s
Timestep : 762032, score : -10686.508912001998, Time : 26.503 s
Timestep : 770791, score : -9891.691079512937, Time : 25.963 s
Timestep : 779550, score : -9072.704237342608, Time : 25.423 s
Timestep : 788309, score : -8619.154305221004, Time : 26.509 s
Timestep : 797068, score : -8349.735052248958, Time : 26.569 s
Timestep : 805827, score : -8542.08859632288, Time : 24.991 s
Timestep : 814586, score : -9140.427198011806, Time : 24.807 s
Timestep : 823345, score : -8218.944252979898, Time : 26.52 s
Timestep : 832104, score : -8405.196999135806, Time : 26.531 s
Timestep : 840863, score : -8193.516122108864, Time : 25.296 s
Timestep : 849622, score : -8418.463852629095, Time : 24.667 s
Timestep : 858381, score : -8109.762062249036, Time : 25.308 s
Timestep : 867140, score : -8127.22620159293, Time : 24.685 s
Timestep : 875899, score : -8085.9632963480035, Time : 26.386 s
Starting local evaluation
Num Steps: 1000, Num episodes: 0
Num Steps: 2000, Num episodes: 0
Num Steps: 3000, Num episodes: 0
Num Steps: 4000, Num episodes: 0
Num Steps: 5000, Num episodes: 0
Num Steps: 6000, Num episodes: 0
Num Steps: 7000, Num episodes: 0
Num Steps: 8000, Num episodes: 0
Episode complete: 1 | Latest episode metrics: {'price_cost': 1.1505867007251156, 'emmision_cost': 1.1782125284534641}
[-0.43162919] -0.43162918515402615
Average Price Cost: 1.1505867007251156
Average Emmision Cost: 1.1782125284534641
Average of both costs: 1.1643996145892899
Total time taken by agent: 2.502959488891065s
DONE!
