{'agent': 'DQN', 'action_selection': 'egreedy', 'seed': 1, 'episodes': 100, 'data_path': 'data/citylearn_challenge_2022_phase_1', 'dry_run': False, 'n_discrete': 9, 'update_target': 4, 'lr': 0.003, 'batch_size': 2, 'adam_epsilon': 1e-10, 'epsilon_final': 0.08, 'run_id': 260}
{'Notes': 'This is a tuning run, executed on a single building.',
 'action_selection': 'egreedy',
 'adam_epsilon': 1e-10,
 'env': '<NormalizeObservation<OneHotHour<DiscreteSingle<CityLearnEnv '
        'instance>>>>',
 'final_exploration_rate': 0.02,
 'final_exploration_step': 1000,
 'gamma': 0.99,
 'initial_exploration_rate': 1,
 'learning_rate': 0.003,
 'loss': 'mse',
 'minibatch_size': 2,
 'network': 'MLP(\n'
            '  (layers): Sequential(\n'
            '    (0): Linear(in_features=29, out_features=128, bias=True)\n'
            '    (1): ReLU()\n'
            '    (2): Linear(in_features=128, out_features=128, bias=True)\n'
            '    (3): ReLU()\n'
            '    (4): Linear(in_features=128, out_features=9, bias=True)\n'
            '  )\n'
            ')',
 'replay_buffer_size': 10000,
 'replay_start_size': 2,
 'seed': 1,
 'train_steps': 876000,
 'update_frequency': 1,
 'update_target_frequency': 4,
 'weight_scale': 1.4142135623730951}
Timestep : 8758, score : -6405.170828291637, Time : 21.596 s
Timestep : 17517, score : -6444.1288287624775, Time : 21.969 s
Timestep : 26276, score : -6696.58822718382, Time : 21.74 s
Timestep : 35035, score : -12533.897900449141, Time : 21.581 s
Timestep : 43794, score : -7003.184214676337, Time : 21.944 s
Timestep : 52553, score : -6841.220150159235, Time : 21.614 s
Timestep : 61312, score : -8739.521637082682, Time : 21.92 s
Timestep : 70071, score : -4404.431529806374, Time : 22.252 s
Timestep : 78830, score : -4637.473776154133, Time : 21.944 s
Timestep : 87589, score : -4534.790313533886, Time : 21.742 s
Timestep : 96348, score : -4526.571538153483, Time : 22.067 s
Timestep : 105107, score : -4534.801425947255, Time : 21.759 s
Timestep : 113866, score : -4322.137114652811, Time : 22.224 s
Timestep : 122625, score : -4411.517698198004, Time : 22.097 s
Timestep : 131384, score : -4483.696976718871, Time : 22.152 s
Timestep : 140143, score : -4442.894160076423, Time : 21.967 s
Timestep : 148902, score : -4527.102651127992, Time : 21.824 s
Timestep : 157661, score : -4576.517413099675, Time : 22.139 s
Timestep : 166420, score : -4421.180663426785, Time : 21.984 s
Timestep : 175179, score : -4318.241095570294, Time : 21.983 s
Timestep : 183938, score : -4328.712194194464, Time : 22.05 s
Timestep : 192697, score : -4502.651126161596, Time : 22.0 s
Timestep : 201456, score : -4481.332803017489, Time : 21.945 s
Timestep : 210215, score : -4537.112326356029, Time : 22.035 s
Timestep : 218974, score : -4613.656208516477, Time : 22.092 s
Timestep : 227733, score : -4502.476793591355, Time : 22.219 s
Timestep : 236492, score : -4411.99859844186, Time : 21.614 s
Timestep : 245251, score : -4441.023203251796, Time : 21.79 s
Timestep : 254010, score : -4403.519712466194, Time : 21.785 s
Timestep : 262769, score : -4493.864484593418, Time : 21.722 s
Timestep : 271528, score : -4548.813697177364, Time : 21.582 s
Timestep : 280287, score : -4393.162616767368, Time : 22.104 s
Timestep : 289046, score : -4473.78179278053, Time : 21.705 s
Timestep : 297805, score : -4505.250557086809, Time : 21.972 s
Timestep : 306564, score : -4517.036427920131, Time : 22.1 s
Timestep : 315323, score : -4555.5674036325945, Time : 21.699 s
Timestep : 324082, score : -4387.816495185165, Time : 21.838 s
Timestep : 332841, score : -4418.495928309305, Time : 22.027 s
Timestep : 341600, score : -4495.90256186566, Time : 22.077 s
Timestep : 350359, score : -4429.025778833224, Time : 21.572 s
Timestep : 359118, score : -4627.4002687329485, Time : 22.158 s
Timestep : 367877, score : -4437.105441653548, Time : 22.16 s
Timestep : 376636, score : -4421.880921200296, Time : 22.002 s
Timestep : 385395, score : -4501.231513349718, Time : 21.974 s
Timestep : 394154, score : -4516.192999435967, Time : 22.212 s
Timestep : 402913, score : -4408.60154944603, Time : 21.901 s
Timestep : 411672, score : -4531.269990750661, Time : 21.778 s
Timestep : 420431, score : -4482.0651202146255, Time : 22.223 s
Timestep : 429190, score : -4534.646033927711, Time : 21.565 s
Timestep : 437949, score : -4578.28487940543, Time : 22.181 s
Timestep : 446708, score : -4676.640263689129, Time : 21.845 s
Timestep : 455467, score : -4481.033569959371, Time : 21.877 s
Timestep : 464226, score : -4483.53578831107, Time : 22.096 s
Timestep : 472985, score : -4416.942291057116, Time : 21.83 s
Timestep : 481744, score : -4445.678513375489, Time : 22.132 s
Timestep : 490503, score : -4614.13719658312, Time : 22.207 s
Timestep : 499262, score : -4438.371459805785, Time : 21.891 s
Timestep : 508021, score : -4455.9328672042175, Time : 21.609 s
Timestep : 516780, score : -4471.804668796627, Time : 22.05 s
Timestep : 525539, score : -4582.644512896804, Time : 21.782 s
Timestep : 534298, score : -4552.943880441977, Time : 21.757 s
Timestep : 543057, score : -4378.776565802662, Time : 21.692 s
Timestep : 551816, score : -4410.101150737522, Time : 22.107 s
Timestep : 560575, score : -4474.241797596245, Time : 21.793 s
Timestep : 569334, score : -4452.0047423331125, Time : 22.107 s
Timestep : 578093, score : -4328.4790861619695, Time : 22.179 s
Timestep : 586852, score : -4491.363681731193, Time : 21.8 s
Timestep : 595611, score : -4390.258566773875, Time : 21.772 s
Timestep : 604370, score : -4405.433543402149, Time : 21.656 s
Timestep : 613129, score : -4542.647542463994, Time : 21.912 s
Timestep : 621888, score : -4380.547519154177, Time : 22.251 s
Timestep : 630647, score : -4355.461110174103, Time : 22.271 s
Timestep : 639406, score : -4498.937171365513, Time : 22.218 s
Timestep : 648165, score : -4480.5483752092405, Time : 21.84 s
Timestep : 656924, score : -4453.88305482213, Time : 22.201 s
Timestep : 665683, score : -4620.17004603651, Time : 21.796 s
Timestep : 674442, score : -4499.597914110316, Time : 21.989 s
Timestep : 683201, score : -4442.703506576276, Time : 21.883 s
Timestep : 691960, score : -4489.698533661227, Time : 22.002 s
Timestep : 700719, score : -4509.352032603143, Time : 22.138 s
Timestep : 709478, score : -4527.627934981516, Time : 21.737 s
Timestep : 718237, score : -4493.558991197875, Time : 21.827 s
Timestep : 726996, score : -4370.329577836586, Time : 21.861 s
Timestep : 735755, score : -4356.061466866551, Time : 21.961 s
Timestep : 744514, score : -4588.100770981429, Time : 22.291 s
Timestep : 753273, score : -4434.707827170292, Time : 22.087 s
Timestep : 762032, score : -4525.955678808532, Time : 21.671 s
Timestep : 770791, score : -4515.336657608306, Time : 21.85 s
Timestep : 779550, score : -4425.170208012598, Time : 22.108 s
Timestep : 788309, score : -4416.153700338124, Time : 22.238 s
Timestep : 797068, score : -4438.997790922673, Time : 21.774 s
Timestep : 805827, score : -4410.8262952728255, Time : 21.93 s
Timestep : 814586, score : -4426.480475393502, Time : 22.25 s
Timestep : 823345, score : -4469.566505198745, Time : 21.633 s
Timestep : 832104, score : -4446.988108196674, Time : 21.687 s
Timestep : 840863, score : -4535.193051006092, Time : 21.663 s
Timestep : 849622, score : -4618.89976508767, Time : 21.927 s
Timestep : 858381, score : -4483.1612188186555, Time : 22.269 s
Timestep : 867140, score : -4534.119024736137, Time : 22.26 s
Timestep : 875899, score : -4422.0906995236, Time : 21.721 s
Starting local evaluation
Num Steps: 1000, Num episodes: 0
Num Steps: 2000, Num episodes: 0
Num Steps: 3000, Num episodes: 0
Num Steps: 4000, Num episodes: 0
Num Steps: 5000, Num episodes: 0
Num Steps: 6000, Num episodes: 0
Num Steps: 7000, Num episodes: 0
Num Steps: 8000, Num episodes: 0
Episode complete: 1 | Latest episode metrics: {'price_cost': 1.0123109721625372, 'emmision_cost': 1.0132986313150871}
[-0.24579096] -0.24579095502620338
Average Price Cost: 1.0123109721625372
Average Emmision Cost: 1.0132986313150871
Average of both costs: 1.0128048017388123
Total time taken by agent: 2.5651992878410965s
DONE!
