{'agent': 'DQN', 'action_selection': 'egreedy', 'seed': 1, 'episodes': 100, 'data_path': 'data/citylearn_challenge_2022_phase_1', 'dry_run': False, 'n_discrete': 9, 'update_target': 32, 'lr': 0.001, 'batch_size': 2, 'adam_epsilon': 1e-08, 'epsilon_final': 0.06, 'run_id': 293}
{'Notes': 'This is a tuning run, executed on a single building.',
 'action_selection': 'egreedy',
 'adam_epsilon': 1e-08,
 'env': '<NormalizeObservation<OneHotHour<DiscreteSingle<CityLearnEnv '
        'instance>>>>',
 'final_exploration_rate': 0.02,
 'final_exploration_step': 1000,
 'gamma': 0.99,
 'initial_exploration_rate': 1,
 'learning_rate': 0.001,
 'loss': 'mse',
 'minibatch_size': 2,
 'network': 'MLP(\n'
            '  (layers): Sequential(\n'
            '    (0): Linear(in_features=29, out_features=128, bias=True)\n'
            '    (1): ReLU()\n'
            '    (2): Linear(in_features=128, out_features=128, bias=True)\n'
            '    (3): ReLU()\n'
            '    (4): Linear(in_features=128, out_features=9, bias=True)\n'
            '  )\n'
            ')',
 'replay_buffer_size': 10000,
 'replay_start_size': 2,
 'seed': 1,
 'train_steps': 876000,
 'update_frequency': 1,
 'update_target_frequency': 32,
 'weight_scale': 1.4142135623730951}
Timestep : 8758, score : -6377.725678954579, Time : 19.006 s
Timestep : 17517, score : -5744.447170485582, Time : 19.012 s
Timestep : 26276, score : -5063.122492574534, Time : 19.405 s
Timestep : 35035, score : -5293.098365606536, Time : 19.418 s
Timestep : 43794, score : -5502.574819656176, Time : 19.057 s
Timestep : 52553, score : -4773.947285458824, Time : 19.041 s
Timestep : 61312, score : -4818.496291563642, Time : 19.208 s
Timestep : 70071, score : -4773.078607717907, Time : 19.081 s
Timestep : 78830, score : -5089.391249456356, Time : 19.041 s
Timestep : 87589, score : -5334.316884008265, Time : 19.391 s
Timestep : 96348, score : -5105.428244346898, Time : 19.658 s
Timestep : 105107, score : -4818.905334054172, Time : 19.07 s
Timestep : 113866, score : -4698.679619260394, Time : 19.427 s
Timestep : 122625, score : -4980.707474807772, Time : 19.828 s
Timestep : 131384, score : -4858.038046099013, Time : 19.517 s
Timestep : 140143, score : -5346.018223733321, Time : 19.053 s
Timestep : 148902, score : -5199.468822384792, Time : 19.133 s
Timestep : 157661, score : -5238.639405575494, Time : 19.076 s
Timestep : 166420, score : -5546.370948563665, Time : 19.098 s
Timestep : 175179, score : -5231.93684127841, Time : 19.122 s
Timestep : 183938, score : -5031.022040426178, Time : 19.077 s
Timestep : 192697, score : -4810.792123939871, Time : 19.64 s
Timestep : 201456, score : -5036.900695591146, Time : 19.064 s
Timestep : 210215, score : -5057.562208280317, Time : 19.781 s
Timestep : 218974, score : -5166.906597055291, Time : 19.799 s
Timestep : 227733, score : -4826.018044395794, Time : 19.792 s
Timestep : 236492, score : -4858.755575701274, Time : 19.344 s
Timestep : 245251, score : -4871.235707982865, Time : 19.062 s
Timestep : 254010, score : -4734.26872726719, Time : 19.139 s
Timestep : 262769, score : -4770.629980452271, Time : 19.528 s
Timestep : 271528, score : -5130.638094089274, Time : 19.828 s
Timestep : 280287, score : -4899.939134252054, Time : 19.335 s
Timestep : 289046, score : -5259.4208493853, Time : 19.067 s
Timestep : 297805, score : -5100.573579787582, Time : 19.122 s
Timestep : 306564, score : -4678.067551208456, Time : 19.102 s
Timestep : 315323, score : -4823.083348536427, Time : 19.459 s
Timestep : 324082, score : -5029.243017499408, Time : 19.312 s
Timestep : 332841, score : -4571.7166354932415, Time : 19.419 s
Timestep : 341600, score : -4430.997377289372, Time : 19.088 s
Timestep : 350359, score : -4776.857172646822, Time : 19.068 s
Timestep : 359118, score : -4561.291437494758, Time : 19.146 s
Timestep : 367877, score : -4403.2794007562625, Time : 19.384 s
Timestep : 376636, score : -5098.977321530954, Time : 19.572 s
Timestep : 385395, score : -4801.312872883194, Time : 19.182 s
Timestep : 394154, score : -4616.89620544287, Time : 19.696 s
Timestep : 402913, score : -4517.755597309471, Time : 19.518 s
Timestep : 411672, score : -4624.871814965183, Time : 19.624 s
Timestep : 420431, score : -4764.578775437898, Time : 19.506 s
Timestep : 429190, score : -4437.205959778192, Time : 19.096 s
Timestep : 437949, score : -4629.3653929848515, Time : 19.145 s
Timestep : 446708, score : -4868.545517677703, Time : 19.485 s
Timestep : 455467, score : -4551.280065826868, Time : 19.291 s
Timestep : 464226, score : -4284.626220012695, Time : 19.081 s
Timestep : 472985, score : -4716.18294954361, Time : 19.123 s
Timestep : 481744, score : -4118.184692712879, Time : 19.154 s
Timestep : 490503, score : -4131.854590394796, Time : 19.114 s
Timestep : 499262, score : -4020.786662310624, Time : 19.593 s
Timestep : 508021, score : -4610.376106826501, Time : 19.102 s
Timestep : 516780, score : -4548.1170262171945, Time : 19.182 s
Timestep : 525539, score : -4248.037912818632, Time : 19.127 s
Timestep : 534298, score : -4200.044015418651, Time : 19.153 s
Timestep : 543057, score : -4041.3562048871827, Time : 19.079 s
Timestep : 551816, score : -4319.159254647006, Time : 19.125 s
Timestep : 560575, score : -4423.182445812417, Time : 19.137 s
Timestep : 569334, score : -4255.292293420323, Time : 19.251 s
Timestep : 578093, score : -4142.469928994571, Time : 19.271 s
Timestep : 586852, score : -4281.780309157126, Time : 19.408 s
Timestep : 595611, score : -4236.09243157212, Time : 19.391 s
Timestep : 604370, score : -3959.7427791832306, Time : 19.786 s
Timestep : 613129, score : -4084.844298515265, Time : 19.456 s
Timestep : 621888, score : -3931.1164889108913, Time : 19.192 s
Timestep : 630647, score : -3951.881475461254, Time : 19.211 s
Timestep : 639406, score : -3908.4375931908435, Time : 19.103 s
Timestep : 648165, score : -4001.3389227070293, Time : 19.111 s
Timestep : 656924, score : -4330.077935873211, Time : 19.071 s
Timestep : 665683, score : -4829.17494366139, Time : 19.118 s
Timestep : 674442, score : -3743.698488387541, Time : 19.444 s
Timestep : 683201, score : -3767.5881527782476, Time : 19.685 s
Timestep : 691960, score : -3773.709459478414, Time : 19.181 s
Timestep : 700719, score : -3748.1119419394818, Time : 19.05 s
Timestep : 709478, score : -4132.775030580844, Time : 19.061 s
Timestep : 718237, score : -4016.0314158600813, Time : 19.072 s
Timestep : 726996, score : -3410.0425257919414, Time : 19.054 s
Timestep : 735755, score : -3231.633528295046, Time : 19.123 s
Timestep : 744514, score : -3650.869991863292, Time : 18.987 s
Timestep : 753273, score : -4319.636144287913, Time : 19.029 s
Timestep : 762032, score : -3925.3276604573766, Time : 18.985 s
Timestep : 770791, score : -3552.783437398175, Time : 19.016 s
Timestep : 779550, score : -4036.442379925662, Time : 19.299 s
Timestep : 788309, score : -3510.162391260048, Time : 19.016 s
Timestep : 797068, score : -3333.348606652886, Time : 19.013 s
Timestep : 805827, score : -3133.7451152656286, Time : 19.032 s
Timestep : 814586, score : -3255.8590977469285, Time : 19.186 s
Timestep : 823345, score : -3759.7973861133505, Time : 19.195 s
Timestep : 832104, score : -3894.863653659151, Time : 19.196 s
Timestep : 840863, score : -3084.573820899037, Time : 19.208 s
Timestep : 849622, score : -3063.9680073438503, Time : 19.164 s
Timestep : 858381, score : -3525.7126051209125, Time : 19.002 s
Timestep : 867140, score : -3701.285165950452, Time : 19.024 s
Timestep : 875899, score : -2994.09694688514, Time : 19.04 s
Starting local evaluation
Num Steps: 1000, Num episodes: 0
Num Steps: 2000, Num episodes: 0
Num Steps: 3000, Num episodes: 0
Num Steps: 4000, Num episodes: 0
Num Steps: 5000, Num episodes: 0
Num Steps: 6000, Num episodes: 0
Num Steps: 7000, Num episodes: 0
Num Steps: 8000, Num episodes: 0
Episode complete: 1 | Latest episode metrics: {'price_cost': 0.8586804054322265, 'emmision_cost': 0.9678887385173683}
[-0.12055608] -0.12055608341360541
Average Price Cost: 0.8586804054322265
Average Emmision Cost: 0.9678887385173683
Average of both costs: 0.9132845719747974
Total time taken by agent: 2.1467552619287744s
DONE!
