{'agent': 'DQN', 'action_selection': 'softmax', 'seed': 1, 'episodes': 100, 'data_path': 'data/citylearn_challenge_2022_phase_1', 'dry_run': False, 'n_discrete': 9, 'update_target': 32, 'lr': 0.01, 'batch_size': 256, 'adam_epsilon': 1e-05, 'epsilon_final': 0.02, 'run_id': 51}
{'Notes': 'This is a tuning run, executed on a single building.',
 'action_selection': 'softmax',
 'adam_epsilon': 1e-05,
 'env': '<NormalizeObservation<OneHotHour<DiscreteSingle<CityLearnEnv '
        'instance>>>>',
 'final_exploration_rate': 0.02,
 'final_exploration_step': 1000,
 'gamma': 0.99,
 'initial_exploration_rate': 1,
 'learning_rate': 0.01,
 'loss': 'mse',
 'minibatch_size': 256,
 'network': 'MLP(\n'
            '  (layers): Sequential(\n'
            '    (0): Linear(in_features=29, out_features=128, bias=True)\n'
            '    (1): ReLU()\n'
            '    (2): Linear(in_features=128, out_features=128, bias=True)\n'
            '    (3): ReLU()\n'
            '    (4): Linear(in_features=128, out_features=9, bias=True)\n'
            '  )\n'
            ')',
 'replay_buffer_size': 10000,
 'replay_start_size': 256,
 'seed': 1,
 'train_steps': 876000,
 'update_frequency': 1,
 'update_target_frequency': 32,
 'weight_scale': 1.4142135623730951}
Timestep : 8758, score : -7277.172578828788, Time : 28.051 s
Timestep : 17517, score : -11326.469774577214, Time : 30.252 s
Timestep : 26276, score : -11782.964247587719, Time : 30.858 s
Timestep : 35035, score : -12387.683722145419, Time : 30.272 s
Timestep : 43794, score : -12778.945830043871, Time : 30.25 s
Timestep : 52553, score : -13851.867588409252, Time : 30.219 s
Timestep : 61312, score : -14051.814920431134, Time : 30.785 s
Timestep : 70071, score : -14116.598750606412, Time : 30.494 s
Timestep : 78830, score : -13021.366746271684, Time : 30.168 s
Timestep : 87589, score : -13577.590679306319, Time : 30.132 s
Timestep : 96348, score : -14022.041687578268, Time : 30.543 s
Timestep : 105107, score : -14766.701201218297, Time : 30.703 s
Timestep : 113866, score : -14716.853343626424, Time : 30.138 s
Timestep : 122625, score : -14976.164989398094, Time : 30.218 s
Timestep : 131384, score : -15318.303208188438, Time : 30.202 s
Timestep : 140143, score : -15541.219526987072, Time : 32.447 s
Timestep : 148902, score : -15403.73004618696, Time : 30.734 s
Timestep : 157661, score : -15633.25330188439, Time : 30.21 s
Timestep : 166420, score : -14987.63723615103, Time : 30.097 s
Timestep : 175179, score : -15910.590936080414, Time : 30.631 s
Timestep : 183938, score : -15266.13464284032, Time : 30.538 s
Timestep : 192697, score : -15709.721753142148, Time : 30.058 s
Timestep : 201456, score : -15203.091757927134, Time : 30.143 s
Timestep : 210215, score : -15793.336987993694, Time : 30.401 s
Timestep : 218974, score : -16193.010710714458, Time : 30.689 s
Timestep : 227733, score : -15914.041918896255, Time : 30.155 s
Timestep : 236492, score : -16252.618258250586, Time : 30.467 s
Timestep : 245251, score : -15942.994701918204, Time : 30.6 s
Timestep : 254010, score : -15707.386681685493, Time : 31.275 s
Timestep : 262769, score : -16411.146408445784, Time : 31.35 s
Timestep : 271528, score : -15810.324935442943, Time : 31.41 s
Timestep : 280287, score : -16365.860680603015, Time : 30.126 s
Timestep : 289046, score : -16183.270415088744, Time : 31.745 s
Timestep : 297805, score : -16111.97910533927, Time : 32.199 s
Timestep : 306564, score : -15821.785877538336, Time : 31.809 s
Timestep : 315323, score : -16566.962897182326, Time : 31.835 s
Timestep : 324082, score : -15708.909998547479, Time : 31.886 s
Timestep : 332841, score : -16637.712014299774, Time : 32.188 s
Timestep : 341600, score : -16638.913684298706, Time : 31.347 s
Timestep : 350359, score : -17066.920012825227, Time : 31.845 s
Timestep : 359118, score : -16708.28410699233, Time : 32.141 s
Timestep : 367877, score : -16139.774192308541, Time : 32.468 s
Timestep : 376636, score : -16799.517230154554, Time : 31.914 s
Timestep : 385395, score : -16101.718568462442, Time : 31.893 s
Timestep : 394154, score : -15906.66033213507, Time : 32.023 s
Timestep : 402913, score : -16506.66347205008, Time : 32.527 s
Timestep : 411672, score : -15837.97556197655, Time : 31.361 s
Timestep : 420431, score : -17020.759749984485, Time : 30.248 s
Timestep : 429190, score : -15913.012501193807, Time : 30.074 s
Timestep : 437949, score : -16015.892886379268, Time : 30.69 s
Timestep : 446708, score : -16206.051222387949, Time : 30.362 s
Timestep : 455467, score : -16429.211727780596, Time : 30.157 s
Timestep : 464226, score : -16543.51058067959, Time : 30.536 s
Timestep : 472985, score : -15944.786890372983, Time : 31.256 s
Timestep : 481744, score : -16627.645928652855, Time : 31.311 s
Timestep : 490503, score : -15997.283719680854, Time : 30.859 s
Timestep : 499262, score : -16413.888372077923, Time : 30.832 s
Timestep : 508021, score : -16739.270373211548, Time : 30.749 s
Timestep : 516780, score : -16382.710432364489, Time : 31.1 s
Timestep : 525539, score : -17095.433953033644, Time : 30.627 s
Timestep : 534298, score : -16838.21162725461, Time : 30.517 s
Timestep : 543057, score : -16874.969875000257, Time : 31.227 s
Timestep : 551816, score : -16930.003351953957, Time : 32.91 s
Timestep : 560575, score : -16533.411184853016, Time : 31.765 s
Timestep : 569334, score : -15958.272956024812, Time : 30.557 s
Timestep : 578093, score : -16204.168660350857, Time : 30.515 s
Timestep : 586852, score : -16119.860029229545, Time : 31.042 s
Timestep : 595611, score : -16213.970860540125, Time : 30.935 s
Timestep : 604370, score : -15998.334904192976, Time : 30.992 s
Timestep : 613129, score : -17111.707568505968, Time : 30.935 s
Timestep : 621888, score : -16221.829217107865, Time : 30.797 s
Timestep : 630647, score : -16398.167107397247, Time : 31.176 s
Timestep : 639406, score : -17361.33670728626, Time : 30.56 s
Timestep : 648165, score : -16641.802806349704, Time : 30.536 s
Timestep : 656924, score : -16432.251640647417, Time : 30.545 s
Timestep : 665683, score : -16670.460191152946, Time : 31.152 s
Timestep : 674442, score : -16933.509356128096, Time : 31.311 s
Timestep : 683201, score : -16458.612581223788, Time : 30.76 s
Timestep : 691960, score : -16343.57821387233, Time : 30.56 s
Timestep : 700719, score : -17056.82979232636, Time : 31.012 s
Timestep : 709478, score : -17115.646076984936, Time : 31.008 s
Timestep : 718237, score : -16467.10766904347, Time : 30.493 s
Timestep : 726996, score : -16203.222655776277, Time : 30.724 s
Timestep : 735755, score : -16762.492005518594, Time : 30.645 s
Timestep : 744514, score : -16233.470419349687, Time : 30.851 s
Timestep : 753273, score : -16035.787836481846, Time : 30.345 s
Timestep : 762032, score : -16991.001867584375, Time : 30.253 s
Timestep : 770791, score : -16498.931792193485, Time : 30.315 s
Timestep : 779550, score : -17416.366634716353, Time : 30.873 s
Timestep : 788309, score : -16756.40879411409, Time : 30.522 s
Timestep : 797068, score : -16649.167626715935, Time : 30.309 s
Timestep : 805827, score : -16586.353347822675, Time : 30.581 s
Timestep : 814586, score : -16406.096631107386, Time : 31.278 s
Timestep : 823345, score : -17090.585036224868, Time : 30.637 s
Timestep : 832104, score : -16155.312130773655, Time : 30.008 s
Timestep : 840863, score : -16526.35273419293, Time : 29.899 s
Timestep : 849622, score : -16767.393165787566, Time : 29.983 s
Timestep : 858381, score : -16452.15577717901, Time : 30.529 s
Timestep : 867140, score : -16065.269595767095, Time : 29.944 s
Timestep : 875899, score : -16609.450819471458, Time : 29.956 s
Starting local evaluation
Num Steps: 1000, Num episodes: 0
Num Steps: 2000, Num episodes: 0
Num Steps: 3000, Num episodes: 0
Num Steps: 4000, Num episodes: 0
Num Steps: 5000, Num episodes: 0
Num Steps: 6000, Num episodes: 0
Num Steps: 7000, Num episodes: 0
Num Steps: 8000, Num episodes: 0
Episode complete: 1 | Latest episode metrics: {'price_cost': 1.000674223684313, 'emmision_cost': 1.0009662148601453}
[-0.23106292] -0.23106291846359733
Average Price Cost: 1.000674223684313
Average Emmision Cost: 1.0009662148601453
Average of both costs: 1.000820219272229
Total time taken by agent: 4.82978173927404s
DONE!
