{'agent': 'DQN', 'action_selection': 'egreedy', 'seed': 1, 'episodes': 100, 'data_path': 'data/citylearn_challenge_2022_phase_1', 'dry_run': False, 'n_discrete': 9, 'update_target': 4, 'lr': 0.03, 'batch_size': 64, 'adam_epsilon': 1e-10, 'epsilon_final': 0.04, 'run_id': 211}
{'Notes': 'This is a tuning run, executed on a single building.',
 'action_selection': 'egreedy',
 'adam_epsilon': 1e-10,
 'env': '<NormalizeObservation<OneHotHour<DiscreteSingle<CityLearnEnv '
        'instance>>>>',
 'final_exploration_rate': 0.02,
 'final_exploration_step': 1000,
 'gamma': 0.99,
 'initial_exploration_rate': 1,
 'learning_rate': 0.03,
 'loss': 'mse',
 'minibatch_size': 64,
 'network': 'MLP(\n'
            '  (layers): Sequential(\n'
            '    (0): Linear(in_features=29, out_features=128, bias=True)\n'
            '    (1): ReLU()\n'
            '    (2): Linear(in_features=128, out_features=128, bias=True)\n'
            '    (3): ReLU()\n'
            '    (4): Linear(in_features=128, out_features=9, bias=True)\n'
            '  )\n'
            ')',
 'replay_buffer_size': 10000,
 'replay_start_size': 64,
 'seed': 1,
 'train_steps': 876000,
 'update_frequency': 1,
 'update_target_frequency': 4,
 'weight_scale': 1.4142135623730951}
Timestep : 8758, score : -7286.4769474637, Time : 20.687 s
Timestep : 17517, score : -8640.066025770066, Time : 20.929 s
Timestep : 26276, score : -7045.608651780087, Time : 20.81 s
Timestep : 35035, score : -9590.963334599888, Time : 20.937 s
Timestep : 43794, score : -8410.85066188914, Time : 20.872 s
Timestep : 52553, score : -11871.443298590908, Time : 20.959 s
Timestep : 61312, score : -8729.652444013947, Time : 20.982 s
Timestep : 70071, score : -11400.063839553346, Time : 21.095 s
Timestep : 78830, score : -12989.535714528545, Time : 21.049 s
Timestep : 87589, score : -11438.246175883134, Time : 20.988 s
Timestep : 96348, score : -10300.639095347215, Time : 21.743 s
Timestep : 105107, score : -12267.717156450031, Time : 21.815 s
Timestep : 113866, score : -13045.709903329785, Time : 21.641 s
Timestep : 122625, score : -10392.515039566933, Time : 21.173 s
Timestep : 131384, score : -11391.089545372412, Time : 21.071 s
Timestep : 140143, score : -13873.27060800432, Time : 20.86 s
Timestep : 148902, score : -13110.12914445826, Time : 20.8 s
Timestep : 157661, score : -13231.464583336914, Time : 20.779 s
Timestep : 166420, score : -12824.981186100777, Time : 20.893 s
Timestep : 175179, score : -12201.964586853937, Time : 21.022 s
Timestep : 183938, score : -13430.109206906753, Time : 20.82 s
Timestep : 192697, score : -13802.82647816727, Time : 20.877 s
Timestep : 201456, score : -14045.342690072328, Time : 20.86 s
Timestep : 210215, score : -13630.441771764847, Time : 21.022 s
Timestep : 218974, score : -13800.474017060544, Time : 21.198 s
Timestep : 227733, score : -13350.565050394347, Time : 21.484 s
Timestep : 236492, score : -13340.76907082615, Time : 21.049 s
Timestep : 245251, score : -13136.802225761174, Time : 21.527 s
Timestep : 254010, score : -13299.748011673451, Time : 21.374 s
Timestep : 262769, score : -13011.220713573966, Time : 21.037 s
Timestep : 271528, score : -14033.768108457632, Time : 21.014 s
Timestep : 280287, score : -13769.068908433386, Time : 21.009 s
Timestep : 289046, score : -14048.844939344213, Time : 20.86 s
Timestep : 297805, score : -13272.282718336006, Time : 20.662 s
Timestep : 306564, score : -13121.130069768755, Time : 20.852 s
Timestep : 315323, score : -12546.140009897761, Time : 20.936 s
Timestep : 324082, score : -13748.600776544728, Time : 21.044 s
Timestep : 332841, score : -14074.391770894523, Time : 20.933 s
Timestep : 341600, score : -13198.13052635501, Time : 20.731 s
Timestep : 350359, score : -13594.991216768918, Time : 20.832 s
Timestep : 359118, score : -14209.446913249325, Time : 20.835 s
Timestep : 367877, score : -13897.435432791346, Time : 20.929 s
Timestep : 376636, score : -14394.967752804892, Time : 20.847 s
Timestep : 385395, score : -13311.398320958557, Time : 20.947 s
Timestep : 394154, score : -13818.66011216736, Time : 20.909 s
Timestep : 402913, score : -13579.89635911514, Time : 21.014 s
Timestep : 411672, score : -13716.038023849032, Time : 20.901 s
Timestep : 420431, score : -14180.689845706685, Time : 20.931 s
Timestep : 429190, score : -13573.212657509972, Time : 21.034 s
Timestep : 437949, score : -13056.695500317917, Time : 20.81 s
Timestep : 446708, score : -13787.288964385822, Time : 20.824 s
Timestep : 455467, score : -13189.209385812122, Time : 20.918 s
Timestep : 464226, score : -13276.437345345345, Time : 20.849 s
Timestep : 472985, score : -13447.721142461902, Time : 20.766 s
Timestep : 481744, score : -13474.577217227037, Time : 21.495 s
Timestep : 490503, score : -14759.885889688754, Time : 21.402 s
Timestep : 499262, score : -13433.49365900649, Time : 20.87 s
Timestep : 508021, score : -12721.737943931745, Time : 21.214 s
Timestep : 516780, score : -13171.24634160893, Time : 21.49 s
Timestep : 525539, score : -13970.85098928267, Time : 21.288 s
Timestep : 534298, score : -13895.695486155775, Time : 20.99 s
Timestep : 543057, score : -14374.912548007691, Time : 21.059 s
Timestep : 551816, score : -13876.37736724627, Time : 21.478 s
Timestep : 560575, score : -13498.201593080252, Time : 21.561 s
Timestep : 569334, score : -13030.90829470419, Time : 21.421 s
Timestep : 578093, score : -13132.00654129767, Time : 20.881 s
Timestep : 586852, score : -14381.943474655563, Time : 20.818 s
Timestep : 595611, score : -14336.972444654166, Time : 20.835 s
Timestep : 604370, score : -14010.175070830504, Time : 21.202 s
Timestep : 613129, score : -13187.742185180832, Time : 21.447 s
Timestep : 621888, score : -13779.543356305803, Time : 21.045 s
Timestep : 630647, score : -14125.236765954192, Time : 20.837 s
Timestep : 639406, score : -13391.941941237783, Time : 20.541 s
Timestep : 648165, score : -13849.7987641855, Time : 20.757 s
Timestep : 656924, score : -13478.032220922549, Time : 21.267 s
Timestep : 665683, score : -13755.768305153179, Time : 20.68 s
Timestep : 674442, score : -13444.568637573633, Time : 20.774 s
Timestep : 683201, score : -13428.392789461293, Time : 20.836 s
Timestep : 691960, score : -13495.994575106844, Time : 21.008 s
Timestep : 700719, score : -13828.71643974326, Time : 21.073 s
Timestep : 709478, score : -14192.040241461247, Time : 20.931 s
Timestep : 718237, score : -13926.68981330494, Time : 20.901 s
Timestep : 726996, score : -14511.529711932642, Time : 20.913 s
Timestep : 735755, score : -13492.63460428694, Time : 20.862 s
Timestep : 744514, score : -13731.187013074821, Time : 20.764 s
Timestep : 753273, score : -13825.743606106102, Time : 20.702 s
Timestep : 762032, score : -13471.670740988251, Time : 20.857 s
Timestep : 770791, score : -14388.486033037538, Time : 20.875 s
Timestep : 779550, score : -13818.812876654905, Time : 20.664 s
Timestep : 788309, score : -14123.915110644448, Time : 20.866 s
Timestep : 797068, score : -13631.800294288041, Time : 20.897 s
Timestep : 805827, score : -14566.15357861892, Time : 21.101 s
Timestep : 814586, score : -13799.78360106692, Time : 20.851 s
Timestep : 823345, score : -13646.770773479628, Time : 20.697 s
Timestep : 832104, score : -14160.413787471174, Time : 20.959 s
Timestep : 840863, score : -14490.630344407167, Time : 20.676 s
Timestep : 849622, score : -14255.58091185207, Time : 20.827 s
Timestep : 858381, score : -13869.304205672204, Time : 20.957 s
Timestep : 867140, score : -14055.581723810436, Time : 21.13 s
Timestep : 875899, score : -14452.680615780628, Time : 20.916 s
Starting local evaluation
Num Steps: 1000, Num episodes: 0
Num Steps: 2000, Num episodes: 0
Num Steps: 3000, Num episodes: 0
Num Steps: 4000, Num episodes: 0
Num Steps: 5000, Num episodes: 0
Num Steps: 6000, Num episodes: 0
Num Steps: 7000, Num episodes: 0
Num Steps: 8000, Num episodes: 0
Episode complete: 1 | Latest episode metrics: {'price_cost': 1.0122251214894096, 'emmision_cost': 1.0128409578643824}
[-0.24546614] -0.24546614291121224
Average Price Cost: 1.0122251214894096
Average Emmision Cost: 1.0128409578643824
Average of both costs: 1.012533039676896
Total time taken by agent: 2.1606053048744798s
DONE!
