{'agent': 'DQN', 'action_selection': 'egreedy', 'seed': 1, 'episodes': 100, 'data_path': 'data/citylearn_challenge_2022_phase_1', 'dry_run': False, 'n_discrete': 9, 'update_target': 32, 'lr': 1e-05, 'batch_size': 2, 'adam_epsilon': 1e-05, 'epsilon_final': 0.04, 'run_id': 328}
{'Notes': 'This is a tuning run, executed on a single building.',
 'action_selection': 'egreedy',
 'adam_epsilon': 1e-05,
 'env': '<NormalizeObservation<OneHotHour<DiscreteSingle<CityLearnEnv '
        'instance>>>>',
 'final_exploration_rate': 0.02,
 'final_exploration_step': 1000,
 'gamma': 0.99,
 'initial_exploration_rate': 1,
 'learning_rate': 1e-05,
 'loss': 'mse',
 'minibatch_size': 2,
 'network': 'MLP(\n'
            '  (layers): Sequential(\n'
            '    (0): Linear(in_features=29, out_features=128, bias=True)\n'
            '    (1): ReLU()\n'
            '    (2): Linear(in_features=128, out_features=128, bias=True)\n'
            '    (3): ReLU()\n'
            '    (4): Linear(in_features=128, out_features=9, bias=True)\n'
            '  )\n'
            ')',
 'replay_buffer_size': 10000,
 'replay_start_size': 2,
 'seed': 1,
 'train_steps': 876000,
 'update_frequency': 1,
 'update_target_frequency': 32,
 'weight_scale': 1.4142135623730951}
Timestep : 8758, score : -6231.3735016108985, Time : 34.589 s
Timestep : 17517, score : -5620.190436647652, Time : 35.58 s
Timestep : 26276, score : -5276.663677820383, Time : 33.062 s
Timestep : 35035, score : -5635.1371796832245, Time : 31.087 s
Timestep : 43794, score : -5771.65068774324, Time : 32.733 s
Timestep : 52553, score : -5132.351459647209, Time : 31.033 s
Timestep : 61312, score : -4741.966695487761, Time : 34.915 s
Timestep : 70071, score : -4936.991812290071, Time : 35.523 s
Timestep : 78830, score : -5493.414315537928, Time : 35.256 s
Timestep : 87589, score : -4866.428962404752, Time : 35.721 s
Timestep : 96348, score : -4780.674590682989, Time : 35.766 s
Timestep : 105107, score : -5148.1312662134005, Time : 35.726 s
Timestep : 113866, score : -4994.210574727069, Time : 29.857 s
Timestep : 122625, score : -4513.35280086883, Time : 31.411 s
Timestep : 131384, score : -4474.327139261557, Time : 34.278 s
Timestep : 140143, score : -4917.098363572179, Time : 34.837 s
Timestep : 148902, score : -4245.109103511932, Time : 34.668 s
Timestep : 157661, score : -4170.465689696168, Time : 32.024 s
Timestep : 166420, score : -3529.318308776623, Time : 31.037 s
Timestep : 175179, score : -3726.964237270324, Time : 31.149 s
Timestep : 183938, score : -3662.6627270667377, Time : 31.522 s
Timestep : 192697, score : -3359.4671556226967, Time : 33.36 s
Timestep : 201456, score : -3495.1024349452055, Time : 34.58 s
Timestep : 210215, score : -3906.587842251247, Time : 35.884 s
Timestep : 218974, score : -3258.3111558076052, Time : 35.906 s
Timestep : 227733, score : -3190.055660263126, Time : 35.885 s
Timestep : 236492, score : -3398.916536396442, Time : 34.627 s
Timestep : 245251, score : -3295.351371938901, Time : 35.959 s
Timestep : 254010, score : -3147.190162158018, Time : 35.649 s
Timestep : 262769, score : -3435.859319138486, Time : 35.34 s
Timestep : 271528, score : -3236.895975829175, Time : 36.22 s
Timestep : 280287, score : -3144.0265226908086, Time : 35.958 s
Timestep : 289046, score : -3246.302788669389, Time : 35.4 s
Timestep : 297805, score : -3375.787932734078, Time : 34.484 s
Timestep : 306564, score : -3259.790708207598, Time : 34.515 s
Timestep : 315323, score : -3252.4244603583647, Time : 35.083 s
Timestep : 324082, score : -3059.846644821024, Time : 36.548 s
Timestep : 332841, score : -2944.763271045551, Time : 35.946 s
Timestep : 341600, score : -3035.0357469209266, Time : 32.606 s
Timestep : 350359, score : -2953.2228127684502, Time : 32.004 s
Timestep : 359118, score : -3243.423758332996, Time : 30.774 s
Timestep : 367877, score : -3040.1061665312445, Time : 31.454 s
Timestep : 376636, score : -3021.576873683429, Time : 31.434 s
Timestep : 385395, score : -2914.2518082928436, Time : 31.584 s
Timestep : 394154, score : -2901.447919809638, Time : 31.767 s
Timestep : 402913, score : -2886.1373071107228, Time : 32.079 s
Timestep : 411672, score : -2764.972372311473, Time : 31.913 s
Timestep : 420431, score : -2833.6988410787017, Time : 32.176 s
Timestep : 429190, score : -2941.903425220895, Time : 32.221 s
Timestep : 437949, score : -2985.176893889002, Time : 32.236 s
Timestep : 446708, score : -2935.2774932742177, Time : 31.551 s
Timestep : 455467, score : -2571.5409559043183, Time : 31.536 s
Timestep : 464226, score : -2691.3771269749413, Time : 31.361 s
Timestep : 472985, score : -2751.392993409565, Time : 31.79 s
Timestep : 481744, score : -2822.323684239207, Time : 32.223 s
Timestep : 490503, score : -2725.0770665494783, Time : 32.002 s
Timestep : 499262, score : -2464.913784911303, Time : 34.208 s
Timestep : 508021, score : -2649.6137021625473, Time : 34.646 s
Timestep : 516780, score : -2642.380290362431, Time : 31.511 s
Timestep : 525539, score : -2841.3664494523837, Time : 31.617 s
Timestep : 534298, score : -2820.5440417914942, Time : 31.354 s
Timestep : 543057, score : -2813.4564545037283, Time : 31.374 s
Timestep : 551816, score : -2848.895514036907, Time : 31.558 s
Timestep : 560575, score : -2678.441393277637, Time : 31.532 s
Timestep : 569334, score : -2741.921129931143, Time : 32.038 s
Timestep : 578093, score : -2852.682810070837, Time : 32.165 s
Timestep : 586852, score : -2978.2807621182, Time : 32.337 s
Timestep : 595611, score : -2856.174741078081, Time : 32.021 s
Timestep : 604370, score : -2901.8697932273208, Time : 31.512 s
Timestep : 613129, score : -2927.6904574943765, Time : 32.245 s
Timestep : 621888, score : -2836.404112602613, Time : 32.221 s
Timestep : 630647, score : -2827.4317167377158, Time : 32.171 s
Timestep : 639406, score : -3063.9431103393727, Time : 32.127 s
Timestep : 648165, score : -2885.74226746746, Time : 32.077 s
Timestep : 656924, score : -3072.1610874486214, Time : 31.995 s
Timestep : 665683, score : -3259.0006134886717, Time : 32.078 s
Timestep : 674442, score : -3047.775507088896, Time : 32.104 s
Timestep : 683201, score : -3158.4081112044223, Time : 32.089 s
Timestep : 691960, score : -3499.3435130472353, Time : 32.102 s
Timestep : 700719, score : -3659.1908316552435, Time : 31.793 s
Timestep : 709478, score : -3223.7008171155176, Time : 31.584 s
Timestep : 718237, score : -3276.945084977575, Time : 31.343 s
Timestep : 726996, score : -3350.2047744257434, Time : 31.871 s
Timestep : 735755, score : -3252.0598623769183, Time : 32.196 s
Timestep : 744514, score : -3417.1186451158283, Time : 32.204 s
Timestep : 753273, score : -3425.266509254536, Time : 33.59 s
Timestep : 762032, score : -3483.5792621961155, Time : 32.056 s
Timestep : 770791, score : -3319.440151370509, Time : 31.682 s
Timestep : 779550, score : -3307.221199819731, Time : 31.56 s
Timestep : 788309, score : -3269.589862181878, Time : 31.544 s
Timestep : 797068, score : -3368.8736471194134, Time : 31.543 s
Timestep : 805827, score : -3271.379658200225, Time : 32.155 s
Timestep : 814586, score : -3593.0419331662415, Time : 31.828 s
Timestep : 823345, score : -3528.235993219918, Time : 31.597 s
Timestep : 832104, score : -3570.757899678385, Time : 31.906 s
Timestep : 840863, score : -3640.4572387636435, Time : 32.163 s
Timestep : 849622, score : -3631.2826083976834, Time : 31.595 s
Timestep : 858381, score : -3619.5022759265994, Time : 31.455 s
Timestep : 867140, score : -3619.154843068478, Time : 32.599 s
Timestep : 875899, score : -3435.507253998454, Time : 34.724 s
Starting local evaluation
Num Steps: 1000, Num episodes: 0
Num Steps: 2000, Num episodes: 0
Num Steps: 3000, Num episodes: 0
Num Steps: 4000, Num episodes: 0
Num Steps: 5000, Num episodes: 0
Num Steps: 6000, Num episodes: 0
Num Steps: 7000, Num episodes: 0
Num Steps: 8000, Num episodes: 0
Episode complete: 1 | Latest episode metrics: {'price_cost': 0.9526858451791487, 'emmision_cost': 0.9881983024751004}
[-0.19277923] -0.19277922748603443
Average Price Cost: 0.9526858451791487
Average Emmision Cost: 0.9881983024751004
Average of both costs: 0.9704420738271246
Total time taken by agent: 5.047623746373574s
DONE!
