{'agent': 'DQN', 'action_selection': 'egreedy', 'seed': 1, 'episodes': 100, 'data_path': 'data/citylearn_challenge_2022_phase_1', 'dry_run': False, 'n_discrete': 9, 'update_target': 32, 'lr': 0.003, 'batch_size': 8, 'adam_epsilon': 1e-06, 'epsilon_final': 0.08, 'run_id': 230}
{'Notes': 'This is a tuning run, executed on a single building.',
 'action_selection': 'egreedy',
 'adam_epsilon': 1e-06,
 'env': '<NormalizeObservation<OneHotHour<DiscreteSingle<CityLearnEnv '
        'instance>>>>',
 'final_exploration_rate': 0.02,
 'final_exploration_step': 1000,
 'gamma': 0.99,
 'initial_exploration_rate': 1,
 'learning_rate': 0.003,
 'loss': 'mse',
 'minibatch_size': 8,
 'network': 'MLP(\n'
            '  (layers): Sequential(\n'
            '    (0): Linear(in_features=29, out_features=128, bias=True)\n'
            '    (1): ReLU()\n'
            '    (2): Linear(in_features=128, out_features=128, bias=True)\n'
            '    (3): ReLU()\n'
            '    (4): Linear(in_features=128, out_features=9, bias=True)\n'
            '  )\n'
            ')',
 'replay_buffer_size': 10000,
 'replay_start_size': 8,
 'seed': 1,
 'train_steps': 876000,
 'update_frequency': 1,
 'update_target_frequency': 32,
 'weight_scale': 1.4142135623730951}
Timestep : 8758, score : -7650.374975574683, Time : 21.759 s
Timestep : 17517, score : -6967.028919125398, Time : 21.744 s
Timestep : 26276, score : -7841.736362873024, Time : 21.759 s
Timestep : 35035, score : -7443.112560328242, Time : 21.828 s
Timestep : 43794, score : -7197.540582229412, Time : 21.797 s
Timestep : 52553, score : -7602.9034011927, Time : 21.816 s
Timestep : 61312, score : -8187.775186878076, Time : 21.783 s
Timestep : 70071, score : -7713.643321534997, Time : 21.87 s
Timestep : 78830, score : -7808.933935525536, Time : 22.007 s
Timestep : 87589, score : -7782.855841157914, Time : 22.011 s
Timestep : 96348, score : -8002.3588287515595, Time : 21.841 s
Timestep : 105107, score : -7733.146285871073, Time : 21.711 s
Timestep : 113866, score : -7392.437773685117, Time : 21.812 s
Timestep : 122625, score : -8229.53024131796, Time : 21.788 s
Timestep : 131384, score : -7900.28014155991, Time : 21.709 s
Timestep : 140143, score : -8039.77041334864, Time : 21.792 s
Timestep : 148902, score : -9051.611804672197, Time : 21.819 s
Timestep : 157661, score : -8568.989089828756, Time : 21.824 s
Timestep : 166420, score : -8397.990029370674, Time : 21.798 s
Timestep : 175179, score : -8335.094271868784, Time : 21.799 s
Timestep : 183938, score : -8219.391312953157, Time : 21.698 s
Timestep : 192697, score : -8011.66698192781, Time : 21.861 s
Timestep : 201456, score : -7881.118205267696, Time : 21.839 s
Timestep : 210215, score : -7533.377622759508, Time : 21.757 s
Timestep : 218974, score : -7540.3024646488775, Time : 21.836 s
Timestep : 227733, score : -7377.75581135464, Time : 22.01 s
Timestep : 236492, score : -7133.040361783074, Time : 22.07 s
Timestep : 245251, score : -6848.077441392656, Time : 21.893 s
Timestep : 254010, score : -7614.596488172843, Time : 21.788 s
Timestep : 262769, score : -7434.523554911051, Time : 21.724 s
Timestep : 271528, score : -6757.0901440477755, Time : 21.872 s
Timestep : 280287, score : -6499.1032292608, Time : 21.931 s
Timestep : 289046, score : -6583.46027416506, Time : 21.811 s
Timestep : 297805, score : -6781.170694770764, Time : 21.836 s
Timestep : 306564, score : -6755.357468480972, Time : 21.846 s
Timestep : 315323, score : -6497.529053002043, Time : 21.861 s
Timestep : 324082, score : -6320.768919803624, Time : 21.852 s
Timestep : 332841, score : -6347.739762221376, Time : 21.855 s
Timestep : 341600, score : -6367.978517897849, Time : 21.797 s
Timestep : 350359, score : -6335.617162340699, Time : 21.771 s
Timestep : 359118, score : -6226.698055220608, Time : 21.817 s
Timestep : 367877, score : -6884.268657956098, Time : 21.84 s
Timestep : 376636, score : -6541.163259652589, Time : 21.878 s
Timestep : 385395, score : -6678.065892707236, Time : 22.079 s
Timestep : 394154, score : -6212.9363347923645, Time : 21.98 s
Timestep : 402913, score : -6291.5222939926025, Time : 21.837 s
Timestep : 411672, score : -6522.2028321635735, Time : 21.844 s
Timestep : 420431, score : -6178.265289103409, Time : 21.765 s
Timestep : 429190, score : -6396.126452585639, Time : 21.562 s
Timestep : 437949, score : -6035.839217194487, Time : 21.731 s
Timestep : 446708, score : -6026.846421592549, Time : 21.691 s
Timestep : 455467, score : -6858.006059172214, Time : 21.82 s
Timestep : 464226, score : -6333.6189609900175, Time : 21.805 s
Timestep : 472985, score : -6265.798002817857, Time : 21.807 s
Timestep : 481744, score : -6253.999447353097, Time : 21.809 s
Timestep : 490503, score : -6084.932633216638, Time : 21.595 s
Timestep : 499262, score : -6030.093272159065, Time : 21.821 s
Timestep : 508021, score : -6174.267603910135, Time : 21.853 s
Timestep : 516780, score : -6342.616095504636, Time : 21.831 s
Timestep : 525539, score : -6150.64412609514, Time : 21.846 s
Timestep : 534298, score : -6138.864814010303, Time : 22.025 s
Timestep : 543057, score : -6422.958447886544, Time : 22.06 s
Timestep : 551816, score : -6166.976623090246, Time : 21.791 s
Timestep : 560575, score : -5609.679274705966, Time : 21.923 s
Timestep : 569334, score : -6092.47364898157, Time : 21.831 s
Timestep : 578093, score : -6073.373180375391, Time : 21.834 s
Timestep : 586852, score : -6147.794238454691, Time : 21.81 s
Timestep : 595611, score : -5942.89032416181, Time : 21.562 s
Timestep : 604370, score : -5904.5276733922365, Time : 21.796 s
Timestep : 613129, score : -6049.9770896146365, Time : 21.632 s
Timestep : 621888, score : -6427.14424762383, Time : 21.675 s
Timestep : 630647, score : -6179.289423706272, Time : 21.775 s
Timestep : 639406, score : -5914.368117042424, Time : 21.778 s
Timestep : 648165, score : -6043.928715781032, Time : 21.531 s
Timestep : 656924, score : -6234.546219114069, Time : 21.663 s
Timestep : 665683, score : -5919.976539807227, Time : 21.624 s
Timestep : 674442, score : -5675.734432848549, Time : 21.763 s
Timestep : 683201, score : -6002.26887922411, Time : 21.847 s
Timestep : 691960, score : -6206.884323493068, Time : 21.908 s
Timestep : 700719, score : -5785.3950781617605, Time : 21.931 s
Timestep : 709478, score : -5901.1383577738015, Time : 21.788 s
Timestep : 718237, score : -5892.746026966284, Time : 21.599 s
Timestep : 726996, score : -6212.557450877241, Time : 21.78 s
Timestep : 735755, score : -5731.705499208911, Time : 21.796 s
Timestep : 744514, score : -5879.025825185614, Time : 21.68 s
Timestep : 753273, score : -5652.003534709482, Time : 21.773 s
Timestep : 762032, score : -5777.852785623007, Time : 21.748 s
Timestep : 770791, score : -6128.069162272877, Time : 21.641 s
Timestep : 779550, score : -5916.68458491085, Time : 21.714 s
Timestep : 788309, score : -5924.258326692419, Time : 21.593 s
Timestep : 797068, score : -5869.86439010725, Time : 21.617 s
Timestep : 805827, score : -5920.153562460167, Time : 21.72 s
Timestep : 814586, score : -5554.725844626693, Time : 21.768 s
Timestep : 823345, score : -5325.665726921929, Time : 21.77 s
Timestep : 832104, score : -5774.991938266583, Time : 21.776 s
Timestep : 840863, score : -5749.58010456097, Time : 22.063 s
Timestep : 849622, score : -6040.3372233377595, Time : 22.0 s
Timestep : 858381, score : -5450.499205797983, Time : 21.833 s
Timestep : 867140, score : -5777.12916704666, Time : 21.79 s
Timestep : 875899, score : -5774.842972200437, Time : 21.806 s
Starting local evaluation
Num Steps: 1000, Num episodes: 0
Num Steps: 2000, Num episodes: 0
Num Steps: 3000, Num episodes: 0
Num Steps: 4000, Num episodes: 0
Num Steps: 5000, Num episodes: 0
Num Steps: 6000, Num episodes: 0
Num Steps: 7000, Num episodes: 0
Num Steps: 8000, Num episodes: 0
Episode complete: 1 | Latest episode metrics: {'price_cost': 1.0186508562877952, 'emmision_cost': 1.0180932555376987}
[-0.25268071] -0.25268070972403367
Average Price Cost: 1.0186508562877952
Average Emmision Cost: 1.0180932555376987
Average of both costs: 1.018372055912747
Total time taken by agent: 2.553224300732836s
DONE!
