{'agent': 'DQN', 'action_selection': 'egreedy', 'seed': 1, 'episodes': 100, 'data_path': 'data/citylearn_challenge_2022_phase_1', 'dry_run': False, 'n_discrete': 9, 'update_target': 8, 'lr': 0.03, 'batch_size': 64, 'adam_epsilon': 1e-06, 'epsilon_final': 0.01, 'run_id': 225}
{'Notes': 'This is a tuning run, executed on a single building.',
 'action_selection': 'egreedy',
 'adam_epsilon': 1e-06,
 'env': '<NormalizeObservation<OneHotHour<DiscreteSingle<CityLearnEnv '
        'instance>>>>',
 'final_exploration_rate': 0.02,
 'final_exploration_step': 1000,
 'gamma': 0.99,
 'initial_exploration_rate': 1,
 'learning_rate': 0.03,
 'loss': 'mse',
 'minibatch_size': 64,
 'network': 'MLP(\n'
            '  (layers): Sequential(\n'
            '    (0): Linear(in_features=29, out_features=128, bias=True)\n'
            '    (1): ReLU()\n'
            '    (2): Linear(in_features=128, out_features=128, bias=True)\n'
            '    (3): ReLU()\n'
            '    (4): Linear(in_features=128, out_features=9, bias=True)\n'
            '  )\n'
            ')',
 'replay_buffer_size': 10000,
 'replay_start_size': 64,
 'seed': 1,
 'train_steps': 876000,
 'update_frequency': 1,
 'update_target_frequency': 8,
 'weight_scale': 1.4142135623730951}
Timestep : 8758, score : -8023.349762548998, Time : 21.757 s
Timestep : 17517, score : -9115.133864605057, Time : 22.092 s
Timestep : 26276, score : -5859.61122703788, Time : 22.275 s
Timestep : 35035, score : -11927.796497576754, Time : 22.297 s
Timestep : 43794, score : -8459.212496288776, Time : 22.311 s
Timestep : 52553, score : -12463.124899756978, Time : 22.797 s
Timestep : 61312, score : -11167.418842176587, Time : 22.814 s
Timestep : 70071, score : -11666.277563162963, Time : 22.821 s
Timestep : 78830, score : -13048.829316477364, Time : 22.81 s
Timestep : 87589, score : -11248.301888188726, Time : 22.827 s
Timestep : 96348, score : -11406.207824308265, Time : 22.804 s
Timestep : 105107, score : -12591.618960720625, Time : 22.797 s
Timestep : 113866, score : -12553.655832056684, Time : 22.814 s
Timestep : 122625, score : -11195.748472142295, Time : 22.476 s
Timestep : 131384, score : -12279.369492105907, Time : 22.815 s
Timestep : 140143, score : -11730.808418478307, Time : 22.606 s
Timestep : 148902, score : -12590.276768815034, Time : 22.74 s
Timestep : 157661, score : -13407.994787893564, Time : 23.013 s
Timestep : 166420, score : -12450.532880265688, Time : 22.992 s
Timestep : 175179, score : -13381.4523425824, Time : 23.008 s
Timestep : 183938, score : -13183.442420796404, Time : 23.001 s
Timestep : 192697, score : -12770.446883750148, Time : 22.334 s
Timestep : 201456, score : -12592.750298493542, Time : 22.457 s
Timestep : 210215, score : -12943.725956024558, Time : 22.841 s
Timestep : 218974, score : -12825.123929244888, Time : 22.727 s
Timestep : 227733, score : -13019.931695297215, Time : 22.27 s
Timestep : 236492, score : -13197.420441588416, Time : 22.803 s
Timestep : 245251, score : -12657.852804150752, Time : 22.544 s
Timestep : 254010, score : -13391.338077110078, Time : 22.395 s
Timestep : 262769, score : -13327.16371601302, Time : 22.827 s
Timestep : 271528, score : -12845.85099752243, Time : 22.829 s
Timestep : 280287, score : -12962.727087547333, Time : 22.846 s
Timestep : 289046, score : -14205.327881888137, Time : 22.83 s
Timestep : 297805, score : -13427.913566194125, Time : 22.829 s
Timestep : 306564, score : -13343.145373120744, Time : 22.815 s
Timestep : 315323, score : -13445.312624170052, Time : 22.524 s
Timestep : 324082, score : -12811.415939072147, Time : 22.837 s
Timestep : 332841, score : -13549.690030725818, Time : 22.832 s
Timestep : 341600, score : -13614.049074851791, Time : 22.828 s
Timestep : 350359, score : -13303.963254135524, Time : 22.833 s
Timestep : 359118, score : -13389.344420982925, Time : 22.828 s
Timestep : 367877, score : -13494.945427661238, Time : 22.834 s
Timestep : 376636, score : -13605.670617849639, Time : 22.831 s
Timestep : 385395, score : -13143.85610027588, Time : 22.833 s
Timestep : 394154, score : -13816.48296275556, Time : 22.841 s
Timestep : 402913, score : -13981.45925726567, Time : 22.831 s
Timestep : 411672, score : -13078.755851014754, Time : 22.506 s
Timestep : 420431, score : -13070.81418936509, Time : 22.422 s
Timestep : 429190, score : -12904.562052279318, Time : 22.822 s
Timestep : 437949, score : -14268.719863389575, Time : 22.837 s
Timestep : 446708, score : -13618.40948664432, Time : 22.83 s
Timestep : 455467, score : -13529.13264202152, Time : 22.306 s
Timestep : 464226, score : -12798.146654460346, Time : 22.682 s
Timestep : 472985, score : -13669.19544472461, Time : 22.821 s
Timestep : 481744, score : -14759.352196727486, Time : 22.82 s
Timestep : 490503, score : -12865.22491849702, Time : 22.828 s
Timestep : 499262, score : -12512.152470932459, Time : 22.807 s
Timestep : 508021, score : -12715.427667461481, Time : 22.823 s
Timestep : 516780, score : -13283.19943499344, Time : 22.679 s
Timestep : 525539, score : -13794.027428083617, Time : 22.723 s
Timestep : 534298, score : -12794.776344482976, Time : 22.165 s
Timestep : 543057, score : -13133.863390731454, Time : 22.154 s
Timestep : 551816, score : -12418.918316796073, Time : 22.147 s
Timestep : 560575, score : -13251.244076109127, Time : 22.66 s
Timestep : 569334, score : -13077.66875084136, Time : 22.72 s
Timestep : 578093, score : -13197.431478918486, Time : 22.339 s
Timestep : 586852, score : -13325.111653005486, Time : 22.869 s
Timestep : 595611, score : -13116.757054436137, Time : 22.308 s
Timestep : 604370, score : -13678.743664445778, Time : 22.587 s
Timestep : 613129, score : -13077.379725289997, Time : 22.656 s
Timestep : 621888, score : -12994.536603609205, Time : 22.817 s
Timestep : 630647, score : -12839.192491958398, Time : 22.678 s
Timestep : 639406, score : -13362.270325747333, Time : 22.446 s
Timestep : 648165, score : -14052.39243212626, Time : 22.601 s
Timestep : 656924, score : -12949.391837521369, Time : 22.514 s
Timestep : 665683, score : -12901.862260298782, Time : 22.826 s
Timestep : 674442, score : -12556.888122159013, Time : 22.797 s
Timestep : 683201, score : -13641.33412438436, Time : 22.995 s
Timestep : 691960, score : -13734.048167528425, Time : 23.003 s
Timestep : 700719, score : -12820.717174137855, Time : 22.346 s
Timestep : 709478, score : -11742.462910097005, Time : 22.512 s
Timestep : 718237, score : -13902.50211362935, Time : 22.333 s
Timestep : 726996, score : -13911.312512056742, Time : 22.764 s
Timestep : 735755, score : -12501.395199324259, Time : 22.405 s
Timestep : 744514, score : -13261.88452164398, Time : 22.845 s
Timestep : 753273, score : -12913.559570304074, Time : 22.43 s
Timestep : 762032, score : -14065.737982101957, Time : 22.167 s
Timestep : 770791, score : -13841.773685653723, Time : 22.163 s
Timestep : 779550, score : -13277.598630992696, Time : 22.709 s
Timestep : 788309, score : -13420.615880273937, Time : 22.835 s
Timestep : 797068, score : -13025.530384316415, Time : 22.694 s
Timestep : 805827, score : -13148.175962225796, Time : 22.173 s
Timestep : 814586, score : -13237.987682335253, Time : 22.405 s
Timestep : 823345, score : -12676.349724384767, Time : 22.542 s
Timestep : 832104, score : -13683.194133510464, Time : 22.346 s
Timestep : 840863, score : -13330.222159159326, Time : 22.544 s
Timestep : 849622, score : -13978.609764813678, Time : 22.27 s
Timestep : 858381, score : -12941.433082685719, Time : 22.822 s
Timestep : 867140, score : -12701.859456191654, Time : 22.828 s
Timestep : 875899, score : -12908.915055819933, Time : 22.767 s
Starting local evaluation
Num Steps: 1000, Num episodes: 0
Num Steps: 2000, Num episodes: 0
Num Steps: 3000, Num episodes: 0
Num Steps: 4000, Num episodes: 0
Num Steps: 5000, Num episodes: 0
Num Steps: 6000, Num episodes: 0
Num Steps: 7000, Num episodes: 0
Num Steps: 8000, Num episodes: 0
Episode complete: 1 | Latest episode metrics: {'price_cost': 1.0268240367591808, 'emmision_cost': 1.0316712237102579}
[-0.26592306] -0.2659230562607726
Average Price Cost: 1.0268240367591808
Average Emmision Cost: 1.0316712237102579
Average of both costs: 1.0292476302347193
Total time taken by agent: 2.5105114057660103s
DONE!
