{'agent': 'DQN', 'action_selection': 'egreedy', 'seed': 1, 'episodes': 100, 'data_path': 'data/citylearn_challenge_2022_phase_1', 'dry_run': False, 'n_discrete': 9, 'update_target': 32, 'lr': 0.01, 'batch_size': 32, 'adam_epsilon': 1e-08, 'epsilon_final': 0.03, 'run_id': 397}
{'Notes': 'This is a tuning run, executed on a single building.',
 'action_selection': 'egreedy',
 'adam_epsilon': 1e-08,
 'env': '<NormalizeObservation<OneHotHour<DiscreteSingle<CityLearnEnv '
        'instance>>>>',
 'final_exploration_rate': 0.02,
 'final_exploration_step': 1000,
 'gamma': 0.99,
 'initial_exploration_rate': 1,
 'learning_rate': 0.01,
 'loss': 'mse',
 'minibatch_size': 32,
 'network': 'MLP(\n'
            '  (layers): Sequential(\n'
            '    (0): Linear(in_features=29, out_features=128, bias=True)\n'
            '    (1): ReLU()\n'
            '    (2): Linear(in_features=128, out_features=128, bias=True)\n'
            '    (3): ReLU()\n'
            '    (4): Linear(in_features=128, out_features=9, bias=True)\n'
            '  )\n'
            ')',
 'replay_buffer_size': 10000,
 'replay_start_size': 32,
 'seed': 1,
 'train_steps': 876000,
 'update_frequency': 1,
 'update_target_frequency': 32,
 'weight_scale': 1.4142135623730951}
Timestep : 8758, score : -8397.776732115919, Time : 24.337 s
Timestep : 17517, score : -7357.195303310713, Time : 22.379 s
Timestep : 26276, score : -8332.862388029185, Time : 22.107 s
Timestep : 35035, score : -8741.726038444147, Time : 22.144 s
Timestep : 43794, score : -8923.003335784888, Time : 22.225 s
Timestep : 52553, score : -8869.512328514858, Time : 22.146 s
Timestep : 61312, score : -9535.479504545758, Time : 22.163 s
Timestep : 70071, score : -9584.417902135232, Time : 22.178 s
Timestep : 78830, score : -9567.24068114374, Time : 22.168 s
Timestep : 87589, score : -9762.334608144942, Time : 22.187 s
Timestep : 96348, score : -10118.824913420249, Time : 22.232 s
Timestep : 105107, score : -9964.698278851021, Time : 22.536 s
Timestep : 113866, score : -10389.393299277552, Time : 26.169 s
Timestep : 122625, score : -10549.707052166821, Time : 27.726 s
Timestep : 131384, score : -10730.78796728715, Time : 27.682 s
Timestep : 140143, score : -10445.74738181266, Time : 27.073 s
Timestep : 148902, score : -10281.805649215697, Time : 27.788 s
Timestep : 157661, score : -10616.336913835054, Time : 27.726 s
Timestep : 166420, score : -10073.324176938695, Time : 27.429 s
Timestep : 175179, score : -10665.361157871463, Time : 24.434 s
Timestep : 183938, score : -10210.853059453104, Time : 22.607 s
Timestep : 192697, score : -10757.357205469845, Time : 24.464 s
Timestep : 201456, score : -10265.031429955998, Time : 26.843 s
Timestep : 210215, score : -10732.796351047538, Time : 27.513 s
Timestep : 218974, score : -10581.007568573412, Time : 27.658 s
Timestep : 227733, score : -10876.783278767442, Time : 27.744 s
Timestep : 236492, score : -10247.422350845663, Time : 26.029 s
Timestep : 245251, score : -10486.262641069858, Time : 27.405 s
Timestep : 254010, score : -10933.962529136832, Time : 25.194 s
Timestep : 262769, score : -10993.515503398026, Time : 27.129 s
Timestep : 271528, score : -11667.545105855192, Time : 27.929 s
Timestep : 280287, score : -11546.656083094655, Time : 25.705 s
Timestep : 289046, score : -11323.428328234193, Time : 22.48 s
Timestep : 297805, score : -10691.22009947864, Time : 22.255 s
Timestep : 306564, score : -11177.615451182035, Time : 22.222 s
Timestep : 315323, score : -11201.234137805193, Time : 22.245 s
Timestep : 324082, score : -11557.203235148525, Time : 22.282 s
Timestep : 332841, score : -11177.169917121868, Time : 22.2 s
Timestep : 341600, score : -10912.756769165702, Time : 22.35 s
Timestep : 350359, score : -10634.894430372748, Time : 22.406 s
Timestep : 359118, score : -10984.490887840933, Time : 25.211 s
Timestep : 367877, score : -11532.35580675926, Time : 26.607 s
Timestep : 376636, score : -10769.50594646098, Time : 22.299 s
Timestep : 385395, score : -11017.619775523155, Time : 23.932 s
Timestep : 394154, score : -11229.637306032077, Time : 22.41 s
Timestep : 402913, score : -11274.794713059935, Time : 27.001 s
Timestep : 411672, score : -10814.638682604269, Time : 27.764 s
Timestep : 420431, score : -11074.020114012834, Time : 26.976 s
Timestep : 429190, score : -11009.842556340882, Time : 26.269 s
Timestep : 437949, score : -11181.450800733553, Time : 23.66 s
Timestep : 446708, score : -10598.172024904663, Time : 22.346 s
Timestep : 455467, score : -10812.727918659337, Time : 22.189 s
Timestep : 464226, score : -10992.669106015965, Time : 23.653 s
Timestep : 472985, score : -11149.45081591171, Time : 24.616 s
Timestep : 481744, score : -10549.899933397333, Time : 22.199 s
Timestep : 490503, score : -11168.57153049724, Time : 22.19 s
Timestep : 499262, score : -10778.745032353749, Time : 23.925 s
Timestep : 508021, score : -10756.448455319478, Time : 23.443 s
Timestep : 516780, score : -10496.654396176833, Time : 22.204 s
Timestep : 525539, score : -10884.47708920925, Time : 25.779 s
Timestep : 534298, score : -10409.614698284844, Time : 27.045 s
Timestep : 543057, score : -10746.365897913944, Time : 25.19 s
Timestep : 551816, score : -10503.872914978376, Time : 22.289 s
Timestep : 560575, score : -10918.159226746022, Time : 27.696 s
Timestep : 569334, score : -10313.960547592913, Time : 27.642 s
Timestep : 578093, score : -10665.149419065943, Time : 27.642 s
Timestep : 586852, score : -10399.011007947105, Time : 27.76 s
Timestep : 595611, score : -10573.014501815385, Time : 27.492 s
Timestep : 604370, score : -10548.443622574516, Time : 27.932 s
Timestep : 613129, score : -10531.300137017359, Time : 27.968 s
Timestep : 621888, score : -10815.8159997178, Time : 26.928 s
Timestep : 630647, score : -10256.18725096996, Time : 24.551 s
Timestep : 639406, score : -10776.082562479452, Time : 27.314 s
Timestep : 648165, score : -10787.955718148776, Time : 24.49 s
Timestep : 656924, score : -11252.552396259067, Time : 22.263 s
Timestep : 665683, score : -10253.415540964692, Time : 22.171 s
Timestep : 674442, score : -10922.498360650796, Time : 22.062 s
Timestep : 683201, score : -11053.164420020257, Time : 21.991 s
Timestep : 691960, score : -10697.636943652178, Time : 22.272 s
Timestep : 700719, score : -10338.68189730318, Time : 26.08 s
Timestep : 709478, score : -10932.534631425136, Time : 26.383 s
Timestep : 718237, score : -10521.108009275238, Time : 22.008 s
Timestep : 726996, score : -10718.065734838514, Time : 22.088 s
Timestep : 735755, score : -10087.443700235715, Time : 22.02 s
Timestep : 744514, score : -10402.584191416157, Time : 22.084 s
Timestep : 753273, score : -10658.757025210027, Time : 22.03 s
Timestep : 762032, score : -10548.574942103121, Time : 21.934 s
Timestep : 770791, score : -10923.195887854701, Time : 21.95 s
Timestep : 779550, score : -11169.577879145574, Time : 22.128 s
Timestep : 788309, score : -10522.29343046296, Time : 22.323 s
Timestep : 797068, score : -10264.958817179271, Time : 22.26 s
Timestep : 805827, score : -10837.375329290717, Time : 22.161 s
Timestep : 814586, score : -10890.028343432412, Time : 22.024 s
Timestep : 823345, score : -11015.391427547787, Time : 21.971 s
Timestep : 832104, score : -10942.212148083141, Time : 26.401 s
Timestep : 840863, score : -11025.232291101434, Time : 26.676 s
Timestep : 849622, score : -10795.508971626638, Time : 27.029 s
Timestep : 858381, score : -10319.49525370235, Time : 27.178 s
Timestep : 867140, score : -11030.862980908205, Time : 27.212 s
Timestep : 875899, score : -10839.58141208878, Time : 26.945 s
Starting local evaluation
Num Steps: 1000, Num episodes: 0
Num Steps: 2000, Num episodes: 0
Num Steps: 3000, Num episodes: 0
Num Steps: 4000, Num episodes: 0
Num Steps: 5000, Num episodes: 0
Num Steps: 6000, Num episodes: 0
Num Steps: 7000, Num episodes: 0
Num Steps: 8000, Num episodes: 0
Episode complete: 1 | Latest episode metrics: {'price_cost': 1.0125712506954443, 'emmision_cost': 1.0136164259414397}
[-0.24614511] -0.24614510837424605
Average Price Cost: 1.0125712506954443
Average Emmision Cost: 1.0136164259414397
Average of both costs: 1.013093838318442
Total time taken by agent: 3.0462943014863413s
DONE!
