{'agent': 'DQN', 'action_selection': 'egreedy', 'seed': 1, 'episodes': 100, 'data_path': 'data/citylearn_challenge_2022_phase_1', 'dry_run': False, 'n_discrete': 9, 'update_target': 4, 'lr': 1e-05, 'batch_size': 8, 'adam_epsilon': 1e-08, 'epsilon_final': 0.08, 'run_id': 281}
{'Notes': 'This is a tuning run, executed on a single building.',
 'action_selection': 'egreedy',
 'adam_epsilon': 1e-08,
 'env': '<NormalizeObservation<OneHotHour<DiscreteSingle<CityLearnEnv '
        'instance>>>>',
 'final_exploration_rate': 0.02,
 'final_exploration_step': 1000,
 'gamma': 0.99,
 'initial_exploration_rate': 1,
 'learning_rate': 1e-05,
 'loss': 'mse',
 'minibatch_size': 8,
 'network': 'MLP(\n'
            '  (layers): Sequential(\n'
            '    (0): Linear(in_features=29, out_features=128, bias=True)\n'
            '    (1): ReLU()\n'
            '    (2): Linear(in_features=128, out_features=128, bias=True)\n'
            '    (3): ReLU()\n'
            '    (4): Linear(in_features=128, out_features=9, bias=True)\n'
            '  )\n'
            ')',
 'replay_buffer_size': 10000,
 'replay_start_size': 8,
 'seed': 1,
 'train_steps': 876000,
 'update_frequency': 1,
 'update_target_frequency': 4,
 'weight_scale': 1.4142135623730951}
Timestep : 8758, score : -6358.868388304909, Time : 21.346 s
Timestep : 17517, score : -5089.47122343388, Time : 21.817 s
Timestep : 26276, score : -5327.021281278139, Time : 21.842 s
Timestep : 35035, score : -5136.285274013324, Time : 21.87 s
Timestep : 43794, score : -4796.96403574702, Time : 21.871 s
Timestep : 52553, score : -5380.716421299527, Time : 21.642 s
Timestep : 61312, score : -5053.77249071133, Time : 21.871 s
Timestep : 70071, score : -4751.534647357097, Time : 21.869 s
Timestep : 78830, score : -4910.71794983084, Time : 21.875 s
Timestep : 87589, score : -4832.4906688606425, Time : 21.819 s
Timestep : 96348, score : -4884.193641783117, Time : 21.868 s
Timestep : 105107, score : -4757.27233944778, Time : 21.733 s
Timestep : 113866, score : -4664.758678729137, Time : 21.862 s
Timestep : 122625, score : -4658.623030171177, Time : 21.883 s
Timestep : 131384, score : -4615.243288229132, Time : 21.797 s
Timestep : 140143, score : -4957.918481621033, Time : 21.886 s
Timestep : 148902, score : -4538.628175786958, Time : 21.896 s
Timestep : 157661, score : -4567.7450128350465, Time : 21.899 s
Timestep : 166420, score : -4638.588705425529, Time : 21.898 s
Timestep : 175179, score : -4764.5129979505, Time : 21.913 s
Timestep : 183938, score : -4475.91218745886, Time : 21.904 s
Timestep : 192697, score : -4645.646420930658, Time : 21.915 s
Timestep : 201456, score : -4586.865706121927, Time : 21.902 s
Timestep : 210215, score : -4627.672556398975, Time : 21.901 s
Timestep : 218974, score : -4641.000522722403, Time : 21.91 s
Timestep : 227733, score : -4537.967530954076, Time : 21.903 s
Timestep : 236492, score : -4946.298684516063, Time : 21.906 s
Timestep : 245251, score : -4596.41302452088, Time : 21.919 s
Timestep : 254010, score : -5089.061031706704, Time : 21.911 s
Timestep : 262769, score : -4664.501976476895, Time : 21.914 s
Timestep : 271528, score : -4795.845102862833, Time : 21.916 s
Timestep : 280287, score : -4578.3743068029, Time : 21.908 s
Timestep : 289046, score : -4587.142542158748, Time : 21.908 s
Timestep : 297805, score : -4553.337859546213, Time : 21.909 s
Timestep : 306564, score : -4516.085368802334, Time : 21.911 s
Timestep : 315323, score : -4754.581663684017, Time : 21.917 s
Timestep : 324082, score : -4497.3337511023565, Time : 21.913 s
Timestep : 332841, score : -4548.172459128851, Time : 21.915 s
Timestep : 341600, score : -4628.694542468904, Time : 21.916 s
Timestep : 350359, score : -4495.553065055428, Time : 21.911 s
Timestep : 359118, score : -4760.363842833001, Time : 21.907 s
Timestep : 367877, score : -4619.68020303073, Time : 21.922 s
Timestep : 376636, score : -4558.551824302791, Time : 21.916 s
Timestep : 385395, score : -4607.700667822181, Time : 21.914 s
Timestep : 394154, score : -4500.202773095487, Time : 21.927 s
Timestep : 402913, score : -4540.389355585707, Time : 21.919 s
Timestep : 411672, score : -4574.364168405911, Time : 21.913 s
Timestep : 420431, score : -4600.394224158634, Time : 21.911 s
Timestep : 429190, score : -4467.951159929304, Time : 21.909 s
Timestep : 437949, score : -4609.593853687315, Time : 21.913 s
Timestep : 446708, score : -4609.288071726827, Time : 21.901 s
Timestep : 455467, score : -4468.634787702904, Time : 21.706 s
Timestep : 464226, score : -4556.0450294792245, Time : 21.669 s
Timestep : 472985, score : -4554.170309947251, Time : 21.571 s
Timestep : 481744, score : -4458.847874574742, Time : 21.353 s
Timestep : 490503, score : -4591.621198811947, Time : 21.367 s
Timestep : 499262, score : -4537.800972915633, Time : 21.35 s
Timestep : 508021, score : -4578.28208827044, Time : 21.569 s
Timestep : 516780, score : -4537.129095576034, Time : 21.909 s
Timestep : 525539, score : -4583.0204881517275, Time : 21.896 s
Timestep : 534298, score : -4686.137703343207, Time : 21.351 s
Timestep : 543057, score : -4633.839009053452, Time : 21.348 s
Timestep : 551816, score : -4502.401883438608, Time : 21.529 s
Timestep : 560575, score : -4324.3384472256585, Time : 22.024 s
Timestep : 569334, score : -4523.017106095358, Time : 21.629 s
Timestep : 578093, score : -4588.911876799917, Time : 21.513 s
Timestep : 586852, score : -4512.003679988353, Time : 21.88 s
Timestep : 595611, score : -4566.072653873314, Time : 21.889 s
Timestep : 604370, score : -4530.4851701375155, Time : 21.86 s
Timestep : 613129, score : -4575.949741364835, Time : 21.473 s
Timestep : 621888, score : -4475.676957222124, Time : 21.878 s
Timestep : 630647, score : -4608.90491784949, Time : 21.879 s
Timestep : 639406, score : -4550.218552048696, Time : 21.865 s
Timestep : 648165, score : -4482.166725668503, Time : 21.514 s
Timestep : 656924, score : -4613.782758201734, Time : 21.75 s
Timestep : 665683, score : -4639.284944255749, Time : 21.878 s
Timestep : 674442, score : -4505.816194198473, Time : 21.877 s
Timestep : 683201, score : -4514.627725997387, Time : 21.884 s
Timestep : 691960, score : -4584.557669173373, Time : 21.87 s
Timestep : 700719, score : -4625.537510683673, Time : 21.851 s
Timestep : 709478, score : -4495.646139971359, Time : 21.873 s
Timestep : 718237, score : -4486.91915254519, Time : 21.875 s
Timestep : 726996, score : -4668.296441453887, Time : 21.876 s
Timestep : 735755, score : -4617.78352432829, Time : 21.875 s
Timestep : 744514, score : -4455.742150737351, Time : 21.837 s
Timestep : 753273, score : -4507.020204148634, Time : 22.86 s
Timestep : 762032, score : -4447.543164913659, Time : 21.867 s
Timestep : 770791, score : -4483.621490834077, Time : 21.876 s
Timestep : 779550, score : -4479.681602162687, Time : 21.878 s
Timestep : 788309, score : -4462.151803770481, Time : 21.858 s
Timestep : 797068, score : -4507.167288865981, Time : 21.865 s
Timestep : 805827, score : -4450.200657252601, Time : 21.874 s
Timestep : 814586, score : -4516.732125084294, Time : 21.863 s
Timestep : 823345, score : -4633.326620103238, Time : 21.782 s
Timestep : 832104, score : -4439.273466895713, Time : 21.469 s
Timestep : 840863, score : -4514.284413048445, Time : 21.186 s
Timestep : 849622, score : -4760.84078804907, Time : 21.56 s
Timestep : 858381, score : -4499.329888441047, Time : 21.539 s
Timestep : 867140, score : -4539.859924942168, Time : 21.727 s
Timestep : 875899, score : -4533.84656669393, Time : 21.601 s
Starting local evaluation
Num Steps: 1000, Num episodes: 0
Num Steps: 2000, Num episodes: 0
Num Steps: 3000, Num episodes: 0
Num Steps: 4000, Num episodes: 0
Num Steps: 5000, Num episodes: 0
Num Steps: 6000, Num episodes: 0
Num Steps: 7000, Num episodes: 0
Num Steps: 8000, Num episodes: 0
Episode complete: 1 | Latest episode metrics: {'price_cost': 1.017880489344787, 'emmision_cost': 1.0205971676441572}
[-0.25366295] -0.25366295326782556
Average Price Cost: 1.017880489344787
Average Emmision Cost: 1.0205971676441572
Average of both costs: 1.0192388284944722
Total time taken by agent: 2.562369290739298s
DONE!
