{'agent': 'DQN', 'action_selection': 'egreedy', 'seed': 1, 'episodes': 100, 'data_path': 'data/citylearn_challenge_2022_phase_1', 'dry_run': False, 'n_discrete': 9, 'update_target': 32, 'lr': 3e-05, 'batch_size': 16, 'adam_epsilon': 1e-07, 'epsilon_final': 0.01, 'run_id': 223}
{'Notes': 'This is a tuning run, executed on a single building.',
 'action_selection': 'egreedy',
 'adam_epsilon': 1e-07,
 'env': '<NormalizeObservation<OneHotHour<DiscreteSingle<CityLearnEnv '
        'instance>>>>',
 'final_exploration_rate': 0.02,
 'final_exploration_step': 1000,
 'gamma': 0.99,
 'initial_exploration_rate': 1,
 'learning_rate': 3e-05,
 'loss': 'mse',
 'minibatch_size': 16,
 'network': 'MLP(\n'
            '  (layers): Sequential(\n'
            '    (0): Linear(in_features=29, out_features=128, bias=True)\n'
            '    (1): ReLU()\n'
            '    (2): Linear(in_features=128, out_features=128, bias=True)\n'
            '    (3): ReLU()\n'
            '    (4): Linear(in_features=128, out_features=9, bias=True)\n'
            '  )\n'
            ')',
 'replay_buffer_size': 10000,
 'replay_start_size': 16,
 'seed': 1,
 'train_steps': 876000,
 'update_frequency': 1,
 'update_target_frequency': 32,
 'weight_scale': 1.4142135623730951}
Timestep : 8758, score : -5724.698720552638, Time : 21.188 s
Timestep : 17517, score : -4326.940549162478, Time : 21.749 s
Timestep : 26276, score : -4948.000639195816, Time : 21.469 s
Timestep : 35035, score : -4536.85370256225, Time : 21.461 s
Timestep : 43794, score : -4279.540452543559, Time : 22.057 s
Timestep : 52553, score : -3940.8107835942938, Time : 21.731 s
Timestep : 61312, score : -3440.260613273291, Time : 21.968 s
Timestep : 70071, score : -3189.1240020942787, Time : 21.701 s
Timestep : 78830, score : -3404.2804513419105, Time : 22.929 s
Timestep : 87589, score : -3081.0500267503157, Time : 22.62 s
Timestep : 96348, score : -2970.2185658977396, Time : 21.965 s
Timestep : 105107, score : -2513.0677817286924, Time : 21.963 s
Timestep : 113866, score : -2334.265477627563, Time : 22.091 s
Timestep : 122625, score : -2486.970975054879, Time : 22.104 s
Timestep : 131384, score : -2376.701197874034, Time : 22.078 s
Timestep : 140143, score : -2626.286192059968, Time : 22.12 s
Timestep : 148902, score : -2260.149041521494, Time : 22.104 s
Timestep : 157661, score : -2319.2660015620277, Time : 22.089 s
Timestep : 166420, score : -2203.227738832451, Time : 22.109 s
Timestep : 175179, score : -2258.5133131632683, Time : 22.095 s
Timestep : 183938, score : -2172.197545420211, Time : 22.213 s
Timestep : 192697, score : -2034.492601191866, Time : 23.025 s
Timestep : 201456, score : -2023.9537328537845, Time : 22.396 s
Timestep : 210215, score : -2079.8093091924275, Time : 21.923 s
Timestep : 218974, score : -1943.8556882876837, Time : 21.711 s
Timestep : 227733, score : -2103.2896219032427, Time : 21.338 s
Timestep : 236492, score : -1925.423424565437, Time : 21.095 s
Timestep : 245251, score : -1759.8754677394627, Time : 21.417 s
Timestep : 254010, score : -2071.6893941163726, Time : 21.125 s
Timestep : 262769, score : -1901.0320712489192, Time : 21.09 s
Timestep : 271528, score : -1861.3235101278333, Time : 21.071 s
Timestep : 280287, score : -1713.153484744893, Time : 21.611 s
Timestep : 289046, score : -2056.5821957395274, Time : 21.814 s
Timestep : 297805, score : -1958.938682879685, Time : 21.945 s
Timestep : 306564, score : -1879.4660025085323, Time : 22.765 s
Timestep : 315323, score : -1976.8010249955987, Time : 21.767 s
Timestep : 324082, score : -1986.370492883747, Time : 21.764 s
Timestep : 332841, score : -2026.6124102346294, Time : 21.865 s
Timestep : 341600, score : -1938.090183638109, Time : 21.853 s
Timestep : 350359, score : -1849.034525992076, Time : 21.861 s
Timestep : 359118, score : -1835.2816219789383, Time : 21.843 s
Timestep : 367877, score : -1937.696338157235, Time : 21.846 s
Timestep : 376636, score : -2031.1649522838998, Time : 21.83 s
Timestep : 385395, score : -2110.4263716818677, Time : 21.857 s
Timestep : 394154, score : -1946.0757319810218, Time : 21.841 s
Timestep : 402913, score : -1779.1844209133342, Time : 21.844 s
Timestep : 411672, score : -1956.2089476144902, Time : 21.845 s
Timestep : 420431, score : -1789.9592529740398, Time : 21.841 s
Timestep : 429190, score : -1848.168793030025, Time : 21.835 s
Timestep : 437949, score : -1771.2559730624635, Time : 21.857 s
Timestep : 446708, score : -1871.4080630623794, Time : 21.843 s
Timestep : 455467, score : -1871.9486188982773, Time : 21.848 s
Timestep : 464226, score : -2022.005004311839, Time : 22.768 s
Timestep : 472985, score : -1736.379724532977, Time : 22.052 s
Timestep : 481744, score : -2048.6014586878155, Time : 21.37 s
Timestep : 490503, score : -1877.2705325792017, Time : 21.226 s
Timestep : 499262, score : -1777.4143607641108, Time : 21.17 s
Timestep : 508021, score : -1808.4368644207061, Time : 21.241 s
Timestep : 516780, score : -1740.0239475799244, Time : 21.23 s
Timestep : 525539, score : -1654.7761961234792, Time : 21.45 s
Timestep : 534298, score : -1778.7185999807552, Time : 21.837 s
Timestep : 543057, score : -1759.2074017091727, Time : 21.815 s
Timestep : 551816, score : -1836.0320086425927, Time : 21.852 s
Timestep : 560575, score : -1817.7842920176045, Time : 21.887 s
Timestep : 569334, score : -1818.7625288213894, Time : 22.028 s
Timestep : 578093, score : -1840.8983429516957, Time : 22.868 s
Timestep : 586852, score : -1886.7098862573912, Time : 21.988 s
Timestep : 595611, score : -1750.7748772495252, Time : 21.851 s
Timestep : 604370, score : -1883.702996719192, Time : 21.877 s
Timestep : 613129, score : -1794.763179131609, Time : 21.831 s
Timestep : 621888, score : -1687.0588618822221, Time : 21.859 s
Timestep : 630647, score : -1851.8247290108993, Time : 21.868 s
Timestep : 639406, score : -1817.8484411607205, Time : 21.852 s
Timestep : 648165, score : -1818.1465749118652, Time : 21.852 s
Timestep : 656924, score : -1815.0354960937984, Time : 21.874 s
Timestep : 665683, score : -1757.1874658047527, Time : 21.849 s
Timestep : 674442, score : -1706.907045178028, Time : 21.607 s
Timestep : 683201, score : -1738.809619282285, Time : 22.088 s
Timestep : 691960, score : -1745.3321740224783, Time : 22.637 s
Timestep : 700719, score : -1795.4715715316997, Time : 21.995 s
Timestep : 709478, score : -1741.4031592003594, Time : 21.464 s
Timestep : 718237, score : -1858.5996371147048, Time : 21.174 s
Timestep : 726996, score : -1951.6691593269643, Time : 21.225 s
Timestep : 735755, score : -1736.2428742178163, Time : 21.621 s
Timestep : 744514, score : -1834.9204753340746, Time : 21.171 s
Timestep : 753273, score : -1869.2420813839417, Time : 21.33 s
Timestep : 762032, score : -1638.411558765365, Time : 21.798 s
Timestep : 770791, score : -1820.1449165743834, Time : 21.835 s
Timestep : 779550, score : -1685.421928882104, Time : 21.742 s
Timestep : 788309, score : -1603.0244863162807, Time : 21.22 s
Timestep : 797068, score : -1790.7773427049979, Time : 21.346 s
Timestep : 805827, score : -1851.6613729448, Time : 22.816 s
Timestep : 814586, score : -1956.9818466648285, Time : 22.064 s
Timestep : 823345, score : -1878.1655078222102, Time : 21.216 s
Timestep : 832104, score : -1820.0983647340036, Time : 21.202 s
Timestep : 840863, score : -1670.2547203498252, Time : 21.203 s
Timestep : 849622, score : -1784.3875057924597, Time : 21.735 s
Timestep : 858381, score : -1901.1293244845292, Time : 21.185 s
Timestep : 867140, score : -1944.9130455664417, Time : 21.166 s
Timestep : 875899, score : -1858.6041819322563, Time : 21.332 s
Starting local evaluation
Num Steps: 1000, Num episodes: 0
Num Steps: 2000, Num episodes: 0
Num Steps: 3000, Num episodes: 0
Num Steps: 4000, Num episodes: 0
Num Steps: 5000, Num episodes: 0
Num Steps: 6000, Num episodes: 0
Num Steps: 7000, Num episodes: 0
Num Steps: 8000, Num episodes: 0
Episode complete: 1 | Latest episode metrics: {'price_cost': 0.8303191767702794, 'emmision_cost': 0.9755209198228899}
[-0.10687744] -0.10687744081176903
Average Price Cost: 0.8303191767702794
Average Emmision Cost: 0.9755209198228899
Average of both costs: 0.9029200482965847
Total time taken by agent: 2.530499037588015s
DONE!
