{'agent': 'DQN', 'action_selection': 'egreedy', 'seed': 1, 'episodes': 100, 'data_path': 'data/citylearn_challenge_2022_phase_1', 'dry_run': False, 'n_discrete': 9, 'update_target': 32, 'lr': 0.03, 'batch_size': 16, 'adam_epsilon': 1e-10, 'epsilon_final': 0.1, 'run_id': 219}
{'Notes': 'This is a tuning run, executed on a single building.',
 'action_selection': 'egreedy',
 'adam_epsilon': 1e-10,
 'env': '<NormalizeObservation<OneHotHour<DiscreteSingle<CityLearnEnv '
        'instance>>>>',
 'final_exploration_rate': 0.02,
 'final_exploration_step': 1000,
 'gamma': 0.99,
 'initial_exploration_rate': 1,
 'learning_rate': 0.03,
 'loss': 'mse',
 'minibatch_size': 16,
 'network': 'MLP(\n'
            '  (layers): Sequential(\n'
            '    (0): Linear(in_features=29, out_features=128, bias=True)\n'
            '    (1): ReLU()\n'
            '    (2): Linear(in_features=128, out_features=128, bias=True)\n'
            '    (3): ReLU()\n'
            '    (4): Linear(in_features=128, out_features=9, bias=True)\n'
            '  )\n'
            ')',
 'replay_buffer_size': 10000,
 'replay_start_size': 16,
 'seed': 1,
 'train_steps': 876000,
 'update_frequency': 1,
 'update_target_frequency': 32,
 'weight_scale': 1.4142135623730951}
Timestep : 8758, score : -8427.107095300016, Time : 21.013 s
Timestep : 17517, score : -6811.416872439469, Time : 21.117 s
Timestep : 26276, score : -7302.028415866778, Time : 21.247 s
Timestep : 35035, score : -7705.90931349239, Time : 21.313 s
Timestep : 43794, score : -7775.603419248742, Time : 21.809 s
Timestep : 52553, score : -7875.077393851971, Time : 21.854 s
Timestep : 61312, score : -8068.338680795932, Time : 21.848 s
Timestep : 70071, score : -8202.097737561606, Time : 21.842 s
Timestep : 78830, score : -8359.84395491665, Time : 21.855 s
Timestep : 87589, score : -8665.316475467203, Time : 21.863 s
Timestep : 96348, score : -9029.840545509702, Time : 21.853 s
Timestep : 105107, score : -8981.934482445431, Time : 21.869 s
Timestep : 113866, score : -8785.15848397811, Time : 21.857 s
Timestep : 122625, score : -8956.690678237705, Time : 21.872 s
Timestep : 131384, score : -9132.206107931474, Time : 21.852 s
Timestep : 140143, score : -8892.558742554349, Time : 21.856 s
Timestep : 148902, score : -8782.523571429905, Time : 21.845 s
Timestep : 157661, score : -8928.520501595645, Time : 21.863 s
Timestep : 166420, score : -9390.862404358413, Time : 21.839 s
Timestep : 175179, score : -9413.950222671294, Time : 21.844 s
Timestep : 183938, score : -9050.199895329257, Time : 21.536 s
Timestep : 192697, score : -8897.006105428474, Time : 21.3 s
Timestep : 201456, score : -9182.534818689135, Time : 21.311 s
Timestep : 210215, score : -9288.033525724619, Time : 21.292 s
Timestep : 218974, score : -9413.24147446701, Time : 21.311 s
Timestep : 227733, score : -9465.26402969852, Time : 21.32 s
Timestep : 236492, score : -9444.764562059689, Time : 21.285 s
Timestep : 245251, score : -8972.95882773558, Time : 21.683 s
Timestep : 254010, score : -9482.12116566734, Time : 21.996 s
Timestep : 262769, score : -8960.57484773577, Time : 22.001 s
Timestep : 271528, score : -9533.154094351994, Time : 22.002 s
Timestep : 280287, score : -9630.918955135305, Time : 22.033 s
Timestep : 289046, score : -9526.602416053254, Time : 22.001 s
Timestep : 297805, score : -9229.879262929579, Time : 22.017 s
Timestep : 306564, score : -9498.182284286624, Time : 21.596 s
Timestep : 315323, score : -9084.288642382147, Time : 21.87 s
Timestep : 324082, score : -9775.785062101815, Time : 21.854 s
Timestep : 332841, score : -9420.387294630593, Time : 21.648 s
Timestep : 341600, score : -8939.93787634687, Time : 21.999 s
Timestep : 350359, score : -9440.829392989894, Time : 21.994 s
Timestep : 359118, score : -9701.139237482363, Time : 21.358 s
Timestep : 367877, score : -9630.620319159425, Time : 21.712 s
Timestep : 376636, score : -9887.411197360329, Time : 21.999 s
Timestep : 385395, score : -10017.114905874318, Time : 21.915 s
Timestep : 394154, score : -10131.460946971507, Time : 21.976 s
Timestep : 402913, score : -9321.444513484137, Time : 22.019 s
Timestep : 411672, score : -9025.584618476074, Time : 21.718 s
Timestep : 420431, score : -9163.577363134216, Time : 21.321 s
Timestep : 429190, score : -9294.252536909295, Time : 21.985 s
Timestep : 437949, score : -9392.685664485325, Time : 21.945 s
Timestep : 446708, score : -9936.881698578902, Time : 21.454 s
Timestep : 455467, score : -9824.384352367211, Time : 21.261 s
Timestep : 464226, score : -9832.084399112457, Time : 21.542 s
Timestep : 472985, score : -9795.45261115914, Time : 21.963 s
Timestep : 481744, score : -9888.950707049953, Time : 21.953 s
Timestep : 490503, score : -9336.949354809156, Time : 21.992 s
Timestep : 499262, score : -9465.512857922615, Time : 21.356 s
Timestep : 508021, score : -9856.122929933073, Time : 21.299 s
Timestep : 516780, score : -9618.22248202216, Time : 21.272 s
Timestep : 525539, score : -9354.701340216634, Time : 21.277 s
Timestep : 534298, score : -9509.434220385694, Time : 21.755 s
Timestep : 543057, score : -9316.048266100319, Time : 21.979 s
Timestep : 551816, score : -9938.290014946397, Time : 21.95 s
Timestep : 560575, score : -9819.679519754398, Time : 21.973 s
Timestep : 569334, score : -9850.857875346584, Time : 21.984 s
Timestep : 578093, score : -9638.346011550704, Time : 21.982 s
Timestep : 586852, score : -9771.71049210665, Time : 21.96 s
Timestep : 595611, score : -9201.96292777751, Time : 21.96 s
Timestep : 604370, score : -9862.350942360586, Time : 21.981 s
Timestep : 613129, score : -9452.047620076584, Time : 21.962 s
Timestep : 621888, score : -9649.165075341356, Time : 21.39 s
Timestep : 630647, score : -9777.21369506629, Time : 21.267 s
Timestep : 639406, score : -9380.839231384016, Time : 21.3 s
Timestep : 648165, score : -9722.112252232851, Time : 21.3 s
Timestep : 656924, score : -9838.258220295422, Time : 21.252 s
Timestep : 665683, score : -10006.130404696116, Time : 21.316 s
Timestep : 674442, score : -10023.401052509973, Time : 21.991 s
Timestep : 683201, score : -9451.059981088227, Time : 21.571 s
Timestep : 691960, score : -9230.553645155931, Time : 21.308 s
Timestep : 700719, score : -9159.280841941392, Time : 21.568 s
Timestep : 709478, score : -9506.609895362635, Time : 21.995 s
Timestep : 718237, score : -9713.170502522189, Time : 21.987 s
Timestep : 726996, score : -9718.775493984605, Time : 21.993 s
Timestep : 735755, score : -9122.790302579437, Time : 21.996 s
Timestep : 744514, score : -9649.830177475073, Time : 21.981 s
Timestep : 753273, score : -8903.898101127386, Time : 22.016 s
Timestep : 762032, score : -9224.414023487843, Time : 21.992 s
Timestep : 770791, score : -9259.93292201434, Time : 21.987 s
Timestep : 779550, score : -9205.277960604086, Time : 21.976 s
Timestep : 788309, score : -8877.737434502647, Time : 22.007 s
Timestep : 797068, score : -9250.453666220077, Time : 21.981 s
Timestep : 805827, score : -9817.27695276105, Time : 21.993 s
Timestep : 814586, score : -9785.25786048737, Time : 21.983 s
Timestep : 823345, score : -9764.630440304012, Time : 21.961 s
Timestep : 832104, score : -9520.06040925668, Time : 21.988 s
Timestep : 840863, score : -9714.69577313571, Time : 21.989 s
Timestep : 849622, score : -9347.179489634887, Time : 21.992 s
Timestep : 858381, score : -9955.769770794112, Time : 21.98 s
Timestep : 867140, score : -9562.724456652417, Time : 21.997 s
Timestep : 875899, score : -9774.014085142553, Time : 21.774 s
Starting local evaluation
Num Steps: 1000, Num episodes: 0
Num Steps: 2000, Num episodes: 0
Num Steps: 3000, Num episodes: 0
Num Steps: 4000, Num episodes: 0
Num Steps: 5000, Num episodes: 0
Num Steps: 6000, Num episodes: 0
Num Steps: 7000, Num episodes: 0
Num Steps: 8000, Num episodes: 0
Episode complete: 1 | Latest episode metrics: {'price_cost': 1.0045775615334198, 'emmision_cost': 1.0055454582260974}
[-0.23626405] -0.2362640496456055
Average Price Cost: 1.0045775615334198
Average Emmision Cost: 1.0055454582260974
Average of both costs: 1.0050615098797586
Total time taken by agent: 2.5646702891681343s
DONE!
