{'agent': 'DQN', 'action_selection': 'softmax', 'seed': 1, 'episodes': 100, 'data_path': 'data/citylearn_challenge_2022_phase_1', 'dry_run': False, 'n_discrete': 9, 'update_target': 32, 'lr': 3e-05, 'batch_size': 128, 'adam_epsilon': 1e-10, 'epsilon_final': 0.02, 'run_id': 174}
{'Notes': 'This is a tuning run, executed on a single building.',
 'action_selection': 'softmax',
 'adam_epsilon': 1e-10,
 'env': '<NormalizeObservation<OneHotHour<DiscreteSingle<CityLearnEnv '
        'instance>>>>',
 'final_exploration_rate': 0.02,
 'final_exploration_step': 1000,
 'gamma': 0.99,
 'initial_exploration_rate': 1,
 'learning_rate': 3e-05,
 'loss': 'mse',
 'minibatch_size': 128,
 'network': 'MLP(\n'
            '  (layers): Sequential(\n'
            '    (0): Linear(in_features=29, out_features=128, bias=True)\n'
            '    (1): ReLU()\n'
            '    (2): Linear(in_features=128, out_features=128, bias=True)\n'
            '    (3): ReLU()\n'
            '    (4): Linear(in_features=128, out_features=9, bias=True)\n'
            '  )\n'
            ')',
 'replay_buffer_size': 10000,
 'replay_start_size': 128,
 'seed': 1,
 'train_steps': 876000,
 'update_frequency': 1,
 'update_target_frequency': 32,
 'weight_scale': 1.4142135623730951}
Timestep : 8758, score : -5233.14528628593, Time : 25.536 s
Timestep : 17517, score : -4981.345892712852, Time : 26.21 s
Timestep : 26276, score : -4464.645390825841, Time : 27.876 s
Timestep : 35035, score : -4202.820388900378, Time : 28.189 s
Timestep : 43794, score : -3604.643686969677, Time : 28.306 s
Timestep : 52553, score : -3111.9192424094363, Time : 28.257 s
Timestep : 61312, score : -2569.6973438534915, Time : 28.357 s
Timestep : 70071, score : -2327.716854020444, Time : 27.226 s
Timestep : 78830, score : -1913.9946998167143, Time : 26.628 s
Timestep : 87589, score : -2536.8765298385697, Time : 26.613 s
Timestep : 96348, score : -2457.981573619327, Time : 26.761 s
Timestep : 105107, score : -2248.0382184277114, Time : 27.517 s
Timestep : 113866, score : -2733.5693533586164, Time : 28.548 s
Timestep : 122625, score : -2245.8090465160385, Time : 28.579 s
Timestep : 131384, score : -2412.2996689065185, Time : 28.51 s
Timestep : 140143, score : -2406.255991940183, Time : 28.54 s
Timestep : 148902, score : -2009.5460027728986, Time : 28.372 s
Timestep : 157661, score : -2251.810364259436, Time : 28.524 s
Timestep : 166420, score : -1637.8717727228359, Time : 28.493 s
Timestep : 175179, score : -2484.0918289173424, Time : 28.295 s
Timestep : 183938, score : -1640.1978114989179, Time : 28.544 s
Timestep : 192697, score : -2066.1243452010967, Time : 28.576 s
Timestep : 201456, score : -2426.56729607124, Time : 28.539 s
Timestep : 210215, score : -1901.9088696376712, Time : 28.587 s
Timestep : 218974, score : -1704.998433197179, Time : 28.546 s
Timestep : 227733, score : -1818.6018168042356, Time : 28.369 s
Timestep : 236492, score : -1946.3166913714085, Time : 27.677 s
Timestep : 245251, score : -2048.641411351069, Time : 26.44 s
Timestep : 254010, score : -2020.4746476393484, Time : 27.568 s
Timestep : 262769, score : -1734.0431027629238, Time : 28.355 s
Timestep : 271528, score : -2103.245970119053, Time : 27.273 s
Timestep : 280287, score : -1837.0275248415128, Time : 26.5 s
Timestep : 289046, score : -1787.1865337351628, Time : 26.486 s
Timestep : 297805, score : -2164.269325065223, Time : 26.498 s
Timestep : 306564, score : -2100.683325298509, Time : 26.467 s
Timestep : 315323, score : -1939.9654186247208, Time : 27.988 s
Timestep : 324082, score : -1779.576935049059, Time : 27.954 s
Timestep : 332841, score : -1718.952703715564, Time : 28.395 s
Timestep : 341600, score : -1651.7822336713143, Time : 28.359 s
Timestep : 350359, score : -1556.0385162859166, Time : 27.97 s
Timestep : 359118, score : -1862.8924593789561, Time : 26.748 s
Timestep : 367877, score : -1985.2584556942165, Time : 28.178 s
Timestep : 376636, score : -2235.85757115882, Time : 27.076 s
Timestep : 385395, score : -1783.8547826708673, Time : 26.981 s
Timestep : 394154, score : -1977.934186218219, Time : 27.168 s
Timestep : 402913, score : -2012.5821656582702, Time : 27.435 s
Timestep : 411672, score : -1783.7602825456124, Time : 27.885 s
Timestep : 420431, score : -2145.538638647253, Time : 28.341 s
Timestep : 429190, score : -2146.2499925861193, Time : 28.322 s
Timestep : 437949, score : -1820.506294455874, Time : 28.315 s
Timestep : 446708, score : -1997.5693805768678, Time : 26.956 s
Timestep : 455467, score : -1908.6665322642802, Time : 28.524 s
Timestep : 464226, score : -1891.4857307336351, Time : 28.579 s
Timestep : 472985, score : -1782.8430098425888, Time : 28.048 s
Timestep : 481744, score : -1762.714806361313, Time : 26.413 s
Timestep : 490503, score : -1667.8564727271732, Time : 26.454 s
Timestep : 499262, score : -1728.2224471046648, Time : 26.487 s
Timestep : 508021, score : -2003.406120616506, Time : 26.477 s
Timestep : 516780, score : -2006.169431882401, Time : 26.468 s
Timestep : 525539, score : -2041.4324818808382, Time : 26.481 s
Timestep : 534298, score : -1824.3512519125652, Time : 27.914 s
Timestep : 543057, score : -1899.839026657195, Time : 27.77 s
Timestep : 551816, score : -1584.440481944548, Time : 28.583 s
Timestep : 560575, score : -1662.4162798386096, Time : 28.566 s
Timestep : 569334, score : -1886.4008419444144, Time : 28.567 s
Timestep : 578093, score : -2059.0601089195407, Time : 27.294 s
Timestep : 586852, score : -2056.5808867579617, Time : 26.635 s
Timestep : 595611, score : -1851.50801129076, Time : 26.623 s
Timestep : 604370, score : -1657.3184461390047, Time : 26.675 s
Timestep : 613129, score : -2036.642008230352, Time : 26.863 s
Timestep : 621888, score : -1831.9153100330295, Time : 26.625 s
Timestep : 630647, score : -1730.8033429750067, Time : 26.598 s
Timestep : 639406, score : -1806.666677708694, Time : 26.608 s
Timestep : 648165, score : -2017.7942690447817, Time : 26.611 s
Timestep : 656924, score : -1851.0542598021275, Time : 28.428 s
Timestep : 665683, score : -2081.164115479827, Time : 28.48 s
Timestep : 674442, score : -1777.3424562126456, Time : 28.505 s
Timestep : 683201, score : -2058.797383190162, Time : 28.528 s
Timestep : 691960, score : -1628.3786969308567, Time : 28.471 s
Timestep : 700719, score : -1780.684883337788, Time : 28.516 s
Timestep : 709478, score : -1899.847392998301, Time : 28.497 s
Timestep : 718237, score : -1740.27416660593, Time : 28.48 s
Timestep : 726996, score : -1910.1583127931517, Time : 28.507 s
Timestep : 735755, score : -1856.7337913140946, Time : 28.508 s
Timestep : 744514, score : -2094.271142710262, Time : 28.462 s
Timestep : 753273, score : -2132.784289342613, Time : 28.532 s
Timestep : 762032, score : -1929.5174758534704, Time : 28.51 s
Timestep : 770791, score : -1997.515695264381, Time : 28.464 s
Timestep : 779550, score : -1912.7614218632516, Time : 28.466 s
Timestep : 788309, score : -2070.5021438971453, Time : 28.49 s
Timestep : 797068, score : -2029.5253197473503, Time : 28.509 s
Timestep : 805827, score : -1886.4309537419176, Time : 28.49 s
Timestep : 814586, score : -2068.6322740011674, Time : 28.471 s
Timestep : 823345, score : -2180.0431883902347, Time : 28.516 s
Timestep : 832104, score : -2132.688761477315, Time : 28.479 s
Timestep : 840863, score : -2182.7064401030366, Time : 28.451 s
Timestep : 849622, score : -2220.9307430655754, Time : 28.511 s
Timestep : 858381, score : -1840.2105855736008, Time : 28.475 s
Timestep : 867140, score : -1874.6143806290638, Time : 26.677 s
Timestep : 875899, score : -2295.3169896796244, Time : 26.617 s
Starting local evaluation
Num Steps: 1000, Num episodes: 0
Num Steps: 2000, Num episodes: 0
Num Steps: 3000, Num episodes: 0
Num Steps: 4000, Num episodes: 0
Num Steps: 5000, Num episodes: 0
Num Steps: 6000, Num episodes: 0
Num Steps: 7000, Num episodes: 0
Num Steps: 8000, Num episodes: 0
Episode complete: 1 | Latest episode metrics: {'price_cost': 0.8738939370668227, 'emmision_cost': 0.9429744890217977}
[-0.11562057] -0.1156205713085068
Average Price Cost: 0.8738939370668227
Average Emmision Cost: 0.9429744890217977
Average of both costs: 0.9084342130443102
Total time taken by agent: 3.8823761211242527s
DONE!
