{'agent': 'DQN', 'action_selection': 'egreedy', 'seed': 1, 'episodes': 100, 'data_path': 'data/citylearn_challenge_2022_phase_1', 'dry_run': False, 'n_discrete': 9, 'update_target': 4, 'lr': 0.0007, 'batch_size': 16, 'adam_epsilon': 1e-09, 'epsilon_final': 0.04, 'run_id': 214}
{'Notes': 'This is a tuning run, executed on a single building.',
 'action_selection': 'egreedy',
 'adam_epsilon': 1e-09,
 'env': '<NormalizeObservation<OneHotHour<DiscreteSingle<CityLearnEnv '
        'instance>>>>',
 'final_exploration_rate': 0.02,
 'final_exploration_step': 1000,
 'gamma': 0.99,
 'initial_exploration_rate': 1,
 'learning_rate': 0.0007,
 'loss': 'mse',
 'minibatch_size': 16,
 'network': 'MLP(\n'
            '  (layers): Sequential(\n'
            '    (0): Linear(in_features=29, out_features=128, bias=True)\n'
            '    (1): ReLU()\n'
            '    (2): Linear(in_features=128, out_features=128, bias=True)\n'
            '    (3): ReLU()\n'
            '    (4): Linear(in_features=128, out_features=9, bias=True)\n'
            '  )\n'
            ')',
 'replay_buffer_size': 10000,
 'replay_start_size': 16,
 'seed': 1,
 'train_steps': 876000,
 'update_frequency': 1,
 'update_target_frequency': 4,
 'weight_scale': 1.4142135623730951}
Timestep : 8758, score : -8406.358116629024, Time : 20.347 s
Timestep : 17517, score : -5408.466245530311, Time : 20.644 s
Timestep : 26276, score : -6240.817094529892, Time : 20.937 s
Timestep : 35035, score : -5985.205577586617, Time : 20.91 s
Timestep : 43794, score : -6010.597273198262, Time : 20.847 s
Timestep : 52553, score : -6168.39609045496, Time : 20.862 s
Timestep : 61312, score : -5868.807921482861, Time : 20.378 s
Timestep : 70071, score : -4993.605636642809, Time : 20.548 s
Timestep : 78830, score : -5402.619387123646, Time : 20.25 s
Timestep : 87589, score : -5167.1732894266315, Time : 20.386 s
Timestep : 96348, score : -6087.635828371422, Time : 20.525 s
Timestep : 105107, score : -5489.85674295733, Time : 20.866 s
Timestep : 113866, score : -5828.33807279235, Time : 20.705 s
Timestep : 122625, score : -5428.056503793021, Time : 20.646 s
Timestep : 131384, score : -5252.098422187919, Time : 20.833 s
Timestep : 140143, score : -5256.492886902095, Time : 20.889 s
Timestep : 148902, score : -5077.585198040615, Time : 20.543 s
Timestep : 157661, score : -5071.572428018524, Time : 20.489 s
Timestep : 166420, score : -5478.824260803478, Time : 20.388 s
Timestep : 175179, score : -5402.678829473865, Time : 20.465 s
Timestep : 183938, score : -4546.290185152582, Time : 20.549 s
Timestep : 192697, score : -4433.613050734348, Time : 20.554 s
Timestep : 201456, score : -4385.855137889186, Time : 20.623 s
Timestep : 210215, score : -5037.81209419042, Time : 20.778 s
Timestep : 218974, score : -4609.805664425046, Time : 20.534 s
Timestep : 227733, score : -4360.70288321402, Time : 20.43 s
Timestep : 236492, score : -4289.548368252959, Time : 20.406 s
Timestep : 245251, score : -3918.167793478264, Time : 20.493 s
Timestep : 254010, score : -4148.637052887032, Time : 20.393 s
Timestep : 262769, score : -4233.728240789642, Time : 20.307 s
Timestep : 271528, score : -4079.7408013003005, Time : 20.396 s
Timestep : 280287, score : -4014.056015504437, Time : 20.439 s
Timestep : 289046, score : -3462.6787786213245, Time : 20.425 s
Timestep : 297805, score : -3734.6919426818204, Time : 20.339 s
Timestep : 306564, score : -3930.9270022332494, Time : 20.416 s
Timestep : 315323, score : -3958.00979374515, Time : 20.381 s
Timestep : 324082, score : -3945.6361009193643, Time : 20.298 s
Timestep : 332841, score : -3461.458192732898, Time : 20.307 s
Timestep : 341600, score : -3333.3392409945664, Time : 20.424 s
Timestep : 350359, score : -3493.0761491429585, Time : 20.398 s
Timestep : 359118, score : -3280.2045917655632, Time : 20.4 s
Timestep : 367877, score : -3463.5903238316823, Time : 20.451 s
Timestep : 376636, score : -3221.70475217684, Time : 20.414 s
Timestep : 385395, score : -3411.259564284963, Time : 20.397 s
Timestep : 394154, score : -3122.2306023233687, Time : 20.38 s
Timestep : 402913, score : -2581.281753728719, Time : 20.578 s
Timestep : 411672, score : -2896.6951073261735, Time : 20.612 s
Timestep : 420431, score : -2940.286861646018, Time : 20.564 s
Timestep : 429190, score : -3077.3902116193494, Time : 20.696 s
Timestep : 437949, score : -3533.97848892436, Time : 20.715 s
Timestep : 446708, score : -2859.326212785978, Time : 20.569 s
Timestep : 455467, score : -2805.594091143954, Time : 20.466 s
Timestep : 464226, score : -2337.6594375258137, Time : 20.526 s
Timestep : 472985, score : -2541.3152084790927, Time : 20.626 s
Timestep : 481744, score : -2831.2259110489686, Time : 20.489 s
Timestep : 490503, score : -2453.0488261261053, Time : 20.454 s
Timestep : 499262, score : -2215.751411014542, Time : 20.416 s
Timestep : 508021, score : -2662.6063887363125, Time : 20.577 s
Timestep : 516780, score : -2673.7058259628975, Time : 20.54 s
Timestep : 525539, score : -2694.198297674564, Time : 20.505 s
Timestep : 534298, score : -2651.4404931352765, Time : 20.413 s
Timestep : 543057, score : -2527.8850017364894, Time : 20.424 s
Timestep : 551816, score : -2175.2308995600615, Time : 20.446 s
Timestep : 560575, score : -2373.7516667702293, Time : 20.368 s
Timestep : 569334, score : -2572.809382993408, Time : 20.336 s
Timestep : 578093, score : -2486.484740590822, Time : 20.385 s
Timestep : 586852, score : -2790.445098275115, Time : 20.439 s
Timestep : 595611, score : -2551.478619765654, Time : 20.4 s
Timestep : 604370, score : -2575.600405135803, Time : 20.305 s
Timestep : 613129, score : -2144.6426030232396, Time : 20.041 s
Timestep : 621888, score : -2340.142603144137, Time : 20.113 s
Timestep : 630647, score : -2090.417471384193, Time : 20.076 s
Timestep : 639406, score : -2134.593808494188, Time : 20.046 s
Timestep : 648165, score : -1956.81048581496, Time : 20.076 s
Timestep : 656924, score : -2139.0540222870477, Time : 20.0 s
Timestep : 665683, score : -2067.4010269443097, Time : 20.228 s
Timestep : 674442, score : -2510.6358300646825, Time : 20.083 s
Timestep : 683201, score : -2542.397848088789, Time : 20.045 s
Timestep : 691960, score : -2014.51869005154, Time : 20.202 s
Timestep : 700719, score : -1878.64385091039, Time : 20.22 s
Timestep : 709478, score : -2586.301097976102, Time : 19.963 s
Timestep : 718237, score : -2016.1877049689938, Time : 19.931 s
Timestep : 726996, score : -1845.4004969692614, Time : 19.928 s
Timestep : 735755, score : -2194.1154011254694, Time : 20.143 s
Timestep : 744514, score : -1740.1657609415997, Time : 20.22 s
Timestep : 753273, score : -1886.3619392575056, Time : 19.995 s
Timestep : 762032, score : -2295.350748005585, Time : 19.796 s
Timestep : 770791, score : -2050.9974036633794, Time : 19.775 s
Timestep : 779550, score : -1704.7459227828076, Time : 19.846 s
Timestep : 788309, score : -1430.7290124926076, Time : 20.12 s
Timestep : 797068, score : -1737.2843910318625, Time : 20.226 s
Timestep : 805827, score : -1349.1618313028303, Time : 19.908 s
Timestep : 814586, score : -1864.2128994618106, Time : 20.012 s
Timestep : 823345, score : -1742.0402105836256, Time : 19.925 s
Timestep : 832104, score : -1542.27723813607, Time : 19.965 s
Timestep : 840863, score : -1596.3835778872308, Time : 20.083 s
Timestep : 849622, score : -1909.2652082767163, Time : 20.094 s
Timestep : 858381, score : -1809.892838471831, Time : 20.074 s
Timestep : 867140, score : -2429.99980172285, Time : 20.131 s
Timestep : 875899, score : -1872.4990529513889, Time : 20.056 s
Starting local evaluation
Num Steps: 1000, Num episodes: 0
Num Steps: 2000, Num episodes: 0
Num Steps: 3000, Num episodes: 0
Num Steps: 4000, Num episodes: 0
Num Steps: 5000, Num episodes: 0
Num Steps: 6000, Num episodes: 0
Num Steps: 7000, Num episodes: 0
Num Steps: 8000, Num episodes: 0
Episode complete: 1 | Latest episode metrics: {'price_cost': 0.8637163338995366, 'emmision_cost': 0.9684272925346203}
[-0.12410124] -0.12410123827347512
Average Price Cost: 0.8637163338995366
Average Emmision Cost: 0.9684272925346203
Average of both costs: 0.9160718132170784
Total time taken by agent: 2.2045234837569296s
DONE!
