{'agent': 'DQN', 'action_selection': 'softmax', 'seed': 1, 'episodes': 100, 'data_path': 'data/citylearn_challenge_2022_phase_1', 'dry_run': False, 'n_discrete': 9, 'update_target': 8, 'lr': 0.0007, 'batch_size': 64, 'adam_epsilon': 1e-07, 'epsilon_final': 0.02, 'run_id': 20}
{'Notes': 'This is a tuning run, executed on a single building.',
 'action_selection': 'softmax',
 'adam_epsilon': 1e-07,
 'env': '<NormalizeObservation<OneHotHour<DiscreteSingle<CityLearnEnv '
        'instance>>>>',
 'final_exploration_rate': 0.02,
 'final_exploration_step': 1000,
 'gamma': 0.99,
 'initial_exploration_rate': 1,
 'learning_rate': 0.0007,
 'loss': 'mse',
 'minibatch_size': 64,
 'network': 'MLP(\n'
            '  (layers): Sequential(\n'
            '    (0): Linear(in_features=29, out_features=128, bias=True)\n'
            '    (1): ReLU()\n'
            '    (2): Linear(in_features=128, out_features=128, bias=True)\n'
            '    (3): ReLU()\n'
            '    (4): Linear(in_features=128, out_features=9, bias=True)\n'
            '  )\n'
            ')',
 'replay_buffer_size': 10000,
 'replay_start_size': 64,
 'seed': 1,
 'train_steps': 876000,
 'update_frequency': 1,
 'update_target_frequency': 8,
 'weight_scale': 1.4142135623730951}
Timestep : 8758, score : -6362.279691056654, Time : 23.352 s
Timestep : 17517, score : -5689.91441791621, Time : 23.135 s
Timestep : 26276, score : -5206.107949769081, Time : 23.365 s
Timestep : 35035, score : -4794.435058872492, Time : 22.907 s
Timestep : 43794, score : -4436.20661614745, Time : 23.083 s
Timestep : 52553, score : -4049.977637078642, Time : 23.028 s
Timestep : 61312, score : -4117.295188268792, Time : 22.742 s
Timestep : 70071, score : -3957.593234226879, Time : 22.72 s
Timestep : 78830, score : -3968.044682611522, Time : 22.825 s
Timestep : 87589, score : -3488.7082244466, Time : 22.973 s
Timestep : 96348, score : -3387.3343027063092, Time : 22.769 s
Timestep : 105107, score : -3401.2342190513446, Time : 22.58 s
Timestep : 113866, score : -2666.028473041879, Time : 22.759 s
Timestep : 122625, score : -2621.3059568794706, Time : 22.725 s
Timestep : 131384, score : -2685.160637819794, Time : 22.845 s
Timestep : 140143, score : -2570.3752083897416, Time : 22.83 s
Timestep : 148902, score : -2624.7222945113026, Time : 23.111 s
Timestep : 157661, score : -2727.0892822242167, Time : 22.481 s
Timestep : 166420, score : -2817.5884207573545, Time : 22.451 s
Timestep : 175179, score : -2875.05510703873, Time : 22.427 s
Timestep : 183938, score : -2448.502468495586, Time : 22.513 s
Timestep : 192697, score : -2590.0714793660736, Time : 22.334 s
Timestep : 201456, score : -2425.2242986152705, Time : 22.535 s
Timestep : 210215, score : -2407.136771332851, Time : 22.832 s
Timestep : 218974, score : -2307.462160521449, Time : 22.477 s
Timestep : 227733, score : -2247.1827869566914, Time : 22.346 s
Timestep : 236492, score : -2071.1507772533514, Time : 22.47 s
Timestep : 245251, score : -1873.7201063290995, Time : 22.87 s
Timestep : 254010, score : -2061.2817605634045, Time : 22.591 s
Timestep : 262769, score : -1878.9352793484286, Time : 22.976 s
Timestep : 271528, score : -2078.160379361798, Time : 23.193 s
Timestep : 280287, score : -1697.2267842099827, Time : 22.728 s
Timestep : 289046, score : -1717.639924170886, Time : 22.867 s
Timestep : 297805, score : -1736.865515555619, Time : 22.739 s
Timestep : 306564, score : -1894.456649042928, Time : 22.609 s
Timestep : 315323, score : -1730.4881002840411, Time : 22.646 s
Timestep : 324082, score : -2071.841004711896, Time : 23.06 s
Timestep : 332841, score : -1987.944696088467, Time : 23.062 s
Timestep : 341600, score : -1952.9662619012233, Time : 22.699 s
Timestep : 350359, score : -1648.7988530906878, Time : 22.807 s
Timestep : 359118, score : -1582.968606635317, Time : 22.596 s
Timestep : 367877, score : -1723.4570829717268, Time : 22.579 s
Timestep : 376636, score : -1811.3397088189668, Time : 22.909 s
Timestep : 385395, score : -1746.2797438830312, Time : 23.32 s
Timestep : 394154, score : -1687.696325559431, Time : 22.843 s
Timestep : 402913, score : -1893.256344265188, Time : 22.54 s
Timestep : 411672, score : -1905.698474121542, Time : 22.332 s
Timestep : 420431, score : -1656.9689359565964, Time : 22.3 s
Timestep : 429190, score : -1509.5669610291661, Time : 23.289 s
Timestep : 437949, score : -1746.2695330651186, Time : 23.753 s
Timestep : 446708, score : -1640.87748538077, Time : 23.373 s
Timestep : 455467, score : -1690.1053105199971, Time : 22.776 s
Timestep : 464226, score : -1555.4282652293623, Time : 22.68 s
Timestep : 472985, score : -1640.6077272248367, Time : 22.368 s
Timestep : 481744, score : -1686.5482578914525, Time : 22.333 s
Timestep : 490503, score : -1540.5132498501625, Time : 22.508 s
Timestep : 499262, score : -1599.3506314733822, Time : 22.528 s
Timestep : 508021, score : -1340.0494097362534, Time : 22.571 s
Timestep : 516780, score : -1465.6341101292346, Time : 22.15 s
Timestep : 525539, score : -1838.1291033512243, Time : 22.097 s
Timestep : 534298, score : -1446.2765553936188, Time : 22.671 s
Timestep : 543057, score : -1396.2447946269822, Time : 22.412 s
Timestep : 551816, score : -1331.982824634033, Time : 22.285 s
Timestep : 560575, score : -1600.2450515911623, Time : 23.191 s
Timestep : 569334, score : -1335.2205816770002, Time : 22.33 s
Timestep : 578093, score : -1684.097933229612, Time : 21.393 s
Timestep : 586852, score : -1486.4805138672527, Time : 21.37 s
Timestep : 595611, score : -1508.55849870565, Time : 21.369 s
Timestep : 604370, score : -1629.4529321333684, Time : 21.37 s
Timestep : 613129, score : -1796.4630881240882, Time : 21.519 s
Timestep : 621888, score : -1522.798012675281, Time : 21.998 s
Timestep : 630647, score : -1637.728403069399, Time : 21.642 s
Timestep : 639406, score : -1636.2723305116815, Time : 21.377 s
Timestep : 648165, score : -1698.6975776278705, Time : 21.395 s
Timestep : 656924, score : -1691.4616630900418, Time : 21.379 s
Timestep : 665683, score : -1548.0644782911113, Time : 21.381 s
Timestep : 674442, score : -1687.8886024914973, Time : 21.569 s
Timestep : 683201, score : -1455.7634344803228, Time : 22.033 s
Timestep : 691960, score : -1341.0013276797545, Time : 21.595 s
Timestep : 700719, score : -1629.14056551861, Time : 21.385 s
Timestep : 709478, score : -1303.8927681571513, Time : 21.36 s
Timestep : 718237, score : -1378.461565025471, Time : 21.509 s
Timestep : 726996, score : -1394.3173463664425, Time : 22.424 s
Timestep : 735755, score : -1436.0072753579298, Time : 22.603 s
Timestep : 744514, score : -1441.8144478011818, Time : 22.749 s
Timestep : 753273, score : -1477.8517827186442, Time : 22.454 s
Timestep : 762032, score : -1520.9345649635943, Time : 22.41 s
Timestep : 770791, score : -1458.5931828180328, Time : 22.403 s
Timestep : 779550, score : -1251.3897710160527, Time : 22.378 s
Timestep : 788309, score : -1283.8769430250686, Time : 22.407 s
Timestep : 797068, score : -1618.8756855849351, Time : 22.854 s
Timestep : 805827, score : -1598.9855344686948, Time : 22.817 s
Timestep : 814586, score : -1549.4604952525406, Time : 22.434 s
Timestep : 823345, score : -1628.6444070738216, Time : 22.499 s
Timestep : 832104, score : -1679.3046644154529, Time : 22.431 s
Timestep : 840863, score : -1383.3213761309162, Time : 22.391 s
Timestep : 849622, score : -1362.268997703737, Time : 22.483 s
Timestep : 858381, score : -1503.4011030409602, Time : 22.744 s
Timestep : 867140, score : -1506.9813726599386, Time : 22.581 s
Timestep : 875899, score : -1487.847288144927, Time : 22.399 s
Starting local evaluation
Num Steps: 1000, Num episodes: 0
Num Steps: 2000, Num episodes: 0
Num Steps: 3000, Num episodes: 0
Num Steps: 4000, Num episodes: 0
Num Steps: 5000, Num episodes: 0
Num Steps: 6000, Num episodes: 0
Num Steps: 7000, Num episodes: 0
Num Steps: 8000, Num episodes: 0
Episode complete: 1 | Latest episode metrics: {'price_cost': 0.8420785449308027, 'emmision_cost': 0.9480548668437877}
[-0.09822382] -0.09822381563202201
Average Price Cost: 0.8420785449308027
Average Emmision Cost: 0.9480548668437877
Average of both costs: 0.8950667058872952
Total time taken by agent: 3.4060099264606833s
DONE!
