{'agent': 'DQN', 'action_selection': 'egreedy', 'seed': 1, 'episodes': 100, 'data_path': 'data/citylearn_challenge_2022_phase_1', 'dry_run': False, 'n_discrete': 9, 'update_target': 32, 'lr': 7e-05, 'batch_size': 32, 'adam_epsilon': 0.001, 'epsilon_final': 0.06, 'run_id': 273}
{'Notes': 'This is a tuning run, executed on a single building.',
 'action_selection': 'egreedy',
 'adam_epsilon': 0.001,
 'env': '<NormalizeObservation<OneHotHour<DiscreteSingle<CityLearnEnv '
        'instance>>>>',
 'final_exploration_rate': 0.02,
 'final_exploration_step': 1000,
 'gamma': 0.99,
 'initial_exploration_rate': 1,
 'learning_rate': 7e-05,
 'loss': 'mse',
 'minibatch_size': 32,
 'network': 'MLP(\n'
            '  (layers): Sequential(\n'
            '    (0): Linear(in_features=29, out_features=128, bias=True)\n'
            '    (1): ReLU()\n'
            '    (2): Linear(in_features=128, out_features=128, bias=True)\n'
            '    (3): ReLU()\n'
            '    (4): Linear(in_features=128, out_features=9, bias=True)\n'
            '  )\n'
            ')',
 'replay_buffer_size': 10000,
 'replay_start_size': 32,
 'seed': 1,
 'train_steps': 876000,
 'update_frequency': 1,
 'update_target_frequency': 32,
 'weight_scale': 1.4142135623730951}
Timestep : 8758, score : -5655.323231270959, Time : 22.454 s
Timestep : 17517, score : -2807.0122999192245, Time : 25.942 s
Timestep : 26276, score : -1612.0577041253273, Time : 26.474 s
Timestep : 35035, score : -1281.2663479177572, Time : 26.897 s
Timestep : 43794, score : -1591.1026509481308, Time : 27.266 s
Timestep : 52553, score : -1589.8738823144522, Time : 27.895 s
Timestep : 61312, score : -1493.5050174825155, Time : 27.854 s
Timestep : 70071, score : -1623.0915100600832, Time : 27.921 s
Timestep : 78830, score : -1701.1463679217559, Time : 27.939 s
Timestep : 87589, score : -1374.6793594856572, Time : 27.749 s
Timestep : 96348, score : -1051.8357768461865, Time : 26.735 s
Timestep : 105107, score : -1152.058788991446, Time : 27.763 s
Timestep : 113866, score : -1327.6313159587153, Time : 27.948 s
Timestep : 122625, score : -907.2091222282324, Time : 27.966 s
Timestep : 131384, score : -1037.1501908952196, Time : 27.894 s
Timestep : 140143, score : -1019.1655950497661, Time : 27.958 s
Timestep : 148902, score : -1088.2107711618592, Time : 28.085 s
Timestep : 157661, score : -1075.0596325875085, Time : 28.325 s
Timestep : 166420, score : -1120.0060739949404, Time : 27.977 s
Timestep : 175179, score : -1364.0239444878825, Time : 27.937 s
Timestep : 183938, score : -1176.273304801056, Time : 27.94 s
Timestep : 192697, score : -1039.6552002921526, Time : 27.925 s
Timestep : 201456, score : -1073.2288398570672, Time : 27.587 s
Timestep : 210215, score : -1356.588514985313, Time : 27.486 s
Timestep : 218974, score : -1157.2812783231784, Time : 26.491 s
Timestep : 227733, score : -1189.7334504996252, Time : 27.284 s
Timestep : 236492, score : -1050.059930073825, Time : 27.937 s
Timestep : 245251, score : -1349.3626255324634, Time : 27.855 s
Timestep : 254010, score : -1482.6701465022197, Time : 27.31 s
Timestep : 262769, score : -1348.5771998914715, Time : 27.424 s
Timestep : 271528, score : -1333.8207118630235, Time : 28.203 s
Timestep : 280287, score : -1022.7608797775174, Time : 28.223 s
Timestep : 289046, score : -1357.8200238969002, Time : 27.945 s
Timestep : 297805, score : -1281.0153368332249, Time : 27.956 s
Timestep : 306564, score : -1267.3042595906009, Time : 26.633 s
Timestep : 315323, score : -1251.923226872299, Time : 25.9 s
Timestep : 324082, score : -1414.8912438808766, Time : 27.928 s
Timestep : 332841, score : -1508.772629127052, Time : 27.434 s
Timestep : 341600, score : -1194.2078319049906, Time : 27.933 s
Timestep : 350359, score : -1404.9886078795244, Time : 27.274 s
Timestep : 359118, score : -1196.1576914910984, Time : 27.93 s
Timestep : 367877, score : -1430.4885806737293, Time : 27.928 s
Timestep : 376636, score : -1390.8116654970509, Time : 27.807 s
Timestep : 385395, score : -1455.4269849092525, Time : 27.936 s
Timestep : 394154, score : -1210.5607062459749, Time : 28.247 s
Timestep : 402913, score : -1187.7250755778077, Time : 25.536 s
Timestep : 411672, score : -1112.035768220463, Time : 27.808 s
Timestep : 420431, score : -1221.5511187755328, Time : 27.237 s
Timestep : 429190, score : -1126.0896799967159, Time : 27.982 s
Timestep : 437949, score : -1343.9340610493964, Time : 28.023 s
Timestep : 446708, score : -1348.858105247171, Time : 27.955 s
Timestep : 455467, score : -1336.8833256366488, Time : 26.56 s
Timestep : 464226, score : -1279.305433393718, Time : 23.413 s
Timestep : 472985, score : -1387.0194289714855, Time : 26.343 s
Timestep : 481744, score : -1047.2028103658522, Time : 27.925 s
Timestep : 490503, score : -1399.9370716426347, Time : 27.958 s
Timestep : 499262, score : -1392.434433678427, Time : 27.174 s
Timestep : 508021, score : -1205.0432157803152, Time : 27.143 s
Timestep : 516780, score : -1293.1985984819767, Time : 28.242 s
Timestep : 525539, score : -1176.9771151430323, Time : 28.229 s
Timestep : 534298, score : -1230.5454002230254, Time : 27.89 s
Timestep : 543057, score : -1325.2247983443376, Time : 27.887 s
Timestep : 551816, score : -1103.6892483288248, Time : 27.86 s
Timestep : 560575, score : -1225.8160129580938, Time : 26.991 s
Timestep : 569334, score : -1362.010744579864, Time : 27.419 s
Timestep : 578093, score : -1250.8465286379505, Time : 26.892 s
Timestep : 586852, score : -1213.4273433976632, Time : 27.936 s
Timestep : 595611, score : -1490.1155412509397, Time : 27.92 s
Timestep : 604370, score : -1559.933034264861, Time : 27.929 s
Timestep : 613129, score : -1612.694892661908, Time : 27.28 s
Timestep : 621888, score : -1170.9498960927885, Time : 27.927 s
Timestep : 630647, score : -1488.1521261979651, Time : 27.791 s
Timestep : 639406, score : -1354.2832104636182, Time : 28.326 s
Timestep : 648165, score : -1519.1168561819504, Time : 28.14 s
Timestep : 656924, score : -1409.5973513850768, Time : 28.044 s
Timestep : 665683, score : -1313.68452456026, Time : 27.929 s
Timestep : 674442, score : -1478.8591815161344, Time : 27.869 s
Timestep : 683201, score : -1423.2594575968396, Time : 27.734 s
Timestep : 691960, score : -1387.1013663008634, Time : 27.979 s
Timestep : 700719, score : -1659.8977150253777, Time : 27.969 s
Timestep : 709478, score : -1482.8139881573443, Time : 25.493 s
Timestep : 718237, score : -1592.8609195088065, Time : 26.75 s
Timestep : 726996, score : -1433.3116777458054, Time : 25.65 s
Timestep : 735755, score : -1598.3172591226466, Time : 25.273 s
Timestep : 744514, score : -1549.560164659546, Time : 23.966 s
Timestep : 753273, score : -1389.7102232273028, Time : 29.509 s
Timestep : 762032, score : -1395.6378159344022, Time : 27.967 s
Timestep : 770791, score : -1405.2377537663851, Time : 27.537 s
Timestep : 779550, score : -1331.2221369922918, Time : 27.9 s
Timestep : 788309, score : -1635.1170026350592, Time : 25.791 s
Timestep : 797068, score : -1576.5493233145971, Time : 27.706 s
Timestep : 805827, score : -1753.6023917428975, Time : 27.687 s
Timestep : 814586, score : -1715.6248810141406, Time : 27.845 s
Timestep : 823345, score : -1612.34410406815, Time : 27.88 s
Timestep : 832104, score : -1999.3111187347968, Time : 27.877 s
Timestep : 840863, score : -1591.6907394544978, Time : 27.848 s
Timestep : 849622, score : -1625.0771620616142, Time : 27.875 s
Timestep : 858381, score : -1673.418850955044, Time : 27.902 s
Timestep : 867140, score : -1726.06794918378, Time : 27.896 s
Timestep : 875899, score : -1740.1849497999356, Time : 26.743 s
Starting local evaluation
Num Steps: 1000, Num episodes: 0
Num Steps: 2000, Num episodes: 0
Num Steps: 3000, Num episodes: 0
Num Steps: 4000, Num episodes: 0
Num Steps: 5000, Num episodes: 0
Num Steps: 6000, Num episodes: 0
Num Steps: 7000, Num episodes: 0
Num Steps: 8000, Num episodes: 0
Episode complete: 1 | Latest episode metrics: {'price_cost': 0.8375968196645248, 'emmision_cost': 0.9577959190348981}
[-0.10109345] -0.10109345135743099
Average Price Cost: 0.8375968196645248
Average Emmision Cost: 0.9577959190348981
Average of both costs: 0.8976963693497115
Total time taken by agent: 2.5371611677110195s
DONE!
