{'agent': 'DQN', 'action_selection': 'softmax', 'seed': 1, 'episodes': 100, 'data_path': 'data/citylearn_challenge_2022_phase_1', 'dry_run': False, 'n_discrete': 9, 'update_target': 16, 'lr': 7e-05, 'batch_size': 32, 'adam_epsilon': 1e-05, 'epsilon_final': 0.02, 'run_id': 17}
{'Notes': 'This is a tuning run, executed on a single building.',
 'action_selection': 'softmax',
 'adam_epsilon': 1e-05,
 'env': '<NormalizeObservation<OneHotHour<DiscreteSingle<CityLearnEnv '
        'instance>>>>',
 'final_exploration_rate': 0.02,
 'final_exploration_step': 1000,
 'gamma': 0.99,
 'initial_exploration_rate': 1,
 'learning_rate': 7e-05,
 'loss': 'mse',
 'minibatch_size': 32,
 'network': 'MLP(\n'
            '  (layers): Sequential(\n'
            '    (0): Linear(in_features=29, out_features=128, bias=True)\n'
            '    (1): ReLU()\n'
            '    (2): Linear(in_features=128, out_features=128, bias=True)\n'
            '    (3): ReLU()\n'
            '    (4): Linear(in_features=128, out_features=9, bias=True)\n'
            '  )\n'
            ')',
 'replay_buffer_size': 10000,
 'replay_start_size': 32,
 'seed': 1,
 'train_steps': 876000,
 'update_frequency': 1,
 'update_target_frequency': 16,
 'weight_scale': 1.4142135623730951}
Timestep : 8758, score : -5253.4950844509585, Time : 23.323 s
Timestep : 17517, score : -4138.685220567466, Time : 23.081 s
Timestep : 26276, score : -2882.2259108423314, Time : 23.094 s
Timestep : 35035, score : -3088.1944853544264, Time : 24.177 s
Timestep : 43794, score : -3331.1373270218755, Time : 24.319 s
Timestep : 52553, score : -3477.4569237934484, Time : 23.456 s
Timestep : 61312, score : -2950.1074793480366, Time : 23.52 s
Timestep : 70071, score : -2580.6017112192058, Time : 23.089 s
Timestep : 78830, score : -2621.7737070248986, Time : 23.141 s
Timestep : 87589, score : -2341.409273256504, Time : 23.791 s
Timestep : 96348, score : -2660.203183290345, Time : 24.425 s
Timestep : 105107, score : -2210.0517907109606, Time : 23.6 s
Timestep : 113866, score : -2230.683265564876, Time : 23.564 s
Timestep : 122625, score : -1744.6181662652234, Time : 23.566 s
Timestep : 131384, score : -2272.54737149601, Time : 23.534 s
Timestep : 140143, score : -1836.4773136375297, Time : 24.021 s
Timestep : 148902, score : -2216.801628620393, Time : 24.61 s
Timestep : 157661, score : -2270.715276030038, Time : 23.606 s
Timestep : 166420, score : -1947.4594821528663, Time : 23.528 s
Timestep : 175179, score : -2272.689634281007, Time : 23.324 s
Timestep : 183938, score : -2100.4209986268106, Time : 23.435 s
Timestep : 192697, score : -2307.2141094291874, Time : 23.731 s
Timestep : 201456, score : -2159.0194163951383, Time : 24.588 s
Timestep : 210215, score : -2237.920788656833, Time : 23.93 s
Timestep : 218974, score : -1943.5905967192084, Time : 23.42 s
Timestep : 227733, score : -2112.2506961692416, Time : 23.274 s
Timestep : 236492, score : -2146.255769569383, Time : 23.507 s
Timestep : 245251, score : -2228.828097090154, Time : 23.668 s
Timestep : 254010, score : -2150.300576501948, Time : 24.598 s
Timestep : 262769, score : -2188.26129031452, Time : 24.145 s
Timestep : 271528, score : -2304.678061385901, Time : 23.586 s
Timestep : 280287, score : -1979.2875826263626, Time : 23.589 s
Timestep : 289046, score : -1871.3568136573595, Time : 23.568 s
Timestep : 297805, score : -2110.52872450024, Time : 23.508 s
Timestep : 306564, score : -1930.1484624606965, Time : 24.478 s
Timestep : 315323, score : -1981.6618453106203, Time : 24.306 s
Timestep : 324082, score : -1761.6657739862858, Time : 23.603 s
Timestep : 332841, score : -1912.554585227539, Time : 23.601 s
Timestep : 341600, score : -1982.220604702161, Time : 23.602 s
Timestep : 350359, score : -2230.7226934228383, Time : 23.578 s
Timestep : 359118, score : -2385.496357738535, Time : 24.405 s
Timestep : 367877, score : -2343.9546148624213, Time : 24.423 s
Timestep : 376636, score : -2525.144907148817, Time : 23.63 s
Timestep : 385395, score : -2551.359612974251, Time : 23.57 s
Timestep : 394154, score : -1994.6732948392455, Time : 23.627 s
Timestep : 402913, score : -2061.415793604596, Time : 23.575 s
Timestep : 411672, score : -2326.824470614345, Time : 24.18 s
Timestep : 420431, score : -2510.109612671018, Time : 24.551 s
Timestep : 429190, score : -2322.08886782013, Time : 23.681 s
Timestep : 437949, score : -2276.728774111514, Time : 23.589 s
Timestep : 446708, score : -2452.220937885664, Time : 23.58 s
Timestep : 455467, score : -2124.1086629943748, Time : 23.581 s
Timestep : 464226, score : -2199.6346639062103, Time : 24.084 s
Timestep : 472985, score : -2388.516494775613, Time : 24.652 s
Timestep : 481744, score : -2399.3447354252276, Time : 23.814 s
Timestep : 490503, score : -2382.2127074918535, Time : 23.443 s
Timestep : 499262, score : -2475.501945164695, Time : 23.581 s
Timestep : 508021, score : -2185.61780655224, Time : 23.579 s
Timestep : 516780, score : -2103.4929052027146, Time : 23.899 s
Timestep : 525539, score : -2404.183533629519, Time : 24.63 s
Timestep : 534298, score : -2253.0092073299747, Time : 23.839 s
Timestep : 543057, score : -2534.0464987021987, Time : 23.584 s
Timestep : 551816, score : -2475.7003293679445, Time : 23.629 s
Timestep : 560575, score : -2363.164454172438, Time : 23.593 s
Timestep : 569334, score : -2534.3950514353637, Time : 23.848 s
Timestep : 578093, score : -2425.6756944035587, Time : 24.558 s
Timestep : 586852, score : -2152.725208004209, Time : 24.027 s
Timestep : 595611, score : -2326.0877589586016, Time : 23.589 s
Timestep : 604370, score : -2460.7048375959566, Time : 23.575 s
Timestep : 613129, score : -2312.733794635511, Time : 23.593 s
Timestep : 621888, score : -2045.308361315605, Time : 23.176 s
Timestep : 630647, score : -1775.7464750975632, Time : 24.462 s
Timestep : 639406, score : -2085.001095364598, Time : 24.547 s
Timestep : 648165, score : -2262.7925143057946, Time : 23.92 s
Timestep : 656924, score : -2090.410802800354, Time : 23.291 s
Timestep : 665683, score : -2255.5419072482327, Time : 23.795 s
Timestep : 674442, score : -1952.9446911269624, Time : 23.99 s
Timestep : 683201, score : -2098.0127622455184, Time : 24.782 s
Timestep : 691960, score : -2048.4467624372046, Time : 24.608 s
Timestep : 700719, score : -2084.270905149373, Time : 24.001 s
Timestep : 709478, score : -2069.767978041462, Time : 23.965 s
Timestep : 718237, score : -2256.896475733083, Time : 23.944 s
Timestep : 726996, score : -2168.15873651483, Time : 23.98 s
Timestep : 735755, score : -2234.7491478233715, Time : 24.739 s
Timestep : 744514, score : -2089.813161673519, Time : 24.663 s
Timestep : 753273, score : -1956.0655885834713, Time : 24.062 s
Timestep : 762032, score : -2179.552648148354, Time : 23.947 s
Timestep : 770791, score : -2293.1510301304224, Time : 23.937 s
Timestep : 779550, score : -2100.576210384723, Time : 23.961 s
Timestep : 788309, score : -1981.7336214289826, Time : 24.692 s
Timestep : 797068, score : -1940.346471813944, Time : 24.644 s
Timestep : 805827, score : -1779.5304836521682, Time : 24.043 s
Timestep : 814586, score : -1817.4677173032542, Time : 23.932 s
Timestep : 823345, score : -1998.598260517494, Time : 23.873 s
Timestep : 832104, score : -2467.5526091896754, Time : 22.993 s
Timestep : 840863, score : -2190.2601903454342, Time : 23.773 s
Timestep : 849622, score : -2417.7280657838273, Time : 23.822 s
Timestep : 858381, score : -2031.07594895261, Time : 23.156 s
Timestep : 867140, score : -1757.737725577812, Time : 23.758 s
Timestep : 875899, score : -1806.7670510660682, Time : 23.601 s
Starting local evaluation
Num Steps: 1000, Num episodes: 0
Num Steps: 2000, Num episodes: 0
Num Steps: 3000, Num episodes: 0
Num Steps: 4000, Num episodes: 0
Num Steps: 5000, Num episodes: 0
Num Steps: 6000, Num episodes: 0
Num Steps: 7000, Num episodes: 0
Num Steps: 8000, Num episodes: 0
Episode complete: 1 | Latest episode metrics: {'price_cost': 0.8603483749404639, 'emmision_cost': 0.9460138611499774}
[-0.10873042] -0.10873041845734048
Average Price Cost: 0.8603483749404639
Average Emmision Cost: 0.9460138611499774
Average of both costs: 0.9031811180452207
Total time taken by agent: 3.909737929701805s
DONE!
