{'agent': 'DQN', 'action_selection': 'softmax', 'seed': 42, 'episodes': 100, 'data_path': 'data/citylearn_challenge_2022_phase_1', 'dry_run': False, 'n_discrete': 9, 'update_target': 10, 'lr': 0.0003, 'batch_size': 256, 'adam_epsilon': 1e-08, 'epsilon_final': 0.02, 'run_id': 82}
{'Notes': 'This is a tuning run, executed on a single building.',
 'action_selection': 'softmax',
 'adam_epsilon': 1e-08,
 'env': '<NormalizeObservation<OneHotHour<DiscreteSingle<CityLearnEnv '
        'instance>>>>',
 'final_exploration_rate': 0.02,
 'final_exploration_step': 1000,
 'gamma': 0.99,
 'initial_exploration_rate': 1,
 'learning_rate': 0.0003,
 'loss': 'mse',
 'minibatch_size': 256,
 'network': 'MLP(\n'
            '  (layers): Sequential(\n'
            '    (0): Linear(in_features=29, out_features=128, bias=True)\n'
            '    (1): ReLU()\n'
            '    (2): Linear(in_features=128, out_features=128, bias=True)\n'
            '    (3): ReLU()\n'
            '    (4): Linear(in_features=128, out_features=9, bias=True)\n'
            '  )\n'
            ')',
 'replay_buffer_size': 10000,
 'replay_start_size': 256,
 'seed': 42,
 'train_steps': 876000,
 'update_frequency': 1,
 'update_target_frequency': 10,
 'weight_scale': 1.4142135623730951}
Timestep : 8758, score : -4706.755293800579, Time : 37.074 s
Timestep : 17517, score : -3471.349977426027, Time : 37.963 s
Timestep : 26276, score : -2783.5589161691314, Time : 38.167 s
Timestep : 35035, score : -2470.609300012613, Time : 38.126 s
Timestep : 43794, score : -2398.552685444505, Time : 37.96 s
Timestep : 52553, score : -1930.9721214908932, Time : 38.364 s
Timestep : 61312, score : -1872.480097132735, Time : 38.389 s
Timestep : 70071, score : -1793.0610466685175, Time : 38.928 s
Timestep : 78830, score : -1677.9003475089849, Time : 39.999 s
Timestep : 87589, score : -1549.472455261537, Time : 38.877 s
Timestep : 96348, score : -1434.8047884594707, Time : 39.247 s
Timestep : 105107, score : -1375.8754347607319, Time : 38.327 s
Timestep : 113866, score : -1429.731316527148, Time : 38.841 s
Timestep : 122625, score : -1298.6011202647642, Time : 37.959 s
Timestep : 131384, score : -1503.44309656501, Time : 38.286 s
Timestep : 140143, score : -1332.6974642327114, Time : 38.284 s
Timestep : 148902, score : -1320.3380048253166, Time : 38.286 s
Timestep : 157661, score : -1385.9941392579058, Time : 38.226 s
Timestep : 166420, score : -1356.3011432877101, Time : 37.905 s
Timestep : 175179, score : -1229.7828566704702, Time : 38.307 s
Timestep : 183938, score : -1349.0552449592215, Time : 38.531 s
Timestep : 192697, score : -1410.2171690457326, Time : 38.154 s
Timestep : 201456, score : -1375.7745224836108, Time : 38.251 s
Timestep : 210215, score : -1323.8082495408307, Time : 38.547 s
Timestep : 218974, score : -1313.9192561089585, Time : 38.091 s
Timestep : 227733, score : -1310.4223235303361, Time : 37.985 s
Timestep : 236492, score : -1248.8899794346944, Time : 38.136 s
Timestep : 245251, score : -1279.95817139445, Time : 38.165 s
Timestep : 254010, score : -1392.2653937705618, Time : 38.189 s
Timestep : 262769, score : -1262.2842355135654, Time : 37.416 s
Timestep : 271528, score : -1166.0828705474269, Time : 38.132 s
Timestep : 280287, score : -1319.7742458971043, Time : 38.499 s
Timestep : 289046, score : -1217.0416332145978, Time : 37.928 s
Timestep : 297805, score : -1257.250452411623, Time : 38.923 s
Timestep : 306564, score : -1347.7778244593937, Time : 39.086 s
Timestep : 315323, score : -1141.2836141132575, Time : 38.9 s
Timestep : 324082, score : -1243.1225434427906, Time : 37.995 s
Timestep : 332841, score : -1173.7707905936986, Time : 38.807 s
Timestep : 341600, score : -1169.642375211959, Time : 38.771 s
Timestep : 350359, score : -1231.8394077683624, Time : 38.686 s
Timestep : 359118, score : -1214.8834085502895, Time : 38.19 s
Timestep : 367877, score : -1197.3036782297131, Time : 38.571 s
Timestep : 376636, score : -1218.56094817564, Time : 39.886 s
Timestep : 385395, score : -1319.501872237568, Time : 39.072 s
Timestep : 394154, score : -1158.3043382105243, Time : 39.023 s
Timestep : 402913, score : -1147.2056361653667, Time : 38.421 s
Timestep : 411672, score : -1103.272436004394, Time : 38.212 s
Timestep : 420431, score : -1190.3933184373018, Time : 38.958 s
Timestep : 429190, score : -1153.9410339116876, Time : 38.226 s
Timestep : 437949, score : -1150.721077992377, Time : 38.404 s
Timestep : 446708, score : -1084.6104008292605, Time : 38.711 s
Timestep : 455467, score : -1150.8644629039627, Time : 38.562 s
Timestep : 464226, score : -1291.7045025134285, Time : 38.862 s
Timestep : 472985, score : -1090.8217890782107, Time : 38.855 s
Timestep : 481744, score : -1153.058999813482, Time : 38.928 s
Timestep : 490503, score : -1208.301077749842, Time : 38.296 s
Timestep : 499262, score : -1134.2839773937885, Time : 38.223 s
Timestep : 508021, score : -1118.86341071481, Time : 39.454 s
Timestep : 516780, score : -1165.1733767206606, Time : 39.025 s
Timestep : 525539, score : -1141.6027173095208, Time : 38.663 s
Timestep : 534298, score : -1143.5158849032887, Time : 38.853 s
Timestep : 543057, score : -1130.7433477004815, Time : 39.174 s
Timestep : 551816, score : -1116.6217817582947, Time : 39.016 s
Timestep : 560575, score : -1151.2017792233091, Time : 38.606 s
Timestep : 569334, score : -1115.5078835643653, Time : 38.848 s
Timestep : 578093, score : -1153.6966508685437, Time : 38.526 s
Timestep : 586852, score : -1171.8402740250167, Time : 38.675 s
Timestep : 595611, score : -1158.6162884270598, Time : 38.897 s
Timestep : 604370, score : -1164.017735573725, Time : 38.763 s
Timestep : 613129, score : -1194.1930146862578, Time : 38.913 s
Timestep : 621888, score : -1069.6095662324515, Time : 38.613 s
Timestep : 630647, score : -1144.5915822407987, Time : 39.111 s
Timestep : 639406, score : -1176.5892331481737, Time : 38.686 s
Timestep : 648165, score : -1129.309814351931, Time : 38.583 s
Timestep : 656924, score : -1254.3992773020582, Time : 39.118 s
Timestep : 665683, score : -1105.6858385203232, Time : 38.966 s
Timestep : 674442, score : -1152.2655450951133, Time : 38.936 s
Timestep : 683201, score : -1095.8507369363506, Time : 38.335 s
Timestep : 691960, score : -1102.6464314132754, Time : 38.582 s
Timestep : 700719, score : -1111.7438514794048, Time : 38.934 s
Timestep : 709478, score : -1090.5707640678447, Time : 38.693 s
Timestep : 718237, score : -1046.3916239799873, Time : 39.131 s
Timestep : 726996, score : -1155.9451157863077, Time : 39.484 s
Timestep : 735755, score : -1081.279221534991, Time : 39.951 s
Timestep : 744514, score : -1069.8581067782652, Time : 39.265 s
Timestep : 753273, score : -1048.3204075706017, Time : 38.534 s
Timestep : 762032, score : -1097.007961923984, Time : 38.192 s
Timestep : 770791, score : -1085.5455107779999, Time : 38.916 s
Timestep : 779550, score : -1168.9328792218876, Time : 38.071 s
Timestep : 788309, score : -1150.7845972182986, Time : 38.385 s
Timestep : 797068, score : -1059.3611969512713, Time : 38.635 s
Timestep : 805827, score : -1099.4534408480686, Time : 38.41 s
Timestep : 814586, score : -1085.2348148708988, Time : 38.803 s
Timestep : 823345, score : -1028.3882451232348, Time : 39.237 s
Timestep : 832104, score : -1110.9502404507075, Time : 39.197 s
Timestep : 840863, score : -1015.4260218774725, Time : 39.125 s
Timestep : 849622, score : -1098.6724788567808, Time : 39.034 s
Timestep : 858381, score : -1028.86703960484, Time : 39.157 s
Timestep : 867140, score : -1053.346041437966, Time : 39.038 s
Timestep : 875899, score : -957.1848644039419, Time : 39.036 s
Starting local evaluation
DONE!
