{'agent': 'DQN', 'action_selection': 'softmax', 'seed': 1, 'episodes': 100, 'data_path': 'data/citylearn_challenge_2022_phase_1', 'dry_run': False, 'n_discrete': 9, 'update_target': 16, 'lr': 0.07, 'batch_size': 16, 'adam_epsilon': 1e-06, 'epsilon_final': 0.02, 'run_id': 133}
{'Notes': 'This is a tuning run, executed on a single building.',
 'action_selection': 'softmax',
 'adam_epsilon': 1e-06,
 'env': '<NormalizeObservation<OneHotHour<DiscreteSingle<CityLearnEnv '
        'instance>>>>',
 'final_exploration_rate': 0.02,
 'final_exploration_step': 1000,
 'gamma': 0.99,
 'initial_exploration_rate': 1,
 'learning_rate': 0.07,
 'loss': 'mse',
 'minibatch_size': 16,
 'network': 'MLP(\n'
            '  (layers): Sequential(\n'
            '    (0): Linear(in_features=29, out_features=128, bias=True)\n'
            '    (1): ReLU()\n'
            '    (2): Linear(in_features=128, out_features=128, bias=True)\n'
            '    (3): ReLU()\n'
            '    (4): Linear(in_features=128, out_features=9, bias=True)\n'
            '  )\n'
            ')',
 'replay_buffer_size': 10000,
 'replay_start_size': 16,
 'seed': 1,
 'train_steps': 876000,
 'update_frequency': 1,
 'update_target_frequency': 16,
 'weight_scale': 1.4142135623730951}
Timestep : 8758, score : -4482.486359481147, Time : 20.913 s
Timestep : 17517, score : -4058.1758353909536, Time : 20.933 s
Timestep : 26276, score : -4086.1143716074585, Time : 20.93 s
Timestep : 35035, score : -4190.057325842237, Time : 20.718 s
Timestep : 43794, score : -4108.355981124012, Time : 21.396 s
Timestep : 52553, score : -4235.581840946717, Time : 20.825 s
Timestep : 61312, score : -4157.722053845791, Time : 21.342 s
Timestep : 70071, score : -4108.290727288841, Time : 21.038 s
Timestep : 78830, score : -4155.616159678815, Time : 20.649 s
Timestep : 87589, score : -4097.501844291954, Time : 21.003 s
Timestep : 96348, score : -4116.248811577825, Time : 20.806 s
Timestep : 105107, score : -4132.30618744847, Time : 20.682 s
Timestep : 113866, score : -4099.442902662238, Time : 20.804 s
Timestep : 122625, score : -4095.7373043796106, Time : 21.502 s
Timestep : 131384, score : -4127.562413909851, Time : 20.881 s
Timestep : 140143, score : -4144.588516299991, Time : 20.549 s
Timestep : 148902, score : -4198.977184773801, Time : 20.568 s
Timestep : 157661, score : -4075.8111989716126, Time : 20.624 s
Timestep : 166420, score : -4187.826312199613, Time : 20.674 s
Timestep : 175179, score : -4186.083184614225, Time : 20.584 s
Timestep : 183938, score : -4162.336174162949, Time : 20.79 s
Timestep : 192697, score : -4146.196774793236, Time : 21.216 s
Timestep : 201456, score : -4109.825508919923, Time : 20.654 s
Timestep : 210215, score : -4051.9650609692617, Time : 21.011 s
Timestep : 218974, score : -4167.958493133454, Time : 21.059 s
Timestep : 227733, score : -4111.0706467436685, Time : 20.954 s
Timestep : 236492, score : -4262.341450679378, Time : 21.048 s
Timestep : 245251, score : -4228.769278768712, Time : 21.287 s
Timestep : 254010, score : -4120.001369633159, Time : 21.413 s
Timestep : 262769, score : -4168.759315979114, Time : 21.289 s
Timestep : 271528, score : -4131.2988470121345, Time : 21.128 s
Timestep : 280287, score : -4148.242235823447, Time : 21.161 s
Timestep : 289046, score : -4103.5500626642315, Time : 21.356 s
Timestep : 297805, score : -4177.37886303608, Time : 20.905 s
Timestep : 306564, score : -4170.84619554659, Time : 20.758 s
Timestep : 315323, score : -4099.798916430591, Time : 20.801 s
Timestep : 324082, score : -4085.2670146538003, Time : 20.839 s
Timestep : 332841, score : -4085.7376985190494, Time : 20.746 s
Timestep : 341600, score : -4094.0468619739695, Time : 20.721 s
Timestep : 350359, score : -4134.118028040422, Time : 20.781 s
Timestep : 359118, score : -4096.348740873305, Time : 20.954 s
Timestep : 367877, score : -4184.814167244738, Time : 20.995 s
Timestep : 376636, score : -4149.794672790362, Time : 20.864 s
Timestep : 385395, score : -4136.728600190399, Time : 20.917 s
Timestep : 394154, score : -4120.9720918157545, Time : 20.84 s
Timestep : 402913, score : -4151.177668406075, Time : 20.811 s
Timestep : 411672, score : -4131.473013879178, Time : 20.795 s
Timestep : 420431, score : -4227.755638874514, Time : 20.898 s
Timestep : 429190, score : -4128.794894849329, Time : 21.311 s
Timestep : 437949, score : -4092.5602235239057, Time : 20.912 s
Timestep : 446708, score : -4184.598204750015, Time : 20.943 s
Timestep : 455467, score : -4124.255688351957, Time : 20.994 s
Timestep : 464226, score : -4050.0993700836843, Time : 21.078 s
Timestep : 472985, score : -4136.035455577454, Time : 20.927 s
Timestep : 481744, score : -4123.449126285879, Time : 20.826 s
Timestep : 490503, score : -4147.482114601211, Time : 20.886 s
Timestep : 499262, score : -4115.362984725303, Time : 20.814 s
Timestep : 508021, score : -4068.329806794791, Time : 20.903 s
Timestep : 516780, score : -4141.551433490036, Time : 20.882 s
Timestep : 525539, score : -4105.235813622741, Time : 20.916 s
Timestep : 534298, score : -4155.179124650924, Time : 20.819 s
Timestep : 543057, score : -4179.612754240079, Time : 20.826 s
Timestep : 551816, score : -4214.265621818049, Time : 20.8 s
Timestep : 560575, score : -4089.8257345235033, Time : 20.746 s
Timestep : 569334, score : -4069.3572128726228, Time : 20.946 s
Timestep : 578093, score : -4127.989431091963, Time : 20.806 s
Timestep : 586852, score : -4110.835293201177, Time : 20.835 s
Timestep : 595611, score : -4084.530458026944, Time : 20.847 s
Timestep : 604370, score : -4074.2079037925287, Time : 20.826 s
Timestep : 613129, score : -4045.864782055287, Time : 20.89 s
Timestep : 621888, score : -4057.3047961043485, Time : 20.817 s
Timestep : 630647, score : -4149.056488957402, Time : 20.833 s
Timestep : 639406, score : -4191.3097900835855, Time : 20.796 s
Timestep : 648165, score : -4136.795908307104, Time : 20.962 s
Timestep : 656924, score : -4153.676474793378, Time : 21.116 s
Timestep : 665683, score : -4155.072953560768, Time : 21.02 s
Timestep : 674442, score : -4149.853098464577, Time : 21.06 s
Timestep : 683201, score : -4082.7572832696897, Time : 20.994 s
Timestep : 691960, score : -4159.225831845222, Time : 21.012 s
Timestep : 700719, score : -4145.068240951077, Time : 20.927 s
Timestep : 709478, score : -4140.88186052526, Time : 20.835 s
Timestep : 718237, score : -4119.0454485355, Time : 20.928 s
Timestep : 726996, score : -4215.400048048614, Time : 20.98 s
Timestep : 735755, score : -4135.46871246901, Time : 20.935 s
Timestep : 744514, score : -4154.6548083437665, Time : 21.051 s
Timestep : 753273, score : -4115.314411754211, Time : 21.034 s
Timestep : 762032, score : -4191.769013739569, Time : 20.98 s
Timestep : 770791, score : -4140.489551541774, Time : 21.124 s
Timestep : 779550, score : -4178.701712350739, Time : 21.281 s
Timestep : 788309, score : -4183.147726198105, Time : 21.331 s
Timestep : 797068, score : -4080.7546646263945, Time : 21.358 s
Timestep : 805827, score : -4081.322795116721, Time : 21.212 s
Timestep : 814586, score : -4090.0711116617604, Time : 21.192 s
Timestep : 823345, score : -4187.179637020832, Time : 21.302 s
Timestep : 832104, score : -4095.577088157559, Time : 21.474 s
Timestep : 840863, score : -4175.580684706016, Time : 21.284 s
Timestep : 849622, score : -4162.915272995277, Time : 21.412 s
Timestep : 858381, score : -4111.178540022025, Time : 21.319 s
Timestep : 867140, score : -4192.003340131516, Time : 21.248 s
Timestep : 875899, score : -4124.619940569348, Time : 21.218 s
Starting local evaluation
Num Steps: 1000, Num episodes: 0
Num Steps: 2000, Num episodes: 0
Num Steps: 3000, Num episodes: 0
Num Steps: 4000, Num episodes: 0
Num Steps: 5000, Num episodes: 0
Num Steps: 6000, Num episodes: 0
Num Steps: 7000, Num episodes: 0
Num Steps: 8000, Num episodes: 0
Episode complete: 1 | Latest episode metrics: {'price_cost': 1.0031657440047343, 'emmision_cost': 1.0037049688878943}
[-0.23427425] -0.23427424519361875
Average Price Cost: 1.0031657440047343
Average Emmision Cost: 1.0037049688878943
Average of both costs: 1.0034353564463143
Total time taken by agent: 3.2485877997241914s
DONE!
