{'agent': 'DQN', 'action_selection': 'softmax', 'seed': 1, 'episodes': 100, 'data_path': 'data/citylearn_challenge_2022_phase_1', 'dry_run': False, 'n_discrete': 9, 'update_target': 4, 'lr': 0.1, 'batch_size': 4, 'adam_epsilon': 1e-09, 'epsilon_final': 0.02, 'run_id': 63}
{'Notes': 'This is a tuning run, executed on a single building.',
 'action_selection': 'softmax',
 'adam_epsilon': 1e-09,
 'env': '<NormalizeObservation<OneHotHour<DiscreteSingle<CityLearnEnv '
        'instance>>>>',
 'final_exploration_rate': 0.02,
 'final_exploration_step': 1000,
 'gamma': 0.99,
 'initial_exploration_rate': 1,
 'learning_rate': 0.1,
 'loss': 'mse',
 'minibatch_size': 4,
 'network': 'MLP(\n'
            '  (layers): Sequential(\n'
            '    (0): Linear(in_features=29, out_features=128, bias=True)\n'
            '    (1): ReLU()\n'
            '    (2): Linear(in_features=128, out_features=128, bias=True)\n'
            '    (3): ReLU()\n'
            '    (4): Linear(in_features=128, out_features=9, bias=True)\n'
            '  )\n'
            ')',
 'replay_buffer_size': 10000,
 'replay_start_size': 4,
 'seed': 1,
 'train_steps': 876000,
 'update_frequency': 1,
 'update_target_frequency': 4,
 'weight_scale': 1.4142135623730951}
Timestep : 8758, score : -5166.873294379009, Time : 23.058 s
Timestep : 17517, score : -5867.548736727684, Time : 23.399 s
Timestep : 26276, score : -4943.629701741884, Time : 23.358 s
Timestep : 35035, score : -6507.39504464381, Time : 22.96 s
Timestep : 43794, score : -6447.11849681093, Time : 22.849 s
Timestep : 52553, score : -6410.528886225802, Time : 22.777 s
Timestep : 61312, score : -6175.33475356354, Time : 23.236 s
Timestep : 70071, score : -6726.94567296312, Time : 23.633 s
Timestep : 78830, score : -6863.417906922827, Time : 23.39 s
Timestep : 87589, score : -7284.287362494186, Time : 23.517 s
Timestep : 96348, score : -7594.598851032933, Time : 23.256 s
Timestep : 105107, score : -7845.007795164973, Time : 23.445 s
Timestep : 113866, score : -7639.818211192916, Time : 23.46 s
Timestep : 122625, score : -7878.876211542316, Time : 23.484 s
Timestep : 131384, score : -7916.915536441738, Time : 23.412 s
Timestep : 140143, score : -7858.135536308662, Time : 23.059 s
Timestep : 148902, score : -8516.778223103684, Time : 23.134 s
Timestep : 157661, score : -8055.744712566011, Time : 22.864 s
Timestep : 166420, score : -8626.412664175761, Time : 23.444 s
Timestep : 175179, score : -7958.117493688129, Time : 23.174 s
Timestep : 183938, score : -8362.860667937799, Time : 23.473 s
Timestep : 192697, score : -8688.651604267914, Time : 23.463 s
Timestep : 201456, score : -7965.680174686859, Time : 23.435 s
Timestep : 210215, score : -8053.202921793592, Time : 23.009 s
Timestep : 218974, score : -8457.674713782995, Time : 23.008 s
Timestep : 227733, score : -8136.446155259895, Time : 23.481 s
Timestep : 236492, score : -8013.724933792022, Time : 23.455 s
Timestep : 245251, score : -7689.44091431344, Time : 23.461 s
Timestep : 254010, score : -7709.823411171514, Time : 23.504 s
Timestep : 262769, score : -7554.289237505087, Time : 23.485 s
Timestep : 271528, score : -7804.20817654203, Time : 23.498 s
Timestep : 280287, score : -8431.92797565335, Time : 23.482 s
Timestep : 289046, score : -8453.57674756636, Time : 23.479 s
Timestep : 297805, score : -8468.017945258951, Time : 23.48 s
Timestep : 306564, score : -8507.963184169792, Time : 23.486 s
Timestep : 315323, score : -8520.326143292834, Time : 23.476 s
Timestep : 324082, score : -8553.732947059238, Time : 23.489 s
Timestep : 332841, score : -8624.354532033234, Time : 23.473 s
Timestep : 341600, score : -8119.908714972509, Time : 23.51 s
Timestep : 350359, score : -8340.650222140015, Time : 23.493 s
Timestep : 359118, score : -8415.170560930113, Time : 23.48 s
Timestep : 367877, score : -7838.253188294504, Time : 23.475 s
Timestep : 376636, score : -8571.55694150801, Time : 23.483 s
Timestep : 385395, score : -8647.77276804918, Time : 23.511 s
Timestep : 394154, score : -8203.690318113157, Time : 23.475 s
Timestep : 402913, score : -8339.44429862337, Time : 23.497 s
Timestep : 411672, score : -8430.793442821509, Time : 23.471 s
Timestep : 420431, score : -7955.708438028232, Time : 23.496 s
Timestep : 429190, score : -8357.061322595822, Time : 23.492 s
Timestep : 437949, score : -8298.709229191678, Time : 23.459 s
Timestep : 446708, score : -8318.889865215708, Time : 23.48 s
Timestep : 455467, score : -8554.781802888217, Time : 23.511 s
Timestep : 464226, score : -8985.76548606834, Time : 23.439 s
Timestep : 472985, score : -8187.236794401033, Time : 22.924 s
Timestep : 481744, score : -8508.95765433673, Time : 23.365 s
Timestep : 490503, score : -8968.222063005698, Time : 23.371 s
Timestep : 499262, score : -8626.611256387041, Time : 23.47 s
Timestep : 508021, score : -8611.923231562556, Time : 23.188 s
Timestep : 516780, score : -8893.988036773684, Time : 23.419 s
Timestep : 525539, score : -8070.606391221008, Time : 23.438 s
Timestep : 534298, score : -8021.229519068176, Time : 22.844 s
Timestep : 543057, score : -8409.278544738801, Time : 22.84 s
Timestep : 551816, score : -8836.548831328895, Time : 23.488 s
Timestep : 560575, score : -8823.326237930596, Time : 23.495 s
Timestep : 569334, score : -9042.125126803323, Time : 23.47 s
Timestep : 578093, score : -8406.11205189224, Time : 23.478 s
Timestep : 586852, score : -8713.377649920367, Time : 23.489 s
Timestep : 595611, score : -8721.34277840711, Time : 23.131 s
Timestep : 604370, score : -8404.783878520626, Time : 23.559 s
Timestep : 613129, score : -8381.632784393107, Time : 23.331 s
Timestep : 621888, score : -8044.689169030127, Time : 23.173 s
Timestep : 630647, score : -8323.742602463113, Time : 23.038 s
Timestep : 639406, score : -8420.661009080912, Time : 23.419 s
Timestep : 648165, score : -8584.544706828907, Time : 23.536 s
Timestep : 656924, score : -9090.151807119444, Time : 23.084 s
Timestep : 665683, score : -8340.957596464694, Time : 23.124 s
Timestep : 674442, score : -8576.24089715218, Time : 23.604 s
Timestep : 683201, score : -8243.5934933221, Time : 23.479 s
Timestep : 691960, score : -8475.150983538668, Time : 23.474 s
Timestep : 700719, score : -8593.838932161641, Time : 23.459 s
Timestep : 709478, score : -8450.192316948116, Time : 23.486 s
Timestep : 718237, score : -8627.876945984772, Time : 23.478 s
Timestep : 726996, score : -8634.459082667046, Time : 23.489 s
Timestep : 735755, score : -8775.690502420955, Time : 23.483 s
Timestep : 744514, score : -8727.794660360276, Time : 23.184 s
Timestep : 753273, score : -8684.52941856331, Time : 23.506 s
Timestep : 762032, score : -8752.207342008958, Time : 23.476 s
Timestep : 770791, score : -8792.915632784046, Time : 23.486 s
Timestep : 779550, score : -8287.598352274676, Time : 23.492 s
Timestep : 788309, score : -8941.057722027836, Time : 23.498 s
Timestep : 797068, score : -8207.853458723708, Time : 23.427 s
Timestep : 805827, score : -7712.481000730419, Time : 23.234 s
Timestep : 814586, score : -8559.008446970562, Time : 23.455 s
Timestep : 823345, score : -8477.646911329619, Time : 23.072 s
Timestep : 832104, score : -8879.278194349099, Time : 23.192 s
Timestep : 840863, score : -8983.538447868967, Time : 23.473 s
Timestep : 849622, score : -8649.953645498055, Time : 23.506 s
Timestep : 858381, score : -9210.700971168539, Time : 23.472 s
Timestep : 867140, score : -8424.253367776633, Time : 23.31 s
Timestep : 875899, score : -8737.589348254638, Time : 23.312 s
Starting local evaluation
Num Steps: 1000, Num episodes: 0
Num Steps: 2000, Num episodes: 0
Num Steps: 3000, Num episodes: 0
Num Steps: 4000, Num episodes: 0
Num Steps: 5000, Num episodes: 0
Num Steps: 6000, Num episodes: 0
Num Steps: 7000, Num episodes: 0
Num Steps: 8000, Num episodes: 0
Episode complete: 1 | Latest episode metrics: {'price_cost': 1.0, 'emmision_cost': 1.0}
[-0.23006123] -0.23006122589809516
Average Price Cost: 1.0
Average Emmision Cost: 1.0
Average of both costs: 1.0
Total time taken by agent: 3.4923674955498427s
DONE!
