{'agent': 'DQN', 'action_selection': 'egreedy', 'seed': 1, 'episodes': 100, 'data_path': 'data/citylearn_challenge_2022_phase_1', 'dry_run': False, 'n_discrete': 9, 'update_target': 4, 'lr': 7e-05, 'batch_size': 2, 'adam_epsilon': 1e-08, 'epsilon_final': 0.03, 'run_id': 374}
{'Notes': 'This is a tuning run, executed on a single building.',
 'action_selection': 'egreedy',
 'adam_epsilon': 1e-08,
 'env': '<NormalizeObservation<OneHotHour<DiscreteSingle<CityLearnEnv '
        'instance>>>>',
 'final_exploration_rate': 0.02,
 'final_exploration_step': 1000,
 'gamma': 0.99,
 'initial_exploration_rate': 1,
 'learning_rate': 7e-05,
 'loss': 'mse',
 'minibatch_size': 2,
 'network': 'MLP(\n'
            '  (layers): Sequential(\n'
            '    (0): Linear(in_features=29, out_features=128, bias=True)\n'
            '    (1): ReLU()\n'
            '    (2): Linear(in_features=128, out_features=128, bias=True)\n'
            '    (3): ReLU()\n'
            '    (4): Linear(in_features=128, out_features=9, bias=True)\n'
            '  )\n'
            ')',
 'replay_buffer_size': 10000,
 'replay_start_size': 2,
 'seed': 1,
 'train_steps': 876000,
 'update_frequency': 1,
 'update_target_frequency': 4,
 'weight_scale': 1.4142135623730951}
Timestep : 8758, score : -5896.213875133035, Time : 21.786 s
Timestep : 17517, score : -4461.331501116423, Time : 22.973 s
Timestep : 26276, score : -4832.038437963842, Time : 22.966 s
Timestep : 35035, score : -5280.4912985259725, Time : 21.691 s
Timestep : 43794, score : -4861.858346457506, Time : 21.791 s
Timestep : 52553, score : -4764.784003478388, Time : 21.689 s
Timestep : 61312, score : -4462.12856933978, Time : 21.693 s
Timestep : 70071, score : -4979.346070924847, Time : 21.699 s
Timestep : 78830, score : -4629.276785229289, Time : 21.702 s
Timestep : 87589, score : -4588.9918744192255, Time : 21.717 s
Timestep : 96348, score : -4768.054881990334, Time : 21.709 s
Timestep : 105107, score : -4596.580083052075, Time : 21.799 s
Timestep : 113866, score : -4683.262087267038, Time : 21.722 s
Timestep : 122625, score : -4693.1805130824505, Time : 21.728 s
Timestep : 131384, score : -4469.804888178973, Time : 25.908 s
Timestep : 140143, score : -5261.748866383365, Time : 26.035 s
Timestep : 148902, score : -4732.401050631335, Time : 25.907 s
Timestep : 157661, score : -4559.677592184773, Time : 26.164 s
Timestep : 166420, score : -4459.36688684058, Time : 25.824 s
Timestep : 175179, score : -4431.064504804468, Time : 26.092 s
Timestep : 183938, score : -4506.760208213149, Time : 23.103 s
Timestep : 192697, score : -4512.505040409422, Time : 21.71 s
Timestep : 201456, score : -4415.865426767225, Time : 21.723 s
Timestep : 210215, score : -4592.833702637421, Time : 22.531 s
Timestep : 218974, score : -4447.860203235905, Time : 23.603 s
Timestep : 227733, score : -4448.450079292656, Time : 21.704 s
Timestep : 236492, score : -4440.064739863941, Time : 21.707 s
Timestep : 245251, score : -4379.854475164699, Time : 21.71 s
Timestep : 254010, score : -4276.120090376964, Time : 21.735 s
Timestep : 262769, score : -4471.2308039085765, Time : 21.711 s
Timestep : 271528, score : -4296.126287935214, Time : 21.724 s
Timestep : 280287, score : -4173.8066761073715, Time : 21.699 s
Timestep : 289046, score : -4176.555597194267, Time : 21.707 s
Timestep : 297805, score : -3698.7208354700415, Time : 21.85 s
Timestep : 306564, score : -2810.560294728988, Time : 21.77 s
Timestep : 315323, score : -2601.8321080218593, Time : 21.666 s
Timestep : 324082, score : -2715.3954857200442, Time : 23.393 s
Timestep : 332841, score : -2407.485167829698, Time : 21.967 s
Timestep : 341600, score : -2482.3611365583056, Time : 21.968 s
Timestep : 350359, score : -2088.5204797404876, Time : 21.969 s
Timestep : 359118, score : -2913.6710844529152, Time : 21.967 s
Timestep : 367877, score : -2192.82038084502, Time : 21.964 s
Timestep : 376636, score : -2188.2912976665248, Time : 21.961 s
Timestep : 385395, score : -1971.237978337711, Time : 21.963 s
Timestep : 394154, score : -1685.239658594859, Time : 21.988 s
Timestep : 402913, score : -2378.7015355491603, Time : 23.5 s
Timestep : 411672, score : -2554.28498720513, Time : 21.829 s
Timestep : 420431, score : -1809.894120972982, Time : 21.719 s
Timestep : 429190, score : -1705.4750688178756, Time : 21.711 s
Timestep : 437949, score : -1719.3915653282602, Time : 21.702 s
Timestep : 446708, score : -1815.6273920878593, Time : 21.708 s
Timestep : 455467, score : -1506.464105014762, Time : 25.656 s
Timestep : 464226, score : -1624.497626202603, Time : 25.903 s
Timestep : 472985, score : -1940.6998601906525, Time : 26.068 s
Timestep : 481744, score : -1202.2433474280697, Time : 26.007 s
Timestep : 490503, score : -1823.7946689313103, Time : 26.372 s
Timestep : 499262, score : -1571.9250385042105, Time : 22.405 s
Timestep : 508021, score : -1696.4176688524021, Time : 21.785 s
Timestep : 516780, score : -1340.8313998666417, Time : 21.827 s
Timestep : 525539, score : -1455.386387510487, Time : 21.758 s
Timestep : 534298, score : -1173.4987365459383, Time : 21.764 s
Timestep : 543057, score : -1367.5879032686644, Time : 21.799 s
Timestep : 551816, score : -1426.8383375781414, Time : 21.706 s
Timestep : 560575, score : -1541.685520817904, Time : 21.707 s
Timestep : 569334, score : -1654.3172739364963, Time : 21.71 s
Timestep : 578093, score : -1361.6616755994328, Time : 21.828 s
Timestep : 586852, score : -1423.9212655432348, Time : 22.002 s
Timestep : 595611, score : -1536.4297399991483, Time : 22.428 s
Timestep : 604370, score : -1971.085217342741, Time : 21.727 s
Timestep : 613129, score : -1390.020474255929, Time : 21.712 s
Timestep : 621888, score : -1519.2288704307575, Time : 21.717 s
Timestep : 630647, score : -1750.4562099017494, Time : 21.722 s
Timestep : 639406, score : -1449.9593399312143, Time : 21.709 s
Timestep : 648165, score : -1794.7603746097593, Time : 22.494 s
Timestep : 656924, score : -1252.4800297464535, Time : 21.703 s
Timestep : 665683, score : -1622.9319312623993, Time : 21.696 s
Timestep : 674442, score : -1130.0981784730975, Time : 21.72 s
Timestep : 683201, score : -1668.937921420351, Time : 21.782 s
Timestep : 691960, score : -1500.9771736234252, Time : 21.786 s
Timestep : 700719, score : -1321.8217067758378, Time : 21.736 s
Timestep : 709478, score : -1422.8904369117663, Time : 21.73 s
Timestep : 718237, score : -1298.7473493448051, Time : 22.565 s
Timestep : 726996, score : -1478.925775394222, Time : 21.719 s
Timestep : 735755, score : -1074.8224844753568, Time : 21.728 s
Timestep : 744514, score : -1517.5533879440773, Time : 21.716 s
Timestep : 753273, score : -1945.1197512784565, Time : 21.77 s
Timestep : 762032, score : -1406.9157155584835, Time : 21.715 s
Timestep : 770791, score : -986.2205769678403, Time : 21.738 s
Timestep : 779550, score : -1041.5076546946366, Time : 21.717 s
Timestep : 788309, score : -944.1490903313534, Time : 21.739 s
Timestep : 797068, score : -1221.5496460604772, Time : 21.723 s
Timestep : 805827, score : -1175.7724200804078, Time : 21.718 s
Timestep : 814586, score : -1345.0174983514298, Time : 21.699 s
Timestep : 823345, score : -1780.3209334486455, Time : 21.709 s
Timestep : 832104, score : -1322.1040621556167, Time : 21.71 s
Timestep : 840863, score : -1072.9555881477718, Time : 21.701 s
Timestep : 849622, score : -1244.9905933723348, Time : 21.716 s
Timestep : 858381, score : -1392.258538193375, Time : 21.681 s
Timestep : 867140, score : -1082.849126959678, Time : 22.859 s
Timestep : 875899, score : -1169.7246768477198, Time : 21.709 s
Starting local evaluation
Num Steps: 1000, Num episodes: 0
Num Steps: 2000, Num episodes: 0
Num Steps: 3000, Num episodes: 0
Num Steps: 4000, Num episodes: 0
Num Steps: 5000, Num episodes: 0
Num Steps: 6000, Num episodes: 0
Num Steps: 7000, Num episodes: 0
Num Steps: 8000, Num episodes: 0
Episode complete: 1 | Latest episode metrics: {'price_cost': 0.8219225229788228, 'emmision_cost': 0.9020298612496194}
[-0.05817452] -0.05817451887241283
Average Price Cost: 0.8219225229788228
Average Emmision Cost: 0.9020298612496194
Average of both costs: 0.861976192114221
Total time taken by agent: 2.5290258480235934s
DONE!
