{'agent': 'DQN', 'action_selection': 'softmax', 'seed': 1, 'episodes': 100, 'data_path': 'data/citylearn_challenge_2022_phase_1', 'dry_run': False, 'n_discrete': 9, 'update_target': 32, 'lr': 0.03, 'batch_size': 1, 'adam_epsilon': 1e-09, 'epsilon_final': 0.02, 'run_id': 199}
{'Notes': 'This is a tuning run, executed on a single building.',
 'action_selection': 'softmax',
 'adam_epsilon': 1e-09,
 'env': '<NormalizeObservation<OneHotHour<DiscreteSingle<CityLearnEnv '
        'instance>>>>',
 'final_exploration_rate': 0.02,
 'final_exploration_step': 1000,
 'gamma': 0.99,
 'initial_exploration_rate': 1,
 'learning_rate': 0.03,
 'loss': 'mse',
 'minibatch_size': 1,
 'network': 'MLP(\n'
            '  (layers): Sequential(\n'
            '    (0): Linear(in_features=29, out_features=128, bias=True)\n'
            '    (1): ReLU()\n'
            '    (2): Linear(in_features=128, out_features=128, bias=True)\n'
            '    (3): ReLU()\n'
            '    (4): Linear(in_features=128, out_features=9, bias=True)\n'
            '  )\n'
            ')',
 'replay_buffer_size': 10000,
 'replay_start_size': 1,
 'seed': 1,
 'train_steps': 876000,
 'update_frequency': 1,
 'update_target_frequency': 32,
 'weight_scale': 1.4142135623730951}
Timestep : 8758, score : -5418.10635718792, Time : 22.673 s
Timestep : 17517, score : -5124.980655358202, Time : 23.09 s
Timestep : 26276, score : -5089.774730482051, Time : 22.766 s
Timestep : 35035, score : -5144.029489847628, Time : 22.617 s
Timestep : 43794, score : -5203.748912650539, Time : 22.838 s
Timestep : 52553, score : -5563.876109975652, Time : 22.813 s
Timestep : 61312, score : -5414.566937588534, Time : 22.626 s
Timestep : 70071, score : -5316.042284652503, Time : 22.921 s
Timestep : 78830, score : -5360.360812603874, Time : 22.587 s
Timestep : 87589, score : -5362.966657882396, Time : 22.52 s
Timestep : 96348, score : -5150.508635398073, Time : 22.71 s
Timestep : 105107, score : -5206.630253324824, Time : 22.834 s
Timestep : 113866, score : -5352.700908256258, Time : 22.728 s
Timestep : 122625, score : -5442.548604195152, Time : 22.55 s
Timestep : 131384, score : -5482.322513023304, Time : 22.569 s
Timestep : 140143, score : -5449.664510441042, Time : 22.822 s
Timestep : 148902, score : -5366.574021251785, Time : 22.688 s
Timestep : 157661, score : -5642.3853373428865, Time : 22.979 s
Timestep : 166420, score : -5625.511894824129, Time : 23.029 s
Timestep : 175179, score : -5525.639711798081, Time : 22.591 s
Timestep : 183938, score : -5336.600414391054, Time : 23.218 s
Timestep : 192697, score : -5312.9777627643925, Time : 22.661 s
Timestep : 201456, score : -5552.405649948974, Time : 22.944 s
Timestep : 210215, score : -5462.8854787978635, Time : 23.13 s
Timestep : 218974, score : -5123.498459871538, Time : 22.534 s
Timestep : 227733, score : -5174.815331104823, Time : 22.618 s
Timestep : 236492, score : -5373.465321091266, Time : 22.618 s
Timestep : 245251, score : -5320.819049727812, Time : 22.609 s
Timestep : 254010, score : -5435.60324209035, Time : 22.616 s
Timestep : 262769, score : -5472.404016570144, Time : 22.514 s
Timestep : 271528, score : -5290.99521636116, Time : 22.118 s
Timestep : 280287, score : -5212.124284512975, Time : 22.138 s
Timestep : 289046, score : -5271.854082188016, Time : 22.258 s
Timestep : 297805, score : -5387.833353087684, Time : 22.508 s
Timestep : 306564, score : -5271.729620234648, Time : 23.057 s
Timestep : 315323, score : -5222.491824480036, Time : 22.737 s
Timestep : 324082, score : -5533.211917800159, Time : 22.352 s
Timestep : 332841, score : -5484.899516911071, Time : 22.622 s
Timestep : 341600, score : -5459.518819360092, Time : 22.497 s
Timestep : 350359, score : -5189.801477964182, Time : 22.624 s
Timestep : 359118, score : -5564.903346787585, Time : 22.513 s
Timestep : 367877, score : -5680.684392542957, Time : 22.62 s
Timestep : 376636, score : -5429.160558777308, Time : 22.608 s
Timestep : 385395, score : -5381.2276419271075, Time : 22.58 s
Timestep : 394154, score : -5370.760810178152, Time : 22.623 s
Timestep : 402913, score : -5713.087689128195, Time : 22.587 s
Timestep : 411672, score : -5462.076172504021, Time : 22.363 s
Timestep : 420431, score : -5419.94138850391, Time : 22.534 s
Timestep : 429190, score : -5435.114086844522, Time : 22.504 s
Timestep : 437949, score : -5263.146428842476, Time : 22.639 s
Timestep : 446708, score : -5691.7147358683, Time : 22.574 s
Timestep : 455467, score : -5164.259813905926, Time : 22.555 s
Timestep : 464226, score : -5188.314721630959, Time : 22.612 s
Timestep : 472985, score : -5285.02118065572, Time : 22.572 s
Timestep : 481744, score : -5137.156194874464, Time : 22.645 s
Timestep : 490503, score : -5595.10513439207, Time : 22.541 s
Timestep : 499262, score : -5433.236135363957, Time : 22.5 s
Timestep : 508021, score : -5291.105001696298, Time : 22.599 s
Timestep : 516780, score : -5415.129464845551, Time : 22.526 s
Timestep : 525539, score : -5784.165001489484, Time : 22.556 s
Timestep : 534298, score : -5297.293014236639, Time : 22.644 s
Timestep : 543057, score : -5176.894334085184, Time : 22.614 s
Timestep : 551816, score : -5417.934437849472, Time : 23.045 s
Timestep : 560575, score : -5140.845685398119, Time : 22.692 s
Timestep : 569334, score : -5533.856122950121, Time : 22.574 s
Timestep : 578093, score : -5026.873752067244, Time : 22.617 s
Timestep : 586852, score : -5346.042292311351, Time : 22.671 s
Timestep : 595611, score : -5510.908820796671, Time : 22.577 s
Timestep : 604370, score : -5581.176718233415, Time : 22.635 s
Timestep : 613129, score : -5284.550819496071, Time : 22.999 s
Timestep : 621888, score : -5075.952082049858, Time : 22.81 s
Timestep : 630647, score : -5297.320507105818, Time : 22.985 s
Timestep : 639406, score : -5388.12150258795, Time : 23.104 s
Timestep : 648165, score : -5326.681898886483, Time : 22.514 s
Timestep : 656924, score : -5343.455904762639, Time : 22.636 s
Timestep : 665683, score : -5422.150763379788, Time : 22.557 s
Timestep : 674442, score : -5208.085891903174, Time : 22.791 s
Timestep : 683201, score : -5295.1083799178305, Time : 23.079 s
Timestep : 691960, score : -5553.605747221576, Time : 23.229 s
Timestep : 700719, score : -5495.624694130995, Time : 22.61 s
Timestep : 709478, score : -5342.224461813254, Time : 22.475 s
Timestep : 718237, score : -5906.888849964787, Time : 22.781 s
Timestep : 726996, score : -5934.270680536894, Time : 22.471 s
Timestep : 735755, score : -5442.402659156738, Time : 22.521 s
Timestep : 744514, score : -5232.4276398530055, Time : 22.479 s
Timestep : 753273, score : -5397.634631146357, Time : 23.179 s
Timestep : 762032, score : -5454.136395096226, Time : 23.189 s
Timestep : 770791, score : -5546.35706057903, Time : 22.534 s
Timestep : 779550, score : -5416.890520433226, Time : 22.558 s
Timestep : 788309, score : -5661.696562501864, Time : 22.455 s
Timestep : 797068, score : -5712.445978960401, Time : 22.499 s
Timestep : 805827, score : -5702.208205813571, Time : 22.492 s
Timestep : 814586, score : -5663.476375777653, Time : 22.781 s
Timestep : 823345, score : -5826.985727532257, Time : 22.787 s
Timestep : 832104, score : -5418.641104311595, Time : 22.573 s
Timestep : 840863, score : -5244.437881285936, Time : 22.525 s
Timestep : 849622, score : -5383.4441233252, Time : 22.758 s
Timestep : 858381, score : -5319.7399731952755, Time : 23.196 s
Timestep : 867140, score : -5311.673236992898, Time : 22.951 s
Timestep : 875899, score : -5651.6485959517595, Time : 22.949 s
Starting local evaluation
Num Steps: 1000, Num episodes: 0
Num Steps: 2000, Num episodes: 0
Num Steps: 3000, Num episodes: 0
Num Steps: 4000, Num episodes: 0
Num Steps: 5000, Num episodes: 0
Num Steps: 6000, Num episodes: 0
Num Steps: 7000, Num episodes: 0
Num Steps: 8000, Num episodes: 0
Episode complete: 1 | Latest episode metrics: {'price_cost': 1.0, 'emmision_cost': 1.0}
[-0.23006123] -0.23006122589809516
Average Price Cost: 1.0
Average Emmision Cost: 1.0
Average of both costs: 1.0
Total time taken by agent: 3.8682930923532695s
DONE!
