{'agent': 'UADQN', 'action_selection': 'softmax', 'seed': 1, 'episodes': 100, 'data_path': 'data/citylearn_challenge_2022_phase_1', 'dry_run': False, 'n_discrete': 9, 'update_target': 32, 'lr': 0.007, 'batch_size': 2, 'adam_epsilon': 1e-08, 'epsilon_final': 0.02, 'run_id': 476}
{'Notes': 'This is a tuning run, executed on a single building.',
 'adam_epsilon': 1e-08,
 'aleatoric_factor': 0,
 'biased_aleatoric': False,
 'env': '<NormalizeObservation<OneHotHour<DiscreteSingle<CityLearnEnv '
        'instance>>>>',
 'epistemic_factor': 1,
 'gamma': 0.99,
 'learning_rate': 0.007,
 'minibatch_size': 2,
 'n_quantiles': 20,
 'network': 'MLP(\n'
            '  (layers): Sequential(\n'
            '    (0): Linear(in_features=29, out_features=128, bias=True)\n'
            '    (1): ReLU()\n'
            '    (2): Linear(in_features=128, out_features=128, bias=True)\n'
            '    (3): ReLU()\n'
            '    (4): Linear(in_features=128, out_features=180, bias=True)\n'
            '  )\n'
            ')',
 'noise_scale': 1,
 'replay_buffer_size': 10000,
 'replay_start_size': 2,
 'seed': 1,
 'train_steps': 876000,
 'update_frequency': 1,
 'update_target_frequency': 32,
 'weight_scale': 1.4142135623730951}
Timestep : 8758, score : -10382.20330388032, Time : 68.822 s
Timestep : 17517, score : -12216.955540395997, Time : 74.521 s
Timestep : 26276, score : -11830.436834621141, Time : 70.096 s
Timestep : 35035, score : -12815.957265259, Time : 70.482 s
Timestep : 43794, score : -11606.947138806645, Time : 69.203 s
Timestep : 52553, score : -11289.106030801035, Time : 74.885 s
Timestep : 61312, score : -12171.434641381682, Time : 71.034 s
Timestep : 70071, score : -11210.348944052195, Time : 71.441 s
Timestep : 78830, score : -11676.953040674474, Time : 71.383 s
Timestep : 87589, score : -12039.628749169016, Time : 76.638 s
Timestep : 96348, score : -11986.178923112486, Time : 71.065 s
Timestep : 105107, score : -11757.361394998108, Time : 70.363 s
Timestep : 113866, score : -11941.929690893536, Time : 69.856 s
Timestep : 122625, score : -11387.482514555828, Time : 71.283 s
Timestep : 131384, score : -11912.836397697407, Time : 69.816 s
Timestep : 140143, score : -10835.386810007636, Time : 75.309 s
Timestep : 148902, score : -11935.257477159757, Time : 70.543 s
Timestep : 157661, score : -11992.367525384485, Time : 71.486 s
Timestep : 166420, score : -11713.04756907183, Time : 69.895 s
Timestep : 175179, score : -12358.393046331694, Time : 75.518 s
Timestep : 183938, score : -12100.522439178105, Time : 69.825 s
Timestep : 192697, score : -12394.851851514464, Time : 71.276 s
Timestep : 201456, score : -11910.172271745862, Time : 70.126 s
Timestep : 210215, score : -12257.19626356005, Time : 75.329 s
Timestep : 218974, score : -12147.548358036278, Time : 69.272 s
Timestep : 227733, score : -11411.720314817925, Time : 70.944 s
Timestep : 236492, score : -11934.19413376665, Time : 70.025 s
Timestep : 245251, score : -12044.47010059614, Time : 75.815 s
Timestep : 254010, score : -12677.666544348423, Time : 70.691 s
Timestep : 262769, score : -11989.155320665697, Time : 71.249 s
Timestep : 271528, score : -11781.052828718748, Time : 72.158 s
Timestep : 280287, score : -12894.399908246429, Time : 73.84 s
Timestep : 289046, score : -12055.438711295166, Time : 71.414 s
Timestep : 297805, score : -11861.550706685783, Time : 72.958 s
Timestep : 306564, score : -12230.351609262594, Time : 71.798 s
Timestep : 315323, score : -12467.056911678359, Time : 70.419 s
Timestep : 324082, score : -12086.673674278733, Time : 76.198 s
Timestep : 332841, score : -12656.873712908713, Time : 72.636 s
Timestep : 341600, score : -11848.079166248826, Time : 69.017 s
Timestep : 350359, score : -12410.760677896746, Time : 68.522 s
Timestep : 359118, score : -11597.502246702861, Time : 74.013 s
Timestep : 367877, score : -12022.666032813286, Time : 67.22 s
Timestep : 376636, score : -12336.509789745469, Time : 66.19 s
Timestep : 385395, score : -12827.56352447088, Time : 66.126 s
Timestep : 394154, score : -12436.837682260273, Time : 73.176 s
Timestep : 402913, score : -12778.360052465767, Time : 66.635 s
Timestep : 411672, score : -12903.18560257912, Time : 66.393 s
Timestep : 420431, score : -12175.845062746434, Time : 66.526 s
Timestep : 429190, score : -12127.481494124811, Time : 72.926 s
Timestep : 437949, score : -12465.535644317915, Time : 66.135 s
Timestep : 446708, score : -12738.499699636086, Time : 66.073 s
Timestep : 455467, score : -12431.06779017218, Time : 66.057 s
Timestep : 464226, score : -12238.906032138693, Time : 72.693 s
Timestep : 472985, score : -11533.530982589378, Time : 66.654 s
Timestep : 481744, score : -12469.154575423017, Time : 67.382 s
Timestep : 490503, score : -11702.818860991043, Time : 66.282 s
Timestep : 499262, score : -11925.543682064192, Time : 66.496 s
Timestep : 508021, score : -11534.515917909244, Time : 68.165 s
Timestep : 516780, score : -11716.158319505776, Time : 74.426 s
Timestep : 525539, score : -11035.497279137213, Time : 68.517 s
Timestep : 534298, score : -11726.608495359964, Time : 65.964 s
Timestep : 543057, score : -11132.658660376634, Time : 66.815 s
Timestep : 551816, score : -11692.901470621306, Time : 74.138 s
Timestep : 560575, score : -11520.927945768948, Time : 68.977 s
Timestep : 569334, score : -11954.157046811979, Time : 66.931 s
Timestep : 578093, score : -11763.143493354582, Time : 65.98 s
Timestep : 586852, score : -11707.25074633291, Time : 72.657 s
Timestep : 595611, score : -11355.67163494628, Time : 67.472 s
Timestep : 604370, score : -12252.31594928955, Time : 69.066 s
Timestep : 613129, score : -11394.924073728995, Time : 69.164 s
Timestep : 621888, score : -11732.778235812235, Time : 74.408 s
Timestep : 630647, score : -12156.712768243466, Time : 66.601 s
Timestep : 639406, score : -11460.235591715347, Time : 67.838 s
Timestep : 648165, score : -11828.670394679299, Time : 68.879 s
Timestep : 656924, score : -11880.480588661929, Time : 74.53 s
Timestep : 665683, score : -11621.603946247444, Time : 66.027 s
Timestep : 674442, score : -12203.585896616132, Time : 65.942 s
Timestep : 683201, score : -12772.584046133605, Time : 66.08 s
Timestep : 691960, score : -11785.756176532945, Time : 65.953 s
Timestep : 700719, score : -10356.450359641414, Time : 66.74 s
Timestep : 709478, score : -10003.744758742541, Time : 73.982 s
Timestep : 718237, score : -10589.597564346812, Time : 66.571 s
Timestep : 726996, score : -10464.064409831059, Time : 66.46 s
Timestep : 735755, score : -9983.376816258678, Time : 66.589 s
Timestep : 744514, score : -10894.651612474277, Time : 75.098 s
Timestep : 753273, score : -10586.833691337146, Time : 69.124 s
Timestep : 762032, score : -11857.797053509363, Time : 66.872 s
Timestep : 770791, score : -11539.626281690813, Time : 65.987 s
Timestep : 779550, score : -10990.661052516341, Time : 73.802 s
Timestep : 788309, score : -12109.639879666996, Time : 67.747 s
Timestep : 797068, score : -12093.67840559916, Time : 67.057 s
Timestep : 805827, score : -11818.114958236227, Time : 66.955 s
Timestep : 814586, score : -11425.117352917063, Time : 73.576 s
Timestep : 823345, score : -11416.120645965013, Time : 69.474 s
Timestep : 832104, score : -12909.490616483872, Time : 68.912 s
Timestep : 840863, score : -12505.4007731163, Time : 66.727 s
Timestep : 849622, score : -10038.956808376039, Time : 72.371 s
Timestep : 858381, score : -9236.257973066677, Time : 66.097 s
Timestep : 867140, score : -10740.528324862127, Time : 68.69 s
Timestep : 875899, score : -11635.268632006977, Time : 68.939 s
Starting local evaluation
Num Steps: 1000, Num episodes: 0
Num Steps: 2000, Num episodes: 0
Num Steps: 3000, Num episodes: 0
Num Steps: 4000, Num episodes: 0
Num Steps: 5000, Num episodes: 0
Num Steps: 6000, Num episodes: 0
Num Steps: 7000, Num episodes: 0
Num Steps: 8000, Num episodes: 0
Episode complete: 1 | Latest episode metrics: {'price_cost': 1.145071117753859, 'emmision_cost': 1.1906368087225745}
[-0.43541789] -0.435417887146368
Average Price Cost: 1.145071117753859
Average Emmision Cost: 1.1906368087225745
Average of both costs: 1.1678539632382168
Total time taken by agent: 10.735685307299718s
DONE!
