{'agent': 'UADQN', 'action_selection': 'softmax', 'seed': 10, 'episodes': 50, 'data_path': 'data/citylearn_challenge_2022_phase_1', 'dry_run': False, 'n_discrete': 9, 'update_target': 4, 'lr': 0.0003, 'batch_size': 128, 'adam_epsilon': 1e-07, 'epsilon_final': 0.02, 'run_id': 30}
{'Notes': 'This is a tuning run, executed on a single building.',
 'adam_epsilon': 1e-07,
 'aleatoric_factor': 0,
 'biased_aleatoric': False,
 'env': '<NormalizeObservation<OneHotHour<DiscreteSingle<CityLearnEnv '
        'instance>>>>',
 'epistemic_factor': 1,
 'gamma': 0.99,
 'learning_rate': 0.0003,
 'minibatch_size': 128,
 'n_quantiles': 20,
 'network': 'MLP(\n'
            '  (layers): Sequential(\n'
            '    (0): Linear(in_features=29, out_features=128, bias=True)\n'
            '    (1): ReLU()\n'
            '    (2): Linear(in_features=128, out_features=128, bias=True)\n'
            '    (3): ReLU()\n'
            '    (4): Linear(in_features=128, out_features=180, bias=True)\n'
            '  )\n'
            ')',
 'noise_scale': 1,
 'replay_buffer_size': 10000,
 'replay_start_size': 128,
 'seed': 10,
 'train_steps': 438000,
 'update_frequency': 1,
 'update_target_frequency': 4,
 'weight_scale': 1.4142135623730951}
Timestep : 8758, score : -4642.836549336585, Time : 72.13 s
Timestep : 17517, score : -4093.1847769994347, Time : 73.646 s
Timestep : 26276, score : -2699.2498027083057, Time : 73.685 s
Timestep : 35035, score : -2194.094782089305, Time : 71.364 s
Timestep : 43794, score : -2184.1466524254356, Time : 70.659 s
Timestep : 52553, score : -2777.875424458907, Time : 70.92 s
Timestep : 61312, score : -2888.549676100636, Time : 85.268 s
Timestep : 70071, score : -2493.082320084941, Time : 97.407 s
Timestep : 78830, score : -2530.752895396581, Time : 94.23 s
Timestep : 87589, score : -2565.451248975951, Time : 94.4 s
Timestep : 96348, score : -2373.686463888269, Time : 91.91 s
Timestep : 105107, score : -2498.8166499354556, Time : 92.565 s
Timestep : 113866, score : -2539.337748981685, Time : 93.028 s
Timestep : 122625, score : -2006.8772455997823, Time : 91.486 s
Timestep : 131384, score : -1822.6333476851287, Time : 93.366 s
Timestep : 140143, score : -1742.0583384563506, Time : 91.895 s
Timestep : 148902, score : -2056.9405707455808, Time : 93.155 s
Timestep : 157661, score : -1620.4447157083923, Time : 93.507 s
Timestep : 166420, score : -1764.877954550233, Time : 90.743 s
Timestep : 175179, score : -1668.0951113228512, Time : 90.888 s
Timestep : 183938, score : -1435.1043888908607, Time : 93.135 s
Timestep : 192697, score : -1684.7455854864384, Time : 91.45 s
Timestep : 201456, score : -1475.7892426760227, Time : 90.995 s
Timestep : 210215, score : -1317.1964661936727, Time : 90.88 s
Timestep : 218974, score : -1385.19263433179, Time : 91.92 s
Timestep : 227733, score : -1577.7437089120795, Time : 93.134 s
Timestep : 236492, score : -1453.2712598506187, Time : 92.221 s
Timestep : 245251, score : -1595.9061067584262, Time : 93.409 s
Timestep : 254010, score : -1560.2584700797743, Time : 92.878 s
Timestep : 262769, score : -1578.5966729792126, Time : 92.878 s
Timestep : 271528, score : -1465.7972210059233, Time : 91.007 s
Timestep : 280287, score : -1581.8819318341848, Time : 92.688 s
Timestep : 289046, score : -1621.7747181169252, Time : 92.732 s
Timestep : 297805, score : -1302.3515972437162, Time : 92.715 s
Timestep : 306564, score : -1222.3322193550703, Time : 92.397 s
Timestep : 315323, score : -1331.3548405689944, Time : 91.976 s
Timestep : 324082, score : -1283.278410880972, Time : 91.757 s
Timestep : 332841, score : -1309.8195913292293, Time : 92.553 s
Timestep : 341600, score : -1330.1025559510163, Time : 90.327 s
Timestep : 350359, score : -1383.0072913072363, Time : 90.136 s
Timestep : 359118, score : -1340.3152707039844, Time : 90.282 s
Timestep : 367877, score : -1159.4779975510028, Time : 86.076 s
Timestep : 376636, score : -1264.6949451526452, Time : 85.933 s
Timestep : 385395, score : -1406.5334670867596, Time : 83.972 s
Timestep : 394154, score : -1364.2432883696456, Time : 86.523 s
Timestep : 402913, score : -1505.3374884984514, Time : 84.831 s
Timestep : 411672, score : -1298.610332070064, Time : 85.211 s
Timestep : 420431, score : -1298.362402685132, Time : 83.526 s
Timestep : 429190, score : -1237.6814412192034, Time : 84.455 s
Timestep : 437949, score : -1302.1926362915838, Time : 81.66 s
Starting local evaluation
Num Steps: 1000, Num episodes: 0
Num Steps: 2000, Num episodes: 0
Num Steps: 3000, Num episodes: 0
Num Steps: 4000, Num episodes: 0
Num Steps: 5000, Num episodes: 0
Num Steps: 6000, Num episodes: 0
Num Steps: 7000, Num episodes: 0
Num Steps: 8000, Num episodes: 0
Episode complete: 1 | Latest episode metrics: {'price_cost': 0.8379268982087534, 'emmision_cost': 0.9330599328838544}
[-0.08672373] -0.08672373295715329
Average Price Cost: 0.8379268982087534
Average Emmision Cost: 0.9330599328838544
Average of both costs: 0.8854934155463039
Total time taken by agent: 12.027491518296301s
DONE!
