{'agent': 'DQN', 'action_selection': 'egreedy', 'seed': 1, 'episodes': 100, 'data_path': 'data/citylearn_challenge_2022_phase_1', 'dry_run': False, 'n_discrete': 9, 'update_target': 4, 'lr': 0.01, 'batch_size': 1, 'adam_epsilon': 1e-06, 'epsilon_final': 0.06, 'run_id': 382}
{'Notes': 'This is a tuning run, executed on a single building.',
 'action_selection': 'egreedy',
 'adam_epsilon': 1e-06,
 'env': '<NormalizeObservation<OneHotHour<DiscreteSingle<CityLearnEnv '
        'instance>>>>',
 'final_exploration_rate': 0.02,
 'final_exploration_step': 1000,
 'gamma': 0.99,
 'initial_exploration_rate': 1,
 'learning_rate': 0.01,
 'loss': 'mse',
 'minibatch_size': 1,
 'network': 'MLP(\n'
            '  (layers): Sequential(\n'
            '    (0): Linear(in_features=29, out_features=128, bias=True)\n'
            '    (1): ReLU()\n'
            '    (2): Linear(in_features=128, out_features=128, bias=True)\n'
            '    (3): ReLU()\n'
            '    (4): Linear(in_features=128, out_features=9, bias=True)\n'
            '  )\n'
            ')',
 'replay_buffer_size': 10000,
 'replay_start_size': 1,
 'seed': 1,
 'train_steps': 876000,
 'update_frequency': 1,
 'update_target_frequency': 4,
 'weight_scale': 1.4142135623730951}
Timestep : 8758, score : -6349.121896454861, Time : 19.791 s
Timestep : 17517, score : -5134.159625209781, Time : 19.777 s
Timestep : 26276, score : -5534.8628691904305, Time : 19.664 s
Timestep : 35035, score : -6018.440852591448, Time : 19.503 s
Timestep : 43794, score : -5991.347633245106, Time : 19.767 s
Timestep : 52553, score : -6274.929452482873, Time : 19.974 s
Timestep : 61312, score : -6254.2848299522375, Time : 19.745 s
Timestep : 70071, score : -5826.702131877275, Time : 19.875 s
Timestep : 78830, score : -6740.825028034771, Time : 19.963 s
Timestep : 87589, score : -5920.533318830101, Time : 20.415 s
Timestep : 96348, score : -5626.115187678239, Time : 19.586 s
Timestep : 105107, score : -5682.340991902078, Time : 19.682 s
Timestep : 113866, score : -6285.302002110198, Time : 19.738 s
Timestep : 122625, score : -7564.096022452606, Time : 19.909 s
Timestep : 131384, score : -4316.553350248752, Time : 19.645 s
Timestep : 140143, score : -4530.0369199751, Time : 19.711 s
Timestep : 148902, score : -4583.227560278872, Time : 19.941 s
Timestep : 157661, score : -4598.119564540131, Time : 19.897 s
Timestep : 166420, score : -4379.035405123053, Time : 19.886 s
Timestep : 175179, score : -4515.8231057761295, Time : 19.747 s
Timestep : 183938, score : -4505.1740991486295, Time : 20.261 s
Timestep : 192697, score : -4542.753106512508, Time : 20.097 s
Timestep : 201456, score : -4553.507915831127, Time : 19.997 s
Timestep : 210215, score : -4527.593095024495, Time : 19.923 s
Timestep : 218974, score : -4324.135935606348, Time : 19.913 s
Timestep : 227733, score : -4372.793239176652, Time : 19.927 s
Timestep : 236492, score : -4492.630119269161, Time : 20.06 s
Timestep : 245251, score : -4499.681112685619, Time : 19.855 s
Timestep : 254010, score : -4431.018137050822, Time : 19.853 s
Timestep : 262769, score : -4515.935462187423, Time : 19.739 s
Timestep : 271528, score : -4322.8729444829805, Time : 19.788 s
Timestep : 280287, score : -4303.390548884316, Time : 19.968 s
Timestep : 289046, score : -4488.983760418792, Time : 19.885 s
Timestep : 297805, score : -4423.613452754362, Time : 20.101 s
Timestep : 306564, score : -4597.511447826779, Time : 19.955 s
Timestep : 315323, score : -4587.121213184393, Time : 19.949 s
Timestep : 324082, score : -4423.975764014831, Time : 19.923 s
Timestep : 332841, score : -4574.619313322386, Time : 20.047 s
Timestep : 341600, score : -4683.249122387177, Time : 19.843 s
Timestep : 350359, score : -4442.846659212752, Time : 19.878 s
Timestep : 359118, score : -4513.904484802304, Time : 20.185 s
Timestep : 367877, score : -4543.8783286752005, Time : 20.038 s
Timestep : 376636, score : -4539.419529928273, Time : 20.006 s
Timestep : 385395, score : -4609.735881821165, Time : 19.746 s
Timestep : 394154, score : -4413.849576686887, Time : 19.761 s
Timestep : 402913, score : -4464.324817085086, Time : 19.926 s
Timestep : 411672, score : -4580.042466095096, Time : 19.912 s
Timestep : 420431, score : -4560.428345605178, Time : 19.912 s
Timestep : 429190, score : -4662.459590519691, Time : 19.889 s
Timestep : 437949, score : -4472.794245978264, Time : 20.148 s
Timestep : 446708, score : -4459.927467702917, Time : 19.72 s
Timestep : 455467, score : -4399.0034245638235, Time : 19.978 s
Timestep : 464226, score : -4473.821670630394, Time : 19.887 s
Timestep : 472985, score : -4517.625148726074, Time : 19.746 s
Timestep : 481744, score : -4487.979019691615, Time : 19.869 s
Timestep : 490503, score : -4646.72700377219, Time : 19.85 s
Timestep : 499262, score : -4364.967261635145, Time : 19.925 s
Timestep : 508021, score : -4435.882321141107, Time : 19.814 s
Timestep : 516780, score : -4455.573345546523, Time : 19.912 s
Timestep : 525539, score : -4490.886751851445, Time : 19.824 s
Timestep : 534298, score : -4453.775141210674, Time : 19.836 s
Timestep : 543057, score : -4364.516380560963, Time : 19.953 s
Timestep : 551816, score : -4584.009512127755, Time : 20.04 s
Timestep : 560575, score : -4486.438301553397, Time : 20.094 s
Timestep : 569334, score : -4478.746078494383, Time : 19.815 s
Timestep : 578093, score : -4459.698826993888, Time : 19.922 s
Timestep : 586852, score : -4538.585349542467, Time : 20.018 s
Timestep : 595611, score : -4387.6562451360805, Time : 19.913 s
Timestep : 604370, score : -4580.0430894395395, Time : 19.724 s
Timestep : 613129, score : -4432.9898135414405, Time : 20.172 s
Timestep : 621888, score : -4493.252113996452, Time : 20.109 s
Timestep : 630647, score : -4532.417921715911, Time : 19.883 s
Timestep : 639406, score : -4515.733631995885, Time : 19.953 s
Timestep : 648165, score : -4457.594489191106, Time : 20.069 s
Timestep : 656924, score : -4660.541822120926, Time : 20.095 s
Timestep : 665683, score : -4574.081112199841, Time : 19.684 s
Timestep : 674442, score : -4561.093654093711, Time : 19.793 s
Timestep : 683201, score : -4492.27038135138, Time : 19.871 s
Timestep : 691960, score : -4571.619918751909, Time : 19.826 s
Timestep : 700719, score : -4438.166306035506, Time : 20.006 s
Timestep : 709478, score : -4455.737571890844, Time : 20.067 s
Timestep : 718237, score : -4367.056977881191, Time : 20.109 s
Timestep : 726996, score : -4520.865862833249, Time : 19.981 s
Timestep : 735755, score : -4529.634543282358, Time : 20.116 s
Timestep : 744514, score : -4427.3121453313215, Time : 20.025 s
Timestep : 753273, score : -4434.198213926589, Time : 19.892 s
Timestep : 762032, score : -4462.632159201807, Time : 20.016 s
Timestep : 770791, score : -4361.065980268089, Time : 19.879 s
Timestep : 779550, score : -4516.067188986955, Time : 19.922 s
Timestep : 788309, score : -4349.003294135822, Time : 19.92 s
Timestep : 797068, score : -4466.790957430756, Time : 19.738 s
Timestep : 805827, score : -4383.54706954342, Time : 19.912 s
Timestep : 814586, score : -4607.410089512734, Time : 19.628 s
Timestep : 823345, score : -4456.887206996238, Time : 19.645 s
Timestep : 832104, score : -4388.004092404066, Time : 20.092 s
Timestep : 840863, score : -4482.482772067568, Time : 20.093 s
Timestep : 849622, score : -4472.928543439513, Time : 19.801 s
Timestep : 858381, score : -4514.944494949101, Time : 19.671 s
Timestep : 867140, score : -4528.809625580354, Time : 20.022 s
Timestep : 875899, score : -4612.72472733297, Time : 19.954 s
Starting local evaluation
Num Steps: 1000, Num episodes: 0
Num Steps: 2000, Num episodes: 0
Num Steps: 3000, Num episodes: 0
Num Steps: 4000, Num episodes: 0
Num Steps: 5000, Num episodes: 0
Num Steps: 6000, Num episodes: 0
Num Steps: 7000, Num episodes: 0
Num Steps: 8000, Num episodes: 0
Episode complete: 1 | Latest episode metrics: {'price_cost': 1.0204261536148458, 'emmision_cost': 1.0244430010421075}
[-0.25756158] -0.257561579613102
Average Price Cost: 1.0204261536148458
Average Emmision Cost: 1.0244430010421075
Average of both costs: 1.0224345773284766
Total time taken by agent: 2.197530121076852s
DONE!
