{'agent': 'UADQN', 'action_selection': 'softmax', 'seed': 1, 'episodes': 50, 'data_path': 'data/citylearn_challenge_2022_phase_1', 'dry_run': False, 'n_discrete': 9, 'update_target': 32, 'lr': 3e-05, 'batch_size': 4, 'adam_epsilon': 1e-10, 'epsilon_final': 0.02, 'run_id': 401}
{'Notes': 'This is a tuning run, executed on a single building.',
 'adam_epsilon': 1e-10,
 'aleatoric_factor': 0,
 'biased_aleatoric': False,
 'env': '<NormalizeObservation<OneHotHour<DiscreteSingle<CityLearnEnv '
        'instance>>>>',
 'epistemic_factor': 1,
 'gamma': 0.99,
 'learning_rate': 3e-05,
 'minibatch_size': 4,
 'n_quantiles': 20,
 'network': 'MLP(\n'
            '  (layers): Sequential(\n'
            '    (0): Linear(in_features=29, out_features=128, bias=True)\n'
            '    (1): ReLU()\n'
            '    (2): Linear(in_features=128, out_features=128, bias=True)\n'
            '    (3): ReLU()\n'
            '    (4): Linear(in_features=128, out_features=180, bias=True)\n'
            '  )\n'
            ')',
 'noise_scale': 1,
 'replay_buffer_size': 10000,
 'replay_start_size': 4,
 'seed': 1,
 'train_steps': 438000,
 'update_frequency': 1,
 'update_target_frequency': 32,
 'weight_scale': 1.4142135623730951}
Timestep : 8758, score : -5929.884437525674, Time : 74.78 s
Timestep : 17517, score : -5688.39928586912, Time : 72.355 s
Timestep : 26276, score : -4056.146014517086, Time : 72.883 s
Timestep : 35035, score : -4149.9081407448975, Time : 73.933 s
Timestep : 43794, score : -3293.228534848502, Time : 73.935 s
Timestep : 52553, score : -2916.7152553614287, Time : 71.317 s
Timestep : 61312, score : -2690.924316860648, Time : 74.769 s
Timestep : 70071, score : -2932.4262560656352, Time : 74.886 s
Timestep : 78830, score : -2630.318634611118, Time : 70.849 s
Timestep : 87589, score : -2552.3996966770646, Time : 73.555 s
Timestep : 96348, score : -2704.320400584911, Time : 75.267 s
Timestep : 105107, score : -2083.6166741120687, Time : 74.607 s
Timestep : 113866, score : -2843.285503166524, Time : 73.821 s
Timestep : 122625, score : -2532.2478009201877, Time : 75.607 s
Timestep : 131384, score : -2209.443802235837, Time : 76.288 s
Timestep : 140143, score : -2340.748249832919, Time : 71.89 s
Timestep : 148902, score : -1711.948820463993, Time : 74.684 s
Timestep : 157661, score : -2383.3418899677054, Time : 75.119 s
Timestep : 166420, score : -2516.6363716698543, Time : 72.93 s
Timestep : 175179, score : -2641.4768319550494, Time : 74.146 s
Timestep : 183938, score : -2830.6211092190642, Time : 75.527 s
Timestep : 192697, score : -2316.2353320926486, Time : 74.972 s
Timestep : 201456, score : -2193.7891152469238, Time : 73.062 s
Timestep : 210215, score : -2419.3448306063947, Time : 75.35 s
Timestep : 218974, score : -2257.8733273467806, Time : 75.139 s
Timestep : 227733, score : -2852.772919803305, Time : 71.801 s
Timestep : 236492, score : -3582.094994797517, Time : 74.016 s
Timestep : 245251, score : -3026.284795313797, Time : 74.876 s
Timestep : 254010, score : -3423.7661997706455, Time : 74.618 s
Timestep : 262769, score : -3304.194040138231, Time : 70.891 s
Timestep : 271528, score : -3177.0597163253988, Time : 72.243 s
Timestep : 280287, score : -3498.5285841277364, Time : 75.245 s
Timestep : 289046, score : -3526.4718035062833, Time : 74.944 s
Timestep : 297805, score : -3246.800289120729, Time : 70.353 s
Timestep : 306564, score : -2484.7195733010594, Time : 74.418 s
Timestep : 315323, score : -2598.44365301801, Time : 76.886 s
Timestep : 324082, score : -2611.5371759570844, Time : 72.772 s
Timestep : 332841, score : -1913.68465370599, Time : 73.457 s
Timestep : 341600, score : -1973.9133074557467, Time : 74.978 s
Timestep : 350359, score : -1552.5621248472307, Time : 75.261 s
Timestep : 359118, score : -1842.931759444953, Time : 71.538 s
Timestep : 367877, score : -1980.1304734215664, Time : 75.152 s
Timestep : 376636, score : -1706.7608276063402, Time : 76.519 s
Timestep : 385395, score : -1611.3451991860347, Time : 72.641 s
Timestep : 394154, score : -1298.2039331031992, Time : 73.365 s
Timestep : 402913, score : -1494.24881982636, Time : 75.991 s
Timestep : 411672, score : -1651.3774330125452, Time : 75.6 s
Timestep : 420431, score : -1485.375929478585, Time : 73.591 s
Timestep : 429190, score : -1203.6690437305078, Time : 73.935 s
Timestep : 437949, score : -1692.5944375202816, Time : 75.95 s
Starting local evaluation
Num Steps: 1000, Num episodes: 0
Num Steps: 2000, Num episodes: 0
Num Steps: 3000, Num episodes: 0
Num Steps: 4000, Num episodes: 0
Num Steps: 5000, Num episodes: 0
Num Steps: 6000, Num episodes: 0
Num Steps: 7000, Num episodes: 0
Num Steps: 8000, Num episodes: 0
Episode complete: 1 | Latest episode metrics: {'price_cost': 0.8571049627603023, 'emmision_cost': 0.9136518545176116}
[-0.08757498] -0.08757497584555723
Average Price Cost: 0.8571049627603023
Average Emmision Cost: 0.9136518545176116
Average of both costs: 0.8853784086389569
Total time taken by agent: 11.273884155787528s
DONE!
