{'agent': 'DQN', 'action_selection': 'egreedy', 'seed': 1, 'episodes': 100, 'data_path': 'data/citylearn_challenge_2022_phase_1', 'dry_run': False, 'n_discrete': 9, 'update_target': 32, 'lr': 0.003, 'batch_size': 2, 'adam_epsilon': 0.001, 'epsilon_final': 0.02, 'run_id': 314}
{'Notes': 'This is a tuning run, executed on a single building.',
 'action_selection': 'egreedy',
 'adam_epsilon': 0.001,
 'env': '<NormalizeObservation<OneHotHour<DiscreteSingle<CityLearnEnv '
        'instance>>>>',
 'final_exploration_rate': 0.02,
 'final_exploration_step': 1000,
 'gamma': 0.99,
 'initial_exploration_rate': 1,
 'learning_rate': 0.003,
 'loss': 'mse',
 'minibatch_size': 2,
 'network': 'MLP(\n'
            '  (layers): Sequential(\n'
            '    (0): Linear(in_features=29, out_features=128, bias=True)\n'
            '    (1): ReLU()\n'
            '    (2): Linear(in_features=128, out_features=128, bias=True)\n'
            '    (3): ReLU()\n'
            '    (4): Linear(in_features=128, out_features=9, bias=True)\n'
            '  )\n'
            ')',
 'replay_buffer_size': 10000,
 'replay_start_size': 2,
 'seed': 1,
 'train_steps': 876000,
 'update_frequency': 1,
 'update_target_frequency': 32,
 'weight_scale': 1.4142135623730951}
Timestep : 8758, score : -6930.156346332587, Time : 20.215 s
Timestep : 17517, score : -5914.251880414013, Time : 20.089 s
Timestep : 26276, score : -6085.369194967701, Time : 20.143 s
Timestep : 35035, score : -6319.188134952012, Time : 19.532 s
Timestep : 43794, score : -6327.788200801151, Time : 19.808 s
Timestep : 52553, score : -6387.9271292519115, Time : 19.693 s
Timestep : 61312, score : -6282.952338401141, Time : 19.908 s
Timestep : 70071, score : -6166.763946754872, Time : 19.757 s
Timestep : 78830, score : -6490.202837955701, Time : 19.963 s
Timestep : 87589, score : -6243.251927915524, Time : 19.563 s
Timestep : 96348, score : -6581.834102010267, Time : 19.542 s
Timestep : 105107, score : -6238.351721441402, Time : 19.535 s
Timestep : 113866, score : -6702.503420821187, Time : 19.832 s
Timestep : 122625, score : -6138.009307120723, Time : 19.912 s
Timestep : 131384, score : -6269.627713184367, Time : 19.568 s
Timestep : 140143, score : -6414.375072287425, Time : 19.592 s
Timestep : 148902, score : -6563.587890208932, Time : 19.593 s
Timestep : 157661, score : -6502.35206014922, Time : 19.577 s
Timestep : 166420, score : -6267.755670895829, Time : 20.147 s
Timestep : 175179, score : -6226.299809769531, Time : 19.697 s
Timestep : 183938, score : -6513.14330342687, Time : 19.561 s
Timestep : 192697, score : -6356.802225135121, Time : 19.609 s
Timestep : 201456, score : -6033.6644572394725, Time : 20.325 s
Timestep : 210215, score : -6253.167866367992, Time : 20.355 s
Timestep : 218974, score : -6185.6342833136005, Time : 20.299 s
Timestep : 227733, score : -6248.277319993664, Time : 20.346 s
Timestep : 236492, score : -6122.459598984159, Time : 20.133 s
Timestep : 245251, score : -6301.199672635019, Time : 19.595 s
Timestep : 254010, score : -6456.4854632839415, Time : 19.638 s
Timestep : 262769, score : -6138.732879416348, Time : 19.621 s
Timestep : 271528, score : -6485.251820876059, Time : 19.851 s
Timestep : 280287, score : -6497.484347302496, Time : 20.163 s
Timestep : 289046, score : -6391.64305617733, Time : 19.752 s
Timestep : 297805, score : -6828.096657579561, Time : 19.785 s
Timestep : 306564, score : -6521.392344639549, Time : 19.533 s
Timestep : 315323, score : -6491.275016468862, Time : 19.713 s
Timestep : 324082, score : -6431.832615475825, Time : 19.583 s
Timestep : 332841, score : -6843.950207627291, Time : 20.317 s
Timestep : 341600, score : -6572.527151430564, Time : 19.606 s
Timestep : 350359, score : -6718.068797026674, Time : 19.664 s
Timestep : 359118, score : -6083.177355489184, Time : 19.581 s
Timestep : 367877, score : -6092.916598383192, Time : 19.592 s
Timestep : 376636, score : -6271.372173151263, Time : 19.597 s
Timestep : 385395, score : -7162.660416664701, Time : 19.6 s
Timestep : 394154, score : -6611.026650276763, Time : 19.575 s
Timestep : 402913, score : -6575.900246669917, Time : 19.811 s
Timestep : 411672, score : -6488.179160446467, Time : 19.567 s
Timestep : 420431, score : -6770.297877349454, Time : 19.612 s
Timestep : 429190, score : -6752.477891444956, Time : 20.166 s
Timestep : 437949, score : -6751.668145474934, Time : 19.673 s
Timestep : 446708, score : -6617.969208397772, Time : 19.579 s
Timestep : 455467, score : -6871.187839250619, Time : 19.597 s
Timestep : 464226, score : -6105.196766628564, Time : 19.601 s
Timestep : 472985, score : -6467.506761824203, Time : 20.026 s
Timestep : 481744, score : -6766.72392412732, Time : 20.375 s
Timestep : 490503, score : -6308.510902654409, Time : 20.325 s
Timestep : 499262, score : -6695.563429846385, Time : 20.326 s
Timestep : 508021, score : -7022.59038753777, Time : 20.043 s
Timestep : 516780, score : -6517.428241261703, Time : 19.804 s
Timestep : 525539, score : -6689.190851207735, Time : 19.58 s
Timestep : 534298, score : -6197.139686204566, Time : 19.612 s
Timestep : 543057, score : -6447.624805599364, Time : 19.648 s
Timestep : 551816, score : -6335.405870651855, Time : 19.595 s
Timestep : 560575, score : -6487.983612471449, Time : 19.635 s
Timestep : 569334, score : -6920.249215362201, Time : 19.571 s
Timestep : 578093, score : -6016.267881744687, Time : 20.137 s
Timestep : 586852, score : -6029.924124937694, Time : 20.327 s
Timestep : 595611, score : -6496.694697843195, Time : 20.073 s
Timestep : 604370, score : -6777.224258287417, Time : 19.545 s
Timestep : 613129, score : -6446.491814228706, Time : 19.587 s
Timestep : 621888, score : -5862.846939865529, Time : 19.56 s
Timestep : 630647, score : -6359.829369576095, Time : 19.553 s
Timestep : 639406, score : -6521.368833955756, Time : 19.592 s
Timestep : 648165, score : -6450.08244392593, Time : 19.609 s
Timestep : 656924, score : -6283.941196093714, Time : 19.737 s
Timestep : 665683, score : -6223.863029848697, Time : 19.775 s
Timestep : 674442, score : -5604.193509819714, Time : 19.639 s
Timestep : 683201, score : -5960.418608435968, Time : 19.632 s
Timestep : 691960, score : -5958.034579842075, Time : 19.6 s
Timestep : 700719, score : -6358.750216977904, Time : 19.634 s
Timestep : 709478, score : -5591.380582200742, Time : 19.581 s
Timestep : 718237, score : -5555.493318386289, Time : 19.613 s
Timestep : 726996, score : -5960.963293679088, Time : 19.59 s
Timestep : 735755, score : -5652.936384827277, Time : 20.097 s
Timestep : 744514, score : -5796.599353981161, Time : 20.307 s
Timestep : 753273, score : -5589.520125277719, Time : 19.766 s
Timestep : 762032, score : -5593.554886622849, Time : 19.544 s
Timestep : 770791, score : -5701.545146373013, Time : 19.685 s
Timestep : 779550, score : -5477.263831369026, Time : 19.628 s
Timestep : 788309, score : -5772.769076977769, Time : 19.727 s
Timestep : 797068, score : -5754.662938242109, Time : 19.625 s
Timestep : 805827, score : -6221.782778748733, Time : 19.701 s
Timestep : 814586, score : -5922.821115720115, Time : 19.579 s
Timestep : 823345, score : -5779.426462029063, Time : 20.359 s
Timestep : 832104, score : -5845.278798982181, Time : 19.989 s
Timestep : 840863, score : -5876.128612756875, Time : 19.696 s
Timestep : 849622, score : -6055.176388902502, Time : 19.591 s
Timestep : 858381, score : -6380.601237473544, Time : 19.599 s
Timestep : 867140, score : -6478.810650398518, Time : 19.565 s
Timestep : 875899, score : -6543.367654631336, Time : 20.035 s
Starting local evaluation
Num Steps: 1000, Num episodes: 0
Num Steps: 2000, Num episodes: 0
Num Steps: 3000, Num episodes: 0
Num Steps: 4000, Num episodes: 0
Num Steps: 5000, Num episodes: 0
Num Steps: 6000, Num episodes: 0
Num Steps: 7000, Num episodes: 0
Num Steps: 8000, Num episodes: 0
Episode complete: 1 | Latest episode metrics: {'price_cost': 1.0337575705495947, 'emmision_cost': 1.1646354133461105}
[-0.34874622] -0.3487462156023905
Average Price Cost: 1.0337575705495947
Average Emmision Cost: 1.1646354133461105
Average of both costs: 1.0991964919478527
Total time taken by agent: 2.229541763314046s
DONE!
