{'agent': 'DQN', 'action_selection': 'egreedy', 'seed': 1, 'episodes': 100, 'data_path': 'data/citylearn_challenge_2022_phase_1', 'dry_run': False, 'n_discrete': 9, 'update_target': 32, 'lr': 0.007, 'batch_size': 256, 'adam_epsilon': 1e-09, 'epsilon_final': 0.06, 'run_id': 383}
{'Notes': 'This is a tuning run, executed on a single building.',
 'action_selection': 'egreedy',
 'adam_epsilon': 1e-09,
 'env': '<NormalizeObservation<OneHotHour<DiscreteSingle<CityLearnEnv '
        'instance>>>>',
 'final_exploration_rate': 0.02,
 'final_exploration_step': 1000,
 'gamma': 0.99,
 'initial_exploration_rate': 1,
 'learning_rate': 0.007,
 'loss': 'mse',
 'minibatch_size': 256,
 'network': 'MLP(\n'
            '  (layers): Sequential(\n'
            '    (0): Linear(in_features=29, out_features=128, bias=True)\n'
            '    (1): ReLU()\n'
            '    (2): Linear(in_features=128, out_features=128, bias=True)\n'
            '    (3): ReLU()\n'
            '    (4): Linear(in_features=128, out_features=9, bias=True)\n'
            '  )\n'
            ')',
 'replay_buffer_size': 10000,
 'replay_start_size': 256,
 'seed': 1,
 'train_steps': 876000,
 'update_frequency': 1,
 'update_target_frequency': 32,
 'weight_scale': 1.4142135623730951}
Timestep : 8758, score : -8464.465161883694, Time : 25.15 s
Timestep : 17517, score : -12574.07207264479, Time : 26.85 s
Timestep : 26276, score : -11555.363845978776, Time : 27.303 s
Timestep : 35035, score : -11417.129689109119, Time : 26.976 s
Timestep : 43794, score : -11261.188650977128, Time : 26.773 s
Timestep : 52553, score : -12018.122514767994, Time : 27.287 s
Timestep : 61312, score : -12111.550482513965, Time : 27.455 s
Timestep : 70071, score : -12247.956813176628, Time : 27.504 s
Timestep : 78830, score : -12540.515879113023, Time : 27.272 s
Timestep : 87589, score : -12604.26912255797, Time : 26.89 s
Timestep : 96348, score : -12863.66454052797, Time : 26.93 s
Timestep : 105107, score : -12923.914696668584, Time : 26.579 s
Timestep : 113866, score : -14820.43925625908, Time : 26.683 s
Timestep : 122625, score : -15217.886585318323, Time : 26.799 s
Timestep : 131384, score : -14994.680602865017, Time : 26.809 s
Timestep : 140143, score : -14574.806159283224, Time : 26.766 s
Timestep : 148902, score : -15022.36105938787, Time : 26.667 s
Timestep : 157661, score : -14458.504520063565, Time : 27.108 s
Timestep : 166420, score : -14667.469019836019, Time : 26.327 s
Timestep : 175179, score : -15053.199402951228, Time : 27.134 s
Timestep : 183938, score : -14814.623584436631, Time : 27.204 s
Timestep : 192697, score : -14369.434872916085, Time : 27.364 s
Timestep : 201456, score : -14186.559528281214, Time : 27.487 s
Timestep : 210215, score : -14478.058329241889, Time : 27.145 s
Timestep : 218974, score : -14412.689534646881, Time : 26.902 s
Timestep : 227733, score : -15431.253466069262, Time : 27.976 s
Timestep : 236492, score : -14394.256084792156, Time : 26.88 s
Timestep : 245251, score : -14020.700377949936, Time : 27.584 s
Timestep : 254010, score : -14054.895660292357, Time : 27.546 s
Timestep : 262769, score : -13170.98637112815, Time : 27.716 s
Timestep : 271528, score : -12561.904693353994, Time : 28.806 s
Timestep : 280287, score : -12404.417409711008, Time : 28.477 s
Timestep : 289046, score : -12562.717075115215, Time : 26.76 s
Timestep : 297805, score : -10607.546735743366, Time : 27.222 s
Timestep : 306564, score : -11716.953366504124, Time : 28.164 s
Timestep : 315323, score : -11090.509038706034, Time : 27.234 s
Timestep : 324082, score : -10711.091251737045, Time : 26.951 s
Timestep : 332841, score : -9224.552513658331, Time : 28.069 s
Timestep : 341600, score : -8120.20220354051, Time : 28.006 s
Timestep : 350359, score : -8707.43026999096, Time : 26.836 s
Timestep : 359118, score : -7486.457647497315, Time : 27.279 s
Timestep : 367877, score : -6115.210670820816, Time : 28.023 s
Timestep : 376636, score : -7099.669385687244, Time : 28.11 s
Timestep : 385395, score : -7156.858855095488, Time : 28.034 s
Timestep : 394154, score : -10150.506774832334, Time : 28.031 s
Timestep : 402913, score : -9235.051286002883, Time : 28.082 s
Timestep : 411672, score : -7200.47161184976, Time : 28.004 s
Timestep : 420431, score : -7318.641038591886, Time : 28.281 s
Timestep : 429190, score : -7648.554616889873, Time : 26.871 s
Timestep : 437949, score : -7936.033836586837, Time : 27.203 s
Timestep : 446708, score : -8289.596969444916, Time : 28.083 s
Timestep : 455467, score : -7391.147084164695, Time : 28.045 s
Timestep : 464226, score : -7368.384444921525, Time : 28.226 s
Timestep : 472985, score : -8561.337655186799, Time : 28.118 s
Timestep : 481744, score : -7131.124400575136, Time : 28.047 s
Timestep : 490503, score : -6579.125120707351, Time : 28.096 s
Timestep : 499262, score : -6808.208811810502, Time : 28.253 s
Timestep : 508021, score : -5687.16538725447, Time : 26.906 s
Timestep : 516780, score : -5758.118500878874, Time : 27.112 s
Timestep : 525539, score : -5452.4043241044565, Time : 28.055 s
Timestep : 534298, score : -5720.961053161183, Time : 28.122 s
Timestep : 543057, score : -5217.925815688184, Time : 28.358 s
Timestep : 551816, score : -5734.328146943619, Time : 28.474 s
Timestep : 560575, score : -4912.793199318141, Time : 28.195 s
Timestep : 569334, score : -5048.708176569344, Time : 28.033 s
Timestep : 578093, score : -4920.771334407298, Time : 28.149 s
Timestep : 586852, score : -4828.914496605081, Time : 27.017 s
Timestep : 595611, score : -4775.063325288036, Time : 27.213 s
Timestep : 604370, score : -7188.689972596316, Time : 28.037 s
Timestep : 613129, score : -6569.050072933111, Time : 28.013 s
Timestep : 621888, score : -5971.451371066767, Time : 28.066 s
Timestep : 630647, score : -5982.40094139445, Time : 28.054 s
Timestep : 639406, score : -6040.520764953297, Time : 28.08 s
Timestep : 648165, score : -6311.7178705096885, Time : 28.138 s
Timestep : 656924, score : -5471.708909446403, Time : 27.966 s
Timestep : 665683, score : -6099.7684777433315, Time : 26.934 s
Timestep : 674442, score : -6087.834550136773, Time : 27.405 s
Timestep : 683201, score : -5550.164848323169, Time : 28.168 s
Timestep : 691960, score : -5140.3541419422545, Time : 28.054 s
Timestep : 700719, score : -5350.117745767493, Time : 28.015 s
Timestep : 709478, score : -5507.596886851388, Time : 28.067 s
Timestep : 718237, score : -5319.371768639801, Time : 28.243 s
Timestep : 726996, score : -5890.806924676086, Time : 28.069 s
Timestep : 735755, score : -5602.401030125096, Time : 28.061 s
Timestep : 744514, score : -5933.345608517207, Time : 26.846 s
Timestep : 753273, score : -5603.060882857913, Time : 27.161 s
Timestep : 762032, score : -5442.771635178622, Time : 28.064 s
Timestep : 770791, score : -6066.711811332105, Time : 27.985 s
Timestep : 779550, score : -5488.872926897282, Time : 28.077 s
Timestep : 788309, score : -5297.899746014766, Time : 28.014 s
Timestep : 797068, score : -5747.479478227819, Time : 28.159 s
Timestep : 805827, score : -5244.243640984321, Time : 28.156 s
Timestep : 814586, score : -5835.405929502478, Time : 28.044 s
Timestep : 823345, score : -5673.323037363269, Time : 26.873 s
Timestep : 832104, score : -4900.585768484423, Time : 27.276 s
Timestep : 840863, score : -5130.045858479716, Time : 28.038 s
Timestep : 849622, score : -5249.715809689165, Time : 28.024 s
Timestep : 858381, score : -6408.889720774212, Time : 28.064 s
Timestep : 867140, score : -5251.855511501271, Time : 28.076 s
Timestep : 875899, score : -5716.465511372691, Time : 28.102 s
Starting local evaluation
Num Steps: 1000, Num episodes: 0
Num Steps: 2000, Num episodes: 0
Num Steps: 3000, Num episodes: 0
Num Steps: 4000, Num episodes: 0
Num Steps: 5000, Num episodes: 0
Num Steps: 6000, Num episodes: 0
Num Steps: 7000, Num episodes: 0
Num Steps: 8000, Num episodes: 0
Episode complete: 1 | Latest episode metrics: {'price_cost': 1.1075704618320745, 'emmision_cost': 1.21732087161022}
[-0.42711212] -0.42711212067283666
Average Price Cost: 1.1075704618320745
Average Emmision Cost: 1.21732087161022
Average of both costs: 1.1624456667211471
Total time taken by agent: 2.282629610854201s
DONE!
