{'agent': 'DQN', 'action_selection': 'egreedy', 'seed': 1, 'episodes': 100, 'data_path': 'data/citylearn_challenge_2022_phase_1', 'dry_run': False, 'n_discrete': 9, 'update_target': 4, 'lr': 0.03, 'batch_size': 16, 'adam_epsilon': 1e-09, 'epsilon_final': 0.03, 'run_id': 372}
{'Notes': 'This is a tuning run, executed on a single building.',
 'action_selection': 'egreedy',
 'adam_epsilon': 1e-09,
 'env': '<NormalizeObservation<OneHotHour<DiscreteSingle<CityLearnEnv '
        'instance>>>>',
 'final_exploration_rate': 0.02,
 'final_exploration_step': 1000,
 'gamma': 0.99,
 'initial_exploration_rate': 1,
 'learning_rate': 0.03,
 'loss': 'mse',
 'minibatch_size': 16,
 'network': 'MLP(\n'
            '  (layers): Sequential(\n'
            '    (0): Linear(in_features=29, out_features=128, bias=True)\n'
            '    (1): ReLU()\n'
            '    (2): Linear(in_features=128, out_features=128, bias=True)\n'
            '    (3): ReLU()\n'
            '    (4): Linear(in_features=128, out_features=9, bias=True)\n'
            '  )\n'
            ')',
 'replay_buffer_size': 10000,
 'replay_start_size': 16,
 'seed': 1,
 'train_steps': 876000,
 'update_frequency': 1,
 'update_target_frequency': 4,
 'weight_scale': 1.4142135623730951}
Timestep : 8758, score : -6689.949689930916, Time : 35.485 s
Timestep : 17517, score : -6729.1826641019725, Time : 35.373 s
Timestep : 26276, score : -5848.4153431711675, Time : 35.242 s
Timestep : 35035, score : -6242.342171836441, Time : 35.103 s
Timestep : 43794, score : -6537.274053010071, Time : 35.058 s
Timestep : 52553, score : -7255.365507744267, Time : 34.18 s
Timestep : 61312, score : -8008.698582622743, Time : 35.063 s
Timestep : 70071, score : -7489.01430211906, Time : 35.495 s
Timestep : 78830, score : -7345.991060408021, Time : 33.956 s
Timestep : 87589, score : -9553.31210516786, Time : 32.134 s
Timestep : 96348, score : -9716.940512542627, Time : 31.895 s
Timestep : 105107, score : -9915.075047089907, Time : 32.104 s
Timestep : 113866, score : -9949.540405593652, Time : 32.141 s
Timestep : 122625, score : -9457.377439048752, Time : 32.201 s
Timestep : 131384, score : -9895.956034996154, Time : 32.212 s
Timestep : 140143, score : -10476.504014035643, Time : 30.494 s
Timestep : 148902, score : -9453.393181905514, Time : 28.115 s
Timestep : 157661, score : -10001.331590500733, Time : 32.146 s
Timestep : 166420, score : -9570.90943523591, Time : 32.321 s
Timestep : 175179, score : -10400.762869422397, Time : 33.309 s
Timestep : 183938, score : -11045.834789959204, Time : 35.454 s
Timestep : 192697, score : -11236.033752433745, Time : 34.328 s
Timestep : 201456, score : -10148.128055100475, Time : 35.194 s
Timestep : 210215, score : -10735.704764586131, Time : 35.054 s
Timestep : 218974, score : -10169.649903371144, Time : 35.289 s
Timestep : 227733, score : -10319.814871890776, Time : 35.118 s
Timestep : 236492, score : -10879.954315458286, Time : 32.194 s
Timestep : 245251, score : -10900.752724409409, Time : 33.002 s
Timestep : 254010, score : -10423.54095069124, Time : 31.882 s
Timestep : 262769, score : -11037.827962530777, Time : 34.686 s
Timestep : 271528, score : -11000.117444305724, Time : 35.137 s
Timestep : 280287, score : -10660.85285188596, Time : 33.63 s
Timestep : 289046, score : -10416.510112652817, Time : 34.112 s
Timestep : 297805, score : -10312.462343722887, Time : 35.164 s
Timestep : 306564, score : -10795.314604290019, Time : 34.292 s
Timestep : 315323, score : -10468.84664933542, Time : 31.804 s
Timestep : 324082, score : -11046.02861365916, Time : 35.204 s
Timestep : 332841, score : -9617.742582540915, Time : 35.028 s
Timestep : 341600, score : -12085.489597755164, Time : 35.935 s
Timestep : 350359, score : -11242.014781580918, Time : 34.973 s
Timestep : 359118, score : -10539.945446834856, Time : 34.471 s
Timestep : 367877, score : -11015.304479087194, Time : 34.377 s
Timestep : 376636, score : -11458.938593408675, Time : 35.495 s
Timestep : 385395, score : -9713.742866557746, Time : 34.39 s
Timestep : 394154, score : -11338.424597920857, Time : 32.477 s
Timestep : 402913, score : -10200.148956758814, Time : 33.876 s
Timestep : 411672, score : -10388.3077559558, Time : 32.981 s
Timestep : 420431, score : -10820.205696750636, Time : 32.533 s
Timestep : 429190, score : -11098.868700002044, Time : 32.403 s
Timestep : 437949, score : -10593.031563476601, Time : 32.362 s
Timestep : 446708, score : -11236.373523323171, Time : 34.222 s
Timestep : 455467, score : -11272.726485221676, Time : 35.807 s
Timestep : 464226, score : -10306.110679312915, Time : 33.815 s
Timestep : 472985, score : -11471.560766571973, Time : 32.384 s
Timestep : 481744, score : -10824.864823282383, Time : 32.392 s
Timestep : 490503, score : -11166.930196933172, Time : 34.736 s
Timestep : 499262, score : -10117.988130760015, Time : 35.303 s
Timestep : 508021, score : -10901.212869978594, Time : 35.53 s
Timestep : 516780, score : -10478.038061118874, Time : 34.237 s
Timestep : 525539, score : -11053.022209433213, Time : 33.208 s
Timestep : 534298, score : -11415.298049768346, Time : 32.682 s
Timestep : 543057, score : -11531.681062093383, Time : 33.735 s
Timestep : 551816, score : -10419.233124573715, Time : 34.717 s
Timestep : 560575, score : -10492.401223763081, Time : 34.171 s
Timestep : 569334, score : -11372.776149175901, Time : 34.814 s
Timestep : 578093, score : -11066.609369516864, Time : 36.174 s
Timestep : 586852, score : -10835.608171555781, Time : 36.058 s
Timestep : 595611, score : -11373.415402378916, Time : 35.507 s
Timestep : 604370, score : -11804.793019780845, Time : 35.034 s
Timestep : 613129, score : -10609.929421116947, Time : 32.48 s
Timestep : 621888, score : -10927.667509533654, Time : 32.568 s
Timestep : 630647, score : -11000.341028183422, Time : 32.789 s
Timestep : 639406, score : -10812.176518835971, Time : 32.525 s
Timestep : 648165, score : -11046.130462187532, Time : 32.649 s
Timestep : 656924, score : -10783.439341747086, Time : 34.284 s
Timestep : 665683, score : -10970.874837806725, Time : 35.526 s
Timestep : 674442, score : -11031.343887879244, Time : 34.193 s
Timestep : 683201, score : -10718.626277734438, Time : 34.333 s
Timestep : 691960, score : -11372.090504091539, Time : 34.277 s
Timestep : 700719, score : -11269.345437112264, Time : 34.178 s
Timestep : 709478, score : -11685.83161838635, Time : 34.566 s
Timestep : 718237, score : -10575.54892958689, Time : 35.809 s
Timestep : 726996, score : -11206.567888556296, Time : 35.516 s
Timestep : 735755, score : -11539.597611933918, Time : 33.63 s
Timestep : 744514, score : -11091.626677180655, Time : 32.545 s
Timestep : 753273, score : -11262.0562838935, Time : 33.505 s
Timestep : 762032, score : -10932.467979823545, Time : 33.84 s
Timestep : 770791, score : -10601.277169226276, Time : 32.594 s
Timestep : 779550, score : -11039.876877672854, Time : 32.565 s
Timestep : 788309, score : -10632.547726928038, Time : 32.35 s
Timestep : 797068, score : -10888.448444539288, Time : 32.411 s
Timestep : 805827, score : -10555.523010027133, Time : 33.705 s
Timestep : 814586, score : -10679.756043831367, Time : 35.736 s
Timestep : 823345, score : -10627.642698435957, Time : 36.18 s
Timestep : 832104, score : -10816.507767228599, Time : 35.832 s
Timestep : 840863, score : -10513.389035292974, Time : 32.388 s
Timestep : 849622, score : -11407.830631472127, Time : 32.744 s
Timestep : 858381, score : -10261.421060750916, Time : 32.737 s
Timestep : 867140, score : -11228.645499267412, Time : 33.194 s
Timestep : 875899, score : -10858.158607295089, Time : 33.879 s
Starting local evaluation
Num Steps: 1000, Num episodes: 0
Num Steps: 2000, Num episodes: 0
Num Steps: 3000, Num episodes: 0
Num Steps: 4000, Num episodes: 0
Num Steps: 5000, Num episodes: 0
Num Steps: 6000, Num episodes: 0
Num Steps: 7000, Num episodes: 0
Num Steps: 8000, Num episodes: 0
Episode complete: 1 | Latest episode metrics: {'price_cost': 1.0105415624570244, 'emmision_cost': 1.0138187702179025}
[-0.24496349] -0.24496349243086876
Average Price Cost: 1.0105415624570244
Average Emmision Cost: 1.0138187702179025
Average of both costs: 1.0121801663374634
Total time taken by agent: 4.086598649490043s
DONE!
