{'agent': 'DQN', 'action_selection': 'egreedy', 'seed': 1, 'episodes': 100, 'data_path': 'data/citylearn_challenge_2022_phase_1', 'dry_run': False, 'n_discrete': 9, 'update_target': 32, 'lr': 0.07, 'batch_size': 256, 'adam_epsilon': 1e-09, 'epsilon_final': 0.03, 'run_id': 334}
{'Notes': 'This is a tuning run, executed on a single building.',
 'action_selection': 'egreedy',
 'adam_epsilon': 1e-09,
 'env': '<NormalizeObservation<OneHotHour<DiscreteSingle<CityLearnEnv '
        'instance>>>>',
 'final_exploration_rate': 0.02,
 'final_exploration_step': 1000,
 'gamma': 0.99,
 'initial_exploration_rate': 1,
 'learning_rate': 0.07,
 'loss': 'mse',
 'minibatch_size': 256,
 'network': 'MLP(\n'
            '  (layers): Sequential(\n'
            '    (0): Linear(in_features=29, out_features=128, bias=True)\n'
            '    (1): ReLU()\n'
            '    (2): Linear(in_features=128, out_features=128, bias=True)\n'
            '    (3): ReLU()\n'
            '    (4): Linear(in_features=128, out_features=9, bias=True)\n'
            '  )\n'
            ')',
 'replay_buffer_size': 10000,
 'replay_start_size': 256,
 'seed': 1,
 'train_steps': 876000,
 'update_frequency': 1,
 'update_target_frequency': 32,
 'weight_scale': 1.4142135623730951}
Timestep : 8758, score : -6471.367871239272, Time : 26.944 s
Timestep : 17517, score : -4460.97080620323, Time : 29.734 s
Timestep : 26276, score : -4674.946475667326, Time : 29.473 s
Timestep : 35035, score : -4410.443627336441, Time : 29.808 s
Timestep : 43794, score : -4425.635850114195, Time : 29.853 s
Timestep : 52553, score : -4495.4455980634375, Time : 29.484 s
Timestep : 61312, score : -4503.289269504516, Time : 29.804 s
Timestep : 70071, score : -4533.596633444919, Time : 29.829 s
Timestep : 78830, score : -4546.874138695566, Time : 29.816 s
Timestep : 87589, score : -4569.0713512640505, Time : 29.4 s
Timestep : 96348, score : -4495.8059305561765, Time : 28.615 s
Timestep : 105107, score : -4513.737446508749, Time : 29.3 s
Timestep : 113866, score : -4576.6430451571505, Time : 29.51 s
Timestep : 122625, score : -4434.532916405617, Time : 29.519 s
Timestep : 131384, score : -4494.552411944984, Time : 29.754 s
Timestep : 140143, score : -4568.4543279348, Time : 29.401 s
Timestep : 148902, score : -4517.951997867349, Time : 29.794 s
Timestep : 157661, score : -4573.164626061829, Time : 29.783 s
Timestep : 166420, score : -4468.964618903963, Time : 29.755 s
Timestep : 175179, score : -4390.503482797561, Time : 29.81 s
Timestep : 183938, score : -4555.450921395241, Time : 28.849 s
Timestep : 192697, score : -4442.483510061429, Time : 28.697 s
Timestep : 201456, score : -4657.1543561289145, Time : 29.8 s
Timestep : 210215, score : -4565.406082650094, Time : 29.686 s
Timestep : 218974, score : -4494.988646959333, Time : 29.504 s
Timestep : 227733, score : -4457.538309519674, Time : 29.432 s
Timestep : 236492, score : -4488.585651860951, Time : 28.166 s
Timestep : 245251, score : -4495.8948361430375, Time : 29.783 s
Timestep : 254010, score : -4482.950075176923, Time : 29.745 s
Timestep : 262769, score : -4486.443760549097, Time : 29.803 s
Timestep : 271528, score : -4498.302426015405, Time : 28.971 s
Timestep : 280287, score : -4447.925728048576, Time : 29.801 s
Timestep : 289046, score : -4480.733179836912, Time : 29.78 s
Timestep : 297805, score : -4587.101875714405, Time : 29.784 s
Timestep : 306564, score : -4542.183926639525, Time : 29.804 s
Timestep : 315323, score : -4457.5280746020435, Time : 29.723 s
Timestep : 324082, score : -4575.292828362813, Time : 29.64 s
Timestep : 332841, score : -4533.726835755078, Time : 29.358 s
Timestep : 341600, score : -4494.342142549722, Time : 29.535 s
Timestep : 350359, score : -4500.045837640209, Time : 29.824 s
Timestep : 359118, score : -4603.623402712939, Time : 29.769 s
Timestep : 367877, score : -4572.55534431283, Time : 29.745 s
Timestep : 376636, score : -4471.5650435717835, Time : 29.747 s
Timestep : 385395, score : -4717.1517258076055, Time : 29.049 s
Timestep : 394154, score : -4451.0985321603075, Time : 29.721 s
Timestep : 402913, score : -4445.798864833341, Time : 29.749 s
Timestep : 411672, score : -4644.185550342692, Time : 29.79 s
Timestep : 420431, score : -4588.9834600849135, Time : 29.764 s
Timestep : 429190, score : -4621.990770999721, Time : 29.751 s
Timestep : 437949, score : -4464.133389636321, Time : 29.735 s
Timestep : 446708, score : -4518.634942804842, Time : 29.417 s
Timestep : 455467, score : -4518.001814709423, Time : 29.744 s
Timestep : 464226, score : -4582.101797267242, Time : 29.694 s
Timestep : 472985, score : -4585.98787311223, Time : 29.493 s
Timestep : 481744, score : -4592.454038206401, Time : 29.787 s
Timestep : 490503, score : -4488.4275114847405, Time : 29.779 s
Timestep : 499262, score : -4484.361420500005, Time : 29.789 s
Timestep : 508021, score : -4626.799802932219, Time : 29.408 s
Timestep : 516780, score : -4453.014947827352, Time : 29.602 s
Timestep : 525539, score : -4579.217293576716, Time : 29.763 s
Timestep : 534298, score : -4444.020342746197, Time : 29.746 s
Timestep : 543057, score : -4562.532239974855, Time : 29.756 s
Timestep : 551816, score : -4573.212115608534, Time : 29.714 s
Timestep : 560575, score : -4446.431781030638, Time : 29.764 s
Timestep : 569334, score : -4434.542246568744, Time : 29.65 s
Timestep : 578093, score : -4444.446084848983, Time : 29.696 s
Timestep : 586852, score : -4590.873317650432, Time : 29.684 s
Timestep : 595611, score : -4576.644307517825, Time : 29.74 s
Timestep : 604370, score : -4527.97693188049, Time : 29.701 s
Timestep : 613129, score : -4487.0312571385, Time : 29.674 s
Timestep : 621888, score : -4459.50334838315, Time : 29.742 s
Timestep : 630647, score : -4481.341845789371, Time : 29.735 s
Timestep : 639406, score : -4393.299985469697, Time : 29.737 s
Timestep : 648165, score : -4440.559165475337, Time : 29.747 s
Timestep : 656924, score : -4556.26453341209, Time : 29.72 s
Timestep : 665683, score : -4561.377703260703, Time : 29.697 s
Timestep : 674442, score : -4487.209309623955, Time : 29.733 s
Timestep : 683201, score : -4577.772848865396, Time : 29.76 s
Timestep : 691960, score : -4558.379364607303, Time : 29.64 s
Timestep : 700719, score : -4584.605205146043, Time : 29.696 s
Timestep : 709478, score : -4439.924115912436, Time : 29.769 s
Timestep : 718237, score : -4398.183933556924, Time : 29.747 s
Timestep : 726996, score : -4606.08769192305, Time : 29.736 s
Timestep : 735755, score : -4568.7476190616435, Time : 29.571 s
Timestep : 744514, score : -4517.028195985971, Time : 29.734 s
Timestep : 753273, score : -4576.002769688988, Time : 29.764 s
Timestep : 762032, score : -4472.698282204015, Time : 29.617 s
Timestep : 770791, score : -4349.231909756927, Time : 29.808 s
Timestep : 779550, score : -4510.738818194281, Time : 29.775 s
Timestep : 788309, score : -4413.003734567581, Time : 29.55 s
Timestep : 797068, score : -4305.091192358552, Time : 29.797 s
Timestep : 805827, score : -4447.440272706008, Time : 29.75 s
Timestep : 814586, score : -4501.725407966791, Time : 29.783 s
Timestep : 823345, score : -4485.166127816221, Time : 29.797 s
Timestep : 832104, score : -4403.486624990968, Time : 29.774 s
Timestep : 840863, score : -4591.568452858744, Time : 29.774 s
Timestep : 849622, score : -4673.829627353611, Time : 29.792 s
Timestep : 858381, score : -4618.916544574691, Time : 29.542 s
Timestep : 867140, score : -4465.950430816418, Time : 29.26 s
Timestep : 875899, score : -4613.896943706466, Time : 28.249 s
Starting local evaluation
Num Steps: 1000, Num episodes: 0
Num Steps: 2000, Num episodes: 0
Num Steps: 3000, Num episodes: 0
Num Steps: 4000, Num episodes: 0
Num Steps: 5000, Num episodes: 0
Num Steps: 6000, Num episodes: 0
Num Steps: 7000, Num episodes: 0
Num Steps: 8000, Num episodes: 0
Episode complete: 1 | Latest episode metrics: {'price_cost': 1.0199150382783275, 'emmision_cost': 1.0221763574084013}
[-0.25589786] -0.2558978566012462
Average Price Cost: 1.0199150382783275
Average Emmision Cost: 1.0221763574084013
Average of both costs: 1.0210456978433644
Total time taken by agent: 2.5041232500225306s
DONE!
