{'agent': 'UADQN', 'action_selection': 'softmax', 'seed': 1, 'episodes': 50, 'data_path': 'data/citylearn_challenge_2022_phase_1', 'dry_run': False, 'n_discrete': 9, 'update_target': 32, 'lr': 0.03, 'batch_size': 32, 'adam_epsilon': 0.0001, 'epsilon_final': 0.02, 'run_id': 415}
{'Notes': 'This is a tuning run, executed on a single building.',
 'adam_epsilon': 0.0001,
 'aleatoric_factor': 0,
 'biased_aleatoric': False,
 'env': '<NormalizeObservation<OneHotHour<DiscreteSingle<CityLearnEnv '
        'instance>>>>',
 'epistemic_factor': 1,
 'gamma': 0.99,
 'learning_rate': 0.03,
 'minibatch_size': 32,
 'n_quantiles': 20,
 'network': 'MLP(\n'
            '  (layers): Sequential(\n'
            '    (0): Linear(in_features=29, out_features=128, bias=True)\n'
            '    (1): ReLU()\n'
            '    (2): Linear(in_features=128, out_features=128, bias=True)\n'
            '    (3): ReLU()\n'
            '    (4): Linear(in_features=128, out_features=180, bias=True)\n'
            '  )\n'
            ')',
 'noise_scale': 1,
 'replay_buffer_size': 10000,
 'replay_start_size': 32,
 'seed': 1,
 'train_steps': 438000,
 'update_frequency': 1,
 'update_target_frequency': 32,
 'weight_scale': 1.4142135623730951}
Timestep : 8758, score : -6549.421765209554, Time : 77.471 s
Timestep : 17517, score : -6041.156678710337, Time : 78.762 s
Timestep : 26276, score : -4987.949146341911, Time : 79.163 s
Timestep : 35035, score : -4554.580476862291, Time : 78.555 s
Timestep : 43794, score : -5527.2252315073565, Time : 78.647 s
Timestep : 52553, score : -5053.847117766243, Time : 79.311 s
Timestep : 61312, score : -6099.291662417265, Time : 80.041 s
Timestep : 70071, score : -4568.9886390673055, Time : 80.13 s
Timestep : 78830, score : -4957.571651645383, Time : 80.148 s
Timestep : 87589, score : -4364.492812361015, Time : 80.075 s
Timestep : 96348, score : -4557.881195551046, Time : 79.699 s
Timestep : 105107, score : -4412.597044551076, Time : 79.528 s
Timestep : 113866, score : -4311.3673579444, Time : 80.089 s
Timestep : 122625, score : -4351.381514115987, Time : 80.223 s
Timestep : 131384, score : -4420.031002567528, Time : 79.836 s
Timestep : 140143, score : -4636.124234773015, Time : 79.524 s
Timestep : 148902, score : -4303.065544641955, Time : 79.788 s
Timestep : 157661, score : -4421.797831615622, Time : 79.585 s
Timestep : 166420, score : -4306.924281060143, Time : 79.648 s
Timestep : 175179, score : -4423.757366511534, Time : 79.894 s
Timestep : 183938, score : -4539.651133957697, Time : 79.629 s
Timestep : 192697, score : -4397.642664914398, Time : 79.107 s
Timestep : 201456, score : -4354.586069355166, Time : 79.613 s
Timestep : 210215, score : -4355.193765811069, Time : 80.18 s
Timestep : 218974, score : -4170.205850874452, Time : 79.34 s
Timestep : 227733, score : -4269.1275681242405, Time : 79.434 s
Timestep : 236492, score : -4290.436410935043, Time : 79.592 s
Timestep : 245251, score : -4409.2576104722975, Time : 79.361 s
Timestep : 254010, score : -4270.147298896132, Time : 79.456 s
Timestep : 262769, score : -4329.443200810259, Time : 80.113 s
Timestep : 271528, score : -4205.862578553526, Time : 79.938 s
Timestep : 280287, score : -4171.548687352246, Time : 79.993 s
Timestep : 289046, score : -4410.753239683254, Time : 79.955 s
Timestep : 297805, score : -4355.656210702291, Time : 79.984 s
Timestep : 306564, score : -4272.496368627442, Time : 80.137 s
Timestep : 315323, score : -4301.691795795603, Time : 80.119 s
Timestep : 324082, score : -4452.448985852447, Time : 79.744 s
Timestep : 332841, score : -4471.716519504815, Time : 79.927 s
Timestep : 341600, score : -4256.969400254457, Time : 79.564 s
Timestep : 350359, score : -4511.114299204928, Time : 79.458 s
Timestep : 359118, score : -4447.198440307198, Time : 79.693 s
Timestep : 367877, score : -4289.75834480059, Time : 79.586 s
Timestep : 376636, score : -4272.201468021987, Time : 79.537 s
Timestep : 385395, score : -4578.46080796179, Time : 79.538 s
Timestep : 394154, score : -4310.046710015187, Time : 79.78 s
Timestep : 402913, score : -4301.080192503898, Time : 79.933 s
Timestep : 411672, score : -4440.198611247615, Time : 79.71 s
Timestep : 420431, score : -4328.359595749906, Time : 80.132 s
Timestep : 429190, score : -4261.263725382654, Time : 79.415 s
Timestep : 437949, score : -4436.785795159085, Time : 78.787 s
Starting local evaluation
Num Steps: 1000, Num episodes: 0
Num Steps: 2000, Num episodes: 0
Num Steps: 3000, Num episodes: 0
Num Steps: 4000, Num episodes: 0
Num Steps: 5000, Num episodes: 0
Num Steps: 6000, Num episodes: 0
Num Steps: 7000, Num episodes: 0
Num Steps: 8000, Num episodes: 0
Episode complete: 1 | Latest episode metrics: {'price_cost': 1.0090335681974176, 'emmision_cost': 1.0064483396026855}
[-0.23965228] -0.23965227612054527
Average Price Cost: 1.0090335681974176
Average Emmision Cost: 1.0064483396026855
Average of both costs: 1.0077409539000515
Total time taken by agent: 12.741079427069053s
DONE!
