{'agent': 'DQN', 'action_selection': 'softmax', 'seed': 1, 'episodes': 100, 'data_path': 'data/citylearn_challenge_2022_phase_1', 'dry_run': False, 'n_discrete': 9, 'update_target': 32, 'lr': 0.001, 'batch_size': 256, 'adam_epsilon': 0.0001, 'epsilon_final': 0.02, 'run_id': 107}
{'Notes': 'This is a tuning run, executed on a single building.',
 'action_selection': 'softmax',
 'adam_epsilon': 0.0001,
 'env': '<NormalizeObservation<OneHotHour<DiscreteSingle<CityLearnEnv '
        'instance>>>>',
 'final_exploration_rate': 0.02,
 'final_exploration_step': 1000,
 'gamma': 0.99,
 'initial_exploration_rate': 1,
 'learning_rate': 0.001,
 'loss': 'mse',
 'minibatch_size': 256,
 'network': 'MLP(\n'
            '  (layers): Sequential(\n'
            '    (0): Linear(in_features=29, out_features=128, bias=True)\n'
            '    (1): ReLU()\n'
            '    (2): Linear(in_features=128, out_features=128, bias=True)\n'
            '    (3): ReLU()\n'
            '    (4): Linear(in_features=128, out_features=9, bias=True)\n'
            '  )\n'
            ')',
 'replay_buffer_size': 10000,
 'replay_start_size': 256,
 'seed': 1,
 'train_steps': 876000,
 'update_frequency': 1,
 'update_target_frequency': 32,
 'weight_scale': 1.4142135623730951}
Timestep : 8758, score : -4480.825747825933, Time : 29.035 s
Timestep : 17517, score : -3862.7590866926184, Time : 30.683 s
Timestep : 26276, score : -3855.6192428207432, Time : 32.4 s
Timestep : 35035, score : -3979.1088086651, Time : 33.794 s
Timestep : 43794, score : -3761.8443849942705, Time : 32.808 s
Timestep : 52553, score : -4618.550606461969, Time : 32.886 s
Timestep : 61312, score : -4377.397471875069, Time : 32.752 s
Timestep : 70071, score : -3908.4523786604695, Time : 33.072 s
Timestep : 78830, score : -3492.6028393788292, Time : 32.996 s
Timestep : 87589, score : -3104.8102485128475, Time : 33.047 s
Timestep : 96348, score : -3118.307137859083, Time : 33.035 s
Timestep : 105107, score : -2895.1313692676304, Time : 34.331 s
Timestep : 113866, score : -2864.4793031570807, Time : 33.28 s
Timestep : 122625, score : -2634.194046545337, Time : 32.907 s
Timestep : 131384, score : -2604.2593977414363, Time : 31.339 s
Timestep : 140143, score : -2754.402118759652, Time : 30.937 s
Timestep : 148902, score : -2366.870219619974, Time : 31.388 s
Timestep : 157661, score : -2195.438867053512, Time : 32.424 s
Timestep : 166420, score : -2158.8629564580333, Time : 31.485 s
Timestep : 175179, score : -2225.075244249805, Time : 32.936 s
Timestep : 183938, score : -2458.7588597244176, Time : 33.993 s
Timestep : 192697, score : -2470.8160212899384, Time : 32.886 s
Timestep : 201456, score : -2229.6976925571944, Time : 31.042 s
Timestep : 210215, score : -2264.0765386420826, Time : 32.712 s
Timestep : 218974, score : -2407.235630472278, Time : 31.765 s
Timestep : 227733, score : -2205.339154734116, Time : 30.699 s
Timestep : 236492, score : -2214.1867616393283, Time : 30.76 s
Timestep : 245251, score : -2294.4253604616097, Time : 30.762 s
Timestep : 254010, score : -2003.0134382368706, Time : 30.779 s
Timestep : 262769, score : -2087.8010356982995, Time : 30.781 s
Timestep : 271528, score : -1992.0384077413764, Time : 30.814 s
Timestep : 280287, score : -2125.5995689997944, Time : 30.804 s
Timestep : 289046, score : -1992.4923273229851, Time : 32.659 s
Timestep : 297805, score : -2172.0338619375107, Time : 33.104 s
Timestep : 306564, score : -2090.9264103704627, Time : 32.786 s
Timestep : 315323, score : -2106.028423805168, Time : 32.765 s
Timestep : 324082, score : -2122.67684061623, Time : 31.139 s
Timestep : 332841, score : -2215.3834145006986, Time : 31.405 s
Timestep : 341600, score : -2063.4820337062993, Time : 32.826 s
Timestep : 350359, score : -1989.4283569682884, Time : 32.821 s
Timestep : 359118, score : -1839.344650689076, Time : 32.766 s
Timestep : 367877, score : -1886.2972492026456, Time : 33.791 s
Timestep : 376636, score : -2010.907518803724, Time : 33.165 s
Timestep : 385395, score : -1915.5912019425014, Time : 32.811 s
Timestep : 394154, score : -2021.4305821232556, Time : 32.378 s
Timestep : 402913, score : -1989.0663005163951, Time : 32.276 s
Timestep : 411672, score : -1993.4629859375564, Time : 32.063 s
Timestep : 420431, score : -2099.2191944106744, Time : 32.853 s
Timestep : 429190, score : -2139.969910370841, Time : 32.794 s
Timestep : 437949, score : -2113.6140414833644, Time : 32.481 s
Timestep : 446708, score : -2021.5038690995134, Time : 34.114 s
Timestep : 455467, score : -2024.4264886386645, Time : 32.17 s
Timestep : 464226, score : -2102.2792986933055, Time : 30.782 s
Timestep : 472985, score : -1986.1862094584649, Time : 31.03 s
Timestep : 481744, score : -1935.5015980517055, Time : 30.762 s
Timestep : 490503, score : -2062.081565055443, Time : 31.39 s
Timestep : 499262, score : -1946.3644895963662, Time : 31.064 s
Timestep : 508021, score : -1667.7973300710146, Time : 30.836 s
Timestep : 516780, score : -2076.3233669060573, Time : 31.609 s
Timestep : 525539, score : -1951.2598035834526, Time : 34.085 s
Timestep : 534298, score : -1999.958315780459, Time : 32.78 s
Timestep : 543057, score : -2311.831692103253, Time : 30.791 s
Timestep : 551816, score : -2093.5914683663623, Time : 30.693 s
Timestep : 560575, score : -2085.5190328141325, Time : 30.792 s
Timestep : 569334, score : -2001.325629154715, Time : 30.705 s
Timestep : 578093, score : -2085.984179225896, Time : 30.673 s
Timestep : 586852, score : -2170.09509564811, Time : 30.822 s
Timestep : 595611, score : -2232.26036926925, Time : 32.272 s
Timestep : 604370, score : -2176.255826953755, Time : 34.181 s
Timestep : 613129, score : -2027.3789872437046, Time : 32.029 s
Timestep : 621888, score : -1793.567112015051, Time : 31.114 s
Timestep : 630647, score : -2105.4357908858947, Time : 32.634 s
Timestep : 639406, score : -1935.1396671150142, Time : 32.764 s
Timestep : 648165, score : -1917.5435616953328, Time : 32.309 s
Timestep : 656924, score : -1890.2344607125997, Time : 31.817 s
Timestep : 665683, score : -2138.4302588344, Time : 31.12 s
Timestep : 674442, score : -1947.4412067799858, Time : 32.715 s
Timestep : 683201, score : -2011.6930649586284, Time : 32.759 s
Timestep : 691960, score : -1783.4435116364184, Time : 32.29 s
Timestep : 700719, score : -1944.2652302910137, Time : 33.034 s
Timestep : 709478, score : -1811.0015930410736, Time : 34.154 s
Timestep : 718237, score : -1796.6244957387244, Time : 31.893 s
Timestep : 726996, score : -1860.7532492612518, Time : 31.688 s
Timestep : 735755, score : -1957.2071699250228, Time : 33.026 s
Timestep : 744514, score : -1649.627630808769, Time : 32.994 s
Timestep : 753273, score : -1791.962928881825, Time : 33.043 s
Timestep : 762032, score : -1819.6594648630853, Time : 32.847 s
Timestep : 770791, score : -1991.9886836568621, Time : 32.375 s
Timestep : 779550, score : -1850.708777866399, Time : 31.991 s
Timestep : 788309, score : -1784.4794012162165, Time : 33.051 s
Timestep : 797068, score : -1625.8045551253308, Time : 30.361 s
Timestep : 805827, score : -1898.5534717215487, Time : 31.752 s
Timestep : 814586, score : -1928.3715554509254, Time : 32.081 s
Timestep : 823345, score : -1951.4586143059714, Time : 30.29 s
Timestep : 832104, score : -2031.9952317220886, Time : 30.349 s
Timestep : 840863, score : -1949.530703824319, Time : 31.982 s
Timestep : 849622, score : -1921.186044329268, Time : 32.067 s
Timestep : 858381, score : -1719.0459542790923, Time : 30.964 s
Timestep : 867140, score : -1695.8754719550052, Time : 34.002 s
Timestep : 875899, score : -1708.877531145772, Time : 32.669 s
Starting local evaluation
Num Steps: 1000, Num episodes: 0
Num Steps: 2000, Num episodes: 0
Num Steps: 3000, Num episodes: 0
Num Steps: 4000, Num episodes: 0
Num Steps: 5000, Num episodes: 0
Num Steps: 6000, Num episodes: 0
Num Steps: 7000, Num episodes: 0
Num Steps: 8000, Num episodes: 0
Episode complete: 1 | Latest episode metrics: {'price_cost': 0.8757507227988174, 'emmision_cost': 0.9767508437738407}
[-0.136721] -0.13672100464180462
Average Price Cost: 0.8757507227988174
Average Emmision Cost: 0.9767508437738407
Average of both costs: 0.926250783286329
Total time taken by agent: 4.235363566316664s
DONE!
