{'agent': 'DQN', 'action_selection': 'egreedy', 'seed': 1, 'episodes': 100, 'data_path': 'data/citylearn_challenge_2022_phase_1', 'dry_run': False, 'n_discrete': 9, 'update_target': 32, 'lr': 0.07, 'batch_size': 4, 'adam_epsilon': 1e-08, 'epsilon_final': 0.02, 'run_id': 213}
{'Notes': 'This is a tuning run, executed on a single building.',
 'action_selection': 'egreedy',
 'adam_epsilon': 1e-08,
 'env': '<NormalizeObservation<OneHotHour<DiscreteSingle<CityLearnEnv '
        'instance>>>>',
 'final_exploration_rate': 0.02,
 'final_exploration_step': 1000,
 'gamma': 0.99,
 'initial_exploration_rate': 1,
 'learning_rate': 0.07,
 'loss': 'mse',
 'minibatch_size': 4,
 'network': 'MLP(\n'
            '  (layers): Sequential(\n'
            '    (0): Linear(in_features=29, out_features=128, bias=True)\n'
            '    (1): ReLU()\n'
            '    (2): Linear(in_features=128, out_features=128, bias=True)\n'
            '    (3): ReLU()\n'
            '    (4): Linear(in_features=128, out_features=9, bias=True)\n'
            '  )\n'
            ')',
 'replay_buffer_size': 10000,
 'replay_start_size': 4,
 'seed': 1,
 'train_steps': 876000,
 'update_frequency': 1,
 'update_target_frequency': 32,
 'weight_scale': 1.4142135623730951}
Timestep : 8758, score : -5597.263407280116, Time : 20.543 s
Timestep : 17517, score : -4557.508016458974, Time : 20.62 s
Timestep : 26276, score : -4682.335998352064, Time : 20.641 s
Timestep : 35035, score : -4463.533570426429, Time : 20.655 s
Timestep : 43794, score : -4482.289342207281, Time : 20.644 s
Timestep : 52553, score : -4643.4772524381115, Time : 20.645 s
Timestep : 61312, score : -4558.448743651999, Time : 20.649 s
Timestep : 70071, score : -4585.859715807397, Time : 20.676 s
Timestep : 78830, score : -4624.545976621943, Time : 20.681 s
Timestep : 87589, score : -4550.901018309669, Time : 20.837 s
Timestep : 96348, score : -4565.773452625523, Time : 22.077 s
Timestep : 105107, score : -4642.23851795544, Time : 21.831 s
Timestep : 113866, score : -4518.265873174561, Time : 21.677 s
Timestep : 122625, score : -4456.713542805432, Time : 21.696 s
Timestep : 131384, score : -4490.676137843548, Time : 21.633 s
Timestep : 140143, score : -4580.799698128743, Time : 21.671 s
Timestep : 148902, score : -4536.315870936407, Time : 21.362 s
Timestep : 157661, score : -4421.430363329389, Time : 20.671 s
Timestep : 166420, score : -4485.111639950803, Time : 20.664 s
Timestep : 175179, score : -4544.548135887977, Time : 21.217 s
Timestep : 183938, score : -4519.835177357687, Time : 21.313 s
Timestep : 192697, score : -4474.147051181091, Time : 21.324 s
Timestep : 201456, score : -4487.183361838019, Time : 21.557 s
Timestep : 210215, score : -4530.495566225989, Time : 21.716 s
Timestep : 218974, score : -4452.398096585559, Time : 21.307 s
Timestep : 227733, score : -4439.324658302037, Time : 21.312 s
Timestep : 236492, score : -4525.304545135616, Time : 21.196 s
Timestep : 245251, score : -4477.896600583015, Time : 20.944 s
Timestep : 254010, score : -4534.097862623661, Time : 20.983 s
Timestep : 262769, score : -4505.657180481969, Time : 20.915 s
Timestep : 271528, score : -4505.160062847106, Time : 20.867 s
Timestep : 280287, score : -4593.414678085974, Time : 20.877 s
Timestep : 289046, score : -4514.086457240774, Time : 20.851 s
Timestep : 297805, score : -4582.667741111858, Time : 20.847 s
Timestep : 306564, score : -4679.9882906049315, Time : 20.872 s
Timestep : 315323, score : -4686.2803816788655, Time : 21.059 s
Timestep : 324082, score : -4593.193277532613, Time : 21.212 s
Timestep : 332841, score : -4665.041675919114, Time : 20.871 s
Timestep : 341600, score : -4549.08328003998, Time : 21.131 s
Timestep : 350359, score : -4520.408751982643, Time : 20.941 s
Timestep : 359118, score : -4640.018101643684, Time : 20.932 s
Timestep : 367877, score : -4688.844768154231, Time : 20.934 s
Timestep : 376636, score : -4671.263245267124, Time : 20.93 s
Timestep : 385395, score : -4512.5315620818, Time : 20.918 s
Timestep : 394154, score : -4421.897180113738, Time : 20.917 s
Timestep : 402913, score : -4498.00395068471, Time : 20.927 s
Timestep : 411672, score : -4601.41549730234, Time : 20.913 s
Timestep : 420431, score : -4620.363279405428, Time : 20.916 s
Timestep : 429190, score : -4579.557229786209, Time : 21.091 s
Timestep : 437949, score : -4676.815533440822, Time : 21.247 s
Timestep : 446708, score : -4609.200856992422, Time : 20.978 s
Timestep : 455467, score : -4437.1465733204095, Time : 20.935 s
Timestep : 464226, score : -4576.771342737047, Time : 20.916 s
Timestep : 472985, score : -4614.451564074872, Time : 20.929 s
Timestep : 481744, score : -4627.737682871477, Time : 20.916 s
Timestep : 490503, score : -4663.462320982391, Time : 20.918 s
Timestep : 499262, score : -4550.478260861157, Time : 20.918 s
Timestep : 508021, score : -4583.011869934766, Time : 20.919 s
Timestep : 516780, score : -4512.154623327224, Time : 20.91 s
Timestep : 525539, score : -4541.11593721286, Time : 20.916 s
Timestep : 534298, score : -4614.430181864096, Time : 20.906 s
Timestep : 543057, score : -4598.66895848178, Time : 21.078 s
Timestep : 551816, score : -4678.764072994149, Time : 21.239 s
Timestep : 560575, score : -4583.430328338785, Time : 21.012 s
Timestep : 569334, score : -4566.670681470452, Time : 20.917 s
Timestep : 578093, score : -4647.022440619214, Time : 20.923 s
Timestep : 586852, score : -4608.386396484362, Time : 20.936 s
Timestep : 595611, score : -4472.432325459158, Time : 21.203 s
Timestep : 604370, score : -4557.058877707837, Time : 21.032 s
Timestep : 613129, score : -4524.366691490082, Time : 20.964 s
Timestep : 621888, score : -4471.182020300446, Time : 21.563 s
Timestep : 630647, score : -4535.913463742851, Time : 21.491 s
Timestep : 639406, score : -4631.087522582529, Time : 21.669 s
Timestep : 648165, score : -4547.504650505289, Time : 21.678 s
Timestep : 656924, score : -4667.191437492525, Time : 21.879 s
Timestep : 665683, score : -4588.229487782723, Time : 22.067 s
Timestep : 674442, score : -4602.005255134223, Time : 21.705 s
Timestep : 683201, score : -4508.0915661374165, Time : 21.535 s
Timestep : 691960, score : -4645.817451283714, Time : 21.576 s
Timestep : 700719, score : -4704.495655167295, Time : 21.432 s
Timestep : 709478, score : -4783.919258591166, Time : 21.227 s
Timestep : 718237, score : -4531.468938780163, Time : 20.662 s
Timestep : 726996, score : -4544.578539611219, Time : 20.561 s
Timestep : 735755, score : -4497.641700110777, Time : 20.486 s
Timestep : 744514, score : -4496.80150865615, Time : 20.47 s
Timestep : 753273, score : -4519.98041532599, Time : 20.479 s
Timestep : 762032, score : -4600.97688171445, Time : 20.451 s
Timestep : 770791, score : -4562.584094881458, Time : 20.623 s
Timestep : 779550, score : -4579.6332418149395, Time : 20.758 s
Timestep : 788309, score : -4442.101031783415, Time : 20.515 s
Timestep : 797068, score : -4455.229906589171, Time : 20.457 s
Timestep : 805827, score : -4456.691326030908, Time : 20.467 s
Timestep : 814586, score : -4513.447531103651, Time : 20.908 s
Timestep : 823345, score : -4521.780189188459, Time : 21.106 s
Timestep : 832104, score : -4535.042511057254, Time : 21.081 s
Timestep : 840863, score : -4650.961995815305, Time : 21.099 s
Timestep : 849622, score : -4615.9096921625605, Time : 20.935 s
Timestep : 858381, score : -4581.7065697704675, Time : 21.069 s
Timestep : 867140, score : -4571.544933156605, Time : 21.066 s
Timestep : 875899, score : -4538.73054175268, Time : 21.089 s
Starting local evaluation
Num Steps: 1000, Num episodes: 0
Num Steps: 2000, Num episodes: 0
Num Steps: 3000, Num episodes: 0
Num Steps: 4000, Num episodes: 0
Num Steps: 5000, Num episodes: 0
Num Steps: 6000, Num episodes: 0
Num Steps: 7000, Num episodes: 0
Num Steps: 8000, Num episodes: 0
Episode complete: 1 | Latest episode metrics: {'price_cost': 1.0139849346361776, 'emmision_cost': 1.015830320542865}
[-0.24835622] -0.2483562226061071
Average Price Cost: 1.0139849346361776
Average Emmision Cost: 1.015830320542865
Average of both costs: 1.0149076275895212
Total time taken by agent: 2.4756118031364167s
DONE!
