{'agent': 'DQN', 'action_selection': 'softmax', 'seed': 1, 'episodes': 100, 'data_path': 'data/citylearn_challenge_2022_phase_1', 'dry_run': False, 'n_discrete': 9, 'update_target': 16, 'lr': 0.0007, 'batch_size': 16, 'adam_epsilon': 1e-09, 'epsilon_final': 0.02, 'run_id': 195}
{'Notes': 'This is a tuning run, executed on a single building.',
 'action_selection': 'softmax',
 'adam_epsilon': 1e-09,
 'env': '<NormalizeObservation<OneHotHour<DiscreteSingle<CityLearnEnv '
        'instance>>>>',
 'final_exploration_rate': 0.02,
 'final_exploration_step': 1000,
 'gamma': 0.99,
 'initial_exploration_rate': 1,
 'learning_rate': 0.0007,
 'loss': 'mse',
 'minibatch_size': 16,
 'network': 'MLP(\n'
            '  (layers): Sequential(\n'
            '    (0): Linear(in_features=29, out_features=128, bias=True)\n'
            '    (1): ReLU()\n'
            '    (2): Linear(in_features=128, out_features=128, bias=True)\n'
            '    (3): ReLU()\n'
            '    (4): Linear(in_features=128, out_features=9, bias=True)\n'
            '  )\n'
            ')',
 'replay_buffer_size': 10000,
 'replay_start_size': 16,
 'seed': 1,
 'train_steps': 876000,
 'update_frequency': 1,
 'update_target_frequency': 16,
 'weight_scale': 1.4142135623730951}
Timestep : 8758, score : -5327.2131780877535, Time : 22.177 s
Timestep : 17517, score : -5818.3929139386455, Time : 22.399 s
Timestep : 26276, score : -5000.474038497312, Time : 22.661 s
Timestep : 35035, score : -4069.1233497309295, Time : 23.127 s
Timestep : 43794, score : -3666.1039467399532, Time : 23.155 s
Timestep : 52553, score : -3396.515602808475, Time : 23.084 s
Timestep : 61312, score : -3443.698837344855, Time : 22.71 s
Timestep : 70071, score : -3771.9205204634054, Time : 23.176 s
Timestep : 78830, score : -3643.8853466593428, Time : 23.172 s
Timestep : 87589, score : -3500.311210715401, Time : 22.721 s
Timestep : 96348, score : -3574.6115136942535, Time : 22.92 s
Timestep : 105107, score : -3975.7821071096987, Time : 23.394 s
Timestep : 113866, score : -3846.1996417547853, Time : 23.405 s
Timestep : 122625, score : -3474.4743622566166, Time : 23.403 s
Timestep : 131384, score : -3370.3926317171426, Time : 23.046 s
Timestep : 140143, score : -3487.6095812085114, Time : 22.912 s
Timestep : 148902, score : -3451.0945111518668, Time : 22.718 s
Timestep : 157661, score : -3019.498166219011, Time : 22.714 s
Timestep : 166420, score : -3230.4486755227263, Time : 22.979 s
Timestep : 175179, score : -2840.154596566106, Time : 23.117 s
Timestep : 183938, score : -2699.1252204494376, Time : 23.119 s
Timestep : 192697, score : -2864.4614673343312, Time : 22.922 s
Timestep : 201456, score : -2838.600337808748, Time : 22.463 s
Timestep : 210215, score : -2997.461624645657, Time : 22.496 s
Timestep : 218974, score : -2913.2971408994345, Time : 23.081 s
Timestep : 227733, score : -2515.971948678751, Time : 23.029 s
Timestep : 236492, score : -2777.4662357354828, Time : 22.432 s
Timestep : 245251, score : -2761.748952159167, Time : 22.465 s
Timestep : 254010, score : -2384.750902650485, Time : 22.822 s
Timestep : 262769, score : -2762.300190971786, Time : 23.087 s
Timestep : 271528, score : -2637.974749083427, Time : 23.085 s
Timestep : 280287, score : -2049.3589719912998, Time : 23.013 s
Timestep : 289046, score : -2288.301098017444, Time : 22.625 s
Timestep : 297805, score : -2297.80789325948, Time : 22.544 s
Timestep : 306564, score : -2380.6306498309423, Time : 22.566 s
Timestep : 315323, score : -2435.929776957215, Time : 23.185 s
Timestep : 324082, score : -2521.2833426614816, Time : 23.324 s
Timestep : 332841, score : -2512.119070271292, Time : 23.248 s
Timestep : 341600, score : -2444.057137237207, Time : 23.359 s
Timestep : 350359, score : -2795.8722797169175, Time : 23.394 s
Timestep : 359118, score : -2512.681606918064, Time : 22.765 s
Timestep : 367877, score : -2357.912343395321, Time : 22.511 s
Timestep : 376636, score : -2912.946288270672, Time : 22.648 s
Timestep : 385395, score : -3153.637168307425, Time : 22.981 s
Timestep : 394154, score : -2268.3773366785463, Time : 22.425 s
Timestep : 402913, score : -2590.2116567759804, Time : 22.517 s
Timestep : 411672, score : -2306.076454424954, Time : 22.953 s
Timestep : 420431, score : -2030.576985267253, Time : 23.277 s
Timestep : 429190, score : -2394.555349479808, Time : 23.281 s
Timestep : 437949, score : -2524.5954252905794, Time : 22.87 s
Timestep : 446708, score : -2179.8513869901944, Time : 23.18 s
Timestep : 455467, score : -2388.7206350539636, Time : 22.731 s
Timestep : 464226, score : -2460.4933189902513, Time : 23.213 s
Timestep : 472985, score : -2352.486762407847, Time : 23.22 s
Timestep : 481744, score : -2650.866537412003, Time : 23.225 s
Timestep : 490503, score : -2301.716259296547, Time : 23.172 s
Timestep : 499262, score : -2547.7166213313176, Time : 23.221 s
Timestep : 508021, score : -2206.5029720355233, Time : 23.128 s
Timestep : 516780, score : -1720.2708499250293, Time : 23.031 s
Timestep : 525539, score : -1692.7655208477809, Time : 23.032 s
Timestep : 534298, score : -1843.3692488464585, Time : 23.082 s
Timestep : 543057, score : -1890.1231369815796, Time : 23.052 s
Timestep : 551816, score : -1840.987324726084, Time : 23.06 s
Timestep : 560575, score : -2047.1944016677153, Time : 23.07 s
Timestep : 569334, score : -2183.4496358001197, Time : 23.139 s
Timestep : 578093, score : -2136.301247953408, Time : 23.094 s
Timestep : 586852, score : -2267.0248804800503, Time : 23.177 s
Timestep : 595611, score : -2157.852457148867, Time : 22.706 s
Timestep : 604370, score : -2269.680006790586, Time : 22.57 s
Timestep : 613129, score : -2396.0395665241667, Time : 23.172 s
Timestep : 621888, score : -2325.4718788023747, Time : 23.203 s
Timestep : 630647, score : -2610.920577778117, Time : 23.208 s
Timestep : 639406, score : -2329.4471419037145, Time : 22.868 s
Timestep : 648165, score : -2481.8290637241153, Time : 22.557 s
Timestep : 656924, score : -2177.4777045243245, Time : 22.776 s
Timestep : 665683, score : -1803.4044394466473, Time : 22.763 s
Timestep : 674442, score : -1899.77636710371, Time : 23.14 s
Timestep : 683201, score : -2036.9434843274357, Time : 22.979 s
Timestep : 691960, score : -1958.0503072884458, Time : 23.119 s
Timestep : 700719, score : -2077.207378572697, Time : 23.151 s
Timestep : 709478, score : -2343.6549144491146, Time : 23.185 s
Timestep : 718237, score : -2341.4754760190262, Time : 23.177 s
Timestep : 726996, score : -2231.1470256748435, Time : 23.168 s
Timestep : 735755, score : -1981.2508561095747, Time : 23.161 s
Timestep : 744514, score : -1914.349991090392, Time : 23.122 s
Timestep : 753273, score : -1691.1115437045373, Time : 23.129 s
Timestep : 762032, score : -1873.121841262473, Time : 23.117 s
Timestep : 770791, score : -1740.333030945243, Time : 23.084 s
Timestep : 779550, score : -2089.736485906673, Time : 23.167 s
Timestep : 788309, score : -1941.516461901163, Time : 23.091 s
Timestep : 797068, score : -1892.3556167673378, Time : 23.121 s
Timestep : 805827, score : -1805.9751674223517, Time : 23.095 s
Timestep : 814586, score : -1914.1792236694891, Time : 22.529 s
Timestep : 823345, score : -2239.060816440142, Time : 22.492 s
Timestep : 832104, score : -2238.17089152502, Time : 22.466 s
Timestep : 840863, score : -2392.9452741392015, Time : 22.536 s
Timestep : 849622, score : -1986.4042547615536, Time : 22.63 s
Timestep : 858381, score : -2097.341046444264, Time : 23.102 s
Timestep : 867140, score : -2142.600159614849, Time : 23.091 s
Timestep : 875899, score : -2197.215194189819, Time : 23.117 s
Starting local evaluation
Num Steps: 1000, Num episodes: 0
Num Steps: 2000, Num episodes: 0
Num Steps: 3000, Num episodes: 0
Num Steps: 4000, Num episodes: 0
Num Steps: 5000, Num episodes: 0
Num Steps: 6000, Num episodes: 0
Num Steps: 7000, Num episodes: 0
Num Steps: 8000, Num episodes: 0
Episode complete: 1 | Latest episode metrics: {'price_cost': 0.8678916805766582, 'emmision_cost': 0.9920682280472102}
[-0.14071312] -0.14071312362654376
Average Price Cost: 0.8678916805766582
Average Emmision Cost: 0.9920682280472102
Average of both costs: 0.9299799543119343
Total time taken by agent: 4.121248298324645s
DONE!
