{'agent': 'DQN', 'action_selection': 'egreedy', 'seed': 1, 'episodes': 100, 'data_path': 'data/citylearn_challenge_2022_phase_1', 'dry_run': False, 'n_discrete': 9, 'update_target': 8, 'lr': 7e-05, 'batch_size': 8, 'adam_epsilon': 1e-07, 'epsilon_final': 0.04, 'run_id': 202}
{'Notes': 'This is a tuning run, executed on a single building.',
 'action_selection': 'egreedy',
 'adam_epsilon': 1e-07,
 'env': '<NormalizeObservation<OneHotHour<DiscreteSingle<CityLearnEnv '
        'instance>>>>',
 'final_exploration_rate': 0.02,
 'final_exploration_step': 1000,
 'gamma': 0.99,
 'initial_exploration_rate': 1,
 'learning_rate': 7e-05,
 'loss': 'mse',
 'minibatch_size': 8,
 'network': 'MLP(\n'
            '  (layers): Sequential(\n'
            '    (0): Linear(in_features=29, out_features=128, bias=True)\n'
            '    (1): ReLU()\n'
            '    (2): Linear(in_features=128, out_features=128, bias=True)\n'
            '    (3): ReLU()\n'
            '    (4): Linear(in_features=128, out_features=9, bias=True)\n'
            '  )\n'
            ')',
 'replay_buffer_size': 10000,
 'replay_start_size': 8,
 'seed': 1,
 'train_steps': 876000,
 'update_frequency': 1,
 'update_target_frequency': 8,
 'weight_scale': 1.4142135623730951}
Timestep : 8758, score : -5600.396713519891, Time : 19.297 s
Timestep : 17517, score : -5382.168269931717, Time : 19.477 s
Timestep : 26276, score : -4597.728356835461, Time : 18.956 s
Timestep : 35035, score : -3673.981030321913, Time : 18.971 s
Timestep : 43794, score : -3041.282445591787, Time : 19.36 s
Timestep : 52553, score : -3309.328628344374, Time : 19.373 s
Timestep : 61312, score : -3126.922293640935, Time : 19.061 s
Timestep : 70071, score : -2682.4856356022938, Time : 19.069 s
Timestep : 78830, score : -2584.0273527568497, Time : 19.19 s
Timestep : 87589, score : -2488.0281948810007, Time : 19.115 s
Timestep : 96348, score : -2142.047703807504, Time : 19.296 s
Timestep : 105107, score : -1872.3389059219335, Time : 19.056 s
Timestep : 113866, score : -1593.1661649279122, Time : 19.02 s
Timestep : 122625, score : -1425.5063867990684, Time : 19.065 s
Timestep : 131384, score : -1289.165271630307, Time : 19.112 s
Timestep : 140143, score : -1320.023930197145, Time : 19.022 s
Timestep : 148902, score : -1445.4842389868863, Time : 19.282 s
Timestep : 157661, score : -1157.567212691909, Time : 19.567 s
Timestep : 166420, score : -1520.6500708649692, Time : 19.673 s
Timestep : 175179, score : -1582.4439881586295, Time : 19.68 s
Timestep : 183938, score : -1367.9161290007469, Time : 19.659 s
Timestep : 192697, score : -1520.6502139149525, Time : 19.4 s
Timestep : 201456, score : -1460.9687262344232, Time : 19.509 s
Timestep : 210215, score : -1357.927928776393, Time : 19.641 s
Timestep : 218974, score : -1375.9798960571643, Time : 19.434 s
Timestep : 227733, score : -1483.9292846569151, Time : 19.32 s
Timestep : 236492, score : -1527.7800319823727, Time : 19.474 s
Timestep : 245251, score : -1431.6165592024627, Time : 19.162 s
Timestep : 254010, score : -1514.0473467027332, Time : 19.101 s
Timestep : 262769, score : -1429.40341165656, Time : 19.12 s
Timestep : 271528, score : -1639.6424889629998, Time : 19.133 s
Timestep : 280287, score : -1370.6158362389833, Time : 19.486 s
Timestep : 289046, score : -1326.4036119245866, Time : 19.864 s
Timestep : 297805, score : -1339.4937135626387, Time : 19.64 s
Timestep : 306564, score : -1349.8593890376214, Time : 19.376 s
Timestep : 315323, score : -1429.602145197132, Time : 19.405 s
Timestep : 324082, score : -1318.0122837371018, Time : 19.696 s
Timestep : 332841, score : -1205.6545193488273, Time : 19.798 s
Timestep : 341600, score : -1504.6995901514601, Time : 19.812 s
Timestep : 350359, score : -1562.8615118621674, Time : 19.873 s
Timestep : 359118, score : -1291.4158319749695, Time : 19.996 s
Timestep : 367877, score : -1444.3873417266004, Time : 19.895 s
Timestep : 376636, score : -1243.6147719247092, Time : 19.919 s
Timestep : 385395, score : -1339.4165863732633, Time : 19.763 s
Timestep : 394154, score : -1296.0390521211375, Time : 20.334 s
Timestep : 402913, score : -1437.8797449029807, Time : 20.766 s
Timestep : 411672, score : -1394.1338456229132, Time : 20.604 s
Timestep : 420431, score : -1547.3090178327693, Time : 20.879 s
Timestep : 429190, score : -1309.8027598524568, Time : 20.744 s
Timestep : 437949, score : -1304.5516455418256, Time : 20.211 s
Timestep : 446708, score : -1290.0328974930162, Time : 20.001 s
Timestep : 455467, score : -1161.6517197273497, Time : 20.471 s
Timestep : 464226, score : -1301.9921847996593, Time : 20.253 s
Timestep : 472985, score : -1227.8766895870504, Time : 20.209 s
Timestep : 481744, score : -1422.0606299550564, Time : 20.503 s
Timestep : 490503, score : -1225.864133761992, Time : 20.212 s
Timestep : 499262, score : -1295.9196604308963, Time : 20.506 s
Timestep : 508021, score : -1349.5364428710018, Time : 20.109 s
Timestep : 516780, score : -1175.49714172518, Time : 19.854 s
Timestep : 525539, score : -1429.7326514984306, Time : 19.905 s
Timestep : 534298, score : -1213.6567403648805, Time : 19.856 s
Timestep : 543057, score : -1197.6807394253847, Time : 19.867 s
Timestep : 551816, score : -1376.6895950080652, Time : 19.818 s
Timestep : 560575, score : -1057.984191680589, Time : 19.839 s
Timestep : 569334, score : -1360.6520574362075, Time : 19.797 s
Timestep : 578093, score : -1281.8562164071773, Time : 19.728 s
Timestep : 586852, score : -1374.8118962173176, Time : 19.801 s
Timestep : 595611, score : -1296.2854237978609, Time : 19.645 s
Timestep : 604370, score : -1328.717189877716, Time : 19.756 s
Timestep : 613129, score : -1240.0751386115153, Time : 20.715 s
Timestep : 621888, score : -1193.6965465297908, Time : 20.845 s
Timestep : 630647, score : -1140.84380494387, Time : 20.827 s
Timestep : 639406, score : -1107.3933333196037, Time : 20.647 s
Timestep : 648165, score : -1113.5028925000515, Time : 20.798 s
Timestep : 656924, score : -1192.80058815729, Time : 20.122 s
Timestep : 665683, score : -1242.0060762602661, Time : 19.504 s
Timestep : 674442, score : -1122.8045039087592, Time : 19.397 s
Timestep : 683201, score : -1304.148995689844, Time : 19.376 s
Timestep : 691960, score : -1190.2254212571133, Time : 19.745 s
Timestep : 700719, score : -1117.628455021215, Time : 19.82 s
Timestep : 709478, score : -1054.597698290163, Time : 19.779 s
Timestep : 718237, score : -892.8576971839939, Time : 19.797 s
Timestep : 726996, score : -1213.3814113999542, Time : 19.734 s
Timestep : 735755, score : -1268.932705614512, Time : 19.373 s
Timestep : 744514, score : -959.9005864060309, Time : 19.769 s
Timestep : 753273, score : -1000.0592371521343, Time : 20.013 s
Timestep : 762032, score : -1091.5336067904718, Time : 19.822 s
Timestep : 770791, score : -1176.0027081168082, Time : 19.872 s
Timestep : 779550, score : -1009.292715280113, Time : 19.827 s
Timestep : 788309, score : -1137.8383916677267, Time : 19.741 s
Timestep : 797068, score : -953.6037265477062, Time : 20.139 s
Timestep : 805827, score : -1006.8211246782739, Time : 20.206 s
Timestep : 814586, score : -1081.9464936456934, Time : 20.802 s
Timestep : 823345, score : -1332.9611589245324, Time : 20.465 s
Timestep : 832104, score : -1158.3382613808208, Time : 20.072 s
Timestep : 840863, score : -1258.646970794798, Time : 20.514 s
Timestep : 849622, score : -1118.130152425525, Time : 20.082 s
Timestep : 858381, score : -1089.9929791952309, Time : 19.684 s
Timestep : 867140, score : -1113.3709556560789, Time : 19.94 s
Timestep : 875899, score : -1113.9991831210937, Time : 19.544 s
Starting local evaluation
Num Steps: 1000, Num episodes: 0
Num Steps: 2000, Num episodes: 0
Num Steps: 3000, Num episodes: 0
Num Steps: 4000, Num episodes: 0
Num Steps: 5000, Num episodes: 0
Num Steps: 6000, Num episodes: 0
Num Steps: 7000, Num episodes: 0
Num Steps: 8000, Num episodes: 0
Episode complete: 1 | Latest episode metrics: {'price_cost': 0.8013122957295602, 'emmision_cost': 0.9277912864783496}
[-0.0601505] -0.060150503522305866
Average Price Cost: 0.8013122957295602
Average Emmision Cost: 0.9277912864783496
Average of both costs: 0.8645517911039549
Total time taken by agent: 2.215817552059889s
DONE!
