{'agent': 'DQN', 'action_selection': 'egreedy', 'seed': 1, 'episodes': 100, 'data_path': 'data/citylearn_challenge_2022_phase_1', 'dry_run': False, 'n_discrete': 9, 'update_target': 16, 'lr': 0.1, 'batch_size': 4, 'adam_epsilon': 1e-10, 'epsilon_final': 0.06, 'run_id': 398}
{'Notes': 'This is a tuning run, executed on a single building.',
 'action_selection': 'egreedy',
 'adam_epsilon': 1e-10,
 'env': '<NormalizeObservation<OneHotHour<DiscreteSingle<CityLearnEnv '
        'instance>>>>',
 'final_exploration_rate': 0.02,
 'final_exploration_step': 1000,
 'gamma': 0.99,
 'initial_exploration_rate': 1,
 'learning_rate': 0.1,
 'loss': 'mse',
 'minibatch_size': 4,
 'network': 'MLP(\n'
            '  (layers): Sequential(\n'
            '    (0): Linear(in_features=29, out_features=128, bias=True)\n'
            '    (1): ReLU()\n'
            '    (2): Linear(in_features=128, out_features=128, bias=True)\n'
            '    (3): ReLU()\n'
            '    (4): Linear(in_features=128, out_features=9, bias=True)\n'
            '  )\n'
            ')',
 'replay_buffer_size': 10000,
 'replay_start_size': 4,
 'seed': 1,
 'train_steps': 876000,
 'update_frequency': 1,
 'update_target_frequency': 16,
 'weight_scale': 1.4142135623730951}
Timestep : 8758, score : -5576.186936629383, Time : 19.908 s
Timestep : 17517, score : -4526.9102665123355, Time : 19.946 s
Timestep : 26276, score : -4702.184727111278, Time : 19.404 s
Timestep : 35035, score : -4521.126520334539, Time : 22.685 s
Timestep : 43794, score : -4520.588245342864, Time : 21.171 s
Timestep : 52553, score : -4631.003919622817, Time : 19.25 s
Timestep : 61312, score : -4509.87528976184, Time : 19.437 s
Timestep : 70071, score : -4592.090179795778, Time : 19.388 s
Timestep : 78830, score : -4598.856949644542, Time : 19.356 s
Timestep : 87589, score : -4555.201342935936, Time : 19.267 s
Timestep : 96348, score : -4639.788379321835, Time : 19.682 s
Timestep : 105107, score : -4620.8402776080475, Time : 19.782 s
Timestep : 113866, score : -4593.288763848512, Time : 20.01 s
Timestep : 122625, score : -4510.934204966252, Time : 20.033 s
Timestep : 131384, score : -4462.053560980974, Time : 19.932 s
Timestep : 140143, score : -4554.825933297543, Time : 19.736 s
Timestep : 148902, score : -4498.228376904881, Time : 19.184 s
Timestep : 157661, score : -4646.5192383303365, Time : 21.984 s
Timestep : 166420, score : -4697.422475230211, Time : 21.577 s
Timestep : 175179, score : -4573.910780345235, Time : 19.231 s
Timestep : 183938, score : -4600.945437551854, Time : 19.751 s
Timestep : 192697, score : -4515.556549594185, Time : 19.403 s
Timestep : 201456, score : -4593.712162134616, Time : 19.035 s
Timestep : 210215, score : -4546.509101944423, Time : 19.3 s
Timestep : 218974, score : -4476.587037622376, Time : 19.28 s
Timestep : 227733, score : -4680.4201667787565, Time : 19.284 s
Timestep : 236492, score : -4524.710029901384, Time : 19.225 s
Timestep : 245251, score : -4543.693858155428, Time : 18.919 s
Timestep : 254010, score : -4695.033281300202, Time : 19.307 s
Timestep : 262769, score : -4547.675775462209, Time : 19.281 s
Timestep : 271528, score : -4490.037821946113, Time : 19.29 s
Timestep : 280287, score : -4613.692142905114, Time : 19.197 s
Timestep : 289046, score : -4509.332531731023, Time : 19.363 s
Timestep : 297805, score : -4518.480623136653, Time : 19.638 s
Timestep : 306564, score : -4621.691138781753, Time : 19.265 s
Timestep : 315323, score : -4567.332518978423, Time : 20.008 s
Timestep : 324082, score : -4559.375365492335, Time : 19.858 s
Timestep : 332841, score : -4631.6311199529155, Time : 22.575 s
Timestep : 341600, score : -4581.913495109795, Time : 23.266 s
Timestep : 350359, score : -4508.178675690113, Time : 19.628 s
Timestep : 359118, score : -4613.0542065966, Time : 19.933 s
Timestep : 367877, score : -4624.63276554356, Time : 19.471 s
Timestep : 376636, score : -4674.616580222646, Time : 19.927 s
Timestep : 385395, score : -4534.325584521779, Time : 19.943 s
Timestep : 394154, score : -4504.595451184927, Time : 19.919 s
Timestep : 402913, score : -4638.619811649813, Time : 19.946 s
Timestep : 411672, score : -4636.415837395267, Time : 19.583 s
Timestep : 420431, score : -4613.423128354392, Time : 19.469 s
Timestep : 429190, score : -4567.90271996244, Time : 19.179 s
Timestep : 437949, score : -4756.845539627044, Time : 19.535 s
Timestep : 446708, score : -4692.101637416898, Time : 19.892 s
Timestep : 455467, score : -4512.941655611066, Time : 22.734 s
Timestep : 464226, score : -4653.142025219189, Time : 22.721 s
Timestep : 472985, score : -4774.745717799669, Time : 19.344 s
Timestep : 481744, score : -4580.351515130053, Time : 19.547 s
Timestep : 490503, score : -4675.796425437467, Time : 19.38 s
Timestep : 499262, score : -4609.85963640493, Time : 19.302 s
Timestep : 508021, score : -4627.17322719263, Time : 19.926 s
Timestep : 516780, score : -4451.076615008904, Time : 19.944 s
Timestep : 525539, score : -4638.730421407527, Time : 19.93 s
Timestep : 534298, score : -4564.5969409238605, Time : 19.627 s
Timestep : 543057, score : -4563.511853099248, Time : 19.469 s
Timestep : 551816, score : -4479.959052213424, Time : 19.933 s
Timestep : 560575, score : -4534.894788195757, Time : 19.498 s
Timestep : 569334, score : -4506.099786199076, Time : 19.382 s
Timestep : 578093, score : -4802.672472324717, Time : 22.877 s
Timestep : 586852, score : -4543.510899907356, Time : 21.889 s
Timestep : 595611, score : -4519.669231050721, Time : 19.814 s
Timestep : 604370, score : -4558.5310176147905, Time : 20.063 s
Timestep : 613129, score : -4511.355603696225, Time : 20.006 s
Timestep : 621888, score : -4502.800211658148, Time : 19.659 s
Timestep : 630647, score : -4633.584389025666, Time : 19.868 s
Timestep : 639406, score : -4627.940801428544, Time : 19.313 s
Timestep : 648165, score : -4642.532843367575, Time : 19.63 s
Timestep : 656924, score : -4636.545441050461, Time : 20.008 s
Timestep : 665683, score : -4468.622130571777, Time : 19.599 s
Timestep : 674442, score : -4622.637951622164, Time : 19.437 s
Timestep : 683201, score : -4644.189480785659, Time : 19.262 s
Timestep : 691960, score : -4649.070449592924, Time : 19.275 s
Timestep : 700719, score : -4693.870746455534, Time : 24.041 s
Timestep : 709478, score : -4624.827834467782, Time : 21.095 s
Timestep : 718237, score : -4567.823701803951, Time : 19.572 s
Timestep : 726996, score : -4680.817124638037, Time : 19.38 s
Timestep : 735755, score : -4504.592700749083, Time : 19.37 s
Timestep : 744514, score : -4486.790426543361, Time : 19.698 s
Timestep : 753273, score : -4559.761176079657, Time : 19.506 s
Timestep : 762032, score : -4649.166316851421, Time : 19.225 s
Timestep : 770791, score : -4454.213036656758, Time : 19.228 s
Timestep : 779550, score : -4673.9539292517875, Time : 19.22 s
Timestep : 788309, score : -4549.871439933224, Time : 19.239 s
Timestep : 797068, score : -4499.110075428878, Time : 19.233 s
Timestep : 805827, score : -4457.609630627005, Time : 19.243 s
Timestep : 814586, score : -4546.114175008173, Time : 19.24 s
Timestep : 823345, score : -4477.928136730829, Time : 23.719 s
Timestep : 832104, score : -4514.755089179875, Time : 21.399 s
Timestep : 840863, score : -4679.85165311434, Time : 19.306 s
Timestep : 849622, score : -4547.035538567143, Time : 19.534 s
Timestep : 858381, score : -4592.439574109507, Time : 19.569 s
Timestep : 867140, score : -4636.854605864297, Time : 19.211 s
Timestep : 875899, score : -4573.538386375556, Time : 19.41 s
Starting local evaluation
Num Steps: 1000, Num episodes: 0
Num Steps: 2000, Num episodes: 0
Num Steps: 3000, Num episodes: 0
Num Steps: 4000, Num episodes: 0
Num Steps: 5000, Num episodes: 0
Num Steps: 6000, Num episodes: 0
Num Steps: 7000, Num episodes: 0
Num Steps: 8000, Num episodes: 0
Episode complete: 1 | Latest episode metrics: {'price_cost': 1.0111390700999103, 'emmision_cost': 1.011087391758684}
[-0.24373637] -0.2437363717358987
Average Price Cost: 1.0111390700999103
Average Emmision Cost: 1.011087391758684
Average of both costs: 1.0111132309292972
Total time taken by agent: 2.2014662043657154s
DONE!
