{'agent': 'DQN', 'action_selection': 'softmax', 'seed': 1, 'episodes': 100, 'data_path': 'data/citylearn_challenge_2022_phase_1', 'dry_run': False, 'n_discrete': 9, 'update_target': 32, 'lr': 0.01, 'batch_size': 2, 'adam_epsilon': 0.0001, 'epsilon_final': 0.02, 'run_id': 40}
{'Notes': 'This is a tuning run, executed on a single building.',
 'action_selection': 'softmax',
 'adam_epsilon': 0.0001,
 'env': '<NormalizeObservation<OneHotHour<DiscreteSingle<CityLearnEnv '
        'instance>>>>',
 'final_exploration_rate': 0.02,
 'final_exploration_step': 1000,
 'gamma': 0.99,
 'initial_exploration_rate': 1,
 'learning_rate': 0.01,
 'loss': 'mse',
 'minibatch_size': 2,
 'network': 'MLP(\n'
            '  (layers): Sequential(\n'
            '    (0): Linear(in_features=29, out_features=128, bias=True)\n'
            '    (1): ReLU()\n'
            '    (2): Linear(in_features=128, out_features=128, bias=True)\n'
            '    (3): ReLU()\n'
            '    (4): Linear(in_features=128, out_features=9, bias=True)\n'
            '  )\n'
            ')',
 'replay_buffer_size': 10000,
 'replay_start_size': 2,
 'seed': 1,
 'train_steps': 876000,
 'update_frequency': 1,
 'update_target_frequency': 32,
 'weight_scale': 1.4142135623730951}
Timestep : 8758, score : -6163.135926541669, Time : 26.64 s
Timestep : 17517, score : -5518.964815364023, Time : 26.363 s
Timestep : 26276, score : -5754.966579540371, Time : 26.738 s
Timestep : 35035, score : -5718.478199127043, Time : 26.296 s
Timestep : 43794, score : -5531.6748710408865, Time : 26.21 s
Timestep : 52553, score : -6054.252501952418, Time : 26.178 s
Timestep : 61312, score : -5988.432312496545, Time : 26.786 s
Timestep : 70071, score : -5800.916493921512, Time : 27.346 s
Timestep : 78830, score : -5770.520491171192, Time : 26.383 s
Timestep : 87589, score : -5978.758162906306, Time : 26.291 s
Timestep : 96348, score : -5520.384368625382, Time : 26.145 s
Timestep : 105107, score : -5995.8749253073765, Time : 26.448 s
Timestep : 113866, score : -5571.268023713754, Time : 27.081 s
Timestep : 122625, score : -6065.901692123647, Time : 27.062 s
Timestep : 131384, score : -6044.953149826179, Time : 26.265 s
Timestep : 140143, score : -5982.977909645444, Time : 26.201 s
Timestep : 148902, score : -6094.481262821966, Time : 26.174 s
Timestep : 157661, score : -5850.467704409995, Time : 26.575 s
Timestep : 166420, score : -6074.5642484407, Time : 27.082 s
Timestep : 175179, score : -5923.741295573374, Time : 26.698 s
Timestep : 183938, score : -6162.235322529363, Time : 26.199 s
Timestep : 192697, score : -6089.650841761177, Time : 26.265 s
Timestep : 201456, score : -6268.574093812524, Time : 26.315 s
Timestep : 210215, score : -5792.303601809108, Time : 26.84 s
Timestep : 218974, score : -6291.516591089152, Time : 27.173 s
Timestep : 227733, score : -6052.234130379191, Time : 26.48 s
Timestep : 236492, score : -6209.141439104758, Time : 26.238 s
Timestep : 245251, score : -6113.691697827962, Time : 26.311 s
Timestep : 254010, score : -6409.946388998913, Time : 26.518 s
Timestep : 262769, score : -6338.569947137337, Time : 27.07 s
Timestep : 271528, score : -6524.890267161565, Time : 26.92 s
Timestep : 280287, score : -6021.161420668199, Time : 26.362 s
Timestep : 289046, score : -6686.280544211419, Time : 26.341 s
Timestep : 297805, score : -6928.087250043842, Time : 26.532 s
Timestep : 306564, score : -6630.778327402615, Time : 26.66 s
Timestep : 315323, score : -6284.076390811504, Time : 26.074 s
Timestep : 324082, score : -5818.547019756661, Time : 21.116 s
Timestep : 332841, score : -6151.856567615672, Time : 21.924 s
Timestep : 341600, score : -6034.221959999093, Time : 24.025 s
Timestep : 350359, score : -6729.886657634124, Time : 26.254 s
Timestep : 359118, score : -6382.008184395105, Time : 26.684 s
Timestep : 367877, score : -6463.968066906622, Time : 27.035 s
Timestep : 376636, score : -6455.66786312202, Time : 26.9 s
Timestep : 385395, score : -6753.6684158576245, Time : 24.312 s
Timestep : 394154, score : -6622.172253368728, Time : 25.516 s
Timestep : 402913, score : -6527.013587416994, Time : 22.299 s
Timestep : 411672, score : -6613.307480453586, Time : 23.667 s
Timestep : 420431, score : -6395.331304295716, Time : 27.194 s
Timestep : 429190, score : -6697.827280235433, Time : 26.91 s
Timestep : 437949, score : -6430.141826474486, Time : 26.358 s
Timestep : 446708, score : -6161.469316712653, Time : 25.31 s
Timestep : 455467, score : -6098.471721860144, Time : 26.244 s
Timestep : 464226, score : -5998.253736983781, Time : 26.832 s
Timestep : 472985, score : -6324.713271799992, Time : 27.202 s
Timestep : 481744, score : -6118.77366003432, Time : 26.726 s
Timestep : 490503, score : -5972.922783009621, Time : 26.335 s
Timestep : 499262, score : -6312.6803328121605, Time : 26.209 s
Timestep : 508021, score : -6528.658400602057, Time : 26.469 s
Timestep : 516780, score : -6650.230434481084, Time : 26.932 s
Timestep : 525539, score : -6249.0127367263485, Time : 23.676 s
Timestep : 534298, score : -6482.770371046296, Time : 24.728 s
Timestep : 543057, score : -6697.23168500085, Time : 26.322 s
Timestep : 551816, score : -6765.1340965931595, Time : 26.43 s
Timestep : 560575, score : -6321.7859889818355, Time : 26.618 s
Timestep : 569334, score : -6407.203148206841, Time : 27.156 s
Timestep : 578093, score : -6266.313287911034, Time : 22.914 s
Timestep : 586852, score : -6552.718693671195, Time : 22.443 s
Timestep : 595611, score : -6415.24572000734, Time : 21.738 s
Timestep : 604370, score : -6519.016939601541, Time : 22.232 s
Timestep : 613129, score : -6509.586763454383, Time : 21.096 s
Timestep : 621888, score : -6284.177251700457, Time : 20.975 s
Timestep : 630647, score : -6399.335302729625, Time : 21.206 s
Timestep : 639406, score : -6403.446595964095, Time : 20.999 s
Timestep : 648165, score : -6028.858818693625, Time : 21.857 s
Timestep : 656924, score : -6409.133987950074, Time : 22.249 s
Timestep : 665683, score : -6359.759094492561, Time : 23.253 s
Timestep : 674442, score : -6599.708676848939, Time : 26.368 s
Timestep : 683201, score : -6404.362360126994, Time : 26.874 s
Timestep : 691960, score : -6426.059196316593, Time : 26.976 s
Timestep : 700719, score : -6141.163370178896, Time : 26.523 s
Timestep : 709478, score : -6028.1354697079805, Time : 26.26 s
Timestep : 718237, score : -5947.108887050374, Time : 26.267 s
Timestep : 726996, score : -6717.282189945676, Time : 25.55 s
Timestep : 735755, score : -6565.402705500615, Time : 26.988 s
Timestep : 744514, score : -6705.670850543334, Time : 26.928 s
Timestep : 753273, score : -7009.215439536987, Time : 26.459 s
Timestep : 762032, score : -7187.001941517839, Time : 24.323 s
Timestep : 770791, score : -6346.974119325707, Time : 22.506 s
Timestep : 779550, score : -6537.719012142188, Time : 22.074 s
Timestep : 788309, score : -6365.861401947055, Time : 25.063 s
Timestep : 797068, score : -6667.077447456686, Time : 23.942 s
Timestep : 805827, score : -6449.3197933918855, Time : 24.127 s
Timestep : 814586, score : -6631.471853967538, Time : 22.882 s
Timestep : 823345, score : -6950.563833526234, Time : 25.559 s
Timestep : 832104, score : -6764.869830494659, Time : 26.758 s
Timestep : 840863, score : -6370.036260056186, Time : 25.871 s
Timestep : 849622, score : -6175.521506538527, Time : 25.278 s
Timestep : 858381, score : -6357.887577508023, Time : 25.962 s
Timestep : 867140, score : -6135.5366863292, Time : 26.303 s
Timestep : 875899, score : -6588.535327799997, Time : 24.558 s
Starting local evaluation
Num Steps: 1000, Num episodes: 0
Num Steps: 2000, Num episodes: 0
Num Steps: 3000, Num episodes: 0
Num Steps: 4000, Num episodes: 0
Num Steps: 5000, Num episodes: 0
Num Steps: 6000, Num episodes: 0
Num Steps: 7000, Num episodes: 0
Num Steps: 8000, Num episodes: 0
Episode complete: 1 | Latest episode metrics: {'price_cost': 1.0006640637685131, 'emmision_cost': 1.0009460537821124}
[-0.23104452] -0.2310445221669455
Average Price Cost: 1.0006640637685131
Average Emmision Cost: 1.0009460537821124
Average of both costs: 1.0008050587753128
Total time taken by agent: 4.009892082889564s
DONE!
