{'agent': 'DQN', 'action_selection': 'softmax', 'seed': 1, 'episodes': 100, 'data_path': 'data/citylearn_challenge_2022_phase_1', 'dry_run': False, 'n_discrete': 9, 'update_target': 8, 'lr': 3e-05, 'batch_size': 64, 'adam_epsilon': 1e-10, 'epsilon_final': 0.02, 'run_id': 173}
{'Notes': 'This is a tuning run, executed on a single building.',
 'action_selection': 'softmax',
 'adam_epsilon': 1e-10,
 'env': '<NormalizeObservation<OneHotHour<DiscreteSingle<CityLearnEnv '
        'instance>>>>',
 'final_exploration_rate': 0.02,
 'final_exploration_step': 1000,
 'gamma': 0.99,
 'initial_exploration_rate': 1,
 'learning_rate': 3e-05,
 'loss': 'mse',
 'minibatch_size': 64,
 'network': 'MLP(\n'
            '  (layers): Sequential(\n'
            '    (0): Linear(in_features=29, out_features=128, bias=True)\n'
            '    (1): ReLU()\n'
            '    (2): Linear(in_features=128, out_features=128, bias=True)\n'
            '    (3): ReLU()\n'
            '    (4): Linear(in_features=128, out_features=9, bias=True)\n'
            '  )\n'
            ')',
 'replay_buffer_size': 10000,
 'replay_start_size': 64,
 'seed': 1,
 'train_steps': 876000,
 'update_frequency': 1,
 'update_target_frequency': 8,
 'weight_scale': 1.4142135623730951}
Timestep : 8758, score : -5453.905759969173, Time : 22.019 s
Timestep : 17517, score : -5142.457910932513, Time : 22.0 s
Timestep : 26276, score : -4461.535811496346, Time : 21.985 s
Timestep : 35035, score : -4559.747890448736, Time : 21.565 s
Timestep : 43794, score : -4520.47816558709, Time : 21.454 s
Timestep : 52553, score : -4326.42715845388, Time : 21.734 s
Timestep : 61312, score : -4268.285013224377, Time : 21.817 s
Timestep : 70071, score : -4255.8443762794195, Time : 21.802 s
Timestep : 78830, score : -4255.235596189421, Time : 21.454 s
Timestep : 87589, score : -4168.396048818628, Time : 21.477 s
Timestep : 96348, score : -4163.667602167843, Time : 21.513 s
Timestep : 105107, score : -4192.285766797519, Time : 21.467 s
Timestep : 113866, score : -4196.197006160772, Time : 21.818 s
Timestep : 122625, score : -4301.65895247311, Time : 21.545 s
Timestep : 131384, score : -4412.603105723305, Time : 21.791 s
Timestep : 140143, score : -4240.000054478674, Time : 21.885 s
Timestep : 148902, score : -4219.257522883432, Time : 21.716 s
Timestep : 157661, score : -4292.190700503095, Time : 21.478 s
Timestep : 166420, score : -4285.99059408289, Time : 21.562 s
Timestep : 175179, score : -4266.062621455247, Time : 21.611 s
Timestep : 183938, score : -4211.212848558469, Time : 21.714 s
Timestep : 192697, score : -4296.839044534048, Time : 21.861 s
Timestep : 201456, score : -4395.931078736117, Time : 22.279 s
Timestep : 210215, score : -4261.366813702189, Time : 21.689 s
Timestep : 218974, score : -4265.687613509042, Time : 21.631 s
Timestep : 227733, score : -4243.090829192923, Time : 21.704 s
Timestep : 236492, score : -4161.276182543559, Time : 22.37 s
Timestep : 245251, score : -4149.149963374162, Time : 21.653 s
Timestep : 254010, score : -4091.3193965567334, Time : 22.194 s
Timestep : 262769, score : -4147.844999143184, Time : 22.541 s
Timestep : 271528, score : -4301.2894402153615, Time : 22.527 s
Timestep : 280287, score : -4417.817173407791, Time : 21.971 s
Timestep : 289046, score : -4329.801440115232, Time : 21.969 s
Timestep : 297805, score : -4266.888575898862, Time : 21.952 s
Timestep : 306564, score : -4319.160121817404, Time : 22.136 s
Timestep : 315323, score : -4144.632701793133, Time : 22.522 s
Timestep : 324082, score : -4235.617889662477, Time : 22.621 s
Timestep : 332841, score : -4134.312554544216, Time : 22.327 s
Timestep : 341600, score : -4093.806864309503, Time : 22.301 s
Timestep : 350359, score : -4245.449461585289, Time : 22.455 s
Timestep : 359118, score : -4099.918870649097, Time : 22.536 s
Timestep : 367877, score : -3978.404691187621, Time : 21.989 s
Timestep : 376636, score : -3835.6953767290397, Time : 21.959 s
Timestep : 385395, score : -3383.410278382973, Time : 22.361 s
Timestep : 394154, score : -3786.806301035249, Time : 22.022 s
Timestep : 402913, score : -3375.1824901452346, Time : 22.51 s
Timestep : 411672, score : -3202.9792248214653, Time : 22.059 s
Timestep : 420431, score : -3201.6846655694826, Time : 22.002 s
Timestep : 429190, score : -2624.0533403344743, Time : 22.129 s
Timestep : 437949, score : -3050.1164268249704, Time : 22.28 s
Timestep : 446708, score : -3375.4220654762175, Time : 22.667 s
Timestep : 455467, score : -3128.7951811905077, Time : 22.671 s
Timestep : 464226, score : -3023.594341492819, Time : 22.029 s
Timestep : 472985, score : -3146.9487217456626, Time : 22.332 s
Timestep : 481744, score : -2671.75685973317, Time : 21.905 s
Timestep : 490503, score : -3310.6498268702126, Time : 22.66 s
Timestep : 499262, score : -2999.286989441869, Time : 22.615 s
Timestep : 508021, score : -2630.866107521375, Time : 22.08 s
Timestep : 516780, score : -2757.891222179198, Time : 21.927 s
Timestep : 525539, score : -2422.156567758677, Time : 22.255 s
Timestep : 534298, score : -2765.944374742714, Time : 22.064 s
Timestep : 543057, score : -2917.366040908877, Time : 21.997 s
Timestep : 551816, score : -3088.9409488519887, Time : 22.177 s
Timestep : 560575, score : -2718.9570504913136, Time : 21.991 s
Timestep : 569334, score : -2776.704718718218, Time : 22.02 s
Timestep : 578093, score : -3097.6341795987973, Time : 22.594 s
Timestep : 586852, score : -2872.943335252261, Time : 22.652 s
Timestep : 595611, score : -3091.7233470430656, Time : 22.48 s
Timestep : 604370, score : -2876.544159599958, Time : 21.986 s
Timestep : 613129, score : -2895.4257604604645, Time : 22.22 s
Timestep : 621888, score : -3015.922255866957, Time : 22.468 s
Timestep : 630647, score : -2943.0486012266774, Time : 22.029 s
Timestep : 639406, score : -2335.100921205507, Time : 21.987 s
Timestep : 648165, score : -2697.3419901182933, Time : 22.584 s
Timestep : 656924, score : -2648.878538675286, Time : 22.297 s
Timestep : 665683, score : -2628.711428883209, Time : 22.168 s
Timestep : 674442, score : -2900.8238678034686, Time : 22.152 s
Timestep : 683201, score : -2905.5382584006584, Time : 22.047 s
Timestep : 691960, score : -2635.778213085403, Time : 22.372 s
Timestep : 700719, score : -2442.691350866371, Time : 22.163 s
Timestep : 709478, score : -2697.326303500755, Time : 22.144 s
Timestep : 718237, score : -2681.6322004561807, Time : 21.994 s
Timestep : 726996, score : -3171.168122993011, Time : 22.015 s
Timestep : 735755, score : -3063.8430376559554, Time : 22.189 s
Timestep : 744514, score : -3034.4171479649667, Time : 22.322 s
Timestep : 753273, score : -2712.264514329756, Time : 22.401 s
Timestep : 762032, score : -2785.221500271262, Time : 22.064 s
Timestep : 770791, score : -3322.802308070386, Time : 21.991 s
Timestep : 779550, score : -3057.819302904798, Time : 22.008 s
Timestep : 788309, score : -3024.7754089403024, Time : 21.997 s
Timestep : 797068, score : -2648.1134249707247, Time : 22.033 s
Timestep : 805827, score : -2868.2840771999035, Time : 22.577 s
Timestep : 814586, score : -3052.0448208738817, Time : 22.299 s
Timestep : 823345, score : -2896.099207644729, Time : 21.989 s
Timestep : 832104, score : -3048.643313153909, Time : 21.994 s
Timestep : 840863, score : -3133.9936950488773, Time : 22.008 s
Timestep : 849622, score : -2567.0993677488586, Time : 22.357 s
Timestep : 858381, score : -2423.557482974051, Time : 22.013 s
Timestep : 867140, score : -2416.365323307604, Time : 22.113 s
Timestep : 875899, score : -2558.83723644531, Time : 22.497 s
Starting local evaluation
Num Steps: 1000, Num episodes: 0
Num Steps: 2000, Num episodes: 0
Num Steps: 3000, Num episodes: 0
Num Steps: 4000, Num episodes: 0
Num Steps: 5000, Num episodes: 0
Num Steps: 6000, Num episodes: 0
Num Steps: 7000, Num episodes: 0
Num Steps: 8000, Num episodes: 0
Episode complete: 1 | Latest episode metrics: {'price_cost': 0.924389601766239, 'emmision_cost': 0.9568862221228498}
[-0.15618552] -0.15618551856247542
Average Price Cost: 0.924389601766239
Average Emmision Cost: 0.9568862221228498
Average of both costs: 0.9406379119445444
Total time taken by agent: 3.257620303891599s
DONE!
