{'agent': 'DQN', 'action_selection': 'egreedy', 'seed': 1, 'episodes': 100, 'data_path': 'data/citylearn_challenge_2022_phase_1', 'dry_run': False, 'n_discrete': 9, 'update_target': 32, 'lr': 0.1, 'batch_size': 4, 'adam_epsilon': 1e-05, 'epsilon_final': 0.1, 'run_id': 304}
{'Notes': 'This is a tuning run, executed on a single building.',
 'action_selection': 'egreedy',
 'adam_epsilon': 1e-05,
 'env': '<NormalizeObservation<OneHotHour<DiscreteSingle<CityLearnEnv '
        'instance>>>>',
 'final_exploration_rate': 0.02,
 'final_exploration_step': 1000,
 'gamma': 0.99,
 'initial_exploration_rate': 1,
 'learning_rate': 0.1,
 'loss': 'mse',
 'minibatch_size': 4,
 'network': 'MLP(\n'
            '  (layers): Sequential(\n'
            '    (0): Linear(in_features=29, out_features=128, bias=True)\n'
            '    (1): ReLU()\n'
            '    (2): Linear(in_features=128, out_features=128, bias=True)\n'
            '    (3): ReLU()\n'
            '    (4): Linear(in_features=128, out_features=9, bias=True)\n'
            '  )\n'
            ')',
 'replay_buffer_size': 10000,
 'replay_start_size': 4,
 'seed': 1,
 'train_steps': 876000,
 'update_frequency': 1,
 'update_target_frequency': 32,
 'weight_scale': 1.4142135623730951}
Timestep : 8758, score : -5565.899389778642, Time : 21.097 s
Timestep : 17517, score : -4527.794989069254, Time : 21.507 s
Timestep : 26276, score : -4776.545604722021, Time : 21.372 s
Timestep : 35035, score : -4619.035011903179, Time : 21.269 s
Timestep : 43794, score : -4581.933401262766, Time : 21.478 s
Timestep : 52553, score : -4654.663243149786, Time : 21.275 s
Timestep : 61312, score : -4742.301838285668, Time : 21.152 s
Timestep : 70071, score : -4544.180687616958, Time : 21.429 s
Timestep : 78830, score : -4635.908386818977, Time : 21.304 s
Timestep : 87589, score : -4537.712046119763, Time : 21.191 s
Timestep : 96348, score : -4518.984198815102, Time : 21.33 s
Timestep : 105107, score : -4595.483278948377, Time : 21.756 s
Timestep : 113866, score : -4493.843429505272, Time : 21.612 s
Timestep : 122625, score : -4515.005437348416, Time : 21.558 s
Timestep : 131384, score : -4550.136233528523, Time : 21.383 s
Timestep : 140143, score : -4708.2714327141, Time : 21.449 s
Timestep : 148902, score : -4525.962115744507, Time : 21.223 s
Timestep : 157661, score : -4461.185143481271, Time : 21.151 s
Timestep : 166420, score : -4556.86258018986, Time : 21.378 s
Timestep : 175179, score : -4533.278198566084, Time : 21.526 s
Timestep : 183938, score : -4569.453660452185, Time : 21.459 s
Timestep : 192697, score : -4489.527205783321, Time : 21.39 s
Timestep : 201456, score : -4517.373704159079, Time : 21.322 s
Timestep : 210215, score : -4623.96624604371, Time : 21.098 s
Timestep : 218974, score : -4488.619687042577, Time : 21.114 s
Timestep : 227733, score : -4484.032536310522, Time : 21.196 s
Timestep : 236492, score : -4513.759119515686, Time : 21.288 s
Timestep : 245251, score : -4470.498851300596, Time : 21.428 s
Timestep : 254010, score : -4545.490152643557, Time : 21.547 s
Timestep : 262769, score : -4522.832183652936, Time : 21.48 s
Timestep : 271528, score : -4489.946676168969, Time : 21.33 s
Timestep : 280287, score : -4599.589209934144, Time : 21.0 s
Timestep : 289046, score : -4532.351886992721, Time : 21.231 s
Timestep : 297805, score : -4754.436718802572, Time : 21.329 s
Timestep : 306564, score : -4807.540572780912, Time : 21.471 s
Timestep : 315323, score : -4518.651179570152, Time : 21.489 s
Timestep : 324082, score : -4632.122452910437, Time : 21.495 s
Timestep : 332841, score : -4647.953776752023, Time : 21.519 s
Timestep : 341600, score : -4544.131890492543, Time : 21.519 s
Timestep : 350359, score : -4502.590216612822, Time : 21.528 s
Timestep : 359118, score : -4703.581209290685, Time : 21.415 s
Timestep : 367877, score : -4612.660532698879, Time : 21.234 s
Timestep : 376636, score : -4627.496900677943, Time : 21.0 s
Timestep : 385395, score : -4525.643520858983, Time : 21.165 s
Timestep : 394154, score : -4501.782488793979, Time : 21.46 s
Timestep : 402913, score : -4675.67196874824, Time : 21.537 s
Timestep : 411672, score : -4629.1950365680095, Time : 21.528 s
Timestep : 420431, score : -4704.845571108774, Time : 21.437 s
Timestep : 429190, score : -4721.7632950156985, Time : 21.351 s
Timestep : 437949, score : -4582.598654766014, Time : 21.071 s
Timestep : 446708, score : -4786.7735660127655, Time : 21.391 s
Timestep : 455467, score : -4467.231994544534, Time : 21.49 s
Timestep : 464226, score : -4662.5017190487415, Time : 21.43 s
Timestep : 472985, score : -4703.52766723829, Time : 21.292 s
Timestep : 481744, score : -4750.383053393947, Time : 21.015 s
Timestep : 490503, score : -5024.376516282471, Time : 21.056 s
Timestep : 499262, score : -4624.470703791274, Time : 21.02 s
Timestep : 508021, score : -4541.320618742524, Time : 20.991 s
Timestep : 516780, score : -4501.285803829698, Time : 21.225 s
Timestep : 525539, score : -4590.659539246379, Time : 21.196 s
Timestep : 534298, score : -4524.237886705814, Time : 21.414 s
Timestep : 543057, score : -4633.841872821009, Time : 21.349 s
Timestep : 551816, score : -4638.570804976771, Time : 21.568 s
Timestep : 560575, score : -4597.374706886156, Time : 21.001 s
Timestep : 569334, score : -4706.184152385715, Time : 20.974 s
Timestep : 578093, score : -4751.713329633611, Time : 21.009 s
Timestep : 586852, score : -4740.925275333604, Time : 21.133 s
Timestep : 595611, score : -4564.188893835133, Time : 21.428 s
Timestep : 604370, score : -4540.39412611202, Time : 21.467 s
Timestep : 613129, score : -4478.324345018162, Time : 21.438 s
Timestep : 621888, score : -4481.36624661964, Time : 21.41 s
Timestep : 630647, score : -4481.910295428155, Time : 21.45 s
Timestep : 639406, score : -4645.744761535345, Time : 21.406 s
Timestep : 648165, score : -4568.087366314052, Time : 21.411 s
Timestep : 656924, score : -4731.573018700263, Time : 20.968 s
Timestep : 665683, score : -4501.641204504325, Time : 21.191 s
Timestep : 674442, score : -4457.169427915855, Time : 21.366 s
Timestep : 683201, score : -4513.084611214144, Time : 21.421 s
Timestep : 691960, score : -4546.882937902963, Time : 21.288 s
Timestep : 700719, score : -4635.11469717641, Time : 21.417 s
Timestep : 709478, score : -4572.661663628562, Time : 21.44 s
Timestep : 718237, score : -4489.052525201259, Time : 21.446 s
Timestep : 726996, score : -4538.966983170627, Time : 21.339 s
Timestep : 735755, score : -4636.472097171849, Time : 20.976 s
Timestep : 744514, score : -4553.984706182295, Time : 20.859 s
Timestep : 753273, score : -4514.556193092285, Time : 20.901 s
Timestep : 762032, score : -4569.7066894205345, Time : 21.233 s
Timestep : 770791, score : -4651.550442499487, Time : 21.731 s
Timestep : 779550, score : -4580.679574135138, Time : 20.932 s
Timestep : 788309, score : -4437.360430836125, Time : 21.491 s
Timestep : 797068, score : -4494.511278916529, Time : 21.514 s
Timestep : 805827, score : -4417.812098500697, Time : 21.353 s
Timestep : 814586, score : -4600.96247618788, Time : 20.942 s
Timestep : 823345, score : -4507.805828234443, Time : 21.342 s
Timestep : 832104, score : -4674.974137210549, Time : 21.663 s
Timestep : 840863, score : -4713.684181772551, Time : 21.529 s
Timestep : 849622, score : -4563.6893811159825, Time : 21.328 s
Timestep : 858381, score : -4578.632871262846, Time : 21.411 s
Timestep : 867140, score : -4582.430011275719, Time : 21.305 s
Timestep : 875899, score : -4507.425365782721, Time : 21.433 s
Starting local evaluation
Num Steps: 1000, Num episodes: 0
Num Steps: 2000, Num episodes: 0
Num Steps: 3000, Num episodes: 0
Num Steps: 4000, Num episodes: 0
Num Steps: 5000, Num episodes: 0
Num Steps: 6000, Num episodes: 0
Num Steps: 7000, Num episodes: 0
Num Steps: 8000, Num episodes: 0
Episode complete: 1 | Latest episode metrics: {'price_cost': 1.0165357930194991, 'emmision_cost': 1.018853495405096}
[-0.25177324] -0.2517732403552346
Average Price Cost: 1.0165357930194991
Average Emmision Cost: 1.018853495405096
Average of both costs: 1.0176946442122976
Total time taken by agent: 2.555746172554791s
DONE!
