{'agent': 'DQN', 'action_selection': 'softmax', 'seed': 1, 'episodes': 100, 'data_path': 'data/citylearn_challenge_2022_phase_1', 'dry_run': False, 'n_discrete': 9, 'update_target': 16, 'lr': 0.01, 'batch_size': 32, 'adam_epsilon': 1e-06, 'epsilon_final': 0.02, 'run_id': 73}
{'Notes': 'This is a tuning run, executed on a single building.',
 'action_selection': 'softmax',
 'adam_epsilon': 1e-06,
 'env': '<NormalizeObservation<OneHotHour<DiscreteSingle<CityLearnEnv '
        'instance>>>>',
 'final_exploration_rate': 0.02,
 'final_exploration_step': 1000,
 'gamma': 0.99,
 'initial_exploration_rate': 1,
 'learning_rate': 0.01,
 'loss': 'mse',
 'minibatch_size': 32,
 'network': 'MLP(\n'
            '  (layers): Sequential(\n'
            '    (0): Linear(in_features=29, out_features=128, bias=True)\n'
            '    (1): ReLU()\n'
            '    (2): Linear(in_features=128, out_features=128, bias=True)\n'
            '    (3): ReLU()\n'
            '    (4): Linear(in_features=128, out_features=9, bias=True)\n'
            '  )\n'
            ')',
 'replay_buffer_size': 10000,
 'replay_start_size': 32,
 'seed': 1,
 'train_steps': 876000,
 'update_frequency': 1,
 'update_target_frequency': 16,
 'weight_scale': 1.4142135623730951}
Timestep : 8758, score : -8564.19182803962, Time : 23.723 s
Timestep : 17517, score : -11444.055803952186, Time : 23.609 s
Timestep : 26276, score : -8941.229070267713, Time : 22.892 s
Timestep : 35035, score : -10110.64067053728, Time : 21.449 s
Timestep : 43794, score : -9658.881917253399, Time : 21.545 s
Timestep : 52553, score : -9321.141903963828, Time : 21.747 s
Timestep : 61312, score : -9820.7706008432, Time : 21.736 s
Timestep : 70071, score : -9566.564882509265, Time : 21.477 s
Timestep : 78830, score : -8736.200940633265, Time : 21.671 s
Timestep : 87589, score : -9130.289185194662, Time : 21.552 s
Timestep : 96348, score : -10889.032995768663, Time : 21.937 s
Timestep : 105107, score : -10025.29390701084, Time : 22.147 s
Timestep : 113866, score : -10089.469226735484, Time : 21.834 s
Timestep : 122625, score : -9687.630121442438, Time : 21.634 s
Timestep : 131384, score : -9916.573084849544, Time : 21.906 s
Timestep : 140143, score : -10323.915876670697, Time : 21.967 s
Timestep : 148902, score : -9546.224438664576, Time : 22.361 s
Timestep : 157661, score : -10070.560098823189, Time : 22.329 s
Timestep : 166420, score : -11305.191896027478, Time : 21.971 s
Timestep : 175179, score : -10114.90000181699, Time : 21.931 s
Timestep : 183938, score : -10625.74148622989, Time : 21.948 s
Timestep : 192697, score : -10995.035488408386, Time : 22.038 s
Timestep : 201456, score : -11156.60656906772, Time : 22.365 s
Timestep : 210215, score : -10575.521697672622, Time : 22.187 s
Timestep : 218974, score : -10138.140304481683, Time : 21.891 s
Timestep : 227733, score : -10661.279376855775, Time : 21.881 s
Timestep : 236492, score : -10091.340779166436, Time : 21.934 s
Timestep : 245251, score : -10969.40605368992, Time : 22.195 s
Timestep : 254010, score : -10565.319082914357, Time : 22.913 s
Timestep : 262769, score : -10364.54626912631, Time : 22.17 s
Timestep : 271528, score : -10740.448204004817, Time : 21.94 s
Timestep : 280287, score : -10042.537768541835, Time : 21.965 s
Timestep : 289046, score : -10310.40591613164, Time : 21.932 s
Timestep : 297805, score : -10509.013220485838, Time : 22.328 s
Timestep : 306564, score : -10946.02096848251, Time : 22.403 s
Timestep : 315323, score : -10734.481089246474, Time : 21.889 s
Timestep : 324082, score : -10309.600519733998, Time : 21.857 s
Timestep : 332841, score : -10570.281646162344, Time : 22.151 s
Timestep : 341600, score : -10623.23709845754, Time : 22.237 s
Timestep : 350359, score : -10281.468009549266, Time : 22.547 s
Timestep : 359118, score : -10242.05993534057, Time : 22.689 s
Timestep : 367877, score : -10378.749740218002, Time : 22.491 s
Timestep : 376636, score : -8722.374752008967, Time : 22.346 s
Timestep : 385395, score : -9013.078608838638, Time : 22.382 s
Timestep : 394154, score : -9007.249420031469, Time : 22.122 s
Timestep : 402913, score : -8827.74851252223, Time : 22.214 s
Timestep : 411672, score : -10071.07674791498, Time : 21.885 s
Timestep : 420431, score : -8918.585714224173, Time : 21.789 s
Timestep : 429190, score : -9722.553627208996, Time : 21.924 s
Timestep : 437949, score : -9946.790138535347, Time : 21.981 s
Timestep : 446708, score : -11147.20601328602, Time : 22.256 s
Timestep : 455467, score : -11241.179082568648, Time : 22.213 s
Timestep : 464226, score : -10272.685150371588, Time : 21.838 s
Timestep : 472985, score : -10463.587622924431, Time : 21.754 s
Timestep : 481744, score : -8985.592733362137, Time : 21.767 s
Timestep : 490503, score : -9272.746339725942, Time : 21.917 s
Timestep : 499262, score : -8367.1130045038, Time : 22.134 s
Timestep : 508021, score : -7839.264547526283, Time : 21.897 s
Timestep : 516780, score : -7827.270148505719, Time : 21.919 s
Timestep : 525539, score : -8945.434538576548, Time : 21.737 s
Timestep : 534298, score : -8560.338650654492, Time : 21.717 s
Timestep : 543057, score : -9714.70090568946, Time : 22.016 s
Timestep : 551816, score : -7272.3891760545375, Time : 22.122 s
Timestep : 560575, score : -9795.277449923902, Time : 21.983 s
Timestep : 569334, score : -9741.796979643594, Time : 22.487 s
Timestep : 578093, score : -10758.87477319839, Time : 22.706 s
Timestep : 586852, score : -10202.57991284151, Time : 22.793 s
Timestep : 595611, score : -10359.314527856957, Time : 23.132 s
Timestep : 604370, score : -10820.250564969145, Time : 22.998 s
Timestep : 613129, score : -10887.825903348348, Time : 22.629 s
Timestep : 621888, score : -10662.46408121621, Time : 22.242 s
Timestep : 630647, score : -10341.731694014255, Time : 21.89 s
Timestep : 639406, score : -9390.256766764796, Time : 22.025 s
Timestep : 648165, score : -8812.756977483543, Time : 22.421 s
Timestep : 656924, score : -8414.228743460175, Time : 22.06 s
Timestep : 665683, score : -8355.572771031788, Time : 21.902 s
Timestep : 674442, score : -7648.098715762288, Time : 21.866 s
Timestep : 683201, score : -7312.665087806206, Time : 21.811 s
Timestep : 691960, score : -7231.702193735313, Time : 22.325 s
Timestep : 700719, score : -7145.320124660182, Time : 22.7 s
Timestep : 709478, score : -7770.4307977616845, Time : 22.44 s
Timestep : 718237, score : -7612.531730213232, Time : 22.439 s
Timestep : 726996, score : -6985.616085706308, Time : 22.002 s
Timestep : 735755, score : -7200.298816048453, Time : 22.009 s
Timestep : 744514, score : -7570.644867970914, Time : 22.147 s
Timestep : 753273, score : -7346.233548901539, Time : 21.813 s
Timestep : 762032, score : -7485.854656972369, Time : 21.085 s
Timestep : 770791, score : -7160.354726522492, Time : 20.983 s
Timestep : 779550, score : -8920.971770372504, Time : 21.207 s
Timestep : 788309, score : -7389.204152112274, Time : 21.502 s
Timestep : 797068, score : -8023.17831016265, Time : 21.58 s
Timestep : 805827, score : -8125.695512263483, Time : 21.04 s
Timestep : 814586, score : -8400.57382194142, Time : 20.985 s
Timestep : 823345, score : -7262.630574451323, Time : 20.9 s
Timestep : 832104, score : -6660.637304598262, Time : 20.944 s
Timestep : 840863, score : -8006.465504054737, Time : 20.966 s
Timestep : 849622, score : -8244.825942652678, Time : 20.961 s
Timestep : 858381, score : -8974.257433993189, Time : 20.938 s
Timestep : 867140, score : -8241.905410537642, Time : 21.009 s
Timestep : 875899, score : -7607.967359059228, Time : 20.977 s
Starting local evaluation
Num Steps: 1000, Num episodes: 0
Num Steps: 2000, Num episodes: 0
Num Steps: 3000, Num episodes: 0
Num Steps: 4000, Num episodes: 0
Num Steps: 5000, Num episodes: 0
Num Steps: 6000, Num episodes: 0
Num Steps: 7000, Num episodes: 0
Num Steps: 8000, Num episodes: 0
Episode complete: 1 | Latest episode metrics: {'price_cost': 1.1930383244096106, 'emmision_cost': 1.2149886906284644}
[-0.48051648] -0.48051648335811814
Average Price Cost: 1.1930383244096106
Average Emmision Cost: 1.2149886906284644
Average of both costs: 1.2040135075190375
Total time taken by agent: 3.247561536030844s
DONE!
