{'agent': 'DQN', 'action_selection': 'softmax', 'seed': 1, 'episodes': 100, 'data_path': 'data/citylearn_challenge_2022_phase_1', 'dry_run': False, 'n_discrete': 9, 'update_target': 4, 'lr': 7e-05, 'batch_size': 4, 'adam_epsilon': 1e-09, 'epsilon_final': 0.02, 'run_id': 30}
{'Notes': 'This is a tuning run, executed on a single building.',
 'action_selection': 'softmax',
 'adam_epsilon': 1e-09,
 'env': '<NormalizeObservation<OneHotHour<DiscreteSingle<CityLearnEnv '
        'instance>>>>',
 'final_exploration_rate': 0.02,
 'final_exploration_step': 1000,
 'gamma': 0.99,
 'initial_exploration_rate': 1,
 'learning_rate': 7e-05,
 'loss': 'mse',
 'minibatch_size': 4,
 'network': 'MLP(\n'
            '  (layers): Sequential(\n'
            '    (0): Linear(in_features=29, out_features=128, bias=True)\n'
            '    (1): ReLU()\n'
            '    (2): Linear(in_features=128, out_features=128, bias=True)\n'
            '    (3): ReLU()\n'
            '    (4): Linear(in_features=128, out_features=9, bias=True)\n'
            '  )\n'
            ')',
 'replay_buffer_size': 10000,
 'replay_start_size': 4,
 'seed': 1,
 'train_steps': 876000,
 'update_frequency': 1,
 'update_target_frequency': 4,
 'weight_scale': 1.4142135623730951}
Timestep : 8758, score : -5233.406600716902, Time : 23.075 s
Timestep : 17517, score : -4331.584007862286, Time : 23.035 s
Timestep : 26276, score : -5102.873282679895, Time : 22.402 s
Timestep : 35035, score : -4641.133851027029, Time : 22.779 s
Timestep : 43794, score : -4446.527832015068, Time : 22.696 s
Timestep : 52553, score : -4424.146895606449, Time : 22.815 s
Timestep : 61312, score : -4362.450856336771, Time : 22.778 s
Timestep : 70071, score : -4328.577488754716, Time : 22.944 s
Timestep : 78830, score : -4184.016918510577, Time : 23.108 s
Timestep : 87589, score : -4015.911531265898, Time : 22.952 s
Timestep : 96348, score : -3885.4199665073247, Time : 22.99 s
Timestep : 105107, score : -3670.9423987496702, Time : 22.653 s
Timestep : 113866, score : -3587.6000117821677, Time : 22.866 s
Timestep : 122625, score : -3174.256167878353, Time : 22.349 s
Timestep : 131384, score : -2529.5949803604744, Time : 22.44 s
Timestep : 140143, score : -2838.9159302752523, Time : 22.493 s
Timestep : 148902, score : -3362.3508437222627, Time : 22.414 s
Timestep : 157661, score : -3112.631742710044, Time : 22.744 s
Timestep : 166420, score : -3132.1739206504135, Time : 23.157 s
Timestep : 175179, score : -3033.015878588689, Time : 22.884 s
Timestep : 183938, score : -3316.072612821037, Time : 22.448 s
Timestep : 192697, score : -2763.5376521958096, Time : 22.888 s
Timestep : 201456, score : -2888.8774272374867, Time : 22.899 s
Timestep : 210215, score : -2735.3021308710595, Time : 22.602 s
Timestep : 218974, score : -2778.6241506574006, Time : 22.816 s
Timestep : 227733, score : -2704.8387778911565, Time : 22.578 s
Timestep : 236492, score : -3130.0428959866113, Time : 22.662 s
Timestep : 245251, score : -2887.3783897548274, Time : 22.693 s
Timestep : 254010, score : -2629.66083103072, Time : 22.942 s
Timestep : 262769, score : -2864.002978758959, Time : 22.71 s
Timestep : 271528, score : -3104.6732772374817, Time : 22.618 s
Timestep : 280287, score : -3160.1917928554176, Time : 22.882 s
Timestep : 289046, score : -3005.4994215355546, Time : 22.782 s
Timestep : 297805, score : -2891.5068618542573, Time : 22.944 s
Timestep : 306564, score : -2560.350940106815, Time : 23.121 s
Timestep : 315323, score : -2582.6215160484717, Time : 22.688 s
Timestep : 324082, score : -3473.573805287044, Time : 22.916 s
Timestep : 332841, score : -2939.751895500187, Time : 23.182 s
Timestep : 341600, score : -3322.501807357563, Time : 22.708 s
Timestep : 350359, score : -2677.473916494666, Time : 22.595 s
Timestep : 359118, score : -2913.915767622908, Time : 22.35 s
Timestep : 367877, score : -2307.900953155273, Time : 22.777 s
Timestep : 376636, score : -2967.758265276818, Time : 22.559 s
Timestep : 385395, score : -2904.639928783552, Time : 23.006 s
Timestep : 394154, score : -3395.375399873039, Time : 23.145 s
Timestep : 402913, score : -2936.9893001524324, Time : 23.07 s
Timestep : 411672, score : -2685.5877505534154, Time : 23.098 s
Timestep : 420431, score : -2387.4494975862617, Time : 22.463 s
Timestep : 429190, score : -3030.3455956692633, Time : 23.108 s
Timestep : 437949, score : -2497.585260591848, Time : 22.698 s
Timestep : 446708, score : -2868.312530439609, Time : 23.001 s
Timestep : 455467, score : -2693.2928367650893, Time : 22.709 s
Timestep : 464226, score : -2742.2631112345553, Time : 22.502 s
Timestep : 472985, score : -2791.240148726414, Time : 22.694 s
Timestep : 481744, score : -2340.4096771397453, Time : 22.467 s
Timestep : 490503, score : -2592.55965592296, Time : 22.491 s
Timestep : 499262, score : -2530.452953075437, Time : 22.886 s
Timestep : 508021, score : -2532.198506285349, Time : 22.959 s
Timestep : 516780, score : -2614.5319025885838, Time : 23.113 s
Timestep : 525539, score : -2595.3473760251945, Time : 22.531 s
Timestep : 534298, score : -2842.8892058579077, Time : 22.806 s
Timestep : 543057, score : -3014.498993549758, Time : 22.567 s
Timestep : 551816, score : -2807.3338435597543, Time : 22.649 s
Timestep : 560575, score : -2389.239749660923, Time : 22.506 s
Timestep : 569334, score : -2544.382355077687, Time : 22.626 s
Timestep : 578093, score : -2429.7786860121705, Time : 22.618 s
Timestep : 586852, score : -2726.3340039595787, Time : 22.457 s
Timestep : 595611, score : -3175.204950771207, Time : 22.567 s
Timestep : 604370, score : -3022.277747002154, Time : 22.715 s
Timestep : 613129, score : -2622.4562254526245, Time : 22.663 s
Timestep : 621888, score : -2495.254965601285, Time : 22.526 s
Timestep : 630647, score : -2723.567542173754, Time : 22.587 s
Timestep : 639406, score : -3265.1220657338417, Time : 22.602 s
Timestep : 648165, score : -2809.8716920367733, Time : 22.49 s
Timestep : 656924, score : -2827.924457920977, Time : 22.605 s
Timestep : 665683, score : -2275.2935163089132, Time : 23.229 s
Timestep : 674442, score : -2585.4033834163856, Time : 23.35 s
Timestep : 683201, score : -2958.969381256058, Time : 23.173 s
Timestep : 691960, score : -2733.4544163391984, Time : 23.302 s
Timestep : 700719, score : -2609.652327916381, Time : 22.688 s
Timestep : 709478, score : -2994.7358201076568, Time : 22.859 s
Timestep : 718237, score : -2687.6557345150795, Time : 22.631 s
Timestep : 726996, score : -2730.3688078907144, Time : 23.619 s
Timestep : 735755, score : -2890.4118990884454, Time : 23.175 s
Timestep : 744514, score : -2726.176329326263, Time : 23.234 s
Timestep : 753273, score : -3060.272118184628, Time : 23.001 s
Timestep : 762032, score : -2861.1698219742684, Time : 22.64 s
Timestep : 770791, score : -2561.951819855167, Time : 22.485 s
Timestep : 779550, score : -2359.5490714635525, Time : 22.924 s
Timestep : 788309, score : -2266.8613252983487, Time : 23.537 s
Timestep : 797068, score : -2329.802534970484, Time : 23.226 s
Timestep : 805827, score : -2578.4413169789186, Time : 22.842 s
Timestep : 814586, score : -2466.2485608443676, Time : 22.95 s
Timestep : 823345, score : -2622.879113490955, Time : 23.121 s
Timestep : 832104, score : -2818.638273460121, Time : 23.112 s
Timestep : 840863, score : -2565.9655088797736, Time : 23.218 s
Timestep : 849622, score : -2561.4885616214306, Time : 23.195 s
Timestep : 858381, score : -2575.938281031471, Time : 23.011 s
Timestep : 867140, score : -2037.132510133044, Time : 22.46 s
Timestep : 875899, score : -2291.9129371745803, Time : 22.432 s
Starting local evaluation
Num Steps: 1000, Num episodes: 0
Num Steps: 2000, Num episodes: 0
Num Steps: 3000, Num episodes: 0
Num Steps: 4000, Num episodes: 0
Num Steps: 5000, Num episodes: 0
Num Steps: 6000, Num episodes: 0
Num Steps: 7000, Num episodes: 0
Num Steps: 8000, Num episodes: 0
Episode complete: 1 | Latest episode metrics: {'price_cost': 0.9039213892633844, 'emmision_cost': 0.9485190405855788}
[-0.13813452] -0.1381345218026783
Average Price Cost: 0.9039213892633844
Average Emmision Cost: 0.9485190405855788
Average of both costs: 0.9262202149244816
Total time taken by agent: 3.8672328013926744s
DONE!
