{'agent': 'DQN', 'action_selection': 'softmax', 'seed': 1, 'episodes': 100, 'data_path': 'data/citylearn_challenge_2022_phase_1', 'dry_run': False, 'n_discrete': 9, 'update_target': 16, 'lr': 0.007, 'batch_size': 2, 'adam_epsilon': 1e-07, 'epsilon_final': 0.02, 'run_id': 102}
{'Notes': 'This is a tuning run, executed on a single building.',
 'action_selection': 'softmax',
 'adam_epsilon': 1e-07,
 'env': '<NormalizeObservation<OneHotHour<DiscreteSingle<CityLearnEnv '
        'instance>>>>',
 'final_exploration_rate': 0.02,
 'final_exploration_step': 1000,
 'gamma': 0.99,
 'initial_exploration_rate': 1,
 'learning_rate': 0.007,
 'loss': 'mse',
 'minibatch_size': 2,
 'network': 'MLP(\n'
            '  (layers): Sequential(\n'
            '    (0): Linear(in_features=29, out_features=128, bias=True)\n'
            '    (1): ReLU()\n'
            '    (2): Linear(in_features=128, out_features=128, bias=True)\n'
            '    (3): ReLU()\n'
            '    (4): Linear(in_features=128, out_features=9, bias=True)\n'
            '  )\n'
            ')',
 'replay_buffer_size': 10000,
 'replay_start_size': 2,
 'seed': 1,
 'train_steps': 876000,
 'update_frequency': 1,
 'update_target_frequency': 16,
 'weight_scale': 1.4142135623730951}
Timestep : 8758, score : -5497.9477663840225, Time : 22.395 s
Timestep : 17517, score : -5439.790889725933, Time : 22.794 s
Timestep : 26276, score : -6320.901767282237, Time : 23.068 s
Timestep : 35035, score : -6544.280356455623, Time : 22.51 s
Timestep : 43794, score : -9163.851884943346, Time : 22.983 s
Timestep : 52553, score : -6023.658533263864, Time : 22.658 s
Timestep : 61312, score : -6889.845578445849, Time : 22.614 s
Timestep : 70071, score : -5961.43088361845, Time : 23.095 s
Timestep : 78830, score : -7105.554428665622, Time : 22.772 s
Timestep : 87589, score : -8119.930695203555, Time : 23.06 s
Timestep : 96348, score : -6900.76509032122, Time : 23.126 s
Timestep : 105107, score : -7132.533743482811, Time : 23.089 s
Timestep : 113866, score : -8576.814403417433, Time : 22.688 s
Timestep : 122625, score : -12468.096041628698, Time : 22.581 s
Timestep : 131384, score : -5300.210727402307, Time : 22.649 s
Timestep : 140143, score : -4473.4814841369225, Time : 22.668 s
Timestep : 148902, score : -4594.806647782592, Time : 22.664 s
Timestep : 157661, score : -4770.14976127111, Time : 22.595 s
Timestep : 166420, score : -4751.040265098709, Time : 22.509 s
Timestep : 175179, score : -4316.219954261003, Time : 22.328 s
Timestep : 183938, score : -4469.090110741585, Time : 22.449 s
Timestep : 192697, score : -4273.781089571683, Time : 22.133 s
Timestep : 201456, score : -4573.208908926143, Time : 22.045 s
Timestep : 210215, score : -4552.5671400180145, Time : 22.073 s
Timestep : 218974, score : -4479.4687863731815, Time : 22.081 s
Timestep : 227733, score : -4443.9894901713415, Time : 22.442 s
Timestep : 236492, score : -4264.295611848502, Time : 22.269 s
Timestep : 245251, score : -4226.3243802407815, Time : 22.082 s
Timestep : 254010, score : -4384.43495514158, Time : 22.341 s
Timestep : 262769, score : -4320.851236231072, Time : 22.691 s
Timestep : 271528, score : -4340.493945888971, Time : 22.134 s
Timestep : 280287, score : -4165.511339620134, Time : 21.976 s
Timestep : 289046, score : -4255.486031287728, Time : 21.999 s
Timestep : 297805, score : -4302.317465432367, Time : 22.758 s
Timestep : 306564, score : -4260.168314873619, Time : 22.711 s
Timestep : 315323, score : -4219.194715835532, Time : 22.264 s
Timestep : 324082, score : -4215.254334261088, Time : 22.036 s
Timestep : 332841, score : -4179.608189562714, Time : 22.039 s
Timestep : 341600, score : -4315.092009265354, Time : 22.157 s
Timestep : 350359, score : -4273.567277324881, Time : 22.785 s
Timestep : 359118, score : -4202.700165637216, Time : 22.127 s
Timestep : 367877, score : -4285.028538846789, Time : 22.617 s
Timestep : 376636, score : -4166.506687221496, Time : 22.013 s
Timestep : 385395, score : -4167.424250587734, Time : 22.352 s
Timestep : 394154, score : -4209.63148009908, Time : 22.235 s
Timestep : 402913, score : -4240.194678239903, Time : 22.215 s
Timestep : 411672, score : -4102.44537147638, Time : 22.786 s
Timestep : 420431, score : -4227.212499388872, Time : 22.749 s
Timestep : 429190, score : -4215.0208101993485, Time : 22.123 s
Timestep : 437949, score : -4422.831671682099, Time : 22.529 s
Timestep : 446708, score : -4165.682796028399, Time : 22.133 s
Timestep : 455467, score : -4193.474619268702, Time : 22.45 s
Timestep : 464226, score : -4173.944157416612, Time : 22.313 s
Timestep : 472985, score : -4082.090600801079, Time : 22.394 s
Timestep : 481744, score : -4135.733343026979, Time : 22.263 s
Timestep : 490503, score : -4115.680936579971, Time : 22.766 s
Timestep : 499262, score : -4072.5532675584836, Time : 22.803 s
Timestep : 508021, score : -4095.525715052994, Time : 22.78 s
Timestep : 516780, score : -4153.959992916411, Time : 22.789 s
Timestep : 525539, score : -4258.890276228456, Time : 22.82 s
Timestep : 534298, score : -4325.902709629765, Time : 22.716 s
Timestep : 543057, score : -4244.902800762473, Time : 22.348 s
Timestep : 551816, score : -4245.9663357654645, Time : 22.357 s
Timestep : 560575, score : -4204.130262734747, Time : 22.414 s
Timestep : 569334, score : -4192.255487897812, Time : 22.085 s
Timestep : 578093, score : -4204.5448252585775, Time : 22.203 s
Timestep : 586852, score : -4253.7637655953, Time : 22.771 s
Timestep : 595611, score : -4262.065048263787, Time : 22.781 s
Timestep : 604370, score : -4172.917018992273, Time : 22.776 s
Timestep : 613129, score : -4096.365433846979, Time : 22.781 s
Timestep : 621888, score : -4111.863319627271, Time : 22.635 s
Timestep : 630647, score : -4110.2088979533, Time : 22.555 s
Timestep : 639406, score : -4280.3667991041, Time : 22.177 s
Timestep : 648165, score : -4242.27664091569, Time : 22.068 s
Timestep : 656924, score : -4156.299088533415, Time : 22.086 s
Timestep : 665683, score : -4060.486524462147, Time : 22.119 s
Timestep : 674442, score : -4124.612936203746, Time : 22.313 s
Timestep : 683201, score : -4167.710209547455, Time : 22.802 s
Timestep : 691960, score : -4163.630817423953, Time : 22.795 s
Timestep : 700719, score : -4138.486677849112, Time : 22.602 s
Timestep : 709478, score : -4155.81534897667, Time : 22.487 s
Timestep : 718237, score : -4262.758233191824, Time : 22.189 s
Timestep : 726996, score : -4086.4497653296276, Time : 22.333 s
Timestep : 735755, score : -4175.261502848385, Time : 22.39 s
Timestep : 744514, score : -4313.604892488016, Time : 22.112 s
Timestep : 753273, score : -4175.197659439786, Time : 22.141 s
Timestep : 762032, score : -4167.037558841897, Time : 22.245 s
Timestep : 770791, score : -4093.800631560647, Time : 22.607 s
Timestep : 779550, score : -4149.948645059398, Time : 22.612 s
Timestep : 788309, score : -4187.283089892386, Time : 22.533 s
Timestep : 797068, score : -4220.217848402826, Time : 22.431 s
Timestep : 805827, score : -4152.678932871117, Time : 22.102 s
Timestep : 814586, score : -4097.100803380279, Time : 22.099 s
Timestep : 823345, score : -4160.538290526165, Time : 22.145 s
Timestep : 832104, score : -4220.382427386387, Time : 22.103 s
Timestep : 840863, score : -4194.4700758525, Time : 22.519 s
Timestep : 849622, score : -4119.234620078845, Time : 22.001 s
Timestep : 858381, score : -4173.877522268711, Time : 22.259 s
Timestep : 867140, score : -4196.616941168351, Time : 22.434 s
Timestep : 875899, score : -4191.4003035029455, Time : 22.103 s
Starting local evaluation
Num Steps: 1000, Num episodes: 0
Num Steps: 2000, Num episodes: 0
Num Steps: 3000, Num episodes: 0
Num Steps: 4000, Num episodes: 0
Num Steps: 5000, Num episodes: 0
Num Steps: 6000, Num episodes: 0
Num Steps: 7000, Num episodes: 0
Num Steps: 8000, Num episodes: 0
Episode complete: 1 | Latest episode metrics: {'price_cost': 1.0030975703878091, 'emmision_cost': 1.0035238145137952}
[-0.23412376] -0.2341237643073083
Average Price Cost: 1.0030975703878091
Average Emmision Cost: 1.0035238145137952
Average of both costs: 1.0033106924508022
Total time taken by agent: 3.7422152869403362s
DONE!
