{'agent': 'DQN', 'action_selection': 'egreedy', 'seed': 1, 'episodes': 100, 'data_path': 'data/citylearn_challenge_2022_phase_1', 'dry_run': False, 'n_discrete': 9, 'update_target': 32, 'lr': 7e-05, 'batch_size': 2, 'adam_epsilon': 1e-10, 'epsilon_final': 0.06, 'run_id': 270}
{'Notes': 'This is a tuning run, executed on a single building.',
 'action_selection': 'egreedy',
 'adam_epsilon': 1e-10,
 'env': '<NormalizeObservation<OneHotHour<DiscreteSingle<CityLearnEnv '
        'instance>>>>',
 'final_exploration_rate': 0.02,
 'final_exploration_step': 1000,
 'gamma': 0.99,
 'initial_exploration_rate': 1,
 'learning_rate': 7e-05,
 'loss': 'mse',
 'minibatch_size': 2,
 'network': 'MLP(\n'
            '  (layers): Sequential(\n'
            '    (0): Linear(in_features=29, out_features=128, bias=True)\n'
            '    (1): ReLU()\n'
            '    (2): Linear(in_features=128, out_features=128, bias=True)\n'
            '    (3): ReLU()\n'
            '    (4): Linear(in_features=128, out_features=9, bias=True)\n'
            '  )\n'
            ')',
 'replay_buffer_size': 10000,
 'replay_start_size': 2,
 'seed': 1,
 'train_steps': 876000,
 'update_frequency': 1,
 'update_target_frequency': 32,
 'weight_scale': 1.4142135623730951}
Timestep : 8758, score : -5933.272124412892, Time : 20.681 s
Timestep : 17517, score : -4467.389359360008, Time : 20.72 s
Timestep : 26276, score : -4824.783936773805, Time : 20.735 s
Timestep : 35035, score : -5076.5144912241085, Time : 20.767 s
Timestep : 43794, score : -4802.855150367512, Time : 20.743 s
Timestep : 52553, score : -4567.597227002872, Time : 20.779 s
Timestep : 61312, score : -4509.282161553769, Time : 20.779 s
Timestep : 70071, score : -5210.507294356896, Time : 21.396 s
Timestep : 78830, score : -4728.652645681941, Time : 21.432 s
Timestep : 87589, score : -4615.946034904016, Time : 21.437 s
Timestep : 96348, score : -4734.646155442024, Time : 21.398 s
Timestep : 105107, score : -4119.899263328247, Time : 21.445 s
Timestep : 113866, score : -3073.4522041797463, Time : 21.439 s
Timestep : 122625, score : -2104.1641566487087, Time : 21.459 s
Timestep : 131384, score : -1897.012502058482, Time : 21.438 s
Timestep : 140143, score : -2473.3947398475393, Time : 21.451 s
Timestep : 148902, score : -2238.1004822784744, Time : 21.453 s
Timestep : 157661, score : -2413.2469199987972, Time : 20.946 s
Timestep : 166420, score : -1982.9840848647582, Time : 20.907 s
Timestep : 175179, score : -1921.6300739998987, Time : 21.202 s
Timestep : 183938, score : -1962.8006754804228, Time : 21.439 s
Timestep : 192697, score : -1911.7357494391763, Time : 21.449 s
Timestep : 201456, score : -2463.6551986557897, Time : 21.389 s
Timestep : 210215, score : -2609.586259467789, Time : 21.445 s
Timestep : 218974, score : -2745.8868288913436, Time : 21.445 s
Timestep : 227733, score : -2186.209749081361, Time : 20.875 s
Timestep : 236492, score : -2705.4319097249827, Time : 21.354 s
Timestep : 245251, score : -2204.1596072956163, Time : 21.267 s
Timestep : 254010, score : -1699.7667429969006, Time : 20.8 s
Timestep : 262769, score : -2254.1862389163434, Time : 20.758 s
Timestep : 271528, score : -1963.8464718337927, Time : 21.289 s
Timestep : 280287, score : -1597.6583808234718, Time : 21.443 s
Timestep : 289046, score : -2076.74474477084, Time : 21.024 s
Timestep : 297805, score : -1747.1193300871237, Time : 21.124 s
Timestep : 306564, score : -2354.576371347617, Time : 20.777 s
Timestep : 315323, score : -2021.8888211555604, Time : 20.756 s
Timestep : 324082, score : -1593.8439736843575, Time : 20.779 s
Timestep : 332841, score : -1591.1120177230623, Time : 20.778 s
Timestep : 341600, score : -1532.7628752777164, Time : 21.415 s
Timestep : 350359, score : -1674.0514960100427, Time : 20.957 s
Timestep : 359118, score : -1732.7109761860047, Time : 20.748 s
Timestep : 367877, score : -1764.4997404709284, Time : 20.752 s
Timestep : 376636, score : -1453.244544662305, Time : 20.936 s
Timestep : 385395, score : -1460.3416955021967, Time : 21.424 s
Timestep : 394154, score : -1414.302955250052, Time : 21.393 s
Timestep : 402913, score : -1406.9033054204483, Time : 20.962 s
Timestep : 411672, score : -1612.6211365572672, Time : 20.957 s
Timestep : 420431, score : -1459.0973422386742, Time : 21.417 s
Timestep : 429190, score : -2069.085567332775, Time : 20.783 s
Timestep : 437949, score : -1493.5013725114986, Time : 20.778 s
Timestep : 446708, score : -1737.3065610234698, Time : 21.143 s
Timestep : 455467, score : -1836.8732444265042, Time : 20.929 s
Timestep : 464226, score : -1738.5663636416139, Time : 20.895 s
Timestep : 472985, score : -2285.170295131509, Time : 21.106 s
Timestep : 481744, score : -2157.2714394146387, Time : 21.584 s
Timestep : 490503, score : -1779.2621739513852, Time : 21.576 s
Timestep : 499262, score : -1611.9295734891493, Time : 21.587 s
Timestep : 508021, score : -1869.4628204109904, Time : 21.493 s
Timestep : 516780, score : -1811.9365050972265, Time : 21.463 s
Timestep : 525539, score : -1827.8251580860233, Time : 21.592 s
Timestep : 534298, score : -1725.2218418468547, Time : 21.58 s
Timestep : 543057, score : -1410.5997589149338, Time : 21.585 s
Timestep : 551816, score : -1623.9400859040034, Time : 21.593 s
Timestep : 560575, score : -1639.3478969556672, Time : 21.163 s
Timestep : 569334, score : -1842.9671941497363, Time : 20.779 s
Timestep : 578093, score : -1630.8674341114165, Time : 20.811 s
Timestep : 586852, score : -1758.2703376360732, Time : 21.431 s
Timestep : 595611, score : -1886.135448031302, Time : 21.437 s
Timestep : 604370, score : -1779.4587360651058, Time : 21.447 s
Timestep : 613129, score : -1566.7878370046674, Time : 21.422 s
Timestep : 621888, score : -1498.2880146531388, Time : 21.52 s
Timestep : 630647, score : -1973.8516048253805, Time : 21.498 s
Timestep : 639406, score : -2262.9249319964147, Time : 21.568 s
Timestep : 648165, score : -1834.5951658299018, Time : 21.584 s
Timestep : 656924, score : -1476.529506913328, Time : 21.351 s
Timestep : 665683, score : -1832.1593375335651, Time : 20.92 s
Timestep : 674442, score : -1431.0205909977958, Time : 20.901 s
Timestep : 683201, score : -2099.4017488878744, Time : 20.794 s
Timestep : 691960, score : -1761.4706343130965, Time : 20.78 s
Timestep : 700719, score : -1522.5304315726826, Time : 20.78 s
Timestep : 709478, score : -1488.2668920793221, Time : 21.075 s
Timestep : 718237, score : -2096.693630929236, Time : 21.507 s
Timestep : 726996, score : -1817.6462874070567, Time : 21.586 s
Timestep : 735755, score : -1484.5106085692823, Time : 21.582 s
Timestep : 744514, score : -1567.6539356094654, Time : 21.582 s
Timestep : 753273, score : -1822.5990372873785, Time : 21.598 s
Timestep : 762032, score : -1716.6335077955446, Time : 21.582 s
Timestep : 770791, score : -1915.947370761336, Time : 21.599 s
Timestep : 779550, score : -1765.8406499175471, Time : 21.562 s
Timestep : 788309, score : -1695.2856927542161, Time : 21.592 s
Timestep : 797068, score : -1774.6112029553915, Time : 21.582 s
Timestep : 805827, score : -1647.639235280716, Time : 21.004 s
Timestep : 814586, score : -1577.8228789867862, Time : 20.883 s
Timestep : 823345, score : -1876.0521842402231, Time : 20.873 s
Timestep : 832104, score : -1599.0053407944797, Time : 21.14 s
Timestep : 840863, score : -1632.8558718053682, Time : 21.557 s
Timestep : 849622, score : -1984.8304244794563, Time : 21.599 s
Timestep : 858381, score : -2014.8801106714673, Time : 21.424 s
Timestep : 867140, score : -2033.712174828077, Time : 20.893 s
Timestep : 875899, score : -1728.7411133331043, Time : 20.905 s
Starting local evaluation
Num Steps: 1000, Num episodes: 0
Num Steps: 2000, Num episodes: 0
Num Steps: 3000, Num episodes: 0
Num Steps: 4000, Num episodes: 0
Num Steps: 5000, Num episodes: 0
Num Steps: 6000, Num episodes: 0
Num Steps: 7000, Num episodes: 0
Num Steps: 8000, Num episodes: 0
Episode complete: 1 | Latest episode metrics: {'price_cost': 0.8647869635449984, 'emmision_cost': 0.9338236368193739}
[-0.10438941] -0.10438940622666623
Average Price Cost: 0.8647869635449984
Average Emmision Cost: 0.9338236368193739
Average of both costs: 0.8993053001821861
Total time taken by agent: 2.532548514660448s
DONE!
