{'agent': 'DQN', 'action_selection': 'softmax', 'seed': 1, 'episodes': 100, 'data_path': 'data/citylearn_challenge_2022_phase_1', 'dry_run': False, 'n_discrete': 9, 'update_target': 4, 'lr': 1e-05, 'batch_size': 32, 'adam_epsilon': 1e-05, 'epsilon_final': 0.02, 'run_id': 156}
{'Notes': 'This is a tuning run, executed on a single building.',
 'action_selection': 'softmax',
 'adam_epsilon': 1e-05,
 'env': '<NormalizeObservation<OneHotHour<DiscreteSingle<CityLearnEnv '
        'instance>>>>',
 'final_exploration_rate': 0.02,
 'final_exploration_step': 1000,
 'gamma': 0.99,
 'initial_exploration_rate': 1,
 'learning_rate': 1e-05,
 'loss': 'mse',
 'minibatch_size': 32,
 'network': 'MLP(\n'
            '  (layers): Sequential(\n'
            '    (0): Linear(in_features=29, out_features=128, bias=True)\n'
            '    (1): ReLU()\n'
            '    (2): Linear(in_features=128, out_features=128, bias=True)\n'
            '    (3): ReLU()\n'
            '    (4): Linear(in_features=128, out_features=9, bias=True)\n'
            '  )\n'
            ')',
 'replay_buffer_size': 10000,
 'replay_start_size': 32,
 'seed': 1,
 'train_steps': 876000,
 'update_frequency': 1,
 'update_target_frequency': 4,
 'weight_scale': 1.4142135623730951}
Timestep : 8758, score : -7107.1393363932875, Time : 22.742 s
Timestep : 17517, score : -4341.236676814413, Time : 22.783 s
Timestep : 26276, score : -4140.29427274075, Time : 22.756 s
Timestep : 35035, score : -4306.68431004163, Time : 22.785 s
Timestep : 43794, score : -4432.412600738375, Time : 22.831 s
Timestep : 52553, score : -4308.276776068698, Time : 22.818 s
Timestep : 61312, score : -4364.190810052125, Time : 22.826 s
Timestep : 70071, score : -4214.509558898775, Time : 22.823 s
Timestep : 78830, score : -4215.068259277759, Time : 22.818 s
Timestep : 87589, score : -4204.004055296144, Time : 22.862 s
Timestep : 96348, score : -4136.258103701664, Time : 22.816 s
Timestep : 105107, score : -4173.977198326407, Time : 22.799 s
Timestep : 113866, score : -4129.624620651273, Time : 22.837 s
Timestep : 122625, score : -4086.6007843812986, Time : 22.835 s
Timestep : 131384, score : -4107.349420666142, Time : 22.769 s
Timestep : 140143, score : -4107.219424178271, Time : 22.814 s
Timestep : 148902, score : -4101.91489912328, Time : 22.836 s
Timestep : 157661, score : -4124.372608130245, Time : 22.802 s
Timestep : 166420, score : -4107.976980262814, Time : 22.793 s
Timestep : 175179, score : -4090.7553346730565, Time : 23.066 s
Timestep : 183938, score : -4107.3553974998795, Time : 23.487 s
Timestep : 192697, score : -4155.40589800349, Time : 23.47 s
Timestep : 201456, score : -4334.548825649574, Time : 22.932 s
Timestep : 210215, score : -4323.355864742218, Time : 22.972 s
Timestep : 218974, score : -4271.139879558614, Time : 22.969 s
Timestep : 227733, score : -4407.613488860501, Time : 22.956 s
Timestep : 236492, score : -4398.855322787844, Time : 23.375 s
Timestep : 245251, score : -4437.986596403789, Time : 23.651 s
Timestep : 254010, score : -4423.6109283958795, Time : 23.704 s
Timestep : 262769, score : -4295.663813679857, Time : 23.666 s
Timestep : 271528, score : -4277.842229372312, Time : 23.667 s
Timestep : 280287, score : -4514.550803852646, Time : 23.654 s
Timestep : 289046, score : -4457.48051357214, Time : 23.622 s
Timestep : 297805, score : -4218.551924731029, Time : 23.613 s
Timestep : 306564, score : -4270.188282157673, Time : 23.649 s
Timestep : 315323, score : -4305.15125619786, Time : 23.649 s
Timestep : 324082, score : -4257.991456336837, Time : 23.627 s
Timestep : 332841, score : -4295.186972311552, Time : 23.668 s
Timestep : 341600, score : -4203.95108562606, Time : 23.662 s
Timestep : 350359, score : -4206.4951945228095, Time : 23.522 s
Timestep : 359118, score : -4188.25305923578, Time : 23.337 s
Timestep : 367877, score : -4204.468920828222, Time : 23.61 s
Timestep : 376636, score : -4169.720082190266, Time : 23.627 s
Timestep : 385395, score : -4201.411404576997, Time : 23.16 s
Timestep : 394154, score : -4233.9892852213525, Time : 22.877 s
Timestep : 402913, score : -4208.950568298882, Time : 22.839 s
Timestep : 411672, score : -4311.691292127041, Time : 23.002 s
Timestep : 420431, score : -4340.806677686545, Time : 23.563 s
Timestep : 429190, score : -4405.807887571311, Time : 23.179 s
Timestep : 437949, score : -4369.352716714988, Time : 23.191 s
Timestep : 446708, score : -4290.330064840178, Time : 23.611 s
Timestep : 455467, score : -4289.765724186698, Time : 23.68 s
Timestep : 464226, score : -4400.0709511429595, Time : 23.658 s
Timestep : 472985, score : -4430.480264283629, Time : 23.659 s
Timestep : 481744, score : -4398.391384275543, Time : 23.68 s
Timestep : 490503, score : -4324.258168736851, Time : 23.051 s
Timestep : 499262, score : -4405.645830056674, Time : 23.323 s
Timestep : 508021, score : -4359.886682507029, Time : 23.673 s
Timestep : 516780, score : -4405.364079715931, Time : 23.705 s
Timestep : 525539, score : -4400.229739061935, Time : 23.673 s
Timestep : 534298, score : -4203.197059672879, Time : 23.672 s
Timestep : 543057, score : -4377.085219098168, Time : 23.43 s
Timestep : 551816, score : -4350.837947060616, Time : 23.682 s
Timestep : 560575, score : -4314.365046885287, Time : 23.679 s
Timestep : 569334, score : -4224.105962057045, Time : 23.654 s
Timestep : 578093, score : -4225.313391797317, Time : 23.653 s
Timestep : 586852, score : -4245.280489480036, Time : 23.048 s
Timestep : 595611, score : -4427.286865687958, Time : 23.597 s
Timestep : 604370, score : -4203.364996820135, Time : 23.666 s
Timestep : 613129, score : -4309.7331356177165, Time : 23.12 s
Timestep : 621888, score : -4199.711409607349, Time : 23.024 s
Timestep : 630647, score : -4211.302054106636, Time : 23.536 s
Timestep : 639406, score : -4352.94230230854, Time : 23.7 s
Timestep : 648165, score : -4193.617855782533, Time : 23.497 s
Timestep : 656924, score : -4239.94608941293, Time : 22.978 s
Timestep : 665683, score : -4222.870312656349, Time : 23.39 s
Timestep : 674442, score : -4295.99889538475, Time : 23.672 s
Timestep : 683201, score : -4363.043620047538, Time : 23.667 s
Timestep : 691960, score : -4323.553683935112, Time : 23.377 s
Timestep : 700719, score : -4384.221248261078, Time : 22.993 s
Timestep : 709478, score : -4502.785777516576, Time : 23.044 s
Timestep : 718237, score : -4350.089211398066, Time : 23.559 s
Timestep : 726996, score : -4323.934790817584, Time : 23.714 s
Timestep : 735755, score : -4401.420812003693, Time : 23.72 s
Timestep : 744514, score : -4200.865626237777, Time : 23.746 s
Timestep : 753273, score : -4047.9692475445627, Time : 23.183 s
Timestep : 762032, score : -3936.4577122114424, Time : 23.094 s
Timestep : 770791, score : -3874.2716324792273, Time : 23.065 s
Timestep : 779550, score : -3563.8566276720085, Time : 23.292 s
Timestep : 788309, score : -3215.1508141629456, Time : 23.069 s
Timestep : 797068, score : -2964.3852884798835, Time : 23.092 s
Timestep : 805827, score : -2820.449854264065, Time : 23.784 s
Timestep : 814586, score : -2770.0477463630086, Time : 23.792 s
Timestep : 823345, score : -2634.675413234305, Time : 23.668 s
Timestep : 832104, score : -2514.4063208636653, Time : 23.233 s
Timestep : 840863, score : -2855.1966213424603, Time : 23.073 s
Timestep : 849622, score : -3153.8528009525326, Time : 23.33 s
Timestep : 858381, score : -2749.7598119821923, Time : 23.797 s
Timestep : 867140, score : -2667.0226850468025, Time : 23.826 s
Timestep : 875899, score : -2767.740400632407, Time : 23.811 s
Starting local evaluation
Num Steps: 1000, Num episodes: 0
Num Steps: 2000, Num episodes: 0
Num Steps: 3000, Num episodes: 0
Num Steps: 4000, Num episodes: 0
Num Steps: 5000, Num episodes: 0
Num Steps: 6000, Num episodes: 0
Num Steps: 7000, Num episodes: 0
Num Steps: 8000, Num episodes: 0
Episode complete: 1 | Latest episode metrics: {'price_cost': 0.9623710408520337, 'emmision_cost': 1.0036959160912482}
[-0.20812226] -0.2081222590608501
Average Price Cost: 0.9623710408520337
Average Emmision Cost: 1.0036959160912482
Average of both costs: 0.983033478471641
Total time taken by agent: 3.7853736265096813s
DONE!
