{'agent': 'DQN', 'action_selection': 'softmax', 'seed': 1, 'episodes': 100, 'data_path': 'data/citylearn_challenge_2022_phase_1', 'dry_run': False, 'n_discrete': 9, 'update_target': 8, 'lr': 0.1, 'batch_size': 1, 'adam_epsilon': 0.0001, 'epsilon_final': 0.02, 'run_id': 4}
{'Notes': 'This is a tuning run, executed on a single building.',
 'action_selection': 'softmax',
 'adam_epsilon': 0.0001,
 'env': '<NormalizeObservation<OneHotHour<DiscreteSingle<CityLearnEnv '
        'instance>>>>',
 'final_exploration_rate': 0.02,
 'final_exploration_step': 1000,
 'gamma': 0.99,
 'initial_exploration_rate': 1,
 'learning_rate': 0.1,
 'loss': 'mse',
 'minibatch_size': 1,
 'network': 'MLP(\n'
            '  (layers): Sequential(\n'
            '    (0): Linear(in_features=29, out_features=128, bias=True)\n'
            '    (1): ReLU()\n'
            '    (2): Linear(in_features=128, out_features=128, bias=True)\n'
            '    (3): ReLU()\n'
            '    (4): Linear(in_features=128, out_features=9, bias=True)\n'
            '  )\n'
            ')',
 'replay_buffer_size': 10000,
 'replay_start_size': 1,
 'seed': 1,
 'train_steps': 876000,
 'update_frequency': 1,
 'update_target_frequency': 8,
 'weight_scale': 1.4142135623730951}
Timestep : 8758, score : -4658.043933569104, Time : 21.506 s
Timestep : 17517, score : -4759.380348712584, Time : 21.167 s
Timestep : 26276, score : -4700.185133665596, Time : 21.048 s
Timestep : 35035, score : -4824.3738210964075, Time : 20.941 s
Timestep : 43794, score : -5066.751827977045, Time : 21.861 s
Timestep : 52553, score : -7117.626907093829, Time : 21.837 s
Timestep : 61312, score : -7477.236677942361, Time : 21.443 s
Timestep : 70071, score : -5649.67302306807, Time : 21.478 s
Timestep : 78830, score : -8724.121537538202, Time : 21.695 s
Timestep : 87589, score : -5154.237806772886, Time : 21.187 s
Timestep : 96348, score : -6482.765023202941, Time : 21.356 s
Timestep : 105107, score : -4879.949459879572, Time : 21.89 s
Timestep : 113866, score : -4263.148425151972, Time : 22.34 s
Timestep : 122625, score : -4047.4379285326286, Time : 22.143 s
Timestep : 131384, score : -4047.6378457000537, Time : 22.357 s
Timestep : 140143, score : -4047.6378457000537, Time : 21.849 s
Timestep : 148902, score : -4046.867943679361, Time : 21.483 s
Timestep : 157661, score : -4047.804502998857, Time : 21.485 s
Timestep : 166420, score : -4047.6763440271898, Time : 22.322 s
Timestep : 175179, score : -4047.437928651838, Time : 22.536 s
Timestep : 183938, score : -4047.567683090834, Time : 21.603 s
Timestep : 192697, score : -4047.5967804988904, Time : 21.529 s
Timestep : 201456, score : -4047.6378457000537, Time : 21.398 s
Timestep : 210215, score : -4047.4379285326286, Time : 21.205 s
Timestep : 218974, score : -4047.7601957371517, Time : 21.344 s
Timestep : 227733, score : -4047.637846668629, Time : 22.036 s
Timestep : 236492, score : -4047.4379285326286, Time : 21.909 s
Timestep : 245251, score : -4047.6978010138555, Time : 21.476 s
Timestep : 254010, score : -4047.697800775437, Time : 21.599 s
Timestep : 262769, score : -4047.637847167818, Time : 21.309 s
Timestep : 271528, score : -4047.335926314263, Time : 21.235 s
Timestep : 280287, score : -4044.792951417534, Time : 21.24 s
Timestep : 289046, score : -4047.637846668629, Time : 21.864 s
Timestep : 297805, score : -4046.5921663394256, Time : 21.911 s
Timestep : 306564, score : -4047.441115518479, Time : 21.474 s
Timestep : 315323, score : -4047.637846668629, Time : 21.499 s
Timestep : 324082, score : -4047.5172646245046, Time : 21.308 s
Timestep : 332841, score : -4047.4411153992696, Time : 21.242 s
Timestep : 341600, score : -4047.8702912380977, Time : 21.56 s
Timestep : 350359, score : -4047.5830285897537, Time : 22.398 s
Timestep : 359118, score : -4047.2526520391984, Time : 22.572 s
Timestep : 367877, score : -4047.2526520391984, Time : 22.191 s
Timestep : 376636, score : -4047.7601957371517, Time : 22.283 s
Timestep : 385395, score : -4047.760196497111, Time : 22.003 s
Timestep : 394154, score : -4047.596781929402, Time : 21.961 s
Timestep : 402913, score : -4047.5172646245046, Time : 21.941 s
Timestep : 411672, score : -4047.697800775437, Time : 22.472 s
Timestep : 420431, score : -4047.8702915063186, Time : 22.597 s
Timestep : 429190, score : -4047.437928651838, Time : 22.304 s
Timestep : 437949, score : -4047.637846668629, Time : 22.115 s
Timestep : 446708, score : -4047.433990230231, Time : 21.957 s
Timestep : 455467, score : -4047.7601957371517, Time : 21.948 s
Timestep : 464226, score : -4048.1463040908857, Time : 22.047 s
Timestep : 472985, score : -4047.335926433472, Time : 22.589 s
Timestep : 481744, score : -4047.4379285326286, Time : 22.857 s
Timestep : 490503, score : -4047.8702912380977, Time : 22.261 s
Timestep : 499262, score : -4047.4379285326286, Time : 21.853 s
Timestep : 508021, score : -4047.6763440271898, Time : 21.308 s
Timestep : 516780, score : -4047.395525371103, Time : 21.31 s
Timestep : 525539, score : -4047.5469195297046, Time : 21.995 s
Timestep : 534298, score : -4047.8064624270482, Time : 21.932 s
Timestep : 543057, score : -4047.033907805948, Time : 22.279 s
Timestep : 551816, score : -4047.709237967996, Time : 21.763 s
Timestep : 560575, score : -4047.8702912380977, Time : 21.268 s
Timestep : 569334, score : -4047.806462665467, Time : 21.202 s
Timestep : 578093, score : -4047.822159235744, Time : 21.171 s
Timestep : 586852, score : -4047.637847167818, Time : 21.373 s
Timestep : 595611, score : -4047.5676828524156, Time : 22.524 s
Timestep : 604370, score : -4047.6378457000537, Time : 22.39 s
Timestep : 613129, score : -4047.870290731458, Time : 21.562 s
Timestep : 621888, score : -4047.7131457975192, Time : 21.148 s
Timestep : 630647, score : -4047.692041908769, Time : 21.178 s
Timestep : 639406, score : -4047.252651919989, Time : 21.593 s
Timestep : 648165, score : -4047.546918099193, Time : 22.077 s
Timestep : 656924, score : -4047.567683090834, Time : 22.689 s
Timestep : 665683, score : -4047.9167970767303, Time : 22.616 s
Timestep : 674442, score : -4047.6978002985998, Time : 22.001 s
Timestep : 683201, score : -4047.275482883124, Time : 21.872 s
Timestep : 691960, score : -4047.3846282413288, Time : 21.869 s
Timestep : 700719, score : -4047.5440326178505, Time : 21.651 s
Timestep : 709478, score : -4047.8221598317905, Time : 21.724 s
Timestep : 718237, score : -4047.518161892338, Time : 22.407 s
Timestep : 726996, score : -4047.8702912380977, Time : 22.182 s
Timestep : 735755, score : -4047.335926314263, Time : 21.94 s
Timestep : 744514, score : -4047.1228599002643, Time : 21.579 s
Timestep : 753273, score : -4047.637847167818, Time : 21.211 s
Timestep : 762032, score : -4047.437928651838, Time : 21.154 s
Timestep : 770791, score : -4047.760196243791, Time : 21.577 s
Timestep : 779550, score : -4047.8702912380977, Time : 22.15 s
Timestep : 788309, score : -4047.8702915063186, Time : 21.631 s
Timestep : 797068, score : -4047.6978010138555, Time : 21.136 s
Timestep : 805827, score : -4047.8064624270482, Time : 20.975 s
Timestep : 814586, score : -4047.637846668629, Time : 20.992 s
Timestep : 823345, score : -4047.637847167818, Time : 21.013 s
Timestep : 832104, score : -4047.6920421471877, Time : 21.101 s
Timestep : 840863, score : -4047.8702912380977, Time : 21.482 s
Timestep : 849622, score : -4047.6920413127227, Time : 21.549 s
Timestep : 858381, score : -4047.8702915063186, Time : 21.481 s
Timestep : 867140, score : -4047.760196243791, Time : 21.357 s
Timestep : 875899, score : -4047.637846668629, Time : 21.664 s
Starting local evaluation
Num Steps: 1000, Num episodes: 0
Num Steps: 2000, Num episodes: 0
Num Steps: 3000, Num episodes: 0
Num Steps: 4000, Num episodes: 0
Num Steps: 5000, Num episodes: 0
Num Steps: 6000, Num episodes: 0
Num Steps: 7000, Num episodes: 0
Num Steps: 8000, Num episodes: 0
Episode complete: 1 | Latest episode metrics: {'price_cost': 1.0007177859499206, 'emmision_cost': 1.0010065235109675}
[-0.2311146] -0.23111459992644431
Average Price Cost: 1.0007177859499206
Average Emmision Cost: 1.0010065235109675
Average of both costs: 1.0008621547304442
Total time taken by agent: 4.081387215992436s
DONE!
