{'agent': 'DQN', 'action_selection': 'softmax', 'seed': 1, 'episodes': 100, 'data_path': 'data/citylearn_challenge_2022_phase_1', 'dry_run': False, 'n_discrete': 9, 'update_target': 8, 'lr': 7e-05, 'batch_size': 32, 'adam_epsilon': 0.001, 'epsilon_final': 0.02, 'run_id': 21}
{'Notes': 'This is a tuning run, executed on a single building.',
 'action_selection': 'softmax',
 'adam_epsilon': 0.001,
 'env': '<NormalizeObservation<OneHotHour<DiscreteSingle<CityLearnEnv '
        'instance>>>>',
 'final_exploration_rate': 0.02,
 'final_exploration_step': 1000,
 'gamma': 0.99,
 'initial_exploration_rate': 1,
 'learning_rate': 7e-05,
 'loss': 'mse',
 'minibatch_size': 32,
 'network': 'MLP(\n'
            '  (layers): Sequential(\n'
            '    (0): Linear(in_features=29, out_features=128, bias=True)\n'
            '    (1): ReLU()\n'
            '    (2): Linear(in_features=128, out_features=128, bias=True)\n'
            '    (3): ReLU()\n'
            '    (4): Linear(in_features=128, out_features=9, bias=True)\n'
            '  )\n'
            ')',
 'replay_buffer_size': 10000,
 'replay_start_size': 32,
 'seed': 1,
 'train_steps': 876000,
 'update_frequency': 1,
 'update_target_frequency': 8,
 'weight_scale': 1.4142135623730951}
Timestep : 8758, score : -5307.633574180218, Time : 23.807 s
Timestep : 17517, score : -4709.72358944577, Time : 23.717 s
Timestep : 26276, score : -4231.649260317354, Time : 23.587 s
Timestep : 35035, score : -3969.1086028033897, Time : 23.775 s
Timestep : 43794, score : -3322.7576881278364, Time : 23.949 s
Timestep : 52553, score : -3411.3381820026843, Time : 24.023 s
Timestep : 61312, score : -3515.6511988933926, Time : 23.93 s
Timestep : 70071, score : -2895.625467522448, Time : 23.772 s
Timestep : 78830, score : -2711.7545962722797, Time : 23.893 s
Timestep : 87589, score : -2616.1935531014606, Time : 23.977 s
Timestep : 96348, score : -2745.592761395528, Time : 23.982 s
Timestep : 105107, score : -2622.367311147769, Time : 23.94 s
Timestep : 113866, score : -2169.5146205694473, Time : 23.761 s
Timestep : 122625, score : -2165.023740534176, Time : 23.917 s
Timestep : 131384, score : -2033.2323834666313, Time : 23.966 s
Timestep : 140143, score : -1911.962249716118, Time : 23.98 s
Timestep : 148902, score : -2323.5025919537584, Time : 23.922 s
Timestep : 157661, score : -2391.5146843106777, Time : 23.548 s
Timestep : 166420, score : -1937.8690669500938, Time : 22.861 s
Timestep : 175179, score : -2376.7733234507323, Time : 23.09 s
Timestep : 183938, score : -1885.4554801273916, Time : 22.955 s
Timestep : 192697, score : -2206.952520119754, Time : 22.865 s
Timestep : 201456, score : -2163.1784452505235, Time : 23.438 s
Timestep : 210215, score : -2080.644261987385, Time : 23.584 s
Timestep : 218974, score : -1940.953933731449, Time : 22.996 s
Timestep : 227733, score : -2037.408675133629, Time : 23.033 s
Timestep : 236492, score : -2347.402395966419, Time : 23.158 s
Timestep : 245251, score : -1944.9990014334035, Time : 23.056 s
Timestep : 254010, score : -2020.6392097121861, Time : 23.394 s
Timestep : 262769, score : -2162.0468320180953, Time : 24.502 s
Timestep : 271528, score : -2233.0239640458312, Time : 24.283 s
Timestep : 280287, score : -2292.0320700727752, Time : 23.494 s
Timestep : 289046, score : -2005.5249244806182, Time : 23.129 s
Timestep : 297805, score : -2143.5697665032058, Time : 23.782 s
Timestep : 306564, score : -2139.073155536229, Time : 23.083 s
Timestep : 315323, score : -2180.6648250036815, Time : 23.956 s
Timestep : 324082, score : -2096.574227887584, Time : 24.297 s
Timestep : 332841, score : -2194.738176258077, Time : 23.62 s
Timestep : 341600, score : -2333.024063497578, Time : 23.555 s
Timestep : 350359, score : -2341.211045809585, Time : 23.627 s
Timestep : 359118, score : -2449.147239217593, Time : 23.82 s
Timestep : 367877, score : -2752.819296554575, Time : 24.035 s
Timestep : 376636, score : -2732.2147262471553, Time : 24.205 s
Timestep : 385395, score : -2460.911950535403, Time : 23.792 s
Timestep : 394154, score : -2567.2678776662797, Time : 23.565 s
Timestep : 402913, score : -2261.713733876779, Time : 23.567 s
Timestep : 411672, score : -2418.699607345072, Time : 23.595 s
Timestep : 420431, score : -2314.427603617223, Time : 23.922 s
Timestep : 429190, score : -2160.6801223999646, Time : 24.507 s
Timestep : 437949, score : -2268.544087475195, Time : 24.095 s
Timestep : 446708, score : -2205.9789996998443, Time : 23.499 s
Timestep : 455467, score : -2068.1770393636834, Time : 23.54 s
Timestep : 464226, score : -2527.990242153406, Time : 23.53 s
Timestep : 472985, score : -2410.0095316439692, Time : 23.563 s
Timestep : 481744, score : -2251.9030302244064, Time : 24.374 s
Timestep : 490503, score : -2323.701567151147, Time : 24.531 s
Timestep : 499262, score : -2378.7751198667393, Time : 23.626 s
Timestep : 508021, score : -2228.8274799676437, Time : 23.536 s
Timestep : 516780, score : -2063.8202288052125, Time : 23.523 s
Timestep : 525539, score : -1966.9091136056522, Time : 23.539 s
Timestep : 534298, score : -2293.836381033092, Time : 23.762 s
Timestep : 543057, score : -2129.0169190677407, Time : 24.599 s
Timestep : 551816, score : -2101.593290241348, Time : 24.234 s
Timestep : 560575, score : -2011.7563668646617, Time : 23.526 s
Timestep : 569334, score : -2516.973578750796, Time : 23.493 s
Timestep : 578093, score : -2647.434463442565, Time : 23.517 s
Timestep : 586852, score : -1815.367293628835, Time : 23.542 s
Timestep : 595611, score : -2231.238303710503, Time : 24.157 s
Timestep : 604370, score : -2104.9896302374837, Time : 24.525 s
Timestep : 613129, score : -2028.430229901598, Time : 23.822 s
Timestep : 621888, score : -1794.4239400052757, Time : 23.598 s
Timestep : 630647, score : -1833.8459213396127, Time : 23.567 s
Timestep : 639406, score : -2059.0117360954464, Time : 23.53 s
Timestep : 648165, score : -2123.432845493342, Time : 23.839 s
Timestep : 656924, score : -1949.7400777936273, Time : 24.217 s
Timestep : 665683, score : -1994.0272497707338, Time : 24.03 s
Timestep : 674442, score : -1832.4316645182262, Time : 23.825 s
Timestep : 683201, score : -2083.005882356694, Time : 23.539 s
Timestep : 691960, score : -1805.1183112742438, Time : 23.56 s
Timestep : 700719, score : -1827.3380452941929, Time : 23.644 s
Timestep : 709478, score : -1900.339547249052, Time : 24.275 s
Timestep : 718237, score : -2010.1614962125896, Time : 24.065 s
Timestep : 726996, score : -2004.2647886646155, Time : 23.782 s
Timestep : 735755, score : -1987.9573147804767, Time : 23.702 s
Timestep : 744514, score : -2117.4204275128723, Time : 23.13 s
Timestep : 753273, score : -2199.165312831785, Time : 23.131 s
Timestep : 762032, score : -1795.7130600725359, Time : 23.774 s
Timestep : 770791, score : -1922.4533447993745, Time : 24.205 s
Timestep : 779550, score : -1906.1910519982048, Time : 23.642 s
Timestep : 788309, score : -1773.1124890779902, Time : 23.666 s
Timestep : 797068, score : -1861.6723627670726, Time : 23.775 s
Timestep : 805827, score : -1803.134435140324, Time : 23.584 s
Timestep : 814586, score : -1914.5810453503218, Time : 23.687 s
Timestep : 823345, score : -2115.2764439736784, Time : 24.185 s
Timestep : 832104, score : -2079.853790426074, Time : 23.924 s
Timestep : 840863, score : -2129.4035255557683, Time : 23.267 s
Timestep : 849622, score : -1971.8754491314467, Time : 23.229 s
Timestep : 858381, score : -2062.91627721049, Time : 23.333 s
Timestep : 867140, score : -2006.3965127448173, Time : 23.193 s
Timestep : 875899, score : -2052.7917712899216, Time : 23.61 s
Starting local evaluation
Num Steps: 1000, Num episodes: 0
Num Steps: 2000, Num episodes: 0
Num Steps: 3000, Num episodes: 0
Num Steps: 4000, Num episodes: 0
Num Steps: 5000, Num episodes: 0
Num Steps: 6000, Num episodes: 0
Num Steps: 7000, Num episodes: 0
Num Steps: 8000, Num episodes: 0
Episode complete: 1 | Latest episode metrics: {'price_cost': 0.8750145005919067, 'emmision_cost': 0.9557487754593734}
[-0.12386892] -0.12386891536987915
Average Price Cost: 0.8750145005919067
Average Emmision Cost: 0.9557487754593734
Average of both costs: 0.9153816380256401
Total time taken by agent: 3.980060124769807s
DONE!
