{'agent': 'DQN', 'action_selection': 'egreedy', 'seed': 1, 'episodes': 100, 'data_path': 'data/citylearn_challenge_2022_phase_1', 'dry_run': False, 'n_discrete': 9, 'update_target': 4, 'lr': 7e-05, 'batch_size': 128, 'adam_epsilon': 1e-06, 'epsilon_final': 0.06, 'run_id': 300}
{'Notes': 'This is a tuning run, executed on a single building.',
 'action_selection': 'egreedy',
 'adam_epsilon': 1e-06,
 'env': '<NormalizeObservation<OneHotHour<DiscreteSingle<CityLearnEnv '
        'instance>>>>',
 'final_exploration_rate': 0.02,
 'final_exploration_step': 1000,
 'gamma': 0.99,
 'initial_exploration_rate': 1,
 'learning_rate': 7e-05,
 'loss': 'mse',
 'minibatch_size': 128,
 'network': 'MLP(\n'
            '  (layers): Sequential(\n'
            '    (0): Linear(in_features=29, out_features=128, bias=True)\n'
            '    (1): ReLU()\n'
            '    (2): Linear(in_features=128, out_features=128, bias=True)\n'
            '    (3): ReLU()\n'
            '    (4): Linear(in_features=128, out_features=9, bias=True)\n'
            '  )\n'
            ')',
 'replay_buffer_size': 10000,
 'replay_start_size': 128,
 'seed': 1,
 'train_steps': 876000,
 'update_frequency': 1,
 'update_target_frequency': 4,
 'weight_scale': 1.4142135623730951}
Timestep : 8758, score : -5753.543969004968, Time : 23.505 s
Timestep : 17517, score : -3372.0425378308573, Time : 23.541 s
Timestep : 26276, score : -2712.879004091621, Time : 23.492 s
Timestep : 35035, score : -1677.422977215174, Time : 23.957 s
Timestep : 43794, score : -1114.3311310354911, Time : 23.528 s
Timestep : 52553, score : -1287.1124992886616, Time : 23.756 s
Timestep : 61312, score : -1538.7832157258235, Time : 23.53 s
Timestep : 70071, score : -1412.2864299959328, Time : 24.02 s
Timestep : 78830, score : -1355.4866942539666, Time : 23.556 s
Timestep : 87589, score : -1586.3611032360059, Time : 23.953 s
Timestep : 96348, score : -1156.2143988109456, Time : 23.988 s
Timestep : 105107, score : -1358.6685083068733, Time : 24.124 s
Timestep : 113866, score : -1457.1529032313556, Time : 23.458 s
Timestep : 122625, score : -1608.9535731352225, Time : 23.257 s
Timestep : 131384, score : -1305.447097215132, Time : 26.988 s
Timestep : 140143, score : -1356.1723805634829, Time : 26.147 s
Timestep : 148902, score : -1294.3318439398718, Time : 23.812 s
Timestep : 157661, score : -1575.943946729676, Time : 23.544 s
Timestep : 166420, score : -1610.6971957672213, Time : 23.54 s
Timestep : 175179, score : -1303.6232414248225, Time : 23.561 s
Timestep : 183938, score : -1350.757242951804, Time : 23.819 s
Timestep : 192697, score : -1478.2062696952198, Time : 23.556 s
Timestep : 201456, score : -1382.9623691237357, Time : 23.389 s
Timestep : 210215, score : -1353.7970745882776, Time : 23.885 s
Timestep : 218974, score : -1330.3633909344499, Time : 24.071 s
Timestep : 227733, score : -1297.5844713456754, Time : 24.154 s
Timestep : 236492, score : -1417.9091265185561, Time : 29.335 s
Timestep : 245251, score : -1501.6224401325744, Time : 23.723 s
Timestep : 254010, score : -1347.152692573407, Time : 24.092 s
Timestep : 262769, score : -1511.7781415060454, Time : 23.971 s
Timestep : 271528, score : -1503.5549811066885, Time : 23.846 s
Timestep : 280287, score : -1322.151312120055, Time : 23.998 s
Timestep : 289046, score : -1703.7088306669903, Time : 23.741 s
Timestep : 297805, score : -1559.2846822295833, Time : 23.936 s
Timestep : 306564, score : -1701.2792828881938, Time : 24.286 s
Timestep : 315323, score : -1679.358596548118, Time : 24.219 s
Timestep : 324082, score : -1555.4872921115311, Time : 24.034 s
Timestep : 332841, score : -1459.5746174145315, Time : 27.234 s
Timestep : 341600, score : -1559.5545535313722, Time : 26.065 s
Timestep : 350359, score : -1534.616472365131, Time : 24.102 s
Timestep : 359118, score : -1332.606941250182, Time : 23.661 s
Timestep : 367877, score : -1605.1723618039687, Time : 23.937 s
Timestep : 376636, score : -1327.3894655367185, Time : 23.92 s
Timestep : 385395, score : -1463.0255291925569, Time : 23.852 s
Timestep : 394154, score : -1504.745039217436, Time : 23.389 s
Timestep : 402913, score : -1593.8390042272222, Time : 23.574 s
Timestep : 411672, score : -1347.0914573201735, Time : 24.042 s
Timestep : 420431, score : -1583.0330037132662, Time : 23.98 s
Timestep : 429190, score : -1630.8486177313898, Time : 25.066 s
Timestep : 437949, score : -1595.592013660149, Time : 27.744 s
Timestep : 446708, score : -1513.5900154232804, Time : 23.578 s
Timestep : 455467, score : -1452.0860363229003, Time : 23.924 s
Timestep : 464226, score : -1640.6830759917211, Time : 23.537 s
Timestep : 472985, score : -1580.3759414705273, Time : 23.797 s
Timestep : 481744, score : -1498.1576048558636, Time : 23.926 s
Timestep : 490503, score : -2014.7440422580403, Time : 23.798 s
Timestep : 499262, score : -1323.852140176372, Time : 23.732 s
Timestep : 508021, score : -1716.7915589346376, Time : 23.838 s
Timestep : 516780, score : -1473.4202917216608, Time : 23.704 s
Timestep : 525539, score : -1704.488880441946, Time : 23.62 s
Timestep : 534298, score : -1484.7372644769785, Time : 28.337 s
Timestep : 543057, score : -1556.427515013871, Time : 24.374 s
Timestep : 551816, score : -1745.3924560442392, Time : 23.476 s
Timestep : 560575, score : -1542.6227852102456, Time : 22.855 s
Timestep : 569334, score : -1365.7714795258653, Time : 22.956 s
Timestep : 578093, score : -1549.1499684508017, Time : 22.688 s
Timestep : 586852, score : -1551.1992868848902, Time : 22.627 s
Timestep : 595611, score : -1514.1093972812232, Time : 22.486 s
Timestep : 604370, score : -1475.1280795492057, Time : 22.808 s
Timestep : 613129, score : -1604.0327425452706, Time : 23.096 s
Timestep : 621888, score : -1576.370529320353, Time : 22.34 s
Timestep : 630647, score : -1593.8546602897404, Time : 22.867 s
Timestep : 639406, score : -1717.0093712070084, Time : 22.252 s
Timestep : 648165, score : -1474.430693523056, Time : 22.87 s
Timestep : 656924, score : -1268.0690392982506, Time : 22.794 s
Timestep : 665683, score : -1505.7945693449874, Time : 23.062 s
Timestep : 674442, score : -1456.486902281904, Time : 22.722 s
Timestep : 683201, score : -1608.6442717217433, Time : 22.594 s
Timestep : 691960, score : -1318.1293645908881, Time : 23.031 s
Timestep : 700719, score : -1449.784723112156, Time : 23.062 s
Timestep : 709478, score : -1477.2362968406233, Time : 25.128 s
Timestep : 718237, score : -1587.2809295987536, Time : 24.898 s
Timestep : 726996, score : -1809.832007291523, Time : 25.041 s
Timestep : 735755, score : -1590.3731546451163, Time : 24.664 s
Timestep : 744514, score : -1729.8408116617065, Time : 23.511 s
Timestep : 753273, score : -1606.0378315358248, Time : 23.828 s
Timestep : 762032, score : -1558.8836873651308, Time : 23.607 s
Timestep : 770791, score : -1696.9881121393119, Time : 23.743 s
Timestep : 779550, score : -1595.995390039665, Time : 23.877 s
Timestep : 788309, score : -1248.700056939182, Time : 23.849 s
Timestep : 797068, score : -1537.5155569487542, Time : 23.616 s
Timestep : 805827, score : -1577.3396147273306, Time : 23.377 s
Timestep : 814586, score : -1525.5614981465333, Time : 23.257 s
Timestep : 823345, score : -1634.915023658221, Time : 23.446 s
Timestep : 832104, score : -1347.7959489894856, Time : 23.771 s
Timestep : 840863, score : -1604.205342882109, Time : 28.951 s
Timestep : 849622, score : -1371.0558652164473, Time : 24.277 s
Timestep : 858381, score : -1687.5353769199282, Time : 23.923 s
Timestep : 867140, score : -1598.0682344041124, Time : 23.513 s
Timestep : 875899, score : -1444.6685033871618, Time : 23.92 s
Starting local evaluation
Num Steps: 1000, Num episodes: 0
Num Steps: 2000, Num episodes: 0
Num Steps: 3000, Num episodes: 0
Num Steps: 4000, Num episodes: 0
Num Steps: 5000, Num episodes: 0
Num Steps: 6000, Num episodes: 0
Num Steps: 7000, Num episodes: 0
Num Steps: 8000, Num episodes: 0
Episode complete: 1 | Latest episode metrics: {'price_cost': 0.8369156972030662, 'emmision_cost': 0.9227998362391677}
[-0.08002754] -0.0800275380661274
Average Price Cost: 0.8369156972030662
Average Emmision Cost: 0.9227998362391677
Average of both costs: 0.8798577667211169
Total time taken by agent: 2.186646550660953s
DONE!
