{'agent': 'DQN', 'action_selection': 'softmax', 'seed': 1, 'episodes': 100, 'data_path': 'data/citylearn_challenge_2022_phase_1', 'dry_run': False, 'n_discrete': 9, 'update_target': 32, 'lr': 0.0001, 'batch_size': 256, 'adam_epsilon': 1e-09, 'epsilon_final': 0.02, 'run_id': 129}
{'Notes': 'This is a tuning run, executed on a single building.',
 'action_selection': 'softmax',
 'adam_epsilon': 1e-09,
 'env': '<NormalizeObservation<OneHotHour<DiscreteSingle<CityLearnEnv '
        'instance>>>>',
 'final_exploration_rate': 0.02,
 'final_exploration_step': 1000,
 'gamma': 0.99,
 'initial_exploration_rate': 1,
 'learning_rate': 0.0001,
 'loss': 'mse',
 'minibatch_size': 256,
 'network': 'MLP(\n'
            '  (layers): Sequential(\n'
            '    (0): Linear(in_features=29, out_features=128, bias=True)\n'
            '    (1): ReLU()\n'
            '    (2): Linear(in_features=128, out_features=128, bias=True)\n'
            '    (3): ReLU()\n'
            '    (4): Linear(in_features=128, out_features=9, bias=True)\n'
            '  )\n'
            ')',
 'replay_buffer_size': 10000,
 'replay_start_size': 256,
 'seed': 1,
 'train_steps': 876000,
 'update_frequency': 1,
 'update_target_frequency': 32,
 'weight_scale': 1.4142135623730951}
Timestep : 8758, score : -5023.091436278453, Time : 29.385 s
Timestep : 17517, score : -4317.392097528005, Time : 31.278 s
Timestep : 26276, score : -3963.3575177036982, Time : 31.405 s
Timestep : 35035, score : -4051.6623543207825, Time : 31.342 s
Timestep : 43794, score : -3933.070452805521, Time : 31.389 s
Timestep : 52553, score : -3871.983766843012, Time : 31.311 s
Timestep : 61312, score : -3663.0645537892415, Time : 31.474 s
Timestep : 70071, score : -2724.985419384582, Time : 30.195 s
Timestep : 78830, score : -2338.732339294249, Time : 29.632 s
Timestep : 87589, score : -2590.162894039211, Time : 29.625 s
Timestep : 96348, score : -2729.8710815677478, Time : 29.736 s
Timestep : 105107, score : -2723.7956344493723, Time : 29.623 s
Timestep : 113866, score : -2527.53598220172, Time : 29.591 s
Timestep : 122625, score : -2644.9818900557675, Time : 30.338 s
Timestep : 131384, score : -2728.5184749430337, Time : 31.188 s
Timestep : 140143, score : -2578.18262985794, Time : 31.212 s
Timestep : 148902, score : -2459.6250739444804, Time : 31.166 s
Timestep : 157661, score : -2279.032702647193, Time : 31.345 s
Timestep : 166420, score : -2597.943799546716, Time : 31.33 s
Timestep : 175179, score : -2615.724331285368, Time : 31.375 s
Timestep : 183938, score : -2190.9900776024733, Time : 31.295 s
Timestep : 192697, score : -2166.3142748489336, Time : 30.04 s
Timestep : 201456, score : -2164.783923460782, Time : 30.849 s
Timestep : 210215, score : -2386.600473422819, Time : 29.56 s
Timestep : 218974, score : -2358.519023974106, Time : 29.465 s
Timestep : 227733, score : -2370.100364603306, Time : 29.543 s
Timestep : 236492, score : -2250.087207032804, Time : 29.671 s
Timestep : 245251, score : -2411.065762578044, Time : 29.54 s
Timestep : 254010, score : -2438.5068302903383, Time : 29.56 s
Timestep : 262769, score : -2267.549131312204, Time : 29.521 s
Timestep : 271528, score : -2103.478617446526, Time : 29.551 s
Timestep : 280287, score : -2265.1412245496904, Time : 29.47 s
Timestep : 289046, score : -2211.5539112338156, Time : 29.537 s
Timestep : 297805, score : -2414.6415163160127, Time : 29.498 s
Timestep : 306564, score : -2131.2404958468687, Time : 30.862 s
Timestep : 315323, score : -1967.093650085997, Time : 31.343 s
Timestep : 324082, score : -2123.5828361918975, Time : 30.029 s
Timestep : 332841, score : -2123.4425939356734, Time : 29.494 s
Timestep : 341600, score : -1996.0473833752621, Time : 29.466 s
Timestep : 350359, score : -1669.5784120846365, Time : 29.555 s
Timestep : 359118, score : -1893.1175130820193, Time : 30.468 s
Timestep : 367877, score : -1689.0397000595985, Time : 31.073 s
Timestep : 376636, score : -1636.1969218594313, Time : 31.337 s
Timestep : 385395, score : -1633.4785907978949, Time : 31.36 s
Timestep : 394154, score : -1642.9425962929672, Time : 31.285 s
Timestep : 402913, score : -1649.1229439168528, Time : 31.304 s
Timestep : 411672, score : -1676.1883426083077, Time : 31.335 s
Timestep : 420431, score : -1806.9446281930723, Time : 31.347 s
Timestep : 429190, score : -1597.0888356932264, Time : 31.426 s
Timestep : 437949, score : -1691.720154454728, Time : 31.323 s
Timestep : 446708, score : -1514.1801328041183, Time : 31.391 s
Timestep : 455467, score : -1539.593773901608, Time : 31.2 s
Timestep : 464226, score : -1429.9205982728454, Time : 31.337 s
Timestep : 472985, score : -1504.5289770511736, Time : 30.973 s
Timestep : 481744, score : -1383.4272083634569, Time : 30.691 s
Timestep : 490503, score : -1609.177100915258, Time : 29.583 s
Timestep : 499262, score : -1751.4201984854008, Time : 29.56 s
Timestep : 508021, score : -1603.4769820461806, Time : 30.314 s
Timestep : 516780, score : -1539.595558154193, Time : 31.309 s
Timestep : 525539, score : -1727.3490882971382, Time : 31.375 s
Timestep : 534298, score : -1524.6519231520651, Time : 31.361 s
Timestep : 543057, score : -1377.5300711097952, Time : 31.372 s
Timestep : 551816, score : -1391.893266110943, Time : 31.363 s
Timestep : 560575, score : -1488.1548211375775, Time : 30.387 s
Timestep : 569334, score : -1523.3934526554367, Time : 31.393 s
Timestep : 578093, score : -1585.1581881692691, Time : 30.295 s
Timestep : 586852, score : -1666.5611082933901, Time : 29.529 s
Timestep : 595611, score : -1666.950017045514, Time : 30.814 s
Timestep : 604370, score : -1534.5458593035873, Time : 30.44 s
Timestep : 613129, score : -1534.2745602000796, Time : 30.4 s
Timestep : 621888, score : -1491.8775214932684, Time : 31.33 s
Timestep : 630647, score : -1432.74990857768, Time : 31.386 s
Timestep : 639406, score : -1364.380306187115, Time : 31.388 s
Timestep : 648165, score : -1393.384930070286, Time : 31.377 s
Timestep : 656924, score : -1455.5349703608372, Time : 31.411 s
Timestep : 665683, score : -1380.0328912155528, Time : 31.37 s
Timestep : 674442, score : -1433.2704811934673, Time : 31.409 s
Timestep : 683201, score : -1568.1616432066367, Time : 31.387 s
Timestep : 691960, score : -1661.965054327884, Time : 31.352 s
Timestep : 700719, score : -1581.8315385477908, Time : 31.365 s
Timestep : 709478, score : -1473.5626952203747, Time : 31.363 s
Timestep : 718237, score : -1711.0420036126452, Time : 31.373 s
Timestep : 726996, score : -1560.738692412997, Time : 30.694 s
Timestep : 735755, score : -1505.6940014602442, Time : 31.391 s
Timestep : 744514, score : -1436.8817316980858, Time : 31.344 s
Timestep : 753273, score : -1557.405867943453, Time : 31.412 s
Timestep : 762032, score : -1483.7655640312296, Time : 31.383 s
Timestep : 770791, score : -1420.3632695072156, Time : 31.394 s
Timestep : 779550, score : -1468.4490031437308, Time : 31.369 s
Timestep : 788309, score : -1460.569734011573, Time : 30.888 s
Timestep : 797068, score : -1413.8689200461667, Time : 31.379 s
Timestep : 805827, score : -1531.2360928050766, Time : 31.218 s
Timestep : 814586, score : -1431.8983859268774, Time : 31.334 s
Timestep : 823345, score : -1446.838024880999, Time : 31.327 s
Timestep : 832104, score : -1377.1810310210858, Time : 31.356 s
Timestep : 840863, score : -1514.4691961491772, Time : 31.343 s
Timestep : 849622, score : -1444.1465511799615, Time : 31.344 s
Timestep : 858381, score : -1491.401271320443, Time : 30.677 s
Timestep : 867140, score : -1363.9616217357398, Time : 30.277 s
Timestep : 875899, score : -1429.2544020593923, Time : 30.456 s
Starting local evaluation
Num Steps: 1000, Num episodes: 0
Num Steps: 2000, Num episodes: 0
Num Steps: 3000, Num episodes: 0
Num Steps: 4000, Num episodes: 0
Num Steps: 5000, Num episodes: 0
Num Steps: 6000, Num episodes: 0
Num Steps: 7000, Num episodes: 0
Num Steps: 8000, Num episodes: 0
Episode complete: 1 | Latest episode metrics: {'price_cost': 0.8528571573539028, 'emmision_cost': 0.9152952776266543}
[-0.08582118] -0.08582117834603142
Average Price Cost: 0.8528571573539028
Average Emmision Cost: 0.9152952776266543
Average of both costs: 0.8840762174902785
Total time taken by agent: 4.045635469723493s
DONE!
