{'agent': 'DQN', 'action_selection': 'egreedy', 'seed': 1, 'episodes': 100, 'data_path': 'data/citylearn_challenge_2022_phase_1', 'dry_run': False, 'n_discrete': 9, 'update_target': 16, 'lr': 0.0001, 'batch_size': 128, 'adam_epsilon': 1e-10, 'epsilon_final': 0.01, 'run_id': 356}
{'Notes': 'This is a tuning run, executed on a single building.',
 'action_selection': 'egreedy',
 'adam_epsilon': 1e-10,
 'env': '<NormalizeObservation<OneHotHour<DiscreteSingle<CityLearnEnv '
        'instance>>>>',
 'final_exploration_rate': 0.02,
 'final_exploration_step': 1000,
 'gamma': 0.99,
 'initial_exploration_rate': 1,
 'learning_rate': 0.0001,
 'loss': 'mse',
 'minibatch_size': 128,
 'network': 'MLP(\n'
            '  (layers): Sequential(\n'
            '    (0): Linear(in_features=29, out_features=128, bias=True)\n'
            '    (1): ReLU()\n'
            '    (2): Linear(in_features=128, out_features=128, bias=True)\n'
            '    (3): ReLU()\n'
            '    (4): Linear(in_features=128, out_features=9, bias=True)\n'
            '  )\n'
            ')',
 'replay_buffer_size': 10000,
 'replay_start_size': 128,
 'seed': 1,
 'train_steps': 876000,
 'update_frequency': 1,
 'update_target_frequency': 16,
 'weight_scale': 1.4142135623730951}
Timestep : 8758, score : -4213.524616247392, Time : 26.236 s
Timestep : 17517, score : -3784.805690130481, Time : 27.093 s
Timestep : 26276, score : -3072.724468945904, Time : 27.141 s
Timestep : 35035, score : -2207.692765291693, Time : 26.833 s
Timestep : 43794, score : -1686.8580501572287, Time : 25.608 s
Timestep : 52553, score : -1677.3722565498028, Time : 26.051 s
Timestep : 61312, score : -1602.3062814903387, Time : 25.334 s
Timestep : 70071, score : -1886.9786373845127, Time : 25.437 s
Timestep : 78830, score : -2087.0438690076844, Time : 27.189 s
Timestep : 87589, score : -1741.7422872397874, Time : 26.007 s
Timestep : 96348, score : -1577.5774008546286, Time : 26.147 s
Timestep : 105107, score : -1663.4457376159553, Time : 26.962 s
Timestep : 113866, score : -1830.512773270515, Time : 26.936 s
Timestep : 122625, score : -1686.5470004661765, Time : 26.39 s
Timestep : 131384, score : -1315.210225226736, Time : 26.584 s
Timestep : 140143, score : -1719.3152214454312, Time : 26.356 s
Timestep : 148902, score : -1138.7763797471125, Time : 25.518 s
Timestep : 157661, score : -1292.68953849448, Time : 26.498 s
Timestep : 166420, score : -1228.5141981027846, Time : 26.365 s
Timestep : 175179, score : -1354.135562885931, Time : 26.613 s
Timestep : 183938, score : -1280.3964735621412, Time : 25.348 s
Timestep : 192697, score : -1408.0109877314244, Time : 25.224 s
Timestep : 201456, score : -1244.303336957033, Time : 26.841 s
Timestep : 210215, score : -1156.5240752694954, Time : 26.127 s
Timestep : 218974, score : -1266.4126967049233, Time : 25.961 s
Timestep : 227733, score : -1390.552573466004, Time : 25.08 s
Timestep : 236492, score : -1274.7976057662454, Time : 25.412 s
Timestep : 245251, score : -1355.6274749910517, Time : 27.242 s
Timestep : 254010, score : -1260.9211999241088, Time : 27.094 s
Timestep : 262769, score : -1205.2666212364857, Time : 26.227 s
Timestep : 271528, score : -1426.4123903189611, Time : 25.346 s
Timestep : 280287, score : -1532.8923454664473, Time : 25.407 s
Timestep : 289046, score : -1703.7675800650904, Time : 26.337 s
Timestep : 297805, score : -1450.3630258403282, Time : 27.02 s
Timestep : 306564, score : -1744.0738879291166, Time : 26.496 s
Timestep : 315323, score : -1583.7436890725803, Time : 26.71 s
Timestep : 324082, score : -1627.9549001229752, Time : 26.883 s
Timestep : 332841, score : -1213.9518687164236, Time : 26.618 s
Timestep : 341600, score : -1515.5832229467633, Time : 26.529 s
Timestep : 350359, score : -1480.2074275256891, Time : 26.996 s
Timestep : 359118, score : -1224.098824683606, Time : 26.069 s
Timestep : 367877, score : -1391.951309006923, Time : 26.926 s
Timestep : 376636, score : -1398.4385526881379, Time : 26.403 s
Timestep : 385395, score : -1485.2983458836388, Time : 27.005 s
Timestep : 394154, score : -1509.660620917828, Time : 26.945 s
Timestep : 402913, score : -1575.372246229119, Time : 26.254 s
Timestep : 411672, score : -1578.0042349759315, Time : 26.626 s
Timestep : 420431, score : -1558.8770021114324, Time : 26.364 s
Timestep : 429190, score : -1252.4489913948637, Time : 25.738 s
Timestep : 437949, score : -1221.0435668730934, Time : 26.24 s
Timestep : 446708, score : -1406.3844676635053, Time : 26.054 s
Timestep : 455467, score : -1513.8862341384229, Time : 26.203 s
Timestep : 464226, score : -1533.1414986101736, Time : 26.212 s
Timestep : 472985, score : -1445.9193353776645, Time : 26.209 s
Timestep : 481744, score : -1469.795440021233, Time : 26.576 s
Timestep : 490503, score : -1944.8799470777449, Time : 26.12 s
Timestep : 499262, score : -1374.2680205989454, Time : 25.283 s
Timestep : 508021, score : -1658.649024653976, Time : 25.599 s
Timestep : 516780, score : -1682.7631815041677, Time : 25.356 s
Timestep : 525539, score : -1559.9770153321151, Time : 25.671 s
Timestep : 534298, score : -1704.1529894906853, Time : 25.146 s
Timestep : 543057, score : -1624.0778447001067, Time : 24.979 s
Timestep : 551816, score : -1709.278473632672, Time : 25.235 s
Timestep : 560575, score : -1528.2034843743604, Time : 26.458 s
Timestep : 569334, score : -1481.1323569875967, Time : 26.71 s
Timestep : 578093, score : -1596.2036754441506, Time : 26.219 s
Timestep : 586852, score : -1598.8427463434928, Time : 26.281 s
Timestep : 595611, score : -1749.4108987760555, Time : 25.309 s
Timestep : 604370, score : -1671.3788336620491, Time : 24.571 s
Timestep : 613129, score : -1864.319774163916, Time : 26.274 s
Timestep : 621888, score : -1958.2837455703702, Time : 26.219 s
Timestep : 630647, score : -1576.3928215557535, Time : 26.223 s
Timestep : 639406, score : -1618.3864460866025, Time : 26.344 s
Timestep : 648165, score : -1593.6003435964521, Time : 26.841 s
Timestep : 656924, score : -1431.6230863737, Time : 25.731 s
Timestep : 665683, score : -1684.318091277295, Time : 25.347 s
Timestep : 674442, score : -1795.7042753908609, Time : 26.255 s
Timestep : 683201, score : -1586.8466602296394, Time : 26.206 s
Timestep : 691960, score : -1791.015981256758, Time : 26.252 s
Timestep : 700719, score : -1524.6374065287237, Time : 26.242 s
Timestep : 709478, score : -1683.0207041369576, Time : 26.095 s
Timestep : 718237, score : -1844.9039522332896, Time : 26.267 s
Timestep : 726996, score : -1915.8904744139, Time : 26.689 s
Timestep : 735755, score : -1851.796450242662, Time : 26.367 s
Timestep : 744514, score : -1838.4260326170188, Time : 25.635 s
Timestep : 753273, score : -1650.7830857746594, Time : 25.854 s
Timestep : 762032, score : -1780.6133893884544, Time : 25.643 s
Timestep : 770791, score : -1941.9032875316043, Time : 26.14 s
Timestep : 779550, score : -1632.9754449657921, Time : 25.86 s
Timestep : 788309, score : -1577.1255201495078, Time : 25.649 s
Timestep : 797068, score : -1838.1838506228814, Time : 26.098 s
Timestep : 805827, score : -1602.3308884084981, Time : 25.114 s
Timestep : 814586, score : -1815.398080401268, Time : 25.682 s
Timestep : 823345, score : -1623.5066369120323, Time : 26.101 s
Timestep : 832104, score : -1778.3636618815653, Time : 26.288 s
Timestep : 840863, score : -1851.5955481105775, Time : 26.25 s
Timestep : 849622, score : -1651.8672318911704, Time : 26.017 s
Timestep : 858381, score : -2002.0114057436876, Time : 26.226 s
Timestep : 867140, score : -1966.2706713523075, Time : 25.019 s
Timestep : 875899, score : -1930.3224288474594, Time : 25.491 s
Starting local evaluation
Num Steps: 1000, Num episodes: 0
Num Steps: 2000, Num episodes: 0
Num Steps: 3000, Num episodes: 0
Num Steps: 4000, Num episodes: 0
Num Steps: 5000, Num episodes: 0
Num Steps: 6000, Num episodes: 0
Num Steps: 7000, Num episodes: 0
Num Steps: 8000, Num episodes: 0
Episode complete: 1 | Latest episode metrics: {'price_cost': 0.8662247563185806, 'emmision_cost': 0.965746909220621}
[-0.12412895] -0.12412894532701374
Average Price Cost: 0.8662247563185806
Average Emmision Cost: 0.965746909220621
Average of both costs: 0.9159858327696009
Total time taken by agent: 2.45746505522402s
DONE!
