\BOOKMARK [0][-]{chapter*.4}{\376\377\000L\000i\000s\000t\000\040\000o\000f\000\040\000F\000i\000g\000u\000r\000e\000s}{}% 1
\BOOKMARK [0][-]{chapter*.5}{\376\377\000L\000i\000s\000t\000\040\000o\000f\000\040\000T\000a\000b\000l\000e\000s}{}% 2
\BOOKMARK [0][-]{chapter*.6}{\376\377\000L\000i\000s\000t\000\040\000o\000f\000\040\000A\000b\000b\000r\000e\000v\000i\000a\000t\000i\000o\000n\000s}{}% 3
\BOOKMARK [0][-]{chapter.1}{\376\377\000I\000n\000t\000r\000o\000d\000u\000c\000t\000i\000o\000n}{}% 4
\BOOKMARK [0][-]{chapter.2}{\376\377\000B\000a\000c\000k\000g\000r\000o\000u\000n\000d}{}% 5
\BOOKMARK [1][-]{section.2.1}{\376\377\000T\000h\000e\000\040\000E\000l\000e\000c\000t\000r\000i\000c\000i\000t\000y\000\040\000G\000r\000i\000d\000:\000\040\000A\000\040\000T\000e\000c\000h\000n\000i\000c\000a\000l\000\040\000a\000n\000d\000\040\000S\000t\000r\000u\000c\000t\000u\000r\000a\000l\000\040\000O\000v\000e\000r\000v\000i\000e\000w}{chapter.2}% 6
\BOOKMARK [2][-]{subsection.2.1.1}{\376\377\000C\000o\000n\000s\000u\000m\000e\000r\000s}{section.2.1}% 7
\BOOKMARK [2][-]{subsection.2.1.2}{\376\377\000U\000t\000i\000l\000i\000t\000y\000\040\000C\000o\000m\000p\000a\000n\000i\000e\000s}{section.2.1}% 8
\BOOKMARK [2][-]{subsection.2.1.3}{\376\377\000E\000l\000e\000c\000t\000r\000i\000c\000i\000t\000y\000\040\000M\000a\000r\000k\000e\000t\000s}{section.2.1}% 9
\BOOKMARK [2][-]{subsection.2.1.4}{\376\377\000E\000l\000e\000c\000t\000r\000i\000c\000i\000t\000y\000\040\000P\000r\000o\000d\000u\000c\000e\000r\000s}{section.2.1}% 10
\BOOKMARK [2][-]{subsection.2.1.5}{\376\377\000T\000r\000a\000n\000s\000m\000i\000s\000s\000i\000o\000n\000\040\000S\000y\000s\000t\000e\000m\000\040\000O\000p\000e\000r\000a\000t\000o\000r\000s}{section.2.1}% 11
\BOOKMARK [2][-]{subsection.2.1.6}{\376\377\000L\000o\000c\000a\000l\000\040\000G\000r\000i\000d\000\040\000O\000p\000e\000r\000a\000t\000o\000r\000s\000\040\000/\000\040\000U\000t\000i\000l\000i\000t\000y\000\040\000c\000o\000m\000p\000a\000n\000i\000e\000s}{section.2.1}% 12
\BOOKMARK [2][-]{subsection.2.1.7}{\376\377\000P\000o\000l\000i\000t\000i\000c\000s\000\040\000/\000\040\000S\000o\000c\000i\000e\000t\000y\000?}{section.2.1}% 13
\BOOKMARK [2][-]{subsection.2.1.8}{\376\377\000E\000n\000v\000i\000r\000o\000n\000m\000e\000n\000t}{section.2.1}% 14
\BOOKMARK [2][-]{subsection.2.1.9}{\376\377\000C\000h\000a\000l\000l\000e\000n\000g\000e\000s\000\040\000f\000o\000r\000\040\000t\000h\000e\000\040\000G\000r\000i\000d\000/\000\040\000S\000u\000s\000t\000a\000i\000n\000a\000b\000l\000e\000\040\000t\000r\000a\000n\000s\000i\000t\000i\000o\000n}{section.2.1}% 15
\BOOKMARK [2][-]{subsection.2.1.10}{\376\377\000F\000l\000e\000x\000i\000b\000i\000l\000i\000t\000y\000\040\000\050\000/\000D\000e\000m\000a\000n\000d\000\040\000R\000e\000s\000p\000o\000n\000s\000e\000\051}{section.2.1}% 16
\BOOKMARK [2][-]{subsection.2.1.11}{\376\377\000D\000e\000m\000a\000n\000d\000\040\000R\000e\000s\000p\000o\000n\000s\000e}{section.2.1}% 17
\BOOKMARK [1][-]{section.2.2}{\376\377\000R\000e\000i\000n\000f\000o\000r\000c\000e\000m\000e\000n\000t\000\040\000L\000e\000a\000r\000n\000i\000n\000g}{chapter.2}% 18
\BOOKMARK [2][-]{subsection.2.2.1}{\376\377\000F\000u\000n\000d\000a\000m\000e\000n\000t\000a\000l\000s\000:\000\040\000M\000a\000r\000k\000o\000v\000\040\000D\000e\000c\000i\000s\000i\000o\000n\000\040\000P\000r\000o\000c\000e\000s\000s}{section.2.2}% 19
\BOOKMARK [2][-]{subsection.2.2.2}{\376\377\000R\000e\000i\000n\000f\000o\000r\000c\000e\000m\000e\000n\000t\000\040\000L\000e\000a\000r\000n\000i\000n\000g}{section.2.2}% 20
\BOOKMARK [1][-]{section.2.3}{\376\377\000U\000n\000c\000e\000r\000t\000a\000i\000n\000t\000y\000\040\000i\000n\000\040\000R\000e\000i\000n\000f\000o\000r\000c\000e\000m\000e\000n\000t\000\040\000L\000e\000a\000r\000n\000i\000n\000g}{chapter.2}% 21
\BOOKMARK [0][-]{chapter.3}{\376\377\000A\000p\000p\000r\000o\000a\000c\000h}{}% 22
\BOOKMARK [1][-]{section.3.1}{\376\377\000R\000L\000\040\000f\000o\000r\000\040\000D\000e\000m\000a\000n\000d\000\040\000R\000e\000s\000p\000o\000n\000s\000e}{chapter.3}% 23
\BOOKMARK [2][-]{subsection.3.1.1}{\376\377\000C\000i\000t\000y\000L\000e\000a\000r\000n\000:\000\040\000A\000p\000p\000l\000y\000i\000n\000g\000\040\000R\000L\000\040\000f\000o\000r\000\040\000D\000e\000m\000a\000n\000d\000\040\000R\000e\000s\000p\000o\000n\000s\000e}{section.3.1}% 24
\BOOKMARK [1][-]{section.3.2}{\376\377\000T\000h\000e\000o\000r\000e\000t\000i\000c\000a\000l\000\040\000a\000p\000p\000r\000o\000a\000c\000h}{chapter.3}% 25
\BOOKMARK [2][-]{subsection.3.2.1}{\376\377\000S\000e\000t\000t\000i\000n\000g\000\040\000t\000h\000e\000\040\000s\000c\000e\000n\000e}{section.3.2}% 26
\BOOKMARK [2][-]{subsection.3.2.2}{\376\377\000D\000e\000v\000e\000l\000o\000p\000i\000n\000g\000\040\000t\000h\000e\000\040\000a\000p\000p\000r\000o\000a\000c\000h}{section.3.2}% 27
\BOOKMARK [1][-]{section.3.3}{\376\377\000P\000r\000a\000c\000t\000i\000c\000a\000l\000\040\000A\000p\000p\000r\000o\000a\000c\000h}{chapter.3}% 28
\BOOKMARK [2][-]{subsection.3.3.1}{\376\377\000I\000m\000p\000l\000e\000m\000e\000n\000t\000a\000t\000i\000o\000n\000\040\000D\000e\000t\000a\000i\000l\000s}{section.3.3}% 29
\BOOKMARK [2][-]{subsection.3.3.2}{\376\377\000E\000x\000p\000e\000r\000i\000m\000e\000n\000t\000a\000l\000\040\000S\000e\000t\000u\000p}{section.3.3}% 30
\BOOKMARK [0][-]{chapter.4}{\376\377\000R\000e\000s\000u\000l\000t\000s}{}% 31
\BOOKMARK [1][-]{section.4.1}{\376\377\000E\000x\000p\000l\000o\000r\000a\000t\000o\000r\000y\000\040\000A\000n\000a\000l\000y\000s\000i\000s\000\040\000o\000f\000\040\000t\000h\000e\000\040\000E\000n\000v\000i\000r\000o\000n\000m\000e\000n\000t}{chapter.4}% 32
\BOOKMARK [2][-]{subsection.4.1.1}{\376\377\000P\000a\000t\000t\000e\000r\000n\000s\000\040\000i\000n\000\040\000t\000h\000e\000\040\000T\000r\000a\000i\000n\000i\000n\000g\000\040\000D\000a\000t\000a}{section.4.1}% 33
\BOOKMARK [2][-]{subsection.4.1.2}{\376\377\000D\000i\000s\000c\000r\000e\000t\000i\000z\000a\000t\000i\000o\000n}{section.4.1}% 34
\BOOKMARK [1][-]{section.4.2}{\376\377\000H\000y\000p\000e\000r\000p\000a\000r\000a\000m\000e\000t\000e\000r\000\040\000T\000u\000n\000i\000n\000g}{chapter.4}% 35
\BOOKMARK [1][-]{section.4.3}{\376\377\000C\000o\000m\000p\000a\000r\000i\000s\000o\000n\000\040\000o\000f\000\040\000d\000i\000f\000f\000e\000r\000e\000n\000t\000\040\000a\000l\000g\000o\000r\000i\000t\000h\000m\000s}{chapter.4}% 36
\BOOKMARK [0][-]{chapter.5}{\376\377\000D\000i\000s\000c\000u\000s\000s\000i\000o\000n\000\040\000a\000n\000d\000\040\000O\000u\000t\000l\000o\000o\000k}{}% 37
\BOOKMARK [0][-]{chapter.6}{\376\377\000C\000o\000n\000c\000l\000u\000s\000i\000o\000n\000\040\000a\000n\000d\000\040\000O\000u\000t\000l\000o\000o\000k}{}% 38
\BOOKMARK [0][-]{appendix.A}{\376\377\000F\000u\000r\000t\000h\000e\000r\000\040\000T\000a\000b\000l\000e\000s\000\040\000a\000n\000d\000\040\000F\000i\000g\000u\000r\000e\000s}{}% 39
\BOOKMARK [0][-]{table.caption.55}{\376\377\000B\000i\000b\000l\000i\000o\000g\000r\000a\000p\000h\000y}{}% 40
