{'agent': 'UADQN', 'action_selection': 'softmax', 'seed': 1, 'episodes': 50, 'data_path': 'data/citylearn_challenge_2022_phase_1', 'dry_run': False, 'n_discrete': 9, 'update_target': 4, 'lr': 3e-05, 'batch_size': 16, 'adam_epsilon': 1e-10, 'epsilon_final': 0.02, 'run_id': 458}
{'Notes': 'This is a tuning run, executed on a single building.',
 'adam_epsilon': 1e-10,
 'aleatoric_factor': 0,
 'biased_aleatoric': False,
 'env': '<NormalizeObservation<OneHotHour<DiscreteSingle<CityLearnEnv '
        'instance>>>>',
 'epistemic_factor': 1,
 'gamma': 0.99,
 'learning_rate': 3e-05,
 'minibatch_size': 16,
 'n_quantiles': 20,
 'network': 'MLP(\n'
            '  (layers): Sequential(\n'
            '    (0): Linear(in_features=29, out_features=128, bias=True)\n'
            '    (1): ReLU()\n'
            '    (2): Linear(in_features=128, out_features=128, bias=True)\n'
            '    (3): ReLU()\n'
            '    (4): Linear(in_features=128, out_features=180, bias=True)\n'
            '  )\n'
            ')',
 'noise_scale': 1,
 'replay_buffer_size': 10000,
 'replay_start_size': 16,
 'seed': 1,
 'train_steps': 438000,
 'update_frequency': 1,
 'update_target_frequency': 4,
 'weight_scale': 1.4142135623730951}
Timestep : 8758, score : -6624.977103063866, Time : 83.31 s
Timestep : 17517, score : -4491.056328927742, Time : 84.191 s
Timestep : 26276, score : -3951.072456794587, Time : 84.449 s
Timestep : 35035, score : -2118.5700716966094, Time : 84.886 s
Timestep : 43794, score : -1765.1400470047083, Time : 83.889 s
Timestep : 52553, score : -1591.667138828343, Time : 84.864 s
Timestep : 61312, score : -1837.798170407681, Time : 84.898 s
Timestep : 70071, score : -1800.5488727835036, Time : 85.441 s
Timestep : 78830, score : -1693.6261874955671, Time : 85.829 s
Timestep : 87589, score : -1995.7855593408167, Time : 85.529 s
Timestep : 96348, score : -1667.9359953431704, Time : 84.952 s
Timestep : 105107, score : -1704.2074378872348, Time : 84.578 s
Timestep : 113866, score : -1684.1746366610168, Time : 84.611 s
Timestep : 122625, score : -2146.010421115425, Time : 84.603 s
Timestep : 131384, score : -2160.677167894697, Time : 83.376 s
Timestep : 140143, score : -1938.894775283261, Time : 83.179 s
Timestep : 148902, score : -1691.7209375735838, Time : 82.84 s
Timestep : 157661, score : -1775.1422915400635, Time : 82.374 s
Timestep : 166420, score : -1616.0284654016723, Time : 82.459 s
Timestep : 175179, score : -1459.8665363521286, Time : 82.917 s
Timestep : 183938, score : -1616.0920448730412, Time : 82.936 s
Timestep : 192697, score : -1433.9934346601658, Time : 82.884 s
Timestep : 201456, score : -1367.4468805284014, Time : 83.156 s
Timestep : 210215, score : -1583.2701003684197, Time : 82.936 s
Timestep : 218974, score : -1626.5538797653135, Time : 82.431 s
Timestep : 227733, score : -1472.0025559626229, Time : 82.66 s
Timestep : 236492, score : -1402.7383144722407, Time : 82.855 s
Timestep : 245251, score : -1337.3580936221406, Time : 82.912 s
Timestep : 254010, score : -1591.439504551563, Time : 86.076 s
Timestep : 262769, score : -1692.0776012246733, Time : 81.917 s
Timestep : 271528, score : -1368.7756287049851, Time : 78.752 s
Timestep : 280287, score : -1309.0479113775364, Time : 78.205 s
Timestep : 289046, score : -1366.9864812069864, Time : 78.272 s
Timestep : 297805, score : -1477.8234618628921, Time : 78.501 s
Timestep : 306564, score : -1484.7101467657812, Time : 78.597 s
Timestep : 315323, score : -1401.0701748606807, Time : 78.556 s
Timestep : 324082, score : -1331.0364259133676, Time : 78.88 s
Timestep : 332841, score : -1311.3686393595926, Time : 78.363 s
Timestep : 341600, score : -984.5067405413574, Time : 90.019 s
Timestep : 350359, score : -1138.5282966873929, Time : 91.096 s
Timestep : 359118, score : -1211.670589693189, Time : 90.548 s
Timestep : 367877, score : -996.1178841787478, Time : 90.527 s
Timestep : 376636, score : -1072.240379506402, Time : 90.519 s
Timestep : 385395, score : -1437.9029024381289, Time : 90.134 s
Timestep : 394154, score : -1283.2297266670757, Time : 90.957 s
Timestep : 402913, score : -1179.3574205537807, Time : 91.056 s
Timestep : 411672, score : -941.0409545244438, Time : 90.569 s
Timestep : 420431, score : -1029.1464592851844, Time : 90.444 s
Timestep : 429190, score : -1335.7706031578418, Time : 90.763 s
Timestep : 437949, score : -1138.6448446104032, Time : 89.303 s
Starting local evaluation
Num Steps: 1000, Num episodes: 0
Num Steps: 2000, Num episodes: 0
Num Steps: 3000, Num episodes: 0
Num Steps: 4000, Num episodes: 0
Num Steps: 5000, Num episodes: 0
Num Steps: 6000, Num episodes: 0
Num Steps: 7000, Num episodes: 0
Num Steps: 8000, Num episodes: 0
Episode complete: 1 | Latest episode metrics: {'price_cost': 0.8074212075738066, 'emmision_cost': 0.911659393952503}
[-0.05455654] -0.05455653588368541
Average Price Cost: 0.8074212075738066
Average Emmision Cost: 0.911659393952503
Average of both costs: 0.8595403007631548
Total time taken by agent: 19.99773749677115s
DONE!
