{'agent': 'UADQN', 'action_selection': 'softmax', 'seed': 1, 'episodes': 50, 'data_path': 'data/citylearn_challenge_2022_phase_1', 'dry_run': False, 'n_discrete': 9, 'update_target': 4, 'lr': 0.01, 'batch_size': 256, 'adam_epsilon': 1e-09, 'epsilon_final': 0.02, 'run_id': 452}
{'Notes': 'This is a tuning run, executed on a single building.',
 'adam_epsilon': 1e-09,
 'aleatoric_factor': 0,
 'biased_aleatoric': False,
 'env': '<NormalizeObservation<OneHotHour<DiscreteSingle<CityLearnEnv '
        'instance>>>>',
 'epistemic_factor': 1,
 'gamma': 0.99,
 'learning_rate': 0.01,
 'minibatch_size': 256,
 'n_quantiles': 20,
 'network': 'MLP(\n'
            '  (layers): Sequential(\n'
            '    (0): Linear(in_features=29, out_features=128, bias=True)\n'
            '    (1): ReLU()\n'
            '    (2): Linear(in_features=128, out_features=128, bias=True)\n'
            '    (3): ReLU()\n'
            '    (4): Linear(in_features=128, out_features=180, bias=True)\n'
            '  )\n'
            ')',
 'noise_scale': 1,
 'replay_buffer_size': 10000,
 'replay_start_size': 256,
 'seed': 1,
 'train_steps': 438000,
 'update_frequency': 1,
 'update_target_frequency': 4,
 'weight_scale': 1.4142135623730951}
Timestep : 8758, score : -13320.164689597048, Time : 87.849 s
Timestep : 17517, score : -13971.863164066333, Time : 91.35 s
Timestep : 26276, score : -16641.026460630193, Time : 91.495 s
Timestep : 35035, score : -15873.811452134702, Time : 91.492 s
Timestep : 43794, score : -12904.694013214204, Time : 93.128 s
Timestep : 52553, score : -5357.134471741534, Time : 94.139 s
Timestep : 61312, score : -4415.999666615535, Time : 94.308 s
Timestep : 70071, score : -6232.33761232144, Time : 94.29 s
Timestep : 78830, score : -9538.516123752139, Time : 93.388 s
Timestep : 87589, score : -9329.779868245736, Time : 92.486 s
Timestep : 96348, score : -4922.550330017071, Time : 92.337 s
Timestep : 105107, score : -5001.158368777164, Time : 93.908 s
Timestep : 113866, score : -6455.3378110904305, Time : 93.645 s
Timestep : 122625, score : -5141.275644526031, Time : 92.391 s
Timestep : 131384, score : -6602.668866609005, Time : 92.909 s
Timestep : 140143, score : -4424.027480204779, Time : 94.229 s
Timestep : 148902, score : -4774.20411560122, Time : 94.092 s
Timestep : 157661, score : -4446.7065025708, Time : 94.063 s
Timestep : 166420, score : -4005.4835721463023, Time : 94.193 s
Timestep : 175179, score : -4110.893503657804, Time : 94.049 s
Timestep : 183938, score : -4137.9394548316195, Time : 94.185 s
Timestep : 192697, score : -4385.8578478687705, Time : 93.221 s
Timestep : 201456, score : -4008.373332447518, Time : 93.822 s
Timestep : 210215, score : -3923.1194341599767, Time : 93.785 s
Timestep : 218974, score : -3620.283999581501, Time : 94.041 s
Timestep : 227733, score : -4171.253540874837, Time : 94.175 s
Timestep : 236492, score : -3784.6552576703543, Time : 94.109 s
Timestep : 245251, score : -4475.3231487519515, Time : 93.993 s
Timestep : 254010, score : -4156.108617561782, Time : 94.073 s
Timestep : 262769, score : -4152.505445635325, Time : 94.158 s
Timestep : 271528, score : -3893.1743849151826, Time : 94.147 s
Timestep : 280287, score : -3679.1452301498066, Time : 94.072 s
Timestep : 289046, score : -3747.2026003201026, Time : 94.115 s
Timestep : 297805, score : -3941.568028973794, Time : 94.132 s
Timestep : 306564, score : -3658.633844136755, Time : 94.14 s
Timestep : 315323, score : -3550.0700175235106, Time : 92.199 s
Timestep : 324082, score : -3723.402188040811, Time : 92.354 s
Timestep : 332841, score : -4295.923539478827, Time : 93.831 s
Timestep : 341600, score : -3648.683031008026, Time : 92.783 s
Timestep : 350359, score : -4266.825661932657, Time : 92.952 s
Timestep : 359118, score : -3996.0277236422553, Time : 93.765 s
Timestep : 367877, score : -3892.5119441395655, Time : 92.99 s
Timestep : 376636, score : -3848.4977776604064, Time : 92.254 s
Timestep : 385395, score : -4477.310279317273, Time : 92.349 s
Timestep : 394154, score : -3996.962134475776, Time : 92.397 s
Timestep : 402913, score : -4033.9073272039677, Time : 91.184 s
Timestep : 411672, score : -4034.4659688436222, Time : 90.631 s
Timestep : 420431, score : -3992.2455231722706, Time : 90.76 s
Timestep : 429190, score : -3963.653908793305, Time : 91.928 s
Timestep : 437949, score : -3744.5244252723205, Time : 92.276 s
Starting local evaluation
Num Steps: 1000, Num episodes: 0
Num Steps: 2000, Num episodes: 0
Num Steps: 3000, Num episodes: 0
Num Steps: 4000, Num episodes: 0
Num Steps: 5000, Num episodes: 0
Num Steps: 6000, Num episodes: 0
Num Steps: 7000, Num episodes: 0
Num Steps: 8000, Num episodes: 0
Episode complete: 1 | Latest episode metrics: {'price_cost': 0.9815960379462326, 'emmision_cost': 1.0198759837045048}
[-0.22998195] -0.22998194951918763
Average Price Cost: 0.9815960379462326
Average Emmision Cost: 1.0198759837045048
Average of both costs: 1.0007360108253687
Total time taken by agent: 12.760873291641474s
DONE!
