{'agent': 'UADQN', 'action_selection': 'softmax', 'seed': 1, 'episodes': 50, 'data_path': 'data/citylearn_challenge_2022_phase_1', 'dry_run': False, 'n_discrete': 9, 'update_target': 4, 'lr': 3e-05, 'batch_size': 128, 'adam_epsilon': 1e-06, 'epsilon_final': 0.02, 'run_id': 404}
{'Notes': 'This is a tuning run, executed on a single building.',
 'adam_epsilon': 1e-06,
 'aleatoric_factor': 0,
 'biased_aleatoric': False,
 'env': '<NormalizeObservation<OneHotHour<DiscreteSingle<CityLearnEnv '
        'instance>>>>',
 'epistemic_factor': 1,
 'gamma': 0.99,
 'learning_rate': 3e-05,
 'minibatch_size': 128,
 'n_quantiles': 20,
 'network': 'MLP(\n'
            '  (layers): Sequential(\n'
            '    (0): Linear(in_features=29, out_features=128, bias=True)\n'
            '    (1): ReLU()\n'
            '    (2): Linear(in_features=128, out_features=128, bias=True)\n'
            '    (3): ReLU()\n'
            '    (4): Linear(in_features=128, out_features=180, bias=True)\n'
            '  )\n'
            ')',
 'noise_scale': 1,
 'replay_buffer_size': 10000,
 'replay_start_size': 128,
 'seed': 1,
 'train_steps': 438000,
 'update_frequency': 1,
 'update_target_frequency': 4,
 'weight_scale': 1.4142135623730951}
Timestep : 8758, score : -5666.502498585876, Time : 88.763 s
Timestep : 17517, score : -2616.7723049267115, Time : 91.975 s
Timestep : 26276, score : -2304.1134688811435, Time : 92.407 s
Timestep : 35035, score : -1605.1538750687178, Time : 92.252 s
Timestep : 43794, score : -1673.9512737577606, Time : 93.247 s
Timestep : 52553, score : -1254.5183450619515, Time : 93.136 s
Timestep : 61312, score : -1393.0579548727546, Time : 93.737 s
Timestep : 70071, score : -1449.7012442140403, Time : 93.962 s
Timestep : 78830, score : -946.5850488648575, Time : 93.551 s
Timestep : 87589, score : -890.6716064638572, Time : 93.852 s
Timestep : 96348, score : -1208.174789224242, Time : 93.677 s
Timestep : 105107, score : -1026.251705028073, Time : 93.896 s
Timestep : 113866, score : -965.6350244421337, Time : 93.42 s
Timestep : 122625, score : -1260.4088428959076, Time : 94.205 s
Timestep : 131384, score : -1241.33481203884, Time : 93.709 s
Timestep : 140143, score : -1027.5440207300271, Time : 93.414 s
Timestep : 148902, score : -1138.6300337931898, Time : 93.998 s
Timestep : 157661, score : -1174.3080089653668, Time : 93.527 s
Timestep : 166420, score : -1157.5193275211204, Time : 93.409 s
Timestep : 175179, score : -1090.9897338177834, Time : 92.672 s
Timestep : 183938, score : -1212.6072357030644, Time : 91.909 s
Timestep : 192697, score : -833.1705173624505, Time : 92.53 s
Timestep : 201456, score : -1082.2516040813935, Time : 92.91 s
Timestep : 210215, score : -1212.1960407730949, Time : 92.327 s
Timestep : 218974, score : -1024.2596580632526, Time : 91.187 s
Timestep : 227733, score : -966.4107858341013, Time : 90.847 s
Timestep : 236492, score : -1070.9121218247165, Time : 91.638 s
Timestep : 245251, score : -967.2923123471264, Time : 92.256 s
Timestep : 254010, score : -1178.3797897838813, Time : 92.294 s
Timestep : 262769, score : -870.1974809356325, Time : 92.26 s
Timestep : 271528, score : -1055.9552521163423, Time : 90.797 s
Timestep : 280287, score : -1117.194185589702, Time : 89.438 s
Timestep : 289046, score : -1171.060368018021, Time : 89.673 s
Timestep : 297805, score : -1374.0379148104985, Time : 89.067 s
Timestep : 306564, score : -1218.8562644247722, Time : 87.823 s
Timestep : 315323, score : -961.5246833025303, Time : 89.381 s
Timestep : 324082, score : -1236.8534459884104, Time : 89.691 s
Timestep : 332841, score : -1044.3654435484495, Time : 89.647 s
Timestep : 341600, score : -801.962060750724, Time : 89.121 s
Timestep : 350359, score : -952.4872505539388, Time : 89.727 s
Timestep : 359118, score : -976.6632698478934, Time : 89.603 s
Timestep : 367877, score : -980.994240201806, Time : 89.195 s
Timestep : 376636, score : -1051.823384464049, Time : 89.696 s
Timestep : 385395, score : -871.6933207663533, Time : 89.21 s
Timestep : 394154, score : -1187.8449387701985, Time : 88.506 s
Timestep : 402913, score : -1135.3181303211313, Time : 88.144 s
Timestep : 411672, score : -1020.1543227650982, Time : 88.709 s
Timestep : 420431, score : -1141.388354057708, Time : 89.891 s
Timestep : 429190, score : -1331.9491894564417, Time : 89.309 s
Timestep : 437949, score : -1106.1309197459195, Time : 89.767 s
Starting local evaluation
Num Steps: 1000, Num episodes: 0
Num Steps: 2000, Num episodes: 0
Num Steps: 3000, Num episodes: 0
Num Steps: 4000, Num episodes: 0
Num Steps: 5000, Num episodes: 0
Num Steps: 6000, Num episodes: 0
Num Steps: 7000, Num episodes: 0
Num Steps: 8000, Num episodes: 0
Episode complete: 1 | Latest episode metrics: {'price_cost': 0.8222694236580943, 'emmision_cost': 0.904879798841189}
[-0.06007683] -0.06007682931618976
Average Price Cost: 0.8222694236580943
Average Emmision Cost: 0.904879798841189
Average of both costs: 0.8635746112496416
Total time taken by agent: 12.417778618546436s
DONE!
