{'agent': 'UADQN', 'action_selection': 'softmax', 'seed': 1, 'episodes': 50, 'data_path': 'data/citylearn_challenge_2022_phase_1', 'dry_run': False, 'n_discrete': 9, 'update_target': 8, 'lr': 7e-05, 'batch_size': 128, 'adam_epsilon': 1e-10, 'epsilon_final': 0.02, 'run_id': 484}
{'Notes': 'This is a tuning run, executed on a single building.',
 'adam_epsilon': 1e-10,
 'aleatoric_factor': 0,
 'biased_aleatoric': False,
 'env': '<NormalizeObservation<OneHotHour<DiscreteSingle<CityLearnEnv '
        'instance>>>>',
 'epistemic_factor': 1,
 'gamma': 0.99,
 'learning_rate': 7e-05,
 'minibatch_size': 128,
 'n_quantiles': 20,
 'network': 'MLP(\n'
            '  (layers): Sequential(\n'
            '    (0): Linear(in_features=29, out_features=128, bias=True)\n'
            '    (1): ReLU()\n'
            '    (2): Linear(in_features=128, out_features=128, bias=True)\n'
            '    (3): ReLU()\n'
            '    (4): Linear(in_features=128, out_features=180, bias=True)\n'
            '  )\n'
            ')',
 'noise_scale': 1,
 'replay_buffer_size': 10000,
 'replay_start_size': 128,
 'seed': 1,
 'train_steps': 438000,
 'update_frequency': 1,
 'update_target_frequency': 8,
 'weight_scale': 1.4142135623730951}
Timestep : 8758, score : -4998.990004250343, Time : 78.719 s
Timestep : 17517, score : -4098.562639789103, Time : 83.445 s
Timestep : 26276, score : -3095.2985426781524, Time : 83.6 s
Timestep : 35035, score : -2084.546076746963, Time : 81.377 s
Timestep : 43794, score : -2028.5471947163169, Time : 83.193 s
Timestep : 52553, score : -1666.385727648987, Time : 84.134 s
Timestep : 61312, score : -1196.6977156337234, Time : 82.154 s
Timestep : 70071, score : -1053.8988135455002, Time : 82.523 s
Timestep : 78830, score : -1183.486333955807, Time : 83.547 s
Timestep : 87589, score : -1534.7409312415693, Time : 83.172 s
Timestep : 96348, score : -1368.3057605645445, Time : 81.342 s
Timestep : 105107, score : -1181.8851393384684, Time : 85.793 s
Timestep : 113866, score : -950.1885879867768, Time : 83.52 s
Timestep : 122625, score : -1202.117066967563, Time : 82.715 s
Timestep : 131384, score : -784.8905786674295, Time : 84.492 s
Timestep : 140143, score : -901.0456260273058, Time : 84.369 s
Timestep : 148902, score : -781.676274845755, Time : 77.629 s
Timestep : 157661, score : -946.6501347262238, Time : 77.156 s
Timestep : 166420, score : -927.4258643619542, Time : 79.359 s
Timestep : 175179, score : -726.785597637092, Time : 79.332 s
Timestep : 183938, score : -767.3786376478965, Time : 82.669 s
Timestep : 192697, score : -839.6658449282695, Time : 82.726 s
Timestep : 201456, score : -893.0081020965736, Time : 82.791 s
Timestep : 210215, score : -1042.7466368924652, Time : 82.612 s
Timestep : 218974, score : -1033.9202857686032, Time : 83.855 s
Timestep : 227733, score : -766.9503955471155, Time : 82.448 s
Timestep : 236492, score : -942.8527246120211, Time : 82.49 s
Timestep : 245251, score : -917.9375606136891, Time : 83.108 s
Timestep : 254010, score : -959.9424259777006, Time : 83.128 s
Timestep : 262769, score : -930.0562223012384, Time : 81.246 s
Timestep : 271528, score : -850.5750579152082, Time : 79.198 s
Timestep : 280287, score : -880.6916457482439, Time : 80.963 s
Timestep : 289046, score : -828.8785486340348, Time : 81.033 s
Timestep : 297805, score : -838.7104536809784, Time : 81.235 s
Timestep : 306564, score : -846.7841219615948, Time : 83.278 s
Timestep : 315323, score : -785.188956410886, Time : 81.727 s
Timestep : 324082, score : -938.9356002344575, Time : 80.884 s
Timestep : 332841, score : -865.1349425355729, Time : 81.107 s
Timestep : 341600, score : -775.0000444378529, Time : 81.581 s
Timestep : 350359, score : -841.8704121283081, Time : 82.173 s
Timestep : 359118, score : -824.2388553994533, Time : 81.175 s
Timestep : 367877, score : -972.2967407519754, Time : 81.672 s
Timestep : 376636, score : -901.7051794866857, Time : 83.125 s
Timestep : 385395, score : -870.8385926944029, Time : 83.943 s
Timestep : 394154, score : -1023.9274935582216, Time : 82.278 s
Timestep : 402913, score : -1005.94071459517, Time : 81.25 s
Timestep : 411672, score : -889.3661049821239, Time : 79.906 s
Timestep : 420431, score : -1062.8349940625776, Time : 81.585 s
Timestep : 429190, score : -1112.7445990669366, Time : 80.414 s
Timestep : 437949, score : -972.5479402712372, Time : 83.33 s
Starting local evaluation
Num Steps: 1000, Num episodes: 0
Num Steps: 2000, Num episodes: 0
Num Steps: 3000, Num episodes: 0
Num Steps: 4000, Num episodes: 0
Num Steps: 5000, Num episodes: 0
Num Steps: 6000, Num episodes: 0
Num Steps: 7000, Num episodes: 0
Num Steps: 8000, Num episodes: 0
Episode complete: 1 | Latest episode metrics: {'price_cost': 0.8175680553834963, 'emmision_cost': 0.9077814377760282}
[-0.05877402] -0.05877401700044206
Average Price Cost: 0.8175680553834963
Average Emmision Cost: 0.9077814377760282
Average of both costs: 0.8626747465797622
Total time taken by agent: 11.682826879434288s
DONE!
