{'agent': 'UADQN', 'action_selection': 'softmax', 'seed': 1, 'episodes': 50, 'data_path': 'data/citylearn_challenge_2022_phase_1', 'dry_run': False, 'n_discrete': 9, 'update_target': 4, 'lr': 0.003, 'batch_size': 4, 'adam_epsilon': 1e-07, 'epsilon_final': 0.02, 'run_id': 475}
{'Notes': 'This is a tuning run, executed on a single building.',
 'adam_epsilon': 1e-07,
 'aleatoric_factor': 0,
 'biased_aleatoric': False,
 'env': '<NormalizeObservation<OneHotHour<DiscreteSingle<CityLearnEnv '
        'instance>>>>',
 'epistemic_factor': 1,
 'gamma': 0.99,
 'learning_rate': 0.003,
 'minibatch_size': 4,
 'n_quantiles': 20,
 'network': 'MLP(\n'
            '  (layers): Sequential(\n'
            '    (0): Linear(in_features=29, out_features=128, bias=True)\n'
            '    (1): ReLU()\n'
            '    (2): Linear(in_features=128, out_features=128, bias=True)\n'
            '    (3): ReLU()\n'
            '    (4): Linear(in_features=128, out_features=180, bias=True)\n'
            '  )\n'
            ')',
 'noise_scale': 1,
 'replay_buffer_size': 10000,
 'replay_start_size': 4,
 'seed': 1,
 'train_steps': 438000,
 'update_frequency': 1,
 'update_target_frequency': 4,
 'weight_scale': 1.4142135623730951}
Timestep : 8758, score : -10741.29779893873, Time : 71.393 s
Timestep : 17517, score : -11829.292332724159, Time : 70.535 s
Timestep : 26276, score : -11445.296892035476, Time : 70.371 s
Timestep : 35035, score : -13100.933129281242, Time : 72.177 s
Timestep : 43794, score : -13227.441417324007, Time : 72.456 s
Timestep : 52553, score : -14404.363350603759, Time : 71.277 s
Timestep : 61312, score : -15286.71136722996, Time : 70.626 s
Timestep : 70071, score : -15226.026254565644, Time : 70.702 s
Timestep : 78830, score : -13902.821367399549, Time : 72.5 s
Timestep : 87589, score : -14450.1172162609, Time : 72.821 s
Timestep : 96348, score : -14096.247067734716, Time : 73.045 s
Timestep : 105107, score : -13636.466224052201, Time : 73.02 s
Timestep : 113866, score : -13567.646152005022, Time : 70.801 s
Timestep : 122625, score : -13401.468881529014, Time : 70.46 s
Timestep : 131384, score : -12343.355465880086, Time : 70.513 s
Timestep : 140143, score : -6825.947218638292, Time : 70.766 s
Timestep : 148902, score : -9537.186620012537, Time : 71.653 s
Timestep : 157661, score : -8355.31062948065, Time : 70.742 s
Timestep : 166420, score : -9240.090278482487, Time : 70.587 s
Timestep : 175179, score : -8986.382954956993, Time : 70.388 s
Timestep : 183938, score : -8877.545872976494, Time : 70.702 s
Timestep : 192697, score : -10201.935188485455, Time : 70.385 s
Timestep : 201456, score : -9326.720684497996, Time : 70.304 s
Timestep : 210215, score : -8754.23579500425, Time : 71.459 s
Timestep : 218974, score : -7194.910051504339, Time : 72.014 s
Timestep : 227733, score : -8936.81224476287, Time : 70.442 s
Timestep : 236492, score : -9774.085004295644, Time : 70.468 s
Timestep : 245251, score : -10572.496678845055, Time : 70.454 s
Timestep : 254010, score : -8734.2411325289, Time : 70.832 s
Timestep : 262769, score : -8836.000773411433, Time : 71.619 s
Timestep : 271528, score : -8135.095924713678, Time : 71.975 s
Timestep : 280287, score : -7571.294645312388, Time : 70.847 s
Timestep : 289046, score : -6656.469495405472, Time : 70.823 s
Timestep : 297805, score : -4575.769782432035, Time : 70.857 s
Timestep : 306564, score : -4319.679349937855, Time : 70.772 s
Timestep : 315323, score : -4630.358809273137, Time : 71.761 s
Timestep : 324082, score : -4554.645908501843, Time : 72.799 s
Timestep : 332841, score : -4578.468347317685, Time : 71.435 s
Timestep : 341600, score : -4627.580362067936, Time : 70.788 s
Timestep : 350359, score : -4681.563945814414, Time : 70.835 s
Timestep : 359118, score : -4908.007137764274, Time : 70.743 s
Timestep : 367877, score : -4331.33155579344, Time : 70.734 s
Timestep : 376636, score : -4501.442665362643, Time : 70.774 s
Timestep : 385395, score : -4523.355919150083, Time : 70.728 s
Timestep : 394154, score : -4153.375139099924, Time : 70.787 s
Timestep : 402913, score : -4401.511575077573, Time : 70.784 s
Timestep : 411672, score : -4387.002527113451, Time : 70.716 s
Timestep : 420431, score : -4357.380025810984, Time : 69.827 s
Timestep : 429190, score : -4334.785345471842, Time : 68.917 s
Timestep : 437949, score : -4633.340662305622, Time : 70.657 s
Starting local evaluation
Num Steps: 1000, Num episodes: 0
Num Steps: 2000, Num episodes: 0
Num Steps: 3000, Num episodes: 0
Num Steps: 4000, Num episodes: 0
Num Steps: 5000, Num episodes: 0
Num Steps: 6000, Num episodes: 0
Num Steps: 7000, Num episodes: 0
Num Steps: 8000, Num episodes: 0
Episode complete: 1 | Latest episode metrics: {'price_cost': 1.0267535497150622, 'emmision_cost': 1.024395686719678}
[-0.26158912] -0.2615891225344991
Average Price Cost: 1.0267535497150622
Average Emmision Cost: 1.024395686719678
Average of both costs: 1.02557461821737
Total time taken by agent: 11.284786253236234s
DONE!
