{'agent': 'UADQN', 'action_selection': 'softmax', 'seed': 1, 'episodes': 50, 'data_path': 'data/citylearn_challenge_2022_phase_1', 'dry_run': False, 'n_discrete': 9, 'update_target': 8, 'lr': 7e-05, 'batch_size': 16, 'adam_epsilon': 0.0001, 'epsilon_final': 0.02, 'run_id': 423}
{'Notes': 'This is a tuning run, executed on a single building.',
 'adam_epsilon': 0.0001,
 'aleatoric_factor': 0,
 'biased_aleatoric': False,
 'env': '<NormalizeObservation<OneHotHour<DiscreteSingle<CityLearnEnv '
        'instance>>>>',
 'epistemic_factor': 1,
 'gamma': 0.99,
 'learning_rate': 7e-05,
 'minibatch_size': 16,
 'n_quantiles': 20,
 'network': 'MLP(\n'
            '  (layers): Sequential(\n'
            '    (0): Linear(in_features=29, out_features=128, bias=True)\n'
            '    (1): ReLU()\n'
            '    (2): Linear(in_features=128, out_features=128, bias=True)\n'
            '    (3): ReLU()\n'
            '    (4): Linear(in_features=128, out_features=180, bias=True)\n'
            '  )\n'
            ')',
 'noise_scale': 1,
 'replay_buffer_size': 10000,
 'replay_start_size': 16,
 'seed': 1,
 'train_steps': 438000,
 'update_frequency': 1,
 'update_target_frequency': 8,
 'weight_scale': 1.4142135623730951}
Timestep : 8758, score : -6125.761755198619, Time : 75.104 s
Timestep : 17517, score : -3613.721828650945, Time : 75.994 s
Timestep : 26276, score : -2701.081232229626, Time : 76.149 s
Timestep : 35035, score : -2129.8512736822304, Time : 76.406 s
Timestep : 43794, score : -2391.8907869188406, Time : 76.597 s
Timestep : 52553, score : -1484.237819050235, Time : 76.606 s
Timestep : 61312, score : -1752.1890994136047, Time : 76.707 s
Timestep : 70071, score : -1690.5393545098632, Time : 76.732 s
Timestep : 78830, score : -1697.1436272746942, Time : 76.83 s
Timestep : 87589, score : -1188.76568681121, Time : 76.827 s
Timestep : 96348, score : -1383.3985746510152, Time : 76.835 s
Timestep : 105107, score : -1074.0741562989133, Time : 76.862 s
Timestep : 113866, score : -1030.0236711802718, Time : 76.881 s
Timestep : 122625, score : -1591.7605659011315, Time : 76.86 s
Timestep : 131384, score : -1488.7790980034333, Time : 76.836 s
Timestep : 140143, score : -1185.5767013125878, Time : 76.958 s
Timestep : 148902, score : -876.4333165500138, Time : 76.92 s
Timestep : 157661, score : -1196.5618324529205, Time : 76.943 s
Timestep : 166420, score : -1358.6444049941201, Time : 76.983 s
Timestep : 175179, score : -1524.3380156427447, Time : 77.02 s
Timestep : 183938, score : -1719.0471126854245, Time : 77.007 s
Timestep : 192697, score : -1112.132514041179, Time : 76.832 s
Timestep : 201456, score : -1354.196391106845, Time : 76.244 s
Timestep : 210215, score : -1404.127829662786, Time : 76.34 s
Timestep : 218974, score : -1077.1676304358698, Time : 76.34 s
Timestep : 227733, score : -1080.329430302867, Time : 76.337 s
Timestep : 236492, score : -1171.536171418411, Time : 76.291 s
Timestep : 245251, score : -857.4896584584203, Time : 76.318 s
Timestep : 254010, score : -987.006943969318, Time : 76.361 s
Timestep : 262769, score : -1186.1789527938527, Time : 76.259 s
Timestep : 271528, score : -1006.903606982698, Time : 76.232 s
Timestep : 280287, score : -819.5008687733498, Time : 76.274 s
Timestep : 289046, score : -707.3643478460435, Time : 76.272 s
Timestep : 297805, score : -966.6982759393577, Time : 76.211 s
Timestep : 306564, score : -1168.9193925566797, Time : 76.276 s
Timestep : 315323, score : -1212.1915141723875, Time : 76.449 s
Timestep : 324082, score : -1251.5633244144556, Time : 76.461 s
Timestep : 332841, score : -869.1046480101359, Time : 76.641 s
Timestep : 341600, score : -805.2537314922374, Time : 76.605 s
Timestep : 350359, score : -623.3210090983484, Time : 76.622 s
Timestep : 359118, score : -755.6438966908318, Time : 77.023 s
Timestep : 367877, score : -798.9938471003261, Time : 76.884 s
Timestep : 376636, score : -799.5892015324498, Time : 76.389 s
Timestep : 385395, score : -863.3378333610308, Time : 76.514 s
Timestep : 394154, score : -888.0364577547007, Time : 76.4 s
Timestep : 402913, score : -904.2311522562813, Time : 76.769 s
Timestep : 411672, score : -1337.4228007919446, Time : 76.845 s
Timestep : 420431, score : -973.2754529596132, Time : 76.863 s
Timestep : 429190, score : -898.0734646559285, Time : 76.995 s
Timestep : 437949, score : -837.0847448578861, Time : 76.966 s
Starting local evaluation
Num Steps: 1000, Num episodes: 0
Num Steps: 2000, Num episodes: 0
Num Steps: 3000, Num episodes: 0
Num Steps: 4000, Num episodes: 0
Num Steps: 5000, Num episodes: 0
Num Steps: 6000, Num episodes: 0
Num Steps: 7000, Num episodes: 0
Num Steps: 8000, Num episodes: 0
Episode complete: 1 | Latest episode metrics: {'price_cost': 0.7908147861762115, 'emmision_cost': 0.896276686026607}
[-0.0348452] -0.03484520020769376
Average Price Cost: 0.7908147861762115
Average Emmision Cost: 0.896276686026607
Average of both costs: 0.8435457361014093
Total time taken by agent: 12.595379644219065s
DONE!
