{'agent': 'UADQN', 'action_selection': 'softmax', 'seed': 1, 'episodes': 50, 'data_path': 'data/citylearn_challenge_2022_phase_1', 'dry_run': False, 'n_discrete': 9, 'update_target': 32, 'lr': 0.1, 'batch_size': 16, 'adam_epsilon': 1e-09, 'epsilon_final': 0.02, 'run_id': 437}
{'Notes': 'This is a tuning run, executed on a single building.',
 'adam_epsilon': 1e-09,
 'aleatoric_factor': 0,
 'biased_aleatoric': False,
 'env': '<NormalizeObservation<OneHotHour<DiscreteSingle<CityLearnEnv '
        'instance>>>>',
 'epistemic_factor': 1,
 'gamma': 0.99,
 'learning_rate': 0.1,
 'minibatch_size': 16,
 'n_quantiles': 20,
 'network': 'MLP(\n'
            '  (layers): Sequential(\n'
            '    (0): Linear(in_features=29, out_features=128, bias=True)\n'
            '    (1): ReLU()\n'
            '    (2): Linear(in_features=128, out_features=128, bias=True)\n'
            '    (3): ReLU()\n'
            '    (4): Linear(in_features=128, out_features=180, bias=True)\n'
            '  )\n'
            ')',
 'noise_scale': 1,
 'replay_buffer_size': 10000,
 'replay_start_size': 16,
 'seed': 1,
 'train_steps': 438000,
 'update_frequency': 1,
 'update_target_frequency': 32,
 'weight_scale': 1.4142135623730951}
Timestep : 8758, score : -7408.717423486087, Time : 70.489 s
Timestep : 17517, score : -7188.574121766913, Time : 70.979 s
Timestep : 26276, score : -7620.942812218011, Time : 70.512 s
Timestep : 35035, score : -7040.045144017742, Time : 71.314 s
Timestep : 43794, score : -7512.743632744139, Time : 71.309 s
Timestep : 52553, score : -6931.295791215176, Time : 69.248 s
Timestep : 61312, score : -7160.719151138241, Time : 71.331 s
Timestep : 70071, score : -7309.693978048774, Time : 71.622 s
Timestep : 78830, score : -6945.605573770503, Time : 71.627 s
Timestep : 87589, score : -7260.389892270585, Time : 71.719 s
Timestep : 96348, score : -7701.836466366338, Time : 71.792 s
Timestep : 105107, score : -7117.648792227221, Time : 71.738 s
Timestep : 113866, score : -7312.815498512617, Time : 71.957 s
Timestep : 122625, score : -7364.972555358574, Time : 72.246 s
Timestep : 131384, score : -7535.2581995042565, Time : 72.005 s
Timestep : 140143, score : -7124.023909444717, Time : 71.758 s
Timestep : 148902, score : -7181.249402761838, Time : 71.708 s
Timestep : 157661, score : -7262.1339016084385, Time : 71.692 s
Timestep : 166420, score : -7175.510511194429, Time : 71.706 s
Timestep : 175179, score : -7397.08831377051, Time : 71.697 s
Timestep : 183938, score : -7066.884893251961, Time : 71.706 s
Timestep : 192697, score : -6986.117880715552, Time : 71.669 s
Timestep : 201456, score : -7425.114681441875, Time : 71.651 s
Timestep : 210215, score : -7336.461346637021, Time : 71.674 s
Timestep : 218974, score : -7250.435672520965, Time : 71.948 s
Timestep : 227733, score : -7463.2648067538685, Time : 71.802 s
Timestep : 236492, score : -8416.249843760888, Time : 71.791 s
Timestep : 245251, score : -7373.8587114982365, Time : 71.739 s
Timestep : 254010, score : -7132.762448273788, Time : 71.814 s
Timestep : 262769, score : -6986.652966654816, Time : 71.961 s
Timestep : 271528, score : -6983.350266063775, Time : 71.696 s
Timestep : 280287, score : -7482.776628014428, Time : 71.684 s
Timestep : 289046, score : -7649.154203846265, Time : 71.693 s
Timestep : 297805, score : -6995.412485075605, Time : 71.724 s
Timestep : 306564, score : -7589.6698601364915, Time : 71.697 s
Timestep : 315323, score : -6951.660318753129, Time : 71.723 s
Timestep : 324082, score : -7861.983312867189, Time : 71.689 s
Timestep : 332841, score : -6874.200105380412, Time : 71.693 s
Timestep : 341600, score : -7308.883660567837, Time : 71.658 s
Timestep : 350359, score : -7784.123555862607, Time : 71.636 s
Timestep : 359118, score : -7128.829343676945, Time : 71.649 s
Timestep : 367877, score : -7224.075496615449, Time : 71.854 s
Timestep : 376636, score : -7072.872441535728, Time : 71.612 s
Timestep : 385395, score : -7579.68156518403, Time : 71.553 s
Timestep : 394154, score : -7275.034163147589, Time : 71.588 s
Timestep : 402913, score : -7508.010198672142, Time : 71.642 s
Timestep : 411672, score : -6426.672223603193, Time : 71.617 s
Timestep : 420431, score : -7944.552629534999, Time : 71.646 s
Timestep : 429190, score : -7268.262613002982, Time : 72.168 s
Timestep : 437949, score : -7158.076690372618, Time : 72.294 s
Starting local evaluation
Num Steps: 1000, Num episodes: 0
Num Steps: 2000, Num episodes: 0
Num Steps: 3000, Num episodes: 0
Num Steps: 4000, Num episodes: 0
Num Steps: 5000, Num episodes: 0
Num Steps: 6000, Num episodes: 0
Num Steps: 7000, Num episodes: 0
Num Steps: 8000, Num episodes: 0
Episode complete: 1 | Latest episode metrics: {'price_cost': 1.456835999365325, 'emmision_cost': 1.4741008828199382}
[-0.80233346] -0.802333462328675
Average Price Cost: 1.456835999365325
Average Emmision Cost: 1.4741008828199382
Average of both costs: 1.4654684410926317
Total time taken by agent: 11.618750303634442s
DONE!
