{'agent': 'UADQN', 'action_selection': 'softmax', 'seed': 1, 'episodes': 50, 'data_path': 'data/citylearn_challenge_2022_phase_1', 'dry_run': False, 'n_discrete': 9, 'update_target': 16, 'lr': 0.0001, 'batch_size': 256, 'adam_epsilon': 1e-06, 'epsilon_final': 0.02, 'run_id': 447}
{'Notes': 'This is a tuning run, executed on a single building.',
 'adam_epsilon': 1e-06,
 'aleatoric_factor': 0,
 'biased_aleatoric': False,
 'env': '<NormalizeObservation<OneHotHour<DiscreteSingle<CityLearnEnv '
        'instance>>>>',
 'epistemic_factor': 1,
 'gamma': 0.99,
 'learning_rate': 0.0001,
 'minibatch_size': 256,
 'n_quantiles': 20,
 'network': 'MLP(\n'
            '  (layers): Sequential(\n'
            '    (0): Linear(in_features=29, out_features=128, bias=True)\n'
            '    (1): ReLU()\n'
            '    (2): Linear(in_features=128, out_features=128, bias=True)\n'
            '    (3): ReLU()\n'
            '    (4): Linear(in_features=128, out_features=180, bias=True)\n'
            '  )\n'
            ')',
 'noise_scale': 1,
 'replay_buffer_size': 10000,
 'replay_start_size': 256,
 'seed': 1,
 'train_steps': 438000,
 'update_frequency': 1,
 'update_target_frequency': 16,
 'weight_scale': 1.4142135623730951}
Timestep : 8758, score : -4748.1724174074625, Time : 89.164 s
Timestep : 17517, score : -4232.7243887064105, Time : 91.627 s
Timestep : 26276, score : -3331.41756156311, Time : 92.306 s
Timestep : 35035, score : -2262.9222157085605, Time : 92.204 s
Timestep : 43794, score : -1879.112508218299, Time : 92.28 s
Timestep : 52553, score : -1906.1609294060909, Time : 92.504 s
Timestep : 61312, score : -1573.5272190653777, Time : 92.337 s
Timestep : 70071, score : -1651.1455582357303, Time : 92.587 s
Timestep : 78830, score : -1458.1394213384774, Time : 93.206 s
Timestep : 87589, score : -1783.1704521768552, Time : 93.373 s
Timestep : 96348, score : -1904.6024371320673, Time : 92.358 s
Timestep : 105107, score : -1480.8102578060061, Time : 92.048 s
Timestep : 113866, score : -1689.6461839634285, Time : 91.519 s
Timestep : 122625, score : -1780.4305571650912, Time : 92.865 s
Timestep : 131384, score : -1604.7558427893382, Time : 92.046 s
Timestep : 140143, score : -1533.50822127036, Time : 92.021 s
Timestep : 148902, score : -1770.9518312772416, Time : 93.25 s
Timestep : 157661, score : -1799.2262052281876, Time : 92.161 s
Timestep : 166420, score : -1608.8797877120815, Time : 93.109 s
Timestep : 175179, score : -1715.2091958078963, Time : 92.293 s
Timestep : 183938, score : -1723.5927007386927, Time : 91.817 s
Timestep : 192697, score : -1731.3211415785772, Time : 92.777 s
Timestep : 201456, score : -1843.5305079926475, Time : 92.468 s
Timestep : 210215, score : -1773.9647248091787, Time : 92.262 s
Timestep : 218974, score : -1616.9905430746294, Time : 93.194 s
Timestep : 227733, score : -1568.1798430803174, Time : 91.889 s
Timestep : 236492, score : -1612.5109254632262, Time : 92.49 s
Timestep : 245251, score : -1672.900496434595, Time : 92.682 s
Timestep : 254010, score : -1474.7815048005432, Time : 92.811 s
Timestep : 262769, score : -1603.5013818816224, Time : 92.968 s
Timestep : 271528, score : -1692.5518837613054, Time : 92.865 s
Timestep : 280287, score : -1755.7370334287116, Time : 92.482 s
Timestep : 289046, score : -1573.0180523792515, Time : 91.903 s
Timestep : 297805, score : -1625.725531255419, Time : 92.466 s
Timestep : 306564, score : -1718.2800968636293, Time : 92.751 s
Timestep : 315323, score : -1733.9892964469618, Time : 92.69 s
Timestep : 324082, score : -1720.7874255230417, Time : 91.193 s
Timestep : 332841, score : -1630.039900532487, Time : 92.056 s
Timestep : 341600, score : -1642.6897429265664, Time : 93.067 s
Timestep : 350359, score : -1637.7804414440761, Time : 93.169 s
Timestep : 359118, score : -1674.859049273451, Time : 92.766 s
Timestep : 367877, score : -1664.7730250355962, Time : 91.769 s
Timestep : 376636, score : -1716.6948410854384, Time : 91.316 s
Timestep : 385395, score : -1762.131912078883, Time : 92.189 s
Timestep : 394154, score : -1679.9021303997433, Time : 92.943 s
Timestep : 402913, score : -1641.2327575184463, Time : 92.819 s
Timestep : 411672, score : -1657.056491832831, Time : 92.583 s
Timestep : 420431, score : -1716.4187638644944, Time : 92.683 s
Timestep : 429190, score : -1735.2233436548559, Time : 92.155 s
Timestep : 437949, score : -1721.1765855570557, Time : 92.679 s
Starting local evaluation
Num Steps: 1000, Num episodes: 0
Num Steps: 2000, Num episodes: 0
Num Steps: 3000, Num episodes: 0
Num Steps: 4000, Num episodes: 0
Num Steps: 5000, Num episodes: 0
Num Steps: 6000, Num episodes: 0
Num Steps: 7000, Num episodes: 0
Num Steps: 8000, Num episodes: 0
Episode complete: 1 | Latest episode metrics: {'price_cost': 0.8536982694576349, 'emmision_cost': 0.9340638601601683}
[-0.09742391] -0.09742390812670053
Average Price Cost: 0.8536982694576349
Average Emmision Cost: 0.9340638601601683
Average of both costs: 0.8938810648089016
Total time taken by agent: 12.628185937646776s
DONE!
