{'agent': 'UADQN', 'action_selection': 'softmax', 'seed': 1, 'episodes': 50, 'data_path': 'data/citylearn_challenge_2022_phase_1', 'dry_run': False, 'n_discrete': 9, 'update_target': 8, 'lr': 7e-05, 'batch_size': 16, 'adam_epsilon': 1e-10, 'epsilon_final': 0.02, 'run_id': 477}
{'Notes': 'This is a tuning run, executed on a single building.',
 'adam_epsilon': 1e-10,
 'aleatoric_factor': 0,
 'biased_aleatoric': False,
 'env': '<NormalizeObservation<OneHotHour<DiscreteSingle<CityLearnEnv '
        'instance>>>>',
 'epistemic_factor': 1,
 'gamma': 0.99,
 'learning_rate': 7e-05,
 'minibatch_size': 16,
 'n_quantiles': 20,
 'network': 'MLP(\n'
            '  (layers): Sequential(\n'
            '    (0): Linear(in_features=29, out_features=128, bias=True)\n'
            '    (1): ReLU()\n'
            '    (2): Linear(in_features=128, out_features=128, bias=True)\n'
            '    (3): ReLU()\n'
            '    (4): Linear(in_features=128, out_features=180, bias=True)\n'
            '  )\n'
            ')',
 'noise_scale': 1,
 'replay_buffer_size': 10000,
 'replay_start_size': 16,
 'seed': 1,
 'train_steps': 438000,
 'update_frequency': 1,
 'update_target_frequency': 8,
 'weight_scale': 1.4142135623730951}
Timestep : 8758, score : -6063.440304352582, Time : 70.925 s
Timestep : 17517, score : -3638.500138762247, Time : 71.91 s
Timestep : 26276, score : -2445.97986168068, Time : 71.804 s
Timestep : 35035, score : -1447.5321677321626, Time : 71.814 s
Timestep : 43794, score : -1975.2950207665854, Time : 72.608 s
Timestep : 52553, score : -1809.0572491766943, Time : 72.954 s
Timestep : 61312, score : -1789.4067264686164, Time : 73.466 s
Timestep : 70071, score : -1787.3587503185408, Time : 73.41 s
Timestep : 78830, score : -1160.751765214518, Time : 73.05 s
Timestep : 87589, score : -894.4757230689574, Time : 73.192 s
Timestep : 96348, score : -985.3330200675991, Time : 73.612 s
Timestep : 105107, score : -1343.7360944320244, Time : 73.609 s
Timestep : 113866, score : -1008.7860497782822, Time : 73.514 s
Timestep : 122625, score : -1279.017641777842, Time : 73.525 s
Timestep : 131384, score : -1354.9628238574805, Time : 72.718 s
Timestep : 140143, score : -1076.6247220633377, Time : 72.359 s
Timestep : 148902, score : -1105.6432415649178, Time : 72.744 s
Timestep : 157661, score : -1655.6097990214184, Time : 73.115 s
Timestep : 166420, score : -1307.6058326818456, Time : 72.928 s
Timestep : 175179, score : -1386.241020005691, Time : 73.032 s
Timestep : 183938, score : -1600.1755053067172, Time : 72.941 s
Timestep : 192697, score : -1161.2452774377016, Time : 72.31 s
Timestep : 201456, score : -1400.516947413591, Time : 72.533 s
Timestep : 210215, score : -1389.4358630997885, Time : 72.63 s
Timestep : 218974, score : -1347.9430017762643, Time : 73.163 s
Timestep : 227733, score : -1038.7981527631928, Time : 72.093 s
Timestep : 236492, score : -847.0634408247133, Time : 71.645 s
Timestep : 245251, score : -1075.3677057347086, Time : 72.208 s
Timestep : 254010, score : -1124.1787537795317, Time : 72.879 s
Timestep : 262769, score : -1224.91822091004, Time : 72.677 s
Timestep : 271528, score : -1222.839457789698, Time : 72.567 s
Timestep : 280287, score : -904.481433334091, Time : 72.386 s
Timestep : 289046, score : -1223.2481689576816, Time : 73.165 s
Timestep : 297805, score : -1661.5043247707945, Time : 71.552 s
Timestep : 306564, score : -1696.8189240446954, Time : 71.547 s
Timestep : 315323, score : -1286.2826800006005, Time : 71.042 s
Timestep : 324082, score : -1037.0996032513503, Time : 71.745 s
Timestep : 332841, score : -1217.3731326770794, Time : 71.492 s
Timestep : 341600, score : -1260.6822725159873, Time : 71.91 s
Timestep : 350359, score : -1155.2134320375335, Time : 72.75 s
Timestep : 359118, score : -1327.0613405423064, Time : 72.335 s
Timestep : 367877, score : -1169.2712236226362, Time : 72.674 s
Timestep : 376636, score : -1447.6620639453467, Time : 72.622 s
Timestep : 385395, score : -1077.9564597274002, Time : 71.664 s
Timestep : 394154, score : -1310.9204499398184, Time : 73.067 s
Timestep : 402913, score : -1196.0783739779436, Time : 73.042 s
Timestep : 411672, score : -1314.1674339284946, Time : 72.905 s
Timestep : 420431, score : -1333.167390546092, Time : 72.759 s
Timestep : 429190, score : -1142.3305447998282, Time : 72.673 s
Timestep : 437949, score : -1242.485283607879, Time : 72.998 s
Starting local evaluation
Num Steps: 1000, Num episodes: 0
Num Steps: 2000, Num episodes: 0
Num Steps: 3000, Num episodes: 0
Num Steps: 4000, Num episodes: 0
Num Steps: 5000, Num episodes: 0
Num Steps: 6000, Num episodes: 0
Num Steps: 7000, Num episodes: 0
Num Steps: 8000, Num episodes: 0
Episode complete: 1 | Latest episode metrics: {'price_cost': 0.825698465695872, 'emmision_cost': 0.9121331137259407}
[-0.06655027] -0.0665502705757389
Average Price Cost: 0.825698465695872
Average Emmision Cost: 0.9121331137259407
Average of both costs: 0.8689157897109063
Total time taken by agent: 11.627540058922023s
DONE!
