{'agent': 'UADQN', 'action_selection': 'softmax', 'seed': 1, 'episodes': 50, 'data_path': 'data/citylearn_challenge_2022_phase_1', 'dry_run': False, 'n_discrete': 9, 'update_target': 32, 'lr': 0.0003, 'batch_size': 16, 'adam_epsilon': 0.0001, 'epsilon_final': 0.02, 'run_id': 448}
{'Notes': 'This is a tuning run, executed on a single building.',
 'adam_epsilon': 0.0001,
 'aleatoric_factor': 0,
 'biased_aleatoric': False,
 'env': '<NormalizeObservation<OneHotHour<DiscreteSingle<CityLearnEnv '
        'instance>>>>',
 'epistemic_factor': 1,
 'gamma': 0.99,
 'learning_rate': 0.0003,
 'minibatch_size': 16,
 'n_quantiles': 20,
 'network': 'MLP(\n'
            '  (layers): Sequential(\n'
            '    (0): Linear(in_features=29, out_features=128, bias=True)\n'
            '    (1): ReLU()\n'
            '    (2): Linear(in_features=128, out_features=128, bias=True)\n'
            '    (3): ReLU()\n'
            '    (4): Linear(in_features=128, out_features=180, bias=True)\n'
            '  )\n'
            ')',
 'noise_scale': 1,
 'replay_buffer_size': 10000,
 'replay_start_size': 16,
 'seed': 1,
 'train_steps': 438000,
 'update_frequency': 1,
 'update_target_frequency': 32,
 'weight_scale': 1.4142135623730951}
Timestep : 8758, score : -3975.5941067522217, Time : 74.91 s
Timestep : 17517, score : -2009.076093454336, Time : 76.816 s
Timestep : 26276, score : -2594.373932673858, Time : 76.944 s
Timestep : 35035, score : -1405.54616476509, Time : 76.996 s
Timestep : 43794, score : -1665.3382310330926, Time : 77.324 s
Timestep : 52553, score : -1264.9036242050643, Time : 77.493 s
Timestep : 61312, score : -1180.2691210342746, Time : 77.171 s
Timestep : 70071, score : -1354.078785077174, Time : 77.709 s
Timestep : 78830, score : -1581.059076896665, Time : 77.823 s
Timestep : 87589, score : -1275.7516287906983, Time : 78.1 s
Timestep : 96348, score : -1122.0823250089888, Time : 78.26 s
Timestep : 105107, score : -1394.9252788236481, Time : 77.761 s
Timestep : 113866, score : -1124.736197847902, Time : 78.262 s
Timestep : 122625, score : -1321.1613714860578, Time : 78.185 s
Timestep : 131384, score : -1220.393744035995, Time : 77.664 s
Timestep : 140143, score : -1382.4650287695986, Time : 76.955 s
Timestep : 148902, score : -1263.7571115992978, Time : 76.84 s
Timestep : 157661, score : -1197.9194237281044, Time : 76.823 s
Timestep : 166420, score : -931.1316188348283, Time : 76.865 s
Timestep : 175179, score : -1239.914011585788, Time : 77.294 s
Timestep : 183938, score : -1118.8658284109842, Time : 77.782 s
Timestep : 192697, score : -1296.8408118002408, Time : 77.741 s
Timestep : 201456, score : -1015.452628456318, Time : 77.482 s
Timestep : 210215, score : -1190.849099516825, Time : 76.756 s
Timestep : 218974, score : -1242.232888158207, Time : 76.863 s
Timestep : 227733, score : -1066.3002018715051, Time : 77.213 s
Timestep : 236492, score : -1008.1362787849357, Time : 76.731 s
Timestep : 245251, score : -982.4761142110074, Time : 76.799 s
Timestep : 254010, score : -1208.6077410274593, Time : 78.588 s
Timestep : 262769, score : -1311.9415324129805, Time : 77.336 s
Timestep : 271528, score : -1375.553845080074, Time : 76.981 s
Timestep : 280287, score : -1586.8286100301048, Time : 76.976 s
Timestep : 289046, score : -1496.7917239975504, Time : 76.709 s
Timestep : 297805, score : -1104.7893968687858, Time : 77.307 s
Timestep : 306564, score : -1079.2944762625848, Time : 76.779 s
Timestep : 315323, score : -1398.5153010021313, Time : 76.701 s
Timestep : 324082, score : -1124.8124550582434, Time : 76.87 s
Timestep : 332841, score : -1276.1003220771017, Time : 76.783 s
Timestep : 341600, score : -1180.5704223116627, Time : 76.942 s
Timestep : 350359, score : -1024.4475277913443, Time : 76.868 s
Timestep : 359118, score : -1476.7759002430248, Time : 76.794 s
Timestep : 367877, score : -1423.975355698989, Time : 76.583 s
Timestep : 376636, score : -1407.284790855163, Time : 76.486 s
Timestep : 385395, score : -1162.5043742856215, Time : 76.502 s
Timestep : 394154, score : -1165.8788316733771, Time : 76.813 s
Timestep : 402913, score : -1115.6890329989983, Time : 76.829 s
Timestep : 411672, score : -1295.4436001758731, Time : 76.75 s
Timestep : 420431, score : -1400.647701302194, Time : 76.812 s
Timestep : 429190, score : -1396.1555580269924, Time : 76.71 s
Timestep : 437949, score : -1133.8560276789503, Time : 76.429 s
Starting local evaluation
Num Steps: 1000, Num episodes: 0
Num Steps: 2000, Num episodes: 0
Num Steps: 3000, Num episodes: 0
Num Steps: 4000, Num episodes: 0
Num Steps: 5000, Num episodes: 0
Num Steps: 6000, Num episodes: 0
Num Steps: 7000, Num episodes: 0
Num Steps: 8000, Num episodes: 0
Episode complete: 1 | Latest episode metrics: {'price_cost': 0.7980008470688069, 'emmision_cost': 0.9249143729771371}
[-0.05633222] -0.05633221636963981
Average Price Cost: 0.7980008470688069
Average Emmision Cost: 0.9249143729771371
Average of both costs: 0.861457610022972
Total time taken by agent: 12.582214476540685s
DONE!
