{'agent': 'UADQN', 'action_selection': 'softmax', 'seed': 1, 'episodes': 50, 'data_path': 'data/citylearn_challenge_2022_phase_1', 'dry_run': False, 'n_discrete': 9, 'update_target': 8, 'lr': 0.1, 'batch_size': 32, 'adam_epsilon': 1e-07, 'epsilon_final': 0.02, 'run_id': 495}
{'Notes': 'This is a tuning run, executed on a single building.',
 'adam_epsilon': 1e-07,
 'aleatoric_factor': 0,
 'biased_aleatoric': False,
 'env': '<NormalizeObservation<OneHotHour<DiscreteSingle<CityLearnEnv '
        'instance>>>>',
 'epistemic_factor': 1,
 'gamma': 0.99,
 'learning_rate': 0.1,
 'minibatch_size': 32,
 'n_quantiles': 20,
 'network': 'MLP(\n'
            '  (layers): Sequential(\n'
            '    (0): Linear(in_features=29, out_features=128, bias=True)\n'
            '    (1): ReLU()\n'
            '    (2): Linear(in_features=128, out_features=128, bias=True)\n'
            '    (3): ReLU()\n'
            '    (4): Linear(in_features=128, out_features=180, bias=True)\n'
            '  )\n'
            ')',
 'noise_scale': 1,
 'replay_buffer_size': 10000,
 'replay_start_size': 32,
 'seed': 1,
 'train_steps': 438000,
 'update_frequency': 1,
 'update_target_frequency': 8,
 'weight_scale': 1.4142135623730951}
Timestep : 8758, score : -6492.329934329988, Time : 80.954 s
Timestep : 17517, score : -6272.287996148138, Time : 94.239 s
Timestep : 26276, score : -5797.879069575138, Time : 92.361 s
Timestep : 35035, score : -6760.3922973814915, Time : 94.4 s
Timestep : 43794, score : -5778.91678352133, Time : 94.781 s
Timestep : 52553, score : -6506.351519862568, Time : 94.957 s
Timestep : 61312, score : -6083.763969395266, Time : 93.332 s
Timestep : 70071, score : -6098.9465635663655, Time : 95.317 s
Timestep : 78830, score : -6508.998174909764, Time : 92.379 s
Timestep : 87589, score : -5868.211640990252, Time : 96.091 s
Timestep : 96348, score : -6103.443886685258, Time : 84.007 s
Timestep : 105107, score : -6333.691389400774, Time : 93.148 s
Timestep : 113866, score : -5890.06942141187, Time : 90.782 s
Timestep : 122625, score : -6243.0844461890665, Time : 86.687 s
Timestep : 131384, score : -6386.095048070492, Time : 80.694 s
Timestep : 140143, score : -6002.577099536109, Time : 80.752 s
Timestep : 148902, score : -6200.222025773051, Time : 86.215 s
Timestep : 157661, score : -5933.102728573984, Time : 88.082 s
Timestep : 166420, score : -6251.582739408041, Time : 80.323 s
Timestep : 175179, score : -6648.834027476798, Time : 80.699 s
Timestep : 183938, score : -6341.110601767927, Time : 80.467 s
Timestep : 192697, score : -6175.323038663162, Time : 80.672 s
Timestep : 201456, score : -6035.6415657797625, Time : 84.089 s
Timestep : 210215, score : -6579.512476603806, Time : 96.87 s
Timestep : 218974, score : -5880.1422367465275, Time : 92.695 s
Timestep : 227733, score : -6750.726104615678, Time : 89.602 s
Timestep : 236492, score : -6280.850299445941, Time : 84.415 s
Timestep : 245251, score : -6309.373027078414, Time : 89.727 s
Timestep : 254010, score : -6410.89145930417, Time : 92.44 s
Timestep : 262769, score : -6083.453311757607, Time : 93.178 s
Timestep : 271528, score : -6466.536332680524, Time : 76.125 s
Timestep : 280287, score : -5825.616651762481, Time : 68.755 s
Timestep : 289046, score : -6167.273716857802, Time : 68.991 s
Timestep : 297805, score : -6221.4089467949525, Time : 72.743 s
Timestep : 306564, score : -5860.038213255146, Time : 68.969 s
Timestep : 315323, score : -6200.483644116524, Time : 69.127 s
Timestep : 324082, score : -5801.540574690123, Time : 72.405 s
Timestep : 332841, score : -6406.601255864865, Time : 84.104 s
Timestep : 341600, score : -6028.310796460748, Time : 91.217 s
Timestep : 350359, score : -6091.89435257719, Time : 91.542 s
Timestep : 359118, score : -6024.035480517268, Time : 87.349 s
Timestep : 367877, score : -6192.66463224504, Time : 87.002 s
Timestep : 376636, score : -6569.273871359139, Time : 86.969 s
Timestep : 385395, score : -5838.40863344344, Time : 89.291 s
Timestep : 394154, score : -6186.564993653752, Time : 76.111 s
Timestep : 402913, score : -6485.642602963431, Time : 74.721 s
Timestep : 411672, score : -6148.596631945533, Time : 84.748 s
Timestep : 420431, score : -6078.667145476662, Time : 85.547 s
Timestep : 429190, score : -6303.8567086285475, Time : 92.177 s
Timestep : 437949, score : -5981.923118412757, Time : 93.779 s
Starting local evaluation
Num Steps: 1000, Num episodes: 0
Num Steps: 2000, Num episodes: 0
Num Steps: 3000, Num episodes: 0
Num Steps: 4000, Num episodes: 0
Num Steps: 5000, Num episodes: 0
Num Steps: 6000, Num episodes: 0
Num Steps: 7000, Num episodes: 0
Num Steps: 8000, Num episodes: 0
Episode complete: 1 | Latest episode metrics: {'price_cost': 1.5486503619310565, 'emmision_cost': 1.6076943886795918}
[-0.93993047] -0.9399304676116516
Average Price Cost: 1.5486503619310565
Average Emmision Cost: 1.6076943886795918
Average of both costs: 1.578172375305324
Total time taken by agent: 14.457480886369012s
DONE!
