{'agent': 'UADQN', 'action_selection': 'softmax', 'seed': 1, 'episodes': 50, 'data_path': 'data/citylearn_challenge_2022_phase_1', 'dry_run': False, 'n_discrete': 9, 'update_target': 16, 'lr': 0.1, 'batch_size': 2, 'adam_epsilon': 1e-09, 'epsilon_final': 0.02, 'run_id': 481}
{'Notes': 'This is a tuning run, executed on a single building.',
 'adam_epsilon': 1e-09,
 'aleatoric_factor': 0,
 'biased_aleatoric': False,
 'env': '<NormalizeObservation<OneHotHour<DiscreteSingle<CityLearnEnv '
        'instance>>>>',
 'epistemic_factor': 1,
 'gamma': 0.99,
 'learning_rate': 0.1,
 'minibatch_size': 2,
 'n_quantiles': 20,
 'network': 'MLP(\n'
            '  (layers): Sequential(\n'
            '    (0): Linear(in_features=29, out_features=128, bias=True)\n'
            '    (1): ReLU()\n'
            '    (2): Linear(in_features=128, out_features=128, bias=True)\n'
            '    (3): ReLU()\n'
            '    (4): Linear(in_features=128, out_features=180, bias=True)\n'
            '  )\n'
            ')',
 'noise_scale': 1,
 'replay_buffer_size': 10000,
 'replay_start_size': 2,
 'seed': 1,
 'train_steps': 438000,
 'update_frequency': 1,
 'update_target_frequency': 16,
 'weight_scale': 1.4142135623730951}
Timestep : 8758, score : -6557.201406220003, Time : 74.83 s
Timestep : 17517, score : -4385.635270718281, Time : 75.628 s
Timestep : 26276, score : -4181.632965921803, Time : 75.865 s
Timestep : 35035, score : -4230.3189293345495, Time : 75.89 s
Timestep : 43794, score : -4159.977844150184, Time : 75.958 s
Timestep : 52553, score : -4321.924026820954, Time : 76.057 s
Timestep : 61312, score : -4943.346034676564, Time : 76.166 s
Timestep : 70071, score : -4344.41825862453, Time : 76.301 s
Timestep : 78830, score : -4398.291662711097, Time : 76.286 s
Timestep : 87589, score : -4215.30523823321, Time : 75.6 s
Timestep : 96348, score : -4221.485035452555, Time : 75.173 s
Timestep : 105107, score : -4214.330055957689, Time : 75.023 s
Timestep : 113866, score : -4289.299806696741, Time : 75.221 s
Timestep : 122625, score : -4290.261094800575, Time : 75.113 s
Timestep : 131384, score : -4207.367482954083, Time : 75.061 s
Timestep : 140143, score : -4241.948521540879, Time : 75.041 s
Timestep : 148902, score : -4188.272166823415, Time : 75.098 s
Timestep : 157661, score : -4357.140520809131, Time : 75.135 s
Timestep : 166420, score : -4111.100956728129, Time : 74.707 s
Timestep : 175179, score : -4188.691311845003, Time : 74.56 s
Timestep : 183938, score : -4181.292695981829, Time : 74.735 s
Timestep : 192697, score : -4220.110158457799, Time : 75.233 s
Timestep : 201456, score : -4404.236903421377, Time : 75.103 s
Timestep : 210215, score : -4385.062174541323, Time : 75.177 s
Timestep : 218974, score : -4183.765523081092, Time : 76.041 s
Timestep : 227733, score : -4173.898615007667, Time : 77.591 s
Timestep : 236492, score : -4310.6293883723265, Time : 77.797 s
Timestep : 245251, score : -4212.688271102874, Time : 77.94 s
Timestep : 254010, score : -4227.690838145005, Time : 77.955 s
Timestep : 262769, score : -4155.183232301293, Time : 77.966 s
Timestep : 271528, score : -4411.15175313389, Time : 77.922 s
Timestep : 280287, score : -4322.62981525567, Time : 78.013 s
Timestep : 289046, score : -4201.176882524189, Time : 78.08 s
Timestep : 297805, score : -4250.506474559574, Time : 77.822 s
Timestep : 306564, score : -4156.695367169945, Time : 78.209 s
Timestep : 315323, score : -4444.940576749301, Time : 78.002 s
Timestep : 324082, score : -4405.98356020209, Time : 78.047 s
Timestep : 332841, score : -4297.2787940437265, Time : 77.927 s
Timestep : 341600, score : -4301.047562625288, Time : 77.854 s
Timestep : 350359, score : -4236.631052212237, Time : 78.281 s
Timestep : 359118, score : -4337.153518074687, Time : 77.962 s
Timestep : 367877, score : -4442.156008351041, Time : 77.987 s
Timestep : 376636, score : -4336.0844506597205, Time : 77.446 s
Timestep : 385395, score : -4325.770579943812, Time : 77.563 s
Timestep : 394154, score : -4197.6595035039645, Time : 77.868 s
Timestep : 402913, score : -4125.660862001969, Time : 78.02 s
Timestep : 411672, score : -4132.0287562677695, Time : 77.435 s
Timestep : 420431, score : -4498.835552880395, Time : 77.155 s
Timestep : 429190, score : -4399.397643612145, Time : 76.349 s
Timestep : 437949, score : -4237.220841762988, Time : 77.186 s
Starting local evaluation
Num Steps: 1000, Num episodes: 0
Num Steps: 2000, Num episodes: 0
Num Steps: 3000, Num episodes: 0
Num Steps: 4000, Num episodes: 0
Num Steps: 5000, Num episodes: 0
Num Steps: 6000, Num episodes: 0
Num Steps: 7000, Num episodes: 0
Num Steps: 8000, Num episodes: 0
Episode complete: 1 | Latest episode metrics: {'price_cost': 1.0, 'emmision_cost': 1.0}
[-0.23006123] -0.23006122589809516
Average Price Cost: 1.0
Average Emmision Cost: 1.0
Average of both costs: 1.0
Total time taken by agent: 12.423010151600465s
DONE!
