{'agent': 'UADQN', 'action_selection': 'softmax', 'seed': 1, 'episodes': 50, 'data_path': 'data/citylearn_challenge_2022_phase_1', 'dry_run': False, 'n_discrete': 9, 'update_target': 8, 'lr': 0.03, 'batch_size': 2, 'adam_epsilon': 1e-10, 'epsilon_final': 0.02, 'run_id': 405}
{'Notes': 'This is a tuning run, executed on a single building.',
 'adam_epsilon': 1e-10,
 'aleatoric_factor': 0,
 'biased_aleatoric': False,
 'env': '<NormalizeObservation<OneHotHour<DiscreteSingle<CityLearnEnv '
        'instance>>>>',
 'epistemic_factor': 1,
 'gamma': 0.99,
 'learning_rate': 0.03,
 'minibatch_size': 2,
 'n_quantiles': 20,
 'network': 'MLP(\n'
            '  (layers): Sequential(\n'
            '    (0): Linear(in_features=29, out_features=128, bias=True)\n'
            '    (1): ReLU()\n'
            '    (2): Linear(in_features=128, out_features=128, bias=True)\n'
            '    (3): ReLU()\n'
            '    (4): Linear(in_features=128, out_features=180, bias=True)\n'
            '  )\n'
            ')',
 'noise_scale': 1,
 'replay_buffer_size': 10000,
 'replay_start_size': 2,
 'seed': 1,
 'train_steps': 438000,
 'update_frequency': 1,
 'update_target_frequency': 8,
 'weight_scale': 1.4142135623730951}
Timestep : 8758, score : -10425.848526934118, Time : 82.224 s
Timestep : 17517, score : -11505.627343480664, Time : 83.709 s
Timestep : 26276, score : -11411.154636662992, Time : 84.009 s
Timestep : 35035, score : -13785.523139995174, Time : 84.049 s
Timestep : 43794, score : -13342.714265047689, Time : 83.756 s
Timestep : 52553, score : -12964.846410274971, Time : 83.766 s
Timestep : 61312, score : -13468.726599192552, Time : 83.588 s
Timestep : 70071, score : -13782.82979099355, Time : 82.945 s
Timestep : 78830, score : -13193.447075547767, Time : 84.067 s
Timestep : 87589, score : -13190.304874674352, Time : 82.993 s
Timestep : 96348, score : -13521.936338871834, Time : 83.309 s
Timestep : 105107, score : -13418.234514351541, Time : 83.909 s
Timestep : 113866, score : -12806.779893371931, Time : 83.51 s
Timestep : 122625, score : -14129.369036775228, Time : 83.823 s
Timestep : 131384, score : -13793.90846681474, Time : 83.522 s
Timestep : 140143, score : -12721.087704112011, Time : 83.552 s
Timestep : 148902, score : -12826.233969669469, Time : 82.81 s
Timestep : 157661, score : -13744.590287370214, Time : 83.592 s
Timestep : 166420, score : -13407.527048576696, Time : 82.524 s
Timestep : 175179, score : -13105.052813318907, Time : 81.482 s
Timestep : 183938, score : -14249.168935142574, Time : 81.769 s
Timestep : 192697, score : -13250.11764508931, Time : 81.407 s
Timestep : 201456, score : -13812.159442672506, Time : 81.072 s
Timestep : 210215, score : -13938.431875920578, Time : 81.73 s
Timestep : 218974, score : -13619.012952808596, Time : 82.019 s
Timestep : 227733, score : -14613.243001350347, Time : 81.471 s
Timestep : 236492, score : -13774.133769941778, Time : 81.638 s
Timestep : 245251, score : -13865.97562380752, Time : 81.863 s
Timestep : 254010, score : -13462.675930407087, Time : 81.932 s
Timestep : 262769, score : -13563.289483947709, Time : 80.637 s
Timestep : 271528, score : -13861.094227571157, Time : 81.172 s
Timestep : 280287, score : -14125.72169417546, Time : 82.001 s
Timestep : 289046, score : -13625.226471900663, Time : 81.354 s
Timestep : 297805, score : -13635.4561422673, Time : 82.06 s
Timestep : 306564, score : -13245.064458924884, Time : 81.062 s
Timestep : 315323, score : -13772.199172143664, Time : 81.197 s
Timestep : 324082, score : -13511.005971510152, Time : 81.512 s
Timestep : 332841, score : -13722.68784005288, Time : 81.836 s
Timestep : 341600, score : -13848.650482135185, Time : 81.408 s
Timestep : 350359, score : -13728.28603452265, Time : 82.03 s
Timestep : 359118, score : -13313.909513375256, Time : 81.55 s
Timestep : 367877, score : -13005.109123532166, Time : 81.374 s
Timestep : 376636, score : -13460.651615105478, Time : 81.052 s
Timestep : 385395, score : -13108.243599693247, Time : 81.308 s
Timestep : 394154, score : -13781.342160753513, Time : 81.726 s
Timestep : 402913, score : -13209.633485852159, Time : 81.608 s
Timestep : 411672, score : -14631.733258347522, Time : 81.407 s
Timestep : 420431, score : -13781.574462702149, Time : 82.058 s
Timestep : 429190, score : -13603.788370321374, Time : 81.532 s
Timestep : 437949, score : -13892.336302394659, Time : 81.115 s
Starting local evaluation
Num Steps: 1000, Num episodes: 0
Num Steps: 2000, Num episodes: 0
Num Steps: 3000, Num episodes: 0
Num Steps: 4000, Num episodes: 0
Num Steps: 5000, Num episodes: 0
Num Steps: 6000, Num episodes: 0
Num Steps: 7000, Num episodes: 0
Num Steps: 8000, Num episodes: 0
Episode complete: 1 | Latest episode metrics: {'price_cost': 1.4365877453569957, 'emmision_cost': 1.5252361815668283}
[-0.81949874] -0.81949874329232
Average Price Cost: 1.4365877453569957
Average Emmision Cost: 1.5252361815668283
Average of both costs: 1.480911963461912
Total time taken by agent: 12.62132515758276s
DONE!
