{'agent': 'UADQN', 'action_selection': 'softmax', 'seed': 1, 'episodes': 50, 'data_path': 'data/citylearn_challenge_2022_phase_1', 'dry_run': False, 'n_discrete': 9, 'update_target': 16, 'lr': 0.01, 'batch_size': 4, 'adam_epsilon': 1e-08, 'epsilon_final': 0.02, 'run_id': 438}
{'Notes': 'This is a tuning run, executed on a single building.',
 'adam_epsilon': 1e-08,
 'aleatoric_factor': 0,
 'biased_aleatoric': False,
 'env': '<NormalizeObservation<OneHotHour<DiscreteSingle<CityLearnEnv '
        'instance>>>>',
 'epistemic_factor': 1,
 'gamma': 0.99,
 'learning_rate': 0.01,
 'minibatch_size': 4,
 'n_quantiles': 20,
 'network': 'MLP(\n'
            '  (layers): Sequential(\n'
            '    (0): Linear(in_features=29, out_features=128, bias=True)\n'
            '    (1): ReLU()\n'
            '    (2): Linear(in_features=128, out_features=128, bias=True)\n'
            '    (3): ReLU()\n'
            '    (4): Linear(in_features=128, out_features=180, bias=True)\n'
            '  )\n'
            ')',
 'noise_scale': 1,
 'replay_buffer_size': 10000,
 'replay_start_size': 4,
 'seed': 1,
 'train_steps': 438000,
 'update_frequency': 1,
 'update_target_frequency': 16,
 'weight_scale': 1.4142135623730951}
Timestep : 8758, score : -11356.814698412272, Time : 64.486 s
Timestep : 17517, score : -12293.063045713483, Time : 68.231 s
Timestep : 26276, score : -12151.260808081322, Time : 69.159 s
Timestep : 35035, score : -10835.356953993229, Time : 70.061 s
Timestep : 43794, score : -11601.816046641208, Time : 71.306 s
Timestep : 52553, score : -11362.947564575472, Time : 70.444 s
Timestep : 61312, score : -11900.421578745605, Time : 70.542 s
Timestep : 70071, score : -12049.4608600742, Time : 69.311 s
Timestep : 78830, score : -12023.49502960367, Time : 70.308 s
Timestep : 87589, score : -12497.747330580672, Time : 69.528 s
Timestep : 96348, score : -12445.425059642133, Time : 70.469 s
Timestep : 105107, score : -12490.678958375778, Time : 70.455 s
Timestep : 113866, score : -11699.635565888631, Time : 69.637 s
Timestep : 122625, score : -12931.606431946464, Time : 69.623 s
Timestep : 131384, score : -13513.74336027952, Time : 69.429 s
Timestep : 140143, score : -13939.365091219268, Time : 69.451 s
Timestep : 148902, score : -12665.276932128501, Time : 69.146 s
Timestep : 157661, score : -12933.627213108659, Time : 69.677 s
Timestep : 166420, score : -13453.427781934097, Time : 69.445 s
Timestep : 175179, score : -13846.490624496393, Time : 71.476 s
Timestep : 183938, score : -13214.114771735185, Time : 69.706 s
Timestep : 192697, score : -13423.936378454204, Time : 69.154 s
Timestep : 201456, score : -13124.809968794987, Time : 69.305 s
Timestep : 210215, score : -13113.385546120728, Time : 70.199 s
Timestep : 218974, score : -14259.944089838376, Time : 72.038 s
Timestep : 227733, score : -13657.388194046638, Time : 71.86 s
Timestep : 236492, score : -13570.578197260329, Time : 69.543 s
Timestep : 245251, score : -13728.260267191945, Time : 69.62 s
Timestep : 254010, score : -13756.266982736124, Time : 69.67 s
Timestep : 262769, score : -14009.456066857048, Time : 69.38 s
Timestep : 271528, score : -13335.140197809407, Time : 69.93 s
Timestep : 280287, score : -13598.66182556178, Time : 69.183 s
Timestep : 289046, score : -14080.576055638332, Time : 69.576 s
Timestep : 297805, score : -13522.005933263717, Time : 69.606 s
Timestep : 306564, score : -13398.115807692477, Time : 69.715 s
Timestep : 315323, score : -14021.366822723372, Time : 69.475 s
Timestep : 324082, score : -13301.97378473515, Time : 69.443 s
Timestep : 332841, score : -12823.770333479304, Time : 69.345 s
Timestep : 341600, score : -12901.031821003184, Time : 69.096 s
Timestep : 350359, score : -13373.815854520974, Time : 69.731 s
Timestep : 359118, score : -12800.058374782235, Time : 69.065 s
Timestep : 367877, score : -13472.261329202971, Time : 69.211 s
Timestep : 376636, score : -13554.596075681577, Time : 69.948 s
Timestep : 385395, score : -14191.51809749933, Time : 69.344 s
Timestep : 394154, score : -13750.27883730852, Time : 69.43 s
Timestep : 402913, score : -14150.08927449603, Time : 69.343 s
Timestep : 411672, score : -14238.366983335538, Time : 68.848 s
Timestep : 420431, score : -13030.909696699659, Time : 69.462 s
Timestep : 429190, score : -13279.7250817413, Time : 69.802 s
Timestep : 437949, score : -13613.340617035821, Time : 69.436 s
Starting local evaluation
Num Steps: 1000, Num episodes: 0
Num Steps: 2000, Num episodes: 0
Num Steps: 3000, Num episodes: 0
Num Steps: 4000, Num episodes: 0
Num Steps: 5000, Num episodes: 0
Num Steps: 6000, Num episodes: 0
Num Steps: 7000, Num episodes: 0
Num Steps: 8000, Num episodes: 0
Episode complete: 1 | Latest episode metrics: {'price_cost': 1.612550345451335, 'emmision_cost': 1.692320705146987}
[-1.03077125] -1.0307712457008253
Average Price Cost: 1.612550345451335
Average Emmision Cost: 1.692320705146987
Average of both costs: 1.6524355252991612
Total time taken by agent: 11.241606377181597s
DONE!
