{'agent': 'UADQN', 'action_selection': 'softmax', 'seed': 1, 'episodes': 50, 'data_path': 'data/citylearn_challenge_2022_phase_1', 'dry_run': False, 'n_discrete': 9, 'update_target': 16, 'lr': 0.03, 'batch_size': 2, 'adam_epsilon': 1e-09, 'epsilon_final': 0.02, 'run_id': 450}
{'Notes': 'This is a tuning run, executed on a single building.',
 'adam_epsilon': 1e-09,
 'aleatoric_factor': 0,
 'biased_aleatoric': False,
 'env': '<NormalizeObservation<OneHotHour<DiscreteSingle<CityLearnEnv '
        'instance>>>>',
 'epistemic_factor': 1,
 'gamma': 0.99,
 'learning_rate': 0.03,
 'minibatch_size': 2,
 'n_quantiles': 20,
 'network': 'MLP(\n'
            '  (layers): Sequential(\n'
            '    (0): Linear(in_features=29, out_features=128, bias=True)\n'
            '    (1): ReLU()\n'
            '    (2): Linear(in_features=128, out_features=128, bias=True)\n'
            '    (3): ReLU()\n'
            '    (4): Linear(in_features=128, out_features=180, bias=True)\n'
            '  )\n'
            ')',
 'noise_scale': 1,
 'replay_buffer_size': 10000,
 'replay_start_size': 2,
 'seed': 1,
 'train_steps': 438000,
 'update_frequency': 1,
 'update_target_frequency': 16,
 'weight_scale': 1.4142135623730951}
Timestep : 8758, score : -12888.880598867385, Time : 74.625 s
Timestep : 17517, score : -13090.310406953635, Time : 75.377 s
Timestep : 26276, score : -12343.683886391766, Time : 75.659 s
Timestep : 35035, score : -12829.242049921188, Time : 75.642 s
Timestep : 43794, score : -12845.360750916763, Time : 75.676 s
Timestep : 52553, score : -12784.77411301255, Time : 75.657 s
Timestep : 61312, score : -12999.399307351006, Time : 75.883 s
Timestep : 70071, score : -12677.102314733573, Time : 75.983 s
Timestep : 78830, score : -12253.310233512646, Time : 76.022 s
Timestep : 87589, score : -12625.347301383532, Time : 75.973 s
Timestep : 96348, score : -12369.640645360778, Time : 75.898 s
Timestep : 105107, score : -12347.076078638696, Time : 76.069 s
Timestep : 113866, score : -12809.594814273325, Time : 76.17 s
Timestep : 122625, score : -11910.68294072934, Time : 75.854 s
Timestep : 131384, score : -12704.985070491908, Time : 75.883 s
Timestep : 140143, score : -12531.012091861761, Time : 75.937 s
Timestep : 148902, score : -12810.125594844765, Time : 75.944 s
Timestep : 157661, score : -13121.521934675126, Time : 75.977 s
Timestep : 166420, score : -12613.365126531062, Time : 76.204 s
Timestep : 175179, score : -13493.430414609495, Time : 75.933 s
Timestep : 183938, score : -13242.621659134282, Time : 75.617 s
Timestep : 192697, score : -13730.641697299696, Time : 75.493 s
Timestep : 201456, score : -14101.192096369108, Time : 75.84 s
Timestep : 210215, score : -13000.819357908404, Time : 75.999 s
Timestep : 218974, score : -13055.937207379568, Time : 75.948 s
Timestep : 227733, score : -13080.545747786091, Time : 76.011 s
Timestep : 236492, score : -12990.545593886127, Time : 75.903 s
Timestep : 245251, score : -13368.05557185717, Time : 76.057 s
Timestep : 254010, score : -12629.246321883227, Time : 78.783 s
Timestep : 262769, score : -13670.920626294363, Time : 76.057 s
Timestep : 271528, score : -12789.046795418792, Time : 76.042 s
Timestep : 280287, score : -13353.849044526301, Time : 76.059 s
Timestep : 289046, score : -12838.361187850707, Time : 76.143 s
Timestep : 297805, score : -13518.181928605998, Time : 76.12 s
Timestep : 306564, score : -12869.2071212577, Time : 75.826 s
Timestep : 315323, score : -13924.764093883336, Time : 75.786 s
Timestep : 324082, score : -12877.987671121053, Time : 75.806 s
Timestep : 332841, score : -13268.93430678983, Time : 75.872 s
Timestep : 341600, score : -12830.803533266764, Time : 75.747 s
Timestep : 350359, score : -13151.259099359508, Time : 76.12 s
Timestep : 359118, score : -12463.671329290912, Time : 75.656 s
Timestep : 367877, score : -12975.546390549658, Time : 76.076 s
Timestep : 376636, score : -12959.511466111711, Time : 76.164 s
Timestep : 385395, score : -13125.439887830114, Time : 76.117 s
Timestep : 394154, score : -13230.894566918229, Time : 75.829 s
Timestep : 402913, score : -12897.435144262578, Time : 75.723 s
Timestep : 411672, score : -13401.681715400846, Time : 75.776 s
Timestep : 420431, score : -12396.220356633537, Time : 76.03 s
Timestep : 429190, score : -13124.924935880772, Time : 76.074 s
Timestep : 437949, score : -13969.276674813154, Time : 75.367 s
Starting local evaluation
Num Steps: 1000, Num episodes: 0
Num Steps: 2000, Num episodes: 0
Num Steps: 3000, Num episodes: 0
Num Steps: 4000, Num episodes: 0
Num Steps: 5000, Num episodes: 0
Num Steps: 6000, Num episodes: 0
Num Steps: 7000, Num episodes: 0
Num Steps: 8000, Num episodes: 0
Episode complete: 1 | Latest episode metrics: {'price_cost': 1.1156293746774946, 'emmision_cost': 1.142761295037499}
[-0.38832624] -0.3883262396630059
Average Price Cost: 1.1156293746774946
Average Emmision Cost: 1.142761295037499
Average of both costs: 1.1291953348574968
Total time taken by agent: 12.322140956763178s
DONE!
