{'agent': 'UADQN', 'action_selection': 'softmax', 'seed': 1, 'episodes': 50, 'data_path': 'data/citylearn_challenge_2022_phase_1', 'dry_run': False, 'n_discrete': 9, 'update_target': 16, 'lr': 3e-05, 'batch_size': 128, 'adam_epsilon': 1e-06, 'epsilon_final': 0.02, 'run_id': 403}
{'Notes': 'This is a tuning run, executed on a single building.',
 'adam_epsilon': 1e-06,
 'aleatoric_factor': 0,
 'biased_aleatoric': False,
 'env': '<NormalizeObservation<OneHotHour<DiscreteSingle<CityLearnEnv '
        'instance>>>>',
 'epistemic_factor': 1,
 'gamma': 0.99,
 'learning_rate': 3e-05,
 'minibatch_size': 128,
 'n_quantiles': 20,
 'network': 'MLP(\n'
            '  (layers): Sequential(\n'
            '    (0): Linear(in_features=29, out_features=128, bias=True)\n'
            '    (1): ReLU()\n'
            '    (2): Linear(in_features=128, out_features=128, bias=True)\n'
            '    (3): ReLU()\n'
            '    (4): Linear(in_features=128, out_features=180, bias=True)\n'
            '  )\n'
            ')',
 'noise_scale': 1,
 'replay_buffer_size': 10000,
 'replay_start_size': 128,
 'seed': 1,
 'train_steps': 438000,
 'update_frequency': 1,
 'update_target_frequency': 16,
 'weight_scale': 1.4142135623730951}
Timestep : 8758, score : -5576.329645476217, Time : 83.126 s
Timestep : 17517, score : -2773.993103463159, Time : 85.354 s
Timestep : 26276, score : -2614.5627344243985, Time : 85.389 s
Timestep : 35035, score : -1902.085369453096, Time : 84.888 s
Timestep : 43794, score : -1777.9178536874533, Time : 85.439 s
Timestep : 52553, score : -1632.1163907539158, Time : 84.367 s
Timestep : 61312, score : -1797.99320779767, Time : 84.501 s
Timestep : 70071, score : -1259.4824255972926, Time : 85.789 s
Timestep : 78830, score : -1323.513639615645, Time : 84.536 s
Timestep : 87589, score : -1279.5043322490092, Time : 85.873 s
Timestep : 96348, score : -1036.8339168390085, Time : 85.418 s
Timestep : 105107, score : -1202.4063885928626, Time : 85.254 s
Timestep : 113866, score : -1114.7429344149132, Time : 84.465 s
Timestep : 122625, score : -1138.319317295478, Time : 85.394 s
Timestep : 131384, score : -775.4196441923559, Time : 84.739 s
Timestep : 140143, score : -1119.6200630282547, Time : 84.372 s
Timestep : 148902, score : -977.585341501006, Time : 84.853 s
Timestep : 157661, score : -1189.794063943933, Time : 85.162 s
Timestep : 166420, score : -1093.6996480638918, Time : 85.473 s
Timestep : 175179, score : -1072.1422591114242, Time : 85.166 s
Timestep : 183938, score : -1241.1641236131836, Time : 85.343 s
Timestep : 192697, score : -930.3589303792396, Time : 84.47 s
Timestep : 201456, score : -1139.1779502353456, Time : 85.664 s
Timestep : 210215, score : -1427.519394890318, Time : 85.729 s
Timestep : 218974, score : -889.6221442201931, Time : 85.726 s
Timestep : 227733, score : -840.032036778779, Time : 84.44 s
Timestep : 236492, score : -728.265327613597, Time : 84.921 s
Timestep : 245251, score : -866.2650526518992, Time : 85.539 s
Timestep : 254010, score : -951.6510969188821, Time : 84.609 s
Timestep : 262769, score : -1007.1120029317972, Time : 84.139 s
Timestep : 271528, score : -879.2600180961017, Time : 85.41 s
Timestep : 280287, score : -780.6496768559155, Time : 85.238 s
Timestep : 289046, score : -927.966229093523, Time : 84.254 s
Timestep : 297805, score : -1073.1403631272551, Time : 84.208 s
Timestep : 306564, score : -1067.973946347629, Time : 85.647 s
Timestep : 315323, score : -1067.3264241509896, Time : 85.071 s
Timestep : 324082, score : -930.1790324913163, Time : 85.341 s
Timestep : 332841, score : -864.725303620362, Time : 85.68 s
Timestep : 341600, score : -803.1551580338564, Time : 85.703 s
Timestep : 350359, score : -781.4507393276144, Time : 85.679 s
Timestep : 359118, score : -958.0412088644516, Time : 85.693 s
Timestep : 367877, score : -825.9617296497163, Time : 85.736 s
Timestep : 376636, score : -989.1035782855761, Time : 85.702 s
Timestep : 385395, score : -951.037999164575, Time : 85.723 s
Timestep : 394154, score : -950.0523214733985, Time : 85.757 s
Timestep : 402913, score : -919.1901115959336, Time : 85.728 s
Timestep : 411672, score : -1022.7963840591547, Time : 85.902 s
Timestep : 420431, score : -910.4557241446164, Time : 85.739 s
Timestep : 429190, score : -990.924040074955, Time : 85.779 s
Timestep : 437949, score : -1016.3817788113665, Time : 84.778 s
Starting local evaluation
Num Steps: 1000, Num episodes: 0
Num Steps: 2000, Num episodes: 0
Num Steps: 3000, Num episodes: 0
Num Steps: 4000, Num episodes: 0
Num Steps: 5000, Num episodes: 0
Num Steps: 6000, Num episodes: 0
Num Steps: 7000, Num episodes: 0
Num Steps: 8000, Num episodes: 0
Episode complete: 1 | Latest episode metrics: {'price_cost': 0.8040910390416987, 'emmision_cost': 0.899368563888272}
[-0.04517697] -0.04517697028644593
Average Price Cost: 0.8040910390416987
Average Emmision Cost: 0.899368563888272
Average of both costs: 0.8517298014649853
Total time taken by agent: 12.5219663658645s
DONE!
