{'agent': 'UADQN', 'action_selection': 'softmax', 'seed': 1, 'episodes': 50, 'data_path': 'data/citylearn_challenge_2022_phase_1', 'dry_run': False, 'n_discrete': 9, 'update_target': 8, 'lr': 1e-05, 'batch_size': 256, 'adam_epsilon': 1e-05, 'epsilon_final': 0.02, 'run_id': 417}
{'Notes': 'This is a tuning run, executed on a single building.',
 'adam_epsilon': 1e-05,
 'aleatoric_factor': 0,
 'biased_aleatoric': False,
 'env': '<NormalizeObservation<OneHotHour<DiscreteSingle<CityLearnEnv '
        'instance>>>>',
 'epistemic_factor': 1,
 'gamma': 0.99,
 'learning_rate': 1e-05,
 'minibatch_size': 256,
 'n_quantiles': 20,
 'network': 'MLP(\n'
            '  (layers): Sequential(\n'
            '    (0): Linear(in_features=29, out_features=128, bias=True)\n'
            '    (1): ReLU()\n'
            '    (2): Linear(in_features=128, out_features=128, bias=True)\n'
            '    (3): ReLU()\n'
            '    (4): Linear(in_features=128, out_features=180, bias=True)\n'
            '  )\n'
            ')',
 'noise_scale': 1,
 'replay_buffer_size': 10000,
 'replay_start_size': 256,
 'seed': 1,
 'train_steps': 438000,
 'update_frequency': 1,
 'update_target_frequency': 8,
 'weight_scale': 1.4142135623730951}
Timestep : 8758, score : -6297.635242544144, Time : 90.503 s
Timestep : 17517, score : -4825.076429895853, Time : 94.65 s
Timestep : 26276, score : -4632.0722880070825, Time : 94.808 s
Timestep : 35035, score : -2785.068203793111, Time : 93.696 s
Timestep : 43794, score : -1799.060369312676, Time : 94.173 s
Timestep : 52553, score : -1259.8343147261658, Time : 94.548 s
Timestep : 61312, score : -1844.1296893913095, Time : 94.47 s
Timestep : 70071, score : -2176.466129780003, Time : 94.677 s
Timestep : 78830, score : -2098.007271761482, Time : 94.602 s
Timestep : 87589, score : -2283.399459834327, Time : 94.886 s
Timestep : 96348, score : -1885.683558071767, Time : 95.301 s
Timestep : 105107, score : -1759.3477599579564, Time : 95.472 s
Timestep : 113866, score : -1609.4726463841362, Time : 93.834 s
Timestep : 122625, score : -1910.7269191382802, Time : 93.827 s
Timestep : 131384, score : -1846.324148407337, Time : 93.741 s
Timestep : 140143, score : -1618.6870917592132, Time : 93.862 s
Timestep : 148902, score : -1677.6076052569297, Time : 95.366 s
Timestep : 157661, score : -1744.5730406781222, Time : 95.342 s
Timestep : 166420, score : -1658.671941465138, Time : 95.312 s
Timestep : 175179, score : -1441.7544150007307, Time : 94.063 s
Timestep : 183938, score : -1528.0944057552479, Time : 93.639 s
Timestep : 192697, score : -1672.3837663348531, Time : 93.729 s
Timestep : 201456, score : -1602.6880841401144, Time : 95.21 s
Timestep : 210215, score : -1478.4664870784109, Time : 94.569 s
Timestep : 218974, score : -1566.3142430433768, Time : 95.008 s
Timestep : 227733, score : -1336.2172374825532, Time : 94.692 s
Timestep : 236492, score : -1325.8569688214193, Time : 93.676 s
Timestep : 245251, score : -1069.3272842287915, Time : 94.135 s
Timestep : 254010, score : -1179.5080508319152, Time : 95.817 s
Timestep : 262769, score : -1160.8558250487768, Time : 93.851 s
Timestep : 271528, score : -1164.362369674811, Time : 93.802 s
Timestep : 280287, score : -1104.1818173030915, Time : 94.335 s
Timestep : 289046, score : -1149.9271444083497, Time : 95.263 s
Timestep : 297805, score : -1492.3119836979968, Time : 95.127 s
Timestep : 306564, score : -1428.0890900389059, Time : 95.354 s
Timestep : 315323, score : -1225.8629346401285, Time : 95.401 s
Timestep : 324082, score : -1220.293123576997, Time : 95.403 s
Timestep : 332841, score : -1163.9086075541345, Time : 94.694 s
Timestep : 341600, score : -1063.8213937968685, Time : 94.725 s
Timestep : 350359, score : -1116.2522115969186, Time : 95.362 s
Timestep : 359118, score : -965.1570084939231, Time : 94.091 s
Timestep : 367877, score : -1068.4589756493879, Time : 94.127 s
Timestep : 376636, score : -1033.2474575943052, Time : 91.699 s
Timestep : 385395, score : -1008.6969662788833, Time : 92.157 s
Timestep : 394154, score : -1180.4987051408389, Time : 91.538 s
Timestep : 402913, score : -1183.2153224620233, Time : 92.796 s
Timestep : 411672, score : -1180.1054991462297, Time : 92.378 s
Timestep : 420431, score : -1190.1674663062622, Time : 92.951 s
Timestep : 429190, score : -1086.7823080120506, Time : 96.52 s
Timestep : 437949, score : -1048.099846004865, Time : 94.784 s
Starting local evaluation
Num Steps: 1000, Num episodes: 0
Num Steps: 2000, Num episodes: 0
Num Steps: 3000, Num episodes: 0
Num Steps: 4000, Num episodes: 0
Num Steps: 5000, Num episodes: 0
Num Steps: 6000, Num episodes: 0
Num Steps: 7000, Num episodes: 0
Num Steps: 8000, Num episodes: 0
Episode complete: 1 | Latest episode metrics: {'price_cost': 0.8053133784435953, 'emmision_cost': 0.9045345270113044}
[-0.04900562] -0.04900561988475591
Average Price Cost: 0.8053133784435953
Average Emmision Cost: 0.9045345270113044
Average of both costs: 0.8549239527274499
Total time taken by agent: 12.763175550964661s
DONE!
