{'agent': 'UADQN', 'action_selection': 'softmax', 'seed': 1, 'episodes': 50, 'data_path': 'data/citylearn_challenge_2022_phase_1', 'dry_run': False, 'n_discrete': 9, 'update_target': 8, 'lr': 0.01, 'batch_size': 256, 'adam_epsilon': 1e-07, 'epsilon_final': 0.02, 'run_id': 422}
{'Notes': 'This is a tuning run, executed on a single building.',
 'adam_epsilon': 1e-07,
 'aleatoric_factor': 0,
 'biased_aleatoric': False,
 'env': '<NormalizeObservation<OneHotHour<DiscreteSingle<CityLearnEnv '
        'instance>>>>',
 'epistemic_factor': 1,
 'gamma': 0.99,
 'learning_rate': 0.01,
 'minibatch_size': 256,
 'n_quantiles': 20,
 'network': 'MLP(\n'
            '  (layers): Sequential(\n'
            '    (0): Linear(in_features=29, out_features=128, bias=True)\n'
            '    (1): ReLU()\n'
            '    (2): Linear(in_features=128, out_features=128, bias=True)\n'
            '    (3): ReLU()\n'
            '    (4): Linear(in_features=128, out_features=180, bias=True)\n'
            '  )\n'
            ')',
 'noise_scale': 1,
 'replay_buffer_size': 10000,
 'replay_start_size': 256,
 'seed': 1,
 'train_steps': 438000,
 'update_frequency': 1,
 'update_target_frequency': 8,
 'weight_scale': 1.4142135623730951}
Timestep : 8758, score : -12309.115388914666, Time : 84.921 s
Timestep : 17517, score : -13298.833584234006, Time : 87.725 s
Timestep : 26276, score : -14216.792224219535, Time : 87.884 s
Timestep : 35035, score : -10540.88323079783, Time : 87.903 s
Timestep : 43794, score : -12060.578779178817, Time : 88.049 s
Timestep : 52553, score : -12745.653376795191, Time : 88.115 s
Timestep : 61312, score : -11862.59016887346, Time : 88.22 s
Timestep : 70071, score : -11682.398226824036, Time : 88.487 s
Timestep : 78830, score : -11522.526594853509, Time : 88.396 s
Timestep : 87589, score : -9222.87452347055, Time : 88.411 s
Timestep : 96348, score : -9826.956633530164, Time : 88.656 s
Timestep : 105107, score : -6532.973699855473, Time : 90.188 s
Timestep : 113866, score : -8985.74263241564, Time : 90.088 s
Timestep : 122625, score : -9152.240653751418, Time : 90.154 s
Timestep : 131384, score : -8655.724417097168, Time : 90.165 s
Timestep : 140143, score : -4225.875009757729, Time : 90.074 s
Timestep : 148902, score : -3566.2267672432645, Time : 90.039 s
Timestep : 157661, score : -4449.4491411228955, Time : 90.068 s
Timestep : 166420, score : -3516.8033009555948, Time : 90.146 s
Timestep : 175179, score : -4050.749501545826, Time : 90.027 s
Timestep : 183938, score : -3989.5118483746483, Time : 90.059 s
Timestep : 192697, score : -3878.256179805525, Time : 90.061 s
Timestep : 201456, score : -3828.258467698426, Time : 90.025 s
Timestep : 210215, score : -3374.0827415710373, Time : 90.055 s
Timestep : 218974, score : -3540.86913477318, Time : 90.036 s
Timestep : 227733, score : -2737.131758830772, Time : 90.005 s
Timestep : 236492, score : -2860.610127870139, Time : 89.993 s
Timestep : 245251, score : -2688.7814396140457, Time : 90.017 s
Timestep : 254010, score : -2683.983682376129, Time : 92.734 s
Timestep : 262769, score : -2987.7792482556833, Time : 89.991 s
Timestep : 271528, score : -2779.932882502042, Time : 90.131 s
Timestep : 280287, score : -3258.3869099050353, Time : 90.347 s
Timestep : 289046, score : -2877.639724199922, Time : 92.761 s
Timestep : 297805, score : -3216.855884081131, Time : 92.637 s
Timestep : 306564, score : -3084.7776906823565, Time : 95.027 s
Timestep : 315323, score : -2976.3317437686783, Time : 93.274 s
Timestep : 324082, score : -3164.079750589939, Time : 91.163 s
Timestep : 332841, score : -3424.7149962350086, Time : 92.197 s
Timestep : 341600, score : -3390.982082493865, Time : 94.961 s
Timestep : 350359, score : -3307.663286782714, Time : 96.156 s
Timestep : 359118, score : -3204.770770012081, Time : 93.752 s
Timestep : 367877, score : -3165.043137582863, Time : 96.381 s
Timestep : 376636, score : -3090.319198534853, Time : 95.246 s
Timestep : 385395, score : -3366.610959210695, Time : 91.832 s
Timestep : 394154, score : -3278.124949336314, Time : 96.137 s
Timestep : 402913, score : -3621.491749524692, Time : 95.947 s
Timestep : 411672, score : -3544.1913531940227, Time : 93.747 s
Timestep : 420431, score : -3806.4894352045667, Time : 96.413 s
Timestep : 429190, score : -3701.001747643255, Time : 96.218 s
Timestep : 437949, score : -3247.4704387286038, Time : 93.421 s
Starting local evaluation
Num Steps: 1000, Num episodes: 0
Num Steps: 2000, Num episodes: 0
Num Steps: 3000, Num episodes: 0
Num Steps: 4000, Num episodes: 0
Num Steps: 5000, Num episodes: 0
Num Steps: 6000, Num episodes: 0
Num Steps: 7000, Num episodes: 0
Num Steps: 8000, Num episodes: 0
Episode complete: 1 | Latest episode metrics: {'price_cost': 0.9633189213776332, 'emmision_cost': 1.020887890494879}
[-0.21886405] -0.2188640471350582
Average Price Cost: 0.9633189213776332
Average Emmision Cost: 1.020887890494879
Average of both costs: 0.9921034059362561
Total time taken by agent: 12.597700282698497s
DONE!
