{'agent': 'UADQN', 'action_selection': 'softmax', 'seed': 1, 'episodes': 50, 'data_path': 'data/citylearn_challenge_2022_phase_1', 'dry_run': False, 'n_discrete': 9, 'update_target': 32, 'lr': 0.007, 'batch_size': 8, 'adam_epsilon': 0.001, 'epsilon_final': 0.02, 'run_id': 461}
{'Notes': 'This is a tuning run, executed on a single building.',
 'adam_epsilon': 0.001,
 'aleatoric_factor': 0,
 'biased_aleatoric': False,
 'env': '<NormalizeObservation<OneHotHour<DiscreteSingle<CityLearnEnv '
        'instance>>>>',
 'epistemic_factor': 1,
 'gamma': 0.99,
 'learning_rate': 0.007,
 'minibatch_size': 8,
 'n_quantiles': 20,
 'network': 'MLP(\n'
            '  (layers): Sequential(\n'
            '    (0): Linear(in_features=29, out_features=128, bias=True)\n'
            '    (1): ReLU()\n'
            '    (2): Linear(in_features=128, out_features=128, bias=True)\n'
            '    (3): ReLU()\n'
            '    (4): Linear(in_features=128, out_features=180, bias=True)\n'
            '  )\n'
            ')',
 'noise_scale': 1,
 'replay_buffer_size': 10000,
 'replay_start_size': 8,
 'seed': 1,
 'train_steps': 438000,
 'update_frequency': 1,
 'update_target_frequency': 32,
 'weight_scale': 1.4142135623730951}
Timestep : 8758, score : -11325.877135623043, Time : 87.729 s
Timestep : 17517, score : -12796.350073439724, Time : 88.359 s
Timestep : 26276, score : -12878.573008370891, Time : 87.11 s
Timestep : 35035, score : -13298.07126579713, Time : 68.895 s
Timestep : 43794, score : -13347.37315709854, Time : 68.941 s
Timestep : 52553, score : -12995.072816110638, Time : 68.911 s
Timestep : 61312, score : -13752.722928401636, Time : 69.533 s
Timestep : 70071, score : -13426.086207152533, Time : 69.348 s
Timestep : 78830, score : -13100.26675702681, Time : 69.566 s
Timestep : 87589, score : -13067.192352206494, Time : 69.06 s
Timestep : 96348, score : -12710.119522271867, Time : 72.634 s
Timestep : 105107, score : -12011.828889771801, Time : 72.384 s
Timestep : 113866, score : -11997.761695906811, Time : 69.754 s
Timestep : 122625, score : -11639.11939464268, Time : 70.298 s
Timestep : 131384, score : -11264.443418747345, Time : 70.202 s
Timestep : 140143, score : -10822.893511826478, Time : 89.249 s
Timestep : 148902, score : -11217.167971441479, Time : 90.048 s
Timestep : 157661, score : -10591.49858843739, Time : 91.053 s
Timestep : 166420, score : -11462.640201337665, Time : 92.034 s
Timestep : 175179, score : -11922.523314730919, Time : 93.204 s
Timestep : 183938, score : -11838.263182447801, Time : 93.491 s
Timestep : 192697, score : -11771.523298190397, Time : 90.038 s
Timestep : 201456, score : -11237.589857671876, Time : 89.66 s
Timestep : 210215, score : -11425.197778456568, Time : 90.854 s
Timestep : 218974, score : -11253.049608383168, Time : 87.99 s
Timestep : 227733, score : -11575.917527423197, Time : 73.556 s
Timestep : 236492, score : -11814.508697809608, Time : 69.134 s
Timestep : 245251, score : -11078.568803037662, Time : 87.715 s
Timestep : 254010, score : -12115.200145104813, Time : 91.005 s
Timestep : 262769, score : -11636.846764504866, Time : 89.733 s
Timestep : 271528, score : -11008.095391595692, Time : 92.473 s
Timestep : 280287, score : -11060.651236167832, Time : 93.673 s
Timestep : 289046, score : -11127.97163475219, Time : 90.205 s
Timestep : 297805, score : -11662.675228500273, Time : 88.948 s
Timestep : 306564, score : -11553.493797393705, Time : 84.756 s
Timestep : 315323, score : -11008.754387296693, Time : 93.378 s
Timestep : 324082, score : -9579.644636294019, Time : 89.627 s
Timestep : 332841, score : -9757.052165792047, Time : 91.922 s
Timestep : 341600, score : -8233.19799826041, Time : 93.373 s
Timestep : 350359, score : -8535.149101319927, Time : 89.298 s
Timestep : 359118, score : -8232.631595531042, Time : 92.987 s
Timestep : 367877, score : -8724.676143327335, Time : 91.296 s
Timestep : 376636, score : -7229.626282821206, Time : 95.382 s
Timestep : 385395, score : -7211.765640110505, Time : 95.69 s
Timestep : 394154, score : -6160.452571751579, Time : 94.763 s
Timestep : 402913, score : -7344.646245954937, Time : 95.485 s
Timestep : 411672, score : -8213.86427340594, Time : 79.924 s
Timestep : 420431, score : -9293.702632927132, Time : 79.736 s
Timestep : 429190, score : -8195.451008955977, Time : 79.656 s
Timestep : 437949, score : -6157.483561813278, Time : 79.693 s
Starting local evaluation
Num Steps: 1000, Num episodes: 0
Num Steps: 2000, Num episodes: 0
Num Steps: 3000, Num episodes: 0
Num Steps: 4000, Num episodes: 0
Num Steps: 5000, Num episodes: 0
Num Steps: 6000, Num episodes: 0
Num Steps: 7000, Num episodes: 0
Num Steps: 8000, Num episodes: 0
Episode complete: 1 | Latest episode metrics: {'price_cost': 1.0698893694133649, 'emmision_cost': 1.077414232484303}
[-0.32048944] -0.3204894436123052
Average Price Cost: 1.0698893694133649
Average Emmision Cost: 1.077414232484303
Average of both costs: 1.0736518009488338
Total time taken by agent: 11.176690171821974s
DONE!
