{'agent': 'UADQN', 'action_selection': 'softmax', 'seed': 1, 'episodes': 50, 'data_path': 'data/citylearn_challenge_2022_phase_1', 'dry_run': False, 'n_discrete': 9, 'update_target': 16, 'lr': 0.0003, 'batch_size': 16, 'adam_epsilon': 0.0001, 'epsilon_final': 0.02, 'run_id': 421}
{'Notes': 'This is a tuning run, executed on a single building.',
 'adam_epsilon': 0.0001,
 'aleatoric_factor': 0,
 'biased_aleatoric': False,
 'env': '<NormalizeObservation<OneHotHour<DiscreteSingle<CityLearnEnv '
        'instance>>>>',
 'epistemic_factor': 1,
 'gamma': 0.99,
 'learning_rate': 0.0003,
 'minibatch_size': 16,
 'n_quantiles': 20,
 'network': 'MLP(\n'
            '  (layers): Sequential(\n'
            '    (0): Linear(in_features=29, out_features=128, bias=True)\n'
            '    (1): ReLU()\n'
            '    (2): Linear(in_features=128, out_features=128, bias=True)\n'
            '    (3): ReLU()\n'
            '    (4): Linear(in_features=128, out_features=180, bias=True)\n'
            '  )\n'
            ')',
 'noise_scale': 1,
 'replay_buffer_size': 10000,
 'replay_start_size': 16,
 'seed': 1,
 'train_steps': 438000,
 'update_frequency': 1,
 'update_target_frequency': 16,
 'weight_scale': 1.4142135623730951}
Timestep : 8758, score : -3625.0786120164266, Time : 76.4 s
Timestep : 17517, score : -2304.447080098238, Time : 77.126 s
Timestep : 26276, score : -2374.519731305336, Time : 77.299 s
Timestep : 35035, score : -1656.5927215404226, Time : 77.398 s
Timestep : 43794, score : -1857.2769762371026, Time : 77.672 s
Timestep : 52553, score : -1664.9769134176022, Time : 77.728 s
Timestep : 61312, score : -1632.688720726539, Time : 78.013 s
Timestep : 70071, score : -1341.3908756923338, Time : 77.936 s
Timestep : 78830, score : -1282.4094990003214, Time : 77.863 s
Timestep : 87589, score : -1245.296079940541, Time : 78.082 s
Timestep : 96348, score : -1436.9789101735078, Time : 78.068 s
Timestep : 105107, score : -1207.0381476462644, Time : 78.109 s
Timestep : 113866, score : -1225.4179476083664, Time : 77.812 s
Timestep : 122625, score : -1114.0430420259145, Time : 77.817 s
Timestep : 131384, score : -1312.3940525234502, Time : 78.024 s
Timestep : 140143, score : -1205.5350677536626, Time : 77.695 s
Timestep : 148902, score : -843.5916169431584, Time : 77.982 s
Timestep : 157661, score : -1118.0021740801458, Time : 78.084 s
Timestep : 166420, score : -945.5687484280497, Time : 78.188 s
Timestep : 175179, score : -1186.2761431676627, Time : 78.194 s
Timestep : 183938, score : -1125.0206956193142, Time : 78.144 s
Timestep : 192697, score : -1079.4438359764463, Time : 78.156 s
Timestep : 201456, score : -1119.8072162733006, Time : 78.101 s
Timestep : 210215, score : -814.3636103042227, Time : 78.173 s
Timestep : 218974, score : -950.2951698358229, Time : 78.025 s
Timestep : 227733, score : -759.6590543382626, Time : 78.104 s
Timestep : 236492, score : -972.3987967702851, Time : 78.117 s
Timestep : 245251, score : -775.5371524563088, Time : 78.132 s
Timestep : 254010, score : -876.5313254142238, Time : 79.096 s
Timestep : 262769, score : -848.9753656706598, Time : 78.12 s
Timestep : 271528, score : -932.9357855419221, Time : 78.141 s
Timestep : 280287, score : -861.9648915457365, Time : 78.136 s
Timestep : 289046, score : -651.9867599576537, Time : 78.091 s
Timestep : 297805, score : -870.062755920022, Time : 77.765 s
Timestep : 306564, score : -807.7008158749959, Time : 78.043 s
Timestep : 315323, score : -839.1948416943487, Time : 78.205 s
Timestep : 324082, score : -757.0648752905254, Time : 78.35 s
Timestep : 332841, score : -773.2519883618515, Time : 78.17 s
Timestep : 341600, score : -749.9079255163961, Time : 78.204 s
Timestep : 350359, score : -773.8358590395947, Time : 78.213 s
Timestep : 359118, score : -765.5518402480811, Time : 78.066 s
Timestep : 367877, score : -795.2271147978317, Time : 78.046 s
Timestep : 376636, score : -892.845385108405, Time : 78.009 s
Timestep : 385395, score : -778.7609781851352, Time : 78.024 s
Timestep : 394154, score : -873.4485454692331, Time : 78.116 s
Timestep : 402913, score : -789.2405094963324, Time : 78.174 s
Timestep : 411672, score : -794.5366543464188, Time : 78.217 s
Timestep : 420431, score : -646.4673653801729, Time : 78.209 s
Timestep : 429190, score : -760.9211665883486, Time : 78.138 s
Timestep : 437949, score : -774.0071677682281, Time : 77.205 s
Starting local evaluation
Num Steps: 1000, Num episodes: 0
Num Steps: 2000, Num episodes: 0
Num Steps: 3000, Num episodes: 0
Num Steps: 4000, Num episodes: 0
Num Steps: 5000, Num episodes: 0
Num Steps: 6000, Num episodes: 0
Num Steps: 7000, Num episodes: 0
Num Steps: 8000, Num episodes: 0
Episode complete: 1 | Latest episode metrics: {'price_cost': 0.7957122269036317, 'emmision_cost': 0.8913006360594802}
[-0.03505087] -0.035050865679684934
Average Price Cost: 0.7957122269036317
Average Emmision Cost: 0.8913006360594802
Average of both costs: 0.8435064314815559
Total time taken by agent: 12.908724689361406s
DONE!
