{'agent': 'UADQN', 'action_selection': 'softmax', 'seed': 1, 'episodes': 50, 'data_path': 'data/citylearn_challenge_2022_phase_1', 'dry_run': False, 'n_discrete': 9, 'update_target': 8, 'lr': 1e-05, 'batch_size': 32, 'adam_epsilon': 1e-08, 'epsilon_final': 0.02, 'run_id': 451}
{'Notes': 'This is a tuning run, executed on a single building.',
 'adam_epsilon': 1e-08,
 'aleatoric_factor': 0,
 'biased_aleatoric': False,
 'env': '<NormalizeObservation<OneHotHour<DiscreteSingle<CityLearnEnv '
        'instance>>>>',
 'epistemic_factor': 1,
 'gamma': 0.99,
 'learning_rate': 1e-05,
 'minibatch_size': 32,
 'n_quantiles': 20,
 'network': 'MLP(\n'
            '  (layers): Sequential(\n'
            '    (0): Linear(in_features=29, out_features=128, bias=True)\n'
            '    (1): ReLU()\n'
            '    (2): Linear(in_features=128, out_features=128, bias=True)\n'
            '    (3): ReLU()\n'
            '    (4): Linear(in_features=128, out_features=180, bias=True)\n'
            '  )\n'
            ')',
 'noise_scale': 1,
 'replay_buffer_size': 10000,
 'replay_start_size': 32,
 'seed': 1,
 'train_steps': 438000,
 'update_frequency': 1,
 'update_target_frequency': 8,
 'weight_scale': 1.4142135623730951}
Timestep : 8758, score : -6346.14658406566, Time : 75.936 s
Timestep : 17517, score : -5717.694963281465, Time : 76.742 s
Timestep : 26276, score : -4797.481031494011, Time : 76.622 s
Timestep : 35035, score : -3450.8972153215, Time : 76.995 s
Timestep : 43794, score : -3045.8836869678926, Time : 76.926 s
Timestep : 52553, score : -2580.9821465873683, Time : 77.605 s
Timestep : 61312, score : -2346.5277918185166, Time : 77.996 s
Timestep : 70071, score : -1964.6477326080785, Time : 78.151 s
Timestep : 78830, score : -1763.3447805301112, Time : 78.117 s
Timestep : 87589, score : -1555.4403374843241, Time : 77.736 s
Timestep : 96348, score : -1882.9480528747372, Time : 78.167 s
Timestep : 105107, score : -1191.3978349303652, Time : 78.041 s
Timestep : 113866, score : -1498.6561217843846, Time : 78.015 s
Timestep : 122625, score : -1845.6989378398284, Time : 77.778 s
Timestep : 131384, score : -1675.9416253736417, Time : 78.099 s
Timestep : 140143, score : -1600.7277827768412, Time : 78.14 s
Timestep : 148902, score : -2286.810663601762, Time : 78.139 s
Timestep : 157661, score : -2606.4561274046137, Time : 78.161 s
Timestep : 166420, score : -2366.199118746823, Time : 78.068 s
Timestep : 175179, score : -2143.543622160243, Time : 78.04 s
Timestep : 183938, score : -2575.756725925399, Time : 77.998 s
Timestep : 192697, score : -2375.4479870992072, Time : 77.912 s
Timestep : 201456, score : -2824.737046635666, Time : 77.754 s
Timestep : 210215, score : -2612.2860458530777, Time : 77.623 s
Timestep : 218974, score : -2642.814471553269, Time : 78.002 s
Timestep : 227733, score : -2606.529176200187, Time : 77.981 s
Timestep : 236492, score : -2830.7925969036587, Time : 77.503 s
Timestep : 245251, score : -2664.3452025384468, Time : 77.932 s
Timestep : 254010, score : -2199.7143062118266, Time : 77.907 s
Timestep : 262769, score : -2682.0025745770254, Time : 77.501 s
Timestep : 271528, score : -2580.0448694275983, Time : 77.942 s
Timestep : 280287, score : -2655.645828932553, Time : 77.889 s
Timestep : 289046, score : -2198.8016698607535, Time : 77.848 s
Timestep : 297805, score : -2310.339309838091, Time : 77.949 s
Timestep : 306564, score : -2268.034168038008, Time : 78.105 s
Timestep : 315323, score : -2076.782986881939, Time : 78.007 s
Timestep : 324082, score : -1789.8662129403383, Time : 78.092 s
Timestep : 332841, score : -2233.100255507772, Time : 77.898 s
Timestep : 341600, score : -1841.9251421285153, Time : 77.9 s
Timestep : 350359, score : -1828.1788107229222, Time : 77.878 s
Timestep : 359118, score : -1419.6749760653183, Time : 77.898 s
Timestep : 367877, score : -1580.5321066824545, Time : 77.907 s
Timestep : 376636, score : -1809.3062137004745, Time : 78.031 s
Timestep : 385395, score : -1410.191656922485, Time : 77.945 s
Timestep : 394154, score : -1599.5040838799468, Time : 77.862 s
Timestep : 402913, score : -1669.0960428819817, Time : 77.938 s
Timestep : 411672, score : -1577.167373751552, Time : 77.95 s
Timestep : 420431, score : -1473.4344468543131, Time : 77.738 s
Timestep : 429190, score : -1692.142070673901, Time : 77.956 s
Timestep : 437949, score : -1677.9354441189498, Time : 77.593 s
Starting local evaluation
Num Steps: 1000, Num episodes: 0
Num Steps: 2000, Num episodes: 0
Num Steps: 3000, Num episodes: 0
Num Steps: 4000, Num episodes: 0
Num Steps: 5000, Num episodes: 0
Num Steps: 6000, Num episodes: 0
Num Steps: 7000, Num episodes: 0
Num Steps: 8000, Num episodes: 0
Episode complete: 1 | Latest episode metrics: {'price_cost': 0.8458868913194282, 'emmision_cost': 0.9109955099674852}
[-0.0788191] -0.07881909760939602
Average Price Cost: 0.8458868913194282
Average Emmision Cost: 0.9109955099674852
Average of both costs: 0.8784412006434568
Total time taken by agent: 12.68221115320921s
DONE!
