{'agent': 'UADQN', 'action_selection': 'softmax', 'seed': 1, 'episodes': 50, 'data_path': 'data/citylearn_challenge_2022_phase_1', 'dry_run': False, 'n_discrete': 9, 'update_target': 16, 'lr': 3e-05, 'batch_size': 4, 'adam_epsilon': 1e-06, 'epsilon_final': 0.02, 'run_id': 467}
{'Notes': 'This is a tuning run, executed on a single building.',
 'adam_epsilon': 1e-06,
 'aleatoric_factor': 0,
 'biased_aleatoric': False,
 'env': '<NormalizeObservation<OneHotHour<DiscreteSingle<CityLearnEnv '
        'instance>>>>',
 'epistemic_factor': 1,
 'gamma': 0.99,
 'learning_rate': 3e-05,
 'minibatch_size': 4,
 'n_quantiles': 20,
 'network': 'MLP(\n'
            '  (layers): Sequential(\n'
            '    (0): Linear(in_features=29, out_features=128, bias=True)\n'
            '    (1): ReLU()\n'
            '    (2): Linear(in_features=128, out_features=128, bias=True)\n'
            '    (3): ReLU()\n'
            '    (4): Linear(in_features=128, out_features=180, bias=True)\n'
            '  )\n'
            ')',
 'noise_scale': 1,
 'replay_buffer_size': 10000,
 'replay_start_size': 4,
 'seed': 1,
 'train_steps': 438000,
 'update_frequency': 1,
 'update_target_frequency': 16,
 'weight_scale': 1.4142135623730951}
Timestep : 8758, score : -5948.121671209141, Time : 77.223 s
Timestep : 17517, score : -5633.273503727658, Time : 78.43 s
Timestep : 26276, score : -4000.7165586763585, Time : 78.575 s
Timestep : 35035, score : -3841.435529094015, Time : 79.432 s
Timestep : 43794, score : -3193.966753889763, Time : 78.861 s
Timestep : 52553, score : -3160.31944072801, Time : 79.738 s
Timestep : 61312, score : -2530.407997306349, Time : 79.801 s
Timestep : 70071, score : -3201.7623154607427, Time : 79.549 s
Timestep : 78830, score : -2909.05903794177, Time : 80.274 s
Timestep : 87589, score : -2672.1195453574474, Time : 79.827 s
Timestep : 96348, score : -3055.3681590042834, Time : 79.753 s
Timestep : 105107, score : -2102.314369579224, Time : 79.184 s
Timestep : 113866, score : -2464.9252758715593, Time : 78.735 s
Timestep : 122625, score : -2798.780389563908, Time : 79.314 s
Timestep : 131384, score : -2543.7037716626946, Time : 78.66 s
Timestep : 140143, score : -2239.646734361333, Time : 79.172 s
Timestep : 148902, score : -1804.885635240964, Time : 78.673 s
Timestep : 157661, score : -2317.6433855346695, Time : 79.239 s
Timestep : 166420, score : -2631.526785681519, Time : 78.645 s
Timestep : 175179, score : -2654.0548764020496, Time : 78.969 s
Timestep : 183938, score : -2842.5196967984375, Time : 78.466 s
Timestep : 192697, score : -2787.7074139007163, Time : 78.87 s
Timestep : 201456, score : -2691.702994296633, Time : 78.751 s
Timestep : 210215, score : -2402.955612589518, Time : 78.912 s
Timestep : 218974, score : -2331.3648945354216, Time : 77.116 s
Timestep : 227733, score : -2974.0114483629877, Time : 76.879 s
Timestep : 236492, score : -3582.1545102319506, Time : 76.621 s
Timestep : 245251, score : -2962.844059344876, Time : 77.29 s
Timestep : 254010, score : -3482.630473206198, Time : 76.585 s
Timestep : 262769, score : -3253.3932412140566, Time : 76.916 s
Timestep : 271528, score : -2921.9942020410235, Time : 76.994 s
Timestep : 280287, score : -3136.02622410185, Time : 76.746 s
Timestep : 289046, score : -2749.863232009957, Time : 76.342 s
Timestep : 297805, score : -3333.0706088169973, Time : 76.436 s
Timestep : 306564, score : -2392.495084630282, Time : 76.896 s
Timestep : 315323, score : -2404.765442552889, Time : 76.802 s
Timestep : 324082, score : -2359.005341595068, Time : 76.706 s
Timestep : 332841, score : -2159.218283415452, Time : 76.274 s
Timestep : 341600, score : -1822.9543385436118, Time : 76.694 s
Timestep : 350359, score : -1583.0345387871203, Time : 76.624 s
Timestep : 359118, score : -1823.3231283731584, Time : 77.036 s
Timestep : 367877, score : -1731.5243383527559, Time : 75.135 s
Timestep : 376636, score : -1562.4016649818805, Time : 73.969 s
Timestep : 385395, score : -1311.2871709220635, Time : 74.095 s
Timestep : 394154, score : -1525.522957436464, Time : 74.192 s
Timestep : 402913, score : -1621.9199000216613, Time : 74.522 s
Timestep : 411672, score : -1380.2140775483858, Time : 75.342 s
Timestep : 420431, score : -1597.1609955684107, Time : 74.99 s
Timestep : 429190, score : -1674.7191976930771, Time : 75.414 s
Timestep : 437949, score : -1750.9996038868267, Time : 74.966 s
Starting local evaluation
Num Steps: 1000, Num episodes: 0
Num Steps: 2000, Num episodes: 0
Num Steps: 3000, Num episodes: 0
Num Steps: 4000, Num episodes: 0
Num Steps: 5000, Num episodes: 0
Num Steps: 6000, Num episodes: 0
Num Steps: 7000, Num episodes: 0
Num Steps: 8000, Num episodes: 0
Episode complete: 1 | Latest episode metrics: {'price_cost': 0.8661794227189259, 'emmision_cost': 0.9215746211623552}
[-0.09806137] -0.0980613746549707
Average Price Cost: 0.8661794227189259
Average Emmision Cost: 0.9215746211623552
Average of both costs: 0.8938770219406406
Total time taken by agent: 12.158172824943904s
DONE!
