{'agent': 'UADQN', 'action_selection': 'softmax', 'seed': 1, 'episodes': 50, 'data_path': 'data/citylearn_challenge_2022_phase_1', 'dry_run': False, 'n_discrete': 9, 'update_target': 32, 'lr': 0.01, 'batch_size': 4, 'adam_epsilon': 1e-10, 'epsilon_final': 0.02, 'run_id': 439}
{'Notes': 'This is a tuning run, executed on a single building.',
 'adam_epsilon': 1e-10,
 'aleatoric_factor': 0,
 'biased_aleatoric': False,
 'env': '<NormalizeObservation<OneHotHour<DiscreteSingle<CityLearnEnv '
        'instance>>>>',
 'epistemic_factor': 1,
 'gamma': 0.99,
 'learning_rate': 0.01,
 'minibatch_size': 4,
 'n_quantiles': 20,
 'network': 'MLP(\n'
            '  (layers): Sequential(\n'
            '    (0): Linear(in_features=29, out_features=128, bias=True)\n'
            '    (1): ReLU()\n'
            '    (2): Linear(in_features=128, out_features=128, bias=True)\n'
            '    (3): ReLU()\n'
            '    (4): Linear(in_features=128, out_features=180, bias=True)\n'
            '  )\n'
            ')',
 'noise_scale': 1,
 'replay_buffer_size': 10000,
 'replay_start_size': 4,
 'seed': 1,
 'train_steps': 438000,
 'update_frequency': 1,
 'update_target_frequency': 32,
 'weight_scale': 1.4142135623730951}
Timestep : 8758, score : -12835.376883089222, Time : 69.337 s
Timestep : 17517, score : -12590.333814831683, Time : 69.1 s
Timestep : 26276, score : -14172.08382874637, Time : 70.924 s
Timestep : 35035, score : -13526.103028793383, Time : 72.151 s
Timestep : 43794, score : -13522.498922730636, Time : 72.48 s
Timestep : 52553, score : -12784.248584248082, Time : 71.052 s
Timestep : 61312, score : -13606.433309261687, Time : 69.239 s
Timestep : 70071, score : -13206.407842994755, Time : 70.149 s
Timestep : 78830, score : -13092.00969417955, Time : 69.746 s
Timestep : 87589, score : -13585.083875533397, Time : 70.219 s
Timestep : 96348, score : -13847.138594013224, Time : 70.118 s
Timestep : 105107, score : -13515.096045063765, Time : 70.075 s
Timestep : 113866, score : -13971.203187320338, Time : 69.931 s
Timestep : 122625, score : -13579.522096926652, Time : 71.169 s
Timestep : 131384, score : -13429.965060234957, Time : 69.812 s
Timestep : 140143, score : -12798.281602957708, Time : 69.821 s
Timestep : 148902, score : -13733.312040613528, Time : 70.117 s
Timestep : 157661, score : -12866.973957492926, Time : 70.178 s
Timestep : 166420, score : -13037.076343337438, Time : 70.205 s
Timestep : 175179, score : -12206.650734873285, Time : 69.922 s
Timestep : 183938, score : -12011.085871782998, Time : 69.702 s
Timestep : 192697, score : -12245.731671515809, Time : 69.57 s
Timestep : 201456, score : -12290.937533578166, Time : 71.332 s
Timestep : 210215, score : -11447.35519864643, Time : 72.686 s
Timestep : 218974, score : -11993.46810960742, Time : 71.514 s
Timestep : 227733, score : -11602.391943765644, Time : 69.873 s
Timestep : 236492, score : -11632.042629906282, Time : 70.17 s
Timestep : 245251, score : -11465.389518426804, Time : 69.719 s
Timestep : 254010, score : -12139.021915273814, Time : 71.8 s
Timestep : 262769, score : -12469.14175002258, Time : 71.139 s
Timestep : 271528, score : -11960.41519698617, Time : 70.109 s
Timestep : 280287, score : -11975.69117998927, Time : 70.222 s
Timestep : 289046, score : -12276.491766120496, Time : 70.521 s
Timestep : 297805, score : -11651.162766579379, Time : 70.157 s
Timestep : 306564, score : -11160.847201685028, Time : 70.115 s
Timestep : 315323, score : -10267.94045244572, Time : 70.145 s
Timestep : 324082, score : -11167.3598895662, Time : 69.678 s
Timestep : 332841, score : -11480.444044934775, Time : 70.53 s
Timestep : 341600, score : -11585.561248805563, Time : 69.665 s
Timestep : 350359, score : -11060.477763785937, Time : 69.842 s
Timestep : 359118, score : -10776.308071453896, Time : 71.937 s
Timestep : 367877, score : -10898.709952223726, Time : 70.709 s
Timestep : 376636, score : -10926.932661696876, Time : 70.132 s
Timestep : 385395, score : -10616.512314077234, Time : 70.14 s
Timestep : 394154, score : -10854.213504227766, Time : 69.544 s
Timestep : 402913, score : -10692.576105559972, Time : 69.984 s
Timestep : 411672, score : -10700.539620004376, Time : 70.445 s
Timestep : 420431, score : -11156.707289141908, Time : 70.125 s
Timestep : 429190, score : -10940.270255991913, Time : 70.861 s
Timestep : 437949, score : -11158.011645647959, Time : 70.505 s
Starting local evaluation
Num Steps: 1000, Num episodes: 0
Num Steps: 2000, Num episodes: 0
Num Steps: 3000, Num episodes: 0
Num Steps: 4000, Num episodes: 0
Num Steps: 5000, Num episodes: 0
Num Steps: 6000, Num episodes: 0
Num Steps: 7000, Num episodes: 0
Num Steps: 8000, Num episodes: 0
Episode complete: 1 | Latest episode metrics: {'price_cost': 1.5470202739817456, 'emmision_cost': 1.6389956458294712}
[-0.95733704] -0.9573370391321001
Average Price Cost: 1.5470202739817456
Average Emmision Cost: 1.6389956458294712
Average of both costs: 1.5930079599056084
Total time taken by agent: 11.25749731331598s
DONE!
