{'agent': 'UADQN', 'action_selection': 'softmax', 'seed': 1, 'episodes': 50, 'data_path': 'data/citylearn_challenge_2022_phase_1', 'dry_run': False, 'n_discrete': 9, 'update_target': 4, 'lr': 0.03, 'batch_size': 16, 'adam_epsilon': 0.001, 'epsilon_final': 0.02, 'run_id': 489}
{'Notes': 'This is a tuning run, executed on a single building.',
 'adam_epsilon': 0.001,
 'aleatoric_factor': 0,
 'biased_aleatoric': False,
 'env': '<NormalizeObservation<OneHotHour<DiscreteSingle<CityLearnEnv '
        'instance>>>>',
 'epistemic_factor': 1,
 'gamma': 0.99,
 'learning_rate': 0.03,
 'minibatch_size': 16,
 'n_quantiles': 20,
 'network': 'MLP(\n'
            '  (layers): Sequential(\n'
            '    (0): Linear(in_features=29, out_features=128, bias=True)\n'
            '    (1): ReLU()\n'
            '    (2): Linear(in_features=128, out_features=128, bias=True)\n'
            '    (3): ReLU()\n'
            '    (4): Linear(in_features=128, out_features=180, bias=True)\n'
            '  )\n'
            ')',
 'noise_scale': 1,
 'replay_buffer_size': 10000,
 'replay_start_size': 16,
 'seed': 1,
 'train_steps': 438000,
 'update_frequency': 1,
 'update_target_frequency': 4,
 'weight_scale': 1.4142135623730951}
Timestep : 8758, score : -12435.491591038604, Time : 76.444 s
Timestep : 17517, score : -14885.15456445911, Time : 77.042 s
Timestep : 26276, score : -14860.355190558286, Time : 77.689 s
Timestep : 35035, score : -15209.473967108323, Time : 77.528 s
Timestep : 43794, score : -16063.030551897828, Time : 77.761 s
Timestep : 52553, score : -16442.318463691467, Time : 78.382 s
Timestep : 61312, score : -15798.515877463695, Time : 78.176 s
Timestep : 70071, score : -15187.70056116367, Time : 78.505 s
Timestep : 78830, score : -15607.564867511115, Time : 77.968 s
Timestep : 87589, score : -13733.664920346258, Time : 78.516 s
Timestep : 96348, score : -14414.485151039975, Time : 79.083 s
Timestep : 105107, score : -15306.655376096605, Time : 78.908 s
Timestep : 113866, score : -15364.341766206155, Time : 79.395 s
Timestep : 122625, score : -14058.379064200592, Time : 78.961 s
Timestep : 131384, score : -15085.634477682252, Time : 78.663 s
Timestep : 140143, score : -13548.122806977786, Time : 78.125 s
Timestep : 148902, score : -13074.818565927562, Time : 78.06 s
Timestep : 157661, score : -15545.896968985224, Time : 78.141 s
Timestep : 166420, score : -15960.23969810085, Time : 77.899 s
Timestep : 175179, score : -15618.498208841964, Time : 78.176 s
Timestep : 183938, score : -16237.604776396998, Time : 77.744 s
Timestep : 192697, score : -15935.341379542675, Time : 77.983 s
Timestep : 201456, score : -15977.223497457526, Time : 77.088 s
Timestep : 210215, score : -15066.21759609245, Time : 77.651 s
Timestep : 218974, score : -13846.367798722233, Time : 77.12 s
Timestep : 227733, score : -14916.970423550607, Time : 77.555 s
Timestep : 236492, score : -14101.12042912074, Time : 77.174 s
Timestep : 245251, score : -13642.072140298973, Time : 77.415 s
Timestep : 254010, score : -13342.976311564635, Time : 76.03 s
Timestep : 262769, score : -14097.72112442553, Time : 75.172 s
Timestep : 271528, score : -14252.849497851406, Time : 75.711 s
Timestep : 280287, score : -14150.6956563493, Time : 75.668 s
Timestep : 289046, score : -13757.837870980497, Time : 75.81 s
Timestep : 297805, score : -13764.266014546447, Time : 76.101 s
Timestep : 306564, score : -13757.377508558639, Time : 75.676 s
Timestep : 315323, score : -14708.632162049194, Time : 76.002 s
Timestep : 324082, score : -14153.733814466468, Time : 75.922 s
Timestep : 332841, score : -14018.755694888489, Time : 75.672 s
Timestep : 341600, score : -14078.570280792148, Time : 76.157 s
Timestep : 350359, score : -13604.854557802784, Time : 75.158 s
Timestep : 359118, score : -15838.776453069673, Time : 75.05 s
Timestep : 367877, score : -15358.202739613298, Time : 75.46 s
Timestep : 376636, score : -15158.375647422348, Time : 75.167 s
Timestep : 385395, score : -13989.213982566318, Time : 75.081 s
Timestep : 394154, score : -14179.047243977548, Time : 75.361 s
Timestep : 402913, score : -14189.947021636835, Time : 75.568 s
Timestep : 411672, score : -13425.521115981275, Time : 75.176 s
Timestep : 420431, score : -16027.869732545063, Time : 75.165 s
Timestep : 429190, score : -13009.807015364539, Time : 75.196 s
Timestep : 437949, score : -14278.09377369564, Time : 75.474 s
Starting local evaluation
Num Steps: 1000, Num episodes: 0
Num Steps: 2000, Num episodes: 0
Num Steps: 3000, Num episodes: 0
Num Steps: 4000, Num episodes: 0
Num Steps: 5000, Num episodes: 0
Num Steps: 6000, Num episodes: 0
Num Steps: 7000, Num episodes: 0
Num Steps: 8000, Num episodes: 0
Episode complete: 1 | Latest episode metrics: {'price_cost': 1.716802334696327, 'emmision_cost': 1.8254271829856008}
[-1.17605284] -1.1760528382790556
Average Price Cost: 1.716802334696327
Average Emmision Cost: 1.8254271829856008
Average of both costs: 1.771114758840964
Total time taken by agent: 12.231304706801893s
DONE!
