{'agent': 'UADQN', 'action_selection': 'softmax', 'seed': 1, 'episodes': 50, 'data_path': 'data/citylearn_challenge_2022_phase_1', 'dry_run': False, 'n_discrete': 9, 'update_target': 16, 'lr': 7e-05, 'batch_size': 32, 'adam_epsilon': 0.0001, 'epsilon_final': 0.02, 'run_id': 407}
{'Notes': 'This is a tuning run, executed on a single building.',
 'adam_epsilon': 0.0001,
 'aleatoric_factor': 0,
 'biased_aleatoric': False,
 'env': '<NormalizeObservation<OneHotHour<DiscreteSingle<CityLearnEnv '
        'instance>>>>',
 'epistemic_factor': 1,
 'gamma': 0.99,
 'learning_rate': 7e-05,
 'minibatch_size': 32,
 'n_quantiles': 20,
 'network': 'MLP(\n'
            '  (layers): Sequential(\n'
            '    (0): Linear(in_features=29, out_features=128, bias=True)\n'
            '    (1): ReLU()\n'
            '    (2): Linear(in_features=128, out_features=128, bias=True)\n'
            '    (3): ReLU()\n'
            '    (4): Linear(in_features=128, out_features=180, bias=True)\n'
            '  )\n'
            ')',
 'noise_scale': 1,
 'replay_buffer_size': 10000,
 'replay_start_size': 32,
 'seed': 1,
 'train_steps': 438000,
 'update_frequency': 1,
 'update_target_frequency': 16,
 'weight_scale': 1.4142135623730951}
Timestep : 8758, score : -5473.570952908325, Time : 72.317 s
Timestep : 17517, score : -4137.170082901983, Time : 72.059 s
Timestep : 26276, score : -4304.271190907253, Time : 72.445 s
Timestep : 35035, score : -4159.751839262812, Time : 72.686 s
Timestep : 43794, score : -4275.647747458337, Time : 72.946 s
Timestep : 52553, score : -4178.224460768892, Time : 72.423 s
Timestep : 61312, score : -4445.956734543579, Time : 72.389 s
Timestep : 70071, score : -4457.94862510376, Time : 74.108 s
Timestep : 78830, score : -4417.887804336293, Time : 74.013 s
Timestep : 87589, score : -4070.085410256317, Time : 74.17 s
Timestep : 96348, score : -3583.4771675599914, Time : 73.473 s
Timestep : 105107, score : -1900.640043546242, Time : 72.713 s
Timestep : 113866, score : -2518.5649742338865, Time : 73.964 s
Timestep : 122625, score : -2028.9088900476054, Time : 73.909 s
Timestep : 131384, score : -2192.9520892324217, Time : 73.955 s
Timestep : 140143, score : -1758.211553146859, Time : 72.584 s
Timestep : 148902, score : -2015.2766426257149, Time : 73.22 s
Timestep : 157661, score : -1698.2749046972312, Time : 73.736 s
Timestep : 166420, score : -1536.406325718417, Time : 73.468 s
Timestep : 175179, score : -1759.8080515509064, Time : 73.859 s
Timestep : 183938, score : -1451.8650931337907, Time : 73.371 s
Timestep : 192697, score : -1324.9239691219118, Time : 73.359 s
Timestep : 201456, score : -1092.2051690069784, Time : 73.616 s
Timestep : 210215, score : -1124.403817594779, Time : 73.919 s
Timestep : 218974, score : -1434.082966380549, Time : 74.297 s
Timestep : 227733, score : -1473.1204071962566, Time : 74.359 s
Timestep : 236492, score : -1268.753249947942, Time : 74.034 s
Timestep : 245251, score : -1413.8916819090082, Time : 73.941 s
Timestep : 254010, score : -1416.1718946397596, Time : 74.01 s
Timestep : 262769, score : -1141.4425201565318, Time : 73.934 s
Timestep : 271528, score : -1252.9937035115727, Time : 73.925 s
Timestep : 280287, score : -863.7405610485293, Time : 72.499 s
Timestep : 289046, score : -1009.0299579350103, Time : 73.704 s
Timestep : 297805, score : -1385.3959117415652, Time : 73.783 s
Timestep : 306564, score : -1569.5747055341053, Time : 73.522 s
Timestep : 315323, score : -1381.7435109031212, Time : 73.805 s
Timestep : 324082, score : -1233.0850946707942, Time : 73.63 s
Timestep : 332841, score : -1223.4612137439253, Time : 74.208 s
Timestep : 341600, score : -1018.0898702394043, Time : 73.924 s
Timestep : 350359, score : -895.6011114574794, Time : 73.837 s
Timestep : 359118, score : -1099.9100832967379, Time : 74.161 s
Timestep : 367877, score : -1110.967675912456, Time : 74.0 s
Timestep : 376636, score : -1130.0763054061972, Time : 74.078 s
Timestep : 385395, score : -960.1043560474936, Time : 72.411 s
Timestep : 394154, score : -1311.3253426445008, Time : 73.84 s
Timestep : 402913, score : -1266.7526506895956, Time : 72.812 s
Timestep : 411672, score : -1334.5295612810005, Time : 72.764 s
Timestep : 420431, score : -1527.4205666608468, Time : 73.88 s
Timestep : 429190, score : -1863.0788712809153, Time : 73.46 s
Timestep : 437949, score : -1291.4133315412619, Time : 74.265 s
Starting local evaluation
Num Steps: 1000, Num episodes: 0
Num Steps: 2000, Num episodes: 0
Num Steps: 3000, Num episodes: 0
Num Steps: 4000, Num episodes: 0
Num Steps: 5000, Num episodes: 0
Num Steps: 6000, Num episodes: 0
Num Steps: 7000, Num episodes: 0
Num Steps: 8000, Num episodes: 0
Episode complete: 1 | Latest episode metrics: {'price_cost': 0.8359257416047081, 'emmision_cost': 0.9095238373042821}
[-0.07156716] -0.07156715726190489
Average Price Cost: 0.8359257416047081
Average Emmision Cost: 0.9095238373042821
Average of both costs: 0.8727247894544952
Total time taken by agent: 11.808939817827195s
DONE!
