{'agent': 'UADQN', 'action_selection': 'softmax', 'seed': 1, 'episodes': 50, 'data_path': 'data/citylearn_challenge_2022_phase_1', 'dry_run': False, 'n_discrete': 9, 'update_target': 8, 'lr': 0.0007, 'batch_size': 256, 'adam_epsilon': 1e-08, 'epsilon_final': 0.02, 'run_id': 416}
{'Notes': 'This is a tuning run, executed on a single building.',
 'adam_epsilon': 1e-08,
 'aleatoric_factor': 0,
 'biased_aleatoric': False,
 'env': '<NormalizeObservation<OneHotHour<DiscreteSingle<CityLearnEnv '
        'instance>>>>',
 'epistemic_factor': 1,
 'gamma': 0.99,
 'learning_rate': 0.0007,
 'minibatch_size': 256,
 'n_quantiles': 20,
 'network': 'MLP(\n'
            '  (layers): Sequential(\n'
            '    (0): Linear(in_features=29, out_features=128, bias=True)\n'
            '    (1): ReLU()\n'
            '    (2): Linear(in_features=128, out_features=128, bias=True)\n'
            '    (3): ReLU()\n'
            '    (4): Linear(in_features=128, out_features=180, bias=True)\n'
            '  )\n'
            ')',
 'noise_scale': 1,
 'replay_buffer_size': 10000,
 'replay_start_size': 256,
 'seed': 1,
 'train_steps': 438000,
 'update_frequency': 1,
 'update_target_frequency': 8,
 'weight_scale': 1.4142135623730951}
Timestep : 8758, score : -4739.7929757729, Time : 86.383 s
Timestep : 17517, score : -3593.6786464049073, Time : 89.458 s
Timestep : 26276, score : -3171.0714213428146, Time : 89.557 s
Timestep : 35035, score : -3228.993417985068, Time : 89.696 s
Timestep : 43794, score : -2898.5154461881903, Time : 90.268 s
Timestep : 52553, score : -2983.5967966845783, Time : 89.597 s
Timestep : 61312, score : -2800.2727127403778, Time : 91.25 s
Timestep : 70071, score : -2689.7974304729432, Time : 90.787 s
Timestep : 78830, score : -2748.2765860582294, Time : 90.541 s
Timestep : 87589, score : -2666.5692161205516, Time : 90.432 s
Timestep : 96348, score : -2682.295442347444, Time : 90.058 s
Timestep : 105107, score : -2678.696951843187, Time : 90.218 s
Timestep : 113866, score : -2674.8001243773906, Time : 91.296 s
Timestep : 122625, score : -2640.56378935845, Time : 91.244 s
Timestep : 131384, score : -2749.892379907629, Time : 91.609 s
Timestep : 140143, score : -2556.3782512425387, Time : 91.6 s
Timestep : 148902, score : -2421.000697535492, Time : 90.882 s
Timestep : 157661, score : -2487.0854769413418, Time : 91.408 s
Timestep : 166420, score : -2703.347445138119, Time : 91.464 s
Timestep : 175179, score : -2484.525704701926, Time : 90.641 s
Timestep : 183938, score : -2588.6644973318616, Time : 90.822 s
Timestep : 192697, score : -2554.0299440369417, Time : 90.855 s
Timestep : 201456, score : -2435.523771831562, Time : 90.83 s
Timestep : 210215, score : -2539.532072660484, Time : 90.918 s
Timestep : 218974, score : -2627.1895181705186, Time : 90.833 s
Timestep : 227733, score : -2721.3094303668768, Time : 91.514 s
Timestep : 236492, score : -2703.41458684628, Time : 90.885 s
Timestep : 245251, score : -2452.1171882516064, Time : 91.43 s
Timestep : 254010, score : -2504.7572900554005, Time : 91.493 s
Timestep : 262769, score : -2626.2217538955447, Time : 91.36 s
Timestep : 271528, score : -2596.721808231756, Time : 90.837 s
Timestep : 280287, score : -2580.8028552483593, Time : 89.658 s
Timestep : 289046, score : -2668.9941331239243, Time : 91.334 s
Timestep : 297805, score : -2663.151880556863, Time : 91.358 s
Timestep : 306564, score : -2738.978670461336, Time : 91.642 s
Timestep : 315323, score : -2490.698424532806, Time : 91.465 s
Timestep : 324082, score : -2538.604324000451, Time : 91.481 s
Timestep : 332841, score : -2555.9667218919203, Time : 91.467 s
Timestep : 341600, score : -2526.1564917655487, Time : 91.253 s
Timestep : 350359, score : -2441.4682384556654, Time : 91.28 s
Timestep : 359118, score : -2608.304663662595, Time : 91.537 s
Timestep : 367877, score : -2671.9321222491126, Time : 91.181 s
Timestep : 376636, score : -2712.3763182737894, Time : 90.079 s
Timestep : 385395, score : -2717.6458793767524, Time : 91.255 s
Timestep : 394154, score : -2589.5319551304274, Time : 90.718 s
Timestep : 402913, score : -2744.3325196171936, Time : 90.644 s
Timestep : 411672, score : -2690.7774246700137, Time : 90.531 s
Timestep : 420431, score : -2613.2568025558285, Time : 90.656 s
Timestep : 429190, score : -2670.772117805347, Time : 91.494 s
Timestep : 437949, score : -2676.3862310184522, Time : 91.463 s
Starting local evaluation
Num Steps: 1000, Num episodes: 0
Num Steps: 2000, Num episodes: 0
Num Steps: 3000, Num episodes: 0
Num Steps: 4000, Num episodes: 0
Num Steps: 5000, Num episodes: 0
Num Steps: 6000, Num episodes: 0
Num Steps: 7000, Num episodes: 0
Num Steps: 8000, Num episodes: 0
Episode complete: 1 | Latest episode metrics: {'price_cost': 0.9017928943841746, 'emmision_cost': 0.992364486685384}
[-0.16261615] -0.16261614965202772
Average Price Cost: 0.9017928943841746
Average Emmision Cost: 0.992364486685384
Average of both costs: 0.9470786905347793
Total time taken by agent: 12.607117282343097s
DONE!
