{'agent': 'UADQN', 'action_selection': 'softmax', 'seed': 1, 'episodes': 50, 'data_path': 'data/citylearn_challenge_2022_phase_1', 'dry_run': False, 'n_discrete': 9, 'update_target': 8, 'lr': 0.0003, 'batch_size': 128, 'adam_epsilon': 1e-07, 'epsilon_final': 0.02, 'run_id': 492}
{'Notes': 'This is a tuning run, executed on a single building.',
 'adam_epsilon': 1e-07,
 'aleatoric_factor': 0,
 'biased_aleatoric': False,
 'env': '<NormalizeObservation<OneHotHour<DiscreteSingle<CityLearnEnv '
        'instance>>>>',
 'epistemic_factor': 1,
 'gamma': 0.99,
 'learning_rate': 0.0003,
 'minibatch_size': 128,
 'n_quantiles': 20,
 'network': 'MLP(\n'
            '  (layers): Sequential(\n'
            '    (0): Linear(in_features=29, out_features=128, bias=True)\n'
            '    (1): ReLU()\n'
            '    (2): Linear(in_features=128, out_features=128, bias=True)\n'
            '    (3): ReLU()\n'
            '    (4): Linear(in_features=128, out_features=180, bias=True)\n'
            '  )\n'
            ')',
 'noise_scale': 1,
 'replay_buffer_size': 10000,
 'replay_start_size': 128,
 'seed': 1,
 'train_steps': 438000,
 'update_frequency': 1,
 'update_target_frequency': 8,
 'weight_scale': 1.4142135623730951}
Timestep : 8758, score : -3807.3387354406586, Time : 110.415 s
Timestep : 17517, score : -2079.453105318622, Time : 112.135 s
Timestep : 26276, score : -1885.5355892195657, Time : 113.082 s
Timestep : 35035, score : -1743.277188181135, Time : 113.17 s
Timestep : 43794, score : -1557.9480482817453, Time : 113.459 s
Timestep : 52553, score : -1487.4036011792195, Time : 113.337 s
Timestep : 61312, score : -1329.392440365482, Time : 112.809 s
Timestep : 70071, score : -1220.7383305185067, Time : 112.783 s
Timestep : 78830, score : -1291.4286819923145, Time : 113.472 s
Timestep : 87589, score : -1285.3339100504236, Time : 113.467 s
Timestep : 96348, score : -1483.3762401379936, Time : 113.495 s
Timestep : 105107, score : -1626.04924567524, Time : 113.574 s
Timestep : 113866, score : -1618.7324951631308, Time : 113.066 s
Timestep : 122625, score : -1625.010186670028, Time : 112.766 s
Timestep : 131384, score : -1676.4780239807733, Time : 112.687 s
Timestep : 140143, score : -1709.2523763946083, Time : 112.793 s
Timestep : 148902, score : -1700.2166021463054, Time : 113.48 s
Timestep : 157661, score : -1611.8491863921809, Time : 113.345 s
Timestep : 166420, score : -1612.3944065668911, Time : 113.201 s
Timestep : 175179, score : -1547.293421490962, Time : 112.515 s
Timestep : 183938, score : -1501.4294523140707, Time : 112.537 s
Timestep : 192697, score : -1493.9191387689498, Time : 112.454 s
Timestep : 201456, score : -1538.0120739494741, Time : 112.356 s
Timestep : 210215, score : -1510.1018599975214, Time : 112.341 s
Timestep : 218974, score : -1589.8459664793045, Time : 113.838 s
Timestep : 227733, score : -1402.73820065803, Time : 113.963 s
Timestep : 236492, score : -1418.105447208538, Time : 113.525 s
Timestep : 245251, score : -1461.5567365698807, Time : 112.996 s
Timestep : 254010, score : -1426.23054975181, Time : 113.831 s
Timestep : 262769, score : -1529.9984440286935, Time : 112.724 s
Timestep : 271528, score : -1380.4041820792772, Time : 111.028 s
Timestep : 280287, score : -1277.691834821162, Time : 110.601 s
Timestep : 289046, score : -1371.6038735141337, Time : 113.041 s
Timestep : 297805, score : -1288.643517985969, Time : 110.526 s
Timestep : 306564, score : -1355.6736014776689, Time : 98.461 s
Timestep : 315323, score : -1303.0440519361582, Time : 159.555 s
Timestep : 324082, score : -1251.6840653396503, Time : 116.393 s
Timestep : 332841, score : -1291.4316109952342, Time : 98.23 s
Timestep : 341600, score : -1364.3322578519874, Time : 98.444 s
Timestep : 350359, score : -1371.800543468009, Time : 109.88 s
Timestep : 359118, score : -1311.1456482790236, Time : 118.522 s
Timestep : 367877, score : -1369.1438978545193, Time : 115.776 s
Timestep : 376636, score : -1479.5291577335738, Time : 115.48 s
Timestep : 385395, score : -1429.048482825543, Time : 114.832 s
Timestep : 394154, score : -1398.8746427547012, Time : 111.92 s
Timestep : 402913, score : -1356.0886112107255, Time : 112.402 s
Timestep : 411672, score : -1356.957405725756, Time : 111.954 s
Timestep : 420431, score : -1359.4697547669348, Time : 111.012 s
Timestep : 429190, score : -1330.0204838759091, Time : 111.966 s
Timestep : 437949, score : -1401.431826539134, Time : 111.377 s
Starting local evaluation
Num Steps: 1000, Num episodes: 0
Num Steps: 2000, Num episodes: 0
Num Steps: 3000, Num episodes: 0
Num Steps: 4000, Num episodes: 0
Num Steps: 5000, Num episodes: 0
Num Steps: 6000, Num episodes: 0
Num Steps: 7000, Num episodes: 0
Num Steps: 8000, Num episodes: 0
Episode complete: 1 | Latest episode metrics: {'price_cost': 0.841267890028254, 'emmision_cost': 0.9010327059319297}
[-0.06998579] -0.06998579331524336
Average Price Cost: 0.841267890028254
Average Emmision Cost: 0.9010327059319297
Average of both costs: 0.8711502979800918
Total time taken by agent: 26.07992380525684s
DONE!
