{'agent': 'UADQN', 'action_selection': 'softmax', 'seed': 1, 'episodes': 50, 'data_path': 'data/citylearn_challenge_2022_phase_1', 'dry_run': False, 'n_discrete': 9, 'update_target': 16, 'lr': 0.003, 'batch_size': 4, 'adam_epsilon': 1e-08, 'epsilon_final': 0.02, 'run_id': 432}
{'Notes': 'This is a tuning run, executed on a single building.',
 'adam_epsilon': 1e-08,
 'aleatoric_factor': 0,
 'biased_aleatoric': False,
 'env': '<NormalizeObservation<OneHotHour<DiscreteSingle<CityLearnEnv '
        'instance>>>>',
 'epistemic_factor': 1,
 'gamma': 0.99,
 'learning_rate': 0.003,
 'minibatch_size': 4,
 'n_quantiles': 20,
 'network': 'MLP(\n'
            '  (layers): Sequential(\n'
            '    (0): Linear(in_features=29, out_features=128, bias=True)\n'
            '    (1): ReLU()\n'
            '    (2): Linear(in_features=128, out_features=128, bias=True)\n'
            '    (3): ReLU()\n'
            '    (4): Linear(in_features=128, out_features=180, bias=True)\n'
            '  )\n'
            ')',
 'noise_scale': 1,
 'replay_buffer_size': 10000,
 'replay_start_size': 4,
 'seed': 1,
 'train_steps': 438000,
 'update_frequency': 1,
 'update_target_frequency': 16,
 'weight_scale': 1.4142135623730951}
Timestep : 8758, score : -11264.994242565495, Time : 68.098 s
Timestep : 17517, score : -11527.077167277603, Time : 67.534 s
Timestep : 26276, score : -11320.198691555488, Time : 68.661 s
Timestep : 35035, score : -11564.779652898389, Time : 70.958 s
Timestep : 43794, score : -11568.921005738608, Time : 71.844 s
Timestep : 52553, score : -11026.144125513689, Time : 72.453 s
Timestep : 61312, score : -11798.623141410593, Time : 72.176 s
Timestep : 70071, score : -12653.67924042228, Time : 73.248 s
Timestep : 78830, score : -11466.359013757516, Time : 72.34 s
Timestep : 87589, score : -12402.356865674403, Time : 72.323 s
Timestep : 96348, score : -12588.184969533075, Time : 72.659 s
Timestep : 105107, score : -12028.571242887483, Time : 72.128 s
Timestep : 113866, score : -11978.580165671738, Time : 73.053 s
Timestep : 122625, score : -12180.905088745669, Time : 71.952 s
Timestep : 131384, score : -11601.27301975021, Time : 72.111 s
Timestep : 140143, score : -11293.676069462163, Time : 72.241 s
Timestep : 148902, score : -11524.76140320448, Time : 71.363 s
Timestep : 157661, score : -12302.453728031745, Time : 72.225 s
Timestep : 166420, score : -11061.306315987676, Time : 71.928 s
Timestep : 175179, score : -11735.822766989426, Time : 73.045 s
Timestep : 183938, score : -11287.823721370616, Time : 72.146 s
Timestep : 192697, score : -11201.887577048306, Time : 72.313 s
Timestep : 201456, score : -11195.951559363937, Time : 72.602 s
Timestep : 210215, score : -10853.02919014993, Time : 73.045 s
Timestep : 218974, score : -10768.294511337954, Time : 72.792 s
Timestep : 227733, score : -10799.384375808673, Time : 71.852 s
Timestep : 236492, score : -10697.345802399403, Time : 72.128 s
Timestep : 245251, score : -10572.834561736978, Time : 72.875 s
Timestep : 254010, score : -10034.515986706858, Time : 73.718 s
Timestep : 262769, score : -9916.043812993754, Time : 71.759 s
Timestep : 271528, score : -9440.111623732286, Time : 71.752 s
Timestep : 280287, score : -8089.994343773418, Time : 71.726 s
Timestep : 289046, score : -8461.046152265408, Time : 72.128 s
Timestep : 297805, score : -7530.0232175224955, Time : 71.73 s
Timestep : 306564, score : -7968.063059591834, Time : 71.753 s
Timestep : 315323, score : -6376.47058819513, Time : 72.956 s
Timestep : 324082, score : -7517.752379352649, Time : 71.469 s
Timestep : 332841, score : -7316.407576629474, Time : 70.272 s
Timestep : 341600, score : -5556.215452777993, Time : 69.412 s
Timestep : 350359, score : -6390.760031866521, Time : 69.45 s
Timestep : 359118, score : -5818.217272110545, Time : 68.206 s
Timestep : 367877, score : -5261.985361065628, Time : 67.92 s
Timestep : 376636, score : -5143.268596944006, Time : 67.498 s
Timestep : 385395, score : -5212.324372231917, Time : 67.433 s
Timestep : 394154, score : -5573.317496926989, Time : 68.342 s
Timestep : 402913, score : -10051.21816194996, Time : 68.567 s
Timestep : 411672, score : -5292.709597722831, Time : 67.442 s
Timestep : 420431, score : -4675.781143222775, Time : 67.471 s
Timestep : 429190, score : -3926.5063929262396, Time : 67.534 s
Timestep : 437949, score : -4688.0902695283585, Time : 67.455 s
Starting local evaluation
Num Steps: 1000, Num episodes: 0
Num Steps: 2000, Num episodes: 0
Num Steps: 3000, Num episodes: 0
Num Steps: 4000, Num episodes: 0
Num Steps: 5000, Num episodes: 0
Num Steps: 6000, Num episodes: 0
Num Steps: 7000, Num episodes: 0
Num Steps: 8000, Num episodes: 0
Episode complete: 1 | Latest episode metrics: {'price_cost': 0.9998077782013945, 'emmision_cost': 1.1061224728677608}
[-0.2924947] -0.2924947024802289
Average Price Cost: 0.9998077782013945
Average Emmision Cost: 1.1061224728677608
Average of both costs: 1.0529651255345778
Total time taken by agent: 10.906055206200108s
DONE!
