{'agent': 'UADQN', 'action_selection': 'softmax', 'seed': 1, 'episodes': 50, 'data_path': 'data/citylearn_challenge_2022_phase_1', 'dry_run': False, 'n_discrete': 9, 'update_target': 8, 'lr': 0.0007, 'batch_size': 256, 'adam_epsilon': 1e-10, 'epsilon_final': 0.02, 'run_id': 491}
{'Notes': 'This is a tuning run, executed on a single building.',
 'adam_epsilon': 1e-10,
 'aleatoric_factor': 0,
 'biased_aleatoric': False,
 'env': '<NormalizeObservation<OneHotHour<DiscreteSingle<CityLearnEnv '
        'instance>>>>',
 'epistemic_factor': 1,
 'gamma': 0.99,
 'learning_rate': 0.0007,
 'minibatch_size': 256,
 'n_quantiles': 20,
 'network': 'MLP(\n'
            '  (layers): Sequential(\n'
            '    (0): Linear(in_features=29, out_features=128, bias=True)\n'
            '    (1): ReLU()\n'
            '    (2): Linear(in_features=128, out_features=128, bias=True)\n'
            '    (3): ReLU()\n'
            '    (4): Linear(in_features=128, out_features=180, bias=True)\n'
            '  )\n'
            ')',
 'noise_scale': 1,
 'replay_buffer_size': 10000,
 'replay_start_size': 256,
 'seed': 1,
 'train_steps': 438000,
 'update_frequency': 1,
 'update_target_frequency': 8,
 'weight_scale': 1.4142135623730951}
Timestep : 8758, score : -4901.906787098997, Time : 118.411 s
Timestep : 17517, score : -3820.671777863012, Time : 131.665 s
Timestep : 26276, score : -3320.62961463994, Time : 131.835 s
Timestep : 35035, score : -2777.121011325653, Time : 120.712 s
Timestep : 43794, score : -2538.489792266424, Time : 117.636 s
Timestep : 52553, score : -1860.0164895583002, Time : 114.394 s
Timestep : 61312, score : -1790.0125982957252, Time : 115.74 s
Timestep : 70071, score : -1995.1001062495925, Time : 114.991 s
Timestep : 78830, score : -1767.2641742436972, Time : 114.041 s
Timestep : 87589, score : -1441.7588439758692, Time : 114.132 s
Timestep : 96348, score : -1446.1896211100102, Time : 114.423 s
Timestep : 105107, score : -1515.2306254136201, Time : 114.339 s
Timestep : 113866, score : -1128.7463012215412, Time : 115.803 s
Timestep : 122625, score : -1278.6939800805703, Time : 115.966 s
Timestep : 131384, score : -1365.558856032585, Time : 115.803 s
Timestep : 140143, score : -1208.9545123377175, Time : 115.133 s
Timestep : 148902, score : -1245.0455399325874, Time : 114.057 s
Timestep : 157661, score : -1200.415058438928, Time : 114.044 s
Timestep : 166420, score : -1279.4147165499453, Time : 113.133 s
Timestep : 175179, score : -1217.1956190199417, Time : 112.594 s
Timestep : 183938, score : -1220.760754567833, Time : 112.689 s
Timestep : 192697, score : -1168.6428424227342, Time : 113.05 s
Timestep : 201456, score : -1097.2958763691422, Time : 114.067 s
Timestep : 210215, score : -1032.3760281319555, Time : 121.58 s
Timestep : 218974, score : -957.5491368896619, Time : 122.589 s
Timestep : 227733, score : -1116.5990229973395, Time : 126.289 s
Timestep : 236492, score : -1053.0860598909494, Time : 140.905 s
Timestep : 245251, score : -1128.3606803780713, Time : 125.648 s
Timestep : 254010, score : -974.6432905539696, Time : 134.624 s
Timestep : 262769, score : -1030.5556199474086, Time : 138.731 s
Timestep : 271528, score : -1180.9969608952815, Time : 132.047 s
Timestep : 280287, score : -1002.7201795608562, Time : 127.617 s
Timestep : 289046, score : -1081.0727419671293, Time : 103.126 s
Timestep : 297805, score : -1044.4684574578714, Time : 152.102 s
Timestep : 306564, score : -1005.0645330113184, Time : 125.308 s
Timestep : 315323, score : -1060.7896650804032, Time : 98.232 s
Timestep : 324082, score : -1007.4225613253948, Time : 103.108 s
Timestep : 332841, score : -1011.5813413199794, Time : 129.029 s
Timestep : 341600, score : -985.1840770209965, Time : 139.363 s
Timestep : 350359, score : -1002.1353773388837, Time : 142.865 s
Timestep : 359118, score : -852.8745953741309, Time : 141.154 s
Timestep : 367877, score : -941.645978860819, Time : 138.869 s
Timestep : 376636, score : -845.1180485145014, Time : 130.228 s
Timestep : 385395, score : -943.5875723634672, Time : 112.234 s
Timestep : 394154, score : -890.3965494225558, Time : 123.243 s
Timestep : 402913, score : -925.0934401636769, Time : 120.965 s
Timestep : 411672, score : -968.1835169776168, Time : 110.909 s
Timestep : 420431, score : -960.2617553097953, Time : 107.946 s
Timestep : 429190, score : -1094.7423767226574, Time : 135.465 s
Timestep : 437949, score : -959.4998391948466, Time : 121.82 s
Starting local evaluation
Num Steps: 1000, Num episodes: 0
Num Steps: 2000, Num episodes: 0
Num Steps: 3000, Num episodes: 0
Num Steps: 4000, Num episodes: 0
Num Steps: 5000, Num episodes: 0
Num Steps: 6000, Num episodes: 0
Num Steps: 7000, Num episodes: 0
Num Steps: 8000, Num episodes: 0
Episode complete: 1 | Latest episode metrics: {'price_cost': 0.8184493961057464, 'emmision_cost': 0.9278652119497204}
[-0.0711778] -0.07117780485018775
Average Price Cost: 0.8184493961057464
Average Emmision Cost: 0.9278652119497204
Average of both costs: 0.8731573040277334
Total time taken by agent: 18.982123628811678s
DONE!
