{'agent': 'UADQN', 'action_selection': 'softmax', 'seed': 1, 'episodes': 50, 'data_path': 'data/citylearn_challenge_2022_phase_1', 'dry_run': False, 'n_discrete': 9, 'update_target': 4, 'lr': 0.01, 'batch_size': 32, 'adam_epsilon': 0.001, 'epsilon_final': 0.02, 'run_id': 442}
{'Notes': 'This is a tuning run, executed on a single building.',
 'adam_epsilon': 0.001,
 'aleatoric_factor': 0,
 'biased_aleatoric': False,
 'env': '<NormalizeObservation<OneHotHour<DiscreteSingle<CityLearnEnv '
        'instance>>>>',
 'epistemic_factor': 1,
 'gamma': 0.99,
 'learning_rate': 0.01,
 'minibatch_size': 32,
 'n_quantiles': 20,
 'network': 'MLP(\n'
            '  (layers): Sequential(\n'
            '    (0): Linear(in_features=29, out_features=128, bias=True)\n'
            '    (1): ReLU()\n'
            '    (2): Linear(in_features=128, out_features=128, bias=True)\n'
            '    (3): ReLU()\n'
            '    (4): Linear(in_features=128, out_features=180, bias=True)\n'
            '  )\n'
            ')',
 'noise_scale': 1,
 'replay_buffer_size': 10000,
 'replay_start_size': 32,
 'seed': 1,
 'train_steps': 438000,
 'update_frequency': 1,
 'update_target_frequency': 4,
 'weight_scale': 1.4142135623730951}
Timestep : 8758, score : -13006.47034165007, Time : 75.829 s
Timestep : 17517, score : -15007.586356440537, Time : 76.667 s
Timestep : 26276, score : -14192.669449644236, Time : 77.249 s
Timestep : 35035, score : -14543.309368738977, Time : 77.131 s
Timestep : 43794, score : -13803.054622458367, Time : 77.129 s
Timestep : 52553, score : -13815.5659824115, Time : 77.012 s
Timestep : 61312, score : -13590.69157294296, Time : 77.642 s
Timestep : 70071, score : -13565.64304469385, Time : 77.904 s
Timestep : 78830, score : -13704.129422376005, Time : 77.658 s
Timestep : 87589, score : -13897.453771978617, Time : 78.735 s
Timestep : 96348, score : -13740.497547742241, Time : 78.691 s
Timestep : 105107, score : -15095.861833605362, Time : 79.322 s
Timestep : 113866, score : -15161.485464684578, Time : 78.455 s
Timestep : 122625, score : -13623.578464543738, Time : 78.908 s
Timestep : 131384, score : -12563.61185934837, Time : 77.671 s
Timestep : 140143, score : -12293.383016161693, Time : 77.03 s
Timestep : 148902, score : -10498.969296441835, Time : 77.146 s
Timestep : 157661, score : -8936.195479390357, Time : 77.891 s
Timestep : 166420, score : -12512.749494162694, Time : 77.995 s
Timestep : 175179, score : -11997.987630543023, Time : 78.152 s
Timestep : 183938, score : -6490.492990264698, Time : 78.74 s
Timestep : 192697, score : -7943.914249122754, Time : 78.051 s
Timestep : 201456, score : -9591.254750926892, Time : 78.262 s
Timestep : 210215, score : -9897.787956967324, Time : 78.173 s
Timestep : 218974, score : -8342.381901668065, Time : 78.072 s
Timestep : 227733, score : -9165.460905216547, Time : 78.148 s
Timestep : 236492, score : -8705.182326456445, Time : 77.946 s
Timestep : 245251, score : -9032.91154089829, Time : 77.681 s
Timestep : 254010, score : -8913.406282123717, Time : 78.202 s
Timestep : 262769, score : -7721.8504498442635, Time : 78.603 s
Timestep : 271528, score : -8127.79635629135, Time : 77.764 s
Timestep : 280287, score : -7865.391870819221, Time : 77.998 s
Timestep : 289046, score : -7260.837273527897, Time : 79.26 s
Timestep : 297805, score : -7149.678768598853, Time : 79.681 s
Timestep : 306564, score : -7616.2757272016315, Time : 78.391 s
Timestep : 315323, score : -7807.350564113964, Time : 79.468 s
Timestep : 324082, score : -7471.669682570995, Time : 78.856 s
Timestep : 332841, score : -8178.297161691735, Time : 79.155 s
Timestep : 341600, score : -8683.450061055628, Time : 79.346 s
Timestep : 350359, score : -8802.851490578352, Time : 78.56 s
Timestep : 359118, score : -7616.682478348404, Time : 78.098 s
Timestep : 367877, score : -7700.151425243821, Time : 79.379 s
Timestep : 376636, score : -7372.804823631333, Time : 77.855 s
Timestep : 385395, score : -9481.618772108297, Time : 78.705 s
Timestep : 394154, score : -7961.362637392085, Time : 78.327 s
Timestep : 402913, score : -7545.655120919357, Time : 78.249 s
Timestep : 411672, score : -6126.860811263818, Time : 78.424 s
Timestep : 420431, score : -5177.066012679046, Time : 77.675 s
Timestep : 429190, score : -8302.18241945075, Time : 78.388 s
Timestep : 437949, score : -7213.095095619123, Time : 77.933 s
Starting local evaluation
Num Steps: 1000, Num episodes: 0
Num Steps: 2000, Num episodes: 0
Num Steps: 3000, Num episodes: 0
Num Steps: 4000, Num episodes: 0
Num Steps: 5000, Num episodes: 0
Num Steps: 6000, Num episodes: 0
Num Steps: 7000, Num episodes: 0
Num Steps: 8000, Num episodes: 0
Episode complete: 1 | Latest episode metrics: {'price_cost': 1.1099208093780961, 'emmision_cost': 1.1192983799225356}
[-0.3708366] -0.37083660351334713
Average Price Cost: 1.1099208093780961
Average Emmision Cost: 1.1192983799225356
Average of both costs: 1.1146095946503158
Total time taken by agent: 12.632165044546127s
DONE!
