{'agent': 'UADQN', 'action_selection': 'softmax', 'seed': 1, 'episodes': 50, 'data_path': 'data/citylearn_challenge_2022_phase_1', 'dry_run': False, 'n_discrete': 9, 'update_target': 8, 'lr': 0.1, 'batch_size': 16, 'adam_epsilon': 1e-09, 'epsilon_final': 0.02, 'run_id': 499}
{'Notes': 'This is a tuning run, executed on a single building.',
 'adam_epsilon': 1e-09,
 'aleatoric_factor': 0,
 'biased_aleatoric': False,
 'env': '<NormalizeObservation<OneHotHour<DiscreteSingle<CityLearnEnv '
        'instance>>>>',
 'epistemic_factor': 1,
 'gamma': 0.99,
 'learning_rate': 0.1,
 'minibatch_size': 16,
 'n_quantiles': 20,
 'network': 'MLP(\n'
            '  (layers): Sequential(\n'
            '    (0): Linear(in_features=29, out_features=128, bias=True)\n'
            '    (1): ReLU()\n'
            '    (2): Linear(in_features=128, out_features=128, bias=True)\n'
            '    (3): ReLU()\n'
            '    (4): Linear(in_features=128, out_features=180, bias=True)\n'
            '  )\n'
            ')',
 'noise_scale': 1,
 'replay_buffer_size': 10000,
 'replay_start_size': 16,
 'seed': 1,
 'train_steps': 438000,
 'update_frequency': 1,
 'update_target_frequency': 8,
 'weight_scale': 1.4142135623730951}
Timestep : 8758, score : -13942.653236451515, Time : 71.287 s
Timestep : 17517, score : -14930.700602408233, Time : 73.208 s
Timestep : 26276, score : -14572.20025233175, Time : 72.977 s
Timestep : 35035, score : -15078.892870480711, Time : 73.63 s
Timestep : 43794, score : -14968.94382141572, Time : 70.446 s
Timestep : 52553, score : -15551.48083525784, Time : 70.97 s
Timestep : 61312, score : -15164.12585546945, Time : 71.703 s
Timestep : 70071, score : -15051.176047430068, Time : 73.076 s
Timestep : 78830, score : -14897.61232204533, Time : 71.058 s
Timestep : 87589, score : -14395.5070259201, Time : 71.6 s
Timestep : 96348, score : -13877.320539872395, Time : 71.139 s
Timestep : 105107, score : -14047.232137721381, Time : 72.938 s
Timestep : 113866, score : -13659.572309917145, Time : 72.926 s
Timestep : 122625, score : -13614.508049328724, Time : 72.606 s
Timestep : 131384, score : -14327.146546156, Time : 72.37 s
Timestep : 140143, score : -13881.888803804788, Time : 72.514 s
Timestep : 148902, score : -14095.042072628115, Time : 72.247 s
Timestep : 157661, score : -14363.016676551546, Time : 72.352 s
Timestep : 166420, score : -14631.213604004777, Time : 71.948 s
Timestep : 175179, score : -14361.944858579081, Time : 72.376 s
Timestep : 183938, score : -13978.289503535256, Time : 72.285 s
Timestep : 192697, score : -13914.031028375757, Time : 72.244 s
Timestep : 201456, score : -14222.17161282248, Time : 72.269 s
Timestep : 210215, score : -14704.96002519301, Time : 71.975 s
Timestep : 218974, score : -15250.191515169878, Time : 72.22 s
Timestep : 227733, score : -15441.856314406454, Time : 72.087 s
Timestep : 236492, score : -15419.85337495269, Time : 72.463 s
Timestep : 245251, score : -15080.568695998081, Time : 71.865 s
Timestep : 254010, score : -15696.08291776653, Time : 71.37 s
Timestep : 262769, score : -15746.735396442891, Time : 70.699 s
Timestep : 271528, score : -15644.056787350739, Time : 70.867 s
Timestep : 280287, score : -15723.09920429148, Time : 70.545 s
Timestep : 289046, score : -15398.93423912616, Time : 70.773 s
Timestep : 297805, score : -15409.006170100372, Time : 71.215 s
Timestep : 306564, score : -15452.86720055982, Time : 70.109 s
Timestep : 315323, score : -15755.987401194812, Time : 70.22 s
Timestep : 324082, score : -15681.22083609621, Time : 70.856 s
Timestep : 332841, score : -15894.898618782128, Time : 73.128 s
Timestep : 341600, score : -15641.56257896476, Time : 73.62 s
Timestep : 350359, score : -15316.133276710287, Time : 71.764 s
Timestep : 359118, score : -15651.056560709229, Time : 71.277 s
Timestep : 367877, score : -15943.88679624298, Time : 71.0 s
Timestep : 376636, score : -15799.231260496614, Time : 71.811 s
Timestep : 385395, score : -15617.970749213593, Time : 71.874 s
Timestep : 394154, score : -16105.661500872578, Time : 71.969 s
Timestep : 402913, score : -15808.463851606342, Time : 74.041 s
Timestep : 411672, score : -16731.32721207694, Time : 73.232 s
Timestep : 420431, score : -16975.211097019215, Time : 72.956 s
Timestep : 429190, score : -16508.828648355673, Time : 71.826 s
Timestep : 437949, score : -16779.793918167386, Time : 74.526 s
Starting local evaluation
Num Steps: 1000, Num episodes: 0
Num Steps: 2000, Num episodes: 0
Num Steps: 3000, Num episodes: 0
Num Steps: 4000, Num episodes: 0
Num Steps: 5000, Num episodes: 0
Num Steps: 6000, Num episodes: 0
Num Steps: 7000, Num episodes: 0
Num Steps: 8000, Num episodes: 0
Episode complete: 1 | Latest episode metrics: {'price_cost': 1.6419469281760373, 'emmision_cost': 1.731907323725794}
[-1.07294784] -1.072947841611367
Average Price Cost: 1.6419469281760373
Average Emmision Cost: 1.731907323725794
Average of both costs: 1.6869271259509158
Total time taken by agent: 11.599643195047975s
DONE!
