{'agent': 'UADQN', 'action_selection': 'softmax', 'seed': 1, 'episodes': 50, 'data_path': 'data/citylearn_challenge_2022_phase_1', 'dry_run': False, 'n_discrete': 9, 'update_target': 16, 'lr': 0.007, 'batch_size': 4, 'adam_epsilon': 1e-05, 'epsilon_final': 0.02, 'run_id': 408}
{'Notes': 'This is a tuning run, executed on a single building.',
 'adam_epsilon': 1e-05,
 'aleatoric_factor': 0,
 'biased_aleatoric': False,
 'env': '<NormalizeObservation<OneHotHour<DiscreteSingle<CityLearnEnv '
        'instance>>>>',
 'epistemic_factor': 1,
 'gamma': 0.99,
 'learning_rate': 0.007,
 'minibatch_size': 4,
 'n_quantiles': 20,
 'network': 'MLP(\n'
            '  (layers): Sequential(\n'
            '    (0): Linear(in_features=29, out_features=128, bias=True)\n'
            '    (1): ReLU()\n'
            '    (2): Linear(in_features=128, out_features=128, bias=True)\n'
            '    (3): ReLU()\n'
            '    (4): Linear(in_features=128, out_features=180, bias=True)\n'
            '  )\n'
            ')',
 'noise_scale': 1,
 'replay_buffer_size': 10000,
 'replay_start_size': 4,
 'seed': 1,
 'train_steps': 438000,
 'update_frequency': 1,
 'update_target_frequency': 16,
 'weight_scale': 1.4142135623730951}
Timestep : 8758, score : -10940.095424866293, Time : 69.73 s
Timestep : 17517, score : -11813.58427096266, Time : 70.035 s
Timestep : 26276, score : -11588.984949879596, Time : 69.051 s
Timestep : 35035, score : -11335.32351110845, Time : 69.542 s
Timestep : 43794, score : -11510.586957241874, Time : 69.482 s
Timestep : 52553, score : -11021.656253927227, Time : 70.434 s
Timestep : 61312, score : -12083.75839074084, Time : 70.259 s
Timestep : 70071, score : -12041.081061608536, Time : 70.562 s
Timestep : 78830, score : -12134.67132549228, Time : 71.044 s
Timestep : 87589, score : -12274.22062707397, Time : 70.87 s
Timestep : 96348, score : -12145.984082844414, Time : 70.203 s
Timestep : 105107, score : -13055.358509358848, Time : 70.018 s
Timestep : 113866, score : -11960.864343595458, Time : 70.529 s
Timestep : 122625, score : -12509.34548216287, Time : 70.338 s
Timestep : 131384, score : -12458.88220226136, Time : 70.361 s
Timestep : 140143, score : -13067.111253258889, Time : 70.19 s
Timestep : 148902, score : -12532.450382068782, Time : 70.578 s
Timestep : 157661, score : -13109.279678049686, Time : 69.807 s
Timestep : 166420, score : -12637.185175047496, Time : 70.356 s
Timestep : 175179, score : -13271.00087684633, Time : 69.859 s
Timestep : 183938, score : -13129.602803818605, Time : 69.924 s
Timestep : 192697, score : -13066.407389606553, Time : 69.754 s
Timestep : 201456, score : -13142.533817002695, Time : 69.638 s
Timestep : 210215, score : -13051.072454231282, Time : 70.042 s
Timestep : 218974, score : -12182.684027874682, Time : 69.846 s
Timestep : 227733, score : -13676.978361418427, Time : 69.856 s
Timestep : 236492, score : -12640.87855100783, Time : 69.957 s
Timestep : 245251, score : -13056.767411000706, Time : 70.127 s
Timestep : 254010, score : -13041.749281809112, Time : 71.079 s
Timestep : 262769, score : -12414.07119128108, Time : 69.41 s
Timestep : 271528, score : -13683.823450795564, Time : 69.141 s
Timestep : 280287, score : -13147.338365744596, Time : 69.286 s
Timestep : 289046, score : -13577.236972690676, Time : 69.688 s
Timestep : 297805, score : -13187.409652703514, Time : 69.551 s
Timestep : 306564, score : -13142.370720500272, Time : 69.671 s
Timestep : 315323, score : -12873.144260023415, Time : 69.015 s
Timestep : 324082, score : -12819.392902335632, Time : 69.473 s
Timestep : 332841, score : -12264.830058159569, Time : 69.768 s
Timestep : 341600, score : -12410.77814290412, Time : 69.433 s
Timestep : 350359, score : -12700.314438589718, Time : 69.81 s
Timestep : 359118, score : -12068.520687550372, Time : 69.95 s
Timestep : 367877, score : -12152.56783599325, Time : 68.871 s
Timestep : 376636, score : -12509.867266809291, Time : 70.626 s
Timestep : 385395, score : -12528.18431717316, Time : 69.247 s
Timestep : 394154, score : -12726.182280132503, Time : 69.995 s
Timestep : 402913, score : -12259.063550307095, Time : 69.894 s
Timestep : 411672, score : -11521.389234462753, Time : 70.076 s
Timestep : 420431, score : -11328.920061320066, Time : 70.329 s
Timestep : 429190, score : -11611.59663577222, Time : 69.288 s
Timestep : 437949, score : -11775.172551572978, Time : 69.371 s
Starting local evaluation
Num Steps: 1000, Num episodes: 0
Num Steps: 2000, Num episodes: 0
Num Steps: 3000, Num episodes: 0
Num Steps: 4000, Num episodes: 0
Num Steps: 5000, Num episodes: 0
Num Steps: 6000, Num episodes: 0
Num Steps: 7000, Num episodes: 0
Num Steps: 8000, Num episodes: 0
Episode complete: 1 | Latest episode metrics: {'price_cost': 1.3551281830821416, 'emmision_cost': 1.4507374513951585}
[-0.72337343] -0.7233734327078665
Average Price Cost: 1.3551281830821416
Average Emmision Cost: 1.4507374513951585
Average of both costs: 1.40293281723865
Total time taken by agent: 11.171977492049336s
DONE!
