{'agent': 'UADQN', 'action_selection': 'softmax', 'seed': 1, 'episodes': 50, 'data_path': 'data/citylearn_challenge_2022_phase_1', 'dry_run': False, 'n_discrete': 9, 'update_target': 16, 'lr': 0.003, 'batch_size': 128, 'adam_epsilon': 1e-08, 'epsilon_final': 0.02, 'run_id': 473}
{'Notes': 'This is a tuning run, executed on a single building.',
 'adam_epsilon': 1e-08,
 'aleatoric_factor': 0,
 'biased_aleatoric': False,
 'env': '<NormalizeObservation<OneHotHour<DiscreteSingle<CityLearnEnv '
        'instance>>>>',
 'epistemic_factor': 1,
 'gamma': 0.99,
 'learning_rate': 0.003,
 'minibatch_size': 128,
 'n_quantiles': 20,
 'network': 'MLP(\n'
            '  (layers): Sequential(\n'
            '    (0): Linear(in_features=29, out_features=128, bias=True)\n'
            '    (1): ReLU()\n'
            '    (2): Linear(in_features=128, out_features=128, bias=True)\n'
            '    (3): ReLU()\n'
            '    (4): Linear(in_features=128, out_features=180, bias=True)\n'
            '  )\n'
            ')',
 'noise_scale': 1,
 'replay_buffer_size': 10000,
 'replay_start_size': 128,
 'seed': 1,
 'train_steps': 438000,
 'update_frequency': 1,
 'update_target_frequency': 16,
 'weight_scale': 1.4142135623730951}
Timestep : 8758, score : -7391.140887291476, Time : 74.262 s
Timestep : 17517, score : -7495.04998800726, Time : 74.572 s
Timestep : 26276, score : -4996.932461260425, Time : 72.914 s
Timestep : 35035, score : -3861.2349064163427, Time : 73.515 s
Timestep : 43794, score : -4207.957155492069, Time : 74.073 s
Timestep : 52553, score : -5209.921289803839, Time : 73.733 s
Timestep : 61312, score : -7060.089623733918, Time : 74.929 s
Timestep : 70071, score : -6940.350659164746, Time : 75.079 s
Timestep : 78830, score : -7186.5851709193375, Time : 73.638 s
Timestep : 87589, score : -7425.484405656025, Time : 74.684 s
Timestep : 96348, score : -6360.662111916579, Time : 77.56 s
Timestep : 105107, score : -6951.748838366082, Time : 77.224 s
Timestep : 113866, score : -5677.755715963969, Time : 75.016 s
Timestep : 122625, score : -4440.8747807945, Time : 75.119 s
Timestep : 131384, score : -4064.8912464121386, Time : 77.045 s
Timestep : 140143, score : -4752.677752196862, Time : 77.127 s
Timestep : 148902, score : -4396.566235776714, Time : 77.529 s
Timestep : 157661, score : -3910.410972277008, Time : 76.657 s
Timestep : 166420, score : -3679.3411358592857, Time : 77.153 s
Timestep : 175179, score : -3891.843125613799, Time : 76.904 s
Timestep : 183938, score : -3505.0568562408735, Time : 75.606 s
Timestep : 192697, score : -3058.0455269350496, Time : 75.874 s
Timestep : 201456, score : -2882.344077471207, Time : 75.299 s
Timestep : 210215, score : -2887.354904813881, Time : 74.93 s
Timestep : 218974, score : -2778.1959264416073, Time : 74.877 s
Timestep : 227733, score : -2532.4615599597746, Time : 75.166 s
Timestep : 236492, score : -2637.0980416605307, Time : 74.908 s
Timestep : 245251, score : -2471.267923867592, Time : 75.129 s
Timestep : 254010, score : -2748.2249948849494, Time : 75.054 s
Timestep : 262769, score : -2500.168999724352, Time : 74.985 s
Timestep : 271528, score : -2714.7983927870227, Time : 75.566 s
Timestep : 280287, score : -2996.2232222238963, Time : 75.293 s
Timestep : 289046, score : -3033.692141042353, Time : 75.49 s
Timestep : 297805, score : -3043.624050766608, Time : 75.037 s
Timestep : 306564, score : -2925.389133435863, Time : 75.5 s
Timestep : 315323, score : -3119.9085686805483, Time : 75.621 s
Timestep : 324082, score : -3192.7255040494783, Time : 76.95 s
Timestep : 332841, score : -3529.712253517733, Time : 77.675 s
Timestep : 341600, score : -3716.44475896105, Time : 77.694 s
Timestep : 350359, score : -3114.9354960359924, Time : 76.881 s
Timestep : 359118, score : -3228.394520268732, Time : 75.517 s
Timestep : 367877, score : -3383.7084737624537, Time : 75.964 s
Timestep : 376636, score : -3343.846888318105, Time : 76.126 s
Timestep : 385395, score : -3565.1317298818904, Time : 75.899 s
Timestep : 394154, score : -3712.4025877209933, Time : 76.074 s
Timestep : 402913, score : -3360.7460407126055, Time : 75.862 s
Timestep : 411672, score : -3121.3664177036408, Time : 75.929 s
Timestep : 420431, score : -3039.138294724078, Time : 75.822 s
Timestep : 429190, score : -3199.6727366617706, Time : 77.201 s
Timestep : 437949, score : -2856.7250780056056, Time : 77.285 s
Starting local evaluation
Num Steps: 1000, Num episodes: 0
Num Steps: 2000, Num episodes: 0
Num Steps: 3000, Num episodes: 0
Num Steps: 4000, Num episodes: 0
Num Steps: 5000, Num episodes: 0
Num Steps: 6000, Num episodes: 0
Num Steps: 7000, Num episodes: 0
Num Steps: 8000, Num episodes: 0
Episode complete: 1 | Latest episode metrics: {'price_cost': 0.8897394480891373, 'emmision_cost': 1.0161006299711457}
[-0.1688826] -0.16888259741371558
Average Price Cost: 0.8897394480891373
Average Emmision Cost: 1.0161006299711457
Average of both costs: 0.9529200390301416
Total time taken by agent: 11.367274135351181s
DONE!
