{'agent': 'UADQN', 'action_selection': 'softmax', 'seed': 1, 'episodes': 50, 'data_path': 'data/citylearn_challenge_2022_phase_1', 'dry_run': False, 'n_discrete': 9, 'update_target': 32, 'lr': 0.007, 'batch_size': 16, 'adam_epsilon': 1e-06, 'epsilon_final': 0.02, 'run_id': 472}
{'Notes': 'This is a tuning run, executed on a single building.',
 'adam_epsilon': 1e-06,
 'aleatoric_factor': 0,
 'biased_aleatoric': False,
 'env': '<NormalizeObservation<OneHotHour<DiscreteSingle<CityLearnEnv '
        'instance>>>>',
 'epistemic_factor': 1,
 'gamma': 0.99,
 'learning_rate': 0.007,
 'minibatch_size': 16,
 'n_quantiles': 20,
 'network': 'MLP(\n'
            '  (layers): Sequential(\n'
            '    (0): Linear(in_features=29, out_features=128, bias=True)\n'
            '    (1): ReLU()\n'
            '    (2): Linear(in_features=128, out_features=128, bias=True)\n'
            '    (3): ReLU()\n'
            '    (4): Linear(in_features=128, out_features=180, bias=True)\n'
            '  )\n'
            ')',
 'noise_scale': 1,
 'replay_buffer_size': 10000,
 'replay_start_size': 16,
 'seed': 1,
 'train_steps': 438000,
 'update_frequency': 1,
 'update_target_frequency': 32,
 'weight_scale': 1.4142135623730951}
Timestep : 8758, score : -11068.484669082944, Time : 69.484 s
Timestep : 17517, score : -12760.983861610759, Time : 70.015 s
Timestep : 26276, score : -13179.12943328009, Time : 69.905 s
Timestep : 35035, score : -13073.424718731432, Time : 70.416 s
Timestep : 43794, score : -12177.912897554415, Time : 70.564 s
Timestep : 52553, score : -13221.12896864349, Time : 70.618 s
Timestep : 61312, score : -13645.524663947057, Time : 70.721 s
Timestep : 70071, score : -13445.795233534212, Time : 70.881 s
Timestep : 78830, score : -13067.201553043458, Time : 70.198 s
Timestep : 87589, score : -12957.11139938372, Time : 70.198 s
Timestep : 96348, score : -11595.564310822054, Time : 70.526 s
Timestep : 105107, score : -11703.202923724195, Time : 70.747 s
Timestep : 113866, score : -13186.559153485417, Time : 70.873 s
Timestep : 122625, score : -12237.942508118693, Time : 71.264 s
Timestep : 131384, score : -11842.530817693754, Time : 71.389 s
Timestep : 140143, score : -12225.297227708303, Time : 70.693 s
Timestep : 148902, score : -11438.82018989211, Time : 68.861 s
Timestep : 157661, score : -11383.15128401907, Time : 68.652 s
Timestep : 166420, score : -10931.429826978041, Time : 69.215 s
Timestep : 175179, score : -10910.829471348523, Time : 70.006 s
Timestep : 183938, score : -10488.266731697338, Time : 69.816 s
Timestep : 192697, score : -9334.4226067673, Time : 70.192 s
Timestep : 201456, score : -8624.159385082385, Time : 69.638 s
Timestep : 210215, score : -8609.606699560143, Time : 70.172 s
Timestep : 218974, score : -7653.662757098122, Time : 69.832 s
Timestep : 227733, score : -6525.124069852784, Time : 69.365 s
Timestep : 236492, score : -6840.680244787509, Time : 69.565 s
Timestep : 245251, score : -7479.923901653179, Time : 70.31 s
Timestep : 254010, score : -6830.156567970669, Time : 69.446 s
Timestep : 262769, score : -6025.963927024888, Time : 69.34 s
Timestep : 271528, score : -6235.045149077108, Time : 70.114 s
Timestep : 280287, score : -8910.37063005248, Time : 69.372 s
Timestep : 289046, score : -6432.7342338546005, Time : 69.343 s
Timestep : 297805, score : -5904.120417129045, Time : 69.256 s
Timestep : 306564, score : -6992.201639201405, Time : 69.731 s
Timestep : 315323, score : -6881.359183477616, Time : 71.091 s
Timestep : 324082, score : -6832.601620481844, Time : 69.721 s
Timestep : 332841, score : -5653.067504791456, Time : 69.854 s
Timestep : 341600, score : -6438.009849774331, Time : 69.832 s
Timestep : 350359, score : -7116.1953556269, Time : 69.2 s
Timestep : 359118, score : -6407.605714207428, Time : 69.803 s
Timestep : 367877, score : -5291.580134797798, Time : 69.37 s
Timestep : 376636, score : -4819.8920711221, Time : 70.323 s
Timestep : 385395, score : -11166.180988503576, Time : 69.15 s
Timestep : 394154, score : -11845.389472385592, Time : 68.779 s
Timestep : 402913, score : -9456.606163228003, Time : 70.226 s
Timestep : 411672, score : -6098.704339113232, Time : 69.724 s
Timestep : 420431, score : -6219.0652597475855, Time : 69.433 s
Timestep : 429190, score : -5710.854471800296, Time : 70.248 s
Timestep : 437949, score : -5555.337396265502, Time : 69.319 s
Starting local evaluation
Num Steps: 1000, Num episodes: 0
Num Steps: 2000, Num episodes: 0
Num Steps: 3000, Num episodes: 0
Num Steps: 4000, Num episodes: 0
Num Steps: 5000, Num episodes: 0
Num Steps: 6000, Num episodes: 0
Num Steps: 7000, Num episodes: 0
Num Steps: 8000, Num episodes: 0
Episode complete: 1 | Latest episode metrics: {'price_cost': 1.0274708440009845, 'emmision_cost': 1.0303811647870702}
[-0.26557716] -0.2655771569202983
Average Price Cost: 1.0274708440009845
Average Emmision Cost: 1.0303811647870702
Average of both costs: 1.0289260043940274
Total time taken by agent: 11.190019190311432s
DONE!
